diff --git a/ql/src/java/org/apache/hadoop/hive/ql/io/HiveInputFormat.java b/ql/src/java/org/apache/hadoop/hive/ql/io/HiveInputFormat.java
index 073a3cbd80..3a448cfdd7 100755
--- a/ql/src/java/org/apache/hadoop/hive/ql/io/HiveInputFormat.java
+++ b/ql/src/java/org/apache/hadoop/hive/ql/io/HiveInputFormat.java
@@ -316,7 +316,7 @@ public static InputFormat<WritableComparable, Writable> wrapForLlap(
     return inputFormat;
   }
 
-  private static boolean checkInputFormatForLlapEncode(Configuration conf, String ifName) {
+  public static boolean checkInputFormatForLlapEncode(Configuration conf, String ifName) {
     String formatList = HiveConf.getVar(conf, ConfVars.LLAP_IO_ENCODE_FORMATS);
     if (LOG.isDebugEnabled()) {
       LOG.debug("Checking " + ifName + " against " + formatList);
diff --git a/ql/src/java/org/apache/hadoop/hive/ql/plan/MapWork.java b/ql/src/java/org/apache/hadoop/hive/ql/plan/MapWork.java
index 2ae6727958..dfb5d586e0 100644
--- a/ql/src/java/org/apache/hadoop/hive/ql/plan/MapWork.java
+++ b/ql/src/java/org/apache/hadoop/hive/ql/plan/MapWork.java
@@ -53,6 +53,7 @@
 import org.apache.hadoop.hive.ql.parse.SplitSample;
 import org.apache.hadoop.hive.ql.plan.Explain.Level;
 import org.apache.hadoop.hive.ql.plan.Explain.Vectorization;
+import org.apache.hadoop.mapred.InputFormat;
 import org.apache.hadoop.mapred.JobConf;
 
 import com.google.common.annotations.VisibleForTesting;
@@ -299,8 +300,9 @@ public void deriveLlap(Configuration conf, boolean isExecDriver) {
     boolean hasPathToPartInfo = (pathToPartitionInfo != null && !pathToPartitionInfo.isEmpty());
     if (hasPathToPartInfo) {
       for (PartitionDesc part : pathToPartitionInfo.values()) {
-        boolean isUsingLlapIo = canWrapAny && HiveInputFormat.canWrapForLlap(
-            part.getInputFileFormatClass(), doCheckIfs);
+        Class<? extends InputFormat> inputFormatClass = part.getInputFileFormatClass();
+        boolean isUsingLlapIo = canWrapAny && (HiveInputFormat.canWrapForLlap(inputFormatClass, doCheckIfs)
+                || HiveInputFormat.checkInputFormatForLlapEncode(conf, inputFormatClass.getCanonicalName()));
         if (isUsingLlapIo) {
           if (part.getTableDesc() != null &&
               AcidUtils.isTablePropertyTransactional(part.getTableDesc().getProperties())) {
@@ -308,7 +310,7 @@ public void deriveLlap(Configuration conf, boolean isExecDriver) {
           } else {
             hasLlap = true;
           }
-        } else if (isLlapOn && HiveInputFormat.canInjectCaches(part.getInputFileFormatClass())) {
+        } else if (isLlapOn && HiveInputFormat.canInjectCaches(inputFormatClass)) {
           hasCacheOnly = true;
         } else {
           hasNonLlap = true;
diff --git a/ql/src/test/org/apache/hadoop/hive/ql/plan/TestMapWork.java b/ql/src/test/org/apache/hadoop/hive/ql/plan/TestMapWork.java
index 3e0d834175..7a0bd7177d 100644
--- a/ql/src/test/org/apache/hadoop/hive/ql/plan/TestMapWork.java
+++ b/ql/src/test/org/apache/hadoop/hive/ql/plan/TestMapWork.java
@@ -18,12 +18,16 @@
 package org.apache.hadoop.hive.ql.plan;
 
 import static org.junit.Assert.assertEquals;
+import static org.junit.Assert.assertTrue;
 
 import java.util.LinkedHashMap;
 import java.util.List;
 import java.util.Map;
 
+import org.apache.hadoop.conf.Configuration;
 import org.apache.hadoop.fs.Path;
+import org.apache.hadoop.hive.conf.HiveConf;
+
 import org.junit.Test;
 
 import com.google.common.collect.Lists;
@@ -49,4 +53,20 @@ public void testPath() {
     assertEquals(p1, p2);
   }
 
+  @Test
+  public void testDeriveLlapSetsCacheAffinityForTextInputFormat() {
+    MapWork mapWork = new MapWork();
+    PartitionDesc partitionDesc = new PartitionDesc();
+    partitionDesc.setInputFileFormatClass(org.apache.hadoop.mapred.TextInputFormat.class);
+    mapWork.addPathToPartitionInfo(new Path("/tmp"), partitionDesc);
+    Configuration conf = new Configuration(false);
+    HiveConf.setVar(conf, HiveConf.ConfVars.LLAP_IO_ENABLED, "true");
+    HiveConf.setBoolVar(conf, HiveConf.ConfVars.LLAP_IO_NONVECTOR_WRAPPER_ENABLED, true);
+
+    mapWork.deriveLlap(conf, false);
+
+    assertTrue("Cache affinity should be set for TextInputFormat, as LLAP serde cache would use it",
+        mapWork.getCacheAffinity());
+  }
+
 }
diff --git a/ql/src/test/results/clientpositive/llap/annotate_stats_groupby.q.out b/ql/src/test/results/clientpositive/llap/annotate_stats_groupby.q.out
index 73e43bee85..00c1073da2 100644
--- a/ql/src/test/results/clientpositive/llap/annotate_stats_groupby.q.out
+++ b/ql/src/test/results/clientpositive/llap/annotate_stats_groupby.q.out
@@ -1703,7 +1703,7 @@ STAGE PLANS:
                             Statistics: Num rows: 1 Data size: 12 Basic stats: COMPLETE Column stats: COMPLETE
                             value expressions: _col0 (type: int), _col1 (type: int), _col2 (type: binary)
             Execution mode: vectorized, llap
-            LLAP IO: no inputs
+            LLAP IO: all inputs
         Map 5 
             Map Operator Tree:
                 TableScan
@@ -1724,7 +1724,7 @@ STAGE PLANS:
                         Map-reduce partition columns: _col0 (type: int)
                         Statistics: Num rows: 100000000 Data size: 400000000 Basic stats: COMPLETE Column stats: COMPLETE
             Execution mode: vectorized, llap
-            LLAP IO: no inputs
+            LLAP IO: all inputs
         Reducer 2 
             Execution mode: llap
             Reduce Operator Tree:
diff --git a/ql/src/test/results/clientpositive/llap/annotate_stats_groupby2.q.out b/ql/src/test/results/clientpositive/llap/annotate_stats_groupby2.q.out
index 3f009fee8e..66f8728087 100644
--- a/ql/src/test/results/clientpositive/llap/annotate_stats_groupby2.q.out
+++ b/ql/src/test/results/clientpositive/llap/annotate_stats_groupby2.q.out
@@ -78,7 +78,7 @@ STAGE PLANS:
                         Map-reduce partition columns: _col0 (type: string), _col1 (type: string)
                         Statistics: Num rows: 20 Data size: 200 Basic stats: COMPLETE Column stats: NONE
             Execution mode: vectorized, llap
-            LLAP IO: no inputs
+            LLAP IO: all inputs
         Reducer 2 
             Execution mode: vectorized, llap
             Reduce Operator Tree:
@@ -143,7 +143,7 @@ STAGE PLANS:
                         Map-reduce partition columns: _col0 (type: string), _col1 (type: string), _col2 (type: bigint)
                         Statistics: Num rows: 80 Data size: 800 Basic stats: COMPLETE Column stats: NONE
             Execution mode: vectorized, llap
-            LLAP IO: no inputs
+            LLAP IO: all inputs
         Reducer 2 
             Execution mode: vectorized, llap
             Reduce Operator Tree:
@@ -209,7 +209,7 @@ STAGE PLANS:
                         Map-reduce partition columns: _col0 (type: string), _col1 (type: string)
                         Statistics: Num rows: 10 Data size: 1730 Basic stats: COMPLETE Column stats: COMPLETE
             Execution mode: vectorized, llap
-            LLAP IO: no inputs
+            LLAP IO: all inputs
         Reducer 2 
             Execution mode: vectorized, llap
             Reduce Operator Tree:
@@ -274,7 +274,7 @@ STAGE PLANS:
                         Map-reduce partition columns: _col0 (type: string), _col1 (type: bigint)
                         Statistics: Num rows: 10 Data size: 940 Basic stats: COMPLETE Column stats: PARTIAL
             Execution mode: vectorized, llap
-            LLAP IO: no inputs
+            LLAP IO: all inputs
         Reducer 2 
             Execution mode: vectorized, llap
             Reduce Operator Tree:
@@ -339,7 +339,7 @@ STAGE PLANS:
                         Map-reduce partition columns: _col0 (type: string), _col1 (type: string), _col2 (type: bigint)
                         Statistics: Num rows: 40 Data size: 7240 Basic stats: COMPLETE Column stats: COMPLETE
             Execution mode: vectorized, llap
-            LLAP IO: no inputs
+            LLAP IO: all inputs
         Reducer 2 
             Execution mode: vectorized, llap
             Reduce Operator Tree:
@@ -405,7 +405,7 @@ STAGE PLANS:
                         Map-reduce partition columns: _col0 (type: string), _col1 (type: string)
                         Statistics: Num rows: 20 Data size: 3460 Basic stats: COMPLETE Column stats: COMPLETE
             Execution mode: vectorized, llap
-            LLAP IO: no inputs
+            LLAP IO: all inputs
         Reducer 2 
             Execution mode: vectorized, llap
             Reduce Operator Tree:
@@ -470,7 +470,7 @@ STAGE PLANS:
                         Map-reduce partition columns: _col0 (type: string), _col1 (type: string), _col2 (type: bigint)
                         Statistics: Num rows: 80 Data size: 14480 Basic stats: COMPLETE Column stats: COMPLETE
             Execution mode: vectorized, llap
-            LLAP IO: no inputs
+            LLAP IO: all inputs
         Reducer 2 
             Execution mode: vectorized, llap
             Reduce Operator Tree:
diff --git a/ql/src/test/results/clientpositive/llap/annotate_stats_join.q.out b/ql/src/test/results/clientpositive/llap/annotate_stats_join.q.out
index 750c7465fd..cc648bd01d 100644
--- a/ql/src/test/results/clientpositive/llap/annotate_stats_join.q.out
+++ b/ql/src/test/results/clientpositive/llap/annotate_stats_join.q.out
@@ -167,7 +167,7 @@ STAGE PLANS:
                         Statistics: Num rows: 48 Data size: 4752 Basic stats: COMPLETE Column stats: COMPLETE
                         value expressions: _col0 (type: string), _col2 (type: int)
             Execution mode: vectorized, llap
-            LLAP IO: no inputs
+            LLAP IO: all inputs
         Map 3 
             Map Operator Tree:
                 TableScan
@@ -189,7 +189,7 @@ STAGE PLANS:
                         Statistics: Num rows: 6 Data size: 570 Basic stats: COMPLETE Column stats: COMPLETE
                         value expressions: _col1 (type: string)
             Execution mode: vectorized, llap
-            LLAP IO: no inputs
+            LLAP IO: all inputs
         Reducer 2 
             Execution mode: llap
             Reduce Operator Tree:
@@ -258,7 +258,7 @@ STAGE PLANS:
                         Statistics: Num rows: 48 Data size: 4752 Basic stats: COMPLETE Column stats: COMPLETE
                         value expressions: _col2 (type: int)
             Execution mode: vectorized, llap
-            LLAP IO: no inputs
+            LLAP IO: all inputs
         Map 3 
             Map Operator Tree:
                 TableScan
@@ -279,7 +279,7 @@ STAGE PLANS:
                         Map-reduce partition columns: _col1 (type: string), _col0 (type: int)
                         Statistics: Num rows: 6 Data size: 570 Basic stats: COMPLETE Column stats: COMPLETE
             Execution mode: vectorized, llap
-            LLAP IO: no inputs
+            LLAP IO: all inputs
         Reducer 2 
             Execution mode: llap
             Reduce Operator Tree:
@@ -348,7 +348,7 @@ STAGE PLANS:
                         Statistics: Num rows: 48 Data size: 4752 Basic stats: COMPLETE Column stats: COMPLETE
                         value expressions: _col2 (type: int)
             Execution mode: vectorized, llap
-            LLAP IO: no inputs
+            LLAP IO: all inputs
         Map 3 
             Map Operator Tree:
                 TableScan
@@ -369,7 +369,7 @@ STAGE PLANS:
                         Map-reduce partition columns: _col1 (type: string), _col0 (type: int)
                         Statistics: Num rows: 6 Data size: 570 Basic stats: COMPLETE Column stats: COMPLETE
             Execution mode: vectorized, llap
-            LLAP IO: no inputs
+            LLAP IO: all inputs
         Reducer 2 
             Execution mode: llap
             Reduce Operator Tree:
@@ -438,7 +438,7 @@ STAGE PLANS:
                         Statistics: Num rows: 48 Data size: 4752 Basic stats: COMPLETE Column stats: COMPLETE
                         value expressions: _col2 (type: int)
             Execution mode: vectorized, llap
-            LLAP IO: no inputs
+            LLAP IO: all inputs
         Map 3 
             Map Operator Tree:
                 TableScan
@@ -459,7 +459,7 @@ STAGE PLANS:
                         Map-reduce partition columns: _col1 (type: string), _col0 (type: int)
                         Statistics: Num rows: 6 Data size: 570 Basic stats: COMPLETE Column stats: COMPLETE
             Execution mode: vectorized, llap
-            LLAP IO: no inputs
+            LLAP IO: all inputs
         Reducer 2 
             Execution mode: llap
             Reduce Operator Tree:
@@ -536,7 +536,7 @@ STAGE PLANS:
                         Statistics: Num rows: 48 Data size: 4752 Basic stats: COMPLETE Column stats: COMPLETE
                         value expressions: _col0 (type: string), _col2 (type: int)
             Execution mode: vectorized, llap
-            LLAP IO: no inputs
+            LLAP IO: all inputs
         Map 4 
             Map Operator Tree:
                 TableScan
@@ -558,7 +558,7 @@ STAGE PLANS:
                         Statistics: Num rows: 6 Data size: 570 Basic stats: COMPLETE Column stats: COMPLETE
                         value expressions: _col1 (type: string)
             Execution mode: vectorized, llap
-            LLAP IO: no inputs
+            LLAP IO: all inputs
         Reducer 2 
             Execution mode: llap
             Reduce Operator Tree:
@@ -648,7 +648,7 @@ STAGE PLANS:
                         Statistics: Num rows: 48 Data size: 4752 Basic stats: COMPLETE Column stats: COMPLETE
                         value expressions: _col0 (type: string), _col2 (type: int)
             Execution mode: vectorized, llap
-            LLAP IO: no inputs
+            LLAP IO: all inputs
         Map 4 
             Map Operator Tree:
                 TableScan
@@ -670,7 +670,7 @@ STAGE PLANS:
                         Statistics: Num rows: 6 Data size: 570 Basic stats: COMPLETE Column stats: COMPLETE
                         value expressions: _col1 (type: string)
             Execution mode: vectorized, llap
-            LLAP IO: no inputs
+            LLAP IO: all inputs
         Map 5 
             Map Operator Tree:
                 TableScan
@@ -692,7 +692,7 @@ STAGE PLANS:
                         Statistics: Num rows: 8 Data size: 816 Basic stats: COMPLETE Column stats: COMPLETE
                         value expressions: _col0 (type: string), _col2 (type: bigint), _col3 (type: int)
             Execution mode: vectorized, llap
-            LLAP IO: no inputs
+            LLAP IO: all inputs
         Reducer 2 
             Execution mode: llap
             Reduce Operator Tree:
@@ -782,7 +782,7 @@ STAGE PLANS:
                         Statistics: Num rows: 48 Data size: 4752 Basic stats: COMPLETE Column stats: COMPLETE
                         value expressions: _col2 (type: int)
             Execution mode: vectorized, llap
-            LLAP IO: no inputs
+            LLAP IO: all inputs
         Map 4 
             Map Operator Tree:
                 TableScan
@@ -803,7 +803,7 @@ STAGE PLANS:
                         Map-reduce partition columns: _col1 (type: string), _col0 (type: int)
                         Statistics: Num rows: 6 Data size: 570 Basic stats: COMPLETE Column stats: COMPLETE
             Execution mode: vectorized, llap
-            LLAP IO: no inputs
+            LLAP IO: all inputs
         Map 5 
             Map Operator Tree:
                 TableScan
@@ -825,7 +825,7 @@ STAGE PLANS:
                         Statistics: Num rows: 8 Data size: 816 Basic stats: COMPLETE Column stats: COMPLETE
                         value expressions: _col2 (type: bigint), _col3 (type: int)
             Execution mode: vectorized, llap
-            LLAP IO: no inputs
+            LLAP IO: all inputs
         Reducer 2 
             Execution mode: llap
             Reduce Operator Tree:
@@ -908,7 +908,7 @@ STAGE PLANS:
                       Statistics: Num rows: 48 Data size: 4752 Basic stats: COMPLETE Column stats: COMPLETE
                       value expressions: _col2 (type: int)
             Execution mode: vectorized, llap
-            LLAP IO: no inputs
+            LLAP IO: all inputs
         Map 3 
             Map Operator Tree:
                 TableScan
@@ -929,7 +929,7 @@ STAGE PLANS:
                         Map-reduce partition columns: _col1 (type: string), _col0 (type: int)
                         Statistics: Num rows: 6 Data size: 570 Basic stats: COMPLETE Column stats: COMPLETE
             Execution mode: vectorized, llap
-            LLAP IO: no inputs
+            LLAP IO: all inputs
         Reducer 2 
             Execution mode: llap
             Reduce Operator Tree:
@@ -998,7 +998,7 @@ STAGE PLANS:
                         Statistics: Num rows: 48 Data size: 4752 Basic stats: COMPLETE Column stats: COMPLETE
                         value expressions: _col2 (type: int)
             Execution mode: vectorized, llap
-            LLAP IO: no inputs
+            LLAP IO: all inputs
         Map 3 
             Map Operator Tree:
                 TableScan
@@ -1025,7 +1025,7 @@ STAGE PLANS:
                           Map-reduce partition columns: _col0 (type: string), _col1 (type: int)
                           Statistics: Num rows: 3 Data size: 285 Basic stats: COMPLETE Column stats: COMPLETE
             Execution mode: vectorized, llap
-            LLAP IO: no inputs
+            LLAP IO: all inputs
         Reducer 2 
             Execution mode: llap
             Reduce Operator Tree:
@@ -1094,7 +1094,7 @@ STAGE PLANS:
                         Statistics: Num rows: 48 Data size: 4752 Basic stats: COMPLETE Column stats: COMPLETE
                         value expressions: _col2 (type: int)
             Execution mode: vectorized, llap
-            LLAP IO: no inputs
+            LLAP IO: all inputs
         Map 3 
             Map Operator Tree:
                 TableScan
@@ -1111,7 +1111,7 @@ STAGE PLANS:
                       Map-reduce partition columns: _col1 (type: string), _col0 (type: int)
                       Statistics: Num rows: 6 Data size: 570 Basic stats: COMPLETE Column stats: COMPLETE
             Execution mode: vectorized, llap
-            LLAP IO: no inputs
+            LLAP IO: all inputs
         Reducer 2 
             Execution mode: llap
             Reduce Operator Tree:
@@ -1176,7 +1176,7 @@ STAGE PLANS:
                       Statistics: Num rows: 48 Data size: 4752 Basic stats: COMPLETE Column stats: COMPLETE
                       value expressions: _col2 (type: int)
             Execution mode: vectorized, llap
-            LLAP IO: no inputs
+            LLAP IO: all inputs
         Map 3 
             Map Operator Tree:
                 TableScan
@@ -1193,7 +1193,7 @@ STAGE PLANS:
                       Map-reduce partition columns: _col1 (type: string), _col0 (type: int)
                       Statistics: Num rows: 6 Data size: 570 Basic stats: COMPLETE Column stats: COMPLETE
             Execution mode: vectorized, llap
-            LLAP IO: no inputs
+            LLAP IO: all inputs
         Reducer 2 
             Execution mode: llap
             Reduce Operator Tree:
diff --git a/ql/src/test/results/clientpositive/llap/annotate_stats_join_pkfk.q.out b/ql/src/test/results/clientpositive/llap/annotate_stats_join_pkfk.q.out
index 0737da78b2..e52f7679b9 100644
--- a/ql/src/test/results/clientpositive/llap/annotate_stats_join_pkfk.q.out
+++ b/ql/src/test/results/clientpositive/llap/annotate_stats_join_pkfk.q.out
@@ -400,7 +400,7 @@ STAGE PLANS:
                         Map-reduce partition columns: _col0 (type: int)
                         Statistics: Num rows: 12 Data size: 48 Basic stats: COMPLETE Column stats: COMPLETE
             Execution mode: vectorized, llap
-            LLAP IO: no inputs
+            LLAP IO: all inputs
         Map 3 
             Map Operator Tree:
                 TableScan
@@ -421,7 +421,7 @@ STAGE PLANS:
                         Map-reduce partition columns: _col0 (type: int)
                         Statistics: Num rows: 964 Data size: 3720 Basic stats: COMPLETE Column stats: COMPLETE
             Execution mode: vectorized, llap
-            LLAP IO: no inputs
+            LLAP IO: all inputs
         Reducer 2 
             Execution mode: llap
             Reduce Operator Tree:
@@ -489,7 +489,7 @@ STAGE PLANS:
                         Map-reduce partition columns: _col0 (type: bigint)
                         Statistics: Num rows: 12 Data size: 96 Basic stats: COMPLETE Column stats: COMPLETE
             Execution mode: vectorized, llap
-            LLAP IO: no inputs
+            LLAP IO: all inputs
         Map 3 
             Map Operator Tree:
                 TableScan
@@ -510,7 +510,7 @@ STAGE PLANS:
                         Map-reduce partition columns: _col0 (type: bigint)
                         Statistics: Num rows: 964 Data size: 7440 Basic stats: COMPLETE Column stats: COMPLETE
             Execution mode: vectorized, llap
-            LLAP IO: no inputs
+            LLAP IO: all inputs
         Reducer 2 
             Execution mode: llap
             Reduce Operator Tree:
@@ -578,7 +578,7 @@ STAGE PLANS:
                         Map-reduce partition columns: _col0 (type: int)
                         Statistics: Num rows: 12 Data size: 48 Basic stats: COMPLETE Column stats: COMPLETE
             Execution mode: vectorized, llap
-            LLAP IO: no inputs
+            LLAP IO: all inputs
         Map 3 
             Map Operator Tree:
                 TableScan
@@ -599,7 +599,7 @@ STAGE PLANS:
                         Map-reduce partition columns: _col0 (type: int)
                         Statistics: Num rows: 1000 Data size: 3860 Basic stats: COMPLETE Column stats: COMPLETE
             Execution mode: vectorized, llap
-            LLAP IO: no inputs
+            LLAP IO: all inputs
         Reducer 2 
             Execution mode: llap
             Reduce Operator Tree:
@@ -667,7 +667,7 @@ STAGE PLANS:
                         Map-reduce partition columns: _col0 (type: int)
                         Statistics: Num rows: 1 Data size: 4 Basic stats: COMPLETE Column stats: PARTIAL
             Execution mode: vectorized, llap
-            LLAP IO: no inputs
+            LLAP IO: all inputs
         Map 3 
             Map Operator Tree:
                 TableScan
@@ -688,7 +688,7 @@ STAGE PLANS:
                         Map-reduce partition columns: _col0 (type: int)
                         Statistics: Num rows: 876 Data size: 3380 Basic stats: COMPLETE Column stats: COMPLETE
             Execution mode: vectorized, llap
-            LLAP IO: no inputs
+            LLAP IO: all inputs
         Reducer 2 
             Execution mode: llap
             Reduce Operator Tree:
@@ -756,7 +756,7 @@ STAGE PLANS:
                         Map-reduce partition columns: _col0 (type: int)
                         Statistics: Num rows: 12 Data size: 48 Basic stats: COMPLETE Column stats: COMPLETE
             Execution mode: vectorized, llap
-            LLAP IO: no inputs
+            LLAP IO: all inputs
         Map 3 
             Map Operator Tree:
                 TableScan
@@ -777,7 +777,7 @@ STAGE PLANS:
                         Map-reduce partition columns: _col0 (type: int)
                         Statistics: Num rows: 964 Data size: 3720 Basic stats: COMPLETE Column stats: COMPLETE
             Execution mode: vectorized, llap
-            LLAP IO: no inputs
+            LLAP IO: all inputs
         Reducer 2 
             Execution mode: llap
             Reduce Operator Tree:
@@ -845,7 +845,7 @@ STAGE PLANS:
                         Map-reduce partition columns: _col0 (type: int)
                         Statistics: Num rows: 12 Data size: 48 Basic stats: COMPLETE Column stats: COMPLETE
             Execution mode: vectorized, llap
-            LLAP IO: no inputs
+            LLAP IO: all inputs
         Map 3 
             Map Operator Tree:
                 TableScan
@@ -866,7 +866,7 @@ STAGE PLANS:
                         Map-reduce partition columns: _col0 (type: int)
                         Statistics: Num rows: 876 Data size: 3380 Basic stats: COMPLETE Column stats: COMPLETE
             Execution mode: vectorized, llap
-            LLAP IO: no inputs
+            LLAP IO: all inputs
         Reducer 2 
             Execution mode: llap
             Reduce Operator Tree:
@@ -935,7 +935,7 @@ STAGE PLANS:
                         Map-reduce partition columns: _col0 (type: int)
                         Statistics: Num rows: 964 Data size: 3720 Basic stats: COMPLETE Column stats: COMPLETE
             Execution mode: vectorized, llap
-            LLAP IO: no inputs
+            LLAP IO: all inputs
         Map 4 
             Map Operator Tree:
                 TableScan
@@ -962,7 +962,7 @@ STAGE PLANS:
                         Map-reduce partition columns: _col0 (type: int)
                         Statistics: Num rows: 12 Data size: 48 Basic stats: COMPLETE Column stats: COMPLETE
             Execution mode: vectorized, llap
-            LLAP IO: no inputs
+            LLAP IO: all inputs
         Reducer 2 
             Execution mode: llap
             Reduce Operator Tree:
@@ -1053,7 +1053,7 @@ STAGE PLANS:
                         Map-reduce partition columns: _col0 (type: int)
                         Statistics: Num rows: 1 Data size: 4 Basic stats: COMPLETE Column stats: COMPLETE
             Execution mode: vectorized, llap
-            LLAP IO: no inputs
+            LLAP IO: all inputs
         Map 4 
             Map Operator Tree:
                 TableScan
@@ -1080,7 +1080,7 @@ STAGE PLANS:
                         Map-reduce partition columns: _col0 (type: int)
                         Statistics: Num rows: 1 Data size: 4 Basic stats: COMPLETE Column stats: COMPLETE
             Execution mode: vectorized, llap
-            LLAP IO: no inputs
+            LLAP IO: all inputs
         Reducer 2 
             Execution mode: llap
             Reduce Operator Tree:
@@ -1171,7 +1171,7 @@ STAGE PLANS:
                         Map-reduce partition columns: _col0 (type: int)
                         Statistics: Num rows: 964 Data size: 3720 Basic stats: COMPLETE Column stats: COMPLETE
             Execution mode: vectorized, llap
-            LLAP IO: no inputs
+            LLAP IO: all inputs
         Map 4 
             Map Operator Tree:
                 TableScan
@@ -1205,7 +1205,7 @@ STAGE PLANS:
                         Map-reduce partition columns: _col0 (type: int)
                         Statistics: Num rows: 12 Data size: 48 Basic stats: COMPLETE Column stats: COMPLETE
             Execution mode: vectorized, llap
-            LLAP IO: no inputs
+            LLAP IO: all inputs
         Reducer 2 
             Execution mode: llap
             Reduce Operator Tree:
@@ -1296,7 +1296,7 @@ STAGE PLANS:
                         Map-reduce partition columns: _col0 (type: int)
                         Statistics: Num rows: 876 Data size: 3380 Basic stats: COMPLETE Column stats: COMPLETE
             Execution mode: vectorized, llap
-            LLAP IO: no inputs
+            LLAP IO: all inputs
         Map 4 
             Map Operator Tree:
                 TableScan
@@ -1323,7 +1323,7 @@ STAGE PLANS:
                         Map-reduce partition columns: _col0 (type: int)
                         Statistics: Num rows: 12 Data size: 48 Basic stats: COMPLETE Column stats: COMPLETE
             Execution mode: vectorized, llap
-            LLAP IO: no inputs
+            LLAP IO: all inputs
         Reducer 2 
             Execution mode: llap
             Reduce Operator Tree:
@@ -1417,7 +1417,7 @@ STAGE PLANS:
                         Statistics: Num rows: 916 Data size: 7020 Basic stats: COMPLETE Column stats: COMPLETE
                         value expressions: _col0 (type: int)
             Execution mode: vectorized, llap
-            LLAP IO: no inputs
+            LLAP IO: all inputs
         Map 4 
             Map Operator Tree:
                 TableScan
@@ -1438,7 +1438,7 @@ STAGE PLANS:
                         Map-reduce partition columns: _col0 (type: int)
                         Statistics: Num rows: 12 Data size: 48 Basic stats: COMPLETE Column stats: COMPLETE
             Execution mode: vectorized, llap
-            LLAP IO: no inputs
+            LLAP IO: all inputs
         Map 5 
             Map Operator Tree:
                 TableScan
@@ -1459,7 +1459,7 @@ STAGE PLANS:
                         Map-reduce partition columns: _col0 (type: int)
                         Statistics: Num rows: 20 Data size: 80 Basic stats: COMPLETE Column stats: COMPLETE
             Execution mode: vectorized, llap
-            LLAP IO: no inputs
+            LLAP IO: all inputs
         Reducer 2 
             Execution mode: llap
             Reduce Operator Tree:
diff --git a/ql/src/test/results/clientpositive/llap/annotate_stats_union.q.out b/ql/src/test/results/clientpositive/llap/annotate_stats_union.q.out
index fcbf0db8c5..6c7d010178 100644
--- a/ql/src/test/results/clientpositive/llap/annotate_stats_union.q.out
+++ b/ql/src/test/results/clientpositive/llap/annotate_stats_union.q.out
@@ -442,7 +442,7 @@ STAGE PLANS:
                           output format: org.apache.hadoop.hive.ql.io.HiveSequenceFileOutputFormat
                           serde: org.apache.hadoop.hive.serde2.lazy.LazySimpleSerDe
             Execution mode: vectorized, llap
-            LLAP IO: no inputs
+            LLAP IO: all inputs
         Map 3 
             Map Operator Tree:
                 TableScan
diff --git a/ql/src/test/results/clientpositive/llap/autoColumnStats_11.q.out b/ql/src/test/results/clientpositive/llap/autoColumnStats_11.q.out
index a5b2ad97ff..d447a675b1 100644
--- a/ql/src/test/results/clientpositive/llap/autoColumnStats_11.q.out
+++ b/ql/src/test/results/clientpositive/llap/autoColumnStats_11.q.out
@@ -304,7 +304,7 @@ STAGE PLANS:
                         Statistics: Num rows: 1 Data size: 592 Basic stats: COMPLETE Column stats: COMPLETE
                         value expressions: _col0 (type: int), _col1 (type: int), _col2 (type: bigint), _col3 (type: bigint), _col4 (type: binary), _col5 (type: int), _col6 (type: int), _col7 (type: bigint), _col8 (type: binary), _col9 (type: date), _col10 (type: date), _col11 (type: bigint), _col12 (type: binary)
             Execution mode: llap
-            LLAP IO: no inputs
+            LLAP IO: all inputs
         Reducer 2 
             Execution mode: llap
             Reduce Operator Tree:
diff --git a/ql/src/test/results/clientpositive/llap/autoColumnStats_6.q.out b/ql/src/test/results/clientpositive/llap/autoColumnStats_6.q.out
index 002cab35a2..4a56e58559 100644
--- a/ql/src/test/results/clientpositive/llap/autoColumnStats_6.q.out
+++ b/ql/src/test/results/clientpositive/llap/autoColumnStats_6.q.out
@@ -77,7 +77,7 @@ STAGE PLANS:
                       Statistics: Num rows: 500 Data size: 231500 Basic stats: COMPLETE Column stats: COMPLETE
                       value expressions: _col0 (type: int), _col1 (type: string)
             Execution mode: llap
-            LLAP IO: no inputs
+            LLAP IO: all inputs
         Reducer 2 
             Execution mode: llap
             Reduce Operator Tree:
diff --git a/ql/src/test/results/clientpositive/llap/autoColumnStats_7.q.out b/ql/src/test/results/clientpositive/llap/autoColumnStats_7.q.out
index 57e63514cf..2340c1e7c7 100644
--- a/ql/src/test/results/clientpositive/llap/autoColumnStats_7.q.out
+++ b/ql/src/test/results/clientpositive/llap/autoColumnStats_7.q.out
@@ -59,7 +59,7 @@ STAGE PLANS:
                       Map-reduce partition columns: _col0 (type: string)
                       Statistics: Num rows: 500 Data size: 175168 Basic stats: COMPLETE Column stats: NONE
             Execution mode: vectorized, llap
-            LLAP IO: no inputs
+            LLAP IO: all inputs
         Reducer 2 
             Execution mode: llap
             Reduce Operator Tree:
diff --git a/ql/src/test/results/clientpositive/llap/autoColumnStats_8.q.out b/ql/src/test/results/clientpositive/llap/autoColumnStats_8.q.out
index ee2a3f6712..d91f0ad47e 100644
--- a/ql/src/test/results/clientpositive/llap/autoColumnStats_8.q.out
+++ b/ql/src/test/results/clientpositive/llap/autoColumnStats_8.q.out
@@ -197,7 +197,7 @@ STAGE PLANS:
                             value expressions: _col2 (type: int), _col3 (type: struct<count:bigint,sum:double,input:int>), _col4 (type: bigint), _col5 (type: bigint), _col6 (type: binary), _col7 (type: int), _col8 (type: struct<count:bigint,sum:double,input:int>), _col9 (type: bigint), _col10 (type: binary)
                             auto parallelism: true
             Execution mode: llap
-            LLAP IO: no inputs
+            LLAP IO: all inputs
             Path -> Alias:
 #### A masked pattern was here ####
             Path -> Partition:
diff --git a/ql/src/test/results/clientpositive/llap/autoColumnStats_9.q.out b/ql/src/test/results/clientpositive/llap/autoColumnStats_9.q.out
index 886ccd1fab..890679165e 100644
--- a/ql/src/test/results/clientpositive/llap/autoColumnStats_9.q.out
+++ b/ql/src/test/results/clientpositive/llap/autoColumnStats_9.q.out
@@ -53,7 +53,7 @@ STAGE PLANS:
                         Map-reduce partition columns: _col0 (type: string)
                         Statistics: Num rows: 500 Data size: 43500 Basic stats: COMPLETE Column stats: COMPLETE
             Execution mode: vectorized, llap
-            LLAP IO: no inputs
+            LLAP IO: all inputs
         Map 4 
             Map Operator Tree:
                 TableScan
@@ -75,7 +75,7 @@ STAGE PLANS:
                         Statistics: Num rows: 500 Data size: 89000 Basic stats: COMPLETE Column stats: COMPLETE
                         value expressions: _col1 (type: string)
             Execution mode: vectorized, llap
-            LLAP IO: no inputs
+            LLAP IO: all inputs
         Reducer 2 
             Execution mode: llap
             Reduce Operator Tree:
diff --git a/ql/src/test/results/clientpositive/llap/auto_join0.q.out b/ql/src/test/results/clientpositive/llap/auto_join0.q.out
index 4fbd217a62..c5bbbbef9f 100644
--- a/ql/src/test/results/clientpositive/llap/auto_join0.q.out
+++ b/ql/src/test/results/clientpositive/llap/auto_join0.q.out
@@ -64,7 +64,7 @@ STAGE PLANS:
                         sort order: ++
                         Statistics: Num rows: 166 Data size: 29548 Basic stats: COMPLETE Column stats: COMPLETE
             Execution mode: vectorized, llap
-            LLAP IO: no inputs
+            LLAP IO: all inputs
         Reducer 2 
             Execution mode: vectorized, llap
             Reduce Operator Tree:
diff --git a/ql/src/test/results/clientpositive/llap/auto_join1.q.out b/ql/src/test/results/clientpositive/llap/auto_join1.q.out
index 7c6b713bae..914b269ac1 100644
--- a/ql/src/test/results/clientpositive/llap/auto_join1.q.out
+++ b/ql/src/test/results/clientpositive/llap/auto_join1.q.out
@@ -53,7 +53,7 @@ STAGE PLANS:
                         Map-reduce partition columns: _col0 (type: string)
                         Statistics: Num rows: 500 Data size: 43500 Basic stats: COMPLETE Column stats: COMPLETE
             Execution mode: vectorized, llap
-            LLAP IO: no inputs
+            LLAP IO: all inputs
         Map 2 
             Map Operator Tree:
                 TableScan
@@ -105,7 +105,7 @@ STAGE PLANS:
                                 Statistics: Num rows: 1 Data size: 400 Basic stats: COMPLETE Column stats: COMPLETE
                                 value expressions: _col0 (type: int), _col1 (type: int), _col2 (type: bigint), _col3 (type: bigint), _col4 (type: binary), _col5 (type: int), _col6 (type: struct<count:bigint,sum:double,input:int>), _col7 (type: bigint), _col8 (type: binary)
             Execution mode: llap
-            LLAP IO: no inputs
+            LLAP IO: all inputs
         Reducer 3 
             Execution mode: llap
             Reduce Operator Tree:
diff --git a/ql/src/test/results/clientpositive/llap/auto_join10.q.out b/ql/src/test/results/clientpositive/llap/auto_join10.q.out
index a4291eeb91..eefb66aef3 100644
--- a/ql/src/test/results/clientpositive/llap/auto_join10.q.out
+++ b/ql/src/test/results/clientpositive/llap/auto_join10.q.out
@@ -51,7 +51,7 @@ STAGE PLANS:
                         Map-reduce partition columns: _col0 (type: string)
                         Statistics: Num rows: 500 Data size: 43500 Basic stats: COMPLETE Column stats: COMPLETE
             Execution mode: vectorized, llap
-            LLAP IO: no inputs
+            LLAP IO: all inputs
         Map 2 
             Map Operator Tree:
                 TableScan
@@ -91,7 +91,7 @@ STAGE PLANS:
                               Statistics: Num rows: 1 Data size: 8 Basic stats: COMPLETE Column stats: COMPLETE
                               value expressions: _col0 (type: bigint)
             Execution mode: vectorized, llap
-            LLAP IO: no inputs
+            LLAP IO: all inputs
         Reducer 3 
             Execution mode: vectorized, llap
             Reduce Operator Tree:
diff --git a/ql/src/test/results/clientpositive/llap/auto_join11.q.out b/ql/src/test/results/clientpositive/llap/auto_join11.q.out
index 5a400efc4f..726466811c 100644
--- a/ql/src/test/results/clientpositive/llap/auto_join11.q.out
+++ b/ql/src/test/results/clientpositive/llap/auto_join11.q.out
@@ -51,7 +51,7 @@ STAGE PLANS:
                         Map-reduce partition columns: _col0 (type: string)
                         Statistics: Num rows: 166 Data size: 14442 Basic stats: COMPLETE Column stats: COMPLETE
             Execution mode: vectorized, llap
-            LLAP IO: no inputs
+            LLAP IO: all inputs
         Map 2 
             Map Operator Tree:
                 TableScan
@@ -91,7 +91,7 @@ STAGE PLANS:
                               Statistics: Num rows: 1 Data size: 8 Basic stats: COMPLETE Column stats: COMPLETE
                               value expressions: _col0 (type: bigint)
             Execution mode: vectorized, llap
-            LLAP IO: no inputs
+            LLAP IO: all inputs
         Reducer 3 
             Execution mode: vectorized, llap
             Reduce Operator Tree:
diff --git a/ql/src/test/results/clientpositive/llap/auto_join12.q.out b/ql/src/test/results/clientpositive/llap/auto_join12.q.out
index 98d6462ddb..606d61b97f 100644
--- a/ql/src/test/results/clientpositive/llap/auto_join12.q.out
+++ b/ql/src/test/results/clientpositive/llap/auto_join12.q.out
@@ -86,7 +86,7 @@ STAGE PLANS:
                                 Statistics: Num rows: 1 Data size: 8 Basic stats: COMPLETE Column stats: COMPLETE
                                 value expressions: _col0 (type: bigint)
             Execution mode: vectorized, llap
-            LLAP IO: no inputs
+            LLAP IO: all inputs
         Map 3 
             Map Operator Tree:
                 TableScan
@@ -107,7 +107,7 @@ STAGE PLANS:
                         Map-reduce partition columns: _col0 (type: string)
                         Statistics: Num rows: 166 Data size: 14442 Basic stats: COMPLETE Column stats: COMPLETE
             Execution mode: vectorized, llap
-            LLAP IO: no inputs
+            LLAP IO: all inputs
         Map 4 
             Map Operator Tree:
                 TableScan
@@ -129,7 +129,7 @@ STAGE PLANS:
                         Statistics: Num rows: 166 Data size: 29548 Basic stats: COMPLETE Column stats: COMPLETE
                         value expressions: _col1 (type: string)
             Execution mode: vectorized, llap
-            LLAP IO: no inputs
+            LLAP IO: all inputs
         Reducer 2 
             Execution mode: vectorized, llap
             Reduce Operator Tree:
diff --git a/ql/src/test/results/clientpositive/llap/auto_join13.q.out b/ql/src/test/results/clientpositive/llap/auto_join13.q.out
index 1f4522ef33..628cb29e80 100644
--- a/ql/src/test/results/clientpositive/llap/auto_join13.q.out
+++ b/ql/src/test/results/clientpositive/llap/auto_join13.q.out
@@ -86,7 +86,7 @@ STAGE PLANS:
                                 Statistics: Num rows: 1 Data size: 8 Basic stats: COMPLETE Column stats: COMPLETE
                                 value expressions: _col0 (type: bigint)
             Execution mode: vectorized, llap
-            LLAP IO: no inputs
+            LLAP IO: all inputs
         Map 3 
             Map Operator Tree:
                 TableScan
@@ -107,7 +107,7 @@ STAGE PLANS:
                         Map-reduce partition columns: _col0 (type: string)
                         Statistics: Num rows: 166 Data size: 14442 Basic stats: COMPLETE Column stats: COMPLETE
             Execution mode: vectorized, llap
-            LLAP IO: no inputs
+            LLAP IO: all inputs
         Map 4 
             Map Operator Tree:
                 TableScan
@@ -128,7 +128,7 @@ STAGE PLANS:
                         Map-reduce partition columns: _col0 (type: double)
                         Statistics: Num rows: 166 Data size: 1328 Basic stats: COMPLETE Column stats: COMPLETE
             Execution mode: vectorized, llap
-            LLAP IO: no inputs
+            LLAP IO: all inputs
         Reducer 2 
             Execution mode: vectorized, llap
             Reduce Operator Tree:
diff --git a/ql/src/test/results/clientpositive/llap/auto_join14.q.out b/ql/src/test/results/clientpositive/llap/auto_join14.q.out
index 31e20846fa..72b9b489cb 100644
--- a/ql/src/test/results/clientpositive/llap/auto_join14.q.out
+++ b/ql/src/test/results/clientpositive/llap/auto_join14.q.out
@@ -59,7 +59,7 @@ STAGE PLANS:
                         Map-reduce partition columns: _col0 (type: string)
                         Statistics: Num rows: 166 Data size: 14442 Basic stats: COMPLETE Column stats: COMPLETE
             Execution mode: vectorized, llap
-            LLAP IO: no inputs
+            LLAP IO: all inputs
         Map 2 
             Map Operator Tree:
                 TableScan
@@ -111,7 +111,7 @@ STAGE PLANS:
                                 Statistics: Num rows: 1 Data size: 400 Basic stats: COMPLETE Column stats: COMPLETE
                                 value expressions: _col0 (type: int), _col1 (type: int), _col2 (type: bigint), _col3 (type: bigint), _col4 (type: binary), _col5 (type: int), _col6 (type: struct<count:bigint,sum:double,input:int>), _col7 (type: bigint), _col8 (type: binary)
             Execution mode: llap
-            LLAP IO: no inputs
+            LLAP IO: all inputs
         Reducer 3 
             Execution mode: llap
             Reduce Operator Tree:
diff --git a/ql/src/test/results/clientpositive/llap/auto_join15.q.out b/ql/src/test/results/clientpositive/llap/auto_join15.q.out
index 83974ca7fe..d150a42671 100644
--- a/ql/src/test/results/clientpositive/llap/auto_join15.q.out
+++ b/ql/src/test/results/clientpositive/llap/auto_join15.q.out
@@ -70,7 +70,7 @@ STAGE PLANS:
                               Statistics: Num rows: 1 Data size: 8 Basic stats: COMPLETE Column stats: COMPLETE
                               value expressions: _col0 (type: bigint)
             Execution mode: vectorized, llap
-            LLAP IO: no inputs
+            LLAP IO: all inputs
         Map 3 
             Map Operator Tree:
                 TableScan
@@ -92,7 +92,7 @@ STAGE PLANS:
                         Statistics: Num rows: 500 Data size: 89000 Basic stats: COMPLETE Column stats: COMPLETE
                         value expressions: _col1 (type: string)
             Execution mode: vectorized, llap
-            LLAP IO: no inputs
+            LLAP IO: all inputs
         Reducer 2 
             Execution mode: vectorized, llap
             Reduce Operator Tree:
diff --git a/ql/src/test/results/clientpositive/llap/auto_join16.q.out b/ql/src/test/results/clientpositive/llap/auto_join16.q.out
index c0bcb1942c..7420fdf950 100644
--- a/ql/src/test/results/clientpositive/llap/auto_join16.q.out
+++ b/ql/src/test/results/clientpositive/llap/auto_join16.q.out
@@ -70,7 +70,7 @@ STAGE PLANS:
                               Statistics: Num rows: 1 Data size: 8 Basic stats: COMPLETE Column stats: COMPLETE
                               value expressions: _col0 (type: bigint)
             Execution mode: vectorized, llap
-            LLAP IO: no inputs
+            LLAP IO: all inputs
         Map 3 
             Map Operator Tree:
                 TableScan
@@ -91,7 +91,7 @@ STAGE PLANS:
                         Map-reduce partition columns: _col0 (type: string), _col1 (type: string)
                         Statistics: Num rows: 55 Data size: 9790 Basic stats: COMPLETE Column stats: COMPLETE
             Execution mode: vectorized, llap
-            LLAP IO: no inputs
+            LLAP IO: all inputs
         Reducer 2 
             Execution mode: vectorized, llap
             Reduce Operator Tree:
diff --git a/ql/src/test/results/clientpositive/llap/auto_join17.q.out b/ql/src/test/results/clientpositive/llap/auto_join17.q.out
index 30ada20c14..6a104ffe11 100644
--- a/ql/src/test/results/clientpositive/llap/auto_join17.q.out
+++ b/ql/src/test/results/clientpositive/llap/auto_join17.q.out
@@ -84,7 +84,7 @@ STAGE PLANS:
                                 Statistics: Num rows: 1 Data size: 792 Basic stats: COMPLETE Column stats: COMPLETE
                                 value expressions: _col0 (type: int), _col1 (type: int), _col2 (type: bigint), _col3 (type: bigint), _col4 (type: binary), _col5 (type: int), _col6 (type: struct<count:bigint,sum:double,input:int>), _col7 (type: bigint), _col8 (type: binary), _col9 (type: int), _col10 (type: int), _col11 (type: bigint), _col12 (type: binary), _col13 (type: int), _col14 (type: struct<count:bigint,sum:double,input:int>), _col15 (type: bigint), _col16 (type: binary)
             Execution mode: llap
-            LLAP IO: no inputs
+            LLAP IO: all inputs
         Map 3 
             Map Operator Tree:
                 TableScan
@@ -106,7 +106,7 @@ STAGE PLANS:
                         Statistics: Num rows: 500 Data size: 89000 Basic stats: COMPLETE Column stats: COMPLETE
                         value expressions: _col1 (type: string)
             Execution mode: vectorized, llap
-            LLAP IO: no inputs
+            LLAP IO: all inputs
         Reducer 2 
             Execution mode: llap
             Reduce Operator Tree:
diff --git a/ql/src/test/results/clientpositive/llap/auto_join18.q.out b/ql/src/test/results/clientpositive/llap/auto_join18.q.out
index 865806c25c..96b0bd8ebc 100644
--- a/ql/src/test/results/clientpositive/llap/auto_join18.q.out
+++ b/ql/src/test/results/clientpositive/llap/auto_join18.q.out
@@ -69,7 +69,7 @@ STAGE PLANS:
                         Statistics: Num rows: 250 Data size: 23750 Basic stats: COMPLETE Column stats: COMPLETE
                         value expressions: _col1 (type: bigint)
             Execution mode: vectorized, llap
-            LLAP IO: no inputs
+            LLAP IO: all inputs
         Map 5 
             Map Operator Tree:
                 TableScan
@@ -92,7 +92,7 @@ STAGE PLANS:
                         Map-reduce partition columns: _col0 (type: string)
                         Statistics: Num rows: 12 Data size: 2100 Basic stats: COMPLETE Column stats: COMPLETE
             Execution mode: vectorized, llap
-            LLAP IO: no inputs
+            LLAP IO: all inputs
         Reducer 2 
             Execution mode: vectorized, llap
             Reduce Operator Tree:
diff --git a/ql/src/test/results/clientpositive/llap/auto_join18_multi_distinct.q.out b/ql/src/test/results/clientpositive/llap/auto_join18_multi_distinct.q.out
index 113ed6a61c..0e3b03954d 100644
--- a/ql/src/test/results/clientpositive/llap/auto_join18_multi_distinct.q.out
+++ b/ql/src/test/results/clientpositive/llap/auto_join18_multi_distinct.q.out
@@ -71,7 +71,7 @@ STAGE PLANS:
                         Statistics: Num rows: 250 Data size: 23750 Basic stats: COMPLETE Column stats: COMPLETE
                         value expressions: _col1 (type: bigint)
             Execution mode: vectorized, llap
-            LLAP IO: no inputs
+            LLAP IO: all inputs
         Map 5 
             Map Operator Tree:
                 TableScan
@@ -94,7 +94,7 @@ STAGE PLANS:
                         Map-reduce partition columns: _col0 (type: string)
                         Statistics: Num rows: 25 Data size: 4575 Basic stats: COMPLETE Column stats: COMPLETE
             Execution mode: vectorized, llap
-            LLAP IO: no inputs
+            LLAP IO: all inputs
         Reducer 2 
             Execution mode: vectorized, llap
             Reduce Operator Tree:
diff --git a/ql/src/test/results/clientpositive/llap/auto_join19.q.out b/ql/src/test/results/clientpositive/llap/auto_join19.q.out
index 4da42b1381..be3e6fd17e 100644
--- a/ql/src/test/results/clientpositive/llap/auto_join19.q.out
+++ b/ql/src/test/results/clientpositive/llap/auto_join19.q.out
@@ -96,7 +96,7 @@ STAGE PLANS:
                                 Statistics: Num rows: 1 Data size: 400 Basic stats: COMPLETE Column stats: COMPLETE
                                 value expressions: _col0 (type: int), _col1 (type: int), _col2 (type: bigint), _col3 (type: bigint), _col4 (type: binary), _col5 (type: int), _col6 (type: struct<count:bigint,sum:double,input:int>), _col7 (type: bigint), _col8 (type: binary)
             Execution mode: llap
-            LLAP IO: no inputs
+            LLAP IO: all inputs
         Map 3 
             Map Operator Tree:
                 TableScan
@@ -118,7 +118,7 @@ STAGE PLANS:
                         Statistics: Num rows: 500 Data size: 89000 Basic stats: COMPLETE Column stats: COMPLETE
                         value expressions: _col1 (type: string)
             Execution mode: vectorized, llap
-            LLAP IO: no inputs
+            LLAP IO: all inputs
         Reducer 2 
             Execution mode: llap
             Reduce Operator Tree:
diff --git a/ql/src/test/results/clientpositive/llap/auto_join19_inclause.q.out b/ql/src/test/results/clientpositive/llap/auto_join19_inclause.q.out
index 31b66a3ab7..f2a7cb862f 100644
--- a/ql/src/test/results/clientpositive/llap/auto_join19_inclause.q.out
+++ b/ql/src/test/results/clientpositive/llap/auto_join19_inclause.q.out
@@ -96,7 +96,7 @@ STAGE PLANS:
                                 Statistics: Num rows: 1 Data size: 400 Basic stats: COMPLETE Column stats: COMPLETE
                                 value expressions: _col0 (type: int), _col1 (type: int), _col2 (type: bigint), _col3 (type: bigint), _col4 (type: binary), _col5 (type: int), _col6 (type: struct<count:bigint,sum:double,input:int>), _col7 (type: bigint), _col8 (type: binary)
             Execution mode: llap
-            LLAP IO: no inputs
+            LLAP IO: all inputs
         Map 3 
             Map Operator Tree:
                 TableScan
@@ -118,7 +118,7 @@ STAGE PLANS:
                         Statistics: Num rows: 500 Data size: 89000 Basic stats: COMPLETE Column stats: COMPLETE
                         value expressions: _col1 (type: string)
             Execution mode: vectorized, llap
-            LLAP IO: no inputs
+            LLAP IO: all inputs
         Reducer 2 
             Execution mode: llap
             Reduce Operator Tree:
diff --git a/ql/src/test/results/clientpositive/llap/auto_join2.q.out b/ql/src/test/results/clientpositive/llap/auto_join2.q.out
index 1766b9f096..07b9b5d6a9 100644
--- a/ql/src/test/results/clientpositive/llap/auto_join2.q.out
+++ b/ql/src/test/results/clientpositive/llap/auto_join2.q.out
@@ -94,7 +94,7 @@ STAGE PLANS:
                                   Statistics: Num rows: 1 Data size: 400 Basic stats: COMPLETE Column stats: COMPLETE
                                   value expressions: _col0 (type: int), _col1 (type: int), _col2 (type: bigint), _col3 (type: bigint), _col4 (type: binary), _col5 (type: int), _col6 (type: struct<count:bigint,sum:double,input:int>), _col7 (type: bigint), _col8 (type: binary)
             Execution mode: llap
-            LLAP IO: no inputs
+            LLAP IO: all inputs
         Map 3 
             Map Operator Tree:
                 TableScan
@@ -116,7 +116,7 @@ STAGE PLANS:
                         Statistics: Num rows: 500 Data size: 47500 Basic stats: COMPLETE Column stats: COMPLETE
                         value expressions: _col1 (type: double)
             Execution mode: vectorized, llap
-            LLAP IO: no inputs
+            LLAP IO: all inputs
         Map 4 
             Map Operator Tree:
                 TableScan
@@ -138,7 +138,7 @@ STAGE PLANS:
                         Statistics: Num rows: 500 Data size: 49500 Basic stats: COMPLETE Column stats: COMPLETE
                         value expressions: _col0 (type: string)
             Execution mode: vectorized, llap
-            LLAP IO: no inputs
+            LLAP IO: all inputs
         Reducer 2 
             Execution mode: llap
             Reduce Operator Tree:
diff --git a/ql/src/test/results/clientpositive/llap/auto_join20.q.out b/ql/src/test/results/clientpositive/llap/auto_join20.q.out
index 42292404a7..3faddb0d25 100644
--- a/ql/src/test/results/clientpositive/llap/auto_join20.q.out
+++ b/ql/src/test/results/clientpositive/llap/auto_join20.q.out
@@ -63,7 +63,7 @@ STAGE PLANS:
                           Statistics: Num rows: 166 Data size: 59096 Basic stats: COMPLETE Column stats: COMPLETE
                           value expressions: _col1 (type: string), _col2 (type: string), _col3 (type: string)
             Execution mode: vectorized, llap
-            LLAP IO: no inputs
+            LLAP IO: all inputs
         Map 2 
             Map Operator Tree:
                 TableScan
@@ -85,7 +85,7 @@ STAGE PLANS:
                         Statistics: Num rows: 166 Data size: 29548 Basic stats: COMPLETE Column stats: COMPLETE
                         value expressions: _col1 (type: string)
             Execution mode: vectorized, llap
-            LLAP IO: no inputs
+            LLAP IO: all inputs
         Map 3 
             Map Operator Tree:
                 TableScan
@@ -124,7 +124,7 @@ STAGE PLANS:
                             Statistics: Num rows: 1 Data size: 8 Basic stats: COMPLETE Column stats: COMPLETE
                             value expressions: _col0 (type: bigint)
             Execution mode: vectorized, llap
-            LLAP IO: no inputs
+            LLAP IO: all inputs
         Reducer 4 
             Execution mode: vectorized, llap
             Reduce Operator Tree:
@@ -231,7 +231,7 @@ STAGE PLANS:
                           Statistics: Num rows: 166 Data size: 59096 Basic stats: COMPLETE Column stats: COMPLETE
                           value expressions: _col1 (type: string), _col2 (type: string), _col3 (type: string)
             Execution mode: vectorized, llap
-            LLAP IO: no inputs
+            LLAP IO: all inputs
         Map 2 
             Map Operator Tree:
                 TableScan
@@ -253,7 +253,7 @@ STAGE PLANS:
                         Statistics: Num rows: 166 Data size: 29548 Basic stats: COMPLETE Column stats: COMPLETE
                         value expressions: _col1 (type: string)
             Execution mode: vectorized, llap
-            LLAP IO: no inputs
+            LLAP IO: all inputs
         Map 3 
             Map Operator Tree:
                 TableScan
@@ -292,7 +292,7 @@ STAGE PLANS:
                             Statistics: Num rows: 1 Data size: 8 Basic stats: COMPLETE Column stats: COMPLETE
                             value expressions: _col0 (type: bigint)
             Execution mode: vectorized, llap
-            LLAP IO: no inputs
+            LLAP IO: all inputs
         Reducer 4 
             Execution mode: vectorized, llap
             Reduce Operator Tree:
diff --git a/ql/src/test/results/clientpositive/llap/auto_join21.q.out b/ql/src/test/results/clientpositive/llap/auto_join21.q.out
index 21e5e5e09b..0c40cc1932 100644
--- a/ql/src/test/results/clientpositive/llap/auto_join21.q.out
+++ b/ql/src/test/results/clientpositive/llap/auto_join21.q.out
@@ -52,7 +52,7 @@ STAGE PLANS:
                           Statistics: Num rows: 1 Data size: 356 Basic stats: COMPLETE Column stats: COMPLETE
                           value expressions: _col0 (type: string), _col1 (type: string), _col3 (type: string)
             Execution mode: vectorized, llap
-            LLAP IO: no inputs
+            LLAP IO: all inputs
         Map 2 
             Map Operator Tree:
                 TableScan
@@ -102,7 +102,7 @@ STAGE PLANS:
                         sort order: ++++++
                         Statistics: Num rows: 501 Data size: 89890 Basic stats: COMPLETE Column stats: COMPLETE
             Execution mode: vectorized, llap
-            LLAP IO: no inputs
+            LLAP IO: all inputs
         Reducer 4 
             Execution mode: vectorized, llap
             Reduce Operator Tree:
diff --git a/ql/src/test/results/clientpositive/llap/auto_join22.q.out b/ql/src/test/results/clientpositive/llap/auto_join22.q.out
index 67da3c2e67..5ecf0d40b3 100644
--- a/ql/src/test/results/clientpositive/llap/auto_join22.q.out
+++ b/ql/src/test/results/clientpositive/llap/auto_join22.q.out
@@ -70,7 +70,7 @@ STAGE PLANS:
                                 Statistics: Num rows: 1 Data size: 8 Basic stats: COMPLETE Column stats: COMPLETE
                                 value expressions: _col0 (type: bigint)
             Execution mode: vectorized, llap
-            LLAP IO: no inputs
+            LLAP IO: all inputs
         Map 3 
             Map Operator Tree:
                 TableScan
@@ -91,7 +91,7 @@ STAGE PLANS:
                         Map-reduce partition columns: _col0 (type: string)
                         Statistics: Num rows: 500 Data size: 43500 Basic stats: COMPLETE Column stats: COMPLETE
             Execution mode: vectorized, llap
-            LLAP IO: no inputs
+            LLAP IO: all inputs
         Map 4 
             Map Operator Tree:
                 TableScan
@@ -112,7 +112,7 @@ STAGE PLANS:
                         Map-reduce partition columns: _col0 (type: string)
                         Statistics: Num rows: 500 Data size: 43500 Basic stats: COMPLETE Column stats: COMPLETE
             Execution mode: vectorized, llap
-            LLAP IO: no inputs
+            LLAP IO: all inputs
         Reducer 2 
             Execution mode: vectorized, llap
             Reduce Operator Tree:
diff --git a/ql/src/test/results/clientpositive/llap/auto_join23.q.out b/ql/src/test/results/clientpositive/llap/auto_join23.q.out
index cf3cf1047c..7a66c4128f 100644
--- a/ql/src/test/results/clientpositive/llap/auto_join23.q.out
+++ b/ql/src/test/results/clientpositive/llap/auto_join23.q.out
@@ -41,7 +41,7 @@ STAGE PLANS:
                         Statistics: Num rows: 166 Data size: 29548 Basic stats: COMPLETE Column stats: COMPLETE
                         value expressions: _col0 (type: string), _col1 (type: string)
             Execution mode: vectorized, llap
-            LLAP IO: no inputs
+            LLAP IO: all inputs
         Map 4 
             Map Operator Tree:
                 TableScan
@@ -61,7 +61,7 @@ STAGE PLANS:
                         Statistics: Num rows: 166 Data size: 29548 Basic stats: COMPLETE Column stats: COMPLETE
                         value expressions: _col0 (type: string), _col1 (type: string)
             Execution mode: vectorized, llap
-            LLAP IO: no inputs
+            LLAP IO: all inputs
         Reducer 2 
             Execution mode: llap
             Reduce Operator Tree:
diff --git a/ql/src/test/results/clientpositive/llap/auto_join24.q.out b/ql/src/test/results/clientpositive/llap/auto_join24.q.out
index 0f7f1e0112..920f6c1372 100644
--- a/ql/src/test/results/clientpositive/llap/auto_join24.q.out
+++ b/ql/src/test/results/clientpositive/llap/auto_join24.q.out
@@ -76,7 +76,7 @@ STAGE PLANS:
                             Statistics: Num rows: 1 Data size: 8 Basic stats: COMPLETE Column stats: COMPLETE
                             value expressions: _col0 (type: bigint)
             Execution mode: vectorized, llap
-            LLAP IO: no inputs
+            LLAP IO: all inputs
         Map 3 
             Map Operator Tree:
                 TableScan
@@ -97,7 +97,7 @@ STAGE PLANS:
                         Map-reduce partition columns: _col0 (type: string)
                         Statistics: Num rows: 309 Data size: 26883 Basic stats: COMPLETE Column stats: COMPLETE
             Execution mode: vectorized, llap
-            LLAP IO: no inputs
+            LLAP IO: all inputs
         Reducer 2 
             Execution mode: vectorized, llap
             Reduce Operator Tree:
diff --git a/ql/src/test/results/clientpositive/llap/auto_join26.q.out b/ql/src/test/results/clientpositive/llap/auto_join26.q.out
index ac90d0481a..a597c2b575 100644
--- a/ql/src/test/results/clientpositive/llap/auto_join26.q.out
+++ b/ql/src/test/results/clientpositive/llap/auto_join26.q.out
@@ -56,7 +56,7 @@ STAGE PLANS:
                         Map-reduce partition columns: _col0 (type: string)
                         Statistics: Num rows: 25 Data size: 2150 Basic stats: COMPLETE Column stats: COMPLETE
             Execution mode: vectorized, llap
-            LLAP IO: no inputs
+            LLAP IO: all inputs
         Map 2 
             Map Operator Tree:
                 TableScan
@@ -95,7 +95,7 @@ STAGE PLANS:
                             Statistics: Num rows: 16 Data size: 1504 Basic stats: COMPLETE Column stats: COMPLETE
                             value expressions: _col1 (type: bigint)
             Execution mode: vectorized, llap
-            LLAP IO: no inputs
+            LLAP IO: all inputs
         Reducer 3 
             Execution mode: llap
             Reduce Operator Tree:
diff --git a/ql/src/test/results/clientpositive/llap/auto_join27.q.out b/ql/src/test/results/clientpositive/llap/auto_join27.q.out
index 3d755e51fc..1f09b1173c 100644
--- a/ql/src/test/results/clientpositive/llap/auto_join27.q.out
+++ b/ql/src/test/results/clientpositive/llap/auto_join27.q.out
@@ -74,7 +74,7 @@ STAGE PLANS:
                             Statistics: Num rows: 1 Data size: 8 Basic stats: COMPLETE Column stats: COMPLETE
                             value expressions: _col0 (type: bigint)
             Execution mode: vectorized, llap
-            LLAP IO: no inputs
+            LLAP IO: all inputs
         Map 4 
             Map Operator Tree:
                 TableScan
@@ -97,7 +97,7 @@ STAGE PLANS:
                         Map-reduce partition columns: _col0 (type: string), _col1 (type: string)
                         Statistics: Num rows: 83 Data size: 14774 Basic stats: COMPLETE Column stats: COMPLETE
             Execution mode: vectorized, llap
-            LLAP IO: no inputs
+            LLAP IO: all inputs
         Map 6 
             Map Operator Tree:
                 TableScan
@@ -124,7 +124,7 @@ STAGE PLANS:
                         Map-reduce partition columns: _col0 (type: string)
                         Statistics: Num rows: 166 Data size: 14442 Basic stats: COMPLETE Column stats: COMPLETE
             Execution mode: vectorized, llap
-            LLAP IO: no inputs
+            LLAP IO: all inputs
         Reducer 3 
             Execution mode: vectorized, llap
             Reduce Operator Tree:
diff --git a/ql/src/test/results/clientpositive/llap/auto_join28.q.out b/ql/src/test/results/clientpositive/llap/auto_join28.q.out
index 9e275c1529..9f0f8eff40 100644
--- a/ql/src/test/results/clientpositive/llap/auto_join28.q.out
+++ b/ql/src/test/results/clientpositive/llap/auto_join28.q.out
@@ -52,7 +52,7 @@ STAGE PLANS:
                           Statistics: Num rows: 1 Data size: 356 Basic stats: COMPLETE Column stats: COMPLETE
                           value expressions: _col0 (type: string), _col1 (type: string), _col3 (type: string)
             Execution mode: vectorized, llap
-            LLAP IO: no inputs
+            LLAP IO: all inputs
         Map 2 
             Map Operator Tree:
                 TableScan
@@ -102,7 +102,7 @@ STAGE PLANS:
                         sort order: ++++++
                         Statistics: Num rows: 501 Data size: 89890 Basic stats: COMPLETE Column stats: COMPLETE
             Execution mode: vectorized, llap
-            LLAP IO: no inputs
+            LLAP IO: all inputs
         Reducer 4 
             Execution mode: vectorized, llap
             Reduce Operator Tree:
@@ -185,7 +185,7 @@ STAGE PLANS:
                           sort order: ++++++
                           Statistics: Num rows: 762 Data size: 318086 Basic stats: COMPLETE Column stats: COMPLETE
             Execution mode: vectorized, llap
-            LLAP IO: no inputs
+            LLAP IO: all inputs
         Map 3 
             Map Operator Tree:
                 TableScan
@@ -207,7 +207,7 @@ STAGE PLANS:
                         Statistics: Num rows: 166 Data size: 29548 Basic stats: COMPLETE Column stats: COMPLETE
                         value expressions: _col1 (type: string)
             Execution mode: vectorized, llap
-            LLAP IO: no inputs
+            LLAP IO: all inputs
         Map 4 
             Map Operator Tree:
                 TableScan
@@ -229,7 +229,7 @@ STAGE PLANS:
                         Statistics: Num rows: 166 Data size: 29548 Basic stats: COMPLETE Column stats: COMPLETE
                         value expressions: _col1 (type: string)
             Execution mode: vectorized, llap
-            LLAP IO: no inputs
+            LLAP IO: all inputs
         Reducer 2 
             Execution mode: vectorized, llap
             Reduce Operator Tree:
@@ -295,7 +295,7 @@ STAGE PLANS:
                         Statistics: Num rows: 166 Data size: 29548 Basic stats: COMPLETE Column stats: COMPLETE
                         value expressions: _col1 (type: string)
             Execution mode: vectorized, llap
-            LLAP IO: no inputs
+            LLAP IO: all inputs
         Map 2 
             Map Operator Tree:
                 TableScan
@@ -334,7 +334,7 @@ STAGE PLANS:
                           sort order: ++++++
                           Statistics: Num rows: 762 Data size: 318086 Basic stats: COMPLETE Column stats: COMPLETE
             Execution mode: vectorized, llap
-            LLAP IO: no inputs
+            LLAP IO: all inputs
         Map 4 
             Map Operator Tree:
                 TableScan
@@ -356,7 +356,7 @@ STAGE PLANS:
                         Statistics: Num rows: 166 Data size: 29548 Basic stats: COMPLETE Column stats: COMPLETE
                         value expressions: _col1 (type: string)
             Execution mode: vectorized, llap
-            LLAP IO: no inputs
+            LLAP IO: all inputs
         Reducer 3 
             Execution mode: vectorized, llap
             Reduce Operator Tree:
@@ -423,7 +423,7 @@ STAGE PLANS:
                         Statistics: Num rows: 166 Data size: 29548 Basic stats: COMPLETE Column stats: COMPLETE
                         value expressions: _col1 (type: string)
             Execution mode: vectorized, llap
-            LLAP IO: no inputs
+            LLAP IO: all inputs
         Map 2 
             Map Operator Tree:
                 TableScan
@@ -458,7 +458,7 @@ STAGE PLANS:
                           Statistics: Num rows: 762 Data size: 182450 Basic stats: COMPLETE Column stats: COMPLETE
                           value expressions: _col0 (type: string), _col1 (type: string), _col3 (type: string)
             Execution mode: vectorized, llap
-            LLAP IO: no inputs
+            LLAP IO: all inputs
         Map 3 
             Map Operator Tree:
                 TableScan
@@ -491,7 +491,7 @@ STAGE PLANS:
                           sort order: ++++++
                           Statistics: Num rows: 1705 Data size: 687326 Basic stats: COMPLETE Column stats: COMPLETE
             Execution mode: vectorized, llap
-            LLAP IO: no inputs
+            LLAP IO: all inputs
         Reducer 4 
             Execution mode: vectorized, llap
             Reduce Operator Tree:
diff --git a/ql/src/test/results/clientpositive/llap/auto_join29.q.out b/ql/src/test/results/clientpositive/llap/auto_join29.q.out
index d887163113..c149a83198 100644
--- a/ql/src/test/results/clientpositive/llap/auto_join29.q.out
+++ b/ql/src/test/results/clientpositive/llap/auto_join29.q.out
@@ -52,7 +52,7 @@ STAGE PLANS:
                           Statistics: Num rows: 1 Data size: 356 Basic stats: COMPLETE Column stats: COMPLETE
                           value expressions: _col0 (type: string), _col1 (type: string), _col3 (type: string)
             Execution mode: vectorized, llap
-            LLAP IO: no inputs
+            LLAP IO: all inputs
         Map 2 
             Map Operator Tree:
                 TableScan
@@ -102,7 +102,7 @@ STAGE PLANS:
                         sort order: ++++++
                         Statistics: Num rows: 501 Data size: 89890 Basic stats: COMPLETE Column stats: COMPLETE
             Execution mode: vectorized, llap
-            LLAP IO: no inputs
+            LLAP IO: all inputs
         Reducer 4 
             Execution mode: vectorized, llap
             Reduce Operator Tree:
@@ -693,7 +693,7 @@ STAGE PLANS:
                           sort order: ++++++
                           Statistics: Num rows: 762 Data size: 318086 Basic stats: COMPLETE Column stats: COMPLETE
             Execution mode: vectorized, llap
-            LLAP IO: no inputs
+            LLAP IO: all inputs
         Map 3 
             Map Operator Tree:
                 TableScan
@@ -715,7 +715,7 @@ STAGE PLANS:
                         Statistics: Num rows: 166 Data size: 29548 Basic stats: COMPLETE Column stats: COMPLETE
                         value expressions: _col1 (type: string)
             Execution mode: vectorized, llap
-            LLAP IO: no inputs
+            LLAP IO: all inputs
         Map 4 
             Map Operator Tree:
                 TableScan
@@ -737,7 +737,7 @@ STAGE PLANS:
                         Statistics: Num rows: 166 Data size: 29548 Basic stats: COMPLETE Column stats: COMPLETE
                         value expressions: _col1 (type: string)
             Execution mode: vectorized, llap
-            LLAP IO: no inputs
+            LLAP IO: all inputs
         Reducer 2 
             Execution mode: vectorized, llap
             Reduce Operator Tree:
@@ -1311,7 +1311,7 @@ STAGE PLANS:
                         Statistics: Num rows: 166 Data size: 29548 Basic stats: COMPLETE Column stats: COMPLETE
                         value expressions: _col1 (type: string)
             Execution mode: vectorized, llap
-            LLAP IO: no inputs
+            LLAP IO: all inputs
         Map 2 
             Map Operator Tree:
                 TableScan
@@ -1350,7 +1350,7 @@ STAGE PLANS:
                           sort order: ++++++
                           Statistics: Num rows: 762 Data size: 318086 Basic stats: COMPLETE Column stats: COMPLETE
             Execution mode: vectorized, llap
-            LLAP IO: no inputs
+            LLAP IO: all inputs
         Map 4 
             Map Operator Tree:
                 TableScan
@@ -1372,7 +1372,7 @@ STAGE PLANS:
                         Statistics: Num rows: 166 Data size: 29548 Basic stats: COMPLETE Column stats: COMPLETE
                         value expressions: _col1 (type: string)
             Execution mode: vectorized, llap
-            LLAP IO: no inputs
+            LLAP IO: all inputs
         Reducer 3 
             Execution mode: vectorized, llap
             Reduce Operator Tree:
@@ -1959,7 +1959,7 @@ STAGE PLANS:
                         Statistics: Num rows: 166 Data size: 29548 Basic stats: COMPLETE Column stats: COMPLETE
                         value expressions: _col1 (type: string)
             Execution mode: vectorized, llap
-            LLAP IO: no inputs
+            LLAP IO: all inputs
         Map 2 
             Map Operator Tree:
                 TableScan
@@ -1994,7 +1994,7 @@ STAGE PLANS:
                           Statistics: Num rows: 762 Data size: 182450 Basic stats: COMPLETE Column stats: COMPLETE
                           value expressions: _col0 (type: string), _col1 (type: string), _col3 (type: string)
             Execution mode: vectorized, llap
-            LLAP IO: no inputs
+            LLAP IO: all inputs
         Map 3 
             Map Operator Tree:
                 TableScan
@@ -2027,7 +2027,7 @@ STAGE PLANS:
                           sort order: ++++++
                           Statistics: Num rows: 1705 Data size: 687326 Basic stats: COMPLETE Column stats: COMPLETE
             Execution mode: vectorized, llap
-            LLAP IO: no inputs
+            LLAP IO: all inputs
         Reducer 4 
             Execution mode: vectorized, llap
             Reduce Operator Tree:
@@ -2630,7 +2630,7 @@ STAGE PLANS:
                             sort order: ++++++
                             Statistics: Num rows: 2 Data size: 1068 Basic stats: COMPLETE Column stats: COMPLETE
             Execution mode: vectorized, llap
-            LLAP IO: no inputs
+            LLAP IO: all inputs
         Map 3 
             Map Operator Tree:
                 TableScan
@@ -2673,7 +2673,7 @@ STAGE PLANS:
                         Statistics: Num rows: 166 Data size: 29548 Basic stats: COMPLETE Column stats: COMPLETE
                         value expressions: _col1 (type: string)
             Execution mode: vectorized, llap
-            LLAP IO: no inputs
+            LLAP IO: all inputs
         Reducer 2 
             Execution mode: vectorized, llap
             Reduce Operator Tree:
@@ -2781,7 +2781,7 @@ STAGE PLANS:
                             Statistics: Num rows: 1 Data size: 356 Basic stats: COMPLETE Column stats: COMPLETE
                             value expressions: _col0 (type: string), _col1 (type: string), _col3 (type: string)
             Execution mode: vectorized, llap
-            LLAP IO: no inputs
+            LLAP IO: all inputs
         Map 3 
             Map Operator Tree:
                 TableScan
@@ -2810,7 +2810,7 @@ STAGE PLANS:
                         sort order: ++++++
                         Statistics: Num rows: 501 Data size: 89890 Basic stats: COMPLETE Column stats: COMPLETE
             Execution mode: vectorized, llap
-            LLAP IO: no inputs
+            LLAP IO: all inputs
         Reducer 4 
             Execution mode: vectorized, llap
             Reduce Operator Tree:
@@ -3425,7 +3425,7 @@ STAGE PLANS:
                               sort order: ++++++
                               Statistics: Num rows: 1 Data size: 534 Basic stats: COMPLETE Column stats: COMPLETE
             Execution mode: vectorized, llap
-            LLAP IO: no inputs
+            LLAP IO: all inputs
         Map 4 
             Map Operator Tree:
                 TableScan
@@ -3447,7 +3447,7 @@ STAGE PLANS:
                         Statistics: Num rows: 166 Data size: 29548 Basic stats: COMPLETE Column stats: COMPLETE
                         value expressions: _col1 (type: string)
             Execution mode: vectorized, llap
-            LLAP IO: no inputs
+            LLAP IO: all inputs
         Reducer 3 
             Execution mode: vectorized, llap
             Reduce Operator Tree:
@@ -3562,7 +3562,7 @@ STAGE PLANS:
                             sort order: ++++++
                             Statistics: Num rows: 166 Data size: 88644 Basic stats: COMPLETE Column stats: COMPLETE
             Execution mode: vectorized, llap
-            LLAP IO: no inputs
+            LLAP IO: all inputs
         Map 4 
             Map Operator Tree:
                 TableScan
@@ -3584,7 +3584,7 @@ STAGE PLANS:
                         Statistics: Num rows: 166 Data size: 29548 Basic stats: COMPLETE Column stats: COMPLETE
                         value expressions: _col1 (type: string)
             Execution mode: vectorized, llap
-            LLAP IO: no inputs
+            LLAP IO: all inputs
         Reducer 3 
             Execution mode: vectorized, llap
             Reduce Operator Tree:
@@ -3722,7 +3722,7 @@ STAGE PLANS:
                               sort order: ++++++
                               Statistics: Num rows: 1 Data size: 534 Basic stats: COMPLETE Column stats: COMPLETE
             Execution mode: vectorized, llap
-            LLAP IO: no inputs
+            LLAP IO: all inputs
         Map 4 
             Map Operator Tree:
                 TableScan
@@ -3744,7 +3744,7 @@ STAGE PLANS:
                         Statistics: Num rows: 166 Data size: 29548 Basic stats: COMPLETE Column stats: COMPLETE
                         value expressions: _col1 (type: string)
             Execution mode: vectorized, llap
-            LLAP IO: no inputs
+            LLAP IO: all inputs
         Reducer 3 
             Execution mode: vectorized, llap
             Reduce Operator Tree:
diff --git a/ql/src/test/results/clientpositive/llap/auto_join3.q.out b/ql/src/test/results/clientpositive/llap/auto_join3.q.out
index 279a4b0174..87e735db64 100644
--- a/ql/src/test/results/clientpositive/llap/auto_join3.q.out
+++ b/ql/src/test/results/clientpositive/llap/auto_join3.q.out
@@ -94,7 +94,7 @@ STAGE PLANS:
                                   Statistics: Num rows: 1 Data size: 400 Basic stats: COMPLETE Column stats: COMPLETE
                                   value expressions: _col0 (type: int), _col1 (type: int), _col2 (type: bigint), _col3 (type: bigint), _col4 (type: binary), _col5 (type: int), _col6 (type: struct<count:bigint,sum:double,input:int>), _col7 (type: bigint), _col8 (type: binary)
             Execution mode: llap
-            LLAP IO: no inputs
+            LLAP IO: all inputs
         Map 3 
             Map Operator Tree:
                 TableScan
@@ -115,7 +115,7 @@ STAGE PLANS:
                         Map-reduce partition columns: _col0 (type: string)
                         Statistics: Num rows: 500 Data size: 43500 Basic stats: COMPLETE Column stats: COMPLETE
             Execution mode: vectorized, llap
-            LLAP IO: no inputs
+            LLAP IO: all inputs
         Map 4 
             Map Operator Tree:
                 TableScan
@@ -137,7 +137,7 @@ STAGE PLANS:
                         Statistics: Num rows: 500 Data size: 89000 Basic stats: COMPLETE Column stats: COMPLETE
                         value expressions: _col1 (type: string)
             Execution mode: vectorized, llap
-            LLAP IO: no inputs
+            LLAP IO: all inputs
         Reducer 2 
             Execution mode: llap
             Reduce Operator Tree:
diff --git a/ql/src/test/results/clientpositive/llap/auto_join30.q.out b/ql/src/test/results/clientpositive/llap/auto_join30.q.out
index 0a74992e85..8d69928aba 100644
--- a/ql/src/test/results/clientpositive/llap/auto_join30.q.out
+++ b/ql/src/test/results/clientpositive/llap/auto_join30.q.out
@@ -51,7 +51,7 @@ STAGE PLANS:
                         Map-reduce partition columns: _col0 (type: string)
                         Statistics: Num rows: 500 Data size: 43500 Basic stats: COMPLETE Column stats: COMPLETE
             Execution mode: vectorized, llap
-            LLAP IO: no inputs
+            LLAP IO: all inputs
         Map 2 
             Map Operator Tree:
                 TableScan
@@ -91,7 +91,7 @@ STAGE PLANS:
                               Statistics: Num rows: 1 Data size: 8 Basic stats: COMPLETE Column stats: COMPLETE
                               value expressions: _col0 (type: bigint)
             Execution mode: vectorized, llap
-            LLAP IO: no inputs
+            LLAP IO: all inputs
         Reducer 3 
             Execution mode: vectorized, llap
             Reduce Operator Tree:
@@ -201,7 +201,7 @@ STAGE PLANS:
                             Statistics: Num rows: 1 Data size: 8 Basic stats: COMPLETE Column stats: COMPLETE
                             value expressions: _col0 (type: bigint)
             Execution mode: vectorized, llap
-            LLAP IO: no inputs
+            LLAP IO: all inputs
         Map 3 
             Map Operator Tree:
                 TableScan
@@ -223,7 +223,7 @@ STAGE PLANS:
                         Statistics: Num rows: 500 Data size: 89000 Basic stats: COMPLETE Column stats: COMPLETE
                         value expressions: _col1 (type: string)
             Execution mode: vectorized, llap
-            LLAP IO: no inputs
+            LLAP IO: all inputs
         Reducer 2 
             Execution mode: vectorized, llap
             Reduce Operator Tree:
@@ -318,7 +318,7 @@ STAGE PLANS:
                         Map-reduce partition columns: _col0 (type: string)
                         Statistics: Num rows: 500 Data size: 43500 Basic stats: COMPLETE Column stats: COMPLETE
             Execution mode: vectorized, llap
-            LLAP IO: no inputs
+            LLAP IO: all inputs
         Map 2 
             Map Operator Tree:
                 TableScan
@@ -354,7 +354,7 @@ STAGE PLANS:
                             Statistics: Num rows: 1 Data size: 8 Basic stats: COMPLETE Column stats: COMPLETE
                             value expressions: _col0 (type: bigint)
             Execution mode: vectorized, llap
-            LLAP IO: no inputs
+            LLAP IO: all inputs
         Reducer 3 
             Execution mode: vectorized, llap
             Reduce Operator Tree:
@@ -484,7 +484,7 @@ STAGE PLANS:
                                 Statistics: Num rows: 1 Data size: 8 Basic stats: COMPLETE Column stats: COMPLETE
                                 value expressions: _col0 (type: bigint)
             Execution mode: vectorized, llap
-            LLAP IO: no inputs
+            LLAP IO: all inputs
         Map 3 
             Map Operator Tree:
                 TableScan
@@ -505,7 +505,7 @@ STAGE PLANS:
                         Map-reduce partition columns: _col0 (type: string)
                         Statistics: Num rows: 500 Data size: 43500 Basic stats: COMPLETE Column stats: COMPLETE
             Execution mode: vectorized, llap
-            LLAP IO: no inputs
+            LLAP IO: all inputs
         Map 4 
             Map Operator Tree:
                 TableScan
@@ -527,7 +527,7 @@ STAGE PLANS:
                         Statistics: Num rows: 500 Data size: 89000 Basic stats: COMPLETE Column stats: COMPLETE
                         value expressions: _col1 (type: string)
             Execution mode: vectorized, llap
-            LLAP IO: no inputs
+            LLAP IO: all inputs
         Reducer 2 
             Execution mode: vectorized, llap
             Reduce Operator Tree:
@@ -663,7 +663,7 @@ STAGE PLANS:
                                 Statistics: Num rows: 1 Data size: 8 Basic stats: COMPLETE Column stats: COMPLETE
                                 value expressions: _col0 (type: bigint)
             Execution mode: vectorized, llap
-            LLAP IO: no inputs
+            LLAP IO: all inputs
         Map 3 
             Map Operator Tree:
                 TableScan
@@ -684,7 +684,7 @@ STAGE PLANS:
                         Map-reduce partition columns: _col0 (type: string)
                         Statistics: Num rows: 500 Data size: 43500 Basic stats: COMPLETE Column stats: COMPLETE
             Execution mode: vectorized, llap
-            LLAP IO: no inputs
+            LLAP IO: all inputs
         Map 4 
             Map Operator Tree:
                 TableScan
@@ -706,7 +706,7 @@ STAGE PLANS:
                         Statistics: Num rows: 500 Data size: 89000 Basic stats: COMPLETE Column stats: COMPLETE
                         value expressions: _col1 (type: string)
             Execution mode: vectorized, llap
-            LLAP IO: no inputs
+            LLAP IO: all inputs
         Reducer 2 
             Execution mode: vectorized, llap
             Reduce Operator Tree:
@@ -838,7 +838,7 @@ STAGE PLANS:
                               Statistics: Num rows: 1 Data size: 8 Basic stats: COMPLETE Column stats: COMPLETE
                               value expressions: _col0 (type: bigint)
             Execution mode: vectorized, llap
-            LLAP IO: no inputs
+            LLAP IO: all inputs
         Map 3 
             Map Operator Tree:
                 TableScan
@@ -860,7 +860,7 @@ STAGE PLANS:
                         Statistics: Num rows: 500 Data size: 89000 Basic stats: COMPLETE Column stats: COMPLETE
                         value expressions: _col1 (type: string)
             Execution mode: vectorized, llap
-            LLAP IO: no inputs
+            LLAP IO: all inputs
         Map 4 
             Map Operator Tree:
                 TableScan
@@ -881,7 +881,7 @@ STAGE PLANS:
                         Map-reduce partition columns: _col0 (type: string)
                         Statistics: Num rows: 500 Data size: 43500 Basic stats: COMPLETE Column stats: COMPLETE
             Execution mode: vectorized, llap
-            LLAP IO: no inputs
+            LLAP IO: all inputs
         Reducer 2 
             Execution mode: vectorized, llap
             Reduce Operator Tree:
@@ -1000,7 +1000,7 @@ STAGE PLANS:
                           Statistics: Num rows: 791 Data size: 209615 Basic stats: COMPLETE Column stats: COMPLETE
                           value expressions: _col1 (type: string), _col2 (type: string)
             Execution mode: vectorized, llap
-            LLAP IO: no inputs
+            LLAP IO: all inputs
         Map 2 
             Map Operator Tree:
                 TableScan
@@ -1022,7 +1022,7 @@ STAGE PLANS:
                         Statistics: Num rows: 500 Data size: 89000 Basic stats: COMPLETE Column stats: COMPLETE
                         value expressions: _col1 (type: string)
             Execution mode: vectorized, llap
-            LLAP IO: no inputs
+            LLAP IO: all inputs
         Map 3 
             Map Operator Tree:
                 TableScan
@@ -1058,7 +1058,7 @@ STAGE PLANS:
                             Statistics: Num rows: 1 Data size: 8 Basic stats: COMPLETE Column stats: COMPLETE
                             value expressions: _col0 (type: bigint)
             Execution mode: vectorized, llap
-            LLAP IO: no inputs
+            LLAP IO: all inputs
         Reducer 4 
             Execution mode: vectorized, llap
             Reduce Operator Tree:
@@ -1166,7 +1166,7 @@ STAGE PLANS:
                         Map-reduce partition columns: _col0 (type: string)
                         Statistics: Num rows: 500 Data size: 43500 Basic stats: COMPLETE Column stats: COMPLETE
             Execution mode: vectorized, llap
-            LLAP IO: no inputs
+            LLAP IO: all inputs
         Map 2 
             Map Operator Tree:
                 TableScan
@@ -1198,7 +1198,7 @@ STAGE PLANS:
                           Statistics: Num rows: 791 Data size: 209615 Basic stats: COMPLETE Column stats: COMPLETE
                           value expressions: _col1 (type: string), _col2 (type: string)
             Execution mode: vectorized, llap
-            LLAP IO: no inputs
+            LLAP IO: all inputs
         Map 3 
             Map Operator Tree:
                 TableScan
@@ -1234,7 +1234,7 @@ STAGE PLANS:
                             Statistics: Num rows: 1 Data size: 8 Basic stats: COMPLETE Column stats: COMPLETE
                             value expressions: _col0 (type: bigint)
             Execution mode: vectorized, llap
-            LLAP IO: no inputs
+            LLAP IO: all inputs
         Reducer 4 
             Execution mode: vectorized, llap
             Reduce Operator Tree:
diff --git a/ql/src/test/results/clientpositive/llap/auto_join31.q.out b/ql/src/test/results/clientpositive/llap/auto_join31.q.out
index 28fa6d02b5..5fd7d52636 100644
--- a/ql/src/test/results/clientpositive/llap/auto_join31.q.out
+++ b/ql/src/test/results/clientpositive/llap/auto_join31.q.out
@@ -86,7 +86,7 @@ STAGE PLANS:
                                 Statistics: Num rows: 1 Data size: 8 Basic stats: COMPLETE Column stats: COMPLETE
                                 value expressions: _col0 (type: bigint)
             Execution mode: vectorized, llap
-            LLAP IO: no inputs
+            LLAP IO: all inputs
         Map 3 
             Map Operator Tree:
                 TableScan
@@ -107,7 +107,7 @@ STAGE PLANS:
                         Map-reduce partition columns: _col0 (type: string)
                         Statistics: Num rows: 500 Data size: 43500 Basic stats: COMPLETE Column stats: COMPLETE
             Execution mode: vectorized, llap
-            LLAP IO: no inputs
+            LLAP IO: all inputs
         Map 4 
             Map Operator Tree:
                 TableScan
@@ -129,7 +129,7 @@ STAGE PLANS:
                         Statistics: Num rows: 500 Data size: 89000 Basic stats: COMPLETE Column stats: COMPLETE
                         value expressions: _col1 (type: string)
             Execution mode: vectorized, llap
-            LLAP IO: no inputs
+            LLAP IO: all inputs
         Reducer 2 
             Execution mode: vectorized, llap
             Reduce Operator Tree:
diff --git a/ql/src/test/results/clientpositive/llap/auto_join32.q.out b/ql/src/test/results/clientpositive/llap/auto_join32.q.out
index e264f2fa0e..70820dfc58 100644
--- a/ql/src/test/results/clientpositive/llap/auto_join32.q.out
+++ b/ql/src/test/results/clientpositive/llap/auto_join32.q.out
@@ -63,7 +63,7 @@ STAGE PLANS:
                         Map-reduce partition columns: _col0 (type: string)
                         Statistics: Num rows: 1 Data size: 184 Basic stats: COMPLETE Column stats: NONE
             Execution mode: vectorized, llap
-            LLAP IO: no inputs
+            LLAP IO: all inputs
         Map 2 
             Map Operator Tree:
                 TableScan
@@ -100,7 +100,7 @@ STAGE PLANS:
                             Map-reduce partition columns: _col0 (type: string)
                             Statistics: Num rows: 1 Data size: 202 Basic stats: COMPLETE Column stats: NONE
             Execution mode: vectorized, llap
-            LLAP IO: no inputs
+            LLAP IO: all inputs
         Reducer 3 
             Execution mode: vectorized, llap
             Reduce Operator Tree:
@@ -210,7 +210,7 @@ STAGE PLANS:
                         Map-reduce partition columns: _col0 (type: string)
                         Statistics: Num rows: 1 Data size: 184 Basic stats: COMPLETE Column stats: NONE
             Execution mode: vectorized, llap
-            LLAP IO: no inputs
+            LLAP IO: all inputs
         Map 2 
             Map Operator Tree:
                 TableScan
@@ -247,7 +247,7 @@ STAGE PLANS:
                             Map-reduce partition columns: _col0 (type: string)
                             Statistics: Num rows: 1 Data size: 202 Basic stats: COMPLETE Column stats: NONE
             Execution mode: vectorized, llap
-            LLAP IO: no inputs
+            LLAP IO: all inputs
         Reducer 3 
             Execution mode: vectorized, llap
             Reduce Operator Tree:
@@ -373,7 +373,7 @@ STAGE PLANS:
                         Map-reduce partition columns: _col0 (type: string)
                         Statistics: Num rows: 1 Data size: 184 Basic stats: COMPLETE Column stats: NONE
             Execution mode: vectorized, llap
-            LLAP IO: no inputs
+            LLAP IO: all inputs
         Map 2 
             Map Operator Tree:
                 TableScan
@@ -410,7 +410,7 @@ STAGE PLANS:
                             Map-reduce partition columns: _col0 (type: string)
                             Statistics: Num rows: 1 Data size: 202 Basic stats: COMPLETE Column stats: NONE
             Execution mode: vectorized, llap
-            LLAP IO: no inputs
+            LLAP IO: all inputs
         Reducer 3 
             Execution mode: vectorized, llap
             Reduce Operator Tree:
diff --git a/ql/src/test/results/clientpositive/llap/auto_join33.q.out b/ql/src/test/results/clientpositive/llap/auto_join33.q.out
index 7be5929513..f68a9161f7 100644
--- a/ql/src/test/results/clientpositive/llap/auto_join33.q.out
+++ b/ql/src/test/results/clientpositive/llap/auto_join33.q.out
@@ -59,7 +59,7 @@ STAGE PLANS:
                               output format: org.apache.hadoop.hive.ql.io.HiveSequenceFileOutputFormat
                               serde: org.apache.hadoop.hive.serde2.lazy.LazySimpleSerDe
             Execution mode: vectorized, llap
-            LLAP IO: no inputs
+            LLAP IO: all inputs
         Map 2 
             Map Operator Tree:
                 TableScan
@@ -81,7 +81,7 @@ STAGE PLANS:
                         Statistics: Num rows: 166 Data size: 29548 Basic stats: COMPLETE Column stats: COMPLETE
                         value expressions: _col0 (type: string), _col1 (type: string)
             Execution mode: vectorized, llap
-            LLAP IO: no inputs
+            LLAP IO: all inputs
 
   Stage: Stage-0
     Fetch Operator
diff --git a/ql/src/test/results/clientpositive/llap/auto_join4.q.out b/ql/src/test/results/clientpositive/llap/auto_join4.q.out
index 19e9df2e8b..f7b9db7030 100644
--- a/ql/src/test/results/clientpositive/llap/auto_join4.q.out
+++ b/ql/src/test/results/clientpositive/llap/auto_join4.q.out
@@ -106,7 +106,7 @@ STAGE PLANS:
                                 Statistics: Num rows: 1 Data size: 792 Basic stats: COMPLETE Column stats: COMPLETE
                                 value expressions: _col0 (type: int), _col1 (type: int), _col2 (type: bigint), _col3 (type: bigint), _col4 (type: binary), _col5 (type: int), _col6 (type: struct<count:bigint,sum:double,input:int>), _col7 (type: bigint), _col8 (type: binary), _col9 (type: int), _col10 (type: int), _col11 (type: bigint), _col12 (type: binary), _col13 (type: int), _col14 (type: struct<count:bigint,sum:double,input:int>), _col15 (type: bigint), _col16 (type: binary)
             Execution mode: llap
-            LLAP IO: no inputs
+            LLAP IO: all inputs
         Map 3 
             Map Operator Tree:
                 TableScan
@@ -128,7 +128,7 @@ STAGE PLANS:
                         Statistics: Num rows: 55 Data size: 9790 Basic stats: COMPLETE Column stats: COMPLETE
                         value expressions: _col1 (type: string)
             Execution mode: vectorized, llap
-            LLAP IO: no inputs
+            LLAP IO: all inputs
         Reducer 2 
             Execution mode: llap
             Reduce Operator Tree:
diff --git a/ql/src/test/results/clientpositive/llap/auto_join5.q.out b/ql/src/test/results/clientpositive/llap/auto_join5.q.out
index ec4b3084ee..7bf4b0ba36 100644
--- a/ql/src/test/results/clientpositive/llap/auto_join5.q.out
+++ b/ql/src/test/results/clientpositive/llap/auto_join5.q.out
@@ -76,7 +76,7 @@ STAGE PLANS:
                         Statistics: Num rows: 55 Data size: 9790 Basic stats: COMPLETE Column stats: COMPLETE
                         value expressions: _col1 (type: string)
             Execution mode: vectorized, llap
-            LLAP IO: no inputs
+            LLAP IO: all inputs
         Map 2 
             Map Operator Tree:
                 TableScan
@@ -128,7 +128,7 @@ STAGE PLANS:
                                 Statistics: Num rows: 1 Data size: 792 Basic stats: COMPLETE Column stats: COMPLETE
                                 value expressions: _col0 (type: int), _col1 (type: int), _col2 (type: bigint), _col3 (type: bigint), _col4 (type: binary), _col5 (type: int), _col6 (type: struct<count:bigint,sum:double,input:int>), _col7 (type: bigint), _col8 (type: binary), _col9 (type: int), _col10 (type: int), _col11 (type: bigint), _col12 (type: binary), _col13 (type: int), _col14 (type: struct<count:bigint,sum:double,input:int>), _col15 (type: bigint), _col16 (type: binary)
             Execution mode: llap
-            LLAP IO: no inputs
+            LLAP IO: all inputs
         Reducer 3 
             Execution mode: llap
             Reduce Operator Tree:
diff --git a/ql/src/test/results/clientpositive/llap/auto_join6.q.out b/ql/src/test/results/clientpositive/llap/auto_join6.q.out
index 5f4ece6af5..8575dbbf72 100644
--- a/ql/src/test/results/clientpositive/llap/auto_join6.q.out
+++ b/ql/src/test/results/clientpositive/llap/auto_join6.q.out
@@ -76,7 +76,7 @@ STAGE PLANS:
                         Statistics: Num rows: 55 Data size: 9790 Basic stats: COMPLETE Column stats: COMPLETE
                         value expressions: _col1 (type: string)
             Execution mode: vectorized, llap
-            LLAP IO: no inputs
+            LLAP IO: all inputs
         Map 4 
             Map Operator Tree:
                 TableScan
@@ -98,7 +98,7 @@ STAGE PLANS:
                         Statistics: Num rows: 55 Data size: 9790 Basic stats: COMPLETE Column stats: COMPLETE
                         value expressions: _col1 (type: string)
             Execution mode: vectorized, llap
-            LLAP IO: no inputs
+            LLAP IO: all inputs
         Reducer 2 
             Execution mode: llap
             Reduce Operator Tree:
diff --git a/ql/src/test/results/clientpositive/llap/auto_join7.q.out b/ql/src/test/results/clientpositive/llap/auto_join7.q.out
index 0696406a4b..89a26a6713 100644
--- a/ql/src/test/results/clientpositive/llap/auto_join7.q.out
+++ b/ql/src/test/results/clientpositive/llap/auto_join7.q.out
@@ -86,7 +86,7 @@ STAGE PLANS:
                         Statistics: Num rows: 55 Data size: 9790 Basic stats: COMPLETE Column stats: COMPLETE
                         value expressions: _col1 (type: string)
             Execution mode: vectorized, llap
-            LLAP IO: no inputs
+            LLAP IO: all inputs
         Map 4 
             Map Operator Tree:
                 TableScan
@@ -108,7 +108,7 @@ STAGE PLANS:
                         Statistics: Num rows: 55 Data size: 9790 Basic stats: COMPLETE Column stats: COMPLETE
                         value expressions: _col1 (type: string)
             Execution mode: vectorized, llap
-            LLAP IO: no inputs
+            LLAP IO: all inputs
         Map 5 
             Map Operator Tree:
                 TableScan
@@ -130,7 +130,7 @@ STAGE PLANS:
                         Statistics: Num rows: 55 Data size: 9790 Basic stats: COMPLETE Column stats: COMPLETE
                         value expressions: _col1 (type: string)
             Execution mode: vectorized, llap
-            LLAP IO: no inputs
+            LLAP IO: all inputs
         Reducer 2 
             Execution mode: llap
             Reduce Operator Tree:
diff --git a/ql/src/test/results/clientpositive/llap/auto_join8.q.out b/ql/src/test/results/clientpositive/llap/auto_join8.q.out
index 07b361774f..7ec3746252 100644
--- a/ql/src/test/results/clientpositive/llap/auto_join8.q.out
+++ b/ql/src/test/results/clientpositive/llap/auto_join8.q.out
@@ -109,7 +109,7 @@ STAGE PLANS:
                                   Statistics: Num rows: 1 Data size: 792 Basic stats: COMPLETE Column stats: COMPLETE
                                   value expressions: _col0 (type: int), _col1 (type: int), _col2 (type: bigint), _col3 (type: bigint), _col4 (type: binary), _col5 (type: int), _col6 (type: struct<count:bigint,sum:double,input:int>), _col7 (type: bigint), _col8 (type: binary), _col9 (type: int), _col10 (type: int), _col11 (type: bigint), _col12 (type: binary), _col13 (type: int), _col14 (type: struct<count:bigint,sum:double,input:int>), _col15 (type: bigint), _col16 (type: binary)
             Execution mode: llap
-            LLAP IO: no inputs
+            LLAP IO: all inputs
         Map 3 
             Map Operator Tree:
                 TableScan
@@ -131,7 +131,7 @@ STAGE PLANS:
                         Statistics: Num rows: 55 Data size: 9790 Basic stats: COMPLETE Column stats: COMPLETE
                         value expressions: _col1 (type: string)
             Execution mode: vectorized, llap
-            LLAP IO: no inputs
+            LLAP IO: all inputs
         Reducer 2 
             Execution mode: llap
             Reduce Operator Tree:
diff --git a/ql/src/test/results/clientpositive/llap/auto_join9.q.out b/ql/src/test/results/clientpositive/llap/auto_join9.q.out
index 75738282b9..fa3e4e6af5 100644
--- a/ql/src/test/results/clientpositive/llap/auto_join9.q.out
+++ b/ql/src/test/results/clientpositive/llap/auto_join9.q.out
@@ -57,7 +57,7 @@ STAGE PLANS:
                         Map-reduce partition columns: _col0 (type: string)
                         Statistics: Num rows: 500 Data size: 43500 Basic stats: COMPLETE Column stats: COMPLETE
             Execution mode: vectorized, llap
-            LLAP IO: no inputs
+            LLAP IO: all inputs
         Map 2 
             Map Operator Tree:
                 TableScan
@@ -109,7 +109,7 @@ STAGE PLANS:
                                 Statistics: Num rows: 1 Data size: 400 Basic stats: COMPLETE Column stats: COMPLETE
                                 value expressions: _col0 (type: int), _col1 (type: int), _col2 (type: bigint), _col3 (type: bigint), _col4 (type: binary), _col5 (type: int), _col6 (type: struct<count:bigint,sum:double,input:int>), _col7 (type: bigint), _col8 (type: binary)
             Execution mode: llap
-            LLAP IO: no inputs
+            LLAP IO: all inputs
         Reducer 3 
             Execution mode: llap
             Reduce Operator Tree:
diff --git a/ql/src/test/results/clientpositive/llap/auto_join_filters.q.out b/ql/src/test/results/clientpositive/llap/auto_join_filters.q.out
index 4d04c36a04..18488d421e 100644
--- a/ql/src/test/results/clientpositive/llap/auto_join_filters.q.out
+++ b/ql/src/test/results/clientpositive/llap/auto_join_filters.q.out
@@ -91,7 +91,7 @@ STAGE PLANS:
                       Statistics: Num rows: 1 Data size: 8 Basic stats: COMPLETE Column stats: NONE
                       value expressions: _col0 (type: int), _col1 (type: int), _col2 (type: boolean), _col3 (type: boolean), _col4 (type: boolean)
             Execution mode: vectorized, llap
-            LLAP IO: no inputs
+            LLAP IO: all inputs
         Map 4 
             Map Operator Tree:
                 TableScan
@@ -107,7 +107,7 @@ STAGE PLANS:
                       Statistics: Num rows: 1 Data size: 8 Basic stats: COMPLETE Column stats: NONE
                       value expressions: _col0 (type: int), _col1 (type: int), _col2 (type: boolean), _col3 (type: boolean), _col4 (type: boolean)
             Execution mode: vectorized, llap
-            LLAP IO: no inputs
+            LLAP IO: all inputs
         Reducer 2 
             Execution mode: llap
             Reduce Operator Tree:
@@ -351,7 +351,7 @@ STAGE PLANS:
                       Statistics: Num rows: 1 Data size: 8 Basic stats: COMPLETE Column stats: NONE
                       value expressions: _col1 (type: int), _col2 (type: boolean), _col3 (type: boolean), _col4 (type: boolean)
             Execution mode: vectorized, llap
-            LLAP IO: no inputs
+            LLAP IO: all inputs
         Map 4 
             Map Operator Tree:
                 TableScan
@@ -369,7 +369,7 @@ STAGE PLANS:
                       Statistics: Num rows: 1 Data size: 8 Basic stats: COMPLETE Column stats: NONE
                       value expressions: _col0 (type: int), _col2 (type: boolean), _col3 (type: boolean), _col4 (type: boolean)
             Execution mode: vectorized, llap
-            LLAP IO: no inputs
+            LLAP IO: all inputs
         Reducer 2 
             Execution mode: llap
             Reduce Operator Tree:
@@ -791,7 +791,7 @@ STAGE PLANS:
                       Statistics: Num rows: 1 Data size: 8 Basic stats: COMPLETE Column stats: NONE
                       value expressions: _col1 (type: int), _col2 (type: boolean), _col3 (type: boolean), _col4 (type: boolean)
             Execution mode: vectorized, llap
-            LLAP IO: no inputs
+            LLAP IO: all inputs
         Map 4 
             Map Operator Tree:
                 TableScan
@@ -809,7 +809,7 @@ STAGE PLANS:
                       Statistics: Num rows: 1 Data size: 8 Basic stats: COMPLETE Column stats: NONE
                       value expressions: _col0 (type: int), _col2 (type: boolean), _col3 (type: boolean), _col4 (type: boolean)
             Execution mode: vectorized, llap
-            LLAP IO: no inputs
+            LLAP IO: all inputs
         Reducer 2 
             Execution mode: llap
             Reduce Operator Tree:
diff --git a/ql/src/test/results/clientpositive/llap/auto_join_nulls.q.out b/ql/src/test/results/clientpositive/llap/auto_join_nulls.q.out
index d5e4e48252..996d57e458 100644
--- a/ql/src/test/results/clientpositive/llap/auto_join_nulls.q.out
+++ b/ql/src/test/results/clientpositive/llap/auto_join_nulls.q.out
@@ -226,7 +226,7 @@ STAGE PLANS:
                       Statistics: Num rows: 1 Data size: 8 Basic stats: COMPLETE Column stats: NONE
                       value expressions: _col1 (type: int)
             Execution mode: vectorized, llap
-            LLAP IO: no inputs
+            LLAP IO: all inputs
         Map 4 
             Map Operator Tree:
                 TableScan
@@ -244,7 +244,7 @@ STAGE PLANS:
                       Statistics: Num rows: 1 Data size: 8 Basic stats: COMPLETE Column stats: NONE
                       value expressions: _col0 (type: int)
             Execution mode: vectorized, llap
-            LLAP IO: no inputs
+            LLAP IO: all inputs
         Reducer 2 
             Execution mode: llap
             Reduce Operator Tree:
diff --git a/ql/src/test/results/clientpositive/llap/auto_join_reordering_values.q.out b/ql/src/test/results/clientpositive/llap/auto_join_reordering_values.q.out
index 15ad6c64e5..fe7abe199b 100644
--- a/ql/src/test/results/clientpositive/llap/auto_join_reordering_values.q.out
+++ b/ql/src/test/results/clientpositive/llap/auto_join_reordering_values.q.out
@@ -181,7 +181,7 @@ STAGE PLANS:
                         tag: 1
                         auto parallelism: true
             Execution mode: vectorized, llap
-            LLAP IO: no inputs
+            LLAP IO: all inputs
             Path -> Alias:
 #### A masked pattern was here ####
             Path -> Partition:
@@ -245,7 +245,7 @@ STAGE PLANS:
                         tag: 1
                         auto parallelism: true
             Execution mode: vectorized, llap
-            LLAP IO: no inputs
+            LLAP IO: all inputs
             Path -> Alias:
 #### A masked pattern was here ####
             Path -> Partition:
@@ -309,7 +309,7 @@ STAGE PLANS:
                         tag: 1
                         auto parallelism: true
             Execution mode: vectorized, llap
-            LLAP IO: no inputs
+            LLAP IO: all inputs
             Path -> Alias:
 #### A masked pattern was here ####
             Path -> Partition:
diff --git a/ql/src/test/results/clientpositive/llap/auto_join_stats.q.out b/ql/src/test/results/clientpositive/llap/auto_join_stats.q.out
index 00c371f461..8ed693529f 100644
--- a/ql/src/test/results/clientpositive/llap/auto_join_stats.q.out
+++ b/ql/src/test/results/clientpositive/llap/auto_join_stats.q.out
@@ -65,7 +65,7 @@ STAGE PLANS:
                         Statistics: Num rows: 500 Data size: 47500 Basic stats: COMPLETE Column stats: COMPLETE
                         value expressions: _col1 (type: double)
             Execution mode: vectorized, llap
-            LLAP IO: no inputs
+            LLAP IO: all inputs
         Map 3 
             Map Operator Tree:
                 TableScan
@@ -87,7 +87,7 @@ STAGE PLANS:
                         Statistics: Num rows: 500 Data size: 47500 Basic stats: COMPLETE Column stats: COMPLETE
                         value expressions: _col1 (type: double)
             Execution mode: vectorized, llap
-            LLAP IO: no inputs
+            LLAP IO: all inputs
         Map 4 
             Map Operator Tree:
                 TableScan
@@ -109,7 +109,7 @@ STAGE PLANS:
                         Statistics: Num rows: 6 Data size: 1104 Basic stats: COMPLETE Column stats: NONE
                         value expressions: _col0 (type: string)
             Execution mode: vectorized, llap
-            LLAP IO: no inputs
+            LLAP IO: all inputs
         Reducer 2 
             Execution mode: llap
             Reduce Operator Tree:
@@ -230,7 +230,7 @@ STAGE PLANS:
                         Statistics: Num rows: 500 Data size: 47500 Basic stats: COMPLETE Column stats: COMPLETE
                         value expressions: _col1 (type: double)
             Execution mode: vectorized, llap
-            LLAP IO: no inputs
+            LLAP IO: all inputs
         Map 3 
             Map Operator Tree:
                 TableScan
@@ -252,7 +252,7 @@ STAGE PLANS:
                         Statistics: Num rows: 500 Data size: 47500 Basic stats: COMPLETE Column stats: COMPLETE
                         value expressions: _col1 (type: double)
             Execution mode: vectorized, llap
-            LLAP IO: no inputs
+            LLAP IO: all inputs
         Map 4 
             Map Operator Tree:
                 TableScan
@@ -273,7 +273,7 @@ STAGE PLANS:
                         Map-reduce partition columns: _col0 (type: double)
                         Statistics: Num rows: 1 Data size: 184 Basic stats: COMPLETE Column stats: NONE
             Execution mode: vectorized, llap
-            LLAP IO: no inputs
+            LLAP IO: all inputs
         Map 5 
             Map Operator Tree:
                 TableScan
@@ -295,7 +295,7 @@ STAGE PLANS:
                         Statistics: Num rows: 6 Data size: 1104 Basic stats: COMPLETE Column stats: NONE
                         value expressions: _col0 (type: string)
             Execution mode: vectorized, llap
-            LLAP IO: no inputs
+            LLAP IO: all inputs
         Reducer 2 
             Execution mode: llap
             Reduce Operator Tree:
diff --git a/ql/src/test/results/clientpositive/llap/auto_join_stats2.q.out b/ql/src/test/results/clientpositive/llap/auto_join_stats2.q.out
index b946781e12..a821ec2050 100644
--- a/ql/src/test/results/clientpositive/llap/auto_join_stats2.q.out
+++ b/ql/src/test/results/clientpositive/llap/auto_join_stats2.q.out
@@ -83,7 +83,7 @@ STAGE PLANS:
                                   output format: org.apache.hadoop.hive.ql.io.HiveSequenceFileOutputFormat
                                   serde: org.apache.hadoop.hive.serde2.lazy.LazySimpleSerDe
             Execution mode: llap
-            LLAP IO: no inputs
+            LLAP IO: all inputs
         Map 2 
             Map Operator Tree:
                 TableScan
@@ -103,7 +103,7 @@ STAGE PLANS:
                         Statistics: Num rows: 1 Data size: 184 Basic stats: COMPLETE Column stats: NONE
                         value expressions: _col0 (type: string), _col1 (type: double)
             Execution mode: vectorized, llap
-            LLAP IO: no inputs
+            LLAP IO: all inputs
         Map 3 
             Map Operator Tree:
                 TableScan
@@ -125,7 +125,7 @@ STAGE PLANS:
                         Statistics: Num rows: 500 Data size: 47500 Basic stats: COMPLETE Column stats: COMPLETE
                         value expressions: _col1 (type: double)
             Execution mode: vectorized, llap
-            LLAP IO: no inputs
+            LLAP IO: all inputs
 
   Stage: Stage-0
     Fetch Operator
@@ -249,7 +249,7 @@ STAGE PLANS:
                                     output format: org.apache.hadoop.hive.ql.io.HiveSequenceFileOutputFormat
                                     serde: org.apache.hadoop.hive.serde2.lazy.LazySimpleSerDe
             Execution mode: vectorized, llap
-            LLAP IO: no inputs
+            LLAP IO: all inputs
         Map 2 
             Map Operator Tree:
                 TableScan
@@ -271,7 +271,7 @@ STAGE PLANS:
                         Statistics: Num rows: 500 Data size: 47500 Basic stats: COMPLETE Column stats: COMPLETE
                         value expressions: _col1 (type: double)
             Execution mode: vectorized, llap
-            LLAP IO: no inputs
+            LLAP IO: all inputs
         Map 3 
             Map Operator Tree:
                 TableScan
@@ -292,7 +292,7 @@ STAGE PLANS:
                         Map-reduce partition columns: _col0 (type: double)
                         Statistics: Num rows: 1 Data size: 184 Basic stats: COMPLETE Column stats: NONE
             Execution mode: vectorized, llap
-            LLAP IO: no inputs
+            LLAP IO: all inputs
         Map 4 
             Map Operator Tree:
                 TableScan
@@ -314,7 +314,7 @@ STAGE PLANS:
                         Statistics: Num rows: 6 Data size: 1104 Basic stats: COMPLETE Column stats: NONE
                         value expressions: _col0 (type: string)
             Execution mode: vectorized, llap
-            LLAP IO: no inputs
+            LLAP IO: all inputs
 
   Stage: Stage-0
     Fetch Operator
diff --git a/ql/src/test/results/clientpositive/llap/auto_join_without_localtask.q.out b/ql/src/test/results/clientpositive/llap/auto_join_without_localtask.q.out
index b618440d88..dbc4b23a68 100644
--- a/ql/src/test/results/clientpositive/llap/auto_join_without_localtask.q.out
+++ b/ql/src/test/results/clientpositive/llap/auto_join_without_localtask.q.out
@@ -42,7 +42,7 @@ STAGE PLANS:
                         Statistics: Num rows: 500 Data size: 89000 Basic stats: COMPLETE Column stats: COMPLETE
                         value expressions: _col1 (type: string)
             Execution mode: llap
-            LLAP IO: no inputs
+            LLAP IO: all inputs
         Map 4 
             Map Operator Tree:
                 TableScan
@@ -63,7 +63,7 @@ STAGE PLANS:
                         Map-reduce partition columns: _col0 (type: string)
                         Statistics: Num rows: 500 Data size: 43500 Basic stats: COMPLETE Column stats: COMPLETE
             Execution mode: llap
-            LLAP IO: no inputs
+            LLAP IO: all inputs
         Reducer 2 
             Execution mode: llap
             Reduce Operator Tree:
@@ -217,7 +217,7 @@ STAGE PLANS:
                         Map-reduce partition columns: _col0 (type: string)
                         Statistics: Num rows: 500 Data size: 45500 Basic stats: COMPLETE Column stats: COMPLETE
             Execution mode: llap
-            LLAP IO: no inputs
+            LLAP IO: all inputs
         Map 5 
             Map Operator Tree:
                 TableScan
@@ -238,7 +238,7 @@ STAGE PLANS:
                         Map-reduce partition columns: _col0 (type: string)
                         Statistics: Num rows: 500 Data size: 43500 Basic stats: COMPLETE Column stats: COMPLETE
             Execution mode: llap
-            LLAP IO: no inputs
+            LLAP IO: all inputs
         Reducer 2 
             Execution mode: llap
             Reduce Operator Tree:
@@ -396,7 +396,7 @@ STAGE PLANS:
                         Map-reduce partition columns: _col0 (type: string)
                         Statistics: Num rows: 166 Data size: 14442 Basic stats: COMPLETE Column stats: COMPLETE
             Execution mode: llap
-            LLAP IO: no inputs
+            LLAP IO: all inputs
         Map 5 
             Map Operator Tree:
                 TableScan
@@ -431,7 +431,7 @@ STAGE PLANS:
                         Statistics: Num rows: 166 Data size: 29548 Basic stats: COMPLETE Column stats: COMPLETE
                         value expressions: _col1 (type: string)
             Execution mode: llap
-            LLAP IO: no inputs
+            LLAP IO: all inputs
         Reducer 2 
             Execution mode: llap
             Reduce Operator Tree:
diff --git a/ql/src/test/results/clientpositive/llap/auto_smb_mapjoin_14.q.out b/ql/src/test/results/clientpositive/llap/auto_smb_mapjoin_14.q.out
index 7bf8af5094..18fdebc821 100644
--- a/ql/src/test/results/clientpositive/llap/auto_smb_mapjoin_14.q.out
+++ b/ql/src/test/results/clientpositive/llap/auto_smb_mapjoin_14.q.out
@@ -1148,7 +1148,7 @@ STAGE PLANS:
                         Map-reduce partition columns: _col0 (type: int)
                         Statistics: Num rows: 10 Data size: 40 Basic stats: COMPLETE Column stats: COMPLETE
             Execution mode: vectorized, llap
-            LLAP IO: no inputs
+            LLAP IO: all inputs
         Map 4 
             Map Operator Tree:
                 TableScan
@@ -1169,7 +1169,7 @@ STAGE PLANS:
                         Map-reduce partition columns: _col0 (type: int)
                         Statistics: Num rows: 10 Data size: 40 Basic stats: COMPLETE Column stats: COMPLETE
             Execution mode: vectorized, llap
-            LLAP IO: no inputs
+            LLAP IO: all inputs
         Reducer 2 
             Execution mode: llap
             Reduce Operator Tree:
@@ -1442,7 +1442,7 @@ STAGE PLANS:
                         Map-reduce partition columns: _col0 (type: int)
                         Statistics: Num rows: 7 Data size: 28 Basic stats: COMPLETE Column stats: COMPLETE
             Execution mode: vectorized, llap
-            LLAP IO: no inputs
+            LLAP IO: all inputs
         Reducer 2 
             Execution mode: llap
             Reduce Operator Tree:
diff --git a/ql/src/test/results/clientpositive/llap/auto_sortmerge_join_10.q.out b/ql/src/test/results/clientpositive/llap/auto_sortmerge_join_10.q.out
index 968cff0e7d..d5b5ab475e 100644
--- a/ql/src/test/results/clientpositive/llap/auto_sortmerge_join_10.q.out
+++ b/ql/src/test/results/clientpositive/llap/auto_sortmerge_join_10.q.out
@@ -103,7 +103,7 @@ STAGE PLANS:
                         Map-reduce partition columns: _col0 (type: int)
                         Statistics: Num rows: 14 Data size: 56 Basic stats: COMPLETE Column stats: COMPLETE
             Execution mode: vectorized, llap
-            LLAP IO: no inputs
+            LLAP IO: all inputs
         Map 5 
             Map Operator Tree:
                 TableScan
@@ -124,7 +124,7 @@ STAGE PLANS:
                         Map-reduce partition columns: _col0 (type: int)
                         Statistics: Num rows: 14 Data size: 56 Basic stats: COMPLETE Column stats: COMPLETE
             Execution mode: vectorized, llap
-            LLAP IO: no inputs
+            LLAP IO: all inputs
         Map 6 
             Map Operator Tree:
                 TableScan
@@ -145,7 +145,7 @@ STAGE PLANS:
                         Map-reduce partition columns: _col0 (type: int)
                         Statistics: Num rows: 7 Data size: 28 Basic stats: COMPLETE Column stats: COMPLETE
             Execution mode: vectorized, llap
-            LLAP IO: no inputs
+            LLAP IO: all inputs
         Reducer 3 
             Execution mode: llap
             Reduce Operator Tree:
diff --git a/ql/src/test/results/clientpositive/llap/auto_sortmerge_join_11.q.out b/ql/src/test/results/clientpositive/llap/auto_sortmerge_join_11.q.out
index 9902ff3ada..d537a23119 100644
--- a/ql/src/test/results/clientpositive/llap/auto_sortmerge_join_11.q.out
+++ b/ql/src/test/results/clientpositive/llap/auto_sortmerge_join_11.q.out
@@ -163,7 +163,7 @@ STAGE PLANS:
                         tag: 0
                         auto parallelism: true
             Execution mode: vectorized, llap
-            LLAP IO: no inputs
+            LLAP IO: all inputs
             Path -> Alias:
 #### A masked pattern was here ####
             Path -> Partition:
@@ -236,7 +236,7 @@ STAGE PLANS:
                         tag: 1
                         auto parallelism: true
             Execution mode: vectorized, llap
-            LLAP IO: no inputs
+            LLAP IO: all inputs
             Path -> Alias:
 #### A masked pattern was here ####
             Path -> Partition:
@@ -1172,7 +1172,7 @@ STAGE PLANS:
                       tag: 1
                       auto parallelism: true
             Execution mode: vectorized, llap
-            LLAP IO: no inputs
+            LLAP IO: all inputs
             Path -> Alias:
 #### A masked pattern was here ####
             Path -> Partition:
diff --git a/ql/src/test/results/clientpositive/llap/auto_sortmerge_join_12.q.out b/ql/src/test/results/clientpositive/llap/auto_sortmerge_join_12.q.out
index d0d01fe93e..307e7eda3f 100644
--- a/ql/src/test/results/clientpositive/llap/auto_sortmerge_join_12.q.out
+++ b/ql/src/test/results/clientpositive/llap/auto_sortmerge_join_12.q.out
@@ -207,7 +207,7 @@ STAGE PLANS:
                       tag: 0
                       auto parallelism: false
             Execution mode: vectorized, llap
-            LLAP IO: no inputs
+            LLAP IO: all inputs
             Path -> Alias:
 #### A masked pattern was here ####
             Path -> Partition:
@@ -462,7 +462,7 @@ STAGE PLANS:
                         tag: 1
                         auto parallelism: true
             Execution mode: vectorized, llap
-            LLAP IO: no inputs
+            LLAP IO: all inputs
             Path -> Alias:
 #### A masked pattern was here ####
             Path -> Partition:
diff --git a/ql/src/test/results/clientpositive/llap/auto_sortmerge_join_13.q.out b/ql/src/test/results/clientpositive/llap/auto_sortmerge_join_13.q.out
index 761f49120f..b7b9c5e08c 100644
--- a/ql/src/test/results/clientpositive/llap/auto_sortmerge_join_13.q.out
+++ b/ql/src/test/results/clientpositive/llap/auto_sortmerge_join_13.q.out
@@ -171,7 +171,7 @@ STAGE PLANS:
                                 Statistics: Num rows: 1 Data size: 472 Basic stats: COMPLETE Column stats: COMPLETE
                                 value expressions: _col0 (type: int), _col1 (type: struct<count:bigint,sum:double,input:int>), _col2 (type: bigint), _col3 (type: bigint), _col4 (type: binary), _col5 (type: int), _col6 (type: struct<count:bigint,sum:double,input:int>), _col7 (type: bigint), _col8 (type: binary)
             Execution mode: llap
-            LLAP IO: no inputs
+            LLAP IO: all inputs
         Map 4 
             Map Operator Tree:
                 TableScan
@@ -193,7 +193,7 @@ STAGE PLANS:
                         Statistics: Num rows: 10 Data size: 930 Basic stats: COMPLETE Column stats: COMPLETE
                         value expressions: _col1 (type: string)
             Execution mode: vectorized, llap
-            LLAP IO: no inputs
+            LLAP IO: all inputs
         Reducer 2 
             Execution mode: llap
             Reduce Operator Tree:
@@ -479,7 +479,7 @@ STAGE PLANS:
                                 Statistics: Num rows: 1 Data size: 472 Basic stats: COMPLETE Column stats: COMPLETE
                                 value expressions: _col0 (type: int), _col1 (type: struct<count:bigint,sum:double,input:int>), _col2 (type: bigint), _col3 (type: bigint), _col4 (type: binary), _col5 (type: int), _col6 (type: struct<count:bigint,sum:double,input:int>), _col7 (type: bigint), _col8 (type: binary)
             Execution mode: llap
-            LLAP IO: no inputs
+            LLAP IO: all inputs
         Map 4 
             Map Operator Tree:
                 TableScan
@@ -501,7 +501,7 @@ STAGE PLANS:
                         Statistics: Num rows: 10 Data size: 930 Basic stats: COMPLETE Column stats: COMPLETE
                         value expressions: _col1 (type: string)
             Execution mode: vectorized, llap
-            LLAP IO: no inputs
+            LLAP IO: all inputs
         Reducer 2 
             Execution mode: llap
             Reduce Operator Tree:
@@ -787,7 +787,7 @@ STAGE PLANS:
                                 Statistics: Num rows: 1 Data size: 472 Basic stats: COMPLETE Column stats: COMPLETE
                                 value expressions: _col0 (type: int), _col1 (type: struct<count:bigint,sum:double,input:int>), _col2 (type: bigint), _col3 (type: bigint), _col4 (type: binary), _col5 (type: int), _col6 (type: struct<count:bigint,sum:double,input:int>), _col7 (type: bigint), _col8 (type: binary)
             Execution mode: llap
-            LLAP IO: no inputs
+            LLAP IO: all inputs
         Map 4 
             Map Operator Tree:
                 TableScan
@@ -809,7 +809,7 @@ STAGE PLANS:
                         Statistics: Num rows: 10 Data size: 930 Basic stats: COMPLETE Column stats: COMPLETE
                         value expressions: _col1 (type: string)
             Execution mode: vectorized, llap
-            LLAP IO: no inputs
+            LLAP IO: all inputs
         Reducer 2 
             Execution mode: llap
             Reduce Operator Tree:
diff --git a/ql/src/test/results/clientpositive/llap/auto_sortmerge_join_6.q.out b/ql/src/test/results/clientpositive/llap/auto_sortmerge_join_6.q.out
index 1afb71a467..5e1727c7a1 100644
--- a/ql/src/test/results/clientpositive/llap/auto_sortmerge_join_6.q.out
+++ b/ql/src/test/results/clientpositive/llap/auto_sortmerge_join_6.q.out
@@ -117,7 +117,7 @@ STAGE PLANS:
                         Statistics: Num rows: 500 Data size: 47500 Basic stats: COMPLETE Column stats: COMPLETE
                         value expressions: _col0 (type: int)
             Execution mode: vectorized, llap
-            LLAP IO: no inputs
+            LLAP IO: all inputs
         Map 5 
             Map Operator Tree:
                 TableScan
@@ -138,7 +138,7 @@ STAGE PLANS:
                         Map-reduce partition columns: _col0 (type: string)
                         Statistics: Num rows: 500 Data size: 45500 Basic stats: COMPLETE Column stats: COMPLETE
             Execution mode: vectorized, llap
-            LLAP IO: no inputs
+            LLAP IO: all inputs
         Map 6 
             Map Operator Tree:
                 TableScan
@@ -159,7 +159,7 @@ STAGE PLANS:
                         Map-reduce partition columns: _col0 (type: int)
                         Statistics: Num rows: 500 Data size: 2000 Basic stats: COMPLETE Column stats: COMPLETE
             Execution mode: vectorized, llap
-            LLAP IO: no inputs
+            LLAP IO: all inputs
         Reducer 2 
             Execution mode: llap
             Reduce Operator Tree:
@@ -280,7 +280,7 @@ STAGE PLANS:
                         Statistics: Num rows: 500 Data size: 47500 Basic stats: COMPLETE Column stats: COMPLETE
                         value expressions: _col0 (type: int)
             Execution mode: vectorized, llap
-            LLAP IO: no inputs
+            LLAP IO: all inputs
         Map 5 
             Map Operator Tree:
                 TableScan
@@ -301,7 +301,7 @@ STAGE PLANS:
                         Map-reduce partition columns: _col0 (type: string)
                         Statistics: Num rows: 500 Data size: 45500 Basic stats: COMPLETE Column stats: COMPLETE
             Execution mode: vectorized, llap
-            LLAP IO: no inputs
+            LLAP IO: all inputs
         Map 6 
             Map Operator Tree:
                 TableScan
@@ -322,7 +322,7 @@ STAGE PLANS:
                         Map-reduce partition columns: _col0 (type: int)
                         Statistics: Num rows: 500 Data size: 2000 Basic stats: COMPLETE Column stats: COMPLETE
             Execution mode: vectorized, llap
-            LLAP IO: no inputs
+            LLAP IO: all inputs
         Reducer 2 
             Execution mode: llap
             Reduce Operator Tree:
@@ -443,7 +443,7 @@ STAGE PLANS:
                         Statistics: Num rows: 500 Data size: 47500 Basic stats: COMPLETE Column stats: COMPLETE
                         value expressions: _col0 (type: int)
             Execution mode: vectorized, llap
-            LLAP IO: no inputs
+            LLAP IO: all inputs
         Map 5 
             Map Operator Tree:
                 TableScan
@@ -464,7 +464,7 @@ STAGE PLANS:
                         Map-reduce partition columns: _col0 (type: string)
                         Statistics: Num rows: 500 Data size: 45500 Basic stats: COMPLETE Column stats: COMPLETE
             Execution mode: vectorized, llap
-            LLAP IO: no inputs
+            LLAP IO: all inputs
         Map 6 
             Map Operator Tree:
                 TableScan
@@ -485,7 +485,7 @@ STAGE PLANS:
                         Map-reduce partition columns: _col0 (type: int)
                         Statistics: Num rows: 500 Data size: 2000 Basic stats: COMPLETE Column stats: COMPLETE
             Execution mode: vectorized, llap
-            LLAP IO: no inputs
+            LLAP IO: all inputs
         Reducer 2 
             Execution mode: llap
             Reduce Operator Tree:
@@ -645,7 +645,7 @@ STAGE PLANS:
                         Map-reduce partition columns: _col0 (type: double)
                         Statistics: Num rows: 500 Data size: 4000 Basic stats: COMPLETE Column stats: COMPLETE
             Execution mode: vectorized, llap
-            LLAP IO: no inputs
+            LLAP IO: all inputs
         Reducer 2 
             Execution mode: llap
             Reduce Operator Tree:
@@ -788,7 +788,7 @@ STAGE PLANS:
                         Map-reduce partition columns: _col0 (type: int)
                         Statistics: Num rows: 500 Data size: 2000 Basic stats: COMPLETE Column stats: COMPLETE
             Execution mode: vectorized, llap
-            LLAP IO: no inputs
+            LLAP IO: all inputs
         Reducer 2 
             Execution mode: llap
             Reduce Operator Tree:
@@ -892,7 +892,7 @@ STAGE PLANS:
                         Statistics: Num rows: 500 Data size: 47500 Basic stats: COMPLETE Column stats: COMPLETE
                         value expressions: _col0 (type: int)
             Execution mode: vectorized, llap
-            LLAP IO: no inputs
+            LLAP IO: all inputs
         Map 5 
             Map Operator Tree:
                 TableScan
@@ -913,7 +913,7 @@ STAGE PLANS:
                         Map-reduce partition columns: _col0 (type: string)
                         Statistics: Num rows: 500 Data size: 45500 Basic stats: COMPLETE Column stats: COMPLETE
             Execution mode: vectorized, llap
-            LLAP IO: no inputs
+            LLAP IO: all inputs
         Map 6 
             Map Operator Tree:
                 TableScan
@@ -934,7 +934,7 @@ STAGE PLANS:
                         Map-reduce partition columns: _col0 (type: int)
                         Statistics: Num rows: 500 Data size: 2000 Basic stats: COMPLETE Column stats: COMPLETE
             Execution mode: vectorized, llap
-            LLAP IO: no inputs
+            LLAP IO: all inputs
         Reducer 2 
             Execution mode: llap
             Reduce Operator Tree:
@@ -1055,7 +1055,7 @@ STAGE PLANS:
                         Statistics: Num rows: 500 Data size: 47500 Basic stats: COMPLETE Column stats: COMPLETE
                         value expressions: _col0 (type: int)
             Execution mode: vectorized, llap
-            LLAP IO: no inputs
+            LLAP IO: all inputs
         Map 5 
             Map Operator Tree:
                 TableScan
@@ -1076,7 +1076,7 @@ STAGE PLANS:
                         Map-reduce partition columns: _col0 (type: string)
                         Statistics: Num rows: 500 Data size: 45500 Basic stats: COMPLETE Column stats: COMPLETE
             Execution mode: vectorized, llap
-            LLAP IO: no inputs
+            LLAP IO: all inputs
         Map 6 
             Map Operator Tree:
                 TableScan
@@ -1097,7 +1097,7 @@ STAGE PLANS:
                         Map-reduce partition columns: _col0 (type: int)
                         Statistics: Num rows: 500 Data size: 2000 Basic stats: COMPLETE Column stats: COMPLETE
             Execution mode: vectorized, llap
-            LLAP IO: no inputs
+            LLAP IO: all inputs
         Reducer 2 
             Execution mode: llap
             Reduce Operator Tree:
@@ -1257,7 +1257,7 @@ STAGE PLANS:
                         Map-reduce partition columns: _col0 (type: double)
                         Statistics: Num rows: 500 Data size: 4000 Basic stats: COMPLETE Column stats: COMPLETE
             Execution mode: vectorized, llap
-            LLAP IO: no inputs
+            LLAP IO: all inputs
         Reducer 2 
             Execution mode: llap
             Reduce Operator Tree:
@@ -1400,7 +1400,7 @@ STAGE PLANS:
                         Map-reduce partition columns: _col0 (type: int)
                         Statistics: Num rows: 500 Data size: 2000 Basic stats: COMPLETE Column stats: COMPLETE
             Execution mode: vectorized, llap
-            LLAP IO: no inputs
+            LLAP IO: all inputs
         Reducer 2 
             Execution mode: llap
             Reduce Operator Tree:
@@ -1504,7 +1504,7 @@ STAGE PLANS:
                         Statistics: Num rows: 500 Data size: 47500 Basic stats: COMPLETE Column stats: COMPLETE
                         value expressions: _col0 (type: int)
             Execution mode: vectorized, llap
-            LLAP IO: no inputs
+            LLAP IO: all inputs
         Map 5 
             Map Operator Tree:
                 TableScan
@@ -1525,7 +1525,7 @@ STAGE PLANS:
                         Map-reduce partition columns: _col0 (type: string)
                         Statistics: Num rows: 500 Data size: 45500 Basic stats: COMPLETE Column stats: COMPLETE
             Execution mode: vectorized, llap
-            LLAP IO: no inputs
+            LLAP IO: all inputs
         Map 6 
             Map Operator Tree:
                 TableScan
@@ -1546,7 +1546,7 @@ STAGE PLANS:
                         Map-reduce partition columns: _col0 (type: int)
                         Statistics: Num rows: 500 Data size: 2000 Basic stats: COMPLETE Column stats: COMPLETE
             Execution mode: vectorized, llap
-            LLAP IO: no inputs
+            LLAP IO: all inputs
         Reducer 2 
             Execution mode: llap
             Reduce Operator Tree:
diff --git a/ql/src/test/results/clientpositive/llap/auto_sortmerge_join_9.q.out b/ql/src/test/results/clientpositive/llap/auto_sortmerge_join_9.q.out
index deaf2f46c1..d33695a8b9 100644
--- a/ql/src/test/results/clientpositive/llap/auto_sortmerge_join_9.q.out
+++ b/ql/src/test/results/clientpositive/llap/auto_sortmerge_join_9.q.out
@@ -1276,7 +1276,7 @@ STAGE PLANS:
                         Map-reduce partition columns: _col0 (type: int)
                         Statistics: Num rows: 10 Data size: 40 Basic stats: COMPLETE Column stats: COMPLETE
             Execution mode: vectorized, llap
-            LLAP IO: no inputs
+            LLAP IO: all inputs
         Map 4 
             Map Operator Tree:
                 TableScan
@@ -1297,7 +1297,7 @@ STAGE PLANS:
                         Map-reduce partition columns: _col0 (type: int)
                         Statistics: Num rows: 10 Data size: 40 Basic stats: COMPLETE Column stats: COMPLETE
             Execution mode: vectorized, llap
-            LLAP IO: no inputs
+            LLAP IO: all inputs
         Reducer 2 
             Execution mode: llap
             Reduce Operator Tree:
@@ -1684,7 +1684,7 @@ STAGE PLANS:
                         Map-reduce partition columns: _col0 (type: int)
                         Statistics: Num rows: 7 Data size: 28 Basic stats: COMPLETE Column stats: COMPLETE
             Execution mode: vectorized, llap
-            LLAP IO: no inputs
+            LLAP IO: all inputs
         Reducer 2 
             Execution mode: llap
             Reduce Operator Tree:
@@ -3404,7 +3404,7 @@ STAGE PLANS:
                         Map-reduce partition columns: _col0 (type: int)
                         Statistics: Num rows: 7 Data size: 28 Basic stats: COMPLETE Column stats: COMPLETE
             Execution mode: vectorized, llap
-            LLAP IO: no inputs
+            LLAP IO: all inputs
         Reducer 2 
             Execution mode: llap
             Reduce Operator Tree:
diff --git a/ql/src/test/results/clientpositive/llap/binarysortable_1.q.out b/ql/src/test/results/clientpositive/llap/binarysortable_1.q.out
index 3240ffcbca..e723f3b080 100644
--- a/ql/src/test/results/clientpositive/llap/binarysortable_1.q.out
+++ b/ql/src/test/results/clientpositive/llap/binarysortable_1.q.out
@@ -76,7 +76,7 @@ STAGE PLANS:
                         Statistics: Num rows: 1 Data size: 368 Basic stats: COMPLETE Column stats: NONE
                         value expressions: _col1 (type: double)
             Execution mode: llap
-            LLAP IO: no inputs
+            LLAP IO: all inputs
         Reducer 2 
             Execution mode: vectorized, llap
             Reduce Operator Tree:
diff --git a/ql/src/test/results/clientpositive/llap/bucket1.q.out b/ql/src/test/results/clientpositive/llap/bucket1.q.out
index 8afc836d77..601d776fe4 100644
--- a/ql/src/test/results/clientpositive/llap/bucket1.q.out
+++ b/ql/src/test/results/clientpositive/llap/bucket1.q.out
@@ -57,7 +57,7 @@ STAGE PLANS:
                       value expressions: _col1 (type: string)
                       auto parallelism: false
             Execution mode: vectorized, llap
-            LLAP IO: no inputs
+            LLAP IO: all inputs
             Path -> Alias:
 #### A masked pattern was here ####
             Path -> Partition:
diff --git a/ql/src/test/results/clientpositive/llap/bucket2.q.out b/ql/src/test/results/clientpositive/llap/bucket2.q.out
index 12ac8a3fee..bf86af5ee5 100644
--- a/ql/src/test/results/clientpositive/llap/bucket2.q.out
+++ b/ql/src/test/results/clientpositive/llap/bucket2.q.out
@@ -56,7 +56,7 @@ STAGE PLANS:
                       value expressions: _col1 (type: string)
                       auto parallelism: false
             Execution mode: vectorized, llap
-            LLAP IO: no inputs
+            LLAP IO: all inputs
             Path -> Alias:
 #### A masked pattern was here ####
             Path -> Partition:
diff --git a/ql/src/test/results/clientpositive/llap/bucket3.q.out b/ql/src/test/results/clientpositive/llap/bucket3.q.out
index e423c62501..aa786751da 100644
--- a/ql/src/test/results/clientpositive/llap/bucket3.q.out
+++ b/ql/src/test/results/clientpositive/llap/bucket3.q.out
@@ -57,7 +57,7 @@ STAGE PLANS:
                       value expressions: _col1 (type: string)
                       auto parallelism: false
             Execution mode: vectorized, llap
-            LLAP IO: no inputs
+            LLAP IO: all inputs
             Path -> Alias:
 #### A masked pattern was here ####
             Path -> Partition:
diff --git a/ql/src/test/results/clientpositive/llap/bucket4.q.out b/ql/src/test/results/clientpositive/llap/bucket4.q.out
index 3242b5c4a0..932962845c 100644
--- a/ql/src/test/results/clientpositive/llap/bucket4.q.out
+++ b/ql/src/test/results/clientpositive/llap/bucket4.q.out
@@ -56,7 +56,7 @@ STAGE PLANS:
                       value expressions: _col1 (type: string)
                       auto parallelism: false
             Execution mode: vectorized, llap
-            LLAP IO: no inputs
+            LLAP IO: all inputs
             Path -> Alias:
 #### A masked pattern was here ####
             Path -> Partition:
diff --git a/ql/src/test/results/clientpositive/llap/bucket5.q.out b/ql/src/test/results/clientpositive/llap/bucket5.q.out
index 277f913d65..73301a3462 100644
--- a/ql/src/test/results/clientpositive/llap/bucket5.q.out
+++ b/ql/src/test/results/clientpositive/llap/bucket5.q.out
@@ -91,7 +91,7 @@ STAGE PLANS:
                       value expressions: _col1 (type: string)
                       auto parallelism: false
             Execution mode: vectorized, llap
-            LLAP IO: no inputs
+            LLAP IO: all inputs
             Path -> Alias:
               hdfs://### HDFS PATH ### [src]
             Path -> Partition:
diff --git a/ql/src/test/results/clientpositive/llap/bucket6.q.out b/ql/src/test/results/clientpositive/llap/bucket6.q.out
index b2ff9e8c9a..f65ba1327f 100644
--- a/ql/src/test/results/clientpositive/llap/bucket6.q.out
+++ b/ql/src/test/results/clientpositive/llap/bucket6.q.out
@@ -56,7 +56,7 @@ STAGE PLANS:
                       Statistics: Num rows: 2000 Data size: 356000 Basic stats: COMPLETE Column stats: COMPLETE
                       value expressions: _col1 (type: string)
             Execution mode: vectorized, llap
-            LLAP IO: no inputs
+            LLAP IO: all inputs
         Reducer 2 
             Execution mode: llap
             Reduce Operator Tree:
diff --git a/ql/src/test/results/clientpositive/llap/bucket_groupby.q.out b/ql/src/test/results/clientpositive/llap/bucket_groupby.q.out
index 971f7fbaa6..b0e9ebb65a 100644
--- a/ql/src/test/results/clientpositive/llap/bucket_groupby.q.out
+++ b/ql/src/test/results/clientpositive/llap/bucket_groupby.q.out
@@ -95,7 +95,7 @@ STAGE PLANS:
                           Statistics: Num rows: 250 Data size: 23750 Basic stats: COMPLETE Column stats: COMPLETE
                           value expressions: _col1 (type: bigint)
             Execution mode: llap
-            LLAP IO: no inputs
+            LLAP IO: all inputs
         Reducer 2 
             Execution mode: llap
             Reduce Operator Tree:
@@ -236,7 +236,7 @@ STAGE PLANS:
                           Statistics: Num rows: 250 Data size: 23750 Basic stats: COMPLETE Column stats: COMPLETE
                           value expressions: _col1 (type: bigint)
             Execution mode: llap
-            LLAP IO: no inputs
+            LLAP IO: all inputs
         Reducer 2 
             Execution mode: llap
             Reduce Operator Tree:
@@ -351,7 +351,7 @@ STAGE PLANS:
                           Statistics: Num rows: 250 Data size: 3000 Basic stats: COMPLETE Column stats: COMPLETE
                           value expressions: _col1 (type: bigint)
             Execution mode: llap
-            LLAP IO: no inputs
+            LLAP IO: all inputs
         Reducer 2 
             Execution mode: llap
             Reduce Operator Tree:
@@ -446,7 +446,7 @@ STAGE PLANS:
                           Statistics: Num rows: 250 Data size: 3000 Basic stats: COMPLETE Column stats: COMPLETE
                           value expressions: _col1 (type: bigint)
             Execution mode: llap
-            LLAP IO: no inputs
+            LLAP IO: all inputs
         Reducer 2 
             Execution mode: llap
             Reduce Operator Tree:
@@ -542,7 +542,7 @@ STAGE PLANS:
                           Statistics: Num rows: 250 Data size: 23750 Basic stats: COMPLETE Column stats: COMPLETE
                           value expressions: _col1 (type: bigint)
             Execution mode: llap
-            LLAP IO: no inputs
+            LLAP IO: all inputs
         Reducer 2 
             Execution mode: llap
             Reduce Operator Tree:
@@ -658,7 +658,7 @@ STAGE PLANS:
                           Statistics: Num rows: 250 Data size: 24750 Basic stats: COMPLETE Column stats: COMPLETE
                           value expressions: _col1 (type: bigint)
             Execution mode: llap
-            LLAP IO: no inputs
+            LLAP IO: all inputs
         Reducer 2 
             Execution mode: llap
             Reduce Operator Tree:
@@ -768,7 +768,7 @@ STAGE PLANS:
                         Statistics: Num rows: 316 Data size: 30020 Basic stats: COMPLETE Column stats: COMPLETE
                         value expressions: _col1 (type: bigint)
             Execution mode: llap
-            LLAP IO: no inputs
+            LLAP IO: all inputs
         Reducer 2 
             Execution mode: llap
             Reduce Operator Tree:
@@ -1163,7 +1163,7 @@ STAGE PLANS:
                         Statistics: Num rows: 316 Data size: 30020 Basic stats: COMPLETE Column stats: COMPLETE
                         value expressions: _col1 (type: bigint)
             Execution mode: llap
-            LLAP IO: no inputs
+            LLAP IO: all inputs
         Reducer 2 
             Execution mode: llap
             Reduce Operator Tree:
@@ -1293,7 +1293,7 @@ STAGE PLANS:
                           Statistics: Num rows: 250 Data size: 23750 Basic stats: COMPLETE Column stats: COMPLETE
                           value expressions: _col1 (type: bigint)
             Execution mode: llap
-            LLAP IO: no inputs
+            LLAP IO: all inputs
         Reducer 2 
             Execution mode: llap
             Reduce Operator Tree:
@@ -1409,7 +1409,7 @@ STAGE PLANS:
                           Statistics: Num rows: 250 Data size: 24750 Basic stats: COMPLETE Column stats: COMPLETE
                           value expressions: _col1 (type: bigint)
             Execution mode: llap
-            LLAP IO: no inputs
+            LLAP IO: all inputs
         Reducer 2 
             Execution mode: llap
             Reduce Operator Tree:
@@ -1633,7 +1633,7 @@ STAGE PLANS:
                           Statistics: Num rows: 250 Data size: 23750 Basic stats: COMPLETE Column stats: COMPLETE
                           value expressions: _col1 (type: bigint)
             Execution mode: llap
-            LLAP IO: no inputs
+            LLAP IO: all inputs
         Reducer 2 
             Execution mode: llap
             Reduce Operator Tree:
@@ -1749,7 +1749,7 @@ STAGE PLANS:
                           Statistics: Num rows: 250 Data size: 46500 Basic stats: COMPLETE Column stats: COMPLETE
                           value expressions: _col2 (type: bigint)
             Execution mode: llap
-            LLAP IO: no inputs
+            LLAP IO: all inputs
         Reducer 2 
             Execution mode: llap
             Reduce Operator Tree:
diff --git a/ql/src/test/results/clientpositive/llap/bucket_many.q.out b/ql/src/test/results/clientpositive/llap/bucket_many.q.out
index b2ff0f7141..192005c120 100644
--- a/ql/src/test/results/clientpositive/llap/bucket_many.q.out
+++ b/ql/src/test/results/clientpositive/llap/bucket_many.q.out
@@ -57,7 +57,7 @@ STAGE PLANS:
                       value expressions: _col1 (type: string)
                       auto parallelism: false
             Execution mode: vectorized, llap
-            LLAP IO: no inputs
+            LLAP IO: all inputs
             Path -> Alias:
 #### A masked pattern was here ####
             Path -> Partition:
diff --git a/ql/src/test/results/clientpositive/llap/bucket_map_join_tez2.q.out b/ql/src/test/results/clientpositive/llap/bucket_map_join_tez2.q.out
index d91866bd04..d6ecdb2cca 100644
--- a/ql/src/test/results/clientpositive/llap/bucket_map_join_tez2.q.out
+++ b/ql/src/test/results/clientpositive/llap/bucket_map_join_tez2.q.out
@@ -221,7 +221,7 @@ STAGE PLANS:
                         Map-reduce partition columns: _col0 (type: int)
                         Statistics: Num rows: 500 Data size: 2000 Basic stats: COMPLETE Column stats: COMPLETE
             Execution mode: vectorized, llap
-            LLAP IO: no inputs
+            LLAP IO: all inputs
         Map 4 
             Map Operator Tree:
                 TableScan
@@ -243,7 +243,7 @@ STAGE PLANS:
                         Statistics: Num rows: 500 Data size: 47500 Basic stats: COMPLETE Column stats: COMPLETE
                         value expressions: _col0 (type: int)
             Execution mode: vectorized, llap
-            LLAP IO: no inputs
+            LLAP IO: all inputs
         Reducer 2 
             Execution mode: llap
             Reduce Operator Tree:
@@ -348,7 +348,7 @@ STAGE PLANS:
                         Map-reduce partition columns: _col0 (type: int)
                         Statistics: Num rows: 500 Data size: 2000 Basic stats: COMPLETE Column stats: COMPLETE
             Execution mode: vectorized, llap
-            LLAP IO: no inputs
+            LLAP IO: all inputs
         Map 4 
             Map Operator Tree:
                 TableScan
@@ -370,7 +370,7 @@ STAGE PLANS:
                         Statistics: Num rows: 500 Data size: 47500 Basic stats: COMPLETE Column stats: COMPLETE
                         value expressions: _col0 (type: int)
             Execution mode: vectorized, llap
-            LLAP IO: no inputs
+            LLAP IO: all inputs
         Reducer 2 
             Execution mode: llap
             Reduce Operator Tree:
@@ -497,7 +497,7 @@ STAGE PLANS:
                         Statistics: Num rows: 242 Data size: 24926 Basic stats: COMPLETE Column stats: COMPLETE
                         value expressions: _col0 (type: int), _col1 (type: string)
             Execution mode: vectorized, llap
-            LLAP IO: no inputs
+            LLAP IO: all inputs
         Map 2 
             Map Operator Tree:
                 TableScan
@@ -534,7 +534,7 @@ STAGE PLANS:
                                 output format: org.apache.hadoop.hive.ql.io.HiveSequenceFileOutputFormat
                                 serde: org.apache.hadoop.hive.serde2.lazy.LazySimpleSerDe
             Execution mode: vectorized, llap
-            LLAP IO: no inputs
+            LLAP IO: all inputs
 
   Stage: Stage-0
     Fetch Operator
@@ -589,7 +589,7 @@ STAGE PLANS:
                         Statistics: Num rows: 242 Data size: 24926 Basic stats: COMPLETE Column stats: COMPLETE
                         value expressions: _col0 (type: int), _col1 (type: string)
             Execution mode: vectorized, llap
-            LLAP IO: no inputs
+            LLAP IO: all inputs
         Map 2 
             Map Operator Tree:
                 TableScan
@@ -626,7 +626,7 @@ STAGE PLANS:
                                 output format: org.apache.hadoop.hive.ql.io.HiveSequenceFileOutputFormat
                                 serde: org.apache.hadoop.hive.serde2.lazy.LazySimpleSerDe
             Execution mode: vectorized, llap
-            LLAP IO: no inputs
+            LLAP IO: all inputs
 
   Stage: Stage-0
     Fetch Operator
@@ -678,7 +678,7 @@ STAGE PLANS:
                         Map-reduce partition columns: _col0 (type: int)
                         Statistics: Num rows: 166 Data size: 664 Basic stats: COMPLETE Column stats: COMPLETE
             Execution mode: vectorized, llap
-            LLAP IO: no inputs
+            LLAP IO: all inputs
         Map 3 
             Map Operator Tree:
                 TableScan
@@ -699,7 +699,7 @@ STAGE PLANS:
                         Map-reduce partition columns: _col0 (type: int)
                         Statistics: Num rows: 166 Data size: 664 Basic stats: COMPLETE Column stats: COMPLETE
             Execution mode: vectorized, llap
-            LLAP IO: no inputs
+            LLAP IO: all inputs
         Reducer 2 
             Execution mode: llap
             Reduce Operator Tree:
@@ -781,7 +781,7 @@ STAGE PLANS:
                               output format: org.apache.hadoop.hive.ql.io.HiveSequenceFileOutputFormat
                               serde: org.apache.hadoop.hive.serde2.lazy.LazySimpleSerDe
             Execution mode: vectorized, llap
-            LLAP IO: no inputs
+            LLAP IO: all inputs
         Map 2 
             Map Operator Tree:
                 TableScan
@@ -802,7 +802,7 @@ STAGE PLANS:
                         Map-reduce partition columns: _col0 (type: int)
                         Statistics: Num rows: 166 Data size: 664 Basic stats: COMPLETE Column stats: COMPLETE
             Execution mode: vectorized, llap
-            LLAP IO: no inputs
+            LLAP IO: all inputs
 
   Stage: Stage-0
     Fetch Operator
@@ -854,7 +854,7 @@ STAGE PLANS:
                         Map-reduce partition columns: _col0 (type: int)
                         Statistics: Num rows: 166 Data size: 664 Basic stats: COMPLETE Column stats: COMPLETE
             Execution mode: vectorized, llap
-            LLAP IO: no inputs
+            LLAP IO: all inputs
         Map 3 
             Map Operator Tree:
                 TableScan
@@ -875,7 +875,7 @@ STAGE PLANS:
                         Map-reduce partition columns: _col0 (type: int)
                         Statistics: Num rows: 166 Data size: 664 Basic stats: COMPLETE Column stats: COMPLETE
             Execution mode: vectorized, llap
-            LLAP IO: no inputs
+            LLAP IO: all inputs
         Reducer 2 
             Execution mode: llap
             Reduce Operator Tree:
@@ -956,7 +956,7 @@ STAGE PLANS:
                               output format: org.apache.hadoop.hive.ql.io.HiveSequenceFileOutputFormat
                               serde: org.apache.hadoop.hive.serde2.lazy.LazySimpleSerDe
             Execution mode: vectorized, llap
-            LLAP IO: no inputs
+            LLAP IO: all inputs
         Map 2 
             Map Operator Tree:
                 TableScan
@@ -977,7 +977,7 @@ STAGE PLANS:
                         Map-reduce partition columns: _col0 (type: int)
                         Statistics: Num rows: 166 Data size: 664 Basic stats: COMPLETE Column stats: COMPLETE
             Execution mode: vectorized, llap
-            LLAP IO: no inputs
+            LLAP IO: all inputs
 
   Stage: Stage-0
     Fetch Operator
@@ -1029,7 +1029,7 @@ STAGE PLANS:
                         Map-reduce partition columns: _col0 (type: int)
                         Statistics: Num rows: 166 Data size: 664 Basic stats: COMPLETE Column stats: COMPLETE
             Execution mode: vectorized, llap
-            LLAP IO: no inputs
+            LLAP IO: all inputs
         Map 3 
             Map Operator Tree:
                 TableScan
@@ -1050,7 +1050,7 @@ STAGE PLANS:
                         Map-reduce partition columns: _col0 (type: int)
                         Statistics: Num rows: 166 Data size: 664 Basic stats: COMPLETE Column stats: COMPLETE
             Execution mode: vectorized, llap
-            LLAP IO: no inputs
+            LLAP IO: all inputs
         Reducer 2 
             Execution mode: llap
             Reduce Operator Tree:
@@ -1120,7 +1120,7 @@ STAGE PLANS:
                         Map-reduce partition columns: _col0 (type: int)
                         Statistics: Num rows: 166 Data size: 664 Basic stats: COMPLETE Column stats: COMPLETE
             Execution mode: vectorized, llap
-            LLAP IO: no inputs
+            LLAP IO: all inputs
         Map 2 
             Map Operator Tree:
                 TableScan
@@ -1152,7 +1152,7 @@ STAGE PLANS:
                               output format: org.apache.hadoop.hive.ql.io.HiveSequenceFileOutputFormat
                               serde: org.apache.hadoop.hive.serde2.lazy.LazySimpleSerDe
             Execution mode: vectorized, llap
-            LLAP IO: no inputs
+            LLAP IO: all inputs
 
   Stage: Stage-0
     Fetch Operator
@@ -1215,7 +1215,7 @@ STAGE PLANS:
                         Map-reduce partition columns: _col0 (type: int)
                         Statistics: Num rows: 242 Data size: 968 Basic stats: COMPLETE Column stats: COMPLETE
             Execution mode: vectorized, llap
-            LLAP IO: no inputs
+            LLAP IO: all inputs
         Reducer 2 
             Execution mode: vectorized, llap
             Reduce Operator Tree:
@@ -1300,7 +1300,7 @@ STAGE PLANS:
                         Map-reduce partition columns: _col0 (type: int)
                         Statistics: Num rows: 121 Data size: 484 Basic stats: COMPLETE Column stats: COMPLETE
             Execution mode: vectorized, llap
-            LLAP IO: no inputs
+            LLAP IO: all inputs
         Map 3 
             Map Operator Tree:
                 TableScan
@@ -1333,7 +1333,7 @@ STAGE PLANS:
                               output format: org.apache.hadoop.hive.ql.io.HiveSequenceFileOutputFormat
                               serde: org.apache.hadoop.hive.serde2.lazy.LazySimpleSerDe
             Execution mode: vectorized, llap
-            LLAP IO: no inputs
+            LLAP IO: all inputs
         Reducer 2 
             Execution mode: vectorized, llap
             Reduce Operator Tree:
@@ -1414,7 +1414,7 @@ STAGE PLANS:
                         Statistics: Num rows: 242 Data size: 23958 Basic stats: COMPLETE Column stats: COMPLETE
                         value expressions: _col0 (type: string)
             Execution mode: vectorized, llap
-            LLAP IO: no inputs
+            LLAP IO: all inputs
         Reducer 2 
             Execution mode: vectorized, llap
             Reduce Operator Tree:
@@ -1522,7 +1522,7 @@ STAGE PLANS:
                         Statistics: Num rows: 242 Data size: 23958 Basic stats: COMPLETE Column stats: COMPLETE
                         value expressions: _col0 (type: string)
             Execution mode: vectorized, llap
-            LLAP IO: no inputs
+            LLAP IO: all inputs
         Reducer 2 
             Execution mode: vectorized, llap
             Reduce Operator Tree:
@@ -1662,7 +1662,7 @@ STAGE PLANS:
                         Map-reduce partition columns: _col0 (type: int), _col1 (type: string)
                         Statistics: Num rows: 250 Data size: 23750 Basic stats: COMPLETE Column stats: COMPLETE
             Execution mode: vectorized, llap
-            LLAP IO: no inputs
+            LLAP IO: all inputs
         Map 4 
             Map Operator Tree:
                 TableScan
@@ -1683,7 +1683,7 @@ STAGE PLANS:
                         Map-reduce partition columns: _col0 (type: int), _col1 (type: string)
                         Statistics: Num rows: 242 Data size: 22990 Basic stats: COMPLETE Column stats: COMPLETE
             Execution mode: vectorized, llap
-            LLAP IO: no inputs
+            LLAP IO: all inputs
         Reducer 2 
             Execution mode: vectorized, llap
             Reduce Operator Tree:
@@ -1789,7 +1789,7 @@ STAGE PLANS:
                         Map-reduce partition columns: _col0 (type: int), _col1 (type: string)
                         Statistics: Num rows: 250 Data size: 23750 Basic stats: COMPLETE Column stats: COMPLETE
             Execution mode: vectorized, llap
-            LLAP IO: no inputs
+            LLAP IO: all inputs
         Map 4 
             Map Operator Tree:
                 TableScan
@@ -1810,7 +1810,7 @@ STAGE PLANS:
                         Map-reduce partition columns: _col0 (type: int), _col1 (type: string)
                         Statistics: Num rows: 242 Data size: 22990 Basic stats: COMPLETE Column stats: COMPLETE
             Execution mode: vectorized, llap
-            LLAP IO: no inputs
+            LLAP IO: all inputs
         Reducer 2 
             Execution mode: vectorized, llap
             Reduce Operator Tree:
@@ -2105,7 +2105,7 @@ STAGE PLANS:
                         Map-reduce partition columns: _col0 (type: int)
                         Statistics: Num rows: 500 Data size: 2000 Basic stats: COMPLETE Column stats: COMPLETE
             Execution mode: vectorized, llap
-            LLAP IO: no inputs
+            LLAP IO: all inputs
         Map 4 
             Map Operator Tree:
                 TableScan
@@ -2127,7 +2127,7 @@ STAGE PLANS:
                         Statistics: Num rows: 500 Data size: 47500 Basic stats: COMPLETE Column stats: COMPLETE
                         value expressions: _col0 (type: int)
             Execution mode: vectorized, llap
-            LLAP IO: no inputs
+            LLAP IO: all inputs
         Reducer 2 
             Execution mode: llap
             Reduce Operator Tree:
@@ -2233,7 +2233,7 @@ STAGE PLANS:
                         Map-reduce partition columns: _col0 (type: int)
                         Statistics: Num rows: 500 Data size: 2000 Basic stats: COMPLETE Column stats: COMPLETE
             Execution mode: vectorized, llap
-            LLAP IO: no inputs
+            LLAP IO: all inputs
         Map 4 
             Map Operator Tree:
                 TableScan
@@ -2255,7 +2255,7 @@ STAGE PLANS:
                         Statistics: Num rows: 500 Data size: 47500 Basic stats: COMPLETE Column stats: COMPLETE
                         value expressions: _col0 (type: int)
             Execution mode: vectorized, llap
-            LLAP IO: no inputs
+            LLAP IO: all inputs
         Reducer 2 
             Execution mode: llap
             Reduce Operator Tree:
diff --git a/ql/src/test/results/clientpositive/llap/bucket_map_join_tez_empty.q.out b/ql/src/test/results/clientpositive/llap/bucket_map_join_tez_empty.q.out
index fad819b298..c884d91cf1 100644
--- a/ql/src/test/results/clientpositive/llap/bucket_map_join_tez_empty.q.out
+++ b/ql/src/test/results/clientpositive/llap/bucket_map_join_tez_empty.q.out
@@ -88,7 +88,7 @@ STAGE PLANS:
                               output format: org.apache.hadoop.hive.ql.io.HiveSequenceFileOutputFormat
                               serde: org.apache.hadoop.hive.serde2.lazy.LazySimpleSerDe
             Execution mode: vectorized, llap
-            LLAP IO: no inputs
+            LLAP IO: all inputs
         Map 2 
             Map Operator Tree:
                 TableScan
@@ -110,7 +110,7 @@ STAGE PLANS:
                         Statistics: Num rows: 2 Data size: 182 Basic stats: COMPLETE Column stats: COMPLETE
                         value expressions: _col1 (type: string)
             Execution mode: vectorized, llap
-            LLAP IO: no inputs
+            LLAP IO: all inputs
 
   Stage: Stage-0
     Fetch Operator
diff --git a/ql/src/test/results/clientpositive/llap/bucket_num_reducers.q.out b/ql/src/test/results/clientpositive/llap/bucket_num_reducers.q.out
index dc05fb232d..10f02e939f 100644
--- a/ql/src/test/results/clientpositive/llap/bucket_num_reducers.q.out
+++ b/ql/src/test/results/clientpositive/llap/bucket_num_reducers.q.out
@@ -54,7 +54,7 @@ STAGE PLANS:
                       value expressions: _col1 (type: string)
                       auto parallelism: false
             Execution mode: llap
-            LLAP IO: no inputs
+            LLAP IO: all inputs
             Path -> Alias:
 #### A masked pattern was here ####
             Path -> Partition:
diff --git a/ql/src/test/results/clientpositive/llap/bucket_num_reducers2.q.out b/ql/src/test/results/clientpositive/llap/bucket_num_reducers2.q.out
index 8238b87fdc..50e95ab9c7 100644
--- a/ql/src/test/results/clientpositive/llap/bucket_num_reducers2.q.out
+++ b/ql/src/test/results/clientpositive/llap/bucket_num_reducers2.q.out
@@ -54,7 +54,7 @@ STAGE PLANS:
                       value expressions: _col1 (type: string)
                       auto parallelism: false
             Execution mode: llap
-            LLAP IO: no inputs
+            LLAP IO: all inputs
             Path -> Alias:
 #### A masked pattern was here ####
             Path -> Partition:
diff --git a/ql/src/test/results/clientpositive/llap/bucketmapjoin1.q.out b/ql/src/test/results/clientpositive/llap/bucketmapjoin1.q.out
index 458cb554b4..ac906ab7fa 100644
--- a/ql/src/test/results/clientpositive/llap/bucketmapjoin1.q.out
+++ b/ql/src/test/results/clientpositive/llap/bucketmapjoin1.q.out
@@ -487,7 +487,7 @@ STAGE PLANS:
                         value expressions: _col1 (type: string)
                         auto parallelism: true
             Execution mode: llap
-            LLAP IO: no inputs
+            LLAP IO: all inputs
             Path -> Alias:
 #### A masked pattern was here ####
             Path -> Partition:
@@ -555,7 +555,7 @@ STAGE PLANS:
                         value expressions: _col1 (type: string)
                         auto parallelism: true
             Execution mode: llap
-            LLAP IO: no inputs
+            LLAP IO: all inputs
             Path -> Alias:
 #### A masked pattern was here ####
             Path -> Partition:
@@ -905,7 +905,7 @@ STAGE PLANS:
                         value expressions: _col1 (type: string)
                         auto parallelism: true
             Execution mode: llap
-            LLAP IO: no inputs
+            LLAP IO: all inputs
             Path -> Alias:
 #### A masked pattern was here ####
             Path -> Partition:
@@ -973,7 +973,7 @@ STAGE PLANS:
                         value expressions: _col1 (type: string)
                         auto parallelism: true
             Execution mode: llap
-            LLAP IO: no inputs
+            LLAP IO: all inputs
             Path -> Alias:
 #### A masked pattern was here ####
             Path -> Partition:
diff --git a/ql/src/test/results/clientpositive/llap/bucketmapjoin2.q.out b/ql/src/test/results/clientpositive/llap/bucketmapjoin2.q.out
index 9b4a636042..6473a52a5d 100644
--- a/ql/src/test/results/clientpositive/llap/bucketmapjoin2.q.out
+++ b/ql/src/test/results/clientpositive/llap/bucketmapjoin2.q.out
@@ -159,7 +159,7 @@ STAGE PLANS:
                         value expressions: _col1 (type: string)
                         auto parallelism: true
             Execution mode: llap
-            LLAP IO: no inputs
+            LLAP IO: all inputs
             Path -> Alias:
 #### A masked pattern was here ####
             Path -> Partition:
@@ -232,7 +232,7 @@ STAGE PLANS:
                         value expressions: _col1 (type: string)
                         auto parallelism: true
             Execution mode: llap
-            LLAP IO: no inputs
+            LLAP IO: all inputs
             Path -> Alias:
 #### A masked pattern was here ####
             Path -> Partition:
@@ -588,7 +588,7 @@ STAGE PLANS:
                         value expressions: _col1 (type: string)
                         auto parallelism: true
             Execution mode: llap
-            LLAP IO: no inputs
+            LLAP IO: all inputs
             Path -> Alias:
 #### A masked pattern was here ####
             Path -> Partition:
@@ -661,7 +661,7 @@ STAGE PLANS:
                         value expressions: _col1 (type: string)
                         auto parallelism: true
             Execution mode: llap
-            LLAP IO: no inputs
+            LLAP IO: all inputs
             Path -> Alias:
 #### A masked pattern was here ####
             Path -> Partition:
@@ -1036,7 +1036,7 @@ STAGE PLANS:
                         value expressions: _col1 (type: string)
                         auto parallelism: true
             Execution mode: llap
-            LLAP IO: no inputs
+            LLAP IO: all inputs
             Path -> Alias:
 #### A masked pattern was here ####
             Path -> Partition:
@@ -1109,7 +1109,7 @@ STAGE PLANS:
                         value expressions: _col1 (type: string)
                         auto parallelism: true
             Execution mode: llap
-            LLAP IO: no inputs
+            LLAP IO: all inputs
             Path -> Alias:
 #### A masked pattern was here ####
             Path -> Partition:
diff --git a/ql/src/test/results/clientpositive/llap/bucketmapjoin3.q.out b/ql/src/test/results/clientpositive/llap/bucketmapjoin3.q.out
index cf6052b831..0245584209 100644
--- a/ql/src/test/results/clientpositive/llap/bucketmapjoin3.q.out
+++ b/ql/src/test/results/clientpositive/llap/bucketmapjoin3.q.out
@@ -183,7 +183,7 @@ STAGE PLANS:
                         value expressions: _col1 (type: string)
                         auto parallelism: true
             Execution mode: llap
-            LLAP IO: no inputs
+            LLAP IO: all inputs
             Path -> Alias:
 #### A masked pattern was here ####
             Path -> Partition:
@@ -256,7 +256,7 @@ STAGE PLANS:
                         value expressions: _col1 (type: string)
                         auto parallelism: true
             Execution mode: llap
-            LLAP IO: no inputs
+            LLAP IO: all inputs
             Path -> Alias:
 #### A masked pattern was here ####
             Path -> Partition:
@@ -612,7 +612,7 @@ STAGE PLANS:
                         value expressions: _col1 (type: string)
                         auto parallelism: true
             Execution mode: llap
-            LLAP IO: no inputs
+            LLAP IO: all inputs
             Path -> Alias:
 #### A masked pattern was here ####
             Path -> Partition:
@@ -685,7 +685,7 @@ STAGE PLANS:
                         value expressions: _col1 (type: string)
                         auto parallelism: true
             Execution mode: llap
-            LLAP IO: no inputs
+            LLAP IO: all inputs
             Path -> Alias:
 #### A masked pattern was here ####
             Path -> Partition:
diff --git a/ql/src/test/results/clientpositive/llap/bucketmapjoin4.q.out b/ql/src/test/results/clientpositive/llap/bucketmapjoin4.q.out
index 3bf00f097e..587daf71f1 100644
--- a/ql/src/test/results/clientpositive/llap/bucketmapjoin4.q.out
+++ b/ql/src/test/results/clientpositive/llap/bucketmapjoin4.q.out
@@ -177,7 +177,7 @@ STAGE PLANS:
                         value expressions: _col1 (type: string)
                         auto parallelism: true
             Execution mode: llap
-            LLAP IO: no inputs
+            LLAP IO: all inputs
             Path -> Alias:
 #### A masked pattern was here ####
             Path -> Partition:
@@ -245,7 +245,7 @@ STAGE PLANS:
                         value expressions: _col1 (type: string)
                         auto parallelism: true
             Execution mode: llap
-            LLAP IO: no inputs
+            LLAP IO: all inputs
             Path -> Alias:
 #### A masked pattern was here ####
             Path -> Partition:
@@ -578,7 +578,7 @@ STAGE PLANS:
                         value expressions: _col1 (type: string)
                         auto parallelism: true
             Execution mode: llap
-            LLAP IO: no inputs
+            LLAP IO: all inputs
             Path -> Alias:
 #### A masked pattern was here ####
             Path -> Partition:
@@ -646,7 +646,7 @@ STAGE PLANS:
                         value expressions: _col1 (type: string)
                         auto parallelism: true
             Execution mode: llap
-            LLAP IO: no inputs
+            LLAP IO: all inputs
             Path -> Alias:
 #### A masked pattern was here ####
             Path -> Partition:
diff --git a/ql/src/test/results/clientpositive/llap/bucketmapjoin7.q.out b/ql/src/test/results/clientpositive/llap/bucketmapjoin7.q.out
index 9c3bc1f56c..18fc8a74e7 100644
--- a/ql/src/test/results/clientpositive/llap/bucketmapjoin7.q.out
+++ b/ql/src/test/results/clientpositive/llap/bucketmapjoin7.q.out
@@ -109,7 +109,7 @@ STAGE PLANS:
                       tag: 0
                       auto parallelism: true
             Execution mode: llap
-            LLAP IO: no inputs
+            LLAP IO: all inputs
             Path -> Alias:
 #### A masked pattern was here ####
             Path -> Partition:
@@ -179,7 +179,7 @@ STAGE PLANS:
                       value expressions: value (type: string)
                       auto parallelism: true
             Execution mode: llap
-            LLAP IO: no inputs
+            LLAP IO: all inputs
             Path -> Alias:
 #### A masked pattern was here ####
             Path -> Partition:
diff --git a/ql/src/test/results/clientpositive/llap/bucketsortoptimize_insert_1.q.out b/ql/src/test/results/clientpositive/llap/bucketsortoptimize_insert_1.q.out
index 7243feea83..7a725c6508 100644
--- a/ql/src/test/results/clientpositive/llap/bucketsortoptimize_insert_1.q.out
+++ b/ql/src/test/results/clientpositive/llap/bucketsortoptimize_insert_1.q.out
@@ -80,7 +80,7 @@ STAGE PLANS:
                           serde: org.apache.hadoop.hive.serde2.lazy.LazySimpleSerDe
                           name: default.test_table2_n5
             Execution mode: llap
-            LLAP IO: no inputs
+            LLAP IO: all inputs
 
   Stage: Stage-2
     Dependency Collection
@@ -206,7 +206,7 @@ STAGE PLANS:
                           serde: org.apache.hadoop.hive.serde2.lazy.LazySimpleSerDe
                           name: default.test_table2_n5
             Execution mode: llap
-            LLAP IO: no inputs
+            LLAP IO: all inputs
 
   Stage: Stage-2
     Dependency Collection
@@ -332,7 +332,7 @@ STAGE PLANS:
                           serde: org.apache.hadoop.hive.serde2.lazy.LazySimpleSerDe
                           name: default.test_table2_n5
             Execution mode: llap
-            LLAP IO: no inputs
+            LLAP IO: all inputs
 
   Stage: Stage-2
     Dependency Collection
@@ -410,7 +410,7 @@ STAGE PLANS:
                       Statistics: Num rows: 500 Data size: 47500 Basic stats: COMPLETE Column stats: COMPLETE
                       value expressions: _col1 (type: string)
             Execution mode: llap
-            LLAP IO: no inputs
+            LLAP IO: all inputs
         Reducer 2 
             Execution mode: llap
             Reduce Operator Tree:
@@ -538,7 +538,7 @@ STAGE PLANS:
                           serde: org.apache.hadoop.hive.serde2.lazy.LazySimpleSerDe
                           name: default.test_table2_n5
             Execution mode: llap
-            LLAP IO: no inputs
+            LLAP IO: all inputs
 
   Stage: Stage-2
     Dependency Collection
diff --git a/ql/src/test/results/clientpositive/llap/bucketsortoptimize_insert_3.q.out b/ql/src/test/results/clientpositive/llap/bucketsortoptimize_insert_3.q.out
index cbf1cc3726..c8a43e18d4 100644
--- a/ql/src/test/results/clientpositive/llap/bucketsortoptimize_insert_3.q.out
+++ b/ql/src/test/results/clientpositive/llap/bucketsortoptimize_insert_3.q.out
@@ -76,7 +76,7 @@ STAGE PLANS:
                           serde: org.apache.hadoop.hive.serde2.lazy.LazySimpleSerDe
                           name: default.test_table2_n18
             Execution mode: llap
-            LLAP IO: no inputs
+            LLAP IO: all inputs
 
   Stage: Stage-2
     Dependency Collection
@@ -207,7 +207,7 @@ STAGE PLANS:
                       Statistics: Num rows: 500 Data size: 94000 Basic stats: COMPLETE Column stats: COMPLETE
                       value expressions: _col0 (type: string)
             Execution mode: llap
-            LLAP IO: no inputs
+            LLAP IO: all inputs
         Reducer 2 
             Execution mode: llap
             Reduce Operator Tree:
diff --git a/ql/src/test/results/clientpositive/llap/bucketsortoptimize_insert_4.q.out b/ql/src/test/results/clientpositive/llap/bucketsortoptimize_insert_4.q.out
index 8656700375..312b7e78cc 100644
--- a/ql/src/test/results/clientpositive/llap/bucketsortoptimize_insert_4.q.out
+++ b/ql/src/test/results/clientpositive/llap/bucketsortoptimize_insert_4.q.out
@@ -111,7 +111,7 @@ STAGE PLANS:
                         Statistics: Num rows: 10 Data size: 930 Basic stats: COMPLETE Column stats: COMPLETE
                         value expressions: _col1 (type: string)
             Execution mode: llap
-            LLAP IO: no inputs
+            LLAP IO: all inputs
         Map 2 
             Map Operator Tree:
                 TableScan
@@ -148,7 +148,7 @@ STAGE PLANS:
                             Statistics: Num rows: 14 Data size: 2688 Basic stats: COMPLETE Column stats: COMPLETE
                             value expressions: _col2 (type: string)
             Execution mode: llap
-            LLAP IO: no inputs
+            LLAP IO: all inputs
         Reducer 3 
             Execution mode: llap
             Reduce Operator Tree:
@@ -368,7 +368,7 @@ STAGE PLANS:
                         Statistics: Num rows: 10 Data size: 930 Basic stats: COMPLETE Column stats: COMPLETE
                         value expressions: _col1 (type: string)
             Execution mode: llap
-            LLAP IO: no inputs
+            LLAP IO: all inputs
         Map 2 
             Map Operator Tree:
                 TableScan
@@ -401,7 +401,7 @@ STAGE PLANS:
                           Statistics: Num rows: 14 Data size: 1302 Basic stats: COMPLETE Column stats: COMPLETE
                           value expressions: _col0 (type: int)
             Execution mode: llap
-            LLAP IO: no inputs
+            LLAP IO: all inputs
         Reducer 3 
             Execution mode: llap
             Reduce Operator Tree:
diff --git a/ql/src/test/results/clientpositive/llap/bucketsortoptimize_insert_5.q.out b/ql/src/test/results/clientpositive/llap/bucketsortoptimize_insert_5.q.out
index 72957fb789..bf5bb73e6c 100644
--- a/ql/src/test/results/clientpositive/llap/bucketsortoptimize_insert_5.q.out
+++ b/ql/src/test/results/clientpositive/llap/bucketsortoptimize_insert_5.q.out
@@ -111,7 +111,7 @@ STAGE PLANS:
                         Statistics: Num rows: 10 Data size: 930 Basic stats: COMPLETE Column stats: COMPLETE
                         value expressions: _col1 (type: string)
             Execution mode: llap
-            LLAP IO: no inputs
+            LLAP IO: all inputs
         Map 2 
             Map Operator Tree:
                 TableScan
@@ -148,7 +148,7 @@ STAGE PLANS:
                             Statistics: Num rows: 14 Data size: 2632 Basic stats: COMPLETE Column stats: COMPLETE
                             value expressions: _col1 (type: string)
             Execution mode: llap
-            LLAP IO: no inputs
+            LLAP IO: all inputs
         Reducer 3 
             Execution mode: llap
             Reduce Operator Tree:
@@ -355,7 +355,7 @@ STAGE PLANS:
                         Statistics: Num rows: 10 Data size: 930 Basic stats: COMPLETE Column stats: COMPLETE
                         value expressions: _col1 (type: string)
             Execution mode: llap
-            LLAP IO: no inputs
+            LLAP IO: all inputs
         Map 2 
             Map Operator Tree:
                 TableScan
@@ -392,7 +392,7 @@ STAGE PLANS:
                             Statistics: Num rows: 14 Data size: 2632 Basic stats: COMPLETE Column stats: COMPLETE
                             value expressions: _col1 (type: string)
             Execution mode: llap
-            LLAP IO: no inputs
+            LLAP IO: all inputs
         Reducer 3 
             Execution mode: llap
             Reduce Operator Tree:
diff --git a/ql/src/test/results/clientpositive/llap/bucketsortoptimize_insert_6.q.out b/ql/src/test/results/clientpositive/llap/bucketsortoptimize_insert_6.q.out
index 8343234a14..a26376b522 100644
--- a/ql/src/test/results/clientpositive/llap/bucketsortoptimize_insert_6.q.out
+++ b/ql/src/test/results/clientpositive/llap/bucketsortoptimize_insert_6.q.out
@@ -113,7 +113,7 @@ STAGE PLANS:
                         Statistics: Num rows: 10 Data size: 970 Basic stats: COMPLETE Column stats: COMPLETE
                         value expressions: _col2 (type: string)
             Execution mode: llap
-            LLAP IO: no inputs
+            LLAP IO: all inputs
         Map 2 
             Map Operator Tree:
                 TableScan
@@ -149,7 +149,7 @@ STAGE PLANS:
                             Statistics: Num rows: 14 Data size: 2688 Basic stats: COMPLETE Column stats: COMPLETE
                             value expressions: _col2 (type: string)
             Execution mode: llap
-            LLAP IO: no inputs
+            LLAP IO: all inputs
         Reducer 3 
             Execution mode: llap
             Reduce Operator Tree:
@@ -357,7 +357,7 @@ STAGE PLANS:
                         Statistics: Num rows: 10 Data size: 970 Basic stats: COMPLETE Column stats: COMPLETE
                         value expressions: _col2 (type: string)
             Execution mode: llap
-            LLAP IO: no inputs
+            LLAP IO: all inputs
         Map 2 
             Map Operator Tree:
                 TableScan
@@ -393,7 +393,7 @@ STAGE PLANS:
                             Statistics: Num rows: 14 Data size: 2688 Basic stats: COMPLETE Column stats: COMPLETE
                             value expressions: _col2 (type: string)
             Execution mode: llap
-            LLAP IO: no inputs
+            LLAP IO: all inputs
         Reducer 3 
             Execution mode: llap
             Reduce Operator Tree:
@@ -601,7 +601,7 @@ STAGE PLANS:
                         Statistics: Num rows: 10 Data size: 970 Basic stats: COMPLETE Column stats: COMPLETE
                         value expressions: _col2 (type: string)
             Execution mode: llap
-            LLAP IO: no inputs
+            LLAP IO: all inputs
         Map 2 
             Map Operator Tree:
                 TableScan
@@ -637,7 +637,7 @@ STAGE PLANS:
                             Statistics: Num rows: 14 Data size: 2688 Basic stats: COMPLETE Column stats: COMPLETE
                             value expressions: _col2 (type: string)
             Execution mode: llap
-            LLAP IO: no inputs
+            LLAP IO: all inputs
         Reducer 3 
             Execution mode: llap
             Reduce Operator Tree:
@@ -780,7 +780,7 @@ STAGE PLANS:
                         Statistics: Num rows: 10 Data size: 970 Basic stats: COMPLETE Column stats: COMPLETE
                         value expressions: _col2 (type: string)
             Execution mode: llap
-            LLAP IO: no inputs
+            LLAP IO: all inputs
         Map 2 
             Map Operator Tree:
                 TableScan
@@ -816,7 +816,7 @@ STAGE PLANS:
                             Statistics: Num rows: 14 Data size: 2688 Basic stats: COMPLETE Column stats: COMPLETE
                             value expressions: _col2 (type: string)
             Execution mode: llap
-            LLAP IO: no inputs
+            LLAP IO: all inputs
         Reducer 3 
             Execution mode: llap
             Reduce Operator Tree:
@@ -965,7 +965,7 @@ STAGE PLANS:
                         Statistics: Num rows: 10 Data size: 970 Basic stats: COMPLETE Column stats: COMPLETE
                         value expressions: _col2 (type: string)
             Execution mode: llap
-            LLAP IO: no inputs
+            LLAP IO: all inputs
         Map 2 
             Map Operator Tree:
                 TableScan
@@ -1001,7 +1001,7 @@ STAGE PLANS:
                             Statistics: Num rows: 14 Data size: 2688 Basic stats: COMPLETE Column stats: COMPLETE
                             value expressions: _col2 (type: string)
             Execution mode: llap
-            LLAP IO: no inputs
+            LLAP IO: all inputs
         Reducer 3 
             Execution mode: llap
             Reduce Operator Tree:
@@ -1227,7 +1227,7 @@ STAGE PLANS:
                         Statistics: Num rows: 10 Data size: 970 Basic stats: COMPLETE Column stats: COMPLETE
                         value expressions: _col2 (type: string)
             Execution mode: llap
-            LLAP IO: no inputs
+            LLAP IO: all inputs
         Map 2 
             Map Operator Tree:
                 TableScan
@@ -1263,7 +1263,7 @@ STAGE PLANS:
                             Statistics: Num rows: 14 Data size: 2688 Basic stats: COMPLETE Column stats: COMPLETE
                             value expressions: _col2 (type: string)
             Execution mode: llap
-            LLAP IO: no inputs
+            LLAP IO: all inputs
         Reducer 3 
             Execution mode: llap
             Reduce Operator Tree:
@@ -1499,7 +1499,7 @@ STAGE PLANS:
                         Statistics: Num rows: 10 Data size: 970 Basic stats: COMPLETE Column stats: COMPLETE
                         value expressions: _col2 (type: string)
             Execution mode: llap
-            LLAP IO: no inputs
+            LLAP IO: all inputs
         Map 2 
             Map Operator Tree:
                 TableScan
@@ -1535,7 +1535,7 @@ STAGE PLANS:
                             Statistics: Num rows: 14 Data size: 2688 Basic stats: COMPLETE Column stats: COMPLETE
                             value expressions: _col2 (type: string)
             Execution mode: llap
-            LLAP IO: no inputs
+            LLAP IO: all inputs
         Reducer 3 
             Execution mode: llap
             Reduce Operator Tree:
diff --git a/ql/src/test/results/clientpositive/llap/bucketsortoptimize_insert_8.q.out b/ql/src/test/results/clientpositive/llap/bucketsortoptimize_insert_8.q.out
index 204f14e85a..b881cfa773 100644
--- a/ql/src/test/results/clientpositive/llap/bucketsortoptimize_insert_8.q.out
+++ b/ql/src/test/results/clientpositive/llap/bucketsortoptimize_insert_8.q.out
@@ -111,7 +111,7 @@ STAGE PLANS:
                         Statistics: Num rows: 10 Data size: 930 Basic stats: COMPLETE Column stats: COMPLETE
                         value expressions: _col1 (type: string)
             Execution mode: llap
-            LLAP IO: no inputs
+            LLAP IO: all inputs
         Map 2 
             Map Operator Tree:
                 TableScan
@@ -148,7 +148,7 @@ STAGE PLANS:
                             Statistics: Num rows: 14 Data size: 2688 Basic stats: COMPLETE Column stats: COMPLETE
                             value expressions: _col1 (type: int), _col2 (type: string)
             Execution mode: llap
-            LLAP IO: no inputs
+            LLAP IO: all inputs
         Reducer 3 
             Execution mode: llap
             Reduce Operator Tree:
@@ -350,7 +350,7 @@ STAGE PLANS:
                         Statistics: Num rows: 10 Data size: 930 Basic stats: COMPLETE Column stats: COMPLETE
                         value expressions: _col1 (type: string)
             Execution mode: llap
-            LLAP IO: no inputs
+            LLAP IO: all inputs
         Map 2 
             Map Operator Tree:
                 TableScan
@@ -387,7 +387,7 @@ STAGE PLANS:
                             Statistics: Num rows: 14 Data size: 2688 Basic stats: COMPLETE Column stats: COMPLETE
                             value expressions: _col1 (type: int), _col2 (type: string)
             Execution mode: llap
-            LLAP IO: no inputs
+            LLAP IO: all inputs
         Reducer 3 
             Execution mode: llap
             Reduce Operator Tree:
diff --git a/ql/src/test/results/clientpositive/llap/cast1.q.out b/ql/src/test/results/clientpositive/llap/cast1.q.out
index 587c03c21b..c6234837f2 100644
--- a/ql/src/test/results/clientpositive/llap/cast1.q.out
+++ b/ql/src/test/results/clientpositive/llap/cast1.q.out
@@ -67,7 +67,7 @@ STAGE PLANS:
                             Statistics: Num rows: 1 Data size: 1224 Basic stats: COMPLETE Column stats: COMPLETE
                             value expressions: _col0 (type: int), _col1 (type: int), _col2 (type: bigint), _col3 (type: bigint), _col4 (type: binary), _col5 (type: double), _col6 (type: double), _col7 (type: bigint), _col8 (type: binary), _col9 (type: double), _col10 (type: double), _col11 (type: bigint), _col12 (type: binary), _col13 (type: double), _col14 (type: double), _col15 (type: bigint), _col16 (type: binary), _col17 (type: int), _col18 (type: int), _col19 (type: bigint), _col20 (type: binary), _col21 (type: int), _col22 (type: struct<count:bigint,sum:double,input:int>), _col23 (type: bigint), _col24 (type: binary), _col25 (type: int), _col26 (type: int), _col27 (type: bigint), _col28 (type: binary)
             Execution mode: llap
-            LLAP IO: no inputs
+            LLAP IO: all inputs
         Reducer 2 
             Execution mode: llap
             Reduce Operator Tree:
diff --git a/ql/src/test/results/clientpositive/llap/cbo_SortUnionTransposeRule.q.out b/ql/src/test/results/clientpositive/llap/cbo_SortUnionTransposeRule.q.out
index a1dbccab96..4c3c92fec5 100644
--- a/ql/src/test/results/clientpositive/llap/cbo_SortUnionTransposeRule.q.out
+++ b/ql/src/test/results/clientpositive/llap/cbo_SortUnionTransposeRule.q.out
@@ -55,7 +55,7 @@ STAGE PLANS:
                       sort order: +
                       Statistics: Num rows: 20 Data size: 1740 Basic stats: COMPLETE Column stats: COMPLETE
             Execution mode: vectorized, llap
-            LLAP IO: no inputs
+            LLAP IO: all inputs
         Map 4 
             Map Operator Tree:
                 TableScan
@@ -71,7 +71,7 @@ STAGE PLANS:
                       sort order: +
                       Statistics: Num rows: 20 Data size: 1740 Basic stats: COMPLETE Column stats: COMPLETE
             Execution mode: vectorized, llap
-            LLAP IO: no inputs
+            LLAP IO: all inputs
         Reducer 3 
             Execution mode: vectorized, llap
             Reduce Operator Tree:
@@ -170,7 +170,7 @@ STAGE PLANS:
                             output format: org.apache.hadoop.hive.ql.io.HiveSequenceFileOutputFormat
                             serde: org.apache.hadoop.hive.serde2.lazy.LazySimpleSerDe
             Execution mode: vectorized, llap
-            LLAP IO: no inputs
+            LLAP IO: all inputs
         Map 3 
             Map Operator Tree:
                 TableScan
@@ -191,7 +191,7 @@ STAGE PLANS:
                             output format: org.apache.hadoop.hive.ql.io.HiveSequenceFileOutputFormat
                             serde: org.apache.hadoop.hive.serde2.lazy.LazySimpleSerDe
             Execution mode: vectorized, llap
-            LLAP IO: no inputs
+            LLAP IO: all inputs
         Union 2 
             Vertex: Union 2
 
@@ -254,7 +254,7 @@ STAGE PLANS:
                         sort order: +
                         Statistics: Num rows: 20 Data size: 1740 Basic stats: COMPLETE Column stats: COMPLETE
             Execution mode: vectorized, llap
-            LLAP IO: no inputs
+            LLAP IO: all inputs
         Map 4 
             Map Operator Tree:
                 TableScan
@@ -276,7 +276,7 @@ STAGE PLANS:
                         sort order: +
                         Statistics: Num rows: 20 Data size: 1740 Basic stats: COMPLETE Column stats: COMPLETE
             Execution mode: vectorized, llap
-            LLAP IO: no inputs
+            LLAP IO: all inputs
         Reducer 3 
             Execution mode: vectorized, llap
             Reduce Operator Tree:
@@ -378,7 +378,7 @@ STAGE PLANS:
                         Statistics: Num rows: 500 Data size: 89000 Basic stats: COMPLETE Column stats: COMPLETE
                         value expressions: _col1 (type: string)
             Execution mode: vectorized, llap
-            LLAP IO: no inputs
+            LLAP IO: all inputs
         Map 7 
             Map Operator Tree:
                 TableScan
@@ -401,7 +401,7 @@ STAGE PLANS:
                       Map-reduce partition columns: _col0 (type: string)
                       Statistics: Num rows: 500 Data size: 43500 Basic stats: COMPLETE Column stats: COMPLETE
             Execution mode: vectorized, llap
-            LLAP IO: no inputs
+            LLAP IO: all inputs
         Reducer 2 
             Execution mode: llap
             Reduce Operator Tree:
@@ -544,7 +544,7 @@ STAGE PLANS:
                       sort order: +
                       Statistics: Num rows: 20 Data size: 1740 Basic stats: COMPLETE Column stats: COMPLETE
             Execution mode: vectorized, llap
-            LLAP IO: no inputs
+            LLAP IO: all inputs
         Map 4 
             Map Operator Tree:
                 TableScan
@@ -560,7 +560,7 @@ STAGE PLANS:
                       sort order: +
                       Statistics: Num rows: 20 Data size: 1740 Basic stats: COMPLETE Column stats: COMPLETE
             Execution mode: vectorized, llap
-            LLAP IO: no inputs
+            LLAP IO: all inputs
         Reducer 3 
             Execution mode: vectorized, llap
             Reduce Operator Tree:
@@ -658,7 +658,7 @@ STAGE PLANS:
                         TopN Hash Memory Usage: 0.1
                         value expressions: _col0 (type: string)
             Execution mode: vectorized, llap
-            LLAP IO: no inputs
+            LLAP IO: all inputs
         Map 4 
             Map Operator Tree:
                 TableScan
@@ -678,7 +678,7 @@ STAGE PLANS:
                         TopN Hash Memory Usage: 0.1
                         value expressions: _col0 (type: string)
             Execution mode: vectorized, llap
-            LLAP IO: no inputs
+            LLAP IO: all inputs
         Reducer 2 
             Execution mode: vectorized, llap
             Reduce Operator Tree:
@@ -781,7 +781,7 @@ STAGE PLANS:
                         sort order: +
                         Statistics: Num rows: 10 Data size: 870 Basic stats: COMPLETE Column stats: COMPLETE
             Execution mode: vectorized, llap
-            LLAP IO: no inputs
+            LLAP IO: all inputs
         Map 5 
             Map Operator Tree:
                 TableScan
@@ -803,7 +803,7 @@ STAGE PLANS:
                         sort order: +
                         Statistics: Num rows: 10 Data size: 870 Basic stats: COMPLETE Column stats: COMPLETE
             Execution mode: vectorized, llap
-            LLAP IO: no inputs
+            LLAP IO: all inputs
         Reducer 2 
             Execution mode: vectorized, llap
             Reduce Operator Tree:
@@ -960,7 +960,7 @@ STAGE PLANS:
                         TopN Hash Memory Usage: 0.1
                         value expressions: _col0 (type: string)
             Execution mode: vectorized, llap
-            LLAP IO: no inputs
+            LLAP IO: all inputs
         Reducer 2 
             Execution mode: llap
             Reduce Operator Tree:
@@ -1129,7 +1129,7 @@ STAGE PLANS:
                             output format: org.apache.hadoop.hive.ql.io.HiveSequenceFileOutputFormat
                             serde: org.apache.hadoop.hive.serde2.lazy.LazySimpleSerDe
             Execution mode: vectorized, llap
-            LLAP IO: no inputs
+            LLAP IO: all inputs
         Map 3 
             Map Operator Tree:
                 TableScan
@@ -1150,7 +1150,7 @@ STAGE PLANS:
                             output format: org.apache.hadoop.hive.ql.io.HiveSequenceFileOutputFormat
                             serde: org.apache.hadoop.hive.serde2.lazy.LazySimpleSerDe
             Execution mode: vectorized, llap
-            LLAP IO: no inputs
+            LLAP IO: all inputs
         Union 2 
             Vertex: Union 2
 
@@ -1209,7 +1209,7 @@ STAGE PLANS:
                             output format: org.apache.hadoop.hive.ql.io.HiveSequenceFileOutputFormat
                             serde: org.apache.hadoop.hive.serde2.lazy.LazySimpleSerDe
             Execution mode: vectorized, llap
-            LLAP IO: no inputs
+            LLAP IO: all inputs
         Map 3 
             Map Operator Tree:
                 TableScan
@@ -1230,7 +1230,7 @@ STAGE PLANS:
                             output format: org.apache.hadoop.hive.ql.io.HiveSequenceFileOutputFormat
                             serde: org.apache.hadoop.hive.serde2.lazy.LazySimpleSerDe
             Execution mode: vectorized, llap
-            LLAP IO: no inputs
+            LLAP IO: all inputs
         Union 2 
             Vertex: Union 2
 
diff --git a/ql/src/test/results/clientpositive/llap/cbo_const.q.out b/ql/src/test/results/clientpositive/llap/cbo_const.q.out
index 0361c93c8b..0b9e4d6820 100644
--- a/ql/src/test/results/clientpositive/llap/cbo_const.q.out
+++ b/ql/src/test/results/clientpositive/llap/cbo_const.q.out
@@ -244,7 +244,7 @@ STAGE PLANS:
                         Statistics: Num rows: 12 Data size: 2100 Basic stats: COMPLETE Column stats: COMPLETE
                         value expressions: _col0 (type: string)
             Execution mode: vectorized, llap
-            LLAP IO: no inputs
+            LLAP IO: all inputs
         Map 4 
             Map Operator Tree:
                 TableScan
@@ -287,7 +287,7 @@ STAGE PLANS:
                         Statistics: Num rows: 250 Data size: 44500 Basic stats: COMPLETE Column stats: COMPLETE
                         value expressions: _col1 (type: string)
             Execution mode: vectorized, llap
-            LLAP IO: no inputs
+            LLAP IO: all inputs
         Reducer 2 
             Execution mode: llap
             Reduce Operator Tree:
diff --git a/ql/src/test/results/clientpositive/llap/cbo_input26.q.out b/ql/src/test/results/clientpositive/llap/cbo_input26.q.out
index 58c381852f..9fcd7394b5 100644
--- a/ql/src/test/results/clientpositive/llap/cbo_input26.q.out
+++ b/ql/src/test/results/clientpositive/llap/cbo_input26.q.out
@@ -54,7 +54,7 @@ STAGE PLANS:
                         Statistics: Num rows: 500 Data size: 89000 Basic stats: COMPLETE Column stats: COMPLETE
                         value expressions: _col1 (type: string)
             Execution mode: vectorized, llap
-            LLAP IO: no inputs
+            LLAP IO: all inputs
         Map 4 
             Map Operator Tree:
                 TableScan
@@ -216,7 +216,7 @@ STAGE PLANS:
                         sort order: +
                         Statistics: Num rows: 500 Data size: 43500 Basic stats: COMPLETE Column stats: COMPLETE
             Execution mode: vectorized, llap
-            LLAP IO: no inputs
+            LLAP IO: all inputs
         Map 4 
             Map Operator Tree:
                 TableScan
@@ -378,7 +378,7 @@ STAGE PLANS:
                         sort order: +
                         Statistics: Num rows: 500 Data size: 43500 Basic stats: COMPLETE Column stats: COMPLETE
             Execution mode: vectorized, llap
-            LLAP IO: no inputs
+            LLAP IO: all inputs
         Map 4 
             Map Operator Tree:
                 TableScan
@@ -538,7 +538,7 @@ STAGE PLANS:
                         TopN Hash Memory Usage: 0.1
                         value expressions: _col0 (type: string), _col1 (type: string)
             Execution mode: vectorized, llap
-            LLAP IO: no inputs
+            LLAP IO: all inputs
         Map 4 
             Map Operator Tree:
                 TableScan
diff --git a/ql/src/test/results/clientpositive/llap/cbo_no_stats.q.out b/ql/src/test/results/clientpositive/llap/cbo_no_stats.q.out
index d51188eb39..4e77d29a23 100644
--- a/ql/src/test/results/clientpositive/llap/cbo_no_stats.q.out
+++ b/ql/src/test/results/clientpositive/llap/cbo_no_stats.q.out
@@ -110,7 +110,7 @@ STAGE PLANS:
                         Statistics: Num rows: 5 Data size: 40 Basic stats: COMPLETE Column stats: COMPLETE
                         value expressions: _col1 (type: int)
             Execution mode: vectorized, llap
-            LLAP IO: no inputs
+            LLAP IO: all inputs
         Map 5 
             Map Operator Tree:
                 TableScan
@@ -131,7 +131,7 @@ STAGE PLANS:
                         Map-reduce partition columns: _col0 (type: int)
                         Statistics: Num rows: 4 Data size: 16 Basic stats: COMPLETE Column stats: COMPLETE
             Execution mode: vectorized, llap
-            LLAP IO: no inputs
+            LLAP IO: all inputs
         Map 6 
             Map Operator Tree:
                 TableScan
@@ -152,7 +152,7 @@ STAGE PLANS:
                         Map-reduce partition columns: _col0 (type: int)
                         Statistics: Num rows: 2 Data size: 8 Basic stats: COMPLETE Column stats: COMPLETE
             Execution mode: vectorized, llap
-            LLAP IO: no inputs
+            LLAP IO: all inputs
         Reducer 2 
             Execution mode: llap
             Reduce Operator Tree:
@@ -276,7 +276,7 @@ STAGE PLANS:
                         Statistics: Num rows: 1 Data size: 1 Basic stats: COMPLETE Column stats: NONE
                         value expressions: _col1 (type: int)
             Execution mode: vectorized, llap
-            LLAP IO: no inputs
+            LLAP IO: all inputs
         Map 5 
             Map Operator Tree:
                 TableScan
@@ -297,7 +297,7 @@ STAGE PLANS:
                         Map-reduce partition columns: _col0 (type: int)
                         Statistics: Num rows: 1 Data size: 1 Basic stats: COMPLETE Column stats: NONE
             Execution mode: vectorized, llap
-            LLAP IO: no inputs
+            LLAP IO: all inputs
         Map 6 
             Map Operator Tree:
                 TableScan
@@ -318,7 +318,7 @@ STAGE PLANS:
                         Map-reduce partition columns: _col0 (type: int)
                         Statistics: Num rows: 1 Data size: 2 Basic stats: COMPLETE Column stats: NONE
             Execution mode: vectorized, llap
-            LLAP IO: no inputs
+            LLAP IO: all inputs
         Reducer 2 
             Execution mode: llap
             Reduce Operator Tree:
@@ -437,7 +437,7 @@ STAGE PLANS:
                       Map-reduce partition columns: x (type: int)
                       Statistics: Num rows: 1 Data size: 1 Basic stats: COMPLETE Column stats: NONE
             Execution mode: vectorized, llap
-            LLAP IO: no inputs
+            LLAP IO: all inputs
         Map 5 
             Map Operator Tree:
                 TableScan
@@ -454,7 +454,7 @@ STAGE PLANS:
                       Map-reduce partition columns: y (type: int)
                       Statistics: Num rows: 1 Data size: 1 Basic stats: COMPLETE Column stats: NONE
             Execution mode: vectorized, llap
-            LLAP IO: no inputs
+            LLAP IO: all inputs
         Map 6 
             Map Operator Tree:
                 TableScan
@@ -471,7 +471,7 @@ STAGE PLANS:
                       Map-reduce partition columns: z (type: int)
                       Statistics: Num rows: 1 Data size: 2 Basic stats: COMPLETE Column stats: NONE
             Execution mode: vectorized, llap
-            LLAP IO: no inputs
+            LLAP IO: all inputs
         Reducer 2 
             Execution mode: llap
             Reduce Operator Tree:
diff --git a/ql/src/test/results/clientpositive/llap/cbo_rp_auto_join0.q.out b/ql/src/test/results/clientpositive/llap/cbo_rp_auto_join0.q.out
index cdb09525f5..9cf483607d 100644
--- a/ql/src/test/results/clientpositive/llap/cbo_rp_auto_join0.q.out
+++ b/ql/src/test/results/clientpositive/llap/cbo_rp_auto_join0.q.out
@@ -57,7 +57,7 @@ STAGE PLANS:
                         Statistics: Num rows: 6 Data size: 1020 Basic stats: COMPLETE Column stats: COMPLETE
                         value expressions: key (type: string), value (type: string)
             Execution mode: vectorized, llap
-            LLAP IO: no inputs
+            LLAP IO: all inputs
         Map 4 
             Map Operator Tree:
                 TableScan
@@ -77,7 +77,7 @@ STAGE PLANS:
                         Statistics: Num rows: 6 Data size: 1020 Basic stats: COMPLETE Column stats: COMPLETE
                         value expressions: key (type: string), value (type: string)
             Execution mode: vectorized, llap
-            LLAP IO: no inputs
+            LLAP IO: all inputs
         Reducer 2 
             Execution mode: llap
             Reduce Operator Tree:
@@ -185,7 +185,7 @@ STAGE PLANS:
                         Statistics: Num rows: 6 Data size: 1020 Basic stats: COMPLETE Column stats: COMPLETE
                         value expressions: key (type: string), value (type: string)
             Execution mode: vectorized, llap
-            LLAP IO: no inputs
+            LLAP IO: all inputs
         Map 4 
             Map Operator Tree:
                 TableScan
@@ -205,7 +205,7 @@ STAGE PLANS:
                         Statistics: Num rows: 6 Data size: 1020 Basic stats: COMPLETE Column stats: COMPLETE
                         value expressions: key (type: string), value (type: string)
             Execution mode: vectorized, llap
-            LLAP IO: no inputs
+            LLAP IO: all inputs
         Reducer 2 
             Execution mode: llap
             Reduce Operator Tree:
diff --git a/ql/src/test/results/clientpositive/llap/cbo_rp_auto_join17.q.out b/ql/src/test/results/clientpositive/llap/cbo_rp_auto_join17.q.out
index f362733658..f91c7955dc 100644
--- a/ql/src/test/results/clientpositive/llap/cbo_rp_auto_join17.q.out
+++ b/ql/src/test/results/clientpositive/llap/cbo_rp_auto_join17.q.out
@@ -84,7 +84,7 @@ STAGE PLANS:
                                 Statistics: Num rows: 1 Data size: 792 Basic stats: COMPLETE Column stats: COMPLETE
                                 value expressions: _col0 (type: int), _col1 (type: int), _col2 (type: bigint), _col3 (type: bigint), _col4 (type: binary), _col5 (type: int), _col6 (type: struct<count:bigint,sum:double,input:int>), _col7 (type: bigint), _col8 (type: binary), _col9 (type: int), _col10 (type: int), _col11 (type: bigint), _col12 (type: binary), _col13 (type: int), _col14 (type: struct<count:bigint,sum:double,input:int>), _col15 (type: bigint), _col16 (type: binary)
             Execution mode: llap
-            LLAP IO: no inputs
+            LLAP IO: all inputs
         Map 3 
             Map Operator Tree:
                 TableScan
@@ -106,7 +106,7 @@ STAGE PLANS:
                         Statistics: Num rows: 500 Data size: 89000 Basic stats: COMPLETE Column stats: COMPLETE
                         value expressions: value (type: string)
             Execution mode: vectorized, llap
-            LLAP IO: no inputs
+            LLAP IO: all inputs
         Reducer 2 
             Execution mode: llap
             Reduce Operator Tree:
diff --git a/ql/src/test/results/clientpositive/llap/cbo_rp_cross_product_check_2.q.out b/ql/src/test/results/clientpositive/llap/cbo_rp_cross_product_check_2.q.out
index dc5cd23f3c..1963f9711b 100644
--- a/ql/src/test/results/clientpositive/llap/cbo_rp_cross_product_check_2.q.out
+++ b/ql/src/test/results/clientpositive/llap/cbo_rp_cross_product_check_2.q.out
@@ -78,7 +78,7 @@ STAGE PLANS:
                       Statistics: Num rows: 500 Data size: 89000 Basic stats: COMPLETE Column stats: COMPLETE
                       value expressions: key (type: string), value (type: string)
             Execution mode: vectorized, llap
-            LLAP IO: no inputs
+            LLAP IO: all inputs
         Map 3 
             Map Operator Tree:
                 TableScan
@@ -94,7 +94,7 @@ STAGE PLANS:
                       Statistics: Num rows: 10 Data size: 1760 Basic stats: COMPLETE Column stats: COMPLETE
                       value expressions: key (type: string), value (type: string)
             Execution mode: vectorized, llap
-            LLAP IO: no inputs
+            LLAP IO: all inputs
         Reducer 2 
             Execution mode: llap
             Reduce Operator Tree:
@@ -173,7 +173,7 @@ STAGE PLANS:
                           Statistics: Num rows: 20 Data size: 7040 Basic stats: COMPLETE Column stats: COMPLETE
                           value expressions: key (type: string), value (type: string), key0 (type: string), value0 (type: string)
             Execution mode: vectorized, llap
-            LLAP IO: no inputs
+            LLAP IO: all inputs
         Map 3 
             Map Operator Tree:
                 TableScan
@@ -195,7 +195,7 @@ STAGE PLANS:
                         Statistics: Num rows: 10 Data size: 1760 Basic stats: COMPLETE Column stats: COMPLETE
                         value expressions: value (type: string)
             Execution mode: vectorized, llap
-            LLAP IO: no inputs
+            LLAP IO: all inputs
         Map 4 
             Map Operator Tree:
                 TableScan
@@ -211,7 +211,7 @@ STAGE PLANS:
                       Statistics: Num rows: 500 Data size: 89000 Basic stats: COMPLETE Column stats: COMPLETE
                       value expressions: key (type: string), value (type: string)
             Execution mode: vectorized, llap
-            LLAP IO: no inputs
+            LLAP IO: all inputs
         Reducer 2 
             Execution mode: llap
             Reduce Operator Tree:
@@ -283,7 +283,7 @@ STAGE PLANS:
                       Statistics: Num rows: 500 Data size: 89000 Basic stats: COMPLETE Column stats: COMPLETE
                       value expressions: key (type: string), value (type: string)
             Execution mode: vectorized, llap
-            LLAP IO: no inputs
+            LLAP IO: all inputs
         Map 3 
             Map Operator Tree:
                 TableScan
@@ -324,7 +324,7 @@ STAGE PLANS:
                               Map-reduce partition columns: _col0 (type: string)
                               Statistics: Num rows: 5 Data size: 430 Basic stats: COMPLETE Column stats: COMPLETE
             Execution mode: vectorized, llap
-            LLAP IO: no inputs
+            LLAP IO: all inputs
         Map 5 
             Map Operator Tree:
                 TableScan
@@ -345,7 +345,7 @@ STAGE PLANS:
                         Map-reduce partition columns: key (type: string)
                         Statistics: Num rows: 10 Data size: 860 Basic stats: COMPLETE Column stats: COMPLETE
             Execution mode: vectorized, llap
-            LLAP IO: no inputs
+            LLAP IO: all inputs
         Reducer 2 
             Execution mode: llap
             Reduce Operator Tree:
@@ -425,7 +425,7 @@ STAGE PLANS:
                       Statistics: Num rows: 500 Data size: 89000 Basic stats: COMPLETE Column stats: COMPLETE
                       value expressions: key (type: string), value (type: string)
             Execution mode: vectorized, llap
-            LLAP IO: no inputs
+            LLAP IO: all inputs
         Map 3 
             Map Operator Tree:
                 TableScan
@@ -441,7 +441,7 @@ STAGE PLANS:
                       Statistics: Num rows: 10 Data size: 860 Basic stats: COMPLETE Column stats: COMPLETE
                       value expressions: key (type: string)
             Execution mode: vectorized, llap
-            LLAP IO: no inputs
+            LLAP IO: all inputs
         Map 6 
             Map Operator Tree:
                 TableScan
@@ -454,7 +454,7 @@ STAGE PLANS:
                       sort order: 
                       Statistics: Num rows: 10 Data size: 40 Basic stats: COMPLETE Column stats: COMPLETE
             Execution mode: vectorized, llap
-            LLAP IO: no inputs
+            LLAP IO: all inputs
         Reducer 2 
             Execution mode: llap
             Reduce Operator Tree:
@@ -572,7 +572,7 @@ STAGE PLANS:
                         Map-reduce partition columns: _col0 (type: string)
                         Statistics: Num rows: 250 Data size: 21750 Basic stats: COMPLETE Column stats: COMPLETE
             Execution mode: vectorized, llap
-            LLAP IO: no inputs
+            LLAP IO: all inputs
         Map 4 
             Map Operator Tree:
                 TableScan
@@ -613,7 +613,7 @@ STAGE PLANS:
                               Map-reduce partition columns: _col0 (type: string)
                               Statistics: Num rows: 5 Data size: 430 Basic stats: COMPLETE Column stats: COMPLETE
             Execution mode: vectorized, llap
-            LLAP IO: no inputs
+            LLAP IO: all inputs
         Map 6 
             Map Operator Tree:
                 TableScan
@@ -634,7 +634,7 @@ STAGE PLANS:
                         Map-reduce partition columns: key (type: string)
                         Statistics: Num rows: 10 Data size: 860 Basic stats: COMPLETE Column stats: COMPLETE
             Execution mode: vectorized, llap
-            LLAP IO: no inputs
+            LLAP IO: all inputs
         Reducer 2 
             Execution mode: vectorized, llap
             Reduce Operator Tree:
diff --git a/ql/src/test/results/clientpositive/llap/cbo_rp_gby2_map_multi_distinct.q.out b/ql/src/test/results/clientpositive/llap/cbo_rp_gby2_map_multi_distinct.q.out
index e820953e63..437294f8cd 100644
--- a/ql/src/test/results/clientpositive/llap/cbo_rp_gby2_map_multi_distinct.q.out
+++ b/ql/src/test/results/clientpositive/llap/cbo_rp_gby2_map_multi_distinct.q.out
@@ -61,7 +61,7 @@ STAGE PLANS:
                         Statistics: Num rows: 250 Data size: 50750 Basic stats: COMPLETE Column stats: COMPLETE
                         value expressions: _col3 (type: double), _col5 (type: bigint)
             Execution mode: llap
-            LLAP IO: no inputs
+            LLAP IO: all inputs
         Reducer 2 
             Execution mode: llap
             Reduce Operator Tree:
@@ -231,7 +231,7 @@ STAGE PLANS:
                         Statistics: Num rows: 250 Data size: 50750 Basic stats: COMPLETE Column stats: COMPLETE
                         value expressions: _col3 (type: double), _col5 (type: bigint)
             Execution mode: llap
-            LLAP IO: no inputs
+            LLAP IO: all inputs
         Reducer 2 
             Execution mode: llap
             Reduce Operator Tree:
diff --git a/ql/src/test/results/clientpositive/llap/cbo_rp_groupby3_noskew_multi_distinct.q.out b/ql/src/test/results/clientpositive/llap/cbo_rp_groupby3_noskew_multi_distinct.q.out
index 97955db577..795d25d2e8 100644
--- a/ql/src/test/results/clientpositive/llap/cbo_rp_groupby3_noskew_multi_distinct.q.out
+++ b/ql/src/test/results/clientpositive/llap/cbo_rp_groupby3_noskew_multi_distinct.q.out
@@ -70,7 +70,7 @@ STAGE PLANS:
                       Statistics: Num rows: 500 Data size: 51000 Basic stats: COMPLETE Column stats: COMPLETE
                       value expressions: $f2 (type: double), $f00 (type: double)
             Execution mode: vectorized, llap
-            LLAP IO: no inputs
+            LLAP IO: all inputs
         Reducer 2 
             Execution mode: llap
             Reduce Operator Tree:
diff --git a/ql/src/test/results/clientpositive/llap/cbo_rp_join0.q.out b/ql/src/test/results/clientpositive/llap/cbo_rp_join0.q.out
index ae8bf74193..d890de90c8 100644
--- a/ql/src/test/results/clientpositive/llap/cbo_rp_join0.q.out
+++ b/ql/src/test/results/clientpositive/llap/cbo_rp_join0.q.out
@@ -51,7 +51,7 @@ STAGE PLANS:
                         Statistics: Num rows: 18 Data size: 1513 Basic stats: COMPLETE Column stats: COMPLETE
                         value expressions: c_int (type: int)
             Execution mode: vectorized, llap
-            LLAP IO: no inputs
+            LLAP IO: all inputs
         Map 3 
             Map Operator Tree:
                 TableScan
@@ -73,7 +73,7 @@ STAGE PLANS:
                         Statistics: Num rows: 18 Data size: 1513 Basic stats: COMPLETE Column stats: COMPLETE
                         value expressions: c_int (type: int)
             Execution mode: vectorized, llap
-            LLAP IO: no inputs
+            LLAP IO: all inputs
         Map 4 
             Map Operator Tree:
                 TableScan
@@ -90,7 +90,7 @@ STAGE PLANS:
                       Map-reduce partition columns: key (type: string)
                       Statistics: Num rows: 20 Data size: 1615 Basic stats: COMPLETE Column stats: COMPLETE
             Execution mode: vectorized, llap
-            LLAP IO: no inputs
+            LLAP IO: all inputs
         Reducer 2 
             Execution mode: llap
             Reduce Operator Tree:
@@ -733,7 +733,7 @@ STAGE PLANS:
                         Statistics: Num rows: 18 Data size: 1513 Basic stats: COMPLETE Column stats: COMPLETE
                         value expressions: c_int (type: int)
             Execution mode: vectorized, llap
-            LLAP IO: no inputs
+            LLAP IO: all inputs
         Map 3 
             Map Operator Tree:
                 TableScan
@@ -755,7 +755,7 @@ STAGE PLANS:
                         Statistics: Num rows: 18 Data size: 1513 Basic stats: COMPLETE Column stats: COMPLETE
                         value expressions: c_int (type: int)
             Execution mode: vectorized, llap
-            LLAP IO: no inputs
+            LLAP IO: all inputs
         Map 4 
             Map Operator Tree:
                 TableScan
@@ -772,7 +772,7 @@ STAGE PLANS:
                       Map-reduce partition columns: key (type: string)
                       Statistics: Num rows: 20 Data size: 1615 Basic stats: COMPLETE Column stats: COMPLETE
             Execution mode: vectorized, llap
-            LLAP IO: no inputs
+            LLAP IO: all inputs
         Map 5 
             Map Operator Tree:
                 TableScan
@@ -794,7 +794,7 @@ STAGE PLANS:
                         Statistics: Num rows: 18 Data size: 1513 Basic stats: COMPLETE Column stats: COMPLETE
                         value expressions: c_int (type: int)
             Execution mode: vectorized, llap
-            LLAP IO: no inputs
+            LLAP IO: all inputs
         Reducer 2 
             Execution mode: llap
             Reduce Operator Tree:
diff --git a/ql/src/test/results/clientpositive/llap/cbo_rp_join1.q.out b/ql/src/test/results/clientpositive/llap/cbo_rp_join1.q.out
index d3a6c1c9f0..0c4ab69d9b 100644
--- a/ql/src/test/results/clientpositive/llap/cbo_rp_join1.q.out
+++ b/ql/src/test/results/clientpositive/llap/cbo_rp_join1.q.out
@@ -51,7 +51,7 @@ STAGE PLANS:
                       Statistics: Num rows: 1 Data size: 8 Basic stats: COMPLETE Column stats: NONE
                       value expressions: _col0 (type: int), _col1 (type: int), _col2 (type: boolean)
             Execution mode: vectorized, llap
-            LLAP IO: no inputs
+            LLAP IO: all inputs
         Map 4 
             Map Operator Tree:
                 TableScan
@@ -67,7 +67,7 @@ STAGE PLANS:
                       Statistics: Num rows: 1 Data size: 8 Basic stats: COMPLETE Column stats: NONE
                       value expressions: _col0 (type: int), _col1 (type: int), _col2 (type: boolean)
             Execution mode: vectorized, llap
-            LLAP IO: no inputs
+            LLAP IO: all inputs
         Reducer 2 
             Execution mode: llap
             Reduce Operator Tree:
@@ -166,7 +166,7 @@ STAGE PLANS:
                       Statistics: Num rows: 1 Data size: 8 Basic stats: COMPLETE Column stats: NONE
                       value expressions: _col0 (type: int), _col1 (type: int), _col2 (type: boolean), _col3 (type: boolean)
             Execution mode: vectorized, llap
-            LLAP IO: no inputs
+            LLAP IO: all inputs
         Map 4 
             Map Operator Tree:
                 TableScan
@@ -182,7 +182,7 @@ STAGE PLANS:
                       Statistics: Num rows: 1 Data size: 8 Basic stats: COMPLETE Column stats: NONE
                       value expressions: _col0 (type: int), _col1 (type: int), _col2 (type: boolean)
             Execution mode: vectorized, llap
-            LLAP IO: no inputs
+            LLAP IO: all inputs
         Reducer 2 
             Execution mode: llap
             Reduce Operator Tree:
@@ -281,7 +281,7 @@ STAGE PLANS:
                       Statistics: Num rows: 1 Data size: 8 Basic stats: COMPLETE Column stats: NONE
                       value expressions: _col0 (type: int), _col1 (type: int), _col2 (type: boolean)
             Execution mode: vectorized, llap
-            LLAP IO: no inputs
+            LLAP IO: all inputs
         Map 4 
             Map Operator Tree:
                 TableScan
@@ -297,7 +297,7 @@ STAGE PLANS:
                       Statistics: Num rows: 1 Data size: 8 Basic stats: COMPLETE Column stats: NONE
                       value expressions: _col0 (type: int), _col1 (type: int), _col2 (type: boolean)
             Execution mode: vectorized, llap
-            LLAP IO: no inputs
+            LLAP IO: all inputs
         Reducer 2 
             Execution mode: llap
             Reduce Operator Tree:
@@ -396,7 +396,7 @@ STAGE PLANS:
                       Statistics: Num rows: 1 Data size: 8 Basic stats: COMPLETE Column stats: NONE
                       value expressions: _col0 (type: int), _col1 (type: int), _col2 (type: boolean), _col3 (type: boolean), _col4 (type: boolean)
             Execution mode: vectorized, llap
-            LLAP IO: no inputs
+            LLAP IO: all inputs
         Map 4 
             Map Operator Tree:
                 TableScan
@@ -412,7 +412,7 @@ STAGE PLANS:
                       Statistics: Num rows: 1 Data size: 8 Basic stats: COMPLETE Column stats: NONE
                       value expressions: _col0 (type: int), _col1 (type: int), _col2 (type: boolean), _col3 (type: boolean), _col4 (type: boolean)
             Execution mode: vectorized, llap
-            LLAP IO: no inputs
+            LLAP IO: all inputs
         Reducer 2 
             Execution mode: llap
             Reduce Operator Tree:
diff --git a/ql/src/test/results/clientpositive/llap/cbo_rp_outer_join_ppr.q.out b/ql/src/test/results/clientpositive/llap/cbo_rp_outer_join_ppr.q.out
index 3d0f5ad2ec..b4745c0784 100644
--- a/ql/src/test/results/clientpositive/llap/cbo_rp_outer_join_ppr.q.out
+++ b/ql/src/test/results/clientpositive/llap/cbo_rp_outer_join_ppr.q.out
@@ -65,7 +65,7 @@ STAGE PLANS:
                         value expressions: value (type: string)
                         auto parallelism: true
             Execution mode: vectorized, llap
-            LLAP IO: no inputs
+            LLAP IO: all inputs
             Path -> Alias:
 #### A masked pattern was here ####
             Path -> Partition:
@@ -130,7 +130,7 @@ STAGE PLANS:
                         value expressions: value (type: string)
                         auto parallelism: true
             Execution mode: vectorized, llap
-            LLAP IO: no inputs
+            LLAP IO: all inputs
             Path -> Alias:
 #### A masked pattern was here ####
             Path -> Partition:
@@ -364,7 +364,7 @@ STAGE PLANS:
                         value expressions: value (type: string)
                         auto parallelism: true
             Execution mode: vectorized, llap
-            LLAP IO: no inputs
+            LLAP IO: all inputs
             Path -> Alias:
 #### A masked pattern was here ####
             Path -> Partition:
@@ -429,7 +429,7 @@ STAGE PLANS:
                         value expressions: value (type: string)
                         auto parallelism: true
             Execution mode: vectorized, llap
-            LLAP IO: no inputs
+            LLAP IO: all inputs
             Path -> Alias:
 #### A masked pattern was here ####
             Path -> Partition:
diff --git a/ql/src/test/results/clientpositive/llap/cbo_rp_udaf_percentile_approx_23.q.out b/ql/src/test/results/clientpositive/llap/cbo_rp_udaf_percentile_approx_23.q.out
index c29a36ab59..b9fa4e23dd 100644
--- a/ql/src/test/results/clientpositive/llap/cbo_rp_udaf_percentile_approx_23.q.out
+++ b/ql/src/test/results/clientpositive/llap/cbo_rp_udaf_percentile_approx_23.q.out
@@ -537,7 +537,7 @@ STAGE PLANS:
                         Statistics: Num rows: 1 Data size: 168 Basic stats: COMPLETE Column stats: NONE
                         value expressions: _col0 (type: array<double>)
             Execution mode: llap
-            LLAP IO: no inputs
+            LLAP IO: all inputs
         Reducer 2 
             Execution mode: llap
             Reduce Operator Tree:
@@ -612,7 +612,7 @@ STAGE PLANS:
                         Statistics: Num rows: 1 Data size: 168 Basic stats: COMPLETE Column stats: NONE
                         value expressions: _col0 (type: array<double>)
             Execution mode: llap
-            LLAP IO: no inputs
+            LLAP IO: all inputs
         Reducer 2 
             Execution mode: llap
             Reduce Operator Tree:
diff --git a/ql/src/test/results/clientpositive/llap/cbo_stats_estimation.q.out b/ql/src/test/results/clientpositive/llap/cbo_stats_estimation.q.out
index 9f2731d61a..590f6dc472 100644
--- a/ql/src/test/results/clientpositive/llap/cbo_stats_estimation.q.out
+++ b/ql/src/test/results/clientpositive/llap/cbo_stats_estimation.q.out
@@ -66,7 +66,7 @@ STAGE PLANS:
                           value expressions: _col0 (type: bigint)
                           auto parallelism: false
             Execution mode: vectorized, llap
-            LLAP IO: no inputs
+            LLAP IO: all inputs
             Path -> Alias:
 #### A masked pattern was here ####
             Path -> Partition:
@@ -196,7 +196,7 @@ STAGE PLANS:
                           value expressions: _col0 (type: bigint)
                           auto parallelism: false
             Execution mode: vectorized, llap
-            LLAP IO: no inputs
+            LLAP IO: all inputs
             Path -> Alias:
 #### A masked pattern was here ####
             Path -> Partition:
diff --git a/ql/src/test/results/clientpositive/llap/check_constraint.q.out b/ql/src/test/results/clientpositive/llap/check_constraint.q.out
index 0b24b6b1f6..7ac27caf6b 100644
--- a/ql/src/test/results/clientpositive/llap/check_constraint.q.out
+++ b/ql/src/test/results/clientpositive/llap/check_constraint.q.out
@@ -1387,7 +1387,7 @@ STAGE PLANS:
                           Statistics: Num rows: 250 Data size: 82000 Basic stats: COMPLETE Column stats: COMPLETE
                           value expressions: _col1 (type: decimal(5,2)), _col2 (type: varchar(128))
             Execution mode: vectorized, llap
-            LLAP IO: no inputs
+            LLAP IO: all inputs
         Reducer 2 
             Execution mode: vectorized, llap
             Reduce Operator Tree:
@@ -1476,7 +1476,7 @@ STAGE PLANS:
                         Statistics: Num rows: 500 Data size: 103500 Basic stats: COMPLETE Column stats: COMPLETE
                         value expressions: _col1 (type: decimal(5,2)), _col2 (type: string)
             Execution mode: vectorized, llap
-            LLAP IO: no inputs
+            LLAP IO: all inputs
         Reducer 2 
             Execution mode: vectorized, llap
             Reduce Operator Tree:
@@ -1591,7 +1591,7 @@ STAGE PLANS:
                         Statistics: Num rows: 166 Data size: 30212 Basic stats: COMPLETE Column stats: COMPLETE
                         value expressions: _col1 (type: string), _col2 (type: int)
             Execution mode: vectorized, llap
-            LLAP IO: no inputs
+            LLAP IO: all inputs
         Map 5 
             Map Operator Tree:
                 TableScan
@@ -1613,7 +1613,7 @@ STAGE PLANS:
                         Statistics: Num rows: 500 Data size: 99500 Basic stats: COMPLETE Column stats: COMPLETE
                         value expressions: _col1 (type: decimal(5,2))
             Execution mode: vectorized, llap
-            LLAP IO: no inputs
+            LLAP IO: all inputs
         Reducer 2 
             Execution mode: llap
             Reduce Operator Tree:
@@ -1795,7 +1795,7 @@ STAGE PLANS:
                           Statistics: Num rows: 250 Data size: 73500 Basic stats: COMPLETE Column stats: COMPLETE
                           value expressions: _col2 (type: int), _col3 (type: decimal(5,2))
             Execution mode: vectorized, llap
-            LLAP IO: no inputs
+            LLAP IO: all inputs
         Reducer 2 
             Execution mode: vectorized, llap
             Reduce Operator Tree:
@@ -1980,7 +1980,7 @@ STAGE PLANS:
                             serde: org.apache.hadoop.hive.serde2.lazy.LazySimpleSerDe
                             name: default.src_multi2_n0
             Execution mode: vectorized, llap
-            LLAP IO: no inputs
+            LLAP IO: all inputs
         Reducer 2 
             Execution mode: vectorized, llap
             Reduce Operator Tree:
@@ -3574,7 +3574,7 @@ STAGE PLANS:
                         Statistics: Num rows: 500 Data size: 89000 Basic stats: COMPLETE Column stats: COMPLETE
                         value expressions: _col0 (type: string)
             Execution mode: vectorized, llap
-            LLAP IO: no inputs
+            LLAP IO: all inputs
         Reducer 2 
             Execution mode: vectorized, llap
             Reduce Operator Tree:
diff --git a/ql/src/test/results/clientpositive/llap/cluster.q.out b/ql/src/test/results/clientpositive/llap/cluster.q.out
index 7c27e43533..b307e37f2d 100644
--- a/ql/src/test/results/clientpositive/llap/cluster.q.out
+++ b/ql/src/test/results/clientpositive/llap/cluster.q.out
@@ -41,7 +41,7 @@ STAGE PLANS:
                         Statistics: Num rows: 2 Data size: 356 Basic stats: COMPLETE Column stats: COMPLETE
                         value expressions: _col1 (type: string)
             Execution mode: vectorized, llap
-            LLAP IO: no inputs
+            LLAP IO: all inputs
         Reducer 2 
             Execution mode: vectorized, llap
             Reduce Operator Tree:
@@ -115,7 +115,7 @@ STAGE PLANS:
                         Statistics: Num rows: 2 Data size: 356 Basic stats: COMPLETE Column stats: COMPLETE
                         value expressions: _col1 (type: string)
             Execution mode: vectorized, llap
-            LLAP IO: no inputs
+            LLAP IO: all inputs
         Reducer 2 
             Execution mode: vectorized, llap
             Reduce Operator Tree:
@@ -189,7 +189,7 @@ STAGE PLANS:
                         Statistics: Num rows: 2 Data size: 356 Basic stats: COMPLETE Column stats: COMPLETE
                         value expressions: _col1 (type: string)
             Execution mode: vectorized, llap
-            LLAP IO: no inputs
+            LLAP IO: all inputs
         Reducer 2 
             Execution mode: vectorized, llap
             Reduce Operator Tree:
@@ -263,7 +263,7 @@ STAGE PLANS:
                         Statistics: Num rows: 2 Data size: 356 Basic stats: COMPLETE Column stats: COMPLETE
                         value expressions: _col1 (type: string)
             Execution mode: vectorized, llap
-            LLAP IO: no inputs
+            LLAP IO: all inputs
         Reducer 2 
             Execution mode: vectorized, llap
             Reduce Operator Tree:
@@ -337,7 +337,7 @@ STAGE PLANS:
                         Statistics: Num rows: 2 Data size: 356 Basic stats: COMPLETE Column stats: COMPLETE
                         value expressions: _col1 (type: string)
             Execution mode: vectorized, llap
-            LLAP IO: no inputs
+            LLAP IO: all inputs
         Reducer 2 
             Execution mode: vectorized, llap
             Reduce Operator Tree:
@@ -411,7 +411,7 @@ STAGE PLANS:
                         Statistics: Num rows: 2 Data size: 356 Basic stats: COMPLETE Column stats: COMPLETE
                         value expressions: _col1 (type: string)
             Execution mode: vectorized, llap
-            LLAP IO: no inputs
+            LLAP IO: all inputs
         Reducer 2 
             Execution mode: vectorized, llap
             Reduce Operator Tree:
@@ -485,7 +485,7 @@ STAGE PLANS:
                         Statistics: Num rows: 2 Data size: 356 Basic stats: COMPLETE Column stats: COMPLETE
                         value expressions: _col0 (type: string)
             Execution mode: vectorized, llap
-            LLAP IO: no inputs
+            LLAP IO: all inputs
         Reducer 2 
             Execution mode: vectorized, llap
             Reduce Operator Tree:
@@ -559,7 +559,7 @@ STAGE PLANS:
                         Statistics: Num rows: 2 Data size: 356 Basic stats: COMPLETE Column stats: COMPLETE
                         value expressions: _col1 (type: string)
             Execution mode: vectorized, llap
-            LLAP IO: no inputs
+            LLAP IO: all inputs
         Reducer 2 
             Execution mode: vectorized, llap
             Reduce Operator Tree:
@@ -630,7 +630,7 @@ STAGE PLANS:
                       Statistics: Num rows: 2 Data size: 356 Basic stats: COMPLETE Column stats: COMPLETE
                       value expressions: value (type: string)
             Execution mode: vectorized, llap
-            LLAP IO: no inputs
+            LLAP IO: all inputs
         Map 4 
             Map Operator Tree:
                 TableScan
@@ -647,7 +647,7 @@ STAGE PLANS:
                       Map-reduce partition columns: key (type: string)
                       Statistics: Num rows: 2 Data size: 174 Basic stats: COMPLETE Column stats: COMPLETE
             Execution mode: vectorized, llap
-            LLAP IO: no inputs
+            LLAP IO: all inputs
         Reducer 2 
             Execution mode: llap
             Reduce Operator Tree:
@@ -740,7 +740,7 @@ STAGE PLANS:
                       Statistics: Num rows: 2 Data size: 356 Basic stats: COMPLETE Column stats: COMPLETE
                       value expressions: value (type: string)
             Execution mode: vectorized, llap
-            LLAP IO: no inputs
+            LLAP IO: all inputs
         Map 4 
             Map Operator Tree:
                 TableScan
@@ -758,7 +758,7 @@ STAGE PLANS:
                       Statistics: Num rows: 2 Data size: 356 Basic stats: COMPLETE Column stats: COMPLETE
                       value expressions: value (type: string)
             Execution mode: vectorized, llap
-            LLAP IO: no inputs
+            LLAP IO: all inputs
         Reducer 2 
             Execution mode: llap
             Reduce Operator Tree:
@@ -851,7 +851,7 @@ STAGE PLANS:
                       Statistics: Num rows: 2 Data size: 356 Basic stats: COMPLETE Column stats: COMPLETE
                       value expressions: value (type: string)
             Execution mode: vectorized, llap
-            LLAP IO: no inputs
+            LLAP IO: all inputs
         Map 4 
             Map Operator Tree:
                 TableScan
@@ -869,7 +869,7 @@ STAGE PLANS:
                       Statistics: Num rows: 2 Data size: 356 Basic stats: COMPLETE Column stats: COMPLETE
                       value expressions: value (type: string)
             Execution mode: vectorized, llap
-            LLAP IO: no inputs
+            LLAP IO: all inputs
         Reducer 2 
             Execution mode: llap
             Reduce Operator Tree:
@@ -962,7 +962,7 @@ STAGE PLANS:
                       Statistics: Num rows: 2 Data size: 356 Basic stats: COMPLETE Column stats: COMPLETE
                       value expressions: value (type: string)
             Execution mode: vectorized, llap
-            LLAP IO: no inputs
+            LLAP IO: all inputs
         Map 4 
             Map Operator Tree:
                 TableScan
@@ -979,7 +979,7 @@ STAGE PLANS:
                       Map-reduce partition columns: key (type: string)
                       Statistics: Num rows: 2 Data size: 174 Basic stats: COMPLETE Column stats: COMPLETE
             Execution mode: vectorized, llap
-            LLAP IO: no inputs
+            LLAP IO: all inputs
         Reducer 2 
             Execution mode: llap
             Reduce Operator Tree:
@@ -1089,7 +1089,7 @@ STAGE PLANS:
                         Statistics: Num rows: 332 Data size: 59096 Basic stats: COMPLETE Column stats: COMPLETE
                         value expressions: _col1 (type: string)
             Execution mode: vectorized, llap
-            LLAP IO: no inputs
+            LLAP IO: all inputs
         Map 4 
             Map Operator Tree:
                 TableScan
@@ -1111,7 +1111,7 @@ STAGE PLANS:
                         Statistics: Num rows: 332 Data size: 59096 Basic stats: COMPLETE Column stats: COMPLETE
                         value expressions: _col1 (type: string)
             Execution mode: vectorized, llap
-            LLAP IO: no inputs
+            LLAP IO: all inputs
         Reducer 3 
             Execution mode: vectorized, llap
             Reduce Operator Tree:
diff --git a/ql/src/test/results/clientpositive/llap/clusterctas.q.out b/ql/src/test/results/clientpositive/llap/clusterctas.q.out
index ae810b636d..b919b4771d 100644
--- a/ql/src/test/results/clientpositive/llap/clusterctas.q.out
+++ b/ql/src/test/results/clientpositive/llap/clusterctas.q.out
@@ -45,7 +45,7 @@ STAGE PLANS:
                       Statistics: Num rows: 500 Data size: 89000 Basic stats: COMPLETE Column stats: COMPLETE
                       value expressions: _col1 (type: string)
             Execution mode: vectorized, llap
-            LLAP IO: no inputs
+            LLAP IO: all inputs
         Reducer 2 
             Execution mode: llap
             Reduce Operator Tree:
diff --git a/ql/src/test/results/clientpositive/llap/columnStatsUpdateForStatsOptimizer_1.q.out b/ql/src/test/results/clientpositive/llap/columnStatsUpdateForStatsOptimizer_1.q.out
index 951bc530db..675e89e3bc 100644
--- a/ql/src/test/results/clientpositive/llap/columnStatsUpdateForStatsOptimizer_1.q.out
+++ b/ql/src/test/results/clientpositive/llap/columnStatsUpdateForStatsOptimizer_1.q.out
@@ -157,7 +157,7 @@ STAGE PLANS:
                         Statistics: Num rows: 1 Data size: 8 Basic stats: COMPLETE Column stats: NONE
                         value expressions: _col0 (type: int)
             Execution mode: vectorized, llap
-            LLAP IO: no inputs
+            LLAP IO: all inputs
         Reducer 2 
             Execution mode: vectorized, llap
             Reduce Operator Tree:
@@ -356,7 +356,7 @@ STAGE PLANS:
                         Statistics: Num rows: 1 Data size: 4 Basic stats: COMPLETE Column stats: COMPLETE
                         value expressions: _col0 (type: int)
             Execution mode: vectorized, llap
-            LLAP IO: no inputs
+            LLAP IO: all inputs
         Reducer 2 
             Execution mode: vectorized, llap
             Reduce Operator Tree:
@@ -429,7 +429,7 @@ STAGE PLANS:
                         Statistics: Num rows: 1 Data size: 4 Basic stats: COMPLETE Column stats: COMPLETE
                         value expressions: _col0 (type: int)
             Execution mode: vectorized, llap
-            LLAP IO: no inputs
+            LLAP IO: all inputs
         Reducer 2 
             Execution mode: vectorized, llap
             Reduce Operator Tree:
@@ -574,7 +574,7 @@ STAGE PLANS:
                         Statistics: Num rows: 1 Data size: 4 Basic stats: COMPLETE Column stats: COMPLETE
                         value expressions: _col0 (type: int)
             Execution mode: vectorized, llap
-            LLAP IO: no inputs
+            LLAP IO: all inputs
         Reducer 2 
             Execution mode: vectorized, llap
             Reduce Operator Tree:
@@ -775,7 +775,7 @@ STAGE PLANS:
                         Statistics: Num rows: 1 Data size: 8 Basic stats: COMPLETE Column stats: NONE
                         value expressions: _col0 (type: int)
             Execution mode: vectorized, llap
-            LLAP IO: no inputs
+            LLAP IO: all inputs
         Reducer 2 
             Execution mode: vectorized, llap
             Reduce Operator Tree:
@@ -966,7 +966,7 @@ STAGE PLANS:
                         Statistics: Num rows: 1 Data size: 4 Basic stats: COMPLETE Column stats: COMPLETE
                         value expressions: _col0 (type: int)
             Execution mode: vectorized, llap
-            LLAP IO: no inputs
+            LLAP IO: all inputs
         Reducer 2 
             Execution mode: vectorized, llap
             Reduce Operator Tree:
diff --git a/ql/src/test/results/clientpositive/llap/column_access_stats.q.out b/ql/src/test/results/clientpositive/llap/column_access_stats.q.out
index ba4aa68d50..ba2b4a88c4 100644
--- a/ql/src/test/results/clientpositive/llap/column_access_stats.q.out
+++ b/ql/src/test/results/clientpositive/llap/column_access_stats.q.out
@@ -204,7 +204,7 @@ STAGE PLANS:
                           output format: org.apache.hadoop.hive.ql.io.HiveSequenceFileOutputFormat
                           serde: org.apache.hadoop.hive.serde2.lazy.LazySimpleSerDe
             Execution mode: vectorized, llap
-            LLAP IO: no inputs
+            LLAP IO: all inputs
         Map 3 
             Map Operator Tree:
                 TableScan
@@ -222,7 +222,7 @@ STAGE PLANS:
                           output format: org.apache.hadoop.hive.ql.io.HiveSequenceFileOutputFormat
                           serde: org.apache.hadoop.hive.serde2.lazy.LazySimpleSerDe
             Execution mode: vectorized, llap
-            LLAP IO: no inputs
+            LLAP IO: all inputs
         Union 2 
             Vertex: Union 2
 
@@ -294,7 +294,7 @@ STAGE PLANS:
                           output format: org.apache.hadoop.hive.ql.io.HiveSequenceFileOutputFormat
                           serde: org.apache.hadoop.hive.serde2.lazy.LazySimpleSerDe
             Execution mode: vectorized, llap
-            LLAP IO: no inputs
+            LLAP IO: all inputs
         Map 3 
             Map Operator Tree:
                 TableScan
@@ -312,7 +312,7 @@ STAGE PLANS:
                           output format: org.apache.hadoop.hive.ql.io.HiveSequenceFileOutputFormat
                           serde: org.apache.hadoop.hive.serde2.lazy.LazySimpleSerDe
             Execution mode: vectorized, llap
-            LLAP IO: no inputs
+            LLAP IO: all inputs
         Union 2 
             Vertex: Union 2
 
@@ -414,7 +414,7 @@ STAGE PLANS:
                         Map-reduce partition columns: _col0 (type: string)
                         Statistics: Num rows: 1 Data size: 184 Basic stats: COMPLETE Column stats: NONE
             Execution mode: vectorized, llap
-            LLAP IO: no inputs
+            LLAP IO: all inputs
         Map 3 
             Map Operator Tree:
                 TableScan
@@ -435,7 +435,7 @@ STAGE PLANS:
                         Map-reduce partition columns: _col0 (type: string)
                         Statistics: Num rows: 5 Data size: 425 Basic stats: COMPLETE Column stats: COMPLETE
             Execution mode: vectorized, llap
-            LLAP IO: no inputs
+            LLAP IO: all inputs
         Reducer 2 
             Execution mode: llap
             Reduce Operator Tree:
@@ -553,7 +553,7 @@ STAGE PLANS:
                         Statistics: Num rows: 1 Data size: 368 Basic stats: COMPLETE Column stats: NONE
                         value expressions: _col1 (type: string)
             Execution mode: vectorized, llap
-            LLAP IO: no inputs
+            LLAP IO: all inputs
         Map 3 
             Map Operator Tree:
                 TableScan
@@ -575,7 +575,7 @@ STAGE PLANS:
                         Statistics: Num rows: 2 Data size: 340 Basic stats: COMPLETE Column stats: COMPLETE
                         value expressions: _col1 (type: string)
             Execution mode: vectorized, llap
-            LLAP IO: no inputs
+            LLAP IO: all inputs
         Reducer 2 
             Execution mode: llap
             Reduce Operator Tree:
@@ -661,7 +661,7 @@ STAGE PLANS:
                         Map-reduce partition columns: _col0 (type: string)
                         Statistics: Num rows: 1 Data size: 368 Basic stats: COMPLETE Column stats: NONE
             Execution mode: vectorized, llap
-            LLAP IO: no inputs
+            LLAP IO: all inputs
         Map 3 
             Map Operator Tree:
                 TableScan
@@ -682,7 +682,7 @@ STAGE PLANS:
                         Map-reduce partition columns: _col0 (type: string)
                         Statistics: Num rows: 2 Data size: 170 Basic stats: COMPLETE Column stats: COMPLETE
             Execution mode: vectorized, llap
-            LLAP IO: no inputs
+            LLAP IO: all inputs
         Reducer 2 
             Execution mode: llap
             Reduce Operator Tree:
@@ -783,7 +783,7 @@ STAGE PLANS:
                         Map-reduce partition columns: _col0 (type: string)
                         Statistics: Num rows: 5 Data size: 425 Basic stats: COMPLETE Column stats: COMPLETE
             Execution mode: vectorized, llap
-            LLAP IO: no inputs
+            LLAP IO: all inputs
         Map 4 
             Map Operator Tree:
                 TableScan
@@ -804,7 +804,7 @@ STAGE PLANS:
                         Map-reduce partition columns: _col0 (type: string)
                         Statistics: Num rows: 1 Data size: 184 Basic stats: COMPLETE Column stats: NONE
             Execution mode: vectorized, llap
-            LLAP IO: no inputs
+            LLAP IO: all inputs
         Map 5 
             Map Operator Tree:
                 TableScan
@@ -826,7 +826,7 @@ STAGE PLANS:
                         Statistics: Num rows: 5 Data size: 865 Basic stats: COMPLETE Column stats: COMPLETE
                         value expressions: _col1 (type: string)
             Execution mode: vectorized, llap
-            LLAP IO: no inputs
+            LLAP IO: all inputs
         Reducer 2 
             Execution mode: llap
             Reduce Operator Tree:
diff --git a/ql/src/test/results/clientpositive/llap/column_pruner_multiple_children.q.out b/ql/src/test/results/clientpositive/llap/column_pruner_multiple_children.q.out
index 73c0ec967c..c2d6074d09 100644
--- a/ql/src/test/results/clientpositive/llap/column_pruner_multiple_children.q.out
+++ b/ql/src/test/results/clientpositive/llap/column_pruner_multiple_children.q.out
@@ -60,7 +60,7 @@ STAGE PLANS:
                       Statistics: Num rows: 1 Data size: 176 Basic stats: COMPLETE Column stats: COMPLETE
                       value expressions: _col1 (type: string)
             Execution mode: vectorized, llap
-            LLAP IO: no inputs
+            LLAP IO: all inputs
         Reducer 2 
             Execution mode: llap
             Reduce Operator Tree:
diff --git a/ql/src/test/results/clientpositive/llap/column_table_stats.q.out b/ql/src/test/results/clientpositive/llap/column_table_stats.q.out
index 92bf73c844..3aeeefade7 100644
--- a/ql/src/test/results/clientpositive/llap/column_table_stats.q.out
+++ b/ql/src/test/results/clientpositive/llap/column_table_stats.q.out
@@ -101,7 +101,7 @@ STAGE PLANS:
                         value expressions: _col0 (type: int), _col1 (type: struct<count:bigint,sum:double,input:int>), _col2 (type: bigint), _col3 (type: bigint), _col4 (type: binary), _col5 (type: int), _col6 (type: struct<count:bigint,sum:double,input:int>), _col7 (type: bigint), _col8 (type: binary)
                         auto parallelism: false
             Execution mode: llap
-            LLAP IO: no inputs
+            LLAP IO: all inputs
             Path -> Alias:
 #### A masked pattern was here ####
             Path -> Partition:
@@ -370,7 +370,7 @@ STAGE PLANS:
                         value expressions: _col2 (type: int), _col3 (type: struct<count:bigint,sum:double,input:int>), _col4 (type: bigint), _col5 (type: bigint), _col6 (type: binary), _col7 (type: int), _col8 (type: struct<count:bigint,sum:double,input:int>), _col9 (type: bigint), _col10 (type: binary)
                         auto parallelism: true
             Execution mode: llap
-            LLAP IO: no inputs
+            LLAP IO: all inputs
             Path -> Alias:
 #### A masked pattern was here ####
             Path -> Partition:
@@ -777,7 +777,7 @@ STAGE PLANS:
                         value expressions: _col2 (type: int), _col3 (type: struct<count:bigint,sum:double,input:int>), _col4 (type: bigint), _col5 (type: bigint), _col6 (type: binary), _col7 (type: int), _col8 (type: struct<count:bigint,sum:double,input:int>), _col9 (type: bigint), _col10 (type: binary)
                         auto parallelism: true
             Execution mode: llap
-            LLAP IO: no inputs
+            LLAP IO: all inputs
             Path -> Alias:
 #### A masked pattern was here ####
             Path -> Partition:
@@ -1181,7 +1181,7 @@ STAGE PLANS:
                         value expressions: _col2 (type: int), _col3 (type: struct<count:bigint,sum:double,input:int>), _col4 (type: bigint), _col5 (type: bigint), _col6 (type: binary), _col7 (type: int), _col8 (type: struct<count:bigint,sum:double,input:int>), _col9 (type: bigint), _col10 (type: binary)
                         auto parallelism: true
             Execution mode: llap
-            LLAP IO: no inputs
+            LLAP IO: all inputs
             Path -> Alias:
 #### A masked pattern was here ####
             Path -> Partition:
diff --git a/ql/src/test/results/clientpositive/llap/columnstats_partlvl.q.out b/ql/src/test/results/clientpositive/llap/columnstats_partlvl.q.out
index 918133859b..1c0f102629 100644
--- a/ql/src/test/results/clientpositive/llap/columnstats_partlvl.q.out
+++ b/ql/src/test/results/clientpositive/llap/columnstats_partlvl.q.out
@@ -83,7 +83,7 @@ STAGE PLANS:
                         Statistics: Num rows: 3 Data size: 1062 Basic stats: PARTIAL Column stats: NONE
                         value expressions: _col1 (type: int), _col2 (type: int), _col3 (type: bigint), _col4 (type: bigint), _col5 (type: binary)
             Execution mode: llap
-            LLAP IO: no inputs
+            LLAP IO: all inputs
         Reducer 2 
             Execution mode: llap
             Reduce Operator Tree:
@@ -172,7 +172,7 @@ STAGE PLANS:
                         value expressions: _col1 (type: int), _col2 (type: int), _col3 (type: bigint), _col4 (type: bigint), _col5 (type: binary)
                         auto parallelism: true
             Execution mode: llap
-            LLAP IO: no inputs
+            LLAP IO: all inputs
             Path -> Alias:
 #### A masked pattern was here ####
             Path -> Partition:
@@ -370,7 +370,7 @@ STAGE PLANS:
                         Statistics: Num rows: 3 Data size: 1062 Basic stats: PARTIAL Column stats: NONE
                         value expressions: _col1 (type: int), _col2 (type: int), _col3 (type: bigint), _col4 (type: bigint), _col5 (type: binary)
             Execution mode: llap
-            LLAP IO: no inputs
+            LLAP IO: all inputs
         Reducer 2 
             Execution mode: llap
             Reduce Operator Tree:
@@ -459,7 +459,7 @@ STAGE PLANS:
                         value expressions: _col1 (type: int), _col2 (type: int), _col3 (type: bigint), _col4 (type: bigint), _col5 (type: binary)
                         auto parallelism: true
             Execution mode: llap
-            LLAP IO: no inputs
+            LLAP IO: all inputs
             Path -> Alias:
 #### A masked pattern was here ####
             Path -> Partition:
@@ -619,7 +619,7 @@ STAGE PLANS:
                         Statistics: Num rows: 1 Data size: 408 Basic stats: COMPLETE Column stats: PARTIAL
                         value expressions: _col1 (type: int), _col2 (type: int), _col3 (type: bigint), _col4 (type: bigint), _col5 (type: binary), _col6 (type: int), _col7 (type: struct<count:bigint,sum:double,input:int>), _col8 (type: bigint), _col9 (type: binary)
             Execution mode: llap
-            LLAP IO: no inputs
+            LLAP IO: all inputs
         Reducer 2 
             Execution mode: llap
             Reduce Operator Tree:
@@ -755,7 +755,7 @@ STAGE PLANS:
                         Statistics: Num rows: 2 Data size: 816 Basic stats: COMPLETE Column stats: PARTIAL
                         value expressions: _col1 (type: int), _col2 (type: int), _col3 (type: bigint), _col4 (type: bigint), _col5 (type: binary), _col6 (type: int), _col7 (type: struct<count:bigint,sum:double,input:int>), _col8 (type: bigint), _col9 (type: binary)
             Execution mode: llap
-            LLAP IO: no inputs
+            LLAP IO: all inputs
         Reducer 2 
             Execution mode: llap
             Reduce Operator Tree:
@@ -892,7 +892,7 @@ STAGE PLANS:
                         Statistics: Num rows: 1 Data size: 400 Basic stats: COMPLETE Column stats: PARTIAL
                         value expressions: _col0 (type: int), _col1 (type: int), _col2 (type: bigint), _col3 (type: bigint), _col4 (type: binary), _col5 (type: int), _col6 (type: struct<count:bigint,sum:double,input:int>), _col7 (type: bigint), _col8 (type: binary)
             Execution mode: llap
-            LLAP IO: no inputs
+            LLAP IO: all inputs
         Reducer 2 
             Execution mode: llap
             Reduce Operator Tree:
diff --git a/ql/src/test/results/clientpositive/llap/columnstats_partlvl_dp.q.out b/ql/src/test/results/clientpositive/llap/columnstats_partlvl_dp.q.out
index 321cd200af..5eb9b11864 100644
--- a/ql/src/test/results/clientpositive/llap/columnstats_partlvl_dp.q.out
+++ b/ql/src/test/results/clientpositive/llap/columnstats_partlvl_dp.q.out
@@ -119,7 +119,7 @@ STAGE PLANS:
                         Statistics: Num rows: 1 Data size: 772 Basic stats: PARTIAL Column stats: PARTIAL
                         value expressions: _col2 (type: int), _col3 (type: struct<count:bigint,sum:double,input:int>), _col4 (type: bigint), _col5 (type: bigint), _col6 (type: binary), _col7 (type: int), _col8 (type: int), _col9 (type: bigint), _col10 (type: binary)
             Execution mode: llap
-            LLAP IO: no inputs
+            LLAP IO: all inputs
         Reducer 2 
             Execution mode: llap
             Reduce Operator Tree:
@@ -277,7 +277,7 @@ STAGE PLANS:
                         Statistics: Num rows: 3 Data size: 1068 Basic stats: PARTIAL Column stats: PARTIAL
                         value expressions: _col2 (type: int), _col3 (type: int), _col4 (type: bigint), _col5 (type: bigint), _col6 (type: binary)
             Execution mode: llap
-            LLAP IO: no inputs
+            LLAP IO: all inputs
         Reducer 2 
             Execution mode: llap
             Reduce Operator Tree:
@@ -433,7 +433,7 @@ STAGE PLANS:
                         Statistics: Num rows: 31 Data size: 11280 Basic stats: PARTIAL Column stats: PARTIAL
                         value expressions: _col2 (type: int), _col3 (type: int), _col4 (type: bigint), _col5 (type: bigint), _col6 (type: binary)
             Execution mode: llap
-            LLAP IO: no inputs
+            LLAP IO: all inputs
         Reducer 2 
             Execution mode: llap
             Reduce Operator Tree:
@@ -587,7 +587,7 @@ STAGE PLANS:
                         Statistics: Num rows: 8 Data size: 4736 Basic stats: COMPLETE Column stats: PARTIAL
                         value expressions: _col2 (type: int), _col3 (type: int), _col4 (type: bigint), _col5 (type: bigint), _col6 (type: binary), _col7 (type: int), _col8 (type: struct<count:bigint,sum:double,input:int>), _col9 (type: bigint), _col10 (type: binary)
             Execution mode: llap
-            LLAP IO: no inputs
+            LLAP IO: all inputs
         Reducer 2 
             Execution mode: llap
             Reduce Operator Tree:
diff --git a/ql/src/test/results/clientpositive/llap/columnstats_quoting.q.out b/ql/src/test/results/clientpositive/llap/columnstats_quoting.q.out
index 49405d8fac..606dc8a427 100644
--- a/ql/src/test/results/clientpositive/llap/columnstats_quoting.q.out
+++ b/ql/src/test/results/clientpositive/llap/columnstats_quoting.q.out
@@ -53,7 +53,7 @@ STAGE PLANS:
                         Statistics: Num rows: 1 Data size: 600 Basic stats: COMPLETE Column stats: NONE
                         value expressions: _col0 (type: bigint), _col1 (type: bigint), _col2 (type: bigint), _col3 (type: bigint), _col4 (type: binary), _col5 (type: int), _col6 (type: struct<count:bigint,sum:double,input:int>), _col7 (type: bigint), _col8 (type: binary)
             Execution mode: llap
-            LLAP IO: no inputs
+            LLAP IO: all inputs
         Reducer 2 
             Execution mode: llap
             Reduce Operator Tree:
@@ -135,7 +135,7 @@ STAGE PLANS:
                         Statistics: Num rows: 1 Data size: 176 Basic stats: COMPLETE Column stats: COMPLETE
                         value expressions: _col0 (type: bigint), _col1 (type: bigint), _col2 (type: bigint), _col3 (type: bigint), _col4 (type: binary)
             Execution mode: llap
-            LLAP IO: no inputs
+            LLAP IO: all inputs
         Reducer 2 
             Execution mode: llap
             Reduce Operator Tree:
diff --git a/ql/src/test/results/clientpositive/llap/columnstats_tbllvl.q.out b/ql/src/test/results/clientpositive/llap/columnstats_tbllvl.q.out
index cc660f9435..0853b2af35 100644
--- a/ql/src/test/results/clientpositive/llap/columnstats_tbllvl.q.out
+++ b/ql/src/test/results/clientpositive/llap/columnstats_tbllvl.q.out
@@ -83,7 +83,7 @@ STAGE PLANS:
                         Statistics: Num rows: 1 Data size: 752 Basic stats: COMPLETE Column stats: NONE
                         value expressions: _col0 (type: int), _col1 (type: struct<count:bigint,sum:double,input:int>), _col2 (type: bigint), _col3 (type: bigint), _col4 (type: binary), _col5 (type: int), _col6 (type: int), _col7 (type: bigint), _col8 (type: binary), _col9 (type: float), _col10 (type: float), _col11 (type: bigint), _col12 (type: binary)
             Execution mode: llap
-            LLAP IO: no inputs
+            LLAP IO: all inputs
         Reducer 2 
             Execution mode: llap
             Reduce Operator Tree:
@@ -163,7 +163,7 @@ STAGE PLANS:
                         value expressions: _col0 (type: int), _col1 (type: struct<count:bigint,sum:double,input:int>), _col2 (type: bigint), _col3 (type: bigint), _col4 (type: binary), _col5 (type: int), _col6 (type: int), _col7 (type: bigint), _col8 (type: binary), _col9 (type: float), _col10 (type: float), _col11 (type: bigint), _col12 (type: binary)
                         auto parallelism: false
             Execution mode: llap
-            LLAP IO: no inputs
+            LLAP IO: all inputs
             Path -> Alias:
 #### A masked pattern was here ####
             Path -> Partition:
@@ -306,7 +306,7 @@ STAGE PLANS:
                         Statistics: Num rows: 1 Data size: 1952 Basic stats: COMPLETE Column stats: PARTIAL
                         value expressions: _col0 (type: int), _col1 (type: struct<count:bigint,sum:double,input:int>), _col2 (type: bigint), _col3 (type: bigint), _col4 (type: binary), _col5 (type: int), _col6 (type: struct<count:bigint,sum:double,input:int>), _col7 (type: bigint), _col8 (type: binary), _col9 (type: int), _col10 (type: struct<count:bigint,sum:double,input:int>), _col11 (type: bigint), _col12 (type: binary), _col13 (type: float), _col14 (type: float), _col15 (type: bigint), _col16 (type: binary), _col17 (type: int), _col18 (type: struct<count:bigint,sum:double,input:int>), _col19 (type: bigint), _col20 (type: binary), _col21 (type: int), _col22 (type: struct<count:bigint,sum:double,input:int>), _col23 (type: bigint), _col24 (type: binary), _col25 (type: int), _col26 (type: struct<count:bigint,sum:double,input:int>), _col27 (type: bigint), _col28 (type: binary), _col29 (type: int), _col30 (type: struct<count:bigint,sum:double,input:int>), _col31 (type: bigint), _col32 (type: binary), _col33 (type: int), _col34 (type: int), _col35 (type: bigint), _col36 (type: binary)
             Execution mode: llap
-            LLAP IO: no inputs
+            LLAP IO: all inputs
         Reducer 2 
             Execution mode: llap
             Reduce Operator Tree:
@@ -467,7 +467,7 @@ STAGE PLANS:
                         Statistics: Num rows: 1 Data size: 1024 Basic stats: COMPLETE Column stats: NONE
                         value expressions: _col0 (type: int), _col1 (type: int), _col2 (type: bigint), _col3 (type: bigint), _col4 (type: binary), _col5 (type: double), _col6 (type: double), _col7 (type: bigint), _col8 (type: binary), _col9 (type: int), _col10 (type: struct<count:bigint,sum:double,input:int>), _col11 (type: bigint), _col12 (type: binary), _col13 (type: bigint), _col14 (type: bigint), _col15 (type: bigint), _col16 (type: int), _col17 (type: struct<count:bigint,sum:double,input:int>), _col18 (type: bigint)
             Execution mode: llap
-            LLAP IO: no inputs
+            LLAP IO: all inputs
         Reducer 2 
             Execution mode: llap
             Reduce Operator Tree:
@@ -634,7 +634,7 @@ STAGE PLANS:
                         Statistics: Num rows: 1 Data size: 752 Basic stats: COMPLETE Column stats: NONE
                         value expressions: _col0 (type: int), _col1 (type: struct<count:bigint,sum:double,input:int>), _col2 (type: bigint), _col3 (type: bigint), _col4 (type: binary), _col5 (type: int), _col6 (type: int), _col7 (type: bigint), _col8 (type: binary), _col9 (type: float), _col10 (type: float), _col11 (type: bigint), _col12 (type: binary)
             Execution mode: llap
-            LLAP IO: no inputs
+            LLAP IO: all inputs
         Reducer 2 
             Execution mode: llap
             Reduce Operator Tree:
@@ -714,7 +714,7 @@ STAGE PLANS:
                         value expressions: _col0 (type: int), _col1 (type: struct<count:bigint,sum:double,input:int>), _col2 (type: bigint), _col3 (type: bigint), _col4 (type: binary), _col5 (type: int), _col6 (type: int), _col7 (type: bigint), _col8 (type: binary), _col9 (type: float), _col10 (type: float), _col11 (type: bigint), _col12 (type: binary)
                         auto parallelism: false
             Execution mode: llap
-            LLAP IO: no inputs
+            LLAP IO: all inputs
             Path -> Alias:
 #### A masked pattern was here ####
             Path -> Partition:
@@ -857,7 +857,7 @@ STAGE PLANS:
                         Statistics: Num rows: 1 Data size: 1952 Basic stats: COMPLETE Column stats: PARTIAL
                         value expressions: _col0 (type: int), _col1 (type: struct<count:bigint,sum:double,input:int>), _col2 (type: bigint), _col3 (type: bigint), _col4 (type: binary), _col5 (type: int), _col6 (type: struct<count:bigint,sum:double,input:int>), _col7 (type: bigint), _col8 (type: binary), _col9 (type: int), _col10 (type: struct<count:bigint,sum:double,input:int>), _col11 (type: bigint), _col12 (type: binary), _col13 (type: float), _col14 (type: float), _col15 (type: bigint), _col16 (type: binary), _col17 (type: int), _col18 (type: struct<count:bigint,sum:double,input:int>), _col19 (type: bigint), _col20 (type: binary), _col21 (type: int), _col22 (type: struct<count:bigint,sum:double,input:int>), _col23 (type: bigint), _col24 (type: binary), _col25 (type: int), _col26 (type: struct<count:bigint,sum:double,input:int>), _col27 (type: bigint), _col28 (type: binary), _col29 (type: int), _col30 (type: struct<count:bigint,sum:double,input:int>), _col31 (type: bigint), _col32 (type: binary), _col33 (type: int), _col34 (type: int), _col35 (type: bigint), _col36 (type: binary)
             Execution mode: llap
-            LLAP IO: no inputs
+            LLAP IO: all inputs
         Reducer 2 
             Execution mode: llap
             Reduce Operator Tree:
diff --git a/ql/src/test/results/clientpositive/llap/combine2.q.out b/ql/src/test/results/clientpositive/llap/combine2.q.out
index cde4a66e2c..f7c1cb40d3 100644
--- a/ql/src/test/results/clientpositive/llap/combine2.q.out
+++ b/ql/src/test/results/clientpositive/llap/combine2.q.out
@@ -227,7 +227,7 @@ STAGE PLANS:
                         Statistics: Num rows: 1000 Data size: 192000 Basic stats: COMPLETE Column stats: COMPLETE
                         value expressions: _col1 (type: bigint)
             Execution mode: vectorized, llap
-            LLAP IO: no inputs
+            LLAP IO: all inputs
         Reducer 2 
             Execution mode: vectorized, llap
             Reduce Operator Tree:
diff --git a/ql/src/test/results/clientpositive/llap/comments.q.out b/ql/src/test/results/clientpositive/llap/comments.q.out
index d0362be681..0b7f39f153 100644
--- a/ql/src/test/results/clientpositive/llap/comments.q.out
+++ b/ql/src/test/results/clientpositive/llap/comments.q.out
@@ -141,7 +141,7 @@ STAGE PLANS:
                             value expressions: _col0 (type: bigint)
                             auto parallelism: false
             Execution mode: vectorized, llap
-            LLAP IO: no inputs
+            LLAP IO: all inputs
             Path -> Alias:
 #### A masked pattern was here ####
             Path -> Partition:
@@ -205,7 +205,7 @@ STAGE PLANS:
                         tag: 1
                         auto parallelism: true
             Execution mode: vectorized, llap
-            LLAP IO: no inputs
+            LLAP IO: all inputs
             Path -> Alias:
 #### A masked pattern was here ####
             Path -> Partition:
diff --git a/ql/src/test/results/clientpositive/llap/complex_alias.q.out b/ql/src/test/results/clientpositive/llap/complex_alias.q.out
index 51664b2316..8cd983d213 100644
--- a/ql/src/test/results/clientpositive/llap/complex_alias.q.out
+++ b/ql/src/test/results/clientpositive/llap/complex_alias.q.out
@@ -104,7 +104,7 @@ STAGE PLANS:
                         Map-reduce partition columns: _col0 (type: int)
                         Statistics: Num rows: 1 Data size: 4 Basic stats: COMPLETE Column stats: COMPLETE
             Execution mode: vectorized, llap
-            LLAP IO: no inputs
+            LLAP IO: all inputs
         Map 4 
             Map Operator Tree:
                 TableScan
@@ -131,7 +131,7 @@ STAGE PLANS:
                           Map-reduce partition columns: _col0 (type: string), _col1 (type: int)
                           Statistics: Num rows: 1 Data size: 90 Basic stats: COMPLETE Column stats: COMPLETE
             Execution mode: vectorized, llap
-            LLAP IO: no inputs
+            LLAP IO: all inputs
         Map 7 
             Map Operator Tree:
                 TableScan
@@ -158,7 +158,7 @@ STAGE PLANS:
                           Map-reduce partition columns: _col0 (type: string), _col1 (type: int)
                           Statistics: Num rows: 1 Data size: 90 Basic stats: COMPLETE Column stats: COMPLETE
             Execution mode: vectorized, llap
-            LLAP IO: no inputs
+            LLAP IO: all inputs
         Reducer 2 
             Execution mode: vectorized, llap
             Reduce Operator Tree:
diff --git a/ql/src/test/results/clientpositive/llap/compute_stats_date.q.out b/ql/src/test/results/clientpositive/llap/compute_stats_date.q.out
index 228740a231..36c910be52 100644
--- a/ql/src/test/results/clientpositive/llap/compute_stats_date.q.out
+++ b/ql/src/test/results/clientpositive/llap/compute_stats_date.q.out
@@ -89,7 +89,7 @@ STAGE PLANS:
                         Statistics: Num rows: 1 Data size: 328 Basic stats: COMPLETE Column stats: NONE
                         value expressions: _col0 (type: date), _col1 (type: date), _col2 (type: bigint), _col3 (type: bigint), _col4 (type: binary)
             Execution mode: llap
-            LLAP IO: no inputs
+            LLAP IO: all inputs
         Reducer 2 
             Execution mode: llap
             Reduce Operator Tree:
diff --git a/ql/src/test/results/clientpositive/llap/constGby.q.out b/ql/src/test/results/clientpositive/llap/constGby.q.out
index 322cdcbf19..1e84616421 100644
--- a/ql/src/test/results/clientpositive/llap/constGby.q.out
+++ b/ql/src/test/results/clientpositive/llap/constGby.q.out
@@ -66,7 +66,7 @@ STAGE PLANS:
                         Statistics: Num rows: 1 Data size: 8 Basic stats: PARTIAL Column stats: COMPLETE
                         value expressions: _col1 (type: bigint)
             Execution mode: vectorized, llap
-            LLAP IO: no inputs
+            LLAP IO: all inputs
         Reducer 2 
             Execution mode: vectorized, llap
             Reduce Operator Tree:
diff --git a/ql/src/test/results/clientpositive/llap/constantPropagateForSubQuery.q.out b/ql/src/test/results/clientpositive/llap/constantPropagateForSubQuery.q.out
index 6baff579ee..2c50a30e68 100644
--- a/ql/src/test/results/clientpositive/llap/constantPropagateForSubQuery.q.out
+++ b/ql/src/test/results/clientpositive/llap/constantPropagateForSubQuery.q.out
@@ -54,7 +54,7 @@ STAGE PLANS:
                         value expressions: _col0 (type: string)
                         auto parallelism: false
             Execution mode: vectorized, llap
-            LLAP IO: no inputs
+            LLAP IO: all inputs
             Path -> Alias:
 #### A masked pattern was here ####
             Path -> Partition:
@@ -112,7 +112,7 @@ STAGE PLANS:
                       value expressions: _col0 (type: string), _col1 (type: string)
                       auto parallelism: false
             Execution mode: vectorized, llap
-            LLAP IO: no inputs
+            LLAP IO: all inputs
             Path -> Alias:
 #### A masked pattern was here ####
             Path -> Partition:
diff --git a/ql/src/test/results/clientpositive/llap/constant_prop_1.q.out b/ql/src/test/results/clientpositive/llap/constant_prop_1.q.out
index df58572b17..39406b29ce 100644
--- a/ql/src/test/results/clientpositive/llap/constant_prop_1.q.out
+++ b/ql/src/test/results/clientpositive/llap/constant_prop_1.q.out
@@ -47,7 +47,7 @@ STAGE PLANS:
                               output format: org.apache.hadoop.hive.ql.io.HiveSequenceFileOutputFormat
                               serde: org.apache.hadoop.hive.serde2.lazy.LazySimpleSerDe
             Execution mode: vectorized, llap
-            LLAP IO: no inputs
+            LLAP IO: all inputs
         Map 3 
             Map Operator Tree:
                 TableScan
@@ -70,7 +70,7 @@ STAGE PLANS:
                               output format: org.apache.hadoop.hive.ql.io.HiveSequenceFileOutputFormat
                               serde: org.apache.hadoop.hive.serde2.lazy.LazySimpleSerDe
             Execution mode: vectorized, llap
-            LLAP IO: no inputs
+            LLAP IO: all inputs
         Union 2 
             Vertex: Union 2
 
@@ -134,7 +134,7 @@ STAGE PLANS:
                           Statistics: Num rows: 1 Data size: 8 Basic stats: COMPLETE Column stats: COMPLETE
                           TopN Hash Memory Usage: 0.1
             Execution mode: vectorized, llap
-            LLAP IO: no inputs
+            LLAP IO: all inputs
         Map 5 
             Map Operator Tree:
                 TableScan
@@ -153,7 +153,7 @@ STAGE PLANS:
                           Statistics: Num rows: 1 Data size: 8 Basic stats: COMPLETE Column stats: COMPLETE
                           TopN Hash Memory Usage: 0.1
             Execution mode: vectorized, llap
-            LLAP IO: no inputs
+            LLAP IO: all inputs
         Map 6 
             Map Operator Tree:
                 TableScan
@@ -169,7 +169,7 @@ STAGE PLANS:
                       Statistics: Num rows: 2 Data size: 356 Basic stats: COMPLETE Column stats: COMPLETE
                       value expressions: key (type: string)
             Execution mode: vectorized, llap
-            LLAP IO: no inputs
+            LLAP IO: all inputs
         Reducer 3 
             Execution mode: vectorized, llap
             Reduce Operator Tree:
@@ -258,7 +258,7 @@ STAGE PLANS:
                             output format: org.apache.hadoop.hive.ql.io.HiveSequenceFileOutputFormat
                             serde: org.apache.hadoop.hive.serde2.lazy.LazySimpleSerDe
             Execution mode: vectorized, llap
-            LLAP IO: no inputs
+            LLAP IO: all inputs
         Map 3 
             Map Operator Tree:
                 TableScan
@@ -279,7 +279,7 @@ STAGE PLANS:
                             output format: org.apache.hadoop.hive.ql.io.HiveSequenceFileOutputFormat
                             serde: org.apache.hadoop.hive.serde2.lazy.LazySimpleSerDe
             Execution mode: vectorized, llap
-            LLAP IO: no inputs
+            LLAP IO: all inputs
         Union 2 
             Vertex: Union 2
 
@@ -344,7 +344,7 @@ STAGE PLANS:
                         TopN Hash Memory Usage: 0.1
                         value expressions: _col0 (type: int)
             Execution mode: vectorized, llap
-            LLAP IO: no inputs
+            LLAP IO: all inputs
         Map 5 
             Map Operator Tree:
                 TableScan
@@ -364,7 +364,7 @@ STAGE PLANS:
                         TopN Hash Memory Usage: 0.1
                         value expressions: _col0 (type: int)
             Execution mode: vectorized, llap
-            LLAP IO: no inputs
+            LLAP IO: all inputs
         Map 6 
             Map Operator Tree:
                 TableScan
@@ -380,7 +380,7 @@ STAGE PLANS:
                       Statistics: Num rows: 2 Data size: 356 Basic stats: COMPLETE Column stats: COMPLETE
                       value expressions: key (type: string)
             Execution mode: vectorized, llap
-            LLAP IO: no inputs
+            LLAP IO: all inputs
         Reducer 3 
             Execution mode: vectorized, llap
             Reduce Operator Tree:
@@ -464,7 +464,7 @@ STAGE PLANS:
                       sort order: 
                       Statistics: Num rows: 2 Data size: 174 Basic stats: COMPLETE Column stats: COMPLETE
             Execution mode: vectorized, llap
-            LLAP IO: no inputs
+            LLAP IO: all inputs
         Map 3 
             Map Operator Tree:
                 TableScan
@@ -479,7 +479,7 @@ STAGE PLANS:
                       sort order: 
                       Statistics: Num rows: 2 Data size: 182 Basic stats: COMPLETE Column stats: COMPLETE
             Execution mode: vectorized, llap
-            LLAP IO: no inputs
+            LLAP IO: all inputs
         Reducer 2 
             Execution mode: llap
             Reduce Operator Tree:
@@ -546,7 +546,7 @@ STAGE PLANS:
                       Map-reduce partition columns: key (type: string)
                       Statistics: Num rows: 500 Data size: 43500 Basic stats: COMPLETE Column stats: COMPLETE
             Execution mode: vectorized, llap
-            LLAP IO: no inputs
+            LLAP IO: all inputs
         Map 3 
             Map Operator Tree:
                 TableScan
@@ -563,7 +563,7 @@ STAGE PLANS:
                       Map-reduce partition columns: key (type: string)
                       Statistics: Num rows: 2 Data size: 356 Basic stats: COMPLETE Column stats: COMPLETE
             Execution mode: vectorized, llap
-            LLAP IO: no inputs
+            LLAP IO: all inputs
         Reducer 2 
             Execution mode: llap
             Reduce Operator Tree:
diff --git a/ql/src/test/results/clientpositive/llap/constant_prop_2.q.out b/ql/src/test/results/clientpositive/llap/constant_prop_2.q.out
index 2ea3aa0043..a56c9f6279 100644
--- a/ql/src/test/results/clientpositive/llap/constant_prop_2.q.out
+++ b/ql/src/test/results/clientpositive/llap/constant_prop_2.q.out
@@ -78,7 +78,7 @@ STAGE PLANS:
                         Statistics: Num rows: 1 Data size: 652 Basic stats: COMPLETE Column stats: PARTIAL
                         value expressions: _col2 (type: int), _col3 (type: struct<count:bigint,sum:double,input:int>), _col4 (type: bigint), _col5 (type: bigint), _col6 (type: binary), _col7 (type: int), _col8 (type: struct<count:bigint,sum:double,input:int>), _col9 (type: bigint), _col10 (type: binary)
             Execution mode: llap
-            LLAP IO: no inputs
+            LLAP IO: all inputs
         Reducer 2 
             Execution mode: llap
             Reduce Operator Tree:
diff --git a/ql/src/test/results/clientpositive/llap/constant_prop_3.q.out b/ql/src/test/results/clientpositive/llap/constant_prop_3.q.out
index aad311e44b..c40ef8d840 100644
--- a/ql/src/test/results/clientpositive/llap/constant_prop_3.q.out
+++ b/ql/src/test/results/clientpositive/llap/constant_prop_3.q.out
@@ -202,7 +202,7 @@ STAGE PLANS:
                         Statistics: Num rows: 1 Data size: 176 Basic stats: COMPLETE Column stats: COMPLETE
                         value expressions: _col0 (type: int), _col1 (type: string), _col2 (type: string), _col3 (type: int)
             Execution mode: vectorized, llap
-            LLAP IO: no inputs
+            LLAP IO: all inputs
         Map 10 
             Map Operator Tree:
                 TableScan
@@ -224,7 +224,7 @@ STAGE PLANS:
                         Statistics: Num rows: 1 Data size: 8 Basic stats: COMPLETE Column stats: COMPLETE
                         value expressions: _col0 (type: int)
             Execution mode: vectorized, llap
-            LLAP IO: no inputs
+            LLAP IO: all inputs
         Map 6 
             Map Operator Tree:
                 TableScan
@@ -269,7 +269,7 @@ STAGE PLANS:
                           Map-reduce partition columns: _col0 (type: int)
                           Statistics: Num rows: 1 Data size: 4 Basic stats: COMPLETE Column stats: COMPLETE
             Execution mode: vectorized, llap
-            LLAP IO: no inputs
+            LLAP IO: all inputs
         Reducer 2 
             Execution mode: llap
             Reduce Operator Tree:
diff --git a/ql/src/test/results/clientpositive/llap/constant_prop_when.q.out b/ql/src/test/results/clientpositive/llap/constant_prop_when.q.out
index c1fe2f60f4..44c9c07eff 100644
--- a/ql/src/test/results/clientpositive/llap/constant_prop_when.q.out
+++ b/ql/src/test/results/clientpositive/llap/constant_prop_when.q.out
@@ -60,7 +60,7 @@ STAGE PLANS:
                           output format: org.apache.hadoop.hive.ql.io.HiveSequenceFileOutputFormat
                           serde: org.apache.hadoop.hive.serde2.lazy.LazySimpleSerDe
             Execution mode: vectorized, llap
-            LLAP IO: no inputs
+            LLAP IO: all inputs
 
   Stage: Stage-0
     Fetch Operator
diff --git a/ql/src/test/results/clientpositive/llap/constprog2.q.out b/ql/src/test/results/clientpositive/llap/constprog2.q.out
index 2470d5a6d5..1c34e6ca57 100644
--- a/ql/src/test/results/clientpositive/llap/constprog2.q.out
+++ b/ql/src/test/results/clientpositive/llap/constprog2.q.out
@@ -39,7 +39,7 @@ STAGE PLANS:
                         sort order: 
                         Statistics: Num rows: 2 Data size: 8 Basic stats: COMPLETE Column stats: COMPLETE
             Execution mode: vectorized, llap
-            LLAP IO: no inputs
+            LLAP IO: all inputs
         Map 3 
             Map Operator Tree:
                 TableScan
@@ -59,7 +59,7 @@ STAGE PLANS:
                         Statistics: Num rows: 2 Data size: 182 Basic stats: COMPLETE Column stats: COMPLETE
                         value expressions: _col0 (type: string)
             Execution mode: vectorized, llap
-            LLAP IO: no inputs
+            LLAP IO: all inputs
         Reducer 2 
             Execution mode: llap
             Reduce Operator Tree:
@@ -130,7 +130,7 @@ STAGE PLANS:
                         sort order: 
                         Statistics: Num rows: 500 Data size: 2000 Basic stats: COMPLETE Column stats: COMPLETE
             Execution mode: vectorized, llap
-            LLAP IO: no inputs
+            LLAP IO: all inputs
         Map 3 
             Map Operator Tree:
                 TableScan
@@ -150,7 +150,7 @@ STAGE PLANS:
                         Statistics: Num rows: 2 Data size: 182 Basic stats: COMPLETE Column stats: COMPLETE
                         value expressions: _col0 (type: string)
             Execution mode: vectorized, llap
-            LLAP IO: no inputs
+            LLAP IO: all inputs
         Reducer 2 
             Execution mode: llap
             Reduce Operator Tree:
diff --git a/ql/src/test/results/clientpositive/llap/constprog3.q.out b/ql/src/test/results/clientpositive/llap/constprog3.q.out
index f46ba83d80..811b8b3fba 100644
--- a/ql/src/test/results/clientpositive/llap/constprog3.q.out
+++ b/ql/src/test/results/clientpositive/llap/constprog3.q.out
@@ -78,7 +78,7 @@ STAGE PLANS:
                         sort order: 
                         Statistics: Num rows: 1 Data size: 4 Basic stats: COMPLETE Column stats: NONE
             Execution mode: vectorized, llap
-            LLAP IO: no inputs
+            LLAP IO: all inputs
         Reducer 2 
             Execution mode: llap
             Reduce Operator Tree:
diff --git a/ql/src/test/results/clientpositive/llap/constprog_dp.q.out b/ql/src/test/results/clientpositive/llap/constprog_dp.q.out
index 57a71479bd..96002cca68 100644
--- a/ql/src/test/results/clientpositive/llap/constprog_dp.q.out
+++ b/ql/src/test/results/clientpositive/llap/constprog_dp.q.out
@@ -73,7 +73,7 @@ STAGE PLANS:
                           Statistics: Num rows: 1 Data size: 566 Basic stats: COMPLETE Column stats: COMPLETE
                           value expressions: _col1 (type: int), _col2 (type: struct<count:bigint,sum:double,input:int>), _col3 (type: bigint), _col4 (type: bigint), _col5 (type: binary), _col6 (type: int), _col7 (type: struct<count:bigint,sum:double,input:int>), _col8 (type: bigint), _col9 (type: binary)
             Execution mode: llap
-            LLAP IO: no inputs
+            LLAP IO: all inputs
         Reducer 2 
             Execution mode: llap
             Reduce Operator Tree:
diff --git a/ql/src/test/results/clientpositive/llap/constprog_partitioner.q.out b/ql/src/test/results/clientpositive/llap/constprog_partitioner.q.out
index 9305e705b6..965d6dff58 100644
--- a/ql/src/test/results/clientpositive/llap/constprog_partitioner.q.out
+++ b/ql/src/test/results/clientpositive/llap/constprog_partitioner.q.out
@@ -39,7 +39,7 @@ STAGE PLANS:
                         sort order: 
                         Statistics: Num rows: 2 Data size: 8 Basic stats: COMPLETE Column stats: COMPLETE
             Execution mode: vectorized, llap
-            LLAP IO: no inputs
+            LLAP IO: all inputs
         Map 3 
             Map Operator Tree:
                 TableScan
@@ -59,7 +59,7 @@ STAGE PLANS:
                         Statistics: Num rows: 2 Data size: 182 Basic stats: COMPLETE Column stats: COMPLETE
                         value expressions: _col0 (type: string)
             Execution mode: vectorized, llap
-            LLAP IO: no inputs
+            LLAP IO: all inputs
         Reducer 2 
             Execution mode: llap
             Reduce Operator Tree:
@@ -138,7 +138,7 @@ STAGE PLANS:
                         Statistics: Num rows: 14 Data size: 224 Basic stats: COMPLETE Column stats: COMPLETE
                         value expressions: _col1 (type: int), _col2 (type: int)
             Execution mode: vectorized, llap
-            LLAP IO: no inputs
+            LLAP IO: all inputs
         Map 3 
             Map Operator Tree:
                 TableScan
@@ -165,7 +165,7 @@ STAGE PLANS:
                           Map-reduce partition columns: _col0 (type: int), _col1 (type: int)
                           Statistics: Num rows: 1 Data size: 8 Basic stats: COMPLETE Column stats: COMPLETE
             Execution mode: vectorized, llap
-            LLAP IO: no inputs
+            LLAP IO: all inputs
         Reducer 2 
             Execution mode: llap
             Reduce Operator Tree:
diff --git a/ql/src/test/results/clientpositive/llap/constprog_type.q.out b/ql/src/test/results/clientpositive/llap/constprog_type.q.out
index 55228aa5f6..0dbbbc9ae5 100644
--- a/ql/src/test/results/clientpositive/llap/constprog_type.q.out
+++ b/ql/src/test/results/clientpositive/llap/constprog_type.q.out
@@ -68,7 +68,7 @@ STAGE PLANS:
                           Statistics: Num rows: 1 Data size: 504 Basic stats: COMPLETE Column stats: COMPLETE
                           value expressions: _col0 (type: date), _col1 (type: date), _col2 (type: bigint), _col3 (type: bigint), _col4 (type: binary), _col5 (type: timestamp), _col6 (type: timestamp), _col7 (type: bigint), _col8 (type: binary)
             Execution mode: llap
-            LLAP IO: no inputs
+            LLAP IO: all inputs
         Reducer 2 
             Execution mode: llap
             Reduce Operator Tree:
diff --git a/ql/src/test/results/clientpositive/llap/constraints_optimization.q.out b/ql/src/test/results/clientpositive/llap/constraints_optimization.q.out
index c890e93bdd..f05e3317d9 100644
--- a/ql/src/test/results/clientpositive/llap/constraints_optimization.q.out
+++ b/ql/src/test/results/clientpositive/llap/constraints_optimization.q.out
@@ -203,7 +203,7 @@ STAGE PLANS:
                           sort order: +
                           Statistics: Num rows: 1 Data size: 12 Basic stats: COMPLETE Column stats: NONE
             Execution mode: vectorized, llap
-            LLAP IO: no inputs
+            LLAP IO: all inputs
         Reducer 2 
             Execution mode: vectorized, llap
             Reduce Operator Tree:
@@ -277,7 +277,7 @@ STAGE PLANS:
                           sort order: +
                           Statistics: Num rows: 1 Data size: 12 Basic stats: COMPLETE Column stats: NONE
             Execution mode: vectorized, llap
-            LLAP IO: no inputs
+            LLAP IO: all inputs
         Reducer 2 
             Execution mode: vectorized, llap
             Reduce Operator Tree:
@@ -361,7 +361,7 @@ STAGE PLANS:
                             Statistics: Num rows: 1 Data size: 20 Basic stats: COMPLETE Column stats: NONE
                             value expressions: _col2 (type: bigint)
             Execution mode: vectorized, llap
-            LLAP IO: no inputs
+            LLAP IO: all inputs
         Reducer 2 
             Execution mode: vectorized, llap
             Reduce Operator Tree:
@@ -513,7 +513,7 @@ STAGE PLANS:
                       Map-reduce partition columns: _col0 (type: bigint)
                       Statistics: Num rows: 2 Data size: 16 Basic stats: COMPLETE Column stats: COMPLETE
             Execution mode: vectorized, llap
-            LLAP IO: no inputs
+            LLAP IO: all inputs
         Map 3 
             Map Operator Tree:
                 TableScan
@@ -530,7 +530,7 @@ STAGE PLANS:
                       Map-reduce partition columns: _col0 (type: bigint)
                       Statistics: Num rows: 1 Data size: 8 Basic stats: COMPLETE Column stats: COMPLETE
             Execution mode: vectorized, llap
-            LLAP IO: no inputs
+            LLAP IO: all inputs
         Reducer 2 
             Execution mode: llap
             Reduce Operator Tree:
@@ -625,7 +625,7 @@ STAGE PLANS:
                             Map-reduce partition columns: _col0 (type: bigint), _col1 (type: string)
                             Statistics: Num rows: 1 Data size: 92 Basic stats: COMPLETE Column stats: COMPLETE
             Execution mode: vectorized, llap
-            LLAP IO: no inputs
+            LLAP IO: all inputs
         Reducer 2 
             Execution mode: vectorized, llap
             Reduce Operator Tree:
@@ -721,7 +721,7 @@ STAGE PLANS:
                           Statistics: Num rows: 1 Data size: 16 Basic stats: COMPLETE Column stats: COMPLETE
                           value expressions: _col1 (type: bigint)
             Execution mode: vectorized, llap
-            LLAP IO: no inputs
+            LLAP IO: all inputs
         Reducer 2 
             Execution mode: vectorized, llap
             Reduce Operator Tree:
@@ -948,7 +948,7 @@ STAGE PLANS:
                         Statistics: Num rows: 3 Data size: 36 Basic stats: COMPLETE Column stats: COMPLETE
                         value expressions: _col1 (type: bigint)
             Execution mode: vectorized, llap
-            LLAP IO: no inputs
+            LLAP IO: all inputs
         Reducer 2 
             Execution mode: vectorized, llap
             Reduce Operator Tree:
@@ -1038,7 +1038,7 @@ STAGE PLANS:
                           Statistics: Num rows: 3 Data size: 36 Basic stats: COMPLETE Column stats: COMPLETE
                           value expressions: _col1 (type: bigint)
             Execution mode: vectorized, llap
-            LLAP IO: no inputs
+            LLAP IO: all inputs
         Reducer 2 
             Execution mode: vectorized, llap
             Reduce Operator Tree:
@@ -1115,7 +1115,7 @@ STAGE PLANS:
                       Map-reduce partition columns: _col0 (type: int)
                       Statistics: Num rows: 6 Data size: 24 Basic stats: COMPLETE Column stats: COMPLETE
             Execution mode: vectorized, llap
-            LLAP IO: no inputs
+            LLAP IO: all inputs
         Map 3 
             Map Operator Tree:
                 TableScan
@@ -1136,7 +1136,7 @@ STAGE PLANS:
                         Map-reduce partition columns: _col0 (type: int)
                         Statistics: Num rows: 4 Data size: 16 Basic stats: COMPLETE Column stats: COMPLETE
             Execution mode: vectorized, llap
-            LLAP IO: no inputs
+            LLAP IO: all inputs
         Reducer 2 
             Execution mode: llap
             Reduce Operator Tree:
@@ -1208,7 +1208,7 @@ STAGE PLANS:
                       Map-reduce partition columns: _col0 (type: int)
                       Statistics: Num rows: 6 Data size: 24 Basic stats: COMPLETE Column stats: COMPLETE
             Execution mode: vectorized, llap
-            LLAP IO: no inputs
+            LLAP IO: all inputs
         Map 4 
             Map Operator Tree:
                 TableScan
@@ -1229,7 +1229,7 @@ STAGE PLANS:
                         Map-reduce partition columns: _col0 (type: int)
                         Statistics: Num rows: 4 Data size: 16 Basic stats: COMPLETE Column stats: COMPLETE
             Execution mode: vectorized, llap
-            LLAP IO: no inputs
+            LLAP IO: all inputs
         Reducer 2 
             Execution mode: llap
             Reduce Operator Tree:
@@ -1381,7 +1381,7 @@ STAGE PLANS:
                           Statistics: Num rows: 3 Data size: 36 Basic stats: COMPLETE Column stats: COMPLETE
                           value expressions: _col1 (type: bigint)
             Execution mode: vectorized, llap
-            LLAP IO: no inputs
+            LLAP IO: all inputs
         Reducer 2 
             Execution mode: vectorized, llap
             Reduce Operator Tree:
@@ -1486,7 +1486,7 @@ STAGE PLANS:
                         Map-reduce partition columns: _col0 (type: int), _col1 (type: int), _col2 (type: string)
                         Statistics: Num rows: 1 Data size: 96 Basic stats: COMPLETE Column stats: COMPLETE
             Execution mode: vectorized, llap
-            LLAP IO: no inputs
+            LLAP IO: all inputs
         Reducer 2 
             Execution mode: vectorized, llap
             Reduce Operator Tree:
@@ -1566,7 +1566,7 @@ STAGE PLANS:
                         Map-reduce partition columns: _col0 (type: int), _col1 (type: int), _col2 (type: string)
                         Statistics: Num rows: 1 Data size: 96 Basic stats: COMPLETE Column stats: COMPLETE
             Execution mode: vectorized, llap
-            LLAP IO: no inputs
+            LLAP IO: all inputs
         Reducer 2 
             Execution mode: vectorized, llap
             Reduce Operator Tree:
@@ -1645,7 +1645,7 @@ STAGE PLANS:
                         Map-reduce partition columns: _col0 (type: int), _col1 (type: int), _col2 (type: string)
                         Statistics: Num rows: 1 Data size: 96 Basic stats: COMPLETE Column stats: COMPLETE
             Execution mode: vectorized, llap
-            LLAP IO: no inputs
+            LLAP IO: all inputs
         Reducer 2 
             Execution mode: vectorized, llap
             Reduce Operator Tree:
@@ -1721,7 +1721,7 @@ STAGE PLANS:
                       Statistics: Num rows: 3 Data size: 276 Basic stats: COMPLETE Column stats: COMPLETE
                       value expressions: _col1 (type: string)
             Execution mode: vectorized, llap
-            LLAP IO: no inputs
+            LLAP IO: all inputs
         Map 4 
             Map Operator Tree:
                 TableScan
@@ -1742,7 +1742,7 @@ STAGE PLANS:
                         Map-reduce partition columns: _col0 (type: int)
                         Statistics: Num rows: 2 Data size: 8 Basic stats: COMPLETE Column stats: COMPLETE
             Execution mode: vectorized, llap
-            LLAP IO: no inputs
+            LLAP IO: all inputs
         Reducer 2 
             Execution mode: llap
             Reduce Operator Tree:
@@ -1843,7 +1843,7 @@ STAGE PLANS:
                       Statistics: Num rows: 3 Data size: 276 Basic stats: COMPLETE Column stats: COMPLETE
                       value expressions: _col1 (type: string)
             Execution mode: vectorized, llap
-            LLAP IO: no inputs
+            LLAP IO: all inputs
         Map 4 
             Map Operator Tree:
                 TableScan
@@ -1860,7 +1860,7 @@ STAGE PLANS:
                       Map-reduce partition columns: _col0 (type: int)
                       Statistics: Num rows: 3 Data size: 12 Basic stats: COMPLETE Column stats: COMPLETE
             Execution mode: vectorized, llap
-            LLAP IO: no inputs
+            LLAP IO: all inputs
         Reducer 2 
             Execution mode: llap
             Reduce Operator Tree:
@@ -2013,7 +2013,7 @@ STAGE PLANS:
                         Map-reduce partition columns: _col0 (type: int), _col1 (type: double)
                         Statistics: Num rows: 1 Data size: 12 Basic stats: COMPLETE Column stats: NONE
             Execution mode: vectorized, llap
-            LLAP IO: no inputs
+            LLAP IO: all inputs
         Reducer 2 
             Execution mode: vectorized, llap
             Reduce Operator Tree:
diff --git a/ql/src/test/results/clientpositive/llap/correlated_join_keys.q.out b/ql/src/test/results/clientpositive/llap/correlated_join_keys.q.out
index c924eb0246..4d868714bf 100644
--- a/ql/src/test/results/clientpositive/llap/correlated_join_keys.q.out
+++ b/ql/src/test/results/clientpositive/llap/correlated_join_keys.q.out
@@ -109,7 +109,7 @@ STAGE PLANS:
                         Map-reduce partition columns: _col0 (type: string), _col1 (type: string)
                         Statistics: Num rows: 20 Data size: 3500 Basic stats: COMPLETE Column stats: COMPLETE
             Execution mode: vectorized, llap
-            LLAP IO: no inputs
+            LLAP IO: all inputs
         Map 4 
             Map Operator Tree:
                 TableScan
@@ -130,7 +130,7 @@ STAGE PLANS:
                         Map-reduce partition columns: _col0 (type: string), _col1 (type: string)
                         Statistics: Num rows: 20 Data size: 3500 Basic stats: COMPLETE Column stats: COMPLETE
             Execution mode: vectorized, llap
-            LLAP IO: no inputs
+            LLAP IO: all inputs
         Reducer 2 
             Execution mode: llap
             Reduce Operator Tree:
@@ -215,7 +215,7 @@ STAGE PLANS:
                         Map-reduce partition columns: _col0 (type: string), _col1 (type: string)
                         Statistics: Num rows: 20 Data size: 3500 Basic stats: COMPLETE Column stats: COMPLETE
             Execution mode: vectorized, llap
-            LLAP IO: no inputs
+            LLAP IO: all inputs
         Map 4 
             Map Operator Tree:
                 TableScan
@@ -236,7 +236,7 @@ STAGE PLANS:
                         Map-reduce partition columns: _col0 (type: string), _col1 (type: string)
                         Statistics: Num rows: 20 Data size: 3500 Basic stats: COMPLETE Column stats: COMPLETE
             Execution mode: vectorized, llap
-            LLAP IO: no inputs
+            LLAP IO: all inputs
         Reducer 2 
             Execution mode: llap
             Reduce Operator Tree:
diff --git a/ql/src/test/results/clientpositive/llap/correlationoptimizer1.q.out b/ql/src/test/results/clientpositive/llap/correlationoptimizer1.q.out
index 045ca2f576..3b8a6463d7 100644
--- a/ql/src/test/results/clientpositive/llap/correlationoptimizer1.q.out
+++ b/ql/src/test/results/clientpositive/llap/correlationoptimizer1.q.out
@@ -50,7 +50,7 @@ STAGE PLANS:
                         Map-reduce partition columns: _col0 (type: string)
                         Statistics: Num rows: 25 Data size: 2150 Basic stats: COMPLETE Column stats: COMPLETE
             Execution mode: vectorized, llap
-            LLAP IO: no inputs
+            LLAP IO: all inputs
         Map 5 
             Map Operator Tree:
                 TableScan
@@ -71,7 +71,7 @@ STAGE PLANS:
                         Map-reduce partition columns: _col0 (type: string)
                         Statistics: Num rows: 500 Data size: 43500 Basic stats: COMPLETE Column stats: COMPLETE
             Execution mode: vectorized, llap
-            LLAP IO: no inputs
+            LLAP IO: all inputs
         Reducer 2 
             Execution mode: llap
             Reduce Operator Tree:
@@ -212,7 +212,7 @@ STAGE PLANS:
                         Map-reduce partition columns: _col0 (type: string)
                         Statistics: Num rows: 25 Data size: 2150 Basic stats: COMPLETE Column stats: COMPLETE
             Execution mode: vectorized, llap
-            LLAP IO: no inputs
+            LLAP IO: all inputs
         Map 5 
             Map Operator Tree:
                 TableScan
@@ -233,7 +233,7 @@ STAGE PLANS:
                         Map-reduce partition columns: _col0 (type: string)
                         Statistics: Num rows: 500 Data size: 43500 Basic stats: COMPLETE Column stats: COMPLETE
             Execution mode: vectorized, llap
-            LLAP IO: no inputs
+            LLAP IO: all inputs
         Reducer 2 
             Execution mode: llap
             Reduce Operator Tree:
@@ -374,7 +374,7 @@ STAGE PLANS:
                         Map-reduce partition columns: _col0 (type: string)
                         Statistics: Num rows: 25 Data size: 2150 Basic stats: COMPLETE Column stats: COMPLETE
             Execution mode: vectorized, llap
-            LLAP IO: no inputs
+            LLAP IO: all inputs
         Map 2 
             Map Operator Tree:
                 TableScan
@@ -413,7 +413,7 @@ STAGE PLANS:
                             Statistics: Num rows: 16 Data size: 1504 Basic stats: COMPLETE Column stats: COMPLETE
                             value expressions: _col1 (type: bigint)
             Execution mode: vectorized, llap
-            LLAP IO: no inputs
+            LLAP IO: all inputs
         Reducer 3 
             Execution mode: vectorized, llap
             Reduce Operator Tree:
@@ -529,7 +529,7 @@ STAGE PLANS:
                         Map-reduce partition columns: _col0 (type: string)
                         Statistics: Num rows: 25 Data size: 2150 Basic stats: COMPLETE Column stats: COMPLETE
             Execution mode: vectorized, llap
-            LLAP IO: no inputs
+            LLAP IO: all inputs
         Map 5 
             Map Operator Tree:
                 TableScan
@@ -556,7 +556,7 @@ STAGE PLANS:
                           Map-reduce partition columns: _col0 (type: string)
                           Statistics: Num rows: 250 Data size: 21750 Basic stats: COMPLETE Column stats: COMPLETE
             Execution mode: vectorized, llap
-            LLAP IO: no inputs
+            LLAP IO: all inputs
         Reducer 2 
             Execution mode: llap
             Reduce Operator Tree:
@@ -697,7 +697,7 @@ STAGE PLANS:
                         Map-reduce partition columns: _col0 (type: string)
                         Statistics: Num rows: 25 Data size: 2150 Basic stats: COMPLETE Column stats: COMPLETE
             Execution mode: vectorized, llap
-            LLAP IO: no inputs
+            LLAP IO: all inputs
         Map 5 
             Map Operator Tree:
                 TableScan
@@ -724,7 +724,7 @@ STAGE PLANS:
                           Map-reduce partition columns: _col0 (type: string)
                           Statistics: Num rows: 250 Data size: 21750 Basic stats: COMPLETE Column stats: COMPLETE
             Execution mode: vectorized, llap
-            LLAP IO: no inputs
+            LLAP IO: all inputs
         Reducer 2 
             Execution mode: llap
             Reduce Operator Tree:
@@ -861,7 +861,7 @@ STAGE PLANS:
                       Map-reduce partition columns: _col0 (type: string)
                       Statistics: Num rows: 25 Data size: 2150 Basic stats: COMPLETE Column stats: COMPLETE
             Execution mode: vectorized, llap
-            LLAP IO: no inputs
+            LLAP IO: all inputs
         Map 5 
             Map Operator Tree:
                 TableScan
@@ -882,7 +882,7 @@ STAGE PLANS:
                         Map-reduce partition columns: _col0 (type: string)
                         Statistics: Num rows: 500 Data size: 43500 Basic stats: COMPLETE Column stats: COMPLETE
             Execution mode: vectorized, llap
-            LLAP IO: no inputs
+            LLAP IO: all inputs
         Reducer 2 
             Execution mode: llap
             Reduce Operator Tree:
@@ -1019,7 +1019,7 @@ STAGE PLANS:
                       Map-reduce partition columns: _col0 (type: string)
                       Statistics: Num rows: 25 Data size: 2150 Basic stats: COMPLETE Column stats: COMPLETE
             Execution mode: vectorized, llap
-            LLAP IO: no inputs
+            LLAP IO: all inputs
         Map 5 
             Map Operator Tree:
                 TableScan
@@ -1040,7 +1040,7 @@ STAGE PLANS:
                         Map-reduce partition columns: _col0 (type: string)
                         Statistics: Num rows: 500 Data size: 43500 Basic stats: COMPLETE Column stats: COMPLETE
             Execution mode: vectorized, llap
-            LLAP IO: no inputs
+            LLAP IO: all inputs
         Reducer 2 
             Execution mode: llap
             Reduce Operator Tree:
@@ -1177,7 +1177,7 @@ STAGE PLANS:
                       Map-reduce partition columns: _col0 (type: string)
                       Statistics: Num rows: 25 Data size: 2150 Basic stats: COMPLETE Column stats: COMPLETE
             Execution mode: vectorized, llap
-            LLAP IO: no inputs
+            LLAP IO: all inputs
         Map 5 
             Map Operator Tree:
                 TableScan
@@ -1198,7 +1198,7 @@ STAGE PLANS:
                         Map-reduce partition columns: _col0 (type: string)
                         Statistics: Num rows: 500 Data size: 43500 Basic stats: COMPLETE Column stats: COMPLETE
             Execution mode: vectorized, llap
-            LLAP IO: no inputs
+            LLAP IO: all inputs
         Reducer 2 
             Execution mode: llap
             Reduce Operator Tree:
@@ -1335,7 +1335,7 @@ STAGE PLANS:
                       Map-reduce partition columns: _col0 (type: string)
                       Statistics: Num rows: 25 Data size: 2150 Basic stats: COMPLETE Column stats: COMPLETE
             Execution mode: vectorized, llap
-            LLAP IO: no inputs
+            LLAP IO: all inputs
         Map 5 
             Map Operator Tree:
                 TableScan
@@ -1356,7 +1356,7 @@ STAGE PLANS:
                         Map-reduce partition columns: _col0 (type: string)
                         Statistics: Num rows: 500 Data size: 43500 Basic stats: COMPLETE Column stats: COMPLETE
             Execution mode: vectorized, llap
-            LLAP IO: no inputs
+            LLAP IO: all inputs
         Reducer 2 
             Execution mode: llap
             Reduce Operator Tree:
@@ -1490,7 +1490,7 @@ STAGE PLANS:
                       Map-reduce partition columns: _col0 (type: string), _col1 (type: string)
                       Statistics: Num rows: 25 Data size: 4375 Basic stats: COMPLETE Column stats: COMPLETE
             Execution mode: vectorized, llap
-            LLAP IO: no inputs
+            LLAP IO: all inputs
         Map 4 
             Map Operator Tree:
                 TableScan
@@ -1511,7 +1511,7 @@ STAGE PLANS:
                         Map-reduce partition columns: _col0 (type: string), _col1 (type: string)
                         Statistics: Num rows: 500 Data size: 89000 Basic stats: COMPLETE Column stats: COMPLETE
             Execution mode: vectorized, llap
-            LLAP IO: no inputs
+            LLAP IO: all inputs
         Reducer 2 
             Execution mode: llap
             Reduce Operator Tree:
@@ -1635,7 +1635,7 @@ STAGE PLANS:
                       Map-reduce partition columns: _col0 (type: string), _col1 (type: string)
                       Statistics: Num rows: 25 Data size: 4375 Basic stats: COMPLETE Column stats: COMPLETE
             Execution mode: vectorized, llap
-            LLAP IO: no inputs
+            LLAP IO: all inputs
         Map 4 
             Map Operator Tree:
                 TableScan
@@ -1656,7 +1656,7 @@ STAGE PLANS:
                         Map-reduce partition columns: _col0 (type: string), _col1 (type: string)
                         Statistics: Num rows: 500 Data size: 89000 Basic stats: COMPLETE Column stats: COMPLETE
             Execution mode: vectorized, llap
-            LLAP IO: no inputs
+            LLAP IO: all inputs
         Reducer 2 
             Execution mode: llap
             Reduce Operator Tree:
@@ -1787,7 +1787,7 @@ STAGE PLANS:
                         Map-reduce partition columns: _col0 (type: string)
                         Statistics: Num rows: 25 Data size: 2150 Basic stats: COMPLETE Column stats: COMPLETE
             Execution mode: vectorized, llap
-            LLAP IO: no inputs
+            LLAP IO: all inputs
         Map 5 
             Map Operator Tree:
                 TableScan
@@ -1804,7 +1804,7 @@ STAGE PLANS:
                       Map-reduce partition columns: _col0 (type: string)
                       Statistics: Num rows: 500 Data size: 43500 Basic stats: COMPLETE Column stats: COMPLETE
             Execution mode: vectorized, llap
-            LLAP IO: no inputs
+            LLAP IO: all inputs
         Reducer 2 
             Execution mode: llap
             Reduce Operator Tree:
@@ -1945,7 +1945,7 @@ STAGE PLANS:
                         Map-reduce partition columns: _col0 (type: string)
                         Statistics: Num rows: 25 Data size: 2150 Basic stats: COMPLETE Column stats: COMPLETE
             Execution mode: vectorized, llap
-            LLAP IO: no inputs
+            LLAP IO: all inputs
         Map 5 
             Map Operator Tree:
                 TableScan
@@ -1962,7 +1962,7 @@ STAGE PLANS:
                       Map-reduce partition columns: _col0 (type: string)
                       Statistics: Num rows: 500 Data size: 43500 Basic stats: COMPLETE Column stats: COMPLETE
             Execution mode: vectorized, llap
-            LLAP IO: no inputs
+            LLAP IO: all inputs
         Reducer 2 
             Execution mode: llap
             Reduce Operator Tree:
@@ -2103,7 +2103,7 @@ STAGE PLANS:
                         Map-reduce partition columns: _col0 (type: string)
                         Statistics: Num rows: 25 Data size: 2150 Basic stats: COMPLETE Column stats: COMPLETE
             Execution mode: vectorized, llap
-            LLAP IO: no inputs
+            LLAP IO: all inputs
         Map 5 
             Map Operator Tree:
                 TableScan
@@ -2120,7 +2120,7 @@ STAGE PLANS:
                       Map-reduce partition columns: _col0 (type: string)
                       Statistics: Num rows: 500 Data size: 43500 Basic stats: COMPLETE Column stats: COMPLETE
             Execution mode: vectorized, llap
-            LLAP IO: no inputs
+            LLAP IO: all inputs
         Reducer 2 
             Execution mode: llap
             Reduce Operator Tree:
@@ -2261,7 +2261,7 @@ STAGE PLANS:
                         Map-reduce partition columns: _col0 (type: string)
                         Statistics: Num rows: 25 Data size: 2150 Basic stats: COMPLETE Column stats: COMPLETE
             Execution mode: vectorized, llap
-            LLAP IO: no inputs
+            LLAP IO: all inputs
         Map 5 
             Map Operator Tree:
                 TableScan
@@ -2278,7 +2278,7 @@ STAGE PLANS:
                       Map-reduce partition columns: _col0 (type: string)
                       Statistics: Num rows: 500 Data size: 43500 Basic stats: COMPLETE Column stats: COMPLETE
             Execution mode: vectorized, llap
-            LLAP IO: no inputs
+            LLAP IO: all inputs
         Reducer 2 
             Execution mode: llap
             Reduce Operator Tree:
@@ -2415,7 +2415,7 @@ STAGE PLANS:
                       Map-reduce partition columns: _col0 (type: string)
                       Statistics: Num rows: 25 Data size: 2150 Basic stats: COMPLETE Column stats: COMPLETE
             Execution mode: vectorized, llap
-            LLAP IO: no inputs
+            LLAP IO: all inputs
         Map 5 
             Map Operator Tree:
                 TableScan
@@ -2432,7 +2432,7 @@ STAGE PLANS:
                       Map-reduce partition columns: _col0 (type: string)
                       Statistics: Num rows: 500 Data size: 43500 Basic stats: COMPLETE Column stats: COMPLETE
             Execution mode: vectorized, llap
-            LLAP IO: no inputs
+            LLAP IO: all inputs
         Reducer 2 
             Execution mode: llap
             Reduce Operator Tree:
@@ -2569,7 +2569,7 @@ STAGE PLANS:
                       Map-reduce partition columns: _col0 (type: string)
                       Statistics: Num rows: 25 Data size: 2150 Basic stats: COMPLETE Column stats: COMPLETE
             Execution mode: vectorized, llap
-            LLAP IO: no inputs
+            LLAP IO: all inputs
         Map 5 
             Map Operator Tree:
                 TableScan
@@ -2586,7 +2586,7 @@ STAGE PLANS:
                       Map-reduce partition columns: _col0 (type: string)
                       Statistics: Num rows: 500 Data size: 43500 Basic stats: COMPLETE Column stats: COMPLETE
             Execution mode: vectorized, llap
-            LLAP IO: no inputs
+            LLAP IO: all inputs
         Reducer 2 
             Execution mode: llap
             Reduce Operator Tree:
@@ -2723,7 +2723,7 @@ STAGE PLANS:
                       Map-reduce partition columns: _col0 (type: string)
                       Statistics: Num rows: 25 Data size: 2150 Basic stats: COMPLETE Column stats: COMPLETE
             Execution mode: vectorized, llap
-            LLAP IO: no inputs
+            LLAP IO: all inputs
         Map 5 
             Map Operator Tree:
                 TableScan
@@ -2740,7 +2740,7 @@ STAGE PLANS:
                       Map-reduce partition columns: _col0 (type: string)
                       Statistics: Num rows: 500 Data size: 43500 Basic stats: COMPLETE Column stats: COMPLETE
             Execution mode: vectorized, llap
-            LLAP IO: no inputs
+            LLAP IO: all inputs
         Reducer 2 
             Execution mode: llap
             Reduce Operator Tree:
@@ -2877,7 +2877,7 @@ STAGE PLANS:
                       Map-reduce partition columns: _col0 (type: string)
                       Statistics: Num rows: 25 Data size: 2150 Basic stats: COMPLETE Column stats: COMPLETE
             Execution mode: vectorized, llap
-            LLAP IO: no inputs
+            LLAP IO: all inputs
         Map 5 
             Map Operator Tree:
                 TableScan
@@ -2894,7 +2894,7 @@ STAGE PLANS:
                       Map-reduce partition columns: _col0 (type: string)
                       Statistics: Num rows: 500 Data size: 43500 Basic stats: COMPLETE Column stats: COMPLETE
             Execution mode: vectorized, llap
-            LLAP IO: no inputs
+            LLAP IO: all inputs
         Reducer 2 
             Execution mode: llap
             Reduce Operator Tree:
@@ -3036,7 +3036,7 @@ STAGE PLANS:
                         Statistics: Num rows: 25 Data size: 4375 Basic stats: COMPLETE Column stats: COMPLETE
                         value expressions: _col1 (type: string)
             Execution mode: vectorized, llap
-            LLAP IO: no inputs
+            LLAP IO: all inputs
         Map 5 
             Map Operator Tree:
                 TableScan
@@ -3057,7 +3057,7 @@ STAGE PLANS:
                         Map-reduce partition columns: _col0 (type: string)
                         Statistics: Num rows: 500 Data size: 43500 Basic stats: COMPLETE Column stats: COMPLETE
             Execution mode: vectorized, llap
-            LLAP IO: no inputs
+            LLAP IO: all inputs
         Reducer 2 
             Execution mode: llap
             Reduce Operator Tree:
@@ -3199,7 +3199,7 @@ STAGE PLANS:
                         Statistics: Num rows: 25 Data size: 4375 Basic stats: COMPLETE Column stats: COMPLETE
                         value expressions: _col1 (type: string)
             Execution mode: vectorized, llap
-            LLAP IO: no inputs
+            LLAP IO: all inputs
         Map 5 
             Map Operator Tree:
                 TableScan
@@ -3220,7 +3220,7 @@ STAGE PLANS:
                         Map-reduce partition columns: _col0 (type: string)
                         Statistics: Num rows: 500 Data size: 43500 Basic stats: COMPLETE Column stats: COMPLETE
             Execution mode: vectorized, llap
-            LLAP IO: no inputs
+            LLAP IO: all inputs
         Reducer 2 
             Execution mode: llap
             Reduce Operator Tree:
@@ -3361,7 +3361,7 @@ STAGE PLANS:
                         Map-reduce partition columns: _col0 (type: string), _col1 (type: string)
                         Statistics: Num rows: 25 Data size: 4375 Basic stats: COMPLETE Column stats: COMPLETE
             Execution mode: vectorized, llap
-            LLAP IO: no inputs
+            LLAP IO: all inputs
         Map 5 
             Map Operator Tree:
                 TableScan
@@ -3382,7 +3382,7 @@ STAGE PLANS:
                         Map-reduce partition columns: _col0 (type: string), _col1 (type: string)
                         Statistics: Num rows: 500 Data size: 89000 Basic stats: COMPLETE Column stats: COMPLETE
             Execution mode: vectorized, llap
-            LLAP IO: no inputs
+            LLAP IO: all inputs
         Reducer 2 
             Execution mode: llap
             Reduce Operator Tree:
@@ -3523,7 +3523,7 @@ STAGE PLANS:
                         Map-reduce partition columns: _col0 (type: string), _col1 (type: string)
                         Statistics: Num rows: 25 Data size: 4375 Basic stats: COMPLETE Column stats: COMPLETE
             Execution mode: vectorized, llap
-            LLAP IO: no inputs
+            LLAP IO: all inputs
         Map 5 
             Map Operator Tree:
                 TableScan
@@ -3544,7 +3544,7 @@ STAGE PLANS:
                         Map-reduce partition columns: _col0 (type: string), _col1 (type: string)
                         Statistics: Num rows: 500 Data size: 89000 Basic stats: COMPLETE Column stats: COMPLETE
             Execution mode: vectorized, llap
-            LLAP IO: no inputs
+            LLAP IO: all inputs
         Reducer 2 
             Execution mode: llap
             Reduce Operator Tree:
diff --git a/ql/src/test/results/clientpositive/llap/correlationoptimizer10.q.out b/ql/src/test/results/clientpositive/llap/correlationoptimizer10.q.out
index cc47572652..75140336b8 100644
--- a/ql/src/test/results/clientpositive/llap/correlationoptimizer10.q.out
+++ b/ql/src/test/results/clientpositive/llap/correlationoptimizer10.q.out
@@ -52,7 +52,7 @@ STAGE PLANS:
                         Map-reduce partition columns: _col0 (type: string)
                         Statistics: Num rows: 25 Data size: 2150 Basic stats: COMPLETE Column stats: COMPLETE
             Execution mode: vectorized, llap
-            LLAP IO: no inputs
+            LLAP IO: all inputs
         Map 5 
             Map Operator Tree:
                 TableScan
@@ -73,7 +73,7 @@ STAGE PLANS:
                         Map-reduce partition columns: _col0 (type: string)
                         Statistics: Num rows: 25 Data size: 2150 Basic stats: COMPLETE Column stats: COMPLETE
             Execution mode: vectorized, llap
-            LLAP IO: no inputs
+            LLAP IO: all inputs
         Map 6 
             Map Operator Tree:
                 TableScan
@@ -100,7 +100,7 @@ STAGE PLANS:
                           Map-reduce partition columns: _col0 (type: string)
                           Statistics: Num rows: 250 Data size: 21750 Basic stats: COMPLETE Column stats: COMPLETE
             Execution mode: vectorized, llap
-            LLAP IO: no inputs
+            LLAP IO: all inputs
         Reducer 2 
             Execution mode: llap
             Reduce Operator Tree:
@@ -255,7 +255,7 @@ STAGE PLANS:
                         Map-reduce partition columns: _col0 (type: string)
                         Statistics: Num rows: 25 Data size: 2150 Basic stats: COMPLETE Column stats: COMPLETE
             Execution mode: vectorized, llap
-            LLAP IO: no inputs
+            LLAP IO: all inputs
         Map 5 
             Map Operator Tree:
                 TableScan
@@ -276,7 +276,7 @@ STAGE PLANS:
                         Map-reduce partition columns: _col0 (type: string)
                         Statistics: Num rows: 25 Data size: 2150 Basic stats: COMPLETE Column stats: COMPLETE
             Execution mode: vectorized, llap
-            LLAP IO: no inputs
+            LLAP IO: all inputs
         Map 6 
             Map Operator Tree:
                 TableScan
@@ -303,7 +303,7 @@ STAGE PLANS:
                           Map-reduce partition columns: _col0 (type: string)
                           Statistics: Num rows: 250 Data size: 21750 Basic stats: COMPLETE Column stats: COMPLETE
             Execution mode: vectorized, llap
-            LLAP IO: no inputs
+            LLAP IO: all inputs
         Reducer 2 
             Execution mode: llap
             Reduce Operator Tree:
@@ -466,7 +466,7 @@ STAGE PLANS:
                         Statistics: Num rows: 2 Data size: 350 Basic stats: COMPLETE Column stats: COMPLETE
                         value expressions: _col1 (type: string)
             Execution mode: vectorized, llap
-            LLAP IO: no inputs
+            LLAP IO: all inputs
         Map 3 
             Map Operator Tree:
                 TableScan
@@ -487,7 +487,7 @@ STAGE PLANS:
                         Map-reduce partition columns: _col0 (type: string)
                         Statistics: Num rows: 55 Data size: 4785 Basic stats: COMPLETE Column stats: COMPLETE
             Execution mode: vectorized, llap
-            LLAP IO: no inputs
+            LLAP IO: all inputs
         Map 5 
             Map Operator Tree:
                 TableScan
@@ -508,7 +508,7 @@ STAGE PLANS:
                         Map-reduce partition columns: _col0 (type: string)
                         Statistics: Num rows: 55 Data size: 4785 Basic stats: COMPLETE Column stats: COMPLETE
             Execution mode: vectorized, llap
-            LLAP IO: no inputs
+            LLAP IO: all inputs
         Reducer 2 
             Execution mode: llap
             Reduce Operator Tree:
@@ -651,7 +651,7 @@ STAGE PLANS:
                         Statistics: Num rows: 2 Data size: 350 Basic stats: COMPLETE Column stats: COMPLETE
                         value expressions: _col1 (type: string)
             Execution mode: vectorized, llap
-            LLAP IO: no inputs
+            LLAP IO: all inputs
         Map 3 
             Map Operator Tree:
                 TableScan
@@ -672,7 +672,7 @@ STAGE PLANS:
                         Map-reduce partition columns: _col0 (type: string)
                         Statistics: Num rows: 55 Data size: 4785 Basic stats: COMPLETE Column stats: COMPLETE
             Execution mode: vectorized, llap
-            LLAP IO: no inputs
+            LLAP IO: all inputs
         Map 5 
             Map Operator Tree:
                 TableScan
@@ -693,7 +693,7 @@ STAGE PLANS:
                         Map-reduce partition columns: _col0 (type: string)
                         Statistics: Num rows: 55 Data size: 4785 Basic stats: COMPLETE Column stats: COMPLETE
             Execution mode: vectorized, llap
-            LLAP IO: no inputs
+            LLAP IO: all inputs
         Reducer 2 
             Execution mode: llap
             Reduce Operator Tree:
@@ -842,7 +842,7 @@ STAGE PLANS:
                         Map-reduce partition columns: _col0 (type: string)
                         Statistics: Num rows: 55 Data size: 4785 Basic stats: COMPLETE Column stats: COMPLETE
             Execution mode: vectorized, llap
-            LLAP IO: no inputs
+            LLAP IO: all inputs
         Map 4 
             Map Operator Tree:
                 TableScan
@@ -863,7 +863,7 @@ STAGE PLANS:
                         Map-reduce partition columns: _col0 (type: string)
                         Statistics: Num rows: 55 Data size: 4785 Basic stats: COMPLETE Column stats: COMPLETE
             Execution mode: vectorized, llap
-            LLAP IO: no inputs
+            LLAP IO: all inputs
         Reducer 2 
             Execution mode: llap
             Reduce Operator Tree:
@@ -1026,7 +1026,7 @@ STAGE PLANS:
                         Map-reduce partition columns: _col0 (type: string)
                         Statistics: Num rows: 55 Data size: 4785 Basic stats: COMPLETE Column stats: COMPLETE
             Execution mode: vectorized, llap
-            LLAP IO: no inputs
+            LLAP IO: all inputs
         Map 4 
             Map Operator Tree:
                 TableScan
@@ -1047,7 +1047,7 @@ STAGE PLANS:
                         Map-reduce partition columns: _col0 (type: string)
                         Statistics: Num rows: 55 Data size: 4785 Basic stats: COMPLETE Column stats: COMPLETE
             Execution mode: vectorized, llap
-            LLAP IO: no inputs
+            LLAP IO: all inputs
         Reducer 2 
             Execution mode: llap
             Reduce Operator Tree:
diff --git a/ql/src/test/results/clientpositive/llap/correlationoptimizer11.q.out b/ql/src/test/results/clientpositive/llap/correlationoptimizer11.q.out
index 1105061882..027315931b 100644
--- a/ql/src/test/results/clientpositive/llap/correlationoptimizer11.q.out
+++ b/ql/src/test/results/clientpositive/llap/correlationoptimizer11.q.out
@@ -85,7 +85,7 @@ STAGE PLANS:
                         Map-reduce partition columns: _col0 (type: string)
                         Statistics: Num rows: 100 Data size: 8700 Basic stats: COMPLETE Column stats: COMPLETE
             Execution mode: vectorized, llap
-            LLAP IO: no inputs
+            LLAP IO: all inputs
         Map 4 
             Map Operator Tree:
                 TableScan
@@ -106,7 +106,7 @@ STAGE PLANS:
                         Map-reduce partition columns: _col0 (type: string)
                         Statistics: Num rows: 25 Data size: 2150 Basic stats: COMPLETE Column stats: COMPLETE
             Execution mode: vectorized, llap
-            LLAP IO: no inputs
+            LLAP IO: all inputs
         Reducer 2 
             Execution mode: llap
             Reduce Operator Tree:
@@ -233,7 +233,7 @@ STAGE PLANS:
                         Map-reduce partition columns: _col0 (type: string)
                         Statistics: Num rows: 100 Data size: 8700 Basic stats: COMPLETE Column stats: COMPLETE
             Execution mode: vectorized, llap
-            LLAP IO: no inputs
+            LLAP IO: all inputs
         Map 4 
             Map Operator Tree:
                 TableScan
@@ -254,7 +254,7 @@ STAGE PLANS:
                         Map-reduce partition columns: _col0 (type: string)
                         Statistics: Num rows: 25 Data size: 2150 Basic stats: COMPLETE Column stats: COMPLETE
             Execution mode: vectorized, llap
-            LLAP IO: no inputs
+            LLAP IO: all inputs
         Reducer 2 
             Execution mode: llap
             Reduce Operator Tree:
@@ -379,7 +379,7 @@ STAGE PLANS:
                         Map-reduce partition columns: _col0 (type: string)
                         Statistics: Num rows: 25 Data size: 2150 Basic stats: COMPLETE Column stats: COMPLETE
             Execution mode: vectorized, llap
-            LLAP IO: no inputs
+            LLAP IO: all inputs
         Map 4 
             Map Operator Tree:
                 TableScan
@@ -400,7 +400,7 @@ STAGE PLANS:
                         Map-reduce partition columns: _col0 (type: string)
                         Statistics: Num rows: 25 Data size: 2150 Basic stats: COMPLETE Column stats: COMPLETE
             Execution mode: vectorized, llap
-            LLAP IO: no inputs
+            LLAP IO: all inputs
         Reducer 2 
             Execution mode: llap
             Reduce Operator Tree:
@@ -536,7 +536,7 @@ STAGE PLANS:
                         Map-reduce partition columns: _col0 (type: string)
                         Statistics: Num rows: 25 Data size: 2150 Basic stats: COMPLETE Column stats: COMPLETE
             Execution mode: vectorized, llap
-            LLAP IO: no inputs
+            LLAP IO: all inputs
         Map 4 
             Map Operator Tree:
                 TableScan
@@ -557,7 +557,7 @@ STAGE PLANS:
                         Map-reduce partition columns: _col0 (type: string)
                         Statistics: Num rows: 25 Data size: 2150 Basic stats: COMPLETE Column stats: COMPLETE
             Execution mode: vectorized, llap
-            LLAP IO: no inputs
+            LLAP IO: all inputs
         Reducer 2 
             Execution mode: llap
             Reduce Operator Tree:
diff --git a/ql/src/test/results/clientpositive/llap/correlationoptimizer12.q.out b/ql/src/test/results/clientpositive/llap/correlationoptimizer12.q.out
index 9308736970..8ec2dfd34a 100644
--- a/ql/src/test/results/clientpositive/llap/correlationoptimizer12.q.out
+++ b/ql/src/test/results/clientpositive/llap/correlationoptimizer12.q.out
@@ -47,7 +47,7 @@ STAGE PLANS:
                       Statistics: Num rows: 500 Data size: 89000 Basic stats: COMPLETE Column stats: COMPLETE
                       value expressions: value (type: string)
             Execution mode: vectorized, llap
-            LLAP IO: no inputs
+            LLAP IO: all inputs
         Map 3 
             Map Operator Tree:
                 TableScan
@@ -65,7 +65,7 @@ STAGE PLANS:
                       Statistics: Num rows: 25 Data size: 4375 Basic stats: COMPLETE Column stats: COMPLETE
                       value expressions: value (type: string)
             Execution mode: vectorized, llap
-            LLAP IO: no inputs
+            LLAP IO: all inputs
         Reducer 2 
             Reduce Operator Tree:
               Select Operator
diff --git a/ql/src/test/results/clientpositive/llap/correlationoptimizer13.q.out b/ql/src/test/results/clientpositive/llap/correlationoptimizer13.q.out
index e2ead5f713..ab483827b2 100644
--- a/ql/src/test/results/clientpositive/llap/correlationoptimizer13.q.out
+++ b/ql/src/test/results/clientpositive/llap/correlationoptimizer13.q.out
@@ -77,7 +77,7 @@ STAGE PLANS:
                         Statistics: Num rows: 124 Data size: 12772 Basic stats: COMPLETE Column stats: COMPLETE
                         value expressions: _col2 (type: bigint)
             Execution mode: vectorized, llap
-            LLAP IO: no inputs
+            LLAP IO: all inputs
         Map 4 
             Map Operator Tree:
                 TableScan
@@ -106,7 +106,7 @@ STAGE PLANS:
                           Statistics: Num rows: 99 Data size: 10197 Basic stats: COMPLETE Column stats: COMPLETE
                           value expressions: _col2 (type: bigint)
             Execution mode: vectorized, llap
-            LLAP IO: no inputs
+            LLAP IO: all inputs
         Reducer 2 
             Reduce Operator Tree:
               Group By Operator
diff --git a/ql/src/test/results/clientpositive/llap/correlationoptimizer14.q.out b/ql/src/test/results/clientpositive/llap/correlationoptimizer14.q.out
index 97ccaaf779..def4b5d4db 100644
--- a/ql/src/test/results/clientpositive/llap/correlationoptimizer14.q.out
+++ b/ql/src/test/results/clientpositive/llap/correlationoptimizer14.q.out
@@ -54,7 +54,7 @@ STAGE PLANS:
                         Statistics: Num rows: 500 Data size: 89000 Basic stats: COMPLETE Column stats: COMPLETE
                         value expressions: _col0 (type: string), _col1 (type: string)
             Execution mode: vectorized, llap
-            LLAP IO: no inputs
+            LLAP IO: all inputs
         Map 4 
             Map Operator Tree:
                 TableScan
@@ -75,7 +75,7 @@ STAGE PLANS:
                         Statistics: Num rows: 25 Data size: 4375 Basic stats: COMPLETE Column stats: COMPLETE
                         value expressions: _col0 (type: string), _col1 (type: string)
             Execution mode: vectorized, llap
-            LLAP IO: no inputs
+            LLAP IO: all inputs
         Reducer 2 
             Execution mode: vectorized, llap
             Reduce Operator Tree:
@@ -179,7 +179,7 @@ STAGE PLANS:
                       Statistics: Num rows: 500 Data size: 89000 Basic stats: COMPLETE Column stats: COMPLETE
                       value expressions: _col1 (type: string)
             Execution mode: vectorized, llap
-            LLAP IO: no inputs
+            LLAP IO: all inputs
         Map 3 
             Map Operator Tree:
                 TableScan
@@ -196,7 +196,7 @@ STAGE PLANS:
                       Statistics: Num rows: 25 Data size: 4375 Basic stats: COMPLETE Column stats: COMPLETE
                       value expressions: _col1 (type: string)
             Execution mode: vectorized, llap
-            LLAP IO: no inputs
+            LLAP IO: all inputs
         Reducer 2 
             Reduce Operator Tree:
               Select Operator
@@ -293,7 +293,7 @@ STAGE PLANS:
                         Statistics: Num rows: 500 Data size: 89000 Basic stats: COMPLETE Column stats: COMPLETE
                         value expressions: _col1 (type: string)
             Execution mode: vectorized, llap
-            LLAP IO: no inputs
+            LLAP IO: all inputs
         Map 3 
             Map Operator Tree:
                 TableScan
@@ -315,7 +315,7 @@ STAGE PLANS:
                         Statistics: Num rows: 25 Data size: 4375 Basic stats: COMPLETE Column stats: COMPLETE
                         value expressions: _col1 (type: string)
             Execution mode: vectorized, llap
-            LLAP IO: no inputs
+            LLAP IO: all inputs
         Reducer 2 
             Reduce Operator Tree:
               Select Operator
@@ -463,7 +463,7 @@ STAGE PLANS:
                         Statistics: Num rows: 500 Data size: 89000 Basic stats: COMPLETE Column stats: COMPLETE
                         value expressions: _col1 (type: string)
             Execution mode: vectorized, llap
-            LLAP IO: no inputs
+            LLAP IO: all inputs
         Map 3 
             Map Operator Tree:
                 TableScan
@@ -485,7 +485,7 @@ STAGE PLANS:
                         Statistics: Num rows: 25 Data size: 4375 Basic stats: COMPLETE Column stats: COMPLETE
                         value expressions: _col1 (type: string)
             Execution mode: vectorized, llap
-            LLAP IO: no inputs
+            LLAP IO: all inputs
         Reducer 2 
             Reduce Operator Tree:
               Select Operator
@@ -633,7 +633,7 @@ STAGE PLANS:
                         Statistics: Num rows: 500 Data size: 89000 Basic stats: COMPLETE Column stats: COMPLETE
                         value expressions: _col1 (type: string)
             Execution mode: vectorized, llap
-            LLAP IO: no inputs
+            LLAP IO: all inputs
         Map 3 
             Map Operator Tree:
                 TableScan
@@ -655,7 +655,7 @@ STAGE PLANS:
                         Statistics: Num rows: 25 Data size: 4375 Basic stats: COMPLETE Column stats: COMPLETE
                         value expressions: _col1 (type: string)
             Execution mode: vectorized, llap
-            LLAP IO: no inputs
+            LLAP IO: all inputs
         Reducer 2 
             Reduce Operator Tree:
               Select Operator
@@ -745,7 +745,7 @@ STAGE PLANS:
                         Statistics: Num rows: 500 Data size: 89000 Basic stats: COMPLETE Column stats: COMPLETE
                         value expressions: _col1 (type: string)
             Execution mode: vectorized, llap
-            LLAP IO: no inputs
+            LLAP IO: all inputs
         Map 3 
             Map Operator Tree:
                 TableScan
@@ -766,7 +766,7 @@ STAGE PLANS:
                         Statistics: Num rows: 25 Data size: 4375 Basic stats: COMPLETE Column stats: COMPLETE
                         value expressions: _col1 (type: string)
             Execution mode: vectorized, llap
-            LLAP IO: no inputs
+            LLAP IO: all inputs
         Reducer 2 
             Reduce Operator Tree:
               Select Operator
@@ -857,7 +857,7 @@ STAGE PLANS:
                         Statistics: Num rows: 500 Data size: 89000 Basic stats: COMPLETE Column stats: COMPLETE
                         value expressions: _col1 (type: string)
             Execution mode: vectorized, llap
-            LLAP IO: no inputs
+            LLAP IO: all inputs
         Map 3 
             Map Operator Tree:
                 TableScan
@@ -879,7 +879,7 @@ STAGE PLANS:
                         Statistics: Num rows: 25 Data size: 4375 Basic stats: COMPLETE Column stats: COMPLETE
                         value expressions: _col1 (type: string)
             Execution mode: vectorized, llap
-            LLAP IO: no inputs
+            LLAP IO: all inputs
         Reducer 2 
             Reduce Operator Tree:
               Select Operator
@@ -1027,7 +1027,7 @@ STAGE PLANS:
                         Statistics: Num rows: 500 Data size: 89000 Basic stats: COMPLETE Column stats: COMPLETE
                         value expressions: _col1 (type: string)
             Execution mode: vectorized, llap
-            LLAP IO: no inputs
+            LLAP IO: all inputs
         Map 3 
             Map Operator Tree:
                 TableScan
@@ -1049,7 +1049,7 @@ STAGE PLANS:
                         Statistics: Num rows: 25 Data size: 4375 Basic stats: COMPLETE Column stats: COMPLETE
                         value expressions: _col1 (type: string)
             Execution mode: vectorized, llap
-            LLAP IO: no inputs
+            LLAP IO: all inputs
         Reducer 2 
             Reduce Operator Tree:
               Select Operator
@@ -1199,7 +1199,7 @@ STAGE PLANS:
                         Statistics: Num rows: 500 Data size: 89000 Basic stats: COMPLETE Column stats: COMPLETE
                         value expressions: _col1 (type: string)
             Execution mode: vectorized, llap
-            LLAP IO: no inputs
+            LLAP IO: all inputs
         Map 4 
             Map Operator Tree:
                 TableScan
@@ -1224,7 +1224,7 @@ STAGE PLANS:
                         Statistics: Num rows: 12 Data size: 1128 Basic stats: COMPLETE Column stats: COMPLETE
                         value expressions: _col1 (type: bigint)
             Execution mode: vectorized, llap
-            LLAP IO: no inputs
+            LLAP IO: all inputs
         Reducer 2 
             Execution mode: vectorized, llap
             Reduce Operator Tree:
@@ -1397,7 +1397,7 @@ STAGE PLANS:
                         Statistics: Num rows: 500 Data size: 89000 Basic stats: COMPLETE Column stats: COMPLETE
                         value expressions: _col1 (type: string)
             Execution mode: vectorized, llap
-            LLAP IO: no inputs
+            LLAP IO: all inputs
         Map 4 
             Map Operator Tree:
                 TableScan
@@ -1422,7 +1422,7 @@ STAGE PLANS:
                         Statistics: Num rows: 12 Data size: 1128 Basic stats: COMPLETE Column stats: COMPLETE
                         value expressions: _col1 (type: bigint)
             Execution mode: vectorized, llap
-            LLAP IO: no inputs
+            LLAP IO: all inputs
         Reducer 2 
             Execution mode: vectorized, llap
             Reduce Operator Tree:
diff --git a/ql/src/test/results/clientpositive/llap/correlationoptimizer15.q.out b/ql/src/test/results/clientpositive/llap/correlationoptimizer15.q.out
index 2236a97d2e..8b8cf75538 100644
--- a/ql/src/test/results/clientpositive/llap/correlationoptimizer15.q.out
+++ b/ql/src/test/results/clientpositive/llap/correlationoptimizer15.q.out
@@ -53,7 +53,7 @@ STAGE PLANS:
                         Map-reduce partition columns: _col0 (type: string)
                         Statistics: Num rows: 25 Data size: 2150 Basic stats: COMPLETE Column stats: COMPLETE
             Execution mode: vectorized, llap
-            LLAP IO: no inputs
+            LLAP IO: all inputs
         Map 6 
             Map Operator Tree:
                 TableScan
@@ -74,7 +74,7 @@ STAGE PLANS:
                         Map-reduce partition columns: _col0 (type: string)
                         Statistics: Num rows: 25 Data size: 2150 Basic stats: COMPLETE Column stats: COMPLETE
             Execution mode: vectorized, llap
-            LLAP IO: no inputs
+            LLAP IO: all inputs
         Map 7 
             Map Operator Tree:
                 TableScan
@@ -95,7 +95,7 @@ STAGE PLANS:
                         Map-reduce partition columns: _col0 (type: string)
                         Statistics: Num rows: 500 Data size: 43500 Basic stats: COMPLETE Column stats: COMPLETE
             Execution mode: vectorized, llap
-            LLAP IO: no inputs
+            LLAP IO: all inputs
         Reducer 2 
             Execution mode: llap
             Reduce Operator Tree:
@@ -283,7 +283,7 @@ STAGE PLANS:
                         Map-reduce partition columns: _col0 (type: string)
                         Statistics: Num rows: 25 Data size: 2150 Basic stats: COMPLETE Column stats: COMPLETE
             Execution mode: vectorized, llap
-            LLAP IO: no inputs
+            LLAP IO: all inputs
         Map 5 
             Map Operator Tree:
                 TableScan
@@ -304,7 +304,7 @@ STAGE PLANS:
                         Map-reduce partition columns: _col0 (type: string)
                         Statistics: Num rows: 25 Data size: 2150 Basic stats: COMPLETE Column stats: COMPLETE
             Execution mode: vectorized, llap
-            LLAP IO: no inputs
+            LLAP IO: all inputs
         Map 6 
             Map Operator Tree:
                 TableScan
@@ -325,7 +325,7 @@ STAGE PLANS:
                         Map-reduce partition columns: _col0 (type: string)
                         Statistics: Num rows: 500 Data size: 43500 Basic stats: COMPLETE Column stats: COMPLETE
             Execution mode: vectorized, llap
-            LLAP IO: no inputs
+            LLAP IO: all inputs
         Reducer 2 
             Execution mode: llap
             Reduce Operator Tree:
diff --git a/ql/src/test/results/clientpositive/llap/correlationoptimizer2.q.out b/ql/src/test/results/clientpositive/llap/correlationoptimizer2.q.out
index 29a7318a3a..b6e5580cc4 100644
--- a/ql/src/test/results/clientpositive/llap/correlationoptimizer2.q.out
+++ b/ql/src/test/results/clientpositive/llap/correlationoptimizer2.q.out
@@ -55,7 +55,7 @@ STAGE PLANS:
                         Statistics: Num rows: 250 Data size: 23750 Basic stats: COMPLETE Column stats: COMPLETE
                         value expressions: _col1 (type: bigint)
             Execution mode: vectorized, llap
-            LLAP IO: no inputs
+            LLAP IO: all inputs
         Map 4 
             Map Operator Tree:
                 TableScan
@@ -80,7 +80,7 @@ STAGE PLANS:
                         Statistics: Num rows: 12 Data size: 1128 Basic stats: COMPLETE Column stats: COMPLETE
                         value expressions: _col1 (type: bigint)
             Execution mode: vectorized, llap
-            LLAP IO: no inputs
+            LLAP IO: all inputs
         Reducer 2 
             Reduce Operator Tree:
               Group By Operator
@@ -219,7 +219,7 @@ STAGE PLANS:
                         Statistics: Num rows: 250 Data size: 23750 Basic stats: COMPLETE Column stats: COMPLETE
                         value expressions: _col1 (type: bigint)
             Execution mode: vectorized, llap
-            LLAP IO: no inputs
+            LLAP IO: all inputs
         Map 4 
             Map Operator Tree:
                 TableScan
@@ -244,7 +244,7 @@ STAGE PLANS:
                         Statistics: Num rows: 12 Data size: 1128 Basic stats: COMPLETE Column stats: COMPLETE
                         value expressions: _col1 (type: bigint)
             Execution mode: vectorized, llap
-            LLAP IO: no inputs
+            LLAP IO: all inputs
         Reducer 2 
             Reduce Operator Tree:
               Group By Operator
@@ -383,7 +383,7 @@ STAGE PLANS:
                         Statistics: Num rows: 250 Data size: 23750 Basic stats: COMPLETE Column stats: COMPLETE
                         value expressions: _col1 (type: bigint)
             Execution mode: vectorized, llap
-            LLAP IO: no inputs
+            LLAP IO: all inputs
         Map 4 
             Map Operator Tree:
                 TableScan
@@ -408,7 +408,7 @@ STAGE PLANS:
                         Statistics: Num rows: 12 Data size: 1128 Basic stats: COMPLETE Column stats: COMPLETE
                         value expressions: _col1 (type: bigint)
             Execution mode: vectorized, llap
-            LLAP IO: no inputs
+            LLAP IO: all inputs
         Reducer 2 
             Reduce Operator Tree:
               Group By Operator
@@ -547,7 +547,7 @@ STAGE PLANS:
                         Statistics: Num rows: 250 Data size: 23750 Basic stats: COMPLETE Column stats: COMPLETE
                         value expressions: _col1 (type: bigint)
             Execution mode: vectorized, llap
-            LLAP IO: no inputs
+            LLAP IO: all inputs
         Map 4 
             Map Operator Tree:
                 TableScan
@@ -572,7 +572,7 @@ STAGE PLANS:
                         Statistics: Num rows: 12 Data size: 1128 Basic stats: COMPLETE Column stats: COMPLETE
                         value expressions: _col1 (type: bigint)
             Execution mode: vectorized, llap
-            LLAP IO: no inputs
+            LLAP IO: all inputs
         Reducer 2 
             Reduce Operator Tree:
               Group By Operator
@@ -711,7 +711,7 @@ STAGE PLANS:
                         Statistics: Num rows: 250 Data size: 23750 Basic stats: COMPLETE Column stats: COMPLETE
                         value expressions: _col1 (type: bigint)
             Execution mode: vectorized, llap
-            LLAP IO: no inputs
+            LLAP IO: all inputs
         Map 3 
             Map Operator Tree:
                 TableScan
@@ -736,7 +736,7 @@ STAGE PLANS:
                         Statistics: Num rows: 12 Data size: 1128 Basic stats: COMPLETE Column stats: COMPLETE
                         value expressions: _col1 (type: bigint)
             Execution mode: vectorized, llap
-            LLAP IO: no inputs
+            LLAP IO: all inputs
         Reducer 4 
             Reduce Operator Tree:
               Group By Operator
@@ -875,7 +875,7 @@ STAGE PLANS:
                         Statistics: Num rows: 250 Data size: 23750 Basic stats: COMPLETE Column stats: COMPLETE
                         value expressions: _col1 (type: bigint)
             Execution mode: vectorized, llap
-            LLAP IO: no inputs
+            LLAP IO: all inputs
         Map 3 
             Map Operator Tree:
                 TableScan
@@ -900,7 +900,7 @@ STAGE PLANS:
                         Statistics: Num rows: 12 Data size: 1128 Basic stats: COMPLETE Column stats: COMPLETE
                         value expressions: _col1 (type: bigint)
             Execution mode: vectorized, llap
-            LLAP IO: no inputs
+            LLAP IO: all inputs
         Reducer 4 
             Reduce Operator Tree:
               Group By Operator
@@ -1041,7 +1041,7 @@ STAGE PLANS:
                         Statistics: Num rows: 250 Data size: 23750 Basic stats: COMPLETE Column stats: COMPLETE
                         value expressions: _col1 (type: bigint)
             Execution mode: vectorized, llap
-            LLAP IO: no inputs
+            LLAP IO: all inputs
         Map 5 
             Map Operator Tree:
                 TableScan
@@ -1066,7 +1066,7 @@ STAGE PLANS:
                         Statistics: Num rows: 12 Data size: 1128 Basic stats: COMPLETE Column stats: COMPLETE
                         value expressions: _col1 (type: bigint)
             Execution mode: vectorized, llap
-            LLAP IO: no inputs
+            LLAP IO: all inputs
         Reducer 2 
             Execution mode: vectorized, llap
             Reduce Operator Tree:
@@ -1225,7 +1225,7 @@ STAGE PLANS:
                         Statistics: Num rows: 250 Data size: 23750 Basic stats: COMPLETE Column stats: COMPLETE
                         value expressions: _col1 (type: bigint)
             Execution mode: vectorized, llap
-            LLAP IO: no inputs
+            LLAP IO: all inputs
         Map 5 
             Map Operator Tree:
                 TableScan
@@ -1250,7 +1250,7 @@ STAGE PLANS:
                         Statistics: Num rows: 12 Data size: 1128 Basic stats: COMPLETE Column stats: COMPLETE
                         value expressions: _col1 (type: bigint)
             Execution mode: vectorized, llap
-            LLAP IO: no inputs
+            LLAP IO: all inputs
         Reducer 2 
             Execution mode: vectorized, llap
             Reduce Operator Tree:
@@ -1409,7 +1409,7 @@ STAGE PLANS:
                         Statistics: Num rows: 250 Data size: 23750 Basic stats: COMPLETE Column stats: COMPLETE
                         value expressions: _col1 (type: bigint)
             Execution mode: vectorized, llap
-            LLAP IO: no inputs
+            LLAP IO: all inputs
         Map 5 
             Map Operator Tree:
                 TableScan
@@ -1434,7 +1434,7 @@ STAGE PLANS:
                         Statistics: Num rows: 12 Data size: 1128 Basic stats: COMPLETE Column stats: COMPLETE
                         value expressions: _col1 (type: bigint)
             Execution mode: vectorized, llap
-            LLAP IO: no inputs
+            LLAP IO: all inputs
         Reducer 2 
             Execution mode: vectorized, llap
             Reduce Operator Tree:
@@ -1593,7 +1593,7 @@ STAGE PLANS:
                         Statistics: Num rows: 250 Data size: 23750 Basic stats: COMPLETE Column stats: COMPLETE
                         value expressions: _col1 (type: bigint)
             Execution mode: vectorized, llap
-            LLAP IO: no inputs
+            LLAP IO: all inputs
         Map 5 
             Map Operator Tree:
                 TableScan
@@ -1618,7 +1618,7 @@ STAGE PLANS:
                         Statistics: Num rows: 12 Data size: 1128 Basic stats: COMPLETE Column stats: COMPLETE
                         value expressions: _col1 (type: bigint)
             Execution mode: vectorized, llap
-            LLAP IO: no inputs
+            LLAP IO: all inputs
         Reducer 2 
             Execution mode: vectorized, llap
             Reduce Operator Tree:
@@ -1778,7 +1778,7 @@ STAGE PLANS:
                         Map-reduce partition columns: _col0 (type: string)
                         Statistics: Num rows: 250 Data size: 21750 Basic stats: COMPLETE Column stats: COMPLETE
             Execution mode: vectorized, llap
-            LLAP IO: no inputs
+            LLAP IO: all inputs
         Map 6 
             Map Operator Tree:
                 TableScan
@@ -1801,7 +1801,7 @@ STAGE PLANS:
                         Map-reduce partition columns: _col0 (type: string)
                         Statistics: Num rows: 12 Data size: 1032 Basic stats: COMPLETE Column stats: COMPLETE
             Execution mode: vectorized, llap
-            LLAP IO: no inputs
+            LLAP IO: all inputs
         Reducer 2 
             Execution mode: vectorized, llap
             Reduce Operator Tree:
@@ -1982,7 +1982,7 @@ STAGE PLANS:
                         Map-reduce partition columns: _col0 (type: string)
                         Statistics: Num rows: 250 Data size: 21750 Basic stats: COMPLETE Column stats: COMPLETE
             Execution mode: vectorized, llap
-            LLAP IO: no inputs
+            LLAP IO: all inputs
         Map 6 
             Map Operator Tree:
                 TableScan
@@ -2005,7 +2005,7 @@ STAGE PLANS:
                         Map-reduce partition columns: _col0 (type: string)
                         Statistics: Num rows: 12 Data size: 1032 Basic stats: COMPLETE Column stats: COMPLETE
             Execution mode: vectorized, llap
-            LLAP IO: no inputs
+            LLAP IO: all inputs
         Reducer 2 
             Execution mode: vectorized, llap
             Reduce Operator Tree:
@@ -2186,7 +2186,7 @@ STAGE PLANS:
                         Map-reduce partition columns: _col0 (type: string)
                         Statistics: Num rows: 250 Data size: 21750 Basic stats: COMPLETE Column stats: COMPLETE
             Execution mode: vectorized, llap
-            LLAP IO: no inputs
+            LLAP IO: all inputs
         Map 6 
             Map Operator Tree:
                 TableScan
@@ -2209,7 +2209,7 @@ STAGE PLANS:
                         Map-reduce partition columns: _col0 (type: string)
                         Statistics: Num rows: 12 Data size: 1032 Basic stats: COMPLETE Column stats: COMPLETE
             Execution mode: vectorized, llap
-            LLAP IO: no inputs
+            LLAP IO: all inputs
         Reducer 2 
             Execution mode: vectorized, llap
             Reduce Operator Tree:
@@ -2390,7 +2390,7 @@ STAGE PLANS:
                         Map-reduce partition columns: _col0 (type: string)
                         Statistics: Num rows: 250 Data size: 21750 Basic stats: COMPLETE Column stats: COMPLETE
             Execution mode: vectorized, llap
-            LLAP IO: no inputs
+            LLAP IO: all inputs
         Map 6 
             Map Operator Tree:
                 TableScan
@@ -2413,7 +2413,7 @@ STAGE PLANS:
                         Map-reduce partition columns: _col0 (type: string)
                         Statistics: Num rows: 12 Data size: 1032 Basic stats: COMPLETE Column stats: COMPLETE
             Execution mode: vectorized, llap
-            LLAP IO: no inputs
+            LLAP IO: all inputs
         Reducer 2 
             Execution mode: vectorized, llap
             Reduce Operator Tree:
@@ -2603,7 +2603,7 @@ STAGE PLANS:
                         Statistics: Num rows: 12 Data size: 1128 Basic stats: COMPLETE Column stats: COMPLETE
                         value expressions: _col1 (type: bigint)
             Execution mode: vectorized, llap
-            LLAP IO: no inputs
+            LLAP IO: all inputs
         Map 5 
             Map Operator Tree:
                 TableScan
@@ -2624,7 +2624,7 @@ STAGE PLANS:
                         Map-reduce partition columns: _col0 (type: string)
                         Statistics: Num rows: 500 Data size: 43500 Basic stats: COMPLETE Column stats: COMPLETE
             Execution mode: vectorized, llap
-            LLAP IO: no inputs
+            LLAP IO: all inputs
         Reducer 2 
             Execution mode: llap
             Reduce Operator Tree:
@@ -2780,7 +2780,7 @@ STAGE PLANS:
                         Statistics: Num rows: 12 Data size: 1128 Basic stats: COMPLETE Column stats: COMPLETE
                         value expressions: _col1 (type: bigint)
             Execution mode: vectorized, llap
-            LLAP IO: no inputs
+            LLAP IO: all inputs
         Map 6 
             Map Operator Tree:
                 TableScan
@@ -2801,7 +2801,7 @@ STAGE PLANS:
                         Map-reduce partition columns: _col0 (type: string)
                         Statistics: Num rows: 500 Data size: 43500 Basic stats: COMPLETE Column stats: COMPLETE
             Execution mode: vectorized, llap
-            LLAP IO: no inputs
+            LLAP IO: all inputs
         Reducer 2 
             Execution mode: llap
             Reduce Operator Tree:
@@ -2972,7 +2972,7 @@ STAGE PLANS:
                         Statistics: Num rows: 12 Data size: 1128 Basic stats: COMPLETE Column stats: COMPLETE
                         value expressions: _col1 (type: bigint)
             Execution mode: vectorized, llap
-            LLAP IO: no inputs
+            LLAP IO: all inputs
         Map 5 
             Map Operator Tree:
                 TableScan
@@ -2993,7 +2993,7 @@ STAGE PLANS:
                         Map-reduce partition columns: _col0 (type: string)
                         Statistics: Num rows: 500 Data size: 43500 Basic stats: COMPLETE Column stats: COMPLETE
             Execution mode: vectorized, llap
-            LLAP IO: no inputs
+            LLAP IO: all inputs
         Reducer 2 
             Execution mode: llap
             Reduce Operator Tree:
@@ -3149,7 +3149,7 @@ STAGE PLANS:
                         Statistics: Num rows: 12 Data size: 1128 Basic stats: COMPLETE Column stats: COMPLETE
                         value expressions: _col1 (type: bigint)
             Execution mode: vectorized, llap
-            LLAP IO: no inputs
+            LLAP IO: all inputs
         Map 6 
             Map Operator Tree:
                 TableScan
@@ -3170,7 +3170,7 @@ STAGE PLANS:
                         Map-reduce partition columns: _col0 (type: string)
                         Statistics: Num rows: 500 Data size: 43500 Basic stats: COMPLETE Column stats: COMPLETE
             Execution mode: vectorized, llap
-            LLAP IO: no inputs
+            LLAP IO: all inputs
         Reducer 2 
             Execution mode: llap
             Reduce Operator Tree:
diff --git a/ql/src/test/results/clientpositive/llap/correlationoptimizer3.q.out b/ql/src/test/results/clientpositive/llap/correlationoptimizer3.q.out
index 9ba44474f0..a8580e5ee0 100644
--- a/ql/src/test/results/clientpositive/llap/correlationoptimizer3.q.out
+++ b/ql/src/test/results/clientpositive/llap/correlationoptimizer3.q.out
@@ -65,7 +65,7 @@ STAGE PLANS:
                         Map-reduce partition columns: _col0 (type: string)
                         Statistics: Num rows: 25 Data size: 2150 Basic stats: COMPLETE Column stats: COMPLETE
             Execution mode: vectorized, llap
-            LLAP IO: no inputs
+            LLAP IO: all inputs
         Map 7 
             Map Operator Tree:
                 TableScan
@@ -92,7 +92,7 @@ STAGE PLANS:
                         Map-reduce partition columns: _col0 (type: string)
                         Statistics: Num rows: 500 Data size: 43500 Basic stats: COMPLETE Column stats: COMPLETE
             Execution mode: vectorized, llap
-            LLAP IO: no inputs
+            LLAP IO: all inputs
         Reducer 2 
             Execution mode: llap
             Reduce Operator Tree:
@@ -286,7 +286,7 @@ STAGE PLANS:
                         Map-reduce partition columns: _col0 (type: string)
                         Statistics: Num rows: 25 Data size: 2150 Basic stats: COMPLETE Column stats: COMPLETE
             Execution mode: vectorized, llap
-            LLAP IO: no inputs
+            LLAP IO: all inputs
         Map 7 
             Map Operator Tree:
                 TableScan
@@ -313,7 +313,7 @@ STAGE PLANS:
                         Map-reduce partition columns: _col0 (type: string)
                         Statistics: Num rows: 500 Data size: 43500 Basic stats: COMPLETE Column stats: COMPLETE
             Execution mode: vectorized, llap
-            LLAP IO: no inputs
+            LLAP IO: all inputs
         Reducer 2 
             Execution mode: llap
             Reduce Operator Tree:
@@ -506,7 +506,7 @@ STAGE PLANS:
                         Map-reduce partition columns: _col0 (type: string)
                         Statistics: Num rows: 25 Data size: 2150 Basic stats: COMPLETE Column stats: COMPLETE
             Execution mode: vectorized, llap
-            LLAP IO: no inputs
+            LLAP IO: all inputs
         Map 2 
             Map Operator Tree:
                 TableScan
@@ -545,7 +545,7 @@ STAGE PLANS:
                             Statistics: Num rows: 16 Data size: 1504 Basic stats: COMPLETE Column stats: COMPLETE
                             value expressions: _col1 (type: bigint)
             Execution mode: vectorized, llap
-            LLAP IO: no inputs
+            LLAP IO: all inputs
         Map 4 
             Map Operator Tree:
                 TableScan
@@ -585,7 +585,7 @@ STAGE PLANS:
                               Statistics: Num rows: 1 Data size: 24 Basic stats: COMPLETE Column stats: COMPLETE
                               value expressions: _col0 (type: bigint), _col1 (type: bigint), _col2 (type: bigint)
             Execution mode: vectorized, llap
-            LLAP IO: no inputs
+            LLAP IO: all inputs
         Reducer 3 
             Execution mode: vectorized, llap
             Reduce Operator Tree:
@@ -715,7 +715,7 @@ STAGE PLANS:
                         Map-reduce partition columns: _col0 (type: string)
                         Statistics: Num rows: 500 Data size: 43500 Basic stats: COMPLETE Column stats: COMPLETE
             Execution mode: vectorized, llap
-            LLAP IO: no inputs
+            LLAP IO: all inputs
         Map 7 
             Map Operator Tree:
                 TableScan
@@ -747,7 +747,7 @@ STAGE PLANS:
                         Map-reduce partition columns: _col0 (type: string)
                         Statistics: Num rows: 25 Data size: 2150 Basic stats: COMPLETE Column stats: COMPLETE
             Execution mode: vectorized, llap
-            LLAP IO: no inputs
+            LLAP IO: all inputs
         Reducer 2 
             Execution mode: llap
             Reduce Operator Tree:
@@ -936,7 +936,7 @@ STAGE PLANS:
                         Map-reduce partition columns: _col0 (type: string)
                         Statistics: Num rows: 500 Data size: 43500 Basic stats: COMPLETE Column stats: COMPLETE
             Execution mode: vectorized, llap
-            LLAP IO: no inputs
+            LLAP IO: all inputs
         Map 7 
             Map Operator Tree:
                 TableScan
@@ -968,7 +968,7 @@ STAGE PLANS:
                         Map-reduce partition columns: _col0 (type: string)
                         Statistics: Num rows: 25 Data size: 2150 Basic stats: COMPLETE Column stats: COMPLETE
             Execution mode: vectorized, llap
-            LLAP IO: no inputs
+            LLAP IO: all inputs
         Reducer 2 
             Execution mode: llap
             Reduce Operator Tree:
@@ -1161,7 +1161,7 @@ STAGE PLANS:
                           Statistics: Num rows: 39 Data size: 6825 Basic stats: COMPLETE Column stats: COMPLETE
                           value expressions: _col2 (type: string)
             Execution mode: vectorized, llap
-            LLAP IO: no inputs
+            LLAP IO: all inputs
         Map 2 
             Map Operator Tree:
                 TableScan
@@ -1193,7 +1193,7 @@ STAGE PLANS:
                         Map-reduce partition columns: _col0 (type: string)
                         Statistics: Num rows: 25 Data size: 2150 Basic stats: COMPLETE Column stats: COMPLETE
             Execution mode: vectorized, llap
-            LLAP IO: no inputs
+            LLAP IO: all inputs
         Map 3 
             Map Operator Tree:
                 TableScan
@@ -1232,7 +1232,7 @@ STAGE PLANS:
                             Statistics: Num rows: 16 Data size: 1504 Basic stats: COMPLETE Column stats: COMPLETE
                             value expressions: _col1 (type: bigint)
             Execution mode: vectorized, llap
-            LLAP IO: no inputs
+            LLAP IO: all inputs
         Reducer 4 
             Execution mode: vectorized, llap
             Reduce Operator Tree:
diff --git a/ql/src/test/results/clientpositive/llap/correlationoptimizer4.q.out b/ql/src/test/results/clientpositive/llap/correlationoptimizer4.q.out
index 7e028278f1..d28b796ebc 100644
--- a/ql/src/test/results/clientpositive/llap/correlationoptimizer4.q.out
+++ b/ql/src/test/results/clientpositive/llap/correlationoptimizer4.q.out
@@ -101,7 +101,7 @@ STAGE PLANS:
                         Map-reduce partition columns: _col0 (type: int)
                         Statistics: Num rows: 1 Data size: 4 Basic stats: COMPLETE Column stats: NONE
             Execution mode: vectorized, llap
-            LLAP IO: no inputs
+            LLAP IO: all inputs
         Map 6 
             Map Operator Tree:
                 TableScan
@@ -122,7 +122,7 @@ STAGE PLANS:
                         Map-reduce partition columns: _col0 (type: int)
                         Statistics: Num rows: 1 Data size: 4 Basic stats: COMPLETE Column stats: NONE
             Execution mode: vectorized, llap
-            LLAP IO: no inputs
+            LLAP IO: all inputs
         Map 7 
             Map Operator Tree:
                 TableScan
@@ -143,7 +143,7 @@ STAGE PLANS:
                         Map-reduce partition columns: _col0 (type: int)
                         Statistics: Num rows: 1 Data size: 4 Basic stats: COMPLETE Column stats: NONE
             Execution mode: vectorized, llap
-            LLAP IO: no inputs
+            LLAP IO: all inputs
         Reducer 2 
             Execution mode: llap
             Reduce Operator Tree:
@@ -310,7 +310,7 @@ STAGE PLANS:
                         Map-reduce partition columns: _col0 (type: int)
                         Statistics: Num rows: 1 Data size: 4 Basic stats: COMPLETE Column stats: NONE
             Execution mode: vectorized, llap
-            LLAP IO: no inputs
+            LLAP IO: all inputs
             Map Vectorization:
                 enabled: true
                 enabledConditionsMet: hive.vectorized.use.vector.serde.deserialize IS true
@@ -340,7 +340,7 @@ STAGE PLANS:
                         Map-reduce partition columns: _col0 (type: int)
                         Statistics: Num rows: 1 Data size: 4 Basic stats: COMPLETE Column stats: NONE
             Execution mode: vectorized, llap
-            LLAP IO: no inputs
+            LLAP IO: all inputs
             Map Vectorization:
                 enabled: true
                 enabledConditionsMet: hive.vectorized.use.vector.serde.deserialize IS true
@@ -370,7 +370,7 @@ STAGE PLANS:
                         Map-reduce partition columns: _col0 (type: int)
                         Statistics: Num rows: 1 Data size: 4 Basic stats: COMPLETE Column stats: NONE
             Execution mode: vectorized, llap
-            LLAP IO: no inputs
+            LLAP IO: all inputs
             Map Vectorization:
                 enabled: true
                 enabledConditionsMet: hive.vectorized.use.vector.serde.deserialize IS true
@@ -592,7 +592,7 @@ STAGE PLANS:
                               Statistics: Num rows: 1 Data size: 4 Basic stats: COMPLETE Column stats: NONE
                               value expressions: _col1 (type: bigint)
             Execution mode: vectorized, llap
-            LLAP IO: no inputs
+            LLAP IO: all inputs
             Map Vectorization:
                 enabled: true
                 enabledConditionsMet: hive.vectorized.use.vector.serde.deserialize IS true
@@ -622,7 +622,7 @@ STAGE PLANS:
                         Map-reduce partition columns: _col0 (type: int)
                         Statistics: Num rows: 1 Data size: 4 Basic stats: COMPLETE Column stats: NONE
             Execution mode: vectorized, llap
-            LLAP IO: no inputs
+            LLAP IO: all inputs
             Map Vectorization:
                 enabled: true
                 enabledConditionsMet: hive.vectorized.use.vector.serde.deserialize IS true
@@ -652,7 +652,7 @@ STAGE PLANS:
                         Map-reduce partition columns: _col0 (type: int)
                         Statistics: Num rows: 1 Data size: 4 Basic stats: COMPLETE Column stats: NONE
             Execution mode: vectorized, llap
-            LLAP IO: no inputs
+            LLAP IO: all inputs
             Map Vectorization:
                 enabled: true
                 enabledConditionsMet: hive.vectorized.use.vector.serde.deserialize IS true
@@ -794,7 +794,7 @@ STAGE PLANS:
                       Map-reduce partition columns: _col0 (type: int)
                       Statistics: Num rows: 1 Data size: 4 Basic stats: COMPLETE Column stats: NONE
             Execution mode: vectorized, llap
-            LLAP IO: no inputs
+            LLAP IO: all inputs
             Map Vectorization:
                 enabled: true
                 enabledConditionsMet: hive.vectorized.use.vector.serde.deserialize IS true
@@ -824,7 +824,7 @@ STAGE PLANS:
                         Map-reduce partition columns: _col0 (type: int)
                         Statistics: Num rows: 1 Data size: 4 Basic stats: COMPLETE Column stats: NONE
             Execution mode: vectorized, llap
-            LLAP IO: no inputs
+            LLAP IO: all inputs
             Map Vectorization:
                 enabled: true
                 enabledConditionsMet: hive.vectorized.use.vector.serde.deserialize IS true
@@ -854,7 +854,7 @@ STAGE PLANS:
                         Map-reduce partition columns: _col0 (type: int)
                         Statistics: Num rows: 1 Data size: 4 Basic stats: COMPLETE Column stats: NONE
             Execution mode: vectorized, llap
-            LLAP IO: no inputs
+            LLAP IO: all inputs
             Map Vectorization:
                 enabled: true
                 enabledConditionsMet: hive.vectorized.use.vector.serde.deserialize IS true
@@ -1045,7 +1045,7 @@ STAGE PLANS:
                       Map-reduce partition columns: _col0 (type: int)
                       Statistics: Num rows: 1 Data size: 4 Basic stats: COMPLETE Column stats: NONE
             Execution mode: vectorized, llap
-            LLAP IO: no inputs
+            LLAP IO: all inputs
             Map Vectorization:
                 enabled: true
                 enabledConditionsMet: hive.vectorized.use.vector.serde.deserialize IS true
@@ -1075,7 +1075,7 @@ STAGE PLANS:
                         Map-reduce partition columns: _col0 (type: int)
                         Statistics: Num rows: 1 Data size: 4 Basic stats: COMPLETE Column stats: NONE
             Execution mode: vectorized, llap
-            LLAP IO: no inputs
+            LLAP IO: all inputs
             Map Vectorization:
                 enabled: true
                 enabledConditionsMet: hive.vectorized.use.vector.serde.deserialize IS true
@@ -1105,7 +1105,7 @@ STAGE PLANS:
                         Map-reduce partition columns: _col0 (type: int)
                         Statistics: Num rows: 1 Data size: 4 Basic stats: COMPLETE Column stats: NONE
             Execution mode: vectorized, llap
-            LLAP IO: no inputs
+            LLAP IO: all inputs
             Map Vectorization:
                 enabled: true
                 enabledConditionsMet: hive.vectorized.use.vector.serde.deserialize IS true
@@ -1296,7 +1296,7 @@ STAGE PLANS:
                       Map-reduce partition columns: _col0 (type: int)
                       Statistics: Num rows: 1 Data size: 4 Basic stats: COMPLETE Column stats: NONE
             Execution mode: vectorized, llap
-            LLAP IO: no inputs
+            LLAP IO: all inputs
             Map Vectorization:
                 enabled: true
                 enabledConditionsMet: hive.vectorized.use.vector.serde.deserialize IS true
@@ -1326,7 +1326,7 @@ STAGE PLANS:
                         Map-reduce partition columns: _col0 (type: int)
                         Statistics: Num rows: 1 Data size: 4 Basic stats: COMPLETE Column stats: NONE
             Execution mode: vectorized, llap
-            LLAP IO: no inputs
+            LLAP IO: all inputs
             Map Vectorization:
                 enabled: true
                 enabledConditionsMet: hive.vectorized.use.vector.serde.deserialize IS true
@@ -1356,7 +1356,7 @@ STAGE PLANS:
                         Map-reduce partition columns: _col0 (type: int)
                         Statistics: Num rows: 1 Data size: 4 Basic stats: COMPLETE Column stats: NONE
             Execution mode: vectorized, llap
-            LLAP IO: no inputs
+            LLAP IO: all inputs
             Map Vectorization:
                 enabled: true
                 enabledConditionsMet: hive.vectorized.use.vector.serde.deserialize IS true
@@ -1550,7 +1550,7 @@ STAGE PLANS:
                         Map-reduce partition columns: _col0 (type: int)
                         Statistics: Num rows: 1 Data size: 4 Basic stats: COMPLETE Column stats: NONE
             Execution mode: vectorized, llap
-            LLAP IO: no inputs
+            LLAP IO: all inputs
             Map Vectorization:
                 enabled: true
                 enabledConditionsMet: hive.vectorized.use.vector.serde.deserialize IS true
@@ -1580,7 +1580,7 @@ STAGE PLANS:
                         Map-reduce partition columns: _col0 (type: int)
                         Statistics: Num rows: 1 Data size: 4 Basic stats: COMPLETE Column stats: NONE
             Execution mode: vectorized, llap
-            LLAP IO: no inputs
+            LLAP IO: all inputs
             Map Vectorization:
                 enabled: true
                 enabledConditionsMet: hive.vectorized.use.vector.serde.deserialize IS true
@@ -1606,7 +1606,7 @@ STAGE PLANS:
                       Map-reduce partition columns: _col0 (type: int)
                       Statistics: Num rows: 1 Data size: 4 Basic stats: COMPLETE Column stats: NONE
             Execution mode: vectorized, llap
-            LLAP IO: no inputs
+            LLAP IO: all inputs
             Map Vectorization:
                 enabled: true
                 enabledConditionsMet: hive.vectorized.use.vector.serde.deserialize IS true
@@ -1800,7 +1800,7 @@ STAGE PLANS:
                         Map-reduce partition columns: _col0 (type: int)
                         Statistics: Num rows: 1 Data size: 4 Basic stats: COMPLETE Column stats: NONE
             Execution mode: vectorized, llap
-            LLAP IO: no inputs
+            LLAP IO: all inputs
             Map Vectorization:
                 enabled: true
                 enabledConditionsMet: hive.vectorized.use.vector.serde.deserialize IS true
@@ -1830,7 +1830,7 @@ STAGE PLANS:
                         Map-reduce partition columns: _col0 (type: int)
                         Statistics: Num rows: 1 Data size: 4 Basic stats: COMPLETE Column stats: NONE
             Execution mode: vectorized, llap
-            LLAP IO: no inputs
+            LLAP IO: all inputs
             Map Vectorization:
                 enabled: true
                 enabledConditionsMet: hive.vectorized.use.vector.serde.deserialize IS true
@@ -1856,7 +1856,7 @@ STAGE PLANS:
                       Map-reduce partition columns: _col0 (type: int)
                       Statistics: Num rows: 1 Data size: 4 Basic stats: COMPLETE Column stats: NONE
             Execution mode: vectorized, llap
-            LLAP IO: no inputs
+            LLAP IO: all inputs
             Map Vectorization:
                 enabled: true
                 enabledConditionsMet: hive.vectorized.use.vector.serde.deserialize IS true
@@ -2050,7 +2050,7 @@ STAGE PLANS:
                         Map-reduce partition columns: _col0 (type: int)
                         Statistics: Num rows: 1 Data size: 4 Basic stats: COMPLETE Column stats: NONE
             Execution mode: vectorized, llap
-            LLAP IO: no inputs
+            LLAP IO: all inputs
             Map Vectorization:
                 enabled: true
                 enabledConditionsMet: hive.vectorized.use.vector.serde.deserialize IS true
@@ -2080,7 +2080,7 @@ STAGE PLANS:
                         Map-reduce partition columns: _col0 (type: int)
                         Statistics: Num rows: 1 Data size: 4 Basic stats: COMPLETE Column stats: NONE
             Execution mode: vectorized, llap
-            LLAP IO: no inputs
+            LLAP IO: all inputs
             Map Vectorization:
                 enabled: true
                 enabledConditionsMet: hive.vectorized.use.vector.serde.deserialize IS true
@@ -2106,7 +2106,7 @@ STAGE PLANS:
                       Map-reduce partition columns: _col0 (type: int)
                       Statistics: Num rows: 1 Data size: 4 Basic stats: COMPLETE Column stats: NONE
             Execution mode: vectorized, llap
-            LLAP IO: no inputs
+            LLAP IO: all inputs
             Map Vectorization:
                 enabled: true
                 enabledConditionsMet: hive.vectorized.use.vector.serde.deserialize IS true
@@ -2296,7 +2296,7 @@ STAGE PLANS:
                       Map-reduce partition columns: _col0 (type: int)
                       Statistics: Num rows: 1 Data size: 4 Basic stats: COMPLETE Column stats: NONE
             Execution mode: vectorized, llap
-            LLAP IO: no inputs
+            LLAP IO: all inputs
             Map Vectorization:
                 enabled: true
                 enabledConditionsMet: hive.vectorized.use.vector.serde.deserialize IS true
@@ -2322,7 +2322,7 @@ STAGE PLANS:
                       Map-reduce partition columns: _col0 (type: int)
                       Statistics: Num rows: 1 Data size: 4 Basic stats: COMPLETE Column stats: NONE
             Execution mode: vectorized, llap
-            LLAP IO: no inputs
+            LLAP IO: all inputs
             Map Vectorization:
                 enabled: true
                 enabledConditionsMet: hive.vectorized.use.vector.serde.deserialize IS true
@@ -2348,7 +2348,7 @@ STAGE PLANS:
                       Map-reduce partition columns: _col0 (type: int)
                       Statistics: Num rows: 1 Data size: 4 Basic stats: COMPLETE Column stats: NONE
             Execution mode: vectorized, llap
-            LLAP IO: no inputs
+            LLAP IO: all inputs
             Map Vectorization:
                 enabled: true
                 enabledConditionsMet: hive.vectorized.use.vector.serde.deserialize IS true
@@ -2538,7 +2538,7 @@ STAGE PLANS:
                       Map-reduce partition columns: _col0 (type: int)
                       Statistics: Num rows: 1 Data size: 4 Basic stats: COMPLETE Column stats: NONE
             Execution mode: vectorized, llap
-            LLAP IO: no inputs
+            LLAP IO: all inputs
             Map Vectorization:
                 enabled: true
                 enabledConditionsMet: hive.vectorized.use.vector.serde.deserialize IS true
@@ -2564,7 +2564,7 @@ STAGE PLANS:
                       Map-reduce partition columns: _col0 (type: int)
                       Statistics: Num rows: 1 Data size: 4 Basic stats: COMPLETE Column stats: NONE
             Execution mode: vectorized, llap
-            LLAP IO: no inputs
+            LLAP IO: all inputs
             Map Vectorization:
                 enabled: true
                 enabledConditionsMet: hive.vectorized.use.vector.serde.deserialize IS true
@@ -2590,7 +2590,7 @@ STAGE PLANS:
                       Map-reduce partition columns: _col0 (type: int)
                       Statistics: Num rows: 1 Data size: 4 Basic stats: COMPLETE Column stats: NONE
             Execution mode: vectorized, llap
-            LLAP IO: no inputs
+            LLAP IO: all inputs
             Map Vectorization:
                 enabled: true
                 enabledConditionsMet: hive.vectorized.use.vector.serde.deserialize IS true
@@ -2780,7 +2780,7 @@ STAGE PLANS:
                       Map-reduce partition columns: _col0 (type: int)
                       Statistics: Num rows: 1 Data size: 4 Basic stats: COMPLETE Column stats: NONE
             Execution mode: vectorized, llap
-            LLAP IO: no inputs
+            LLAP IO: all inputs
             Map Vectorization:
                 enabled: true
                 enabledConditionsMet: hive.vectorized.use.vector.serde.deserialize IS true
@@ -2806,7 +2806,7 @@ STAGE PLANS:
                       Map-reduce partition columns: _col0 (type: int)
                       Statistics: Num rows: 1 Data size: 4 Basic stats: COMPLETE Column stats: NONE
             Execution mode: vectorized, llap
-            LLAP IO: no inputs
+            LLAP IO: all inputs
             Map Vectorization:
                 enabled: true
                 enabledConditionsMet: hive.vectorized.use.vector.serde.deserialize IS true
@@ -2832,7 +2832,7 @@ STAGE PLANS:
                       Map-reduce partition columns: _col0 (type: int)
                       Statistics: Num rows: 1 Data size: 4 Basic stats: COMPLETE Column stats: NONE
             Execution mode: vectorized, llap
-            LLAP IO: no inputs
+            LLAP IO: all inputs
             Map Vectorization:
                 enabled: true
                 enabledConditionsMet: hive.vectorized.use.vector.serde.deserialize IS true
@@ -3022,7 +3022,7 @@ STAGE PLANS:
                       Map-reduce partition columns: _col0 (type: int)
                       Statistics: Num rows: 1 Data size: 4 Basic stats: COMPLETE Column stats: NONE
             Execution mode: vectorized, llap
-            LLAP IO: no inputs
+            LLAP IO: all inputs
             Map Vectorization:
                 enabled: true
                 enabledConditionsMet: hive.vectorized.use.vector.serde.deserialize IS true
@@ -3048,7 +3048,7 @@ STAGE PLANS:
                       Map-reduce partition columns: _col0 (type: int)
                       Statistics: Num rows: 1 Data size: 4 Basic stats: COMPLETE Column stats: NONE
             Execution mode: vectorized, llap
-            LLAP IO: no inputs
+            LLAP IO: all inputs
             Map Vectorization:
                 enabled: true
                 enabledConditionsMet: hive.vectorized.use.vector.serde.deserialize IS true
@@ -3074,7 +3074,7 @@ STAGE PLANS:
                       Map-reduce partition columns: _col0 (type: int)
                       Statistics: Num rows: 1 Data size: 4 Basic stats: COMPLETE Column stats: NONE
             Execution mode: vectorized, llap
-            LLAP IO: no inputs
+            LLAP IO: all inputs
             Map Vectorization:
                 enabled: true
                 enabledConditionsMet: hive.vectorized.use.vector.serde.deserialize IS true
diff --git a/ql/src/test/results/clientpositive/llap/correlationoptimizer5.q.out b/ql/src/test/results/clientpositive/llap/correlationoptimizer5.q.out
index 1f506bdff4..5b27d746f9 100644
--- a/ql/src/test/results/clientpositive/llap/correlationoptimizer5.q.out
+++ b/ql/src/test/results/clientpositive/llap/correlationoptimizer5.q.out
@@ -151,7 +151,7 @@ STAGE PLANS:
                         Statistics: Num rows: 1 Data size: 188 Basic stats: COMPLETE Column stats: NONE
                         value expressions: _col1 (type: string)
             Execution mode: vectorized, llap
-            LLAP IO: no inputs
+            LLAP IO: all inputs
         Map 4 
             Map Operator Tree:
                 TableScan
@@ -172,7 +172,7 @@ STAGE PLANS:
                         Map-reduce partition columns: _col0 (type: int)
                         Statistics: Num rows: 1 Data size: 4 Basic stats: COMPLETE Column stats: NONE
             Execution mode: vectorized, llap
-            LLAP IO: no inputs
+            LLAP IO: all inputs
         Map 5 
             Map Operator Tree:
                 TableScan
@@ -193,7 +193,7 @@ STAGE PLANS:
                         Map-reduce partition columns: _col0 (type: int)
                         Statistics: Num rows: 1 Data size: 4 Basic stats: COMPLETE Column stats: NONE
             Execution mode: vectorized, llap
-            LLAP IO: no inputs
+            LLAP IO: all inputs
         Map 7 
             Map Operator Tree:
                 TableScan
@@ -214,7 +214,7 @@ STAGE PLANS:
                         Map-reduce partition columns: _col0 (type: int)
                         Statistics: Num rows: 1 Data size: 4 Basic stats: COMPLETE Column stats: NONE
             Execution mode: vectorized, llap
-            LLAP IO: no inputs
+            LLAP IO: all inputs
         Reducer 2 
             Execution mode: llap
             Reduce Operator Tree:
@@ -384,7 +384,7 @@ STAGE PLANS:
                         Statistics: Num rows: 1 Data size: 188 Basic stats: COMPLETE Column stats: NONE
                         value expressions: _col1 (type: string)
             Execution mode: vectorized, llap
-            LLAP IO: no inputs
+            LLAP IO: all inputs
         Map 4 
             Map Operator Tree:
                 TableScan
@@ -405,7 +405,7 @@ STAGE PLANS:
                         Map-reduce partition columns: _col0 (type: int)
                         Statistics: Num rows: 1 Data size: 4 Basic stats: COMPLETE Column stats: NONE
             Execution mode: vectorized, llap
-            LLAP IO: no inputs
+            LLAP IO: all inputs
         Map 5 
             Map Operator Tree:
                 TableScan
@@ -426,7 +426,7 @@ STAGE PLANS:
                         Map-reduce partition columns: _col0 (type: int)
                         Statistics: Num rows: 1 Data size: 4 Basic stats: COMPLETE Column stats: NONE
             Execution mode: vectorized, llap
-            LLAP IO: no inputs
+            LLAP IO: all inputs
         Map 7 
             Map Operator Tree:
                 TableScan
@@ -447,7 +447,7 @@ STAGE PLANS:
                         Map-reduce partition columns: _col0 (type: int)
                         Statistics: Num rows: 1 Data size: 4 Basic stats: COMPLETE Column stats: NONE
             Execution mode: vectorized, llap
-            LLAP IO: no inputs
+            LLAP IO: all inputs
         Reducer 2 
             Execution mode: llap
             Reduce Operator Tree:
@@ -642,7 +642,7 @@ STAGE PLANS:
                                   serde: org.apache.hadoop.hive.serde2.lazy.LazySimpleSerDe
                                   name: default.dest_co3
             Execution mode: vectorized, llap
-            LLAP IO: no inputs
+            LLAP IO: all inputs
         Map 2 
             Map Operator Tree:
                 TableScan
@@ -663,7 +663,7 @@ STAGE PLANS:
                         Map-reduce partition columns: _col0 (type: int)
                         Statistics: Num rows: 1 Data size: 4 Basic stats: COMPLETE Column stats: NONE
             Execution mode: vectorized, llap
-            LLAP IO: no inputs
+            LLAP IO: all inputs
         Map 3 
             Map Operator Tree:
                 TableScan
@@ -694,7 +694,7 @@ STAGE PLANS:
                           Map-reduce partition columns: _col0 (type: int)
                           Statistics: Num rows: 1 Data size: 4 Basic stats: COMPLETE Column stats: NONE
             Execution mode: vectorized, llap
-            LLAP IO: no inputs
+            LLAP IO: all inputs
         Map 4 
             Map Operator Tree:
                 TableScan
@@ -715,7 +715,7 @@ STAGE PLANS:
                         Map-reduce partition columns: _col0 (type: int)
                         Statistics: Num rows: 1 Data size: 4 Basic stats: COMPLETE Column stats: NONE
             Execution mode: vectorized, llap
-            LLAP IO: no inputs
+            LLAP IO: all inputs
 
   Stage: Stage-2
     Dependency Collection
diff --git a/ql/src/test/results/clientpositive/llap/correlationoptimizer6.q.out b/ql/src/test/results/clientpositive/llap/correlationoptimizer6.q.out
index a1ec998138..cbcd9993b9 100644
--- a/ql/src/test/results/clientpositive/llap/correlationoptimizer6.q.out
+++ b/ql/src/test/results/clientpositive/llap/correlationoptimizer6.q.out
@@ -56,7 +56,7 @@ STAGE PLANS:
                         Map-reduce partition columns: _col0 (type: string)
                         Statistics: Num rows: 25 Data size: 2150 Basic stats: COMPLETE Column stats: COMPLETE
             Execution mode: vectorized, llap
-            LLAP IO: no inputs
+            LLAP IO: all inputs
         Map 5 
             Map Operator Tree:
                 TableScan
@@ -77,7 +77,7 @@ STAGE PLANS:
                         Map-reduce partition columns: _col0 (type: string)
                         Statistics: Num rows: 25 Data size: 2150 Basic stats: COMPLETE Column stats: COMPLETE
             Execution mode: vectorized, llap
-            LLAP IO: no inputs
+            LLAP IO: all inputs
         Map 6 
             Map Operator Tree:
                 TableScan
@@ -98,7 +98,7 @@ STAGE PLANS:
                         Map-reduce partition columns: _col0 (type: string)
                         Statistics: Num rows: 500 Data size: 43500 Basic stats: COMPLETE Column stats: COMPLETE
             Execution mode: vectorized, llap
-            LLAP IO: no inputs
+            LLAP IO: all inputs
         Map 9 
             Map Operator Tree:
                 TableScan
@@ -119,7 +119,7 @@ STAGE PLANS:
                         Map-reduce partition columns: _col0 (type: string)
                         Statistics: Num rows: 500 Data size: 43500 Basic stats: COMPLETE Column stats: COMPLETE
             Execution mode: vectorized, llap
-            LLAP IO: no inputs
+            LLAP IO: all inputs
         Reducer 2 
             Execution mode: llap
             Reduce Operator Tree:
@@ -320,7 +320,7 @@ STAGE PLANS:
                         Map-reduce partition columns: _col0 (type: string)
                         Statistics: Num rows: 25 Data size: 2150 Basic stats: COMPLETE Column stats: COMPLETE
             Execution mode: vectorized, llap
-            LLAP IO: no inputs
+            LLAP IO: all inputs
         Map 5 
             Map Operator Tree:
                 TableScan
@@ -341,7 +341,7 @@ STAGE PLANS:
                         Map-reduce partition columns: _col0 (type: string)
                         Statistics: Num rows: 25 Data size: 2150 Basic stats: COMPLETE Column stats: COMPLETE
             Execution mode: vectorized, llap
-            LLAP IO: no inputs
+            LLAP IO: all inputs
         Map 6 
             Map Operator Tree:
                 TableScan
@@ -362,7 +362,7 @@ STAGE PLANS:
                         Map-reduce partition columns: _col0 (type: string)
                         Statistics: Num rows: 500 Data size: 43500 Basic stats: COMPLETE Column stats: COMPLETE
             Execution mode: vectorized, llap
-            LLAP IO: no inputs
+            LLAP IO: all inputs
         Map 9 
             Map Operator Tree:
                 TableScan
@@ -383,7 +383,7 @@ STAGE PLANS:
                         Map-reduce partition columns: _col0 (type: string)
                         Statistics: Num rows: 500 Data size: 43500 Basic stats: COMPLETE Column stats: COMPLETE
             Execution mode: vectorized, llap
-            LLAP IO: no inputs
+            LLAP IO: all inputs
         Reducer 2 
             Execution mode: llap
             Reduce Operator Tree:
@@ -601,7 +601,7 @@ STAGE PLANS:
                             Statistics: Num rows: 16 Data size: 1504 Basic stats: COMPLETE Column stats: COMPLETE
                             value expressions: _col1 (type: bigint)
             Execution mode: vectorized, llap
-            LLAP IO: no inputs
+            LLAP IO: all inputs
         Map 3 
             Map Operator Tree:
                 TableScan
@@ -622,7 +622,7 @@ STAGE PLANS:
                         Map-reduce partition columns: _col0 (type: string)
                         Statistics: Num rows: 25 Data size: 2150 Basic stats: COMPLETE Column stats: COMPLETE
             Execution mode: vectorized, llap
-            LLAP IO: no inputs
+            LLAP IO: all inputs
         Map 4 
             Map Operator Tree:
                 TableScan
@@ -661,7 +661,7 @@ STAGE PLANS:
                             Statistics: Num rows: 316 Data size: 30020 Basic stats: COMPLETE Column stats: COMPLETE
                             value expressions: _col1 (type: bigint)
             Execution mode: vectorized, llap
-            LLAP IO: no inputs
+            LLAP IO: all inputs
         Map 6 
             Map Operator Tree:
                 TableScan
@@ -682,7 +682,7 @@ STAGE PLANS:
                         Map-reduce partition columns: _col0 (type: string)
                         Statistics: Num rows: 500 Data size: 43500 Basic stats: COMPLETE Column stats: COMPLETE
             Execution mode: vectorized, llap
-            LLAP IO: no inputs
+            LLAP IO: all inputs
         Reducer 2 
             Execution mode: vectorized, llap
             Reduce Operator Tree:
@@ -820,7 +820,7 @@ STAGE PLANS:
                         Map-reduce partition columns: _col0 (type: string)
                         Statistics: Num rows: 25 Data size: 2150 Basic stats: COMPLETE Column stats: COMPLETE
             Execution mode: vectorized, llap
-            LLAP IO: no inputs
+            LLAP IO: all inputs
         Map 3 
             Map Operator Tree:
                 TableScan
@@ -845,7 +845,7 @@ STAGE PLANS:
                         Statistics: Num rows: 250 Data size: 23750 Basic stats: COMPLETE Column stats: COMPLETE
                         value expressions: _col1 (type: bigint)
             Execution mode: vectorized, llap
-            LLAP IO: no inputs
+            LLAP IO: all inputs
         Reducer 2 
             Execution mode: llap
             Reduce Operator Tree:
@@ -973,7 +973,7 @@ STAGE PLANS:
                         Map-reduce partition columns: _col0 (type: string)
                         Statistics: Num rows: 25 Data size: 2150 Basic stats: COMPLETE Column stats: COMPLETE
             Execution mode: vectorized, llap
-            LLAP IO: no inputs
+            LLAP IO: all inputs
         Map 3 
             Map Operator Tree:
                 TableScan
@@ -998,7 +998,7 @@ STAGE PLANS:
                         Statistics: Num rows: 250 Data size: 23750 Basic stats: COMPLETE Column stats: COMPLETE
                         value expressions: _col1 (type: bigint)
             Execution mode: vectorized, llap
-            LLAP IO: no inputs
+            LLAP IO: all inputs
         Reducer 2 
             Execution mode: llap
             Reduce Operator Tree:
@@ -1127,7 +1127,7 @@ STAGE PLANS:
                         Map-reduce partition columns: _col0 (type: string)
                         Statistics: Num rows: 25 Data size: 2150 Basic stats: COMPLETE Column stats: COMPLETE
             Execution mode: vectorized, llap
-            LLAP IO: no inputs
+            LLAP IO: all inputs
         Map 3 
             Map Operator Tree:
                 TableScan
@@ -1148,7 +1148,7 @@ STAGE PLANS:
                         Map-reduce partition columns: _col0 (type: string)
                         Statistics: Num rows: 500 Data size: 43500 Basic stats: COMPLETE Column stats: COMPLETE
             Execution mode: vectorized, llap
-            LLAP IO: no inputs
+            LLAP IO: all inputs
         Map 6 
             Map Operator Tree:
                 TableScan
@@ -1169,7 +1169,7 @@ STAGE PLANS:
                         Map-reduce partition columns: _col0 (type: string)
                         Statistics: Num rows: 500 Data size: 43500 Basic stats: COMPLETE Column stats: COMPLETE
             Execution mode: vectorized, llap
-            LLAP IO: no inputs
+            LLAP IO: all inputs
         Reducer 2 
             Execution mode: llap
             Reduce Operator Tree:
@@ -1323,7 +1323,7 @@ STAGE PLANS:
                         Map-reduce partition columns: _col0 (type: string)
                         Statistics: Num rows: 25 Data size: 2150 Basic stats: COMPLETE Column stats: COMPLETE
             Execution mode: vectorized, llap
-            LLAP IO: no inputs
+            LLAP IO: all inputs
         Map 3 
             Map Operator Tree:
                 TableScan
@@ -1344,7 +1344,7 @@ STAGE PLANS:
                         Map-reduce partition columns: _col0 (type: string)
                         Statistics: Num rows: 500 Data size: 43500 Basic stats: COMPLETE Column stats: COMPLETE
             Execution mode: vectorized, llap
-            LLAP IO: no inputs
+            LLAP IO: all inputs
         Map 6 
             Map Operator Tree:
                 TableScan
@@ -1365,7 +1365,7 @@ STAGE PLANS:
                         Map-reduce partition columns: _col0 (type: string)
                         Statistics: Num rows: 500 Data size: 43500 Basic stats: COMPLETE Column stats: COMPLETE
             Execution mode: vectorized, llap
-            LLAP IO: no inputs
+            LLAP IO: all inputs
         Reducer 2 
             Execution mode: llap
             Reduce Operator Tree:
@@ -1519,7 +1519,7 @@ STAGE PLANS:
                         Map-reduce partition columns: _col0 (type: string)
                         Statistics: Num rows: 25 Data size: 2150 Basic stats: COMPLETE Column stats: COMPLETE
             Execution mode: vectorized, llap
-            LLAP IO: no inputs
+            LLAP IO: all inputs
         Map 5 
             Map Operator Tree:
                 TableScan
@@ -1540,7 +1540,7 @@ STAGE PLANS:
                         Map-reduce partition columns: _col0 (type: string)
                         Statistics: Num rows: 25 Data size: 2150 Basic stats: COMPLETE Column stats: COMPLETE
             Execution mode: vectorized, llap
-            LLAP IO: no inputs
+            LLAP IO: all inputs
         Map 6 
             Map Operator Tree:
                 TableScan
@@ -1561,7 +1561,7 @@ STAGE PLANS:
                         Map-reduce partition columns: _col0 (type: string)
                         Statistics: Num rows: 500 Data size: 43500 Basic stats: COMPLETE Column stats: COMPLETE
             Execution mode: vectorized, llap
-            LLAP IO: no inputs
+            LLAP IO: all inputs
         Reducer 2 
             Execution mode: llap
             Reduce Operator Tree:
@@ -1737,7 +1737,7 @@ STAGE PLANS:
                         Map-reduce partition columns: _col0 (type: string)
                         Statistics: Num rows: 25 Data size: 2150 Basic stats: COMPLETE Column stats: COMPLETE
             Execution mode: vectorized, llap
-            LLAP IO: no inputs
+            LLAP IO: all inputs
         Map 5 
             Map Operator Tree:
                 TableScan
@@ -1758,7 +1758,7 @@ STAGE PLANS:
                         Map-reduce partition columns: _col0 (type: string)
                         Statistics: Num rows: 25 Data size: 2150 Basic stats: COMPLETE Column stats: COMPLETE
             Execution mode: vectorized, llap
-            LLAP IO: no inputs
+            LLAP IO: all inputs
         Map 6 
             Map Operator Tree:
                 TableScan
@@ -1779,7 +1779,7 @@ STAGE PLANS:
                         Map-reduce partition columns: _col0 (type: string)
                         Statistics: Num rows: 500 Data size: 43500 Basic stats: COMPLETE Column stats: COMPLETE
             Execution mode: vectorized, llap
-            LLAP IO: no inputs
+            LLAP IO: all inputs
         Reducer 2 
             Execution mode: llap
             Reduce Operator Tree:
@@ -1958,7 +1958,7 @@ STAGE PLANS:
                         Map-reduce partition columns: _col0 (type: string)
                         Statistics: Num rows: 25 Data size: 2150 Basic stats: COMPLETE Column stats: COMPLETE
             Execution mode: vectorized, llap
-            LLAP IO: no inputs
+            LLAP IO: all inputs
         Map 4 
             Map Operator Tree:
                 TableScan
@@ -1985,7 +1985,7 @@ STAGE PLANS:
                         Map-reduce partition columns: _col0 (type: string)
                         Statistics: Num rows: 500 Data size: 43500 Basic stats: COMPLETE Column stats: COMPLETE
             Execution mode: vectorized, llap
-            LLAP IO: no inputs
+            LLAP IO: all inputs
         Map 7 
             Map Operator Tree:
                 TableScan
@@ -2006,7 +2006,7 @@ STAGE PLANS:
                         Map-reduce partition columns: _col0 (type: string)
                         Statistics: Num rows: 500 Data size: 43500 Basic stats: COMPLETE Column stats: COMPLETE
             Execution mode: vectorized, llap
-            LLAP IO: no inputs
+            LLAP IO: all inputs
         Reducer 2 
             Execution mode: llap
             Reduce Operator Tree:
@@ -2209,7 +2209,7 @@ STAGE PLANS:
                         Map-reduce partition columns: _col0 (type: string)
                         Statistics: Num rows: 25 Data size: 2150 Basic stats: COMPLETE Column stats: COMPLETE
             Execution mode: vectorized, llap
-            LLAP IO: no inputs
+            LLAP IO: all inputs
         Map 4 
             Map Operator Tree:
                 TableScan
@@ -2236,7 +2236,7 @@ STAGE PLANS:
                         Map-reduce partition columns: _col0 (type: string)
                         Statistics: Num rows: 500 Data size: 43500 Basic stats: COMPLETE Column stats: COMPLETE
             Execution mode: vectorized, llap
-            LLAP IO: no inputs
+            LLAP IO: all inputs
         Map 7 
             Map Operator Tree:
                 TableScan
@@ -2257,7 +2257,7 @@ STAGE PLANS:
                         Map-reduce partition columns: _col0 (type: string)
                         Statistics: Num rows: 500 Data size: 43500 Basic stats: COMPLETE Column stats: COMPLETE
             Execution mode: vectorized, llap
-            LLAP IO: no inputs
+            LLAP IO: all inputs
         Reducer 2 
             Execution mode: llap
             Reduce Operator Tree:
@@ -2466,7 +2466,7 @@ STAGE PLANS:
                         Map-reduce partition columns: _col0 (type: string)
                         Statistics: Num rows: 500 Data size: 43500 Basic stats: COMPLETE Column stats: COMPLETE
             Execution mode: vectorized, llap
-            LLAP IO: no inputs
+            LLAP IO: all inputs
         Map 6 
             Map Operator Tree:
                 TableScan
@@ -2487,7 +2487,7 @@ STAGE PLANS:
                         Map-reduce partition columns: _col0 (type: string)
                         Statistics: Num rows: 500 Data size: 43500 Basic stats: COMPLETE Column stats: COMPLETE
             Execution mode: vectorized, llap
-            LLAP IO: no inputs
+            LLAP IO: all inputs
         Map 7 
             Map Operator Tree:
                 TableScan
@@ -2508,7 +2508,7 @@ STAGE PLANS:
                         Map-reduce partition columns: _col0 (type: string)
                         Statistics: Num rows: 25 Data size: 2150 Basic stats: COMPLETE Column stats: COMPLETE
             Execution mode: vectorized, llap
-            LLAP IO: no inputs
+            LLAP IO: all inputs
         Reducer 2 
             Execution mode: llap
             Reduce Operator Tree:
@@ -2717,7 +2717,7 @@ STAGE PLANS:
                         Map-reduce partition columns: _col0 (type: string)
                         Statistics: Num rows: 500 Data size: 43500 Basic stats: COMPLETE Column stats: COMPLETE
             Execution mode: vectorized, llap
-            LLAP IO: no inputs
+            LLAP IO: all inputs
         Map 6 
             Map Operator Tree:
                 TableScan
@@ -2738,7 +2738,7 @@ STAGE PLANS:
                         Map-reduce partition columns: _col0 (type: string)
                         Statistics: Num rows: 500 Data size: 43500 Basic stats: COMPLETE Column stats: COMPLETE
             Execution mode: vectorized, llap
-            LLAP IO: no inputs
+            LLAP IO: all inputs
         Map 7 
             Map Operator Tree:
                 TableScan
@@ -2759,7 +2759,7 @@ STAGE PLANS:
                         Map-reduce partition columns: _col0 (type: string)
                         Statistics: Num rows: 25 Data size: 2150 Basic stats: COMPLETE Column stats: COMPLETE
             Execution mode: vectorized, llap
-            LLAP IO: no inputs
+            LLAP IO: all inputs
         Reducer 2 
             Execution mode: llap
             Reduce Operator Tree:
@@ -2978,7 +2978,7 @@ STAGE PLANS:
                         Statistics: Num rows: 500 Data size: 89000 Basic stats: COMPLETE Column stats: COMPLETE
                         value expressions: _col1 (type: string)
             Execution mode: vectorized, llap
-            LLAP IO: no inputs
+            LLAP IO: all inputs
         Map 5 
             Map Operator Tree:
                 TableScan
@@ -3003,7 +3003,7 @@ STAGE PLANS:
                         Statistics: Num rows: 12 Data size: 1128 Basic stats: COMPLETE Column stats: COMPLETE
                         value expressions: _col1 (type: bigint)
             Execution mode: vectorized, llap
-            LLAP IO: no inputs
+            LLAP IO: all inputs
         Reducer 2 
             Reduce Operator Tree:
               Group By Operator
@@ -3220,7 +3220,7 @@ STAGE PLANS:
                         Statistics: Num rows: 500 Data size: 89000 Basic stats: COMPLETE Column stats: COMPLETE
                         value expressions: _col1 (type: string)
             Execution mode: vectorized, llap
-            LLAP IO: no inputs
+            LLAP IO: all inputs
         Map 5 
             Map Operator Tree:
                 TableScan
@@ -3245,7 +3245,7 @@ STAGE PLANS:
                         Statistics: Num rows: 12 Data size: 1128 Basic stats: COMPLETE Column stats: COMPLETE
                         value expressions: _col1 (type: bigint)
             Execution mode: vectorized, llap
-            LLAP IO: no inputs
+            LLAP IO: all inputs
         Reducer 2 
             Reduce Operator Tree:
               Group By Operator
@@ -3448,7 +3448,7 @@ STAGE PLANS:
                         Map-reduce partition columns: _col0 (type: string)
                         Statistics: Num rows: 25 Data size: 2150 Basic stats: COMPLETE Column stats: COMPLETE
             Execution mode: vectorized, llap
-            LLAP IO: no inputs
+            LLAP IO: all inputs
         Map 10 
             Map Operator Tree:
                 TableScan
@@ -3469,7 +3469,7 @@ STAGE PLANS:
                         Map-reduce partition columns: _col0 (type: string)
                         Statistics: Num rows: 500 Data size: 43500 Basic stats: COMPLETE Column stats: COMPLETE
             Execution mode: vectorized, llap
-            LLAP IO: no inputs
+            LLAP IO: all inputs
         Map 6 
             Map Operator Tree:
                 TableScan
@@ -3490,7 +3490,7 @@ STAGE PLANS:
                         Map-reduce partition columns: _col0 (type: string)
                         Statistics: Num rows: 25 Data size: 2150 Basic stats: COMPLETE Column stats: COMPLETE
             Execution mode: vectorized, llap
-            LLAP IO: no inputs
+            LLAP IO: all inputs
         Map 7 
             Map Operator Tree:
                 TableScan
@@ -3512,7 +3512,7 @@ STAGE PLANS:
                         Statistics: Num rows: 500 Data size: 89000 Basic stats: COMPLETE Column stats: COMPLETE
                         value expressions: _col1 (type: string)
             Execution mode: vectorized, llap
-            LLAP IO: no inputs
+            LLAP IO: all inputs
         Reducer 2 
             Execution mode: llap
             Reduce Operator Tree:
@@ -3725,7 +3725,7 @@ STAGE PLANS:
                         Map-reduce partition columns: _col0 (type: string)
                         Statistics: Num rows: 25 Data size: 2150 Basic stats: COMPLETE Column stats: COMPLETE
             Execution mode: vectorized, llap
-            LLAP IO: no inputs
+            LLAP IO: all inputs
         Map 5 
             Map Operator Tree:
                 TableScan
@@ -3746,7 +3746,7 @@ STAGE PLANS:
                         Map-reduce partition columns: _col0 (type: string)
                         Statistics: Num rows: 25 Data size: 2150 Basic stats: COMPLETE Column stats: COMPLETE
             Execution mode: vectorized, llap
-            LLAP IO: no inputs
+            LLAP IO: all inputs
         Map 6 
             Map Operator Tree:
                 TableScan
@@ -3768,7 +3768,7 @@ STAGE PLANS:
                         Statistics: Num rows: 500 Data size: 89000 Basic stats: COMPLETE Column stats: COMPLETE
                         value expressions: _col1 (type: string)
             Execution mode: vectorized, llap
-            LLAP IO: no inputs
+            LLAP IO: all inputs
         Map 9 
             Map Operator Tree:
                 TableScan
@@ -3789,7 +3789,7 @@ STAGE PLANS:
                         Map-reduce partition columns: _col0 (type: string)
                         Statistics: Num rows: 500 Data size: 43500 Basic stats: COMPLETE Column stats: COMPLETE
             Execution mode: vectorized, llap
-            LLAP IO: no inputs
+            LLAP IO: all inputs
         Reducer 2 
             Execution mode: llap
             Reduce Operator Tree:
@@ -4007,7 +4007,7 @@ STAGE PLANS:
                             Statistics: Num rows: 16 Data size: 1504 Basic stats: COMPLETE Column stats: COMPLETE
                             value expressions: _col1 (type: bigint)
             Execution mode: vectorized, llap
-            LLAP IO: no inputs
+            LLAP IO: all inputs
         Map 3 
             Map Operator Tree:
                 TableScan
@@ -4028,7 +4028,7 @@ STAGE PLANS:
                         Map-reduce partition columns: _col0 (type: string)
                         Statistics: Num rows: 25 Data size: 2150 Basic stats: COMPLETE Column stats: COMPLETE
             Execution mode: vectorized, llap
-            LLAP IO: no inputs
+            LLAP IO: all inputs
         Map 4 
             Map Operator Tree:
                 TableScan
@@ -4067,7 +4067,7 @@ STAGE PLANS:
                             Statistics: Num rows: 395 Data size: 73470 Basic stats: COMPLETE Column stats: COMPLETE
                             value expressions: _col2 (type: bigint)
             Execution mode: vectorized, llap
-            LLAP IO: no inputs
+            LLAP IO: all inputs
         Map 6 
             Map Operator Tree:
                 TableScan
@@ -4088,7 +4088,7 @@ STAGE PLANS:
                         Map-reduce partition columns: _col0 (type: string)
                         Statistics: Num rows: 500 Data size: 43500 Basic stats: COMPLETE Column stats: COMPLETE
             Execution mode: vectorized, llap
-            LLAP IO: no inputs
+            LLAP IO: all inputs
         Reducer 2 
             Execution mode: vectorized, llap
             Reduce Operator Tree:
diff --git a/ql/src/test/results/clientpositive/llap/correlationoptimizer7.q.out b/ql/src/test/results/clientpositive/llap/correlationoptimizer7.q.out
index 2af6986998..332ebbdb19 100644
--- a/ql/src/test/results/clientpositive/llap/correlationoptimizer7.q.out
+++ b/ql/src/test/results/clientpositive/llap/correlationoptimizer7.q.out
@@ -71,7 +71,7 @@ STAGE PLANS:
                             Statistics: Num rows: 2 Data size: 190 Basic stats: COMPLETE Column stats: COMPLETE
                             value expressions: _col1 (type: bigint)
             Execution mode: vectorized, llap
-            LLAP IO: no inputs
+            LLAP IO: all inputs
         Map 3 
             Map Operator Tree:
                 TableScan
@@ -103,7 +103,7 @@ STAGE PLANS:
                         Statistics: Num rows: 25 Data size: 4375 Basic stats: COMPLETE Column stats: COMPLETE
                         value expressions: _col1 (type: string)
             Execution mode: vectorized, llap
-            LLAP IO: no inputs
+            LLAP IO: all inputs
         Reducer 2 
             Execution mode: vectorized, llap
             Reduce Operator Tree:
@@ -245,7 +245,7 @@ STAGE PLANS:
                             Statistics: Num rows: 2 Data size: 190 Basic stats: COMPLETE Column stats: COMPLETE
                             value expressions: _col1 (type: bigint)
             Execution mode: vectorized, llap
-            LLAP IO: no inputs
+            LLAP IO: all inputs
         Map 3 
             Map Operator Tree:
                 TableScan
@@ -277,7 +277,7 @@ STAGE PLANS:
                         Statistics: Num rows: 25 Data size: 4375 Basic stats: COMPLETE Column stats: COMPLETE
                         value expressions: _col1 (type: string)
             Execution mode: vectorized, llap
-            LLAP IO: no inputs
+            LLAP IO: all inputs
         Reducer 2 
             Execution mode: vectorized, llap
             Reduce Operator Tree:
@@ -419,7 +419,7 @@ STAGE PLANS:
                             Statistics: Num rows: 2 Data size: 190 Basic stats: COMPLETE Column stats: COMPLETE
                             value expressions: _col1 (type: bigint)
             Execution mode: vectorized, llap
-            LLAP IO: no inputs
+            LLAP IO: all inputs
         Map 3 
             Map Operator Tree:
                 TableScan
@@ -451,7 +451,7 @@ STAGE PLANS:
                         Statistics: Num rows: 25 Data size: 4375 Basic stats: COMPLETE Column stats: COMPLETE
                         value expressions: _col1 (type: string)
             Execution mode: vectorized, llap
-            LLAP IO: no inputs
+            LLAP IO: all inputs
         Reducer 2 
             Execution mode: vectorized, llap
             Reduce Operator Tree:
@@ -593,7 +593,7 @@ STAGE PLANS:
                             Statistics: Num rows: 2 Data size: 190 Basic stats: COMPLETE Column stats: COMPLETE
                             value expressions: _col1 (type: bigint)
             Execution mode: vectorized, llap
-            LLAP IO: no inputs
+            LLAP IO: all inputs
         Map 3 
             Map Operator Tree:
                 TableScan
@@ -625,7 +625,7 @@ STAGE PLANS:
                         Statistics: Num rows: 25 Data size: 4375 Basic stats: COMPLETE Column stats: COMPLETE
                         value expressions: _col1 (type: string)
             Execution mode: vectorized, llap
-            LLAP IO: no inputs
+            LLAP IO: all inputs
         Reducer 2 
             Execution mode: vectorized, llap
             Reduce Operator Tree:
diff --git a/ql/src/test/results/clientpositive/llap/correlationoptimizer8.q.out b/ql/src/test/results/clientpositive/llap/correlationoptimizer8.q.out
index 97ac105264..8155921347 100644
--- a/ql/src/test/results/clientpositive/llap/correlationoptimizer8.q.out
+++ b/ql/src/test/results/clientpositive/llap/correlationoptimizer8.q.out
@@ -60,7 +60,7 @@ STAGE PLANS:
                         Statistics: Num rows: 74 Data size: 7030 Basic stats: COMPLETE Column stats: COMPLETE
                         value expressions: _col1 (type: bigint)
             Execution mode: vectorized, llap
-            LLAP IO: no inputs
+            LLAP IO: all inputs
         Map 5 
             Map Operator Tree:
                 TableScan
@@ -85,7 +85,7 @@ STAGE PLANS:
                         Statistics: Num rows: 74 Data size: 7030 Basic stats: COMPLETE Column stats: COMPLETE
                         value expressions: _col1 (type: bigint)
             Execution mode: vectorized, llap
-            LLAP IO: no inputs
+            LLAP IO: all inputs
         Map 7 
             Map Operator Tree:
                 TableScan
@@ -107,7 +107,7 @@ STAGE PLANS:
                         Statistics: Num rows: 23 Data size: 4025 Basic stats: COMPLETE Column stats: COMPLETE
                         value expressions: _col1 (type: string)
             Execution mode: vectorized, llap
-            LLAP IO: no inputs
+            LLAP IO: all inputs
         Reducer 2 
             Execution mode: vectorized, llap
             Reduce Operator Tree:
@@ -268,7 +268,7 @@ STAGE PLANS:
                         Statistics: Num rows: 74 Data size: 7030 Basic stats: COMPLETE Column stats: COMPLETE
                         value expressions: _col1 (type: bigint)
             Execution mode: vectorized, llap
-            LLAP IO: no inputs
+            LLAP IO: all inputs
         Map 5 
             Map Operator Tree:
                 TableScan
@@ -293,7 +293,7 @@ STAGE PLANS:
                         Statistics: Num rows: 74 Data size: 7030 Basic stats: COMPLETE Column stats: COMPLETE
                         value expressions: _col1 (type: bigint)
             Execution mode: vectorized, llap
-            LLAP IO: no inputs
+            LLAP IO: all inputs
         Map 7 
             Map Operator Tree:
                 TableScan
@@ -315,7 +315,7 @@ STAGE PLANS:
                         Statistics: Num rows: 23 Data size: 4025 Basic stats: COMPLETE Column stats: COMPLETE
                         value expressions: _col1 (type: string)
             Execution mode: vectorized, llap
-            LLAP IO: no inputs
+            LLAP IO: all inputs
         Reducer 2 
             Execution mode: vectorized, llap
             Reduce Operator Tree:
@@ -476,7 +476,7 @@ STAGE PLANS:
                         Statistics: Num rows: 83 Data size: 7885 Basic stats: COMPLETE Column stats: COMPLETE
                         value expressions: _col1 (type: bigint)
             Execution mode: vectorized, llap
-            LLAP IO: no inputs
+            LLAP IO: all inputs
         Map 5 
             Map Operator Tree:
                 TableScan
@@ -519,7 +519,7 @@ STAGE PLANS:
                         Statistics: Num rows: 25 Data size: 4375 Basic stats: COMPLETE Column stats: COMPLETE
                         value expressions: _col1 (type: string)
             Execution mode: vectorized, llap
-            LLAP IO: no inputs
+            LLAP IO: all inputs
         Reducer 2 
             Execution mode: vectorized, llap
             Reduce Operator Tree:
@@ -696,7 +696,7 @@ STAGE PLANS:
                         Statistics: Num rows: 83 Data size: 7885 Basic stats: COMPLETE Column stats: COMPLETE
                         value expressions: _col1 (type: bigint)
             Execution mode: vectorized, llap
-            LLAP IO: no inputs
+            LLAP IO: all inputs
         Map 5 
             Map Operator Tree:
                 TableScan
@@ -739,7 +739,7 @@ STAGE PLANS:
                         Statistics: Num rows: 25 Data size: 4375 Basic stats: COMPLETE Column stats: COMPLETE
                         value expressions: _col1 (type: string)
             Execution mode: vectorized, llap
-            LLAP IO: no inputs
+            LLAP IO: all inputs
         Reducer 2 
             Execution mode: vectorized, llap
             Reduce Operator Tree:
@@ -916,7 +916,7 @@ STAGE PLANS:
                         Statistics: Num rows: 74 Data size: 7030 Basic stats: COMPLETE Column stats: COMPLETE
                         value expressions: _col1 (type: bigint)
             Execution mode: vectorized, llap
-            LLAP IO: no inputs
+            LLAP IO: all inputs
         Map 5 
             Map Operator Tree:
                 TableScan
@@ -941,7 +941,7 @@ STAGE PLANS:
                         Statistics: Num rows: 74 Data size: 13764 Basic stats: COMPLETE Column stats: COMPLETE
                         value expressions: _col2 (type: bigint)
             Execution mode: vectorized, llap
-            LLAP IO: no inputs
+            LLAP IO: all inputs
         Map 7 
             Map Operator Tree:
                 TableScan
@@ -963,7 +963,7 @@ STAGE PLANS:
                         Statistics: Num rows: 23 Data size: 4025 Basic stats: COMPLETE Column stats: COMPLETE
                         value expressions: _col1 (type: string)
             Execution mode: vectorized, llap
-            LLAP IO: no inputs
+            LLAP IO: all inputs
         Reducer 2 
             Execution mode: vectorized, llap
             Reduce Operator Tree:
@@ -1094,7 +1094,7 @@ STAGE PLANS:
                         Statistics: Num rows: 83 Data size: 7885 Basic stats: COMPLETE Column stats: COMPLETE
                         value expressions: _col1 (type: bigint)
             Execution mode: vectorized, llap
-            LLAP IO: no inputs
+            LLAP IO: all inputs
         Map 5 
             Map Operator Tree:
                 TableScan
@@ -1119,7 +1119,7 @@ STAGE PLANS:
                         Statistics: Num rows: 83 Data size: 7885 Basic stats: COMPLETE Column stats: COMPLETE
                         value expressions: _col1 (type: bigint)
             Execution mode: vectorized, llap
-            LLAP IO: no inputs
+            LLAP IO: all inputs
         Map 7 
             Map Operator Tree:
                 TableScan
@@ -1137,7 +1137,7 @@ STAGE PLANS:
                       Statistics: Num rows: 25 Data size: 4575 Basic stats: COMPLETE Column stats: COMPLETE
                       value expressions: _col0 (type: string), _col1 (type: string)
             Execution mode: vectorized, llap
-            LLAP IO: no inputs
+            LLAP IO: all inputs
         Reducer 2 
             Execution mode: vectorized, llap
             Reduce Operator Tree:
diff --git a/ql/src/test/results/clientpositive/llap/correlationoptimizer9.q.out b/ql/src/test/results/clientpositive/llap/correlationoptimizer9.q.out
index 68f8be48b6..ac86f5e3e7 100644
--- a/ql/src/test/results/clientpositive/llap/correlationoptimizer9.q.out
+++ b/ql/src/test/results/clientpositive/llap/correlationoptimizer9.q.out
@@ -76,7 +76,7 @@ STAGE PLANS:
                         Statistics: Num rows: 59 Data size: 708 Basic stats: COMPLETE Column stats: COMPLETE
                         value expressions: _col1 (type: bigint)
             Execution mode: vectorized, llap
-            LLAP IO: no inputs
+            LLAP IO: all inputs
         Map 3 
             Map Operator Tree:
                 TableScan
@@ -101,7 +101,7 @@ STAGE PLANS:
                         Statistics: Num rows: 59 Data size: 708 Basic stats: COMPLETE Column stats: COMPLETE
                         value expressions: _col1 (type: bigint)
             Execution mode: vectorized, llap
-            LLAP IO: no inputs
+            LLAP IO: all inputs
         Reducer 2 
             Reduce Operator Tree:
               Group By Operator
@@ -228,7 +228,7 @@ STAGE PLANS:
                         Statistics: Num rows: 59 Data size: 708 Basic stats: COMPLETE Column stats: COMPLETE
                         value expressions: _col1 (type: bigint)
             Execution mode: vectorized, llap
-            LLAP IO: no inputs
+            LLAP IO: all inputs
         Map 3 
             Map Operator Tree:
                 TableScan
@@ -253,7 +253,7 @@ STAGE PLANS:
                         Statistics: Num rows: 59 Data size: 708 Basic stats: COMPLETE Column stats: COMPLETE
                         value expressions: _col1 (type: bigint)
             Execution mode: vectorized, llap
-            LLAP IO: no inputs
+            LLAP IO: all inputs
         Reducer 2 
             Reduce Operator Tree:
               Group By Operator
@@ -380,7 +380,7 @@ STAGE PLANS:
                         Statistics: Num rows: 124 Data size: 12772 Basic stats: COMPLETE Column stats: COMPLETE
                         value expressions: _col2 (type: bigint)
             Execution mode: vectorized, llap
-            LLAP IO: no inputs
+            LLAP IO: all inputs
         Map 3 
             Map Operator Tree:
                 TableScan
@@ -409,7 +409,7 @@ STAGE PLANS:
                           Statistics: Num rows: 99 Data size: 10197 Basic stats: COMPLETE Column stats: COMPLETE
                           value expressions: _col2 (type: bigint)
             Execution mode: vectorized, llap
-            LLAP IO: no inputs
+            LLAP IO: all inputs
         Reducer 2 
             Reduce Operator Tree:
               Group By Operator
@@ -536,7 +536,7 @@ STAGE PLANS:
                         Statistics: Num rows: 124 Data size: 12772 Basic stats: COMPLETE Column stats: COMPLETE
                         value expressions: _col2 (type: bigint)
             Execution mode: vectorized, llap
-            LLAP IO: no inputs
+            LLAP IO: all inputs
         Map 3 
             Map Operator Tree:
                 TableScan
@@ -565,7 +565,7 @@ STAGE PLANS:
                           Statistics: Num rows: 99 Data size: 10197 Basic stats: COMPLETE Column stats: COMPLETE
                           value expressions: _col2 (type: bigint)
             Execution mode: vectorized, llap
-            LLAP IO: no inputs
+            LLAP IO: all inputs
         Reducer 2 
             Reduce Operator Tree:
               Group By Operator
diff --git a/ql/src/test/results/clientpositive/llap/count.q.out b/ql/src/test/results/clientpositive/llap/count.q.out
index 50981744fb..04d62c32dd 100644
--- a/ql/src/test/results/clientpositive/llap/count.q.out
+++ b/ql/src/test/results/clientpositive/llap/count.q.out
@@ -73,7 +73,7 @@ STAGE PLANS:
                         Statistics: Num rows: 1 Data size: 16 Basic stats: COMPLETE Column stats: NONE
                         value expressions: _col5 (type: bigint)
             Execution mode: vectorized, llap
-            LLAP IO: no inputs
+            LLAP IO: all inputs
         Reducer 2 
             Execution mode: llap
             Reduce Operator Tree:
@@ -152,7 +152,7 @@ STAGE PLANS:
                         Statistics: Num rows: 1 Data size: 16 Basic stats: COMPLETE Column stats: NONE
                         value expressions: _col4 (type: bigint), _col5 (type: bigint), _col6 (type: bigint), _col7 (type: bigint), _col8 (type: bigint)
             Execution mode: llap
-            LLAP IO: no inputs
+            LLAP IO: all inputs
         Reducer 2 
             Execution mode: llap
             Reduce Operator Tree:
@@ -225,7 +225,7 @@ STAGE PLANS:
                       Statistics: Num rows: 1 Data size: 16 Basic stats: COMPLETE Column stats: NONE
                       value expressions: d (type: int)
             Execution mode: vectorized, llap
-            LLAP IO: no inputs
+            LLAP IO: all inputs
         Reducer 2 
             Execution mode: llap
             Reduce Operator Tree:
@@ -296,7 +296,7 @@ STAGE PLANS:
                       sort order: ++++
                       Statistics: Num rows: 1 Data size: 16 Basic stats: COMPLETE Column stats: NONE
             Execution mode: vectorized, llap
-            LLAP IO: no inputs
+            LLAP IO: all inputs
         Reducer 2 
             Execution mode: llap
             Reduce Operator Tree:
@@ -375,7 +375,7 @@ STAGE PLANS:
                         Statistics: Num rows: 1 Data size: 16 Basic stats: COMPLETE Column stats: NONE
                         value expressions: _col4 (type: bigint), _col5 (type: bigint), _col6 (type: bigint), _col7 (type: bigint), _col8 (type: bigint)
             Execution mode: llap
-            LLAP IO: no inputs
+            LLAP IO: all inputs
         Reducer 2 
             Execution mode: llap
             Reduce Operator Tree:
@@ -448,7 +448,7 @@ STAGE PLANS:
                       Map-reduce partition columns: a (type: int), b (type: int)
                       Statistics: Num rows: 1 Data size: 8 Basic stats: COMPLETE Column stats: NONE
             Execution mode: vectorized, llap
-            LLAP IO: no inputs
+            LLAP IO: all inputs
         Reducer 2 
             Execution mode: vectorized, llap
             Reduce Operator Tree:
@@ -540,7 +540,7 @@ STAGE PLANS:
                       Map-reduce partition columns: b (type: int)
                       Statistics: Num rows: 1 Data size: 4 Basic stats: COMPLETE Column stats: NONE
             Execution mode: vectorized, llap
-            LLAP IO: no inputs
+            LLAP IO: all inputs
         Reducer 2 
             Execution mode: vectorized, llap
             Reduce Operator Tree:
@@ -631,7 +631,7 @@ STAGE PLANS:
                       Map-reduce partition columns: b (type: int), c (type: int)
                       Statistics: Num rows: 1 Data size: 8 Basic stats: COMPLETE Column stats: NONE
             Execution mode: vectorized, llap
-            LLAP IO: no inputs
+            LLAP IO: all inputs
         Reducer 2 
             Execution mode: vectorized, llap
             Reduce Operator Tree:
@@ -726,7 +726,7 @@ STAGE PLANS:
                       Statistics: Num rows: 1 Data size: 12 Basic stats: COMPLETE Column stats: NONE
                       value expressions: b (type: int)
             Execution mode: vectorized, llap
-            LLAP IO: no inputs
+            LLAP IO: all inputs
         Reducer 2 
             Execution mode: llap
             Reduce Operator Tree:
@@ -806,7 +806,7 @@ STAGE PLANS:
                       Statistics: Num rows: 1 Data size: 16 Basic stats: COMPLETE Column stats: NONE
                       value expressions: $f3 (type: int), $f4 (type: int), $f5 (type: int)
             Execution mode: vectorized, llap
-            LLAP IO: no inputs
+            LLAP IO: all inputs
         Reducer 2 
             Execution mode: llap
             Reduce Operator Tree:
@@ -879,7 +879,7 @@ STAGE PLANS:
                       Statistics: Num rows: 1 Data size: 16 Basic stats: COMPLETE Column stats: NONE
                       value expressions: d (type: int)
             Execution mode: vectorized, llap
-            LLAP IO: no inputs
+            LLAP IO: all inputs
         Reducer 2 
             Execution mode: llap
             Reduce Operator Tree:
@@ -950,7 +950,7 @@ STAGE PLANS:
                       sort order: ++++
                       Statistics: Num rows: 1 Data size: 16 Basic stats: COMPLETE Column stats: NONE
             Execution mode: vectorized, llap
-            LLAP IO: no inputs
+            LLAP IO: all inputs
         Reducer 2 
             Execution mode: llap
             Reduce Operator Tree:
diff --git a/ql/src/test/results/clientpositive/llap/count_dist_rewrite.q.out b/ql/src/test/results/clientpositive/llap/count_dist_rewrite.q.out
index 81069fd2d4..0dcfa4ece8 100644
--- a/ql/src/test/results/clientpositive/llap/count_dist_rewrite.q.out
+++ b/ql/src/test/results/clientpositive/llap/count_dist_rewrite.q.out
@@ -41,7 +41,7 @@ STAGE PLANS:
                         Map-reduce partition columns: _col0 (type: string)
                         Statistics: Num rows: 250 Data size: 21750 Basic stats: COMPLETE Column stats: COMPLETE
             Execution mode: vectorized, llap
-            LLAP IO: no inputs
+            LLAP IO: all inputs
         Reducer 2 
             Execution mode: vectorized, llap
             Reduce Operator Tree:
@@ -137,7 +137,7 @@ STAGE PLANS:
                         Statistics: Num rows: 250 Data size: 67750 Basic stats: COMPLETE Column stats: COMPLETE
                         value expressions: _col1 (type: string)
             Execution mode: vectorized, llap
-            LLAP IO: no inputs
+            LLAP IO: all inputs
         Reducer 2 
             Execution mode: vectorized, llap
             Reduce Operator Tree:
@@ -233,7 +233,7 @@ STAGE PLANS:
                         Statistics: Num rows: 250 Data size: 113750 Basic stats: COMPLETE Column stats: COMPLETE
                         value expressions: _col1 (type: string), _col3 (type: string)
             Execution mode: vectorized, llap
-            LLAP IO: no inputs
+            LLAP IO: all inputs
         Reducer 2 
             Execution mode: vectorized, llap
             Reduce Operator Tree:
@@ -329,7 +329,7 @@ STAGE PLANS:
                         Statistics: Num rows: 250 Data size: 117750 Basic stats: COMPLETE Column stats: COMPLETE
                         value expressions: _col1 (type: string), _col3 (type: string), _col4 (type: double), _col5 (type: bigint)
             Execution mode: llap
-            LLAP IO: no inputs
+            LLAP IO: all inputs
         Reducer 2 
             Execution mode: vectorized, llap
             Reduce Operator Tree:
@@ -429,7 +429,7 @@ STAGE PLANS:
                         Statistics: Num rows: 250 Data size: 23750 Basic stats: COMPLETE Column stats: COMPLETE
                         value expressions: _col1 (type: bigint)
             Execution mode: vectorized, llap
-            LLAP IO: no inputs
+            LLAP IO: all inputs
         Reducer 2 
             Execution mode: vectorized, llap
             Reduce Operator Tree:
@@ -537,7 +537,7 @@ STAGE PLANS:
                         Statistics: Num rows: 250 Data size: 117750 Basic stats: COMPLETE Column stats: COMPLETE
                         value expressions: _col1 (type: bigint), _col2 (type: bigint), _col4 (type: string), _col5 (type: string)
             Execution mode: vectorized, llap
-            LLAP IO: no inputs
+            LLAP IO: all inputs
         Reducer 2 
             Execution mode: vectorized, llap
             Reduce Operator Tree:
@@ -645,7 +645,7 @@ STAGE PLANS:
                         Statistics: Num rows: 250 Data size: 29750 Basic stats: COMPLETE Column stats: COMPLETE
                         value expressions: _col1 (type: bigint), _col3 (type: double), _col4 (type: double), _col5 (type: bigint)
             Execution mode: vectorized, llap
-            LLAP IO: no inputs
+            LLAP IO: all inputs
         Reducer 2 
             Execution mode: vectorized, llap
             Reduce Operator Tree:
@@ -772,7 +772,7 @@ STAGE PLANS:
                         Statistics: Num rows: 250 Data size: 121500 Basic stats: COMPLETE Column stats: COMPLETE
                         value expressions: _col1 (type: double), _col2 (type: bigint), _col4 (type: string), _col5 (type: string), _col6 (type: double), _col7 (type: double)
             Execution mode: llap
-            LLAP IO: no inputs
+            LLAP IO: all inputs
         Reducer 2 
             Execution mode: vectorized, llap
             Reduce Operator Tree:
@@ -889,7 +889,7 @@ STAGE PLANS:
                         Statistics: Num rows: 250 Data size: 142500 Basic stats: COMPLETE Column stats: COMPLETE
                         value expressions: _col2 (type: string), _col4 (type: string), _col5 (type: double), _col6 (type: bigint)
             Execution mode: llap
-            LLAP IO: no inputs
+            LLAP IO: all inputs
         Reducer 2 
             Execution mode: llap
             Reduce Operator Tree:
diff --git a/ql/src/test/results/clientpositive/llap/cp_sel.q.out b/ql/src/test/results/clientpositive/llap/cp_sel.q.out
index 2b3131c184..cd2c967902 100644
--- a/ql/src/test/results/clientpositive/llap/cp_sel.q.out
+++ b/ql/src/test/results/clientpositive/llap/cp_sel.q.out
@@ -47,7 +47,7 @@ STAGE PLANS:
                         Statistics: Num rows: 1000 Data size: 178000 Basic stats: COMPLETE Column stats: COMPLETE
                         value expressions: _col1 (type: string)
             Execution mode: vectorized, llap
-            LLAP IO: no inputs
+            LLAP IO: all inputs
         Reducer 2 
             Execution mode: vectorized, llap
             Reduce Operator Tree:
@@ -144,7 +144,7 @@ STAGE PLANS:
                       Statistics: Num rows: 1000 Data size: 356000 Basic stats: COMPLETE Column stats: COMPLETE
                       value expressions: _col1 (type: string), _col2 (type: string), _col3 (type: string)
             Execution mode: vectorized, llap
-            LLAP IO: no inputs
+            LLAP IO: all inputs
         Reducer 2 
             Execution mode: llap
             Reduce Operator Tree:
diff --git a/ql/src/test/results/clientpositive/llap/cross_join.q.out b/ql/src/test/results/clientpositive/llap/cross_join.q.out
index 43d4322b9f..dcd55118cd 100644
--- a/ql/src/test/results/clientpositive/llap/cross_join.q.out
+++ b/ql/src/test/results/clientpositive/llap/cross_join.q.out
@@ -34,7 +34,7 @@ STAGE PLANS:
                       Statistics: Num rows: 500 Data size: 43500 Basic stats: COMPLETE Column stats: COMPLETE
                       value expressions: _col0 (type: string)
             Execution mode: vectorized, llap
-            LLAP IO: no inputs
+            LLAP IO: all inputs
         Map 3 
             Map Operator Tree:
                 TableScan
@@ -47,7 +47,7 @@ STAGE PLANS:
                       sort order: 
                       Statistics: Num rows: 500 Data size: 2000 Basic stats: COMPLETE Column stats: COMPLETE
             Execution mode: vectorized, llap
-            LLAP IO: no inputs
+            LLAP IO: all inputs
         Reducer 2 
             Execution mode: llap
             Reduce Operator Tree:
@@ -109,7 +109,7 @@ STAGE PLANS:
                       Statistics: Num rows: 500 Data size: 43500 Basic stats: COMPLETE Column stats: COMPLETE
                       value expressions: _col0 (type: string)
             Execution mode: vectorized, llap
-            LLAP IO: no inputs
+            LLAP IO: all inputs
         Map 3 
             Map Operator Tree:
                 TableScan
@@ -122,7 +122,7 @@ STAGE PLANS:
                       sort order: 
                       Statistics: Num rows: 500 Data size: 2000 Basic stats: COMPLETE Column stats: COMPLETE
             Execution mode: vectorized, llap
-            LLAP IO: no inputs
+            LLAP IO: all inputs
         Reducer 2 
             Execution mode: llap
             Reduce Operator Tree:
@@ -188,7 +188,7 @@ STAGE PLANS:
                         Map-reduce partition columns: _col0 (type: string)
                         Statistics: Num rows: 500 Data size: 43500 Basic stats: COMPLETE Column stats: COMPLETE
             Execution mode: vectorized, llap
-            LLAP IO: no inputs
+            LLAP IO: all inputs
         Map 3 
             Map Operator Tree:
                 TableScan
@@ -209,7 +209,7 @@ STAGE PLANS:
                         Map-reduce partition columns: _col0 (type: string)
                         Statistics: Num rows: 500 Data size: 43500 Basic stats: COMPLETE Column stats: COMPLETE
             Execution mode: vectorized, llap
-            LLAP IO: no inputs
+            LLAP IO: all inputs
         Reducer 2 
             Execution mode: llap
             Reduce Operator Tree:
@@ -271,7 +271,7 @@ STAGE PLANS:
                       Statistics: Num rows: 500 Data size: 43500 Basic stats: COMPLETE Column stats: COMPLETE
                       value expressions: _col0 (type: string)
             Execution mode: vectorized, llap
-            LLAP IO: no inputs
+            LLAP IO: all inputs
         Map 3 
             Map Operator Tree:
                 TableScan
@@ -284,7 +284,7 @@ STAGE PLANS:
                       sort order: 
                       Statistics: Num rows: 500 Data size: 2000 Basic stats: COMPLETE Column stats: COMPLETE
             Execution mode: vectorized, llap
-            LLAP IO: no inputs
+            LLAP IO: all inputs
         Reducer 2 
             Execution mode: llap
             Reduce Operator Tree:
@@ -346,7 +346,7 @@ STAGE PLANS:
                       Statistics: Num rows: 500 Data size: 43500 Basic stats: COMPLETE Column stats: COMPLETE
                       value expressions: _col0 (type: string)
             Execution mode: vectorized, llap
-            LLAP IO: no inputs
+            LLAP IO: all inputs
         Map 3 
             Map Operator Tree:
                 TableScan
@@ -359,7 +359,7 @@ STAGE PLANS:
                       sort order: 
                       Statistics: Num rows: 500 Data size: 2000 Basic stats: COMPLETE Column stats: COMPLETE
             Execution mode: vectorized, llap
-            LLAP IO: no inputs
+            LLAP IO: all inputs
         Reducer 2 
             Execution mode: llap
             Reduce Operator Tree:
@@ -436,7 +436,7 @@ STAGE PLANS:
                               output format: org.apache.hadoop.hive.ql.io.HiveSequenceFileOutputFormat
                               serde: org.apache.hadoop.hive.serde2.lazy.LazySimpleSerDe
             Execution mode: vectorized, llap
-            LLAP IO: no inputs
+            LLAP IO: all inputs
         Map 2 
             Map Operator Tree:
                 TableScan
@@ -457,7 +457,7 @@ STAGE PLANS:
                         Map-reduce partition columns: _col0 (type: string)
                         Statistics: Num rows: 500 Data size: 43500 Basic stats: COMPLETE Column stats: COMPLETE
             Execution mode: vectorized, llap
-            LLAP IO: no inputs
+            LLAP IO: all inputs
 
   Stage: Stage-0
     Fetch Operator
diff --git a/ql/src/test/results/clientpositive/llap/cross_join_merge.q.out b/ql/src/test/results/clientpositive/llap/cross_join_merge.q.out
index 5fae51d9c8..4e8ee52e06 100644
--- a/ql/src/test/results/clientpositive/llap/cross_join_merge.q.out
+++ b/ql/src/test/results/clientpositive/llap/cross_join_merge.q.out
@@ -38,7 +38,7 @@ STAGE PLANS:
                       Statistics: Num rows: 500 Data size: 43500 Basic stats: COMPLETE Column stats: COMPLETE
                       value expressions: _col0 (type: string)
             Execution mode: vectorized, llap
-            LLAP IO: no inputs
+            LLAP IO: all inputs
         Map 4 
             Map Operator Tree:
                 TableScan
@@ -55,7 +55,7 @@ STAGE PLANS:
                       sort order: 
                       Statistics: Num rows: 500 Data size: 2000 Basic stats: COMPLETE Column stats: COMPLETE
             Execution mode: vectorized, llap
-            LLAP IO: no inputs
+            LLAP IO: all inputs
         Reducer 2 
             Execution mode: llap
             Reduce Operator Tree:
@@ -146,7 +146,7 @@ STAGE PLANS:
                         Map-reduce partition columns: _col0 (type: string)
                         Statistics: Num rows: 500 Data size: 43500 Basic stats: COMPLETE Column stats: COMPLETE
             Execution mode: vectorized, llap
-            LLAP IO: no inputs
+            LLAP IO: all inputs
         Map 4 
             Map Operator Tree:
                 TableScan
@@ -167,7 +167,7 @@ STAGE PLANS:
                         Map-reduce partition columns: _col0 (type: string)
                         Statistics: Num rows: 500 Data size: 43500 Basic stats: COMPLETE Column stats: COMPLETE
             Execution mode: vectorized, llap
-            LLAP IO: no inputs
+            LLAP IO: all inputs
         Reducer 2 
             Execution mode: llap
             Reduce Operator Tree:
@@ -259,7 +259,7 @@ STAGE PLANS:
                         Map-reduce partition columns: _col0 (type: string)
                         Statistics: Num rows: 500 Data size: 43500 Basic stats: COMPLETE Column stats: COMPLETE
             Execution mode: vectorized, llap
-            LLAP IO: no inputs
+            LLAP IO: all inputs
         Map 4 
             Map Operator Tree:
                 TableScan
@@ -280,7 +280,7 @@ STAGE PLANS:
                         Map-reduce partition columns: _col0 (type: string)
                         Statistics: Num rows: 500 Data size: 43500 Basic stats: COMPLETE Column stats: COMPLETE
             Execution mode: vectorized, llap
-            LLAP IO: no inputs
+            LLAP IO: all inputs
         Reducer 2 
             Execution mode: llap
             Reduce Operator Tree:
@@ -376,7 +376,7 @@ STAGE PLANS:
                         sort order: 
                         Statistics: Num rows: 250 Data size: 21750 Basic stats: COMPLETE Column stats: COMPLETE
             Execution mode: vectorized, llap
-            LLAP IO: no inputs
+            LLAP IO: all inputs
         Map 4 
             Map Operator Tree:
                 TableScan
@@ -397,7 +397,7 @@ STAGE PLANS:
                         Map-reduce partition columns: _col0 (type: string)
                         Statistics: Num rows: 500 Data size: 43500 Basic stats: COMPLETE Column stats: COMPLETE
             Execution mode: vectorized, llap
-            LLAP IO: no inputs
+            LLAP IO: all inputs
         Reducer 2 
             Execution mode: llap
             Reduce Operator Tree:
@@ -479,7 +479,7 @@ STAGE PLANS:
                       Statistics: Num rows: 500 Data size: 43500 Basic stats: COMPLETE Column stats: COMPLETE
                       value expressions: _col0 (type: string)
             Execution mode: vectorized, llap
-            LLAP IO: no inputs
+            LLAP IO: all inputs
         Map 4 
             Map Operator Tree:
                 TableScan
@@ -496,7 +496,7 @@ STAGE PLANS:
                       sort order: 
                       Statistics: Num rows: 500 Data size: 2000 Basic stats: COMPLETE Column stats: COMPLETE
             Execution mode: vectorized, llap
-            LLAP IO: no inputs
+            LLAP IO: all inputs
         Reducer 2 
             Execution mode: llap
             Reduce Operator Tree:
@@ -587,7 +587,7 @@ STAGE PLANS:
                         Map-reduce partition columns: _col0 (type: string)
                         Statistics: Num rows: 500 Data size: 43500 Basic stats: COMPLETE Column stats: COMPLETE
             Execution mode: vectorized, llap
-            LLAP IO: no inputs
+            LLAP IO: all inputs
         Map 4 
             Map Operator Tree:
                 TableScan
@@ -608,7 +608,7 @@ STAGE PLANS:
                         Map-reduce partition columns: _col0 (type: string)
                         Statistics: Num rows: 500 Data size: 43500 Basic stats: COMPLETE Column stats: COMPLETE
             Execution mode: vectorized, llap
-            LLAP IO: no inputs
+            LLAP IO: all inputs
         Reducer 2 
             Execution mode: llap
             Reduce Operator Tree:
diff --git a/ql/src/test/results/clientpositive/llap/cross_prod_1.q.out b/ql/src/test/results/clientpositive/llap/cross_prod_1.q.out
index b3ecee0f03..f156df5bc4 100644
--- a/ql/src/test/results/clientpositive/llap/cross_prod_1.q.out
+++ b/ql/src/test/results/clientpositive/llap/cross_prod_1.q.out
@@ -49,7 +49,7 @@ STAGE PLANS:
                       Statistics: Num rows: 10 Data size: 1780 Basic stats: COMPLETE Column stats: COMPLETE
                       value expressions: _col0 (type: string), _col1 (type: string)
             Execution mode: vectorized, llap
-            LLAP IO: no inputs
+            LLAP IO: all inputs
         Map 4 
             Map Operator Tree:
                 TableScan
@@ -65,7 +65,7 @@ STAGE PLANS:
                       Statistics: Num rows: 10 Data size: 1780 Basic stats: COMPLETE Column stats: COMPLETE
                       value expressions: _col0 (type: string), _col1 (type: string)
             Execution mode: vectorized, llap
-            LLAP IO: no inputs
+            LLAP IO: all inputs
         Reducer 2 
             Execution mode: llap
             Reduce Operator Tree:
@@ -253,7 +253,7 @@ STAGE PLANS:
                         Statistics: Num rows: 10 Data size: 1780 Basic stats: COMPLETE Column stats: COMPLETE
                         value expressions: _col0 (type: string), _col1 (type: string)
             Execution mode: vectorized, llap
-            LLAP IO: no inputs
+            LLAP IO: all inputs
         Map 3 
             Map Operator Tree:
                 TableScan
@@ -273,7 +273,7 @@ STAGE PLANS:
                         Statistics: Num rows: 10 Data size: 1780 Basic stats: COMPLETE Column stats: COMPLETE
                         value expressions: _col0 (type: string), _col1 (type: string)
             Execution mode: vectorized, llap
-            LLAP IO: no inputs
+            LLAP IO: all inputs
         Reducer 2 
             Execution mode: llap
             Reduce Operator Tree:
@@ -394,7 +394,7 @@ STAGE PLANS:
                         Statistics: Num rows: 1 Data size: 178 Basic stats: COMPLETE Column stats: COMPLETE
                         value expressions: _col0 (type: string), _col1 (type: string)
             Execution mode: vectorized, llap
-            LLAP IO: no inputs
+            LLAP IO: all inputs
         Map 3 
             Map Operator Tree:
                 TableScan
@@ -410,7 +410,7 @@ STAGE PLANS:
                       Statistics: Num rows: 10 Data size: 1780 Basic stats: COMPLETE Column stats: COMPLETE
                       value expressions: _col0 (type: string), _col1 (type: string)
             Execution mode: vectorized, llap
-            LLAP IO: no inputs
+            LLAP IO: all inputs
         Reducer 2 
             Execution mode: llap
             Reduce Operator Tree:
@@ -518,7 +518,7 @@ STAGE PLANS:
                       Statistics: Num rows: 10 Data size: 1780 Basic stats: COMPLETE Column stats: COMPLETE
                       value expressions: _col0 (type: string), _col1 (type: string)
             Execution mode: vectorized, llap
-            LLAP IO: no inputs
+            LLAP IO: all inputs
         Map 4 
             Map Operator Tree:
                 TableScan
@@ -534,7 +534,7 @@ STAGE PLANS:
                       Statistics: Num rows: 10 Data size: 1780 Basic stats: COMPLETE Column stats: COMPLETE
                       value expressions: _col0 (type: string), _col1 (type: string)
             Execution mode: vectorized, llap
-            LLAP IO: no inputs
+            LLAP IO: all inputs
         Reducer 2 
             Execution mode: llap
             Reduce Operator Tree:
@@ -1630,7 +1630,7 @@ STAGE PLANS:
                         Statistics: Num rows: 3 Data size: 534 Basic stats: COMPLETE Column stats: COMPLETE
                         value expressions: _col0 (type: string), _col1 (type: string)
             Execution mode: vectorized, llap
-            LLAP IO: no inputs
+            LLAP IO: all inputs
         Map 3 
             Map Operator Tree:
                 TableScan
@@ -1646,7 +1646,7 @@ STAGE PLANS:
                       Statistics: Num rows: 10 Data size: 1780 Basic stats: COMPLETE Column stats: COMPLETE
                       value expressions: _col0 (type: string), _col1 (type: string)
             Execution mode: vectorized, llap
-            LLAP IO: no inputs
+            LLAP IO: all inputs
         Reducer 2 
             Execution mode: llap
             Reduce Operator Tree:
@@ -1748,7 +1748,7 @@ STAGE PLANS:
                       Statistics: Num rows: 10 Data size: 870 Basic stats: COMPLETE Column stats: COMPLETE
                       value expressions: _col0 (type: string)
             Execution mode: vectorized, llap
-            LLAP IO: no inputs
+            LLAP IO: all inputs
         Map 4 
             Map Operator Tree:
                 TableScan
@@ -1761,7 +1761,7 @@ STAGE PLANS:
                       sort order: 
                       Statistics: Num rows: 10 Data size: 40 Basic stats: COMPLETE Column stats: COMPLETE
             Execution mode: vectorized, llap
-            LLAP IO: no inputs
+            LLAP IO: all inputs
         Reducer 2 
             Execution mode: llap
             Reduce Operator Tree:
@@ -1865,7 +1865,7 @@ STAGE PLANS:
                       Statistics: Num rows: 10 Data size: 1820 Basic stats: COMPLETE Column stats: COMPLETE
                       value expressions: _col0 (type: string), _col1 (type: string), _col2 (type: boolean)
             Execution mode: vectorized, llap
-            LLAP IO: no inputs
+            LLAP IO: all inputs
         Map 3 
             Map Operator Tree:
                 TableScan
@@ -1881,7 +1881,7 @@ STAGE PLANS:
                       Statistics: Num rows: 10 Data size: 1780 Basic stats: COMPLETE Column stats: COMPLETE
                       value expressions: _col0 (type: string), _col1 (type: string)
             Execution mode: vectorized, llap
-            LLAP IO: no inputs
+            LLAP IO: all inputs
         Reducer 2 
             Execution mode: llap
             Reduce Operator Tree:
@@ -1948,7 +1948,7 @@ STAGE PLANS:
                       Statistics: Num rows: 10 Data size: 1780 Basic stats: COMPLETE Column stats: COMPLETE
                       value expressions: _col0 (type: string), _col1 (type: string)
             Execution mode: vectorized, llap
-            LLAP IO: no inputs
+            LLAP IO: all inputs
         Map 3 
             Map Operator Tree:
                 TableScan
@@ -1964,7 +1964,7 @@ STAGE PLANS:
                       Statistics: Num rows: 10 Data size: 1780 Basic stats: COMPLETE Column stats: COMPLETE
                       value expressions: _col0 (type: string), _col1 (type: string)
             Execution mode: vectorized, llap
-            LLAP IO: no inputs
+            LLAP IO: all inputs
         Reducer 2 
             Execution mode: llap
             Reduce Operator Tree:
@@ -2027,7 +2027,7 @@ STAGE PLANS:
                       Statistics: Num rows: 10 Data size: 1780 Basic stats: COMPLETE Column stats: COMPLETE
                       value expressions: _col0 (type: string), _col1 (type: string)
             Execution mode: vectorized, llap
-            LLAP IO: no inputs
+            LLAP IO: all inputs
         Map 3 
             Map Operator Tree:
                 TableScan
@@ -2043,7 +2043,7 @@ STAGE PLANS:
                       Statistics: Num rows: 10 Data size: 1780 Basic stats: COMPLETE Column stats: COMPLETE
                       value expressions: _col0 (type: string), _col1 (type: string)
             Execution mode: vectorized, llap
-            LLAP IO: no inputs
+            LLAP IO: all inputs
         Reducer 2 
             Execution mode: llap
             Reduce Operator Tree:
@@ -2124,7 +2124,7 @@ STAGE PLANS:
                         Statistics: Num rows: 5 Data size: 475 Basic stats: COMPLETE Column stats: COMPLETE
                         value expressions: _col1 (type: bigint)
             Execution mode: vectorized, llap
-            LLAP IO: no inputs
+            LLAP IO: all inputs
         Reducer 2 
             Execution mode: vectorized, llap
             Reduce Operator Tree:
@@ -2325,7 +2325,7 @@ STAGE PLANS:
                       Statistics: Num rows: 20 Data size: 3560 Basic stats: COMPLETE Column stats: COMPLETE
                       value expressions: _col0 (type: string), _col1 (type: string)
             Execution mode: vectorized, llap
-            LLAP IO: no inputs
+            LLAP IO: all inputs
         Map 4 
             Map Operator Tree:
                 TableScan
@@ -2341,7 +2341,7 @@ STAGE PLANS:
                       Statistics: Num rows: 20 Data size: 3560 Basic stats: COMPLETE Column stats: COMPLETE
                       value expressions: _col0 (type: string), _col1 (type: string)
             Execution mode: vectorized, llap
-            LLAP IO: no inputs
+            LLAP IO: all inputs
         Map 5 
             Map Operator Tree:
                 TableScan
@@ -2357,7 +2357,7 @@ STAGE PLANS:
                       Statistics: Num rows: 10 Data size: 1780 Basic stats: COMPLETE Column stats: COMPLETE
                       value expressions: _col0 (type: string), _col1 (type: string)
             Execution mode: vectorized, llap
-            LLAP IO: no inputs
+            LLAP IO: all inputs
         Reducer 3 
             Execution mode: llap
             Reduce Operator Tree:
diff --git a/ql/src/test/results/clientpositive/llap/cross_prod_3.q.out b/ql/src/test/results/clientpositive/llap/cross_prod_3.q.out
index b36ee65884..ec060999e5 100644
--- a/ql/src/test/results/clientpositive/llap/cross_prod_3.q.out
+++ b/ql/src/test/results/clientpositive/llap/cross_prod_3.q.out
@@ -84,7 +84,7 @@ STAGE PLANS:
                           Statistics: Num rows: 1 Data size: 352 Basic stats: COMPLETE Column stats: COMPLETE
                           value expressions: _col1 (type: string), _col2 (type: string), _col3 (type: string)
             Execution mode: vectorized, llap
-            LLAP IO: no inputs
+            LLAP IO: all inputs
         Map 2 
             Map Operator Tree:
                 TableScan
@@ -106,7 +106,7 @@ STAGE PLANS:
                         Statistics: Num rows: 1 Data size: 174 Basic stats: COMPLETE Column stats: COMPLETE
                         value expressions: _col1 (type: string)
             Execution mode: vectorized, llap
-            LLAP IO: no inputs
+            LLAP IO: all inputs
         Map 3 
             Map Operator Tree:
                 TableScan
@@ -142,7 +142,7 @@ STAGE PLANS:
                                 output format: org.apache.hadoop.hive.ql.io.HiveSequenceFileOutputFormat
                                 serde: org.apache.hadoop.hive.serde2.lazy.LazySimpleSerDe
             Execution mode: vectorized, llap
-            LLAP IO: no inputs
+            LLAP IO: all inputs
 
   Stage: Stage-0
     Fetch Operator
diff --git a/ql/src/test/results/clientpositive/llap/cross_prod_4.q.out b/ql/src/test/results/clientpositive/llap/cross_prod_4.q.out
index cb0cf816c6..7152455bcf 100644
--- a/ql/src/test/results/clientpositive/llap/cross_prod_4.q.out
+++ b/ql/src/test/results/clientpositive/llap/cross_prod_4.q.out
@@ -48,7 +48,7 @@ STAGE PLANS:
                       Statistics: Num rows: 10 Data size: 1780 Basic stats: COMPLETE Column stats: COMPLETE
                       value expressions: _col0 (type: string), _col1 (type: string)
             Execution mode: vectorized, llap
-            LLAP IO: no inputs
+            LLAP IO: all inputs
         Map 3 
             Map Operator Tree:
                 TableScan
@@ -64,7 +64,7 @@ STAGE PLANS:
                       Statistics: Num rows: 10 Data size: 1780 Basic stats: COMPLETE Column stats: COMPLETE
                       value expressions: _col0 (type: string), _col1 (type: string)
             Execution mode: vectorized, llap
-            LLAP IO: no inputs
+            LLAP IO: all inputs
         Reducer 2 
             Execution mode: llap
             Reduce Operator Tree:
diff --git a/ql/src/test/results/clientpositive/llap/cross_product_check_1.q.out b/ql/src/test/results/clientpositive/llap/cross_product_check_1.q.out
index 5b3bf1c902..c8136a3c88 100644
--- a/ql/src/test/results/clientpositive/llap/cross_product_check_1.q.out
+++ b/ql/src/test/results/clientpositive/llap/cross_product_check_1.q.out
@@ -66,7 +66,7 @@ STAGE PLANS:
                       Statistics: Num rows: 500 Data size: 89000 Basic stats: COMPLETE Column stats: COMPLETE
                       value expressions: _col0 (type: string), _col1 (type: string)
             Execution mode: vectorized, llap
-            LLAP IO: no inputs
+            LLAP IO: all inputs
         Map 3 
             Map Operator Tree:
                 TableScan
@@ -82,7 +82,7 @@ STAGE PLANS:
                       Statistics: Num rows: 10 Data size: 1780 Basic stats: COMPLETE Column stats: COMPLETE
                       value expressions: _col0 (type: string), _col1 (type: string)
             Execution mode: vectorized, llap
-            LLAP IO: no inputs
+            LLAP IO: all inputs
         Reducer 2 
             Execution mode: llap
             Reduce Operator Tree:
@@ -153,7 +153,7 @@ STAGE PLANS:
                         Statistics: Num rows: 10 Data size: 1780 Basic stats: COMPLETE Column stats: COMPLETE
                         value expressions: _col1 (type: string)
             Execution mode: vectorized, llap
-            LLAP IO: no inputs
+            LLAP IO: all inputs
         Map 4 
             Map Operator Tree:
                 TableScan
@@ -175,7 +175,7 @@ STAGE PLANS:
                         Statistics: Num rows: 10 Data size: 1780 Basic stats: COMPLETE Column stats: COMPLETE
                         value expressions: _col1 (type: string)
             Execution mode: vectorized, llap
-            LLAP IO: no inputs
+            LLAP IO: all inputs
         Map 5 
             Map Operator Tree:
                 TableScan
@@ -191,7 +191,7 @@ STAGE PLANS:
                       Statistics: Num rows: 500 Data size: 89000 Basic stats: COMPLETE Column stats: COMPLETE
                       value expressions: _col0 (type: string), _col1 (type: string)
             Execution mode: vectorized, llap
-            LLAP IO: no inputs
+            LLAP IO: all inputs
         Reducer 2 
             Execution mode: llap
             Reduce Operator Tree:
@@ -279,7 +279,7 @@ STAGE PLANS:
                       Statistics: Num rows: 500 Data size: 89000 Basic stats: COMPLETE Column stats: COMPLETE
                       value expressions: _col0 (type: string), _col1 (type: string)
             Execution mode: vectorized, llap
-            LLAP IO: no inputs
+            LLAP IO: all inputs
         Map 3 
             Map Operator Tree:
                 TableScan
@@ -300,7 +300,7 @@ STAGE PLANS:
                         Map-reduce partition columns: _col0 (type: string)
                         Statistics: Num rows: 10 Data size: 870 Basic stats: COMPLETE Column stats: COMPLETE
             Execution mode: vectorized, llap
-            LLAP IO: no inputs
+            LLAP IO: all inputs
         Map 6 
             Map Operator Tree:
                 TableScan
@@ -321,7 +321,7 @@ STAGE PLANS:
                         Map-reduce partition columns: _col0 (type: string)
                         Statistics: Num rows: 10 Data size: 870 Basic stats: COMPLETE Column stats: COMPLETE
             Execution mode: vectorized, llap
-            LLAP IO: no inputs
+            LLAP IO: all inputs
         Reducer 2 
             Execution mode: llap
             Reduce Operator Tree:
@@ -424,7 +424,7 @@ STAGE PLANS:
                       Statistics: Num rows: 500 Data size: 89000 Basic stats: COMPLETE Column stats: COMPLETE
                       value expressions: _col0 (type: string), _col1 (type: string)
             Execution mode: vectorized, llap
-            LLAP IO: no inputs
+            LLAP IO: all inputs
         Map 3 
             Map Operator Tree:
                 TableScan
@@ -440,7 +440,7 @@ STAGE PLANS:
                       Statistics: Num rows: 10 Data size: 870 Basic stats: COMPLETE Column stats: COMPLETE
                       value expressions: _col0 (type: string)
             Execution mode: vectorized, llap
-            LLAP IO: no inputs
+            LLAP IO: all inputs
         Map 6 
             Map Operator Tree:
                 TableScan
@@ -453,7 +453,7 @@ STAGE PLANS:
                       sort order: 
                       Statistics: Num rows: 10 Data size: 40 Basic stats: COMPLETE Column stats: COMPLETE
             Execution mode: vectorized, llap
-            LLAP IO: no inputs
+            LLAP IO: all inputs
         Reducer 2 
             Execution mode: llap
             Reduce Operator Tree:
@@ -567,7 +567,7 @@ STAGE PLANS:
                         Map-reduce partition columns: _col0 (type: string)
                         Statistics: Num rows: 250 Data size: 21750 Basic stats: COMPLETE Column stats: COMPLETE
             Execution mode: vectorized, llap
-            LLAP IO: no inputs
+            LLAP IO: all inputs
         Map 4 
             Map Operator Tree:
                 TableScan
@@ -588,7 +588,7 @@ STAGE PLANS:
                         Map-reduce partition columns: _col0 (type: string)
                         Statistics: Num rows: 10 Data size: 870 Basic stats: COMPLETE Column stats: COMPLETE
             Execution mode: vectorized, llap
-            LLAP IO: no inputs
+            LLAP IO: all inputs
         Map 7 
             Map Operator Tree:
                 TableScan
@@ -609,7 +609,7 @@ STAGE PLANS:
                         Map-reduce partition columns: _col0 (type: string)
                         Statistics: Num rows: 10 Data size: 870 Basic stats: COMPLETE Column stats: COMPLETE
             Execution mode: vectorized, llap
-            LLAP IO: no inputs
+            LLAP IO: all inputs
         Reducer 2 
             Execution mode: vectorized, llap
             Reduce Operator Tree:
diff --git a/ql/src/test/results/clientpositive/llap/cross_product_check_2.q.out b/ql/src/test/results/clientpositive/llap/cross_product_check_2.q.out
index f4bf4fbaa7..e32b54f9d6 100644
--- a/ql/src/test/results/clientpositive/llap/cross_product_check_2.q.out
+++ b/ql/src/test/results/clientpositive/llap/cross_product_check_2.q.out
@@ -66,7 +66,7 @@ STAGE PLANS:
                       Statistics: Num rows: 500 Data size: 89000 Basic stats: COMPLETE Column stats: COMPLETE
                       value expressions: _col0 (type: string), _col1 (type: string)
             Execution mode: vectorized, llap
-            LLAP IO: no inputs
+            LLAP IO: all inputs
         Map 3 
             Map Operator Tree:
                 TableScan
@@ -82,7 +82,7 @@ STAGE PLANS:
                       Statistics: Num rows: 10 Data size: 1760 Basic stats: COMPLETE Column stats: COMPLETE
                       value expressions: _col0 (type: string), _col1 (type: string)
             Execution mode: vectorized, llap
-            LLAP IO: no inputs
+            LLAP IO: all inputs
         Reducer 2 
             Execution mode: llap
             Reduce Operator Tree:
@@ -161,7 +161,7 @@ STAGE PLANS:
                           Statistics: Num rows: 20 Data size: 7040 Basic stats: COMPLETE Column stats: COMPLETE
                           value expressions: _col0 (type: string), _col1 (type: string), _col2 (type: string), _col3 (type: string)
             Execution mode: vectorized, llap
-            LLAP IO: no inputs
+            LLAP IO: all inputs
         Map 3 
             Map Operator Tree:
                 TableScan
@@ -183,7 +183,7 @@ STAGE PLANS:
                         Statistics: Num rows: 10 Data size: 1760 Basic stats: COMPLETE Column stats: COMPLETE
                         value expressions: _col1 (type: string)
             Execution mode: vectorized, llap
-            LLAP IO: no inputs
+            LLAP IO: all inputs
         Map 4 
             Map Operator Tree:
                 TableScan
@@ -199,7 +199,7 @@ STAGE PLANS:
                       Statistics: Num rows: 500 Data size: 89000 Basic stats: COMPLETE Column stats: COMPLETE
                       value expressions: _col0 (type: string), _col1 (type: string)
             Execution mode: vectorized, llap
-            LLAP IO: no inputs
+            LLAP IO: all inputs
         Reducer 2 
             Execution mode: llap
             Reduce Operator Tree:
@@ -271,7 +271,7 @@ STAGE PLANS:
                       Statistics: Num rows: 500 Data size: 89000 Basic stats: COMPLETE Column stats: COMPLETE
                       value expressions: _col0 (type: string), _col1 (type: string)
             Execution mode: vectorized, llap
-            LLAP IO: no inputs
+            LLAP IO: all inputs
         Map 3 
             Map Operator Tree:
                 TableScan
@@ -308,7 +308,7 @@ STAGE PLANS:
                             Map-reduce partition columns: _col0 (type: string)
                             Statistics: Num rows: 5 Data size: 430 Basic stats: COMPLETE Column stats: COMPLETE
             Execution mode: vectorized, llap
-            LLAP IO: no inputs
+            LLAP IO: all inputs
         Map 5 
             Map Operator Tree:
                 TableScan
@@ -329,7 +329,7 @@ STAGE PLANS:
                         Map-reduce partition columns: _col0 (type: string)
                         Statistics: Num rows: 10 Data size: 860 Basic stats: COMPLETE Column stats: COMPLETE
             Execution mode: vectorized, llap
-            LLAP IO: no inputs
+            LLAP IO: all inputs
         Reducer 2 
             Execution mode: llap
             Reduce Operator Tree:
@@ -409,7 +409,7 @@ STAGE PLANS:
                       Statistics: Num rows: 500 Data size: 89000 Basic stats: COMPLETE Column stats: COMPLETE
                       value expressions: _col0 (type: string), _col1 (type: string)
             Execution mode: vectorized, llap
-            LLAP IO: no inputs
+            LLAP IO: all inputs
         Map 3 
             Map Operator Tree:
                 TableScan
@@ -425,7 +425,7 @@ STAGE PLANS:
                       Statistics: Num rows: 10 Data size: 860 Basic stats: COMPLETE Column stats: COMPLETE
                       value expressions: _col0 (type: string)
             Execution mode: vectorized, llap
-            LLAP IO: no inputs
+            LLAP IO: all inputs
         Map 6 
             Map Operator Tree:
                 TableScan
@@ -438,7 +438,7 @@ STAGE PLANS:
                       sort order: 
                       Statistics: Num rows: 10 Data size: 40 Basic stats: COMPLETE Column stats: COMPLETE
             Execution mode: vectorized, llap
-            LLAP IO: no inputs
+            LLAP IO: all inputs
         Reducer 2 
             Execution mode: llap
             Reduce Operator Tree:
@@ -552,7 +552,7 @@ STAGE PLANS:
                         Map-reduce partition columns: _col0 (type: string)
                         Statistics: Num rows: 250 Data size: 21750 Basic stats: COMPLETE Column stats: COMPLETE
             Execution mode: vectorized, llap
-            LLAP IO: no inputs
+            LLAP IO: all inputs
         Map 4 
             Map Operator Tree:
                 TableScan
@@ -589,7 +589,7 @@ STAGE PLANS:
                             Map-reduce partition columns: _col0 (type: string)
                             Statistics: Num rows: 5 Data size: 430 Basic stats: COMPLETE Column stats: COMPLETE
             Execution mode: vectorized, llap
-            LLAP IO: no inputs
+            LLAP IO: all inputs
         Map 6 
             Map Operator Tree:
                 TableScan
@@ -610,7 +610,7 @@ STAGE PLANS:
                         Map-reduce partition columns: _col0 (type: string)
                         Statistics: Num rows: 10 Data size: 860 Basic stats: COMPLETE Column stats: COMPLETE
             Execution mode: vectorized, llap
-            LLAP IO: no inputs
+            LLAP IO: all inputs
         Reducer 2 
             Execution mode: vectorized, llap
             Reduce Operator Tree:
diff --git a/ql/src/test/results/clientpositive/llap/ctas.q.out b/ql/src/test/results/clientpositive/llap/ctas.q.out
index b5f1e23d65..87cd42c977 100644
--- a/ql/src/test/results/clientpositive/llap/ctas.q.out
+++ b/ql/src/test/results/clientpositive/llap/ctas.q.out
@@ -62,7 +62,7 @@ STAGE PLANS:
                         sort order: ++
                         Statistics: Num rows: 500 Data size: 89000 Basic stats: COMPLETE Column stats: COMPLETE
             Execution mode: vectorized, llap
-            LLAP IO: no inputs
+            LLAP IO: all inputs
         Reducer 2 
             Execution mode: vectorized, llap
             Reduce Operator Tree:
@@ -275,7 +275,7 @@ STAGE PLANS:
                         sort order: ++
                         Statistics: Num rows: 500 Data size: 89000 Basic stats: COMPLETE Column stats: COMPLETE
             Execution mode: vectorized, llap
-            LLAP IO: no inputs
+            LLAP IO: all inputs
         Reducer 2 
             Execution mode: vectorized, llap
             Reduce Operator Tree:
@@ -488,7 +488,7 @@ STAGE PLANS:
                         sort order: ++
                         Statistics: Num rows: 500 Data size: 96000 Basic stats: COMPLETE Column stats: COMPLETE
             Execution mode: vectorized, llap
-            LLAP IO: no inputs
+            LLAP IO: all inputs
         Reducer 2 
             Execution mode: vectorized, llap
             Reduce Operator Tree:
@@ -765,7 +765,7 @@ STAGE PLANS:
                         sort order: ++
                         Statistics: Num rows: 500 Data size: 89000 Basic stats: COMPLETE Column stats: COMPLETE
             Execution mode: vectorized, llap
-            LLAP IO: no inputs
+            LLAP IO: all inputs
         Reducer 2 
             Execution mode: vectorized, llap
             Reduce Operator Tree:
@@ -980,7 +980,7 @@ STAGE PLANS:
                         sort order: ++
                         Statistics: Num rows: 500 Data size: 89000 Basic stats: COMPLETE Column stats: COMPLETE
             Execution mode: vectorized, llap
-            LLAP IO: no inputs
+            LLAP IO: all inputs
         Reducer 2 
             Execution mode: vectorized, llap
             Reduce Operator Tree:
diff --git a/ql/src/test/results/clientpositive/llap/ctas_colname.q.out b/ql/src/test/results/clientpositive/llap/ctas_colname.q.out
index 32041d20ac..da25fc794b 100644
--- a/ql/src/test/results/clientpositive/llap/ctas_colname.q.out
+++ b/ql/src/test/results/clientpositive/llap/ctas_colname.q.out
@@ -45,7 +45,7 @@ STAGE PLANS:
                         TopN Hash Memory Usage: 0.1
                         value expressions: _col0 (type: string), _col1 (type: string), _col2 (type: double), _col3 (type: string)
             Execution mode: vectorized, llap
-            LLAP IO: no inputs
+            LLAP IO: all inputs
         Reducer 2 
             Execution mode: llap
             Reduce Operator Tree:
@@ -243,7 +243,7 @@ STAGE PLANS:
                     Map-reduce partition columns: key (type: string)
                     Statistics: Num rows: 25 Data size: 4375 Basic stats: COMPLETE Column stats: COMPLETE
             Execution mode: vectorized, llap
-            LLAP IO: no inputs
+            LLAP IO: all inputs
         Reducer 2 
             Execution mode: llap
             Reduce Operator Tree:
@@ -467,7 +467,7 @@ STAGE PLANS:
                     Map-reduce partition columns: key (type: string)
                     Statistics: Num rows: 500 Data size: 89000 Basic stats: COMPLETE Column stats: COMPLETE
             Execution mode: vectorized, llap
-            LLAP IO: no inputs
+            LLAP IO: all inputs
         Reducer 2 
             Execution mode: llap
             Reduce Operator Tree:
@@ -724,7 +724,7 @@ STAGE PLANS:
                           Statistics: Num rows: 1 Data size: 640 Basic stats: COMPLETE Column stats: COMPLETE
                           value expressions: _col0 (type: int), _col1 (type: struct<count:bigint,sum:double,input:int>), _col2 (type: bigint), _col3 (type: bigint), _col4 (type: binary), _col5 (type: int), _col6 (type: struct<count:bigint,sum:double,input:int>), _col7 (type: bigint), _col8 (type: binary), _col9 (type: double), _col10 (type: double), _col11 (type: bigint), _col12 (type: binary)
             Execution mode: llap
-            LLAP IO: no inputs
+            LLAP IO: all inputs
         Reducer 2 
             Execution mode: llap
             Reduce Operator Tree:
@@ -904,7 +904,7 @@ STAGE PLANS:
                         Statistics: Num rows: 250 Data size: 46500 Basic stats: COMPLETE Column stats: COMPLETE
                         value expressions: _col2 (type: bigint)
             Execution mode: vectorized, llap
-            LLAP IO: no inputs
+            LLAP IO: all inputs
         Reducer 2 
             Execution mode: llap
             Reduce Operator Tree:
@@ -1400,7 +1400,7 @@ STAGE PLANS:
                         Statistics: Num rows: 83 Data size: 15438 Basic stats: COMPLETE Column stats: COMPLETE
                         value expressions: _col2 (type: bigint)
             Execution mode: vectorized, llap
-            LLAP IO: no inputs
+            LLAP IO: all inputs
         Reducer 2 
             Execution mode: llap
             Reduce Operator Tree:
@@ -1592,7 +1592,7 @@ STAGE PLANS:
                         Statistics: Num rows: 83 Data size: 22493 Basic stats: COMPLETE Column stats: COMPLETE
                         value expressions: _col1 (type: string)
             Execution mode: vectorized, llap
-            LLAP IO: no inputs
+            LLAP IO: all inputs
         Reducer 2 
             Execution mode: llap
             Reduce Operator Tree:
diff --git a/ql/src/test/results/clientpositive/llap/ctas_uses_database_location.q.out b/ql/src/test/results/clientpositive/llap/ctas_uses_database_location.q.out
index df6690a024..bc8f5f77ce 100644
--- a/ql/src/test/results/clientpositive/llap/ctas_uses_database_location.q.out
+++ b/ql/src/test/results/clientpositive/llap/ctas_uses_database_location.q.out
@@ -72,7 +72,7 @@ STAGE PLANS:
                           Statistics: Num rows: 1 Data size: 472 Basic stats: COMPLETE Column stats: COMPLETE
                           value expressions: _col0 (type: int), _col1 (type: struct<count:bigint,sum:double,input:int>), _col2 (type: bigint), _col3 (type: bigint), _col4 (type: binary), _col5 (type: int), _col6 (type: struct<count:bigint,sum:double,input:int>), _col7 (type: bigint), _col8 (type: binary)
             Execution mode: llap
-            LLAP IO: no inputs
+            LLAP IO: all inputs
         Reducer 2 
             Execution mode: llap
             Reduce Operator Tree:
diff --git a/ql/src/test/results/clientpositive/llap/cte_join.q.out b/ql/src/test/results/clientpositive/llap/cte_join.q.out
index 46c0ffffd3..e1642cba2f 100644
--- a/ql/src/test/results/clientpositive/llap/cte_join.q.out
+++ b/ql/src/test/results/clientpositive/llap/cte_join.q.out
@@ -191,7 +191,7 @@ STAGE PLANS:
                         Map-reduce partition columns: _col0 (type: int)
                         Statistics: Num rows: 1 Data size: 188 Basic stats: COMPLETE Column stats: NONE
             Execution mode: vectorized, llap
-            LLAP IO: no inputs
+            LLAP IO: all inputs
         Map 3 
             Map Operator Tree:
                 TableScan
@@ -213,7 +213,7 @@ STAGE PLANS:
                         Statistics: Num rows: 1 Data size: 188 Basic stats: COMPLETE Column stats: NONE
                         value expressions: _col1 (type: varchar(100))
             Execution mode: vectorized, llap
-            LLAP IO: no inputs
+            LLAP IO: all inputs
         Reducer 2 
             Execution mode: llap
             Reduce Operator Tree:
diff --git a/ql/src/test/results/clientpositive/llap/decimal_precision.q.out b/ql/src/test/results/clientpositive/llap/decimal_precision.q.out
index b650ebfab5..6cbef39db5 100644
--- a/ql/src/test/results/clientpositive/llap/decimal_precision.q.out
+++ b/ql/src/test/results/clientpositive/llap/decimal_precision.q.out
@@ -563,7 +563,7 @@ STAGE PLANS:
                         Statistics: Num rows: 1 Data size: 232 Basic stats: COMPLETE Column stats: NONE
                         value expressions: _col0 (type: decimal(30,10)), _col1 (type: bigint)
             Execution mode: vectorized, llap
-            LLAP IO: no inputs
+            LLAP IO: all inputs
         Reducer 2 
             Execution mode: vectorized, llap
             Reduce Operator Tree:
diff --git a/ql/src/test/results/clientpositive/llap/decimal_stats.q.out b/ql/src/test/results/clientpositive/llap/decimal_stats.q.out
index a5c84e4bd2..1fdf63f6b7 100644
--- a/ql/src/test/results/clientpositive/llap/decimal_stats.q.out
+++ b/ql/src/test/results/clientpositive/llap/decimal_stats.q.out
@@ -103,7 +103,7 @@ STAGE PLANS:
                         Statistics: Num rows: 500 Data size: 56112 Basic stats: COMPLETE Column stats: COMPLETE
                         value expressions: _col1 (type: decimal(5,0)), _col2 (type: decimal(10,0))
             Execution mode: vectorized, llap
-            LLAP IO: no inputs
+            LLAP IO: all inputs
         Reducer 2 
             Execution mode: vectorized, llap
             Reduce Operator Tree:
diff --git a/ql/src/test/results/clientpositive/llap/decimal_udf.q.out b/ql/src/test/results/clientpositive/llap/decimal_udf.q.out
index c2d1bc28d5..b420b21da8 100644
--- a/ql/src/test/results/clientpositive/llap/decimal_udf.q.out
+++ b/ql/src/test/results/clientpositive/llap/decimal_udf.q.out
@@ -1344,7 +1344,7 @@ STAGE PLANS:
                         Statistics: Num rows: 1 Data size: 116 Basic stats: COMPLETE Column stats: NONE
                         value expressions: _col1 (type: decimal(30,10)), _col2 (type: bigint)
             Execution mode: vectorized, llap
-            LLAP IO: no inputs
+            LLAP IO: all inputs
         Reducer 2 
             Execution mode: vectorized, llap
             Reduce Operator Tree:
@@ -1937,7 +1937,7 @@ STAGE PLANS:
                         Statistics: Num rows: 1 Data size: 116 Basic stats: COMPLETE Column stats: NONE
                         value expressions: _col1 (type: double), _col2 (type: double), _col3 (type: bigint)
             Execution mode: vectorized, llap
-            LLAP IO: no inputs
+            LLAP IO: all inputs
         Reducer 2 
             Execution mode: vectorized, llap
             Reduce Operator Tree:
@@ -2034,7 +2034,7 @@ STAGE PLANS:
                         Statistics: Num rows: 1 Data size: 116 Basic stats: COMPLETE Column stats: NONE
                         value expressions: _col1 (type: double), _col2 (type: double), _col3 (type: bigint)
             Execution mode: vectorized, llap
-            LLAP IO: no inputs
+            LLAP IO: all inputs
         Reducer 2 
             Execution mode: vectorized, llap
             Reduce Operator Tree:
@@ -2128,7 +2128,7 @@ STAGE PLANS:
                         Statistics: Num rows: 1 Data size: 272 Basic stats: COMPLETE Column stats: NONE
                         value expressions: _col0 (type: array<double>)
             Execution mode: llap
-            LLAP IO: no inputs
+            LLAP IO: all inputs
         Reducer 2 
             Execution mode: llap
             Reduce Operator Tree:
@@ -2201,7 +2201,7 @@ STAGE PLANS:
                         Statistics: Num rows: 1 Data size: 224 Basic stats: COMPLETE Column stats: NONE
                         value expressions: _col0 (type: decimal(20,10))
             Execution mode: vectorized, llap
-            LLAP IO: no inputs
+            LLAP IO: all inputs
         Reducer 2 
             Execution mode: vectorized, llap
             Reduce Operator Tree:
@@ -2274,7 +2274,7 @@ STAGE PLANS:
                         Statistics: Num rows: 1 Data size: 224 Basic stats: COMPLETE Column stats: NONE
                         value expressions: _col0 (type: decimal(20,10))
             Execution mode: vectorized, llap
-            LLAP IO: no inputs
+            LLAP IO: all inputs
         Reducer 2 
             Execution mode: vectorized, llap
             Reduce Operator Tree:
@@ -2347,7 +2347,7 @@ STAGE PLANS:
                         Statistics: Num rows: 1 Data size: 120 Basic stats: COMPLETE Column stats: NONE
                         value expressions: _col0 (type: bigint)
             Execution mode: vectorized, llap
-            LLAP IO: no inputs
+            LLAP IO: all inputs
         Reducer 2 
             Execution mode: vectorized, llap
             Reduce Operator Tree:
diff --git a/ql/src/test/results/clientpositive/llap/disable_merge_for_bucketing.q.out b/ql/src/test/results/clientpositive/llap/disable_merge_for_bucketing.q.out
index e0eee4664f..e8b1250dcb 100644
--- a/ql/src/test/results/clientpositive/llap/disable_merge_for_bucketing.q.out
+++ b/ql/src/test/results/clientpositive/llap/disable_merge_for_bucketing.q.out
@@ -56,7 +56,7 @@ STAGE PLANS:
                       value expressions: _col1 (type: string)
                       auto parallelism: false
             Execution mode: vectorized, llap
-            LLAP IO: no inputs
+            LLAP IO: all inputs
             Path -> Alias:
 #### A masked pattern was here ####
             Path -> Partition:
@@ -257,7 +257,7 @@ STAGE PLANS:
                         Statistics: Num rows: 250 Data size: 23750 Basic stats: COMPLETE Column stats: COMPLETE
                         value expressions: _col1 (type: string)
             Execution mode: vectorized, llap
-            LLAP IO: no inputs
+            LLAP IO: all inputs
         Reducer 2 
             Execution mode: vectorized, llap
             Reduce Operator Tree:
diff --git a/ql/src/test/results/clientpositive/llap/display_colstats_tbllvl.q.out b/ql/src/test/results/clientpositive/llap/display_colstats_tbllvl.q.out
index 3895392da7..453c3463f7 100644
--- a/ql/src/test/results/clientpositive/llap/display_colstats_tbllvl.q.out
+++ b/ql/src/test/results/clientpositive/llap/display_colstats_tbllvl.q.out
@@ -108,7 +108,7 @@ STAGE PLANS:
                         Statistics: Num rows: 1 Data size: 752 Basic stats: COMPLETE Column stats: NONE
                         value expressions: _col0 (type: int), _col1 (type: struct<count:bigint,sum:double,input:int>), _col2 (type: bigint), _col3 (type: bigint), _col4 (type: binary), _col5 (type: int), _col6 (type: int), _col7 (type: bigint), _col8 (type: binary), _col9 (type: float), _col10 (type: float), _col11 (type: bigint), _col12 (type: binary)
             Execution mode: llap
-            LLAP IO: no inputs
+            LLAP IO: all inputs
         Reducer 2 
             Execution mode: llap
             Reduce Operator Tree:
@@ -188,7 +188,7 @@ STAGE PLANS:
                         value expressions: _col0 (type: int), _col1 (type: struct<count:bigint,sum:double,input:int>), _col2 (type: bigint), _col3 (type: bigint), _col4 (type: binary), _col5 (type: int), _col6 (type: int), _col7 (type: bigint), _col8 (type: binary), _col9 (type: float), _col10 (type: float), _col11 (type: bigint), _col12 (type: binary)
                         auto parallelism: false
             Execution mode: llap
-            LLAP IO: no inputs
+            LLAP IO: all inputs
             Path -> Alias:
 #### A masked pattern was here ####
             Path -> Partition:
@@ -427,7 +427,7 @@ STAGE PLANS:
                         Statistics: Num rows: 1 Data size: 1024 Basic stats: COMPLETE Column stats: NONE
                         value expressions: _col0 (type: int), _col1 (type: int), _col2 (type: bigint), _col3 (type: bigint), _col4 (type: binary), _col5 (type: double), _col6 (type: double), _col7 (type: bigint), _col8 (type: binary), _col9 (type: int), _col10 (type: struct<count:bigint,sum:double,input:int>), _col11 (type: bigint), _col12 (type: binary), _col13 (type: bigint), _col14 (type: bigint), _col15 (type: bigint), _col16 (type: int), _col17 (type: struct<count:bigint,sum:double,input:int>), _col18 (type: bigint)
             Execution mode: llap
-            LLAP IO: no inputs
+            LLAP IO: all inputs
         Reducer 2 
             Execution mode: llap
             Reduce Operator Tree:
diff --git a/ql/src/test/results/clientpositive/llap/distinct_groupby.q.out b/ql/src/test/results/clientpositive/llap/distinct_groupby.q.out
index 8796d15234..0642aabad5 100644
--- a/ql/src/test/results/clientpositive/llap/distinct_groupby.q.out
+++ b/ql/src/test/results/clientpositive/llap/distinct_groupby.q.out
@@ -40,7 +40,7 @@ STAGE PLANS:
                         Map-reduce partition columns: _col0 (type: string)
                         Statistics: Num rows: 12 Data size: 2100 Basic stats: COMPLETE Column stats: COMPLETE
             Execution mode: vectorized, llap
-            LLAP IO: no inputs
+            LLAP IO: all inputs
         Reducer 2 
             Execution mode: vectorized, llap
             Reduce Operator Tree:
@@ -141,7 +141,7 @@ STAGE PLANS:
                         Statistics: Num rows: 250 Data size: 23750 Basic stats: COMPLETE Column stats: COMPLETE
                         value expressions: _col1 (type: bigint)
             Execution mode: vectorized, llap
-            LLAP IO: no inputs
+            LLAP IO: all inputs
         Reducer 2 
             Execution mode: vectorized, llap
             Reduce Operator Tree:
@@ -245,7 +245,7 @@ STAGE PLANS:
                           Statistics: Num rows: 1 Data size: 8 Basic stats: COMPLETE Column stats: COMPLETE
                           value expressions: _col0 (type: bigint)
             Execution mode: vectorized, llap
-            LLAP IO: no inputs
+            LLAP IO: all inputs
         Reducer 2 
             Execution mode: vectorized, llap
             Reduce Operator Tree:
@@ -320,7 +320,7 @@ STAGE PLANS:
                           Statistics: Num rows: 1 Data size: 8 Basic stats: COMPLETE Column stats: COMPLETE
                           value expressions: _col0 (type: bigint)
             Execution mode: vectorized, llap
-            LLAP IO: no inputs
+            LLAP IO: all inputs
         Reducer 2 
             Execution mode: vectorized, llap
             Reduce Operator Tree:
@@ -391,7 +391,7 @@ STAGE PLANS:
                         Statistics: Num rows: 1 Data size: 8 Basic stats: COMPLETE Column stats: COMPLETE
                         value expressions: _col0 (type: bigint)
             Execution mode: vectorized, llap
-            LLAP IO: no inputs
+            LLAP IO: all inputs
         Reducer 2 
             Execution mode: vectorized, llap
             Reduce Operator Tree:
@@ -471,7 +471,7 @@ STAGE PLANS:
                         Statistics: Num rows: 500 Data size: 89000 Basic stats: COMPLETE Column stats: COMPLETE
                         value expressions: _col1 (type: string)
             Execution mode: vectorized, llap
-            LLAP IO: no inputs
+            LLAP IO: all inputs
         Map 4 
             Map Operator Tree:
                 TableScan
@@ -493,7 +493,7 @@ STAGE PLANS:
                         Statistics: Num rows: 25 Data size: 4375 Basic stats: COMPLETE Column stats: COMPLETE
                         value expressions: _col1 (type: string)
             Execution mode: vectorized, llap
-            LLAP IO: no inputs
+            LLAP IO: all inputs
         Reducer 2 
             Execution mode: llap
             Reduce Operator Tree:
@@ -594,7 +594,7 @@ STAGE PLANS:
                         Statistics: Num rows: 6 Data size: 564 Basic stats: COMPLETE Column stats: COMPLETE
                         value expressions: _col1 (type: bigint)
             Execution mode: vectorized, llap
-            LLAP IO: no inputs
+            LLAP IO: all inputs
         Reducer 2 
             Execution mode: vectorized, llap
             Reduce Operator Tree:
@@ -693,7 +693,7 @@ STAGE PLANS:
                         Map-reduce partition columns: _col0 (type: string)
                         Statistics: Num rows: 12 Data size: 1032 Basic stats: COMPLETE Column stats: COMPLETE
             Execution mode: vectorized, llap
-            LLAP IO: no inputs
+            LLAP IO: all inputs
         Reducer 2 
             Execution mode: vectorized, llap
             Reduce Operator Tree:
@@ -782,7 +782,7 @@ STAGE PLANS:
                         Map-reduce partition columns: _col0 (type: string), _col1 (type: string)
                         Statistics: Num rows: 12 Data size: 2100 Basic stats: COMPLETE Column stats: COMPLETE
             Execution mode: vectorized, llap
-            LLAP IO: no inputs
+            LLAP IO: all inputs
         Reducer 2 
             Execution mode: vectorized, llap
             Reduce Operator Tree:
@@ -880,7 +880,7 @@ STAGE PLANS:
                         Statistics: Num rows: 6 Data size: 564 Basic stats: COMPLETE Column stats: COMPLETE
                         value expressions: _col1 (type: bigint)
             Execution mode: vectorized, llap
-            LLAP IO: no inputs
+            LLAP IO: all inputs
         Reducer 2 
             Execution mode: vectorized, llap
             Reduce Operator Tree:
@@ -981,7 +981,7 @@ STAGE PLANS:
                         Statistics: Num rows: 6 Data size: 564 Basic stats: COMPLETE Column stats: COMPLETE
                         value expressions: _col1 (type: bigint)
             Execution mode: vectorized, llap
-            LLAP IO: no inputs
+            LLAP IO: all inputs
         Reducer 2 
             Execution mode: vectorized, llap
             Reduce Operator Tree:
@@ -1058,7 +1058,7 @@ STAGE PLANS:
                         Map-reduce partition columns: _col0 (type: string), _col1 (type: string)
                         Statistics: Num rows: 12 Data size: 2100 Basic stats: COMPLETE Column stats: COMPLETE
             Execution mode: vectorized, llap
-            LLAP IO: no inputs
+            LLAP IO: all inputs
         Reducer 2 
             Execution mode: vectorized, llap
             Reduce Operator Tree:
@@ -1180,7 +1180,7 @@ STAGE PLANS:
                         Map-reduce partition columns: _col0 (type: string), _col1 (type: string)
                         Statistics: Num rows: 6 Data size: 1050 Basic stats: COMPLETE Column stats: COMPLETE
             Execution mode: vectorized, llap
-            LLAP IO: no inputs
+            LLAP IO: all inputs
         Reducer 2 
             Execution mode: vectorized, llap
             Reduce Operator Tree:
@@ -1256,7 +1256,7 @@ STAGE PLANS:
                         Map-reduce partition columns: _col0 (type: string)
                         Statistics: Num rows: 6 Data size: 516 Basic stats: COMPLETE Column stats: COMPLETE
             Execution mode: vectorized, llap
-            LLAP IO: no inputs
+            LLAP IO: all inputs
         Reducer 2 
             Execution mode: vectorized, llap
             Reduce Operator Tree:
@@ -1333,7 +1333,7 @@ STAGE PLANS:
                           Statistics: Num rows: 1 Data size: 8 Basic stats: COMPLETE Column stats: COMPLETE
                           value expressions: _col0 (type: bigint)
             Execution mode: vectorized, llap
-            LLAP IO: no inputs
+            LLAP IO: all inputs
         Reducer 2 
             Execution mode: vectorized, llap
             Reduce Operator Tree:
@@ -1399,7 +1399,7 @@ STAGE PLANS:
                     Statistics: Num rows: 25 Data size: 2150 Basic stats: COMPLETE Column stats: COMPLETE
                     value expressions: key (type: string)
             Execution mode: vectorized, llap
-            LLAP IO: no inputs
+            LLAP IO: all inputs
         Reducer 2 
             Execution mode: llap
             Reduce Operator Tree:
@@ -1508,7 +1508,7 @@ STAGE PLANS:
                     Statistics: Num rows: 25 Data size: 2150 Basic stats: COMPLETE Column stats: COMPLETE
                     value expressions: key (type: string)
             Execution mode: vectorized, llap
-            LLAP IO: no inputs
+            LLAP IO: all inputs
         Reducer 2 
             Execution mode: llap
             Reduce Operator Tree:
@@ -1617,7 +1617,7 @@ STAGE PLANS:
                     Statistics: Num rows: 25 Data size: 4375 Basic stats: COMPLETE Column stats: COMPLETE
                     value expressions: key (type: string)
             Execution mode: vectorized, llap
-            LLAP IO: no inputs
+            LLAP IO: all inputs
         Reducer 2 
             Execution mode: vectorized, llap
             Reduce Operator Tree:
@@ -1756,7 +1756,7 @@ STAGE PLANS:
                         Map-reduce partition columns: _col0 (type: string), _col1 (type: string)
                         Statistics: Num rows: 12 Data size: 2100 Basic stats: COMPLETE Column stats: COMPLETE
             Execution mode: vectorized, llap
-            LLAP IO: no inputs
+            LLAP IO: all inputs
         Reducer 2 
             Execution mode: vectorized, llap
             Reduce Operator Tree:
@@ -1880,7 +1880,7 @@ STAGE PLANS:
                     Statistics: Num rows: 25 Data size: 4375 Basic stats: COMPLETE Column stats: COMPLETE
                     value expressions: key (type: string)
             Execution mode: vectorized, llap
-            LLAP IO: no inputs
+            LLAP IO: all inputs
         Reducer 2 
             Execution mode: vectorized, llap
             Reduce Operator Tree:
@@ -2004,7 +2004,7 @@ STAGE PLANS:
                         Statistics: Num rows: 12 Data size: 1128 Basic stats: COMPLETE Column stats: COMPLETE
                         value expressions: _col1 (type: bigint)
             Execution mode: vectorized, llap
-            LLAP IO: no inputs
+            LLAP IO: all inputs
         Reducer 2 
             Execution mode: vectorized, llap
             Reduce Operator Tree:
@@ -2121,7 +2121,7 @@ STAGE PLANS:
                         Statistics: Num rows: 500 Data size: 89000 Basic stats: COMPLETE Column stats: COMPLETE
                         value expressions: _col1 (type: string)
             Execution mode: vectorized, llap
-            LLAP IO: no inputs
+            LLAP IO: all inputs
         Map 5 
             Map Operator Tree:
                 TableScan
@@ -2143,7 +2143,7 @@ STAGE PLANS:
                         Statistics: Num rows: 25 Data size: 4375 Basic stats: COMPLETE Column stats: COMPLETE
                         value expressions: _col1 (type: string)
             Execution mode: vectorized, llap
-            LLAP IO: no inputs
+            LLAP IO: all inputs
         Reducer 2 
             Execution mode: llap
             Reduce Operator Tree:
@@ -2273,7 +2273,7 @@ STAGE PLANS:
                         Map-reduce partition columns: _col0 (type: string), _col1 (type: string)
                         Statistics: Num rows: 12 Data size: 2100 Basic stats: COMPLETE Column stats: COMPLETE
             Execution mode: vectorized, llap
-            LLAP IO: no inputs
+            LLAP IO: all inputs
         Reducer 2 
             Execution mode: vectorized, llap
             Reduce Operator Tree:
diff --git a/ql/src/test/results/clientpositive/llap/distinct_stats.q.out b/ql/src/test/results/clientpositive/llap/distinct_stats.q.out
index c3c55e8029..e8465bc8ad 100644
--- a/ql/src/test/results/clientpositive/llap/distinct_stats.q.out
+++ b/ql/src/test/results/clientpositive/llap/distinct_stats.q.out
@@ -70,7 +70,7 @@ STAGE PLANS:
                         Map-reduce partition columns: _col0 (type: string)
                         Statistics: Num rows: 250 Data size: 44500 Basic stats: COMPLETE Column stats: COMPLETE
             Execution mode: vectorized, llap
-            LLAP IO: no inputs
+            LLAP IO: all inputs
         Reducer 2 
             Execution mode: vectorized, llap
             Reduce Operator Tree:
@@ -147,7 +147,7 @@ STAGE PLANS:
                         Map-reduce partition columns: _col0 (type: string)
                         Statistics: Num rows: 250 Data size: 22750 Basic stats: COMPLETE Column stats: COMPLETE
             Execution mode: vectorized, llap
-            LLAP IO: no inputs
+            LLAP IO: all inputs
         Reducer 2 
             Execution mode: vectorized, llap
             Reduce Operator Tree:
@@ -216,7 +216,7 @@ STAGE PLANS:
                         Statistics: Num rows: 250 Data size: 23750 Basic stats: COMPLETE Column stats: COMPLETE
                         value expressions: _col1 (type: bigint)
             Execution mode: vectorized, llap
-            LLAP IO: no inputs
+            LLAP IO: all inputs
         Reducer 2 
             Execution mode: vectorized, llap
             Reduce Operator Tree:
diff --git a/ql/src/test/results/clientpositive/llap/distinct_windowing.q.out b/ql/src/test/results/clientpositive/llap/distinct_windowing.q.out
index 04ca91eafc..ca6f12cd35 100644
--- a/ql/src/test/results/clientpositive/llap/distinct_windowing.q.out
+++ b/ql/src/test/results/clientpositive/llap/distinct_windowing.q.out
@@ -89,7 +89,7 @@ STAGE PLANS:
                     Statistics: Num rows: 1 Data size: 12 Basic stats: COMPLETE Column stats: NONE
                     value expressions: t (type: tinyint)
             Execution mode: vectorized, llap
-            LLAP IO: no inputs
+            LLAP IO: all inputs
         Reducer 2 
             Execution mode: vectorized, llap
             Reduce Operator Tree:
@@ -246,7 +246,7 @@ STAGE PLANS:
                     Map-reduce partition columns: si (type: smallint)
                     Statistics: Num rows: 1 Data size: 8 Basic stats: COMPLETE Column stats: NONE
             Execution mode: vectorized, llap
-            LLAP IO: no inputs
+            LLAP IO: all inputs
         Reducer 2 
             Execution mode: vectorized, llap
             Reduce Operator Tree:
@@ -406,7 +406,7 @@ STAGE PLANS:
                     Statistics: Num rows: 1 Data size: 12 Basic stats: COMPLETE Column stats: NONE
                     value expressions: t (type: tinyint)
             Execution mode: vectorized, llap
-            LLAP IO: no inputs
+            LLAP IO: all inputs
         Reducer 2 
             Execution mode: vectorized, llap
             Reduce Operator Tree:
diff --git a/ql/src/test/results/clientpositive/llap/distinct_windowing_no_cbo.q.out b/ql/src/test/results/clientpositive/llap/distinct_windowing_no_cbo.q.out
index 458f40fdff..ad8e1b100b 100644
--- a/ql/src/test/results/clientpositive/llap/distinct_windowing_no_cbo.q.out
+++ b/ql/src/test/results/clientpositive/llap/distinct_windowing_no_cbo.q.out
@@ -89,7 +89,7 @@ STAGE PLANS:
                     Statistics: Num rows: 1 Data size: 12 Basic stats: COMPLETE Column stats: NONE
                     value expressions: t (type: tinyint)
             Execution mode: vectorized, llap
-            LLAP IO: no inputs
+            LLAP IO: all inputs
         Reducer 2 
             Execution mode: vectorized, llap
             Reduce Operator Tree:
@@ -246,7 +246,7 @@ STAGE PLANS:
                     Map-reduce partition columns: si (type: smallint)
                     Statistics: Num rows: 1 Data size: 8 Basic stats: COMPLETE Column stats: NONE
             Execution mode: vectorized, llap
-            LLAP IO: no inputs
+            LLAP IO: all inputs
         Reducer 2 
             Execution mode: vectorized, llap
             Reduce Operator Tree:
@@ -406,7 +406,7 @@ STAGE PLANS:
                     Statistics: Num rows: 1 Data size: 12 Basic stats: COMPLETE Column stats: NONE
                     value expressions: t (type: tinyint)
             Execution mode: vectorized, llap
-            LLAP IO: no inputs
+            LLAP IO: all inputs
         Reducer 2 
             Execution mode: vectorized, llap
             Reduce Operator Tree:
@@ -625,7 +625,7 @@ STAGE PLANS:
                         Statistics: Num rows: 1 Data size: 8 Basic stats: COMPLETE Column stats: NONE
                         value expressions: _col1 (type: float)
             Execution mode: vectorized, llap
-            LLAP IO: no inputs
+            LLAP IO: all inputs
         Reducer 2 
             Execution mode: vectorized, llap
             Reduce Operator Tree:
@@ -822,7 +822,7 @@ STAGE PLANS:
                     Map-reduce partition columns: si (type: smallint)
                     Statistics: Num rows: 1 Data size: 8 Basic stats: COMPLETE Column stats: NONE
             Execution mode: vectorized, llap
-            LLAP IO: no inputs
+            LLAP IO: all inputs
         Reducer 2 
             Execution mode: vectorized, llap
             Reduce Operator Tree:
diff --git a/ql/src/test/results/clientpositive/llap/dpp.q.out b/ql/src/test/results/clientpositive/llap/dpp.q.out
index c852211fa1..ef0a224cda 100644
--- a/ql/src/test/results/clientpositive/llap/dpp.q.out
+++ b/ql/src/test/results/clientpositive/llap/dpp.q.out
@@ -221,7 +221,7 @@ STAGE PLANS:
                           Statistics: Num rows: 1 Data size: 184 Basic stats: COMPLETE Column stats: COMPLETE
                           Target Vertex: Map 8
             Execution mode: vectorized, llap
-            LLAP IO: no inputs
+            LLAP IO: all inputs
         Map 5 
             Map Operator Tree:
                 TableScan
@@ -255,7 +255,7 @@ STAGE PLANS:
                           Statistics: Num rows: 1 Data size: 184 Basic stats: COMPLETE Column stats: COMPLETE
                           Target Vertex: Map 8
             Execution mode: vectorized, llap
-            LLAP IO: no inputs
+            LLAP IO: all inputs
         Map 6 
             Map Operator Tree:
                 TableScan
@@ -276,7 +276,7 @@ STAGE PLANS:
                         Map-reduce partition columns: _col0 (type: string)
                         Statistics: Num rows: 6 Data size: 624 Basic stats: COMPLETE Column stats: COMPLETE
             Execution mode: vectorized, llap
-            LLAP IO: no inputs
+            LLAP IO: all inputs
         Map 8 
             Map Operator Tree:
                 TableScan
@@ -294,7 +294,7 @@ STAGE PLANS:
                       Map-reduce partition columns: _col0 (type: string)
                       Statistics: Num rows: 6 Data size: 624 Basic stats: COMPLETE Column stats: COMPLETE
             Execution mode: vectorized, llap
-            LLAP IO: no inputs
+            LLAP IO: all inputs
         Reducer 3 
             Execution mode: llap
             Reduce Operator Tree:
diff --git a/ql/src/test/results/clientpositive/llap/dynamic_partition_join_noncbo.q.out b/ql/src/test/results/clientpositive/llap/dynamic_partition_join_noncbo.q.out
index 3c6625392f..07b9c589f6 100644
--- a/ql/src/test/results/clientpositive/llap/dynamic_partition_join_noncbo.q.out
+++ b/ql/src/test/results/clientpositive/llap/dynamic_partition_join_noncbo.q.out
@@ -2556,7 +2556,7 @@ STAGE PLANS:
                       Statistics: Num rows: 1 Data size: 368 Basic stats: COMPLETE Column stats: NONE
                       value expressions: col79 (type: string)
             Execution mode: vectorized, llap
-            LLAP IO: no inputs
+            LLAP IO: all inputs
         Map 2 
             Map Operator Tree:
                 TableScan
@@ -2589,7 +2589,7 @@ STAGE PLANS:
                           Map-reduce partition columns: _col0 (type: string), _col1 (type: string), _col2 (type: bigint)
                           Statistics: Num rows: 139943033 Data size: 26813085279 Basic stats: COMPLETE Column stats: NONE
             Execution mode: vectorized, llap
-            LLAP IO: no inputs
+            LLAP IO: all inputs
         Map 5 
             Map Operator Tree:
                 TableScan
@@ -2639,7 +2639,7 @@ STAGE PLANS:
                         Statistics: Num rows: 15021067 Data size: 124591407923 Basic stats: COMPLETE Column stats: NONE
                         value expressions: _col9 (type: string), _col30 (type: bigint)
             Execution mode: vectorized, llap
-            LLAP IO: no inputs
+            LLAP IO: all inputs
         Map 7 
             Map Operator Tree:
                 TableScan
diff --git a/ql/src/test/results/clientpositive/llap/dynamic_partition_pruning.q.out b/ql/src/test/results/clientpositive/llap/dynamic_partition_pruning.q.out
index 7c8e269a2f..0314120d04 100644
--- a/ql/src/test/results/clientpositive/llap/dynamic_partition_pruning.q.out
+++ b/ql/src/test/results/clientpositive/llap/dynamic_partition_pruning.q.out
@@ -90,7 +90,7 @@ STAGE PLANS:
                         Map-reduce partition columns: _col0 (type: string)
                         Statistics: Num rows: 2 Data size: 368 Basic stats: COMPLETE Column stats: COMPLETE
             Execution mode: llap
-            LLAP IO: no inputs
+            LLAP IO: all inputs
         Reducer 2 
             Execution mode: llap
             Reduce Operator Tree:
@@ -301,7 +301,7 @@ STAGE PLANS:
                       Map-reduce partition columns: _col0 (type: string)
                       Statistics: Num rows: 2000 Data size: 368000 Basic stats: COMPLETE Column stats: COMPLETE
             Execution mode: llap
-            LLAP IO: no inputs
+            LLAP IO: all inputs
         Map 4 
             Map Operator Tree:
                 TableScan
@@ -338,7 +338,7 @@ STAGE PLANS:
                             Statistics: Num rows: 1 Data size: 94 Basic stats: COMPLETE Column stats: COMPLETE
                             Target Vertex: Map 1
             Execution mode: llap
-            LLAP IO: no inputs
+            LLAP IO: all inputs
         Reducer 2 
             Execution mode: llap
             Reduce Operator Tree:
@@ -449,7 +449,7 @@ STAGE PLANS:
                       Map-reduce partition columns: _col0 (type: string)
                       Statistics: Num rows: 2000 Data size: 368000 Basic stats: COMPLETE Column stats: COMPLETE
             Execution mode: llap
-            LLAP IO: no inputs
+            LLAP IO: all inputs
         Map 4 
             Map Operator Tree:
                 TableScan
@@ -470,7 +470,7 @@ STAGE PLANS:
                         Map-reduce partition columns: _col0 (type: string)
                         Statistics: Num rows: 1 Data size: 94 Basic stats: COMPLETE Column stats: COMPLETE
             Execution mode: llap
-            LLAP IO: no inputs
+            LLAP IO: all inputs
         Reducer 2 
             Execution mode: llap
             Reduce Operator Tree:
@@ -597,7 +597,7 @@ STAGE PLANS:
                         Map-reduce partition columns: _col0 (type: int)
                         Statistics: Num rows: 2000 Data size: 8000 Basic stats: COMPLETE Column stats: COMPLETE
             Execution mode: llap
-            LLAP IO: no inputs
+            LLAP IO: all inputs
         Map 4 
             Map Operator Tree:
                 TableScan
@@ -634,7 +634,7 @@ STAGE PLANS:
                             Statistics: Num rows: 1 Data size: 4 Basic stats: COMPLETE Column stats: COMPLETE
                             Target Vertex: Map 1
             Execution mode: llap
-            LLAP IO: no inputs
+            LLAP IO: all inputs
         Reducer 2 
             Execution mode: llap
             Reduce Operator Tree:
@@ -748,7 +748,7 @@ STAGE PLANS:
                         Map-reduce partition columns: _col0 (type: int)
                         Statistics: Num rows: 2000 Data size: 8000 Basic stats: COMPLETE Column stats: COMPLETE
             Execution mode: llap
-            LLAP IO: no inputs
+            LLAP IO: all inputs
         Map 4 
             Map Operator Tree:
                 TableScan
@@ -769,7 +769,7 @@ STAGE PLANS:
                         Map-reduce partition columns: _col0 (type: int)
                         Statistics: Num rows: 1 Data size: 4 Basic stats: COMPLETE Column stats: COMPLETE
             Execution mode: llap
-            LLAP IO: no inputs
+            LLAP IO: all inputs
         Reducer 2 
             Execution mode: llap
             Reduce Operator Tree:
@@ -885,7 +885,7 @@ STAGE PLANS:
                       Statistics: Num rows: 2000 Data size: 736000 Basic stats: COMPLETE Column stats: COMPLETE
                       value expressions: _col1 (type: string)
             Execution mode: llap
-            LLAP IO: no inputs
+            LLAP IO: all inputs
         Map 5 
             Map Operator Tree:
                 TableScan
@@ -922,7 +922,7 @@ STAGE PLANS:
                             Statistics: Num rows: 1 Data size: 94 Basic stats: COMPLETE Column stats: COMPLETE
                             Target Vertex: Map 1
             Execution mode: llap
-            LLAP IO: no inputs
+            LLAP IO: all inputs
         Map 6 
             Map Operator Tree:
                 TableScan
@@ -959,7 +959,7 @@ STAGE PLANS:
                             Statistics: Num rows: 1 Data size: 86 Basic stats: COMPLETE Column stats: COMPLETE
                             Target Vertex: Map 1
             Execution mode: llap
-            LLAP IO: no inputs
+            LLAP IO: all inputs
         Reducer 2 
             Execution mode: llap
             Reduce Operator Tree:
@@ -1097,7 +1097,7 @@ STAGE PLANS:
                       Statistics: Num rows: 2000 Data size: 736000 Basic stats: COMPLETE Column stats: COMPLETE
                       value expressions: _col1 (type: string)
             Execution mode: llap
-            LLAP IO: no inputs
+            LLAP IO: all inputs
         Map 5 
             Map Operator Tree:
                 TableScan
@@ -1118,7 +1118,7 @@ STAGE PLANS:
                         Map-reduce partition columns: _col0 (type: string)
                         Statistics: Num rows: 1 Data size: 94 Basic stats: COMPLETE Column stats: COMPLETE
             Execution mode: llap
-            LLAP IO: no inputs
+            LLAP IO: all inputs
         Map 6 
             Map Operator Tree:
                 TableScan
@@ -1139,7 +1139,7 @@ STAGE PLANS:
                         Map-reduce partition columns: _col0 (type: string)
                         Statistics: Num rows: 1 Data size: 86 Basic stats: COMPLETE Column stats: COMPLETE
             Execution mode: llap
-            LLAP IO: no inputs
+            LLAP IO: all inputs
         Reducer 2 
             Execution mode: llap
             Reduce Operator Tree:
@@ -1281,7 +1281,7 @@ STAGE PLANS:
                       Map-reduce partition columns: _col0 (type: string), _col1 (type: string)
                       Statistics: Num rows: 2000 Data size: 736000 Basic stats: COMPLETE Column stats: COMPLETE
             Execution mode: llap
-            LLAP IO: no inputs
+            LLAP IO: all inputs
         Map 4 
             Map Operator Tree:
                 TableScan
@@ -1334,7 +1334,7 @@ STAGE PLANS:
                             Statistics: Num rows: 1 Data size: 86 Basic stats: COMPLETE Column stats: COMPLETE
                             Target Vertex: Map 1
             Execution mode: llap
-            LLAP IO: no inputs
+            LLAP IO: all inputs
         Reducer 2 
             Execution mode: llap
             Reduce Operator Tree:
@@ -1445,7 +1445,7 @@ STAGE PLANS:
                       Map-reduce partition columns: _col0 (type: string), _col1 (type: string)
                       Statistics: Num rows: 2000 Data size: 736000 Basic stats: COMPLETE Column stats: COMPLETE
             Execution mode: llap
-            LLAP IO: no inputs
+            LLAP IO: all inputs
         Map 4 
             Map Operator Tree:
                 TableScan
@@ -1466,7 +1466,7 @@ STAGE PLANS:
                         Map-reduce partition columns: _col0 (type: string), _col1 (type: string)
                         Statistics: Num rows: 1 Data size: 180 Basic stats: COMPLETE Column stats: COMPLETE
             Execution mode: llap
-            LLAP IO: no inputs
+            LLAP IO: all inputs
         Reducer 2 
             Execution mode: llap
             Reduce Operator Tree:
@@ -1588,7 +1588,7 @@ STAGE PLANS:
                       Map-reduce partition columns: _col0 (type: string)
                       Statistics: Num rows: 2000 Data size: 368000 Basic stats: COMPLETE Column stats: COMPLETE
             Execution mode: llap
-            LLAP IO: no inputs
+            LLAP IO: all inputs
         Map 4 
             Map Operator Tree:
                 TableScan
@@ -1625,7 +1625,7 @@ STAGE PLANS:
                             Statistics: Num rows: 1 Data size: 94 Basic stats: COMPLETE Column stats: COMPLETE
                             Target Vertex: Map 1
             Execution mode: llap
-            LLAP IO: no inputs
+            LLAP IO: all inputs
         Reducer 2 
             Execution mode: llap
             Reduce Operator Tree:
@@ -1736,7 +1736,7 @@ STAGE PLANS:
                       Map-reduce partition columns: _col0 (type: string)
                       Statistics: Num rows: 2000 Data size: 368000 Basic stats: COMPLETE Column stats: COMPLETE
             Execution mode: llap
-            LLAP IO: no inputs
+            LLAP IO: all inputs
         Map 4 
             Map Operator Tree:
                 TableScan
@@ -1757,7 +1757,7 @@ STAGE PLANS:
                         Map-reduce partition columns: _col0 (type: string)
                         Statistics: Num rows: 1 Data size: 94 Basic stats: COMPLETE Column stats: COMPLETE
             Execution mode: llap
-            LLAP IO: no inputs
+            LLAP IO: all inputs
         Reducer 2 
             Execution mode: llap
             Reduce Operator Tree:
@@ -1880,7 +1880,7 @@ STAGE PLANS:
                         Map-reduce partition columns: _col0 (type: double)
                         Statistics: Num rows: 2000 Data size: 16000 Basic stats: COMPLETE Column stats: COMPLETE
             Execution mode: llap
-            LLAP IO: no inputs
+            LLAP IO: all inputs
         Map 4 
             Map Operator Tree:
                 TableScan
@@ -1917,7 +1917,7 @@ STAGE PLANS:
                             Statistics: Num rows: 1 Data size: 8 Basic stats: COMPLETE Column stats: COMPLETE
                             Target Vertex: Map 1
             Execution mode: llap
-            LLAP IO: no inputs
+            LLAP IO: all inputs
         Reducer 2 
             Execution mode: llap
             Reduce Operator Tree:
@@ -2031,7 +2031,7 @@ STAGE PLANS:
                         Map-reduce partition columns: _col0 (type: double)
                         Statistics: Num rows: 2000 Data size: 16000 Basic stats: COMPLETE Column stats: COMPLETE
             Execution mode: llap
-            LLAP IO: no inputs
+            LLAP IO: all inputs
         Map 4 
             Map Operator Tree:
                 TableScan
@@ -2068,7 +2068,7 @@ STAGE PLANS:
                             Statistics: Num rows: 1 Data size: 8 Basic stats: COMPLETE Column stats: COMPLETE
                             Target Vertex: Map 1
             Execution mode: llap
-            LLAP IO: no inputs
+            LLAP IO: all inputs
         Reducer 2 
             Execution mode: llap
             Reduce Operator Tree:
@@ -2182,7 +2182,7 @@ STAGE PLANS:
                         Map-reduce partition columns: _col0 (type: double)
                         Statistics: Num rows: 2000 Data size: 16000 Basic stats: COMPLETE Column stats: COMPLETE
             Execution mode: llap
-            LLAP IO: no inputs
+            LLAP IO: all inputs
         Map 4 
             Map Operator Tree:
                 TableScan
@@ -2203,7 +2203,7 @@ STAGE PLANS:
                         Map-reduce partition columns: _col0 (type: double)
                         Statistics: Num rows: 1 Data size: 8 Basic stats: COMPLETE Column stats: COMPLETE
             Execution mode: llap
-            LLAP IO: no inputs
+            LLAP IO: all inputs
         Reducer 2 
             Execution mode: llap
             Reduce Operator Tree:
@@ -2317,7 +2317,7 @@ STAGE PLANS:
                         Map-reduce partition columns: _col0 (type: double)
                         Statistics: Num rows: 2000 Data size: 16000 Basic stats: COMPLETE Column stats: COMPLETE
             Execution mode: llap
-            LLAP IO: no inputs
+            LLAP IO: all inputs
         Map 4 
             Map Operator Tree:
                 TableScan
@@ -2338,7 +2338,7 @@ STAGE PLANS:
                         Map-reduce partition columns: _col0 (type: double)
                         Statistics: Num rows: 1 Data size: 8 Basic stats: COMPLETE Column stats: COMPLETE
             Execution mode: llap
-            LLAP IO: no inputs
+            LLAP IO: all inputs
         Reducer 2 
             Execution mode: llap
             Reduce Operator Tree:
@@ -2465,7 +2465,7 @@ STAGE PLANS:
                         Map-reduce partition columns: _col0 (type: string)
                         Statistics: Num rows: 2000 Data size: 368000 Basic stats: COMPLETE Column stats: COMPLETE
             Execution mode: llap
-            LLAP IO: no inputs
+            LLAP IO: all inputs
         Map 4 
             Map Operator Tree:
                 TableScan
@@ -2502,7 +2502,7 @@ STAGE PLANS:
                             Statistics: Num rows: 1 Data size: 184 Basic stats: COMPLETE Column stats: COMPLETE
                             Target Vertex: Map 1
             Execution mode: llap
-            LLAP IO: no inputs
+            LLAP IO: all inputs
         Reducer 2 
             Execution mode: llap
             Reduce Operator Tree:
@@ -2630,7 +2630,7 @@ STAGE PLANS:
                         Map-reduce partition columns: _col0 (type: boolean)
                         Statistics: Num rows: 1 Data size: 4 Basic stats: COMPLETE Column stats: COMPLETE
             Execution mode: llap
-            LLAP IO: no inputs
+            LLAP IO: all inputs
         Reducer 2 
             Execution mode: llap
             Reduce Operator Tree:
@@ -2762,7 +2762,7 @@ STAGE PLANS:
                       Statistics: Num rows: 2000 Data size: 736000 Basic stats: COMPLETE Column stats: COMPLETE
                       value expressions: _col0 (type: string), _col1 (type: string)
             Execution mode: llap
-            LLAP IO: no inputs
+            LLAP IO: all inputs
         Map 4 
             Map Operator Tree:
                 TableScan
@@ -2782,7 +2782,7 @@ STAGE PLANS:
                         Statistics: Num rows: 1 Data size: 180 Basic stats: COMPLETE Column stats: COMPLETE
                         value expressions: _col0 (type: string), _col1 (type: string)
             Execution mode: llap
-            LLAP IO: no inputs
+            LLAP IO: all inputs
         Reducer 2 
             Execution mode: llap
             Reduce Operator Tree:
@@ -2897,7 +2897,7 @@ STAGE PLANS:
                       Map-reduce partition columns: _col0 (type: string), _col1 (type: string)
                       Statistics: Num rows: 2000 Data size: 736000 Basic stats: COMPLETE Column stats: COMPLETE
             Execution mode: llap
-            LLAP IO: no inputs
+            LLAP IO: all inputs
         Map 4 
             Map Operator Tree:
                 TableScan
@@ -2950,7 +2950,7 @@ STAGE PLANS:
                             Statistics: Num rows: 1 Data size: 86 Basic stats: COMPLETE Column stats: COMPLETE
                             Target Vertex: Map 1
             Execution mode: llap
-            LLAP IO: no inputs
+            LLAP IO: all inputs
         Reducer 2 
             Execution mode: llap
             Reduce Operator Tree:
@@ -3061,7 +3061,7 @@ STAGE PLANS:
                       Map-reduce partition columns: _col0 (type: string)
                       Statistics: Num rows: 2000 Data size: 368000 Basic stats: COMPLETE Column stats: COMPLETE
             Execution mode: llap
-            LLAP IO: no inputs
+            LLAP IO: all inputs
         Map 4 
             Map Operator Tree:
                 TableScan
@@ -3098,7 +3098,7 @@ STAGE PLANS:
                             Statistics: Num rows: 1 Data size: 94 Basic stats: COMPLETE Column stats: COMPLETE
                             Target Vertex: Map 1
             Execution mode: llap
-            LLAP IO: no inputs
+            LLAP IO: all inputs
         Reducer 2 
             Execution mode: llap
             Reduce Operator Tree:
@@ -3209,7 +3209,7 @@ STAGE PLANS:
                             Statistics: Num rows: 1 Data size: 94 Basic stats: COMPLETE Column stats: COMPLETE
                             Target Vertex: Map 4
             Execution mode: llap
-            LLAP IO: no inputs
+            LLAP IO: all inputs
         Map 4 
             Map Operator Tree:
                 TableScan
@@ -3227,7 +3227,7 @@ STAGE PLANS:
                       Map-reduce partition columns: _col0 (type: string)
                       Statistics: Num rows: 2000 Data size: 368000 Basic stats: COMPLETE Column stats: COMPLETE
             Execution mode: llap
-            LLAP IO: no inputs
+            LLAP IO: all inputs
         Reducer 2 
             Execution mode: llap
             Reduce Operator Tree:
@@ -3319,7 +3319,7 @@ STAGE PLANS:
                       Map-reduce partition columns: _col0 (type: string)
                       Statistics: Num rows: 2000 Data size: 368000 Basic stats: COMPLETE Column stats: COMPLETE
             Execution mode: llap
-            LLAP IO: no inputs
+            LLAP IO: all inputs
         Map 4 
             Map Operator Tree:
                 TableScan
@@ -3356,7 +3356,7 @@ STAGE PLANS:
                             Statistics: Num rows: 1 Data size: 94 Basic stats: COMPLETE Column stats: COMPLETE
                             Target Vertex: Map 1
             Execution mode: llap
-            LLAP IO: no inputs
+            LLAP IO: all inputs
         Reducer 2 
             Execution mode: llap
             Reduce Operator Tree:
@@ -3449,7 +3449,7 @@ STAGE PLANS:
                       Statistics: Num rows: 1000 Data size: 368000 Basic stats: COMPLETE Column stats: COMPLETE
                       value expressions: _col1 (type: string)
             Execution mode: llap
-            LLAP IO: no inputs
+            LLAP IO: all inputs
         Map 5 
             Map Operator Tree:
                 TableScan
@@ -3486,7 +3486,7 @@ STAGE PLANS:
                             Statistics: Num rows: 1 Data size: 94 Basic stats: COMPLETE Column stats: COMPLETE
                             Target Vertex: Map 1
             Execution mode: llap
-            LLAP IO: no inputs
+            LLAP IO: all inputs
         Map 6 
             Map Operator Tree:
                 TableScan
@@ -3523,7 +3523,7 @@ STAGE PLANS:
                             Statistics: Num rows: 1 Data size: 86 Basic stats: COMPLETE Column stats: COMPLETE
                             Target Vertex: Map 1
             Execution mode: llap
-            LLAP IO: no inputs
+            LLAP IO: all inputs
         Reducer 2 
             Execution mode: llap
             Reduce Operator Tree:
@@ -3673,7 +3673,7 @@ STAGE PLANS:
                         Map-reduce partition columns: _col0 (type: string)
                         Statistics: Num rows: 1 Data size: 94 Basic stats: COMPLETE Column stats: COMPLETE
             Execution mode: llap
-            LLAP IO: no inputs
+            LLAP IO: all inputs
         Map 6 
             Map Operator Tree:
                 TableScan
@@ -3694,7 +3694,7 @@ STAGE PLANS:
                         Map-reduce partition columns: _col0 (type: string)
                         Statistics: Num rows: 1 Data size: 86 Basic stats: COMPLETE Column stats: COMPLETE
             Execution mode: llap
-            LLAP IO: no inputs
+            LLAP IO: all inputs
         Reducer 2 
             Execution mode: llap
             Reduce Operator Tree:
@@ -3818,7 +3818,7 @@ STAGE PLANS:
                       Map-reduce partition columns: _col0 (type: string)
                       Statistics: Num rows: 2000 Data size: 368000 Basic stats: COMPLETE Column stats: COMPLETE
             Execution mode: llap
-            LLAP IO: no inputs
+            LLAP IO: all inputs
         Map 4 
             Map Operator Tree:
                 TableScan
@@ -3840,7 +3840,7 @@ STAGE PLANS:
                         Statistics: Num rows: 1 Data size: 184 Basic stats: COMPLETE Column stats: COMPLETE
                         value expressions: _col0 (type: string)
             Execution mode: llap
-            LLAP IO: no inputs
+            LLAP IO: all inputs
         Map 7 
             Map Operator Tree:
                 TableScan
@@ -3862,7 +3862,7 @@ STAGE PLANS:
                         Statistics: Num rows: 1 Data size: 184 Basic stats: COMPLETE Column stats: COMPLETE
                         value expressions: _col0 (type: string)
             Execution mode: llap
-            LLAP IO: no inputs
+            LLAP IO: all inputs
         Reducer 2 
             Execution mode: llap
             Reduce Operator Tree:
@@ -4051,7 +4051,7 @@ STAGE PLANS:
                       Map-reduce partition columns: _col0 (type: string)
                       Statistics: Num rows: 2000 Data size: 368000 Basic stats: COMPLETE Column stats: COMPLETE
             Execution mode: llap
-            LLAP IO: no inputs
+            LLAP IO: all inputs
         Map 4 
             Map Operator Tree:
                 TableScan
@@ -4073,7 +4073,7 @@ STAGE PLANS:
                         Statistics: Num rows: 1 Data size: 184 Basic stats: COMPLETE Column stats: COMPLETE
                         value expressions: _col0 (type: string)
             Execution mode: llap
-            LLAP IO: no inputs
+            LLAP IO: all inputs
         Map 7 
             Map Operator Tree:
                 TableScan
@@ -4095,7 +4095,7 @@ STAGE PLANS:
                         Statistics: Num rows: 1 Data size: 184 Basic stats: COMPLETE Column stats: COMPLETE
                         value expressions: _col0 (type: string)
             Execution mode: llap
-            LLAP IO: no inputs
+            LLAP IO: all inputs
         Reducer 2 
             Execution mode: llap
             Reduce Operator Tree:
@@ -4290,7 +4290,7 @@ STAGE PLANS:
                       Map-reduce partition columns: _col0 (type: string)
                       Statistics: Num rows: 2 Data size: 368 Basic stats: COMPLETE Column stats: COMPLETE
             Execution mode: llap
-            LLAP IO: no inputs
+            LLAP IO: all inputs
         Map 10 
             Map Operator Tree:
                 TableScan
@@ -4312,7 +4312,7 @@ STAGE PLANS:
                         Statistics: Num rows: 1 Data size: 184 Basic stats: COMPLETE Column stats: COMPLETE
                         value expressions: _col0 (type: string)
             Execution mode: llap
-            LLAP IO: no inputs
+            LLAP IO: all inputs
         Map 5 
             Map Operator Tree:
                 TableScan
@@ -4332,7 +4332,7 @@ STAGE PLANS:
                       Map-reduce partition columns: _col0 (type: string)
                       Statistics: Num rows: 2 Data size: 368 Basic stats: COMPLETE Column stats: COMPLETE
             Execution mode: llap
-            LLAP IO: no inputs
+            LLAP IO: all inputs
         Map 7 
             Map Operator Tree:
                 TableScan
@@ -4354,7 +4354,7 @@ STAGE PLANS:
                         Statistics: Num rows: 1 Data size: 184 Basic stats: COMPLETE Column stats: COMPLETE
                         value expressions: _col0 (type: string)
             Execution mode: llap
-            LLAP IO: no inputs
+            LLAP IO: all inputs
         Reducer 11 
             Execution mode: llap
             Reduce Operator Tree:
@@ -4604,7 +4604,7 @@ STAGE PLANS:
                           Statistics: Num rows: 1 Data size: 8 Basic stats: COMPLETE Column stats: COMPLETE
                           value expressions: _col0 (type: bigint)
             Execution mode: llap
-            LLAP IO: no inputs
+            LLAP IO: all inputs
         Map 3 
             Map Operator Tree:
                 TableScan
@@ -4641,7 +4641,7 @@ STAGE PLANS:
                             Statistics: Num rows: 1 Data size: 94 Basic stats: COMPLETE Column stats: COMPLETE
                             Target Vertex: Map 1
             Execution mode: llap
-            LLAP IO: no inputs
+            LLAP IO: all inputs
         Reducer 2 
             Execution mode: llap
             Reduce Operator Tree:
@@ -4761,7 +4761,7 @@ STAGE PLANS:
                             Statistics: Num rows: 1 Data size: 8 Basic stats: COMPLETE Column stats: COMPLETE
                             value expressions: _col0 (type: bigint)
             Execution mode: llap
-            LLAP IO: no inputs
+            LLAP IO: all inputs
         Map 3 
             Map Operator Tree:
                 TableScan
@@ -4798,7 +4798,7 @@ STAGE PLANS:
                             Statistics: Num rows: 1 Data size: 4 Basic stats: COMPLETE Column stats: COMPLETE
                             Target Vertex: Map 1
             Execution mode: llap
-            LLAP IO: no inputs
+            LLAP IO: all inputs
         Reducer 2 
             Execution mode: llap
             Reduce Operator Tree:
@@ -4915,7 +4915,7 @@ STAGE PLANS:
                             Statistics: Num rows: 1 Data size: 8 Basic stats: COMPLETE Column stats: COMPLETE
                             value expressions: _col0 (type: bigint)
             Execution mode: llap
-            LLAP IO: no inputs
+            LLAP IO: all inputs
         Map 3 
             Map Operator Tree:
                 TableScan
@@ -4952,7 +4952,7 @@ STAGE PLANS:
                             Statistics: Num rows: 1 Data size: 94 Basic stats: COMPLETE Column stats: COMPLETE
                             Target Vertex: Map 1
             Execution mode: llap
-            LLAP IO: no inputs
+            LLAP IO: all inputs
         Map 4 
             Map Operator Tree:
                 TableScan
@@ -4989,7 +4989,7 @@ STAGE PLANS:
                             Statistics: Num rows: 1 Data size: 86 Basic stats: COMPLETE Column stats: COMPLETE
                             Target Vertex: Map 1
             Execution mode: llap
-            LLAP IO: no inputs
+            LLAP IO: all inputs
         Reducer 2 
             Execution mode: llap
             Reduce Operator Tree:
@@ -5107,7 +5107,7 @@ STAGE PLANS:
                           Statistics: Num rows: 1 Data size: 8 Basic stats: COMPLETE Column stats: COMPLETE
                           value expressions: _col0 (type: bigint)
             Execution mode: llap
-            LLAP IO: no inputs
+            LLAP IO: all inputs
         Map 3 
             Map Operator Tree:
                 TableScan
@@ -5160,7 +5160,7 @@ STAGE PLANS:
                             Statistics: Num rows: 1 Data size: 86 Basic stats: COMPLETE Column stats: COMPLETE
                             Target Vertex: Map 1
             Execution mode: llap
-            LLAP IO: no inputs
+            LLAP IO: all inputs
         Reducer 2 
             Execution mode: llap
             Reduce Operator Tree:
@@ -5275,7 +5275,7 @@ STAGE PLANS:
                           Statistics: Num rows: 1 Data size: 8 Basic stats: COMPLETE Column stats: COMPLETE
                           value expressions: _col0 (type: bigint)
             Execution mode: llap
-            LLAP IO: no inputs
+            LLAP IO: all inputs
         Map 3 
             Map Operator Tree:
                 TableScan
@@ -5312,7 +5312,7 @@ STAGE PLANS:
                             Statistics: Num rows: 1 Data size: 94 Basic stats: COMPLETE Column stats: COMPLETE
                             Target Vertex: Map 1
             Execution mode: llap
-            LLAP IO: no inputs
+            LLAP IO: all inputs
         Reducer 2 
             Execution mode: llap
             Reduce Operator Tree:
@@ -5419,7 +5419,7 @@ STAGE PLANS:
                             Statistics: Num rows: 1 Data size: 8 Basic stats: COMPLETE Column stats: COMPLETE
                             value expressions: _col0 (type: bigint)
             Execution mode: llap
-            LLAP IO: no inputs
+            LLAP IO: all inputs
         Map 3 
             Map Operator Tree:
                 TableScan
@@ -5456,7 +5456,7 @@ STAGE PLANS:
                             Statistics: Num rows: 1 Data size: 8 Basic stats: COMPLETE Column stats: COMPLETE
                             Target Vertex: Map 1
             Execution mode: llap
-            LLAP IO: no inputs
+            LLAP IO: all inputs
         Reducer 2 
             Execution mode: llap
             Reduce Operator Tree:
@@ -5563,7 +5563,7 @@ STAGE PLANS:
                             Statistics: Num rows: 1 Data size: 8 Basic stats: COMPLETE Column stats: COMPLETE
                             value expressions: _col0 (type: bigint)
             Execution mode: llap
-            LLAP IO: no inputs
+            LLAP IO: all inputs
         Map 3 
             Map Operator Tree:
                 TableScan
@@ -5600,7 +5600,7 @@ STAGE PLANS:
                             Statistics: Num rows: 1 Data size: 8 Basic stats: COMPLETE Column stats: COMPLETE
                             Target Vertex: Map 1
             Execution mode: llap
-            LLAP IO: no inputs
+            LLAP IO: all inputs
         Reducer 2 
             Execution mode: llap
             Reduce Operator Tree:
@@ -5707,7 +5707,7 @@ STAGE PLANS:
                         Map-reduce partition columns: _col0 (type: boolean)
                         Statistics: Num rows: 1000 Data size: 10624 Basic stats: COMPLETE Column stats: NONE
             Execution mode: llap
-            LLAP IO: no inputs
+            LLAP IO: all inputs
         Reducer 2 
             Execution mode: llap
             Reduce Operator Tree:
@@ -5854,7 +5854,7 @@ STAGE PLANS:
                           Statistics: Num rows: 1 Data size: 8 Basic stats: COMPLETE Column stats: COMPLETE
                           value expressions: _col0 (type: bigint)
             Execution mode: llap
-            LLAP IO: no inputs
+            LLAP IO: all inputs
         Map 3 
             Map Operator Tree:
                 TableScan
@@ -5891,7 +5891,7 @@ STAGE PLANS:
                             Statistics: Num rows: 1 Data size: 94 Basic stats: COMPLETE Column stats: COMPLETE
                             Target Vertex: Map 1
             Execution mode: llap
-            LLAP IO: no inputs
+            LLAP IO: all inputs
         Reducer 2 
             Execution mode: llap
             Reduce Operator Tree:
@@ -5979,7 +5979,7 @@ STAGE PLANS:
                             Statistics: Num rows: 1 Data size: 8 Basic stats: COMPLETE Column stats: COMPLETE
                             value expressions: _col0 (type: bigint)
             Execution mode: llap
-            LLAP IO: no inputs
+            LLAP IO: all inputs
         Map 3 
             Map Operator Tree:
                 TableScan
@@ -5997,7 +5997,7 @@ STAGE PLANS:
                       Map-reduce partition columns: _col0 (type: string)
                       Statistics: Num rows: 2000 Data size: 368000 Basic stats: COMPLETE Column stats: COMPLETE
             Execution mode: llap
-            LLAP IO: no inputs
+            LLAP IO: all inputs
         Reducer 2 
             Execution mode: llap
             Reduce Operator Tree:
@@ -6068,7 +6068,7 @@ STAGE PLANS:
                       Map-reduce partition columns: _col0 (type: string)
                       Statistics: Num rows: 2000 Data size: 368000 Basic stats: COMPLETE Column stats: COMPLETE
             Execution mode: llap
-            LLAP IO: no inputs
+            LLAP IO: all inputs
         Map 2 
             Map Operator Tree:
                 TableScan
@@ -6103,7 +6103,7 @@ STAGE PLANS:
                             Statistics: Num rows: 1 Data size: 8 Basic stats: COMPLETE Column stats: COMPLETE
                             value expressions: _col0 (type: bigint)
             Execution mode: llap
-            LLAP IO: no inputs
+            LLAP IO: all inputs
         Reducer 3 
             Execution mode: llap
             Reduce Operator Tree:
@@ -6197,7 +6197,7 @@ STAGE PLANS:
                             Statistics: Num rows: 1 Data size: 8 Basic stats: COMPLETE Column stats: COMPLETE
                             value expressions: _col0 (type: bigint)
             Execution mode: llap
-            LLAP IO: no inputs
+            LLAP IO: all inputs
         Map 3 
             Map Operator Tree:
                 TableScan
@@ -6234,7 +6234,7 @@ STAGE PLANS:
                             Statistics: Num rows: 1 Data size: 94 Basic stats: COMPLETE Column stats: COMPLETE
                             Target Vertex: Map 1
             Execution mode: llap
-            LLAP IO: no inputs
+            LLAP IO: all inputs
         Map 4 
             Map Operator Tree:
                 TableScan
@@ -6271,7 +6271,7 @@ STAGE PLANS:
                             Statistics: Num rows: 1 Data size: 86 Basic stats: COMPLETE Column stats: COMPLETE
                             Target Vertex: Map 1
             Execution mode: llap
-            LLAP IO: no inputs
+            LLAP IO: all inputs
         Reducer 2 
             Execution mode: llap
             Reduce Operator Tree:
@@ -6406,7 +6406,7 @@ STAGE PLANS:
                               Statistics: Num rows: 1 Data size: 8 Basic stats: COMPLETE Column stats: COMPLETE
                               value expressions: _col0 (type: bigint)
             Execution mode: llap
-            LLAP IO: no inputs
+            LLAP IO: all inputs
         Map 4 
             Map Operator Tree:
                 TableScan
@@ -6427,7 +6427,7 @@ STAGE PLANS:
                         Map-reduce partition columns: _col0 (type: string)
                         Statistics: Num rows: 1 Data size: 86 Basic stats: COMPLETE Column stats: COMPLETE
             Execution mode: llap
-            LLAP IO: no inputs
+            LLAP IO: all inputs
         Reducer 3 
             Execution mode: llap
             Reduce Operator Tree:
@@ -6529,7 +6529,7 @@ STAGE PLANS:
                           Map-reduce partition columns: _col0 (type: string)
                           Statistics: Num rows: 1 Data size: 184 Basic stats: COMPLETE Column stats: COMPLETE
             Execution mode: llap
-            LLAP IO: no inputs
+            LLAP IO: all inputs
         Map 3 
             Map Operator Tree:
                 TableScan
@@ -6551,7 +6551,7 @@ STAGE PLANS:
                         Statistics: Num rows: 1 Data size: 184 Basic stats: COMPLETE Column stats: COMPLETE
                         value expressions: _col0 (type: string)
             Execution mode: llap
-            LLAP IO: no inputs
+            LLAP IO: all inputs
         Map 6 
             Map Operator Tree:
                 TableScan
@@ -6573,7 +6573,7 @@ STAGE PLANS:
                         Statistics: Num rows: 1 Data size: 184 Basic stats: COMPLETE Column stats: COMPLETE
                         value expressions: _col0 (type: string)
             Execution mode: llap
-            LLAP IO: no inputs
+            LLAP IO: all inputs
         Reducer 2 
             Execution mode: llap
             Reduce Operator Tree:
@@ -6848,7 +6848,7 @@ STAGE PLANS:
                             Statistics: Num rows: 1 Data size: 8 Basic stats: COMPLETE Column stats: COMPLETE
                             Target Vertex: Map 1
             Execution mode: llap
-            LLAP IO: no inputs
+            LLAP IO: all inputs
         Reducer 2 
             Execution mode: llap
             Reduce Operator Tree:
diff --git a/ql/src/test/results/clientpositive/llap/dynamic_partition_pruning_2.q.out b/ql/src/test/results/clientpositive/llap/dynamic_partition_pruning_2.q.out
index b31e52c8e6..873d5dec65 100644
--- a/ql/src/test/results/clientpositive/llap/dynamic_partition_pruning_2.q.out
+++ b/ql/src/test/results/clientpositive/llap/dynamic_partition_pruning_2.q.out
@@ -208,7 +208,7 @@ STAGE PLANS:
                           Statistics: Num rows: 9 Data size: 1148 Basic stats: COMPLETE Column stats: NONE
                           value expressions: _col1 (type: bigint), _col2 (type: decimal(20,0))
             Execution mode: llap
-            LLAP IO: no inputs
+            LLAP IO: all inputs
         Map 4 
             Map Operator Tree:
                 TableScan
@@ -246,7 +246,7 @@ STAGE PLANS:
                             Statistics: Num rows: 3 Data size: 564 Basic stats: COMPLETE Column stats: NONE
                             Target Vertex: Map 1
             Execution mode: llap
-            LLAP IO: no inputs
+            LLAP IO: all inputs
         Reducer 2 
             Execution mode: llap
             Reduce Operator Tree:
@@ -394,7 +394,7 @@ STAGE PLANS:
                           Statistics: Num rows: 9 Data size: 1148 Basic stats: COMPLETE Column stats: NONE
                           value expressions: _col1 (type: bigint), _col2 (type: decimal(20,0))
             Execution mode: llap
-            LLAP IO: no inputs
+            LLAP IO: all inputs
         Map 4 
             Map Operator Tree:
                 TableScan
@@ -416,7 +416,7 @@ STAGE PLANS:
                         Statistics: Num rows: 3 Data size: 564 Basic stats: COMPLETE Column stats: NONE
                         value expressions: _col1 (type: string)
             Execution mode: llap
-            LLAP IO: no inputs
+            LLAP IO: all inputs
         Reducer 2 
             Execution mode: llap
             Reduce Operator Tree:
@@ -551,7 +551,7 @@ STAGE PLANS:
                               output format: org.apache.hadoop.hive.ql.io.HiveSequenceFileOutputFormat
                               serde: org.apache.hadoop.hive.serde2.lazy.LazySimpleSerDe
             Execution mode: llap
-            LLAP IO: no inputs
+            LLAP IO: all inputs
         Map 2 
             Map Operator Tree:
                 TableScan
@@ -573,7 +573,7 @@ STAGE PLANS:
                         Statistics: Num rows: 3 Data size: 564 Basic stats: COMPLETE Column stats: NONE
                         value expressions: _col1 (type: string)
             Execution mode: llap
-            LLAP IO: no inputs
+            LLAP IO: all inputs
 
   Stage: Stage-0
     Fetch Operator
@@ -661,7 +661,7 @@ STAGE PLANS:
                       Statistics: Num rows: 3 Data size: 336 Basic stats: COMPLETE Column stats: NONE
                       value expressions: _col0 (type: decimal(10,0))
             Execution mode: llap
-            LLAP IO: no inputs
+            LLAP IO: all inputs
         Map 3 
             Map Operator Tree:
                 TableScan
@@ -678,7 +678,7 @@ STAGE PLANS:
                         sort order: 
                         Statistics: Num rows: 3 Data size: 12 Basic stats: COMPLETE Column stats: NONE
             Execution mode: llap
-            LLAP IO: no inputs
+            LLAP IO: all inputs
         Reducer 2 
             Execution mode: llap
             Reduce Operator Tree:
@@ -807,7 +807,7 @@ STAGE PLANS:
                           Statistics: Num rows: 9 Data size: 1148 Basic stats: COMPLETE Column stats: NONE
                           value expressions: _col1 (type: bigint), _col2 (type: decimal(20,0))
             Execution mode: llap
-            LLAP IO: no inputs
+            LLAP IO: all inputs
         Map 4 
             Map Operator Tree:
                 TableScan
@@ -845,7 +845,7 @@ STAGE PLANS:
                             Statistics: Num rows: 3 Data size: 564 Basic stats: COMPLETE Column stats: NONE
                             Target Vertex: Map 1
             Execution mode: llap
-            LLAP IO: no inputs
+            LLAP IO: all inputs
         Reducer 2 
             Execution mode: llap
             Reduce Operator Tree:
@@ -977,7 +977,7 @@ STAGE PLANS:
                             output format: org.apache.hadoop.hive.ql.io.HiveSequenceFileOutputFormat
                             serde: org.apache.hadoop.hive.serde2.lazy.LazySimpleSerDe
             Execution mode: llap
-            LLAP IO: no inputs
+            LLAP IO: all inputs
         Map 3 
             Map Operator Tree:
                 TableScan
@@ -1014,7 +1014,7 @@ STAGE PLANS:
                             Statistics: Num rows: 3 Data size: 564 Basic stats: COMPLETE Column stats: NONE
                             Target Vertex: Map 1
             Execution mode: llap
-            LLAP IO: no inputs
+            LLAP IO: all inputs
         Map 4 
             Map Operator Tree:
                 TableScan
@@ -1043,7 +1043,7 @@ STAGE PLANS:
                             output format: org.apache.hadoop.hive.ql.io.HiveSequenceFileOutputFormat
                             serde: org.apache.hadoop.hive.serde2.lazy.LazySimpleSerDe
             Execution mode: llap
-            LLAP IO: no inputs
+            LLAP IO: all inputs
         Map 5 
             Map Operator Tree:
                 TableScan
@@ -1080,7 +1080,7 @@ STAGE PLANS:
                             Statistics: Num rows: 3 Data size: 564 Basic stats: COMPLETE Column stats: NONE
                             Target Vertex: Map 4
             Execution mode: llap
-            LLAP IO: no inputs
+            LLAP IO: all inputs
         Union 2 
             Vertex: Union 2
 
@@ -1184,7 +1184,7 @@ STAGE PLANS:
                           Statistics: Num rows: 1 Data size: 8 Basic stats: COMPLETE Column stats: COMPLETE
                           value expressions: _col0 (type: bigint)
             Execution mode: llap
-            LLAP IO: no inputs
+            LLAP IO: all inputs
         Map 3 
             Map Operator Tree:
                 TableScan
@@ -1202,7 +1202,7 @@ STAGE PLANS:
                       Map-reduce partition columns: _col0 (type: string)
                       Statistics: Num rows: 2000 Data size: 368000 Basic stats: COMPLETE Column stats: COMPLETE
             Execution mode: llap
-            LLAP IO: no inputs
+            LLAP IO: all inputs
         Reducer 2 
             Execution mode: llap
             Reduce Operator Tree:
diff --git a/ql/src/test/results/clientpositive/llap/dynamic_semijoin_reduction.q.out b/ql/src/test/results/clientpositive/llap/dynamic_semijoin_reduction.q.out
index 3efb830c4f..46c52b5266 100644
--- a/ql/src/test/results/clientpositive/llap/dynamic_semijoin_reduction.q.out
+++ b/ql/src/test/results/clientpositive/llap/dynamic_semijoin_reduction.q.out
@@ -3122,7 +3122,7 @@ STAGE PLANS:
                         Map-reduce partition columns: _col0 (type: string)
                         Statistics: Num rows: 40 Data size: 4000 Basic stats: COMPLETE Column stats: COMPLETE
             Execution mode: vectorized, llap
-            LLAP IO: no inputs
+            LLAP IO: all inputs
         Map 4 
             Map Operator Tree:
                 TableScan
@@ -3298,7 +3298,7 @@ STAGE PLANS:
                         Map-reduce partition columns: _col0 (type: string)
                         Statistics: Num rows: 40 Data size: 4000 Basic stats: COMPLETE Column stats: COMPLETE
             Execution mode: vectorized, llap
-            LLAP IO: no inputs
+            LLAP IO: all inputs
         Map 4 
             Map Operator Tree:
                 TableScan
@@ -3504,7 +3504,7 @@ STAGE PLANS:
                         Map-reduce partition columns: _col0 (type: string)
                         Statistics: Num rows: 10 Data size: 870 Basic stats: COMPLETE Column stats: COMPLETE
             Execution mode: vectorized, llap
-            LLAP IO: no inputs
+            LLAP IO: all inputs
         Map 3 
             Map Operator Tree:
                 TableScan
@@ -3697,7 +3697,7 @@ STAGE PLANS:
                             Statistics: Num rows: 1 Data size: 552 Basic stats: COMPLETE Column stats: COMPLETE
                             value expressions: _col0 (type: string), _col1 (type: string), _col2 (type: binary)
             Execution mode: vectorized, llap
-            LLAP IO: no inputs
+            LLAP IO: all inputs
         Map 4 
             Map Operator Tree:
                 TableScan
@@ -3903,7 +3903,7 @@ STAGE PLANS:
                             Statistics: Num rows: 1 Data size: 552 Basic stats: COMPLETE Column stats: COMPLETE
                             value expressions: _col0 (type: string), _col1 (type: string), _col2 (type: binary)
             Execution mode: vectorized, llap
-            LLAP IO: no inputs
+            LLAP IO: all inputs
         Map 4 
             Map Operator Tree:
                 TableScan
@@ -4072,7 +4072,7 @@ STAGE PLANS:
                         Map-reduce partition columns: _col0 (type: string)
                         Statistics: Num rows: 10 Data size: 870 Basic stats: COMPLETE Column stats: COMPLETE
             Execution mode: vectorized, llap
-            LLAP IO: no inputs
+            LLAP IO: all inputs
         Map 3 
             Map Operator Tree:
                 TableScan
diff --git a/ql/src/test/results/clientpositive/llap/dynamic_semijoin_reduction_2.q.out b/ql/src/test/results/clientpositive/llap/dynamic_semijoin_reduction_2.q.out
index 7cc19c7706..ab7dd5a246 100644
--- a/ql/src/test/results/clientpositive/llap/dynamic_semijoin_reduction_2.q.out
+++ b/ql/src/test/results/clientpositive/llap/dynamic_semijoin_reduction_2.q.out
@@ -113,7 +113,7 @@ STAGE PLANS:
                         Statistics: Num rows: 1 Data size: 164 Basic stats: COMPLETE Column stats: NONE
                         value expressions: _col3 (type: timestamp)
             Execution mode: vectorized, llap
-            LLAP IO: no inputs
+            LLAP IO: all inputs
         Map 12 
             Map Operator Tree:
                 TableScan
@@ -149,7 +149,7 @@ STAGE PLANS:
                             Statistics: Num rows: 1 Data size: 448 Basic stats: COMPLETE Column stats: NONE
                             value expressions: _col0 (type: decimal(26,12)), _col1 (type: decimal(26,12)), _col2 (type: binary)
             Execution mode: vectorized, llap
-            LLAP IO: no inputs
+            LLAP IO: all inputs
         Map 5 
             Map Operator Tree:
                 TableScan
@@ -216,7 +216,7 @@ STAGE PLANS:
                             Statistics: Num rows: 1 Data size: 148 Basic stats: COMPLETE Column stats: NONE
                             value expressions: _col0 (type: bigint), _col1 (type: bigint), _col2 (type: binary)
             Execution mode: vectorized, llap
-            LLAP IO: no inputs
+            LLAP IO: all inputs
         Map 9 
             Map Operator Tree:
                 TableScan
@@ -238,7 +238,7 @@ STAGE PLANS:
                         Statistics: Num rows: 1 Data size: 152 Basic stats: COMPLETE Column stats: NONE
                         value expressions: _col1 (type: timestamp)
             Execution mode: vectorized, llap
-            LLAP IO: no inputs
+            LLAP IO: all inputs
         Reducer 10 
             Execution mode: llap
             Reduce Operator Tree:
@@ -606,7 +606,7 @@ STAGE PLANS:
                         Statistics: Num rows: 121 Data size: 22748 Basic stats: COMPLETE Column stats: COMPLETE
                         value expressions: _col1 (type: string)
             Execution mode: vectorized, llap
-            LLAP IO: no inputs
+            LLAP IO: all inputs
         Map 6 
             Map Operator Tree:
                 TableScan
@@ -629,7 +629,7 @@ STAGE PLANS:
                         Map-reduce partition columns: _col0 (type: int)
                         Statistics: Num rows: 121 Data size: 484 Basic stats: COMPLETE Column stats: COMPLETE
             Execution mode: vectorized, llap
-            LLAP IO: no inputs
+            LLAP IO: all inputs
         Map 8 
             Map Operator Tree:
                 TableScan
@@ -650,7 +650,7 @@ STAGE PLANS:
                         Map-reduce partition columns: _col0 (type: string)
                         Statistics: Num rows: 8 Data size: 712 Basic stats: COMPLETE Column stats: COMPLETE
             Execution mode: vectorized, llap
-            LLAP IO: no inputs
+            LLAP IO: all inputs
         Reducer 2 
             Reduce Operator Tree:
               Group By Operator
diff --git a/ql/src/test/results/clientpositive/llap/dynpart_sort_opt_bucketing.q.out b/ql/src/test/results/clientpositive/llap/dynpart_sort_opt_bucketing.q.out
index 6c02c9e9a9..4a3d82e086 100644
--- a/ql/src/test/results/clientpositive/llap/dynpart_sort_opt_bucketing.q.out
+++ b/ql/src/test/results/clientpositive/llap/dynpart_sort_opt_bucketing.q.out
@@ -661,7 +661,7 @@ STAGE PLANS:
                       Statistics: Num rows: 51 Data size: 23008 Basic stats: PARTIAL Column stats: PARTIAL
                       value expressions: _col2 (type: int), _col3 (type: string)
             Execution mode: llap
-            LLAP IO: no inputs
+            LLAP IO: all inputs
         Reducer 2 
             Execution mode: llap
             Reduce Operator Tree:
diff --git a/ql/src/test/results/clientpositive/llap/dynpart_sort_opt_vectorization.q.out b/ql/src/test/results/clientpositive/llap/dynpart_sort_opt_vectorization.q.out
index 2f7ef55fcd..850a7cb05a 100644
--- a/ql/src/test/results/clientpositive/llap/dynpart_sort_opt_vectorization.q.out
+++ b/ql/src/test/results/clientpositive/llap/dynpart_sort_opt_vectorization.q.out
@@ -3131,7 +3131,7 @@ STAGE PLANS:
                         Statistics: Num rows: 1 Data size: 8 Basic stats: COMPLETE Column stats: COMPLETE
                         value expressions: _col0 (type: bigint)
             Execution mode: vectorized, llap
-            LLAP IO: no inputs
+            LLAP IO: all inputs
         Reducer 2 
             Execution mode: vectorized, llap
             Reduce Operator Tree:
@@ -3364,7 +3364,7 @@ STAGE PLANS:
                         Statistics: Num rows: 1 Data size: 8 Basic stats: COMPLETE Column stats: COMPLETE
                         value expressions: _col0 (type: bigint)
             Execution mode: vectorized, llap
-            LLAP IO: no inputs
+            LLAP IO: all inputs
         Reducer 2 
             Execution mode: vectorized, llap
             Reduce Operator Tree:
diff --git a/ql/src/test/results/clientpositive/llap/dynpart_sort_optimization.q.out b/ql/src/test/results/clientpositive/llap/dynpart_sort_optimization.q.out
index 0f57130b98..69759c679c 100644
--- a/ql/src/test/results/clientpositive/llap/dynpart_sort_optimization.q.out
+++ b/ql/src/test/results/clientpositive/llap/dynpart_sort_optimization.q.out
@@ -169,7 +169,7 @@ STAGE PLANS:
                         Statistics: Num rows: 1 Data size: 24 Basic stats: COMPLETE Column stats: NONE
                         value expressions: _col0 (type: smallint), _col1 (type: int), _col2 (type: bigint), _col3 (type: float)
             Execution mode: llap
-            LLAP IO: no inputs
+            LLAP IO: all inputs
         Reducer 2 
             Execution mode: llap
             Reduce Operator Tree:
@@ -276,7 +276,7 @@ STAGE PLANS:
                           TopN Hash Memory Usage: 0.1
                           value expressions: _col0 (type: smallint), _col1 (type: int), _col2 (type: bigint), _col3 (type: float), _col4 (type: tinyint)
             Execution mode: llap
-            LLAP IO: no inputs
+            LLAP IO: all inputs
         Reducer 2 
             Execution mode: llap
             Reduce Operator Tree:
@@ -434,7 +434,7 @@ STAGE PLANS:
                         Statistics: Num rows: 1 Data size: 24 Basic stats: COMPLETE Column stats: NONE
                         value expressions: _col1 (type: int), _col2 (type: bigint), _col3 (type: float)
             Execution mode: llap
-            LLAP IO: no inputs
+            LLAP IO: all inputs
         Reducer 2 
             Execution mode: llap
             Reduce Operator Tree:
@@ -556,7 +556,7 @@ STAGE PLANS:
                         Statistics: Num rows: 1 Data size: 24 Basic stats: COMPLETE Column stats: NONE
                         value expressions: _col0 (type: smallint), _col1 (type: int), _col2 (type: bigint)
             Execution mode: llap
-            LLAP IO: no inputs
+            LLAP IO: all inputs
         Reducer 2 
             Execution mode: llap
             Reduce Operator Tree:
@@ -747,7 +747,7 @@ STAGE PLANS:
                         Statistics: Num rows: 1 Data size: 24 Basic stats: COMPLETE Column stats: NONE
                         value expressions: _col0 (type: smallint), _col1 (type: int), _col2 (type: bigint), _col3 (type: float)
             Execution mode: llap
-            LLAP IO: no inputs
+            LLAP IO: all inputs
         Reducer 2 
             Execution mode: llap
             Reduce Operator Tree:
@@ -854,7 +854,7 @@ STAGE PLANS:
                           TopN Hash Memory Usage: 0.1
                           value expressions: _col0 (type: smallint), _col1 (type: int), _col2 (type: bigint), _col3 (type: float), _col4 (type: tinyint)
             Execution mode: llap
-            LLAP IO: no inputs
+            LLAP IO: all inputs
         Reducer 2 
             Execution mode: llap
             Reduce Operator Tree:
@@ -1012,7 +1012,7 @@ STAGE PLANS:
                         Statistics: Num rows: 1 Data size: 24 Basic stats: COMPLETE Column stats: NONE
                         value expressions: _col1 (type: int), _col2 (type: bigint), _col3 (type: float)
             Execution mode: llap
-            LLAP IO: no inputs
+            LLAP IO: all inputs
         Reducer 2 
             Execution mode: llap
             Reduce Operator Tree:
@@ -1134,7 +1134,7 @@ STAGE PLANS:
                         Statistics: Num rows: 1 Data size: 24 Basic stats: COMPLETE Column stats: NONE
                         value expressions: _col0 (type: smallint), _col1 (type: int), _col2 (type: bigint)
             Execution mode: llap
-            LLAP IO: no inputs
+            LLAP IO: all inputs
         Reducer 2 
             Execution mode: llap
             Reduce Operator Tree:
@@ -1692,7 +1692,7 @@ STAGE PLANS:
                         Statistics: Num rows: 1 Data size: 24 Basic stats: COMPLETE Column stats: NONE
                         value expressions: _col0 (type: smallint), _col2 (type: bigint), _col3 (type: float), _col4 (type: tinyint)
             Execution mode: llap
-            LLAP IO: no inputs
+            LLAP IO: all inputs
         Reducer 2 
             Execution mode: llap
             Reduce Operator Tree:
@@ -1814,7 +1814,7 @@ STAGE PLANS:
                         Statistics: Num rows: 1 Data size: 24 Basic stats: COMPLETE Column stats: NONE
                         value expressions: _col0 (type: smallint), _col2 (type: bigint), _col3 (type: float), _col4 (type: tinyint)
             Execution mode: llap
-            LLAP IO: no inputs
+            LLAP IO: all inputs
         Reducer 2 
             Execution mode: llap
             Reduce Operator Tree:
@@ -1952,7 +1952,7 @@ STAGE PLANS:
                         Statistics: Num rows: 1 Data size: 24 Basic stats: COMPLETE Column stats: NONE
                         value expressions: _col0 (type: tinyint), _col1 (type: smallint), _col3 (type: bigint), _col4 (type: float)
             Execution mode: llap
-            LLAP IO: no inputs
+            LLAP IO: all inputs
         Reducer 2 
             Execution mode: llap
             Reduce Operator Tree:
@@ -2099,7 +2099,7 @@ STAGE PLANS:
                         Map-reduce partition columns: _col0 (type: tinyint), _col1 (type: smallint), _col2 (type: int), _col3 (type: bigint), _col4 (type: float)
                         Statistics: Num rows: 1 Data size: 24 Basic stats: COMPLETE Column stats: NONE
             Execution mode: llap
-            LLAP IO: no inputs
+            LLAP IO: all inputs
         Reducer 2 
             Execution mode: llap
             Reduce Operator Tree:
@@ -2227,7 +2227,7 @@ STAGE PLANS:
                         Map-reduce partition columns: _col0 (type: tinyint)
                         Statistics: Num rows: 1 Data size: 24 Basic stats: COMPLETE Column stats: NONE
             Execution mode: llap
-            LLAP IO: no inputs
+            LLAP IO: all inputs
         Reducer 2 
             Execution mode: llap
             Reduce Operator Tree:
@@ -2663,7 +2663,7 @@ STAGE PLANS:
                         Statistics: Num rows: 1 Data size: 24 Basic stats: COMPLETE Column stats: NONE
                         value expressions: _col0 (type: smallint), _col1 (type: int), _col2 (type: bigint), _col4 (type: tinyint)
             Execution mode: llap
-            LLAP IO: no inputs
+            LLAP IO: all inputs
         Reducer 2 
             Execution mode: llap
             Reduce Operator Tree:
@@ -2803,7 +2803,7 @@ STAGE PLANS:
                         Statistics: Num rows: 1 Data size: 24 Basic stats: COMPLETE Column stats: NONE
                         value expressions: _col0 (type: smallint), _col1 (type: int), _col2 (type: bigint)
             Execution mode: llap
-            LLAP IO: no inputs
+            LLAP IO: all inputs
         Reducer 2 
             Execution mode: llap
             Reduce Operator Tree:
@@ -3221,7 +3221,7 @@ STAGE PLANS:
                         Statistics: Num rows: 1 Data size: 208 Basic stats: COMPLETE Column stats: NONE
                         value expressions: _col0 (type: smallint), _col1 (type: bigint), _col2 (type: float)
             Execution mode: llap
-            LLAP IO: no inputs
+            LLAP IO: all inputs
         Reducer 2 
             Execution mode: llap
             Reduce Operator Tree:
@@ -3345,7 +3345,7 @@ STAGE PLANS:
                         Statistics: Num rows: 1 Data size: 208 Basic stats: COMPLETE Column stats: NONE
                         value expressions: _col0 (type: smallint), _col1 (type: bigint), _col2 (type: float)
             Execution mode: llap
-            LLAP IO: no inputs
+            LLAP IO: all inputs
         Reducer 2 
             Execution mode: llap
             Reduce Operator Tree:
@@ -3469,7 +3469,7 @@ STAGE PLANS:
                         Statistics: Num rows: 1 Data size: 208 Basic stats: COMPLETE Column stats: NONE
                         value expressions: _col0 (type: smallint), _col1 (type: bigint), _col2 (type: float)
             Execution mode: llap
-            LLAP IO: no inputs
+            LLAP IO: all inputs
         Reducer 2 
             Execution mode: llap
             Reduce Operator Tree:
@@ -3593,7 +3593,7 @@ STAGE PLANS:
                         Statistics: Num rows: 1 Data size: 208 Basic stats: COMPLETE Column stats: NONE
                         value expressions: _col0 (type: smallint), _col1 (type: bigint), _col2 (type: float)
             Execution mode: llap
-            LLAP IO: no inputs
+            LLAP IO: all inputs
         Reducer 2 
             Execution mode: llap
             Reduce Operator Tree:
@@ -3717,7 +3717,7 @@ STAGE PLANS:
                         Statistics: Num rows: 1 Data size: 208 Basic stats: COMPLETE Column stats: NONE
                         value expressions: _col0 (type: smallint), _col1 (type: bigint), _col2 (type: float)
             Execution mode: llap
-            LLAP IO: no inputs
+            LLAP IO: all inputs
         Reducer 2 
             Execution mode: llap
             Reduce Operator Tree:
@@ -3841,7 +3841,7 @@ STAGE PLANS:
                         Statistics: Num rows: 1 Data size: 208 Basic stats: COMPLETE Column stats: NONE
                         value expressions: _col0 (type: smallint), _col1 (type: bigint), _col2 (type: float)
             Execution mode: llap
-            LLAP IO: no inputs
+            LLAP IO: all inputs
         Reducer 2 
             Execution mode: llap
             Reduce Operator Tree:
@@ -3965,7 +3965,7 @@ STAGE PLANS:
                             Statistics: Num rows: 1 Data size: 208 Basic stats: COMPLETE Column stats: NONE
                             value expressions: _col3 (type: smallint), _col4 (type: smallint), _col5 (type: bigint), _col6 (type: bigint), _col7 (type: binary), _col8 (type: bigint), _col9 (type: bigint), _col10 (type: bigint), _col11 (type: binary), _col12 (type: float), _col13 (type: float), _col14 (type: bigint), _col15 (type: binary)
             Execution mode: llap
-            LLAP IO: no inputs
+            LLAP IO: all inputs
         Reducer 2 
             Execution mode: llap
             Reduce Operator Tree:
@@ -4479,7 +4479,7 @@ STAGE PLANS:
                         Statistics: Num rows: 804 Data size: 19288 Basic stats: COMPLETE Column stats: COMPLETE
                         value expressions: _col0 (type: smallint), _col1 (type: int), _col2 (type: bigint), _col3 (type: float)
             Execution mode: llap
-            LLAP IO: no inputs
+            LLAP IO: all inputs
         Reducer 2 
             Execution mode: llap
             Reduce Operator Tree:
@@ -4586,7 +4586,7 @@ STAGE PLANS:
                           TopN Hash Memory Usage: 0.1
                           value expressions: _col0 (type: smallint), _col1 (type: int), _col2 (type: bigint), _col3 (type: float), _col4 (type: tinyint)
             Execution mode: llap
-            LLAP IO: no inputs
+            LLAP IO: all inputs
         Reducer 2 
             Execution mode: llap
             Reduce Operator Tree:
@@ -4743,7 +4743,7 @@ STAGE PLANS:
                             Statistics: Num rows: 129 Data size: 96363 Basic stats: COMPLETE Column stats: COMPLETE
                             value expressions: _col2 (type: smallint), _col3 (type: smallint), _col4 (type: bigint), _col5 (type: bigint), _col6 (type: binary), _col7 (type: int), _col8 (type: int), _col9 (type: bigint), _col10 (type: binary), _col11 (type: bigint), _col12 (type: bigint), _col13 (type: bigint), _col14 (type: binary), _col15 (type: float), _col16 (type: float), _col17 (type: bigint), _col18 (type: binary)
             Execution mode: llap
-            LLAP IO: no inputs
+            LLAP IO: all inputs
         Reducer 2 
             Execution mode: llap
             Reduce Operator Tree:
@@ -4835,7 +4835,7 @@ STAGE PLANS:
                           TopN Hash Memory Usage: 0.1
                           value expressions: _col0 (type: smallint), _col1 (type: int), _col2 (type: bigint), _col3 (type: float), _col4 (type: tinyint)
             Execution mode: llap
-            LLAP IO: no inputs
+            LLAP IO: all inputs
         Reducer 2 
             Execution mode: llap
             Reduce Operator Tree:
@@ -5068,7 +5068,7 @@ STAGE PLANS:
                           Statistics: Num rows: 524 Data size: 52924 Basic stats: COMPLETE Column stats: COMPLETE
                           value expressions: _col0 (type: int)
             Execution mode: llap
-            LLAP IO: no inputs
+            LLAP IO: all inputs
         Reducer 2 
             Execution mode: llap
             Reduce Operator Tree:
diff --git a/ql/src/test/results/clientpositive/llap/dynpart_sort_optimization2.q.out b/ql/src/test/results/clientpositive/llap/dynpart_sort_optimization2.q.out
index d30425e080..a30f456ce1 100644
--- a/ql/src/test/results/clientpositive/llap/dynpart_sort_optimization2.q.out
+++ b/ql/src/test/results/clientpositive/llap/dynpart_sort_optimization2.q.out
@@ -112,7 +112,7 @@ STAGE PLANS:
                         Map-reduce partition columns: _col0 (type: int)
                         Statistics: Num rows: 1 Data size: 12 Basic stats: COMPLETE Column stats: NONE
             Execution mode: vectorized, llap
-            LLAP IO: no inputs
+            LLAP IO: all inputs
         Reducer 2 
             Execution mode: llap
             Reduce Operator Tree:
@@ -387,7 +387,7 @@ STAGE PLANS:
                         Statistics: Num rows: 1 Data size: 12 Basic stats: COMPLETE Column stats: NONE
                         value expressions: _col0 (type: float), _col1 (type: float), _col2 (type: int)
             Execution mode: vectorized, llap
-            LLAP IO: no inputs
+            LLAP IO: all inputs
         Reducer 2 
             Execution mode: llap
             Reduce Operator Tree:
@@ -658,7 +658,7 @@ STAGE PLANS:
                         Map-reduce partition columns: _col0 (type: int)
                         Statistics: Num rows: 1 Data size: 12 Basic stats: COMPLETE Column stats: NONE
             Execution mode: vectorized, llap
-            LLAP IO: no inputs
+            LLAP IO: all inputs
         Reducer 2 
             Execution mode: llap
             Reduce Operator Tree:
@@ -929,7 +929,7 @@ STAGE PLANS:
                         Statistics: Num rows: 1 Data size: 12 Basic stats: COMPLETE Column stats: NONE
                         value expressions: _col0 (type: float), _col1 (type: float), _col2 (type: int)
             Execution mode: vectorized, llap
-            LLAP IO: no inputs
+            LLAP IO: all inputs
         Reducer 2 
             Execution mode: llap
             Reduce Operator Tree:
@@ -1824,7 +1824,7 @@ STAGE PLANS:
                         Statistics: Num rows: 250 Data size: 23750 Basic stats: COMPLETE Column stats: COMPLETE
                         value expressions: _col1 (type: bigint)
             Execution mode: vectorized, llap
-            LLAP IO: no inputs
+            LLAP IO: all inputs
         Reducer 2 
             Execution mode: llap
             Reduce Operator Tree:
@@ -2005,7 +2005,7 @@ STAGE PLANS:
                         Statistics: Num rows: 250 Data size: 23750 Basic stats: COMPLETE Column stats: COMPLETE
                         value expressions: _col1 (type: bigint)
             Execution mode: vectorized, llap
-            LLAP IO: no inputs
+            LLAP IO: all inputs
         Reducer 2 
             Execution mode: llap
             Reduce Operator Tree:
diff --git a/ql/src/test/results/clientpositive/llap/dynpart_sort_optimization_acid2.q.out b/ql/src/test/results/clientpositive/llap/dynpart_sort_optimization_acid2.q.out
index 33e483b88d..3fb3e87c7a 100644
--- a/ql/src/test/results/clientpositive/llap/dynpart_sort_optimization_acid2.q.out
+++ b/ql/src/test/results/clientpositive/llap/dynpart_sort_optimization_acid2.q.out
@@ -62,7 +62,7 @@ STAGE PLANS:
                       Statistics: Num rows: 2000 Data size: 1092000 Basic stats: COMPLETE Column stats: COMPLETE
                       value expressions: _col0 (type: string), _col2 (type: string), _col3 (type: string)
             Execution mode: vectorized, llap
-            LLAP IO: no inputs
+            LLAP IO: all inputs
         Reducer 2 
             Execution mode: llap
             Reduce Operator Tree:
diff --git a/ql/src/test/results/clientpositive/llap/enforce_constraint_notnull.q.out b/ql/src/test/results/clientpositive/llap/enforce_constraint_notnull.q.out
index da021579c7..ef49a679ec 100644
--- a/ql/src/test/results/clientpositive/llap/enforce_constraint_notnull.q.out
+++ b/ql/src/test/results/clientpositive/llap/enforce_constraint_notnull.q.out
@@ -311,7 +311,7 @@ STAGE PLANS:
                             Statistics: Num rows: 1 Data size: 704 Basic stats: COMPLETE Column stats: COMPLETE
                             value expressions: _col0 (type: int), _col1 (type: struct<count:bigint,sum:double,input:int>), _col2 (type: bigint), _col3 (type: bigint), _col4 (type: binary), _col5 (type: int), _col6 (type: struct<count:bigint,sum:double,input:int>), _col7 (type: bigint), _col8 (type: binary), _col9 (type: int), _col10 (type: struct<count:bigint,sum:double,input:int>), _col11 (type: bigint), _col12 (type: binary)
             Execution mode: llap
-            LLAP IO: no inputs
+            LLAP IO: all inputs
         Reducer 2 
             Execution mode: llap
             Reduce Operator Tree:
@@ -932,7 +932,7 @@ STAGE PLANS:
                             Statistics: Num rows: 1 Data size: 704 Basic stats: COMPLETE Column stats: COMPLETE
                             value expressions: _col0 (type: int), _col1 (type: struct<count:bigint,sum:double,input:int>), _col2 (type: bigint), _col3 (type: bigint), _col4 (type: binary), _col5 (type: int), _col6 (type: struct<count:bigint,sum:double,input:int>), _col7 (type: bigint), _col8 (type: binary), _col9 (type: int), _col10 (type: struct<count:bigint,sum:double,input:int>), _col11 (type: bigint), _col12 (type: binary)
             Execution mode: llap
-            LLAP IO: no inputs
+            LLAP IO: all inputs
         Reducer 2 
             Execution mode: llap
             Reduce Operator Tree:
@@ -1551,7 +1551,7 @@ STAGE PLANS:
                             Statistics: Num rows: 1 Data size: 704 Basic stats: COMPLETE Column stats: COMPLETE
                             value expressions: _col0 (type: int), _col1 (type: struct<count:bigint,sum:double,input:int>), _col2 (type: bigint), _col3 (type: bigint), _col4 (type: binary), _col5 (type: int), _col6 (type: struct<count:bigint,sum:double,input:int>), _col7 (type: bigint), _col8 (type: binary), _col9 (type: int), _col10 (type: struct<count:bigint,sum:double,input:int>), _col11 (type: bigint), _col12 (type: binary)
             Execution mode: llap
-            LLAP IO: no inputs
+            LLAP IO: all inputs
         Reducer 2 
             Execution mode: llap
             Reduce Operator Tree:
@@ -2235,7 +2235,7 @@ STAGE PLANS:
                             Statistics: Num rows: 1 Data size: 472 Basic stats: COMPLETE Column stats: COMPLETE
                             value expressions: _col0 (type: int), _col1 (type: struct<count:bigint,sum:double,input:int>), _col2 (type: bigint), _col3 (type: bigint), _col4 (type: binary), _col5 (type: int), _col6 (type: struct<count:bigint,sum:double,input:int>), _col7 (type: bigint), _col8 (type: binary)
             Execution mode: llap
-            LLAP IO: no inputs
+            LLAP IO: all inputs
         Reducer 2 
             Execution mode: llap
             Reduce Operator Tree:
@@ -2431,7 +2431,7 @@ STAGE PLANS:
                             Statistics: Num rows: 1 Data size: 472 Basic stats: COMPLETE Column stats: COMPLETE
                             value expressions: _col0 (type: int), _col1 (type: struct<count:bigint,sum:double,input:int>), _col2 (type: bigint), _col3 (type: bigint), _col4 (type: binary), _col5 (type: int), _col6 (type: struct<count:bigint,sum:double,input:int>), _col7 (type: bigint), _col8 (type: binary)
             Execution mode: llap
-            LLAP IO: no inputs
+            LLAP IO: all inputs
         Reducer 2 
             Execution mode: llap
             Reduce Operator Tree:
@@ -2747,7 +2747,7 @@ STAGE PLANS:
                           Statistics: Num rows: 250 Data size: 82000 Basic stats: COMPLETE Column stats: COMPLETE
                           value expressions: _col1 (type: decimal(5,2)), _col2 (type: varchar(128))
             Execution mode: vectorized, llap
-            LLAP IO: no inputs
+            LLAP IO: all inputs
         Reducer 2 
             Execution mode: llap
             Reduce Operator Tree:
@@ -2875,7 +2875,7 @@ STAGE PLANS:
                         TopN Hash Memory Usage: 0.1
                         value expressions: _col0 (type: int), _col1 (type: decimal(5,2)), _col2 (type: string)
             Execution mode: vectorized, llap
-            LLAP IO: no inputs
+            LLAP IO: all inputs
         Reducer 2 
             Execution mode: vectorized, llap
             Reduce Operator Tree:
@@ -3021,7 +3021,7 @@ STAGE PLANS:
                         Statistics: Num rows: 500 Data size: 103500 Basic stats: COMPLETE Column stats: COMPLETE
                         value expressions: _col1 (type: decimal(5,2)), _col2 (type: string)
             Execution mode: vectorized, llap
-            LLAP IO: no inputs
+            LLAP IO: all inputs
         Reducer 2 
             Execution mode: vectorized, llap
             Reduce Operator Tree:
@@ -3174,7 +3174,7 @@ STAGE PLANS:
                           Map-reduce partition columns: _col0 (type: string), _col1 (type: string)
                           Statistics: Num rows: 250 Data size: 44500 Basic stats: COMPLETE Column stats: COMPLETE
             Execution mode: vectorized, llap
-            LLAP IO: no inputs
+            LLAP IO: all inputs
         Reducer 2 
             Execution mode: vectorized, llap
             Reduce Operator Tree:
@@ -3339,7 +3339,7 @@ STAGE PLANS:
                           Statistics: Num rows: 250 Data size: 82000 Basic stats: COMPLETE Column stats: COMPLETE
                           value expressions: _col1 (type: decimal(5,2)), _col2 (type: varchar(128))
             Execution mode: vectorized, llap
-            LLAP IO: no inputs
+            LLAP IO: all inputs
         Reducer 2 
             Execution mode: llap
             Reduce Operator Tree:
@@ -3694,7 +3694,7 @@ STAGE PLANS:
                             Statistics: Num rows: 1 Data size: 472 Basic stats: COMPLETE Column stats: COMPLETE
                             value expressions: _col0 (type: int), _col1 (type: struct<count:bigint,sum:double,input:int>), _col2 (type: bigint), _col3 (type: bigint), _col4 (type: binary), _col5 (type: int), _col6 (type: struct<count:bigint,sum:double,input:int>), _col7 (type: bigint), _col8 (type: binary)
             Execution mode: llap
-            LLAP IO: no inputs
+            LLAP IO: all inputs
         Reducer 2 
             Execution mode: llap
             Reduce Operator Tree:
@@ -3983,7 +3983,7 @@ STAGE PLANS:
                         TopN Hash Memory Usage: 0.1
                         value expressions: _col0 (type: string), _col1 (type: string), _col2 (type: string), _col3 (type: string), _col4 (type: int)
             Execution mode: vectorized, llap
-            LLAP IO: no inputs
+            LLAP IO: all inputs
         Reducer 2 
             Execution mode: llap
             Reduce Operator Tree:
@@ -4259,7 +4259,7 @@ STAGE PLANS:
                             Statistics: Num rows: 1 Data size: 472 Basic stats: COMPLETE Column stats: COMPLETE
                             value expressions: _col0 (type: int), _col1 (type: struct<count:bigint,sum:double,input:int>), _col2 (type: bigint), _col3 (type: bigint), _col4 (type: binary), _col5 (type: int), _col6 (type: struct<count:bigint,sum:double,input:int>), _col7 (type: bigint), _col8 (type: binary)
             Execution mode: llap
-            LLAP IO: no inputs
+            LLAP IO: all inputs
         Reducer 2 
             Execution mode: llap
             Reduce Operator Tree:
@@ -6197,7 +6197,7 @@ STAGE PLANS:
                             Statistics: Num rows: 1 Data size: 168 Basic stats: COMPLETE Column stats: COMPLETE
                             value expressions: _col0 (type: int), _col1 (type: int), _col2 (type: bigint), _col3 (type: bigint), _col4 (type: binary)
             Execution mode: llap
-            LLAP IO: no inputs
+            LLAP IO: all inputs
         Reducer 2 
             Execution mode: llap
             Reduce Operator Tree:
@@ -6300,7 +6300,7 @@ STAGE PLANS:
                         Statistics: Num rows: 500 Data size: 89000 Basic stats: COMPLETE Column stats: COMPLETE
                         value expressions: _col0 (type: string)
             Execution mode: vectorized, llap
-            LLAP IO: no inputs
+            LLAP IO: all inputs
         Reducer 2 
             Execution mode: llap
             Reduce Operator Tree:
diff --git a/ql/src/test/results/clientpositive/llap/escape_clusterby1.q.out b/ql/src/test/results/clientpositive/llap/escape_clusterby1.q.out
index 968e1ade8e..38ae9d4196 100644
--- a/ql/src/test/results/clientpositive/llap/escape_clusterby1.q.out
+++ b/ql/src/test/results/clientpositive/llap/escape_clusterby1.q.out
@@ -36,7 +36,7 @@ STAGE PLANS:
                       Map-reduce partition columns: _col0 (type: string), _col1 (type: string)
                       Statistics: Num rows: 500 Data size: 89000 Basic stats: COMPLETE Column stats: COMPLETE
             Execution mode: vectorized, llap
-            LLAP IO: no inputs
+            LLAP IO: all inputs
         Reducer 2 
             Execution mode: vectorized, llap
             Reduce Operator Tree:
@@ -96,7 +96,7 @@ STAGE PLANS:
                       Map-reduce partition columns: _col0 (type: string), _col1 (type: string)
                       Statistics: Num rows: 500 Data size: 89000 Basic stats: COMPLETE Column stats: COMPLETE
             Execution mode: vectorized, llap
-            LLAP IO: no inputs
+            LLAP IO: all inputs
         Reducer 2 
             Execution mode: vectorized, llap
             Reduce Operator Tree:
diff --git a/ql/src/test/results/clientpositive/llap/escape_distributeby1.q.out b/ql/src/test/results/clientpositive/llap/escape_distributeby1.q.out
index 0b601fe14d..a528673051 100644
--- a/ql/src/test/results/clientpositive/llap/escape_distributeby1.q.out
+++ b/ql/src/test/results/clientpositive/llap/escape_distributeby1.q.out
@@ -36,7 +36,7 @@ STAGE PLANS:
                       Statistics: Num rows: 500 Data size: 89000 Basic stats: COMPLETE Column stats: COMPLETE
                       value expressions: _col0 (type: string), _col1 (type: string)
             Execution mode: vectorized, llap
-            LLAP IO: no inputs
+            LLAP IO: all inputs
         Reducer 2 
             Execution mode: vectorized, llap
             Reduce Operator Tree:
@@ -96,7 +96,7 @@ STAGE PLANS:
                       Statistics: Num rows: 500 Data size: 89000 Basic stats: COMPLETE Column stats: COMPLETE
                       value expressions: _col0 (type: string), _col1 (type: string)
             Execution mode: vectorized, llap
-            LLAP IO: no inputs
+            LLAP IO: all inputs
         Reducer 2 
             Execution mode: vectorized, llap
             Reduce Operator Tree:
diff --git a/ql/src/test/results/clientpositive/llap/escape_orderby1.q.out b/ql/src/test/results/clientpositive/llap/escape_orderby1.q.out
index e384133465..f5459a8333 100644
--- a/ql/src/test/results/clientpositive/llap/escape_orderby1.q.out
+++ b/ql/src/test/results/clientpositive/llap/escape_orderby1.q.out
@@ -35,7 +35,7 @@ STAGE PLANS:
                       sort order: ++
                       Statistics: Num rows: 500 Data size: 89000 Basic stats: COMPLETE Column stats: COMPLETE
             Execution mode: vectorized, llap
-            LLAP IO: no inputs
+            LLAP IO: all inputs
         Reducer 2 
             Execution mode: vectorized, llap
             Reduce Operator Tree:
@@ -94,7 +94,7 @@ STAGE PLANS:
                       sort order: ++
                       Statistics: Num rows: 500 Data size: 89000 Basic stats: COMPLETE Column stats: COMPLETE
             Execution mode: vectorized, llap
-            LLAP IO: no inputs
+            LLAP IO: all inputs
         Reducer 2 
             Execution mode: vectorized, llap
             Reduce Operator Tree:
diff --git a/ql/src/test/results/clientpositive/llap/escape_sortby1.q.out b/ql/src/test/results/clientpositive/llap/escape_sortby1.q.out
index 032af8ac48..5fa69d14bc 100644
--- a/ql/src/test/results/clientpositive/llap/escape_sortby1.q.out
+++ b/ql/src/test/results/clientpositive/llap/escape_sortby1.q.out
@@ -35,7 +35,7 @@ STAGE PLANS:
                       sort order: ++
                       Statistics: Num rows: 500 Data size: 89000 Basic stats: COMPLETE Column stats: COMPLETE
             Execution mode: vectorized, llap
-            LLAP IO: no inputs
+            LLAP IO: all inputs
         Reducer 2 
             Execution mode: vectorized, llap
             Reduce Operator Tree:
@@ -94,7 +94,7 @@ STAGE PLANS:
                       sort order: ++
                       Statistics: Num rows: 500 Data size: 89000 Basic stats: COMPLETE Column stats: COMPLETE
             Execution mode: vectorized, llap
-            LLAP IO: no inputs
+            LLAP IO: all inputs
         Reducer 2 
             Execution mode: vectorized, llap
             Reduce Operator Tree:
diff --git a/ql/src/test/results/clientpositive/llap/except_all.q.out b/ql/src/test/results/clientpositive/llap/except_all.q.out
index 1edefb2874..869d933d63 100644
--- a/ql/src/test/results/clientpositive/llap/except_all.q.out
+++ b/ql/src/test/results/clientpositive/llap/except_all.q.out
@@ -256,7 +256,7 @@ STAGE PLANS:
                         Statistics: Num rows: 250 Data size: 46500 Basic stats: COMPLETE Column stats: COMPLETE
                         value expressions: _col2 (type: bigint)
             Execution mode: vectorized, llap
-            LLAP IO: no inputs
+            LLAP IO: all inputs
         Map 5 
             Map Operator Tree:
                 TableScan
@@ -281,7 +281,7 @@ STAGE PLANS:
                         Statistics: Num rows: 250 Data size: 46500 Basic stats: COMPLETE Column stats: COMPLETE
                         value expressions: _col2 (type: bigint)
             Execution mode: vectorized, llap
-            LLAP IO: no inputs
+            LLAP IO: all inputs
         Reducer 2 
             Execution mode: vectorized, llap
             Reduce Operator Tree:
@@ -453,7 +453,7 @@ STAGE PLANS:
                         Statistics: Num rows: 250 Data size: 46500 Basic stats: COMPLETE Column stats: COMPLETE
                         value expressions: _col2 (type: bigint)
             Execution mode: vectorized, llap
-            LLAP IO: no inputs
+            LLAP IO: all inputs
         Map 12 
             Map Operator Tree:
                 TableScan
@@ -478,7 +478,7 @@ STAGE PLANS:
                         Statistics: Num rows: 250 Data size: 46500 Basic stats: COMPLETE Column stats: COMPLETE
                         value expressions: _col2 (type: bigint)
             Execution mode: vectorized, llap
-            LLAP IO: no inputs
+            LLAP IO: all inputs
         Reducer 10 
             Execution mode: vectorized, llap
             Reduce Operator Tree:
@@ -802,7 +802,7 @@ STAGE PLANS:
                         Map-reduce partition columns: _col0 (type: int)
                         Statistics: Num rows: 2 Data size: 8 Basic stats: COMPLETE Column stats: COMPLETE
             Execution mode: vectorized, llap
-            LLAP IO: no inputs
+            LLAP IO: all inputs
         Map 5 
             Map Operator Tree:
                 TableScan
@@ -825,7 +825,7 @@ STAGE PLANS:
                         Map-reduce partition columns: _col0 (type: int)
                         Statistics: Num rows: 2 Data size: 8 Basic stats: COMPLETE Column stats: COMPLETE
             Execution mode: vectorized, llap
-            LLAP IO: no inputs
+            LLAP IO: all inputs
         Reducer 2 
             Execution mode: vectorized, llap
             Reduce Operator Tree:
diff --git a/ql/src/test/results/clientpositive/llap/except_distinct.q.out b/ql/src/test/results/clientpositive/llap/except_distinct.q.out
index e84e62831c..6cb03645f6 100644
--- a/ql/src/test/results/clientpositive/llap/except_distinct.q.out
+++ b/ql/src/test/results/clientpositive/llap/except_distinct.q.out
@@ -247,7 +247,7 @@ STAGE PLANS:
                         Statistics: Num rows: 250 Data size: 46500 Basic stats: COMPLETE Column stats: COMPLETE
                         value expressions: _col2 (type: bigint)
             Execution mode: vectorized, llap
-            LLAP IO: no inputs
+            LLAP IO: all inputs
         Map 5 
             Map Operator Tree:
                 TableScan
@@ -272,7 +272,7 @@ STAGE PLANS:
                         Statistics: Num rows: 250 Data size: 46500 Basic stats: COMPLETE Column stats: COMPLETE
                         value expressions: _col2 (type: bigint)
             Execution mode: vectorized, llap
-            LLAP IO: no inputs
+            LLAP IO: all inputs
         Reducer 2 
             Execution mode: vectorized, llap
             Reduce Operator Tree:
@@ -439,7 +439,7 @@ STAGE PLANS:
                         Statistics: Num rows: 250 Data size: 46500 Basic stats: COMPLETE Column stats: COMPLETE
                         value expressions: _col2 (type: bigint)
             Execution mode: vectorized, llap
-            LLAP IO: no inputs
+            LLAP IO: all inputs
         Map 11 
             Map Operator Tree:
                 TableScan
@@ -464,7 +464,7 @@ STAGE PLANS:
                         Statistics: Num rows: 250 Data size: 46500 Basic stats: COMPLETE Column stats: COMPLETE
                         value expressions: _col2 (type: bigint)
             Execution mode: vectorized, llap
-            LLAP IO: no inputs
+            LLAP IO: all inputs
         Reducer 10 
             Execution mode: vectorized, llap
             Reduce Operator Tree:
@@ -767,7 +767,7 @@ STAGE PLANS:
                         Map-reduce partition columns: _col0 (type: int)
                         Statistics: Num rows: 2 Data size: 8 Basic stats: COMPLETE Column stats: COMPLETE
             Execution mode: vectorized, llap
-            LLAP IO: no inputs
+            LLAP IO: all inputs
         Map 5 
             Map Operator Tree:
                 TableScan
@@ -790,7 +790,7 @@ STAGE PLANS:
                         Map-reduce partition columns: _col0 (type: int)
                         Statistics: Num rows: 2 Data size: 8 Basic stats: COMPLETE Column stats: COMPLETE
             Execution mode: vectorized, llap
-            LLAP IO: no inputs
+            LLAP IO: all inputs
         Reducer 2 
             Execution mode: vectorized, llap
             Reduce Operator Tree:
diff --git a/ql/src/test/results/clientpositive/llap/exec_parallel_column_stats.q.out b/ql/src/test/results/clientpositive/llap/exec_parallel_column_stats.q.out
index 78355ce411..5f4476394b 100644
--- a/ql/src/test/results/clientpositive/llap/exec_parallel_column_stats.q.out
+++ b/ql/src/test/results/clientpositive/llap/exec_parallel_column_stats.q.out
@@ -53,7 +53,7 @@ STAGE PLANS:
                         Statistics: Num rows: 1 Data size: 472 Basic stats: COMPLETE Column stats: COMPLETE
                         value expressions: _col0 (type: int), _col1 (type: struct<count:bigint,sum:double,input:int>), _col2 (type: bigint), _col3 (type: bigint), _col4 (type: binary), _col5 (type: int), _col6 (type: struct<count:bigint,sum:double,input:int>), _col7 (type: bigint), _col8 (type: binary)
             Execution mode: llap
-            LLAP IO: no inputs
+            LLAP IO: all inputs
         Reducer 2 
             Execution mode: llap
             Reduce Operator Tree:
diff --git a/ql/src/test/results/clientpositive/llap/explain_ddl.q.out b/ql/src/test/results/clientpositive/llap/explain_ddl.q.out
index 974bfd1810..173247421b 100644
--- a/ql/src/test/results/clientpositive/llap/explain_ddl.q.out
+++ b/ql/src/test/results/clientpositive/llap/explain_ddl.q.out
@@ -100,7 +100,7 @@ STAGE PLANS:
                           Statistics: Num rows: 1 Data size: 472 Basic stats: COMPLETE Column stats: COMPLETE
                           value expressions: _col0 (type: int), _col1 (type: struct<count:bigint,sum:double,input:int>), _col2 (type: bigint), _col3 (type: bigint), _col4 (type: binary), _col5 (type: int), _col6 (type: struct<count:bigint,sum:double,input:int>), _col7 (type: bigint), _col8 (type: binary)
             Execution mode: llap
-            LLAP IO: no inputs
+            LLAP IO: all inputs
         Reducer 2 
             Execution mode: llap
             Reduce Operator Tree:
@@ -204,7 +204,7 @@ STAGE PLANS:
                           Statistics: Num rows: 1 Data size: 472 Basic stats: COMPLETE Column stats: COMPLETE
                           value expressions: _col0 (type: int), _col1 (type: struct<count:bigint,sum:double,input:int>), _col2 (type: bigint), _col3 (type: bigint), _col4 (type: binary), _col5 (type: int), _col6 (type: struct<count:bigint,sum:double,input:int>), _col7 (type: bigint), _col8 (type: binary)
             Execution mode: llap
-            LLAP IO: no inputs
+            LLAP IO: all inputs
         Reducer 2 
             Execution mode: llap
             Reduce Operator Tree:
@@ -312,7 +312,7 @@ STAGE PLANS:
                           Statistics: Num rows: 1 Data size: 472 Basic stats: COMPLETE Column stats: COMPLETE
                           value expressions: _col0 (type: int), _col1 (type: struct<count:bigint,sum:double,input:int>), _col2 (type: bigint), _col3 (type: bigint), _col4 (type: binary), _col5 (type: int), _col6 (type: struct<count:bigint,sum:double,input:int>), _col7 (type: bigint), _col8 (type: binary)
             Execution mode: llap
-            LLAP IO: no inputs
+            LLAP IO: all inputs
         Reducer 2 
             Execution mode: llap
             Reduce Operator Tree:
@@ -416,7 +416,7 @@ STAGE PLANS:
                           Statistics: Num rows: 1 Data size: 472 Basic stats: COMPLETE Column stats: COMPLETE
                           value expressions: _col0 (type: int), _col1 (type: struct<count:bigint,sum:double,input:int>), _col2 (type: bigint), _col3 (type: bigint), _col4 (type: binary), _col5 (type: int), _col6 (type: struct<count:bigint,sum:double,input:int>), _col7 (type: bigint), _col8 (type: binary)
             Execution mode: llap
-            LLAP IO: no inputs
+            LLAP IO: all inputs
         Reducer 2 
             Execution mode: llap
             Reduce Operator Tree:
@@ -607,7 +607,7 @@ STAGE PLANS:
                           Statistics: Num rows: 1 Data size: 472 Basic stats: COMPLETE Column stats: COMPLETE
                           value expressions: _col0 (type: int), _col1 (type: struct<count:bigint,sum:double,input:int>), _col2 (type: bigint), _col3 (type: bigint), _col4 (type: binary), _col5 (type: int), _col6 (type: struct<count:bigint,sum:double,input:int>), _col7 (type: bigint), _col8 (type: binary)
             Execution mode: llap
-            LLAP IO: no inputs
+            LLAP IO: all inputs
         Reducer 2 
             Execution mode: llap
             Reduce Operator Tree:
diff --git a/ql/src/test/results/clientpositive/llap/external_jdbc_table.q.out b/ql/src/test/results/clientpositive/llap/external_jdbc_table.q.out
index ac7b510074..e1ecf80ea0 100644
--- a/ql/src/test/results/clientpositive/llap/external_jdbc_table.q.out
+++ b/ql/src/test/results/clientpositive/llap/external_jdbc_table.q.out
@@ -469,7 +469,7 @@ STAGE PLANS:
                         Statistics: Num rows: 1 Data size: 8 Basic stats: COMPLETE Column stats: NONE
                         value expressions: _col1 (type: float)
             Execution mode: vectorized, llap
-            LLAP IO: no inputs
+            LLAP IO: all inputs
         Map 3 
             Map Operator Tree:
                 TableScan
diff --git a/ql/src/test/results/clientpositive/llap/fetch_aggregation.q.out b/ql/src/test/results/clientpositive/llap/fetch_aggregation.q.out
index 655028b6e5..65d6832396 100644
--- a/ql/src/test/results/clientpositive/llap/fetch_aggregation.q.out
+++ b/ql/src/test/results/clientpositive/llap/fetch_aggregation.q.out
@@ -40,7 +40,7 @@ STAGE PLANS:
                             output format: org.apache.hadoop.hive.ql.io.HiveSequenceFileOutputFormat
                             serde: org.apache.hadoop.hive.serde2.lazybinary.LazyBinarySerDe
             Execution mode: llap
-            LLAP IO: no inputs
+            LLAP IO: all inputs
 
   Stage: Stage-0
     Fetch Operator
diff --git a/ql/src/test/results/clientpositive/llap/filter_aggr.q.out b/ql/src/test/results/clientpositive/llap/filter_aggr.q.out
index 11c946bb7f..96208b681d 100644
--- a/ql/src/test/results/clientpositive/llap/filter_aggr.q.out
+++ b/ql/src/test/results/clientpositive/llap/filter_aggr.q.out
@@ -64,7 +64,7 @@ STAGE PLANS:
                         value expressions: _col1 (type: bigint)
                         auto parallelism: true
             Execution mode: vectorized, llap
-            LLAP IO: no inputs
+            LLAP IO: all inputs
             Path -> Alias:
 #### A masked pattern was here ####
             Path -> Partition:
diff --git a/ql/src/test/results/clientpositive/llap/filter_cond_pushdown.q.out b/ql/src/test/results/clientpositive/llap/filter_cond_pushdown.q.out
index 4940091057..19e9324750 100644
--- a/ql/src/test/results/clientpositive/llap/filter_cond_pushdown.q.out
+++ b/ql/src/test/results/clientpositive/llap/filter_cond_pushdown.q.out
@@ -46,7 +46,7 @@ STAGE PLANS:
                         Statistics: Num rows: 3 Data size: 285 Basic stats: COMPLETE Column stats: COMPLETE
                         value expressions: _col1 (type: boolean), _col2 (type: boolean)
             Execution mode: vectorized, llap
-            LLAP IO: no inputs
+            LLAP IO: all inputs
         Map 4 
             Map Operator Tree:
                 TableScan
@@ -81,7 +81,7 @@ STAGE PLANS:
                         Statistics: Num rows: 500 Data size: 91000 Basic stats: COMPLETE Column stats: COMPLETE
                         value expressions: _col1 (type: string), _col2 (type: boolean)
             Execution mode: vectorized, llap
-            LLAP IO: no inputs
+            LLAP IO: all inputs
         Reducer 2 
             Execution mode: llap
             Reduce Operator Tree:
@@ -178,7 +178,7 @@ STAGE PLANS:
                         Statistics: Num rows: 5 Data size: 475 Basic stats: COMPLETE Column stats: COMPLETE
                         value expressions: _col1 (type: boolean), _col2 (type: boolean)
             Execution mode: vectorized, llap
-            LLAP IO: no inputs
+            LLAP IO: all inputs
         Map 4 
             Map Operator Tree:
                 TableScan
@@ -213,7 +213,7 @@ STAGE PLANS:
                         Statistics: Num rows: 500 Data size: 91000 Basic stats: COMPLETE Column stats: COMPLETE
                         value expressions: _col1 (type: string), _col2 (type: boolean)
             Execution mode: vectorized, llap
-            LLAP IO: no inputs
+            LLAP IO: all inputs
         Reducer 2 
             Execution mode: llap
             Reduce Operator Tree:
@@ -328,7 +328,7 @@ STAGE PLANS:
                         Statistics: Num rows: 10 Data size: 930 Basic stats: COMPLETE Column stats: COMPLETE
                         value expressions: _col1 (type: float), _col2 (type: boolean)
             Execution mode: vectorized, llap
-            LLAP IO: no inputs
+            LLAP IO: all inputs
         Map 4 
             Map Operator Tree:
                 TableScan
@@ -350,7 +350,7 @@ STAGE PLANS:
                         Statistics: Num rows: 3 Data size: 267 Basic stats: COMPLETE Column stats: COMPLETE
                         value expressions: _col1 (type: float)
             Execution mode: vectorized, llap
-            LLAP IO: no inputs
+            LLAP IO: all inputs
         Map 5 
             Map Operator Tree:
                 TableScan
@@ -371,7 +371,7 @@ STAGE PLANS:
                         Map-reduce partition columns: _col0 (type: string)
                         Statistics: Num rows: 10 Data size: 850 Basic stats: COMPLETE Column stats: COMPLETE
             Execution mode: vectorized, llap
-            LLAP IO: no inputs
+            LLAP IO: all inputs
         Reducer 2 
             Execution mode: llap
             Reduce Operator Tree:
@@ -466,7 +466,7 @@ STAGE PLANS:
                         Statistics: Num rows: 500 Data size: 93000 Basic stats: COMPLETE Column stats: COMPLETE
                         value expressions: _col1 (type: string), _col2 (type: boolean), _col3 (type: boolean)
             Execution mode: vectorized, llap
-            LLAP IO: no inputs
+            LLAP IO: all inputs
         Map 3 
             Map Operator Tree:
                 TableScan
@@ -488,7 +488,7 @@ STAGE PLANS:
                         Statistics: Num rows: 3 Data size: 558 Basic stats: COMPLETE Column stats: COMPLETE
                         value expressions: _col1 (type: string), _col2 (type: boolean), _col3 (type: boolean)
             Execution mode: vectorized, llap
-            LLAP IO: no inputs
+            LLAP IO: all inputs
         Reducer 2 
             Execution mode: llap
             Reduce Operator Tree:
diff --git a/ql/src/test/results/clientpositive/llap/filter_cond_pushdown2.q.out b/ql/src/test/results/clientpositive/llap/filter_cond_pushdown2.q.out
index e317488d4e..d0098871c7 100644
--- a/ql/src/test/results/clientpositive/llap/filter_cond_pushdown2.q.out
+++ b/ql/src/test/results/clientpositive/llap/filter_cond_pushdown2.q.out
@@ -137,7 +137,7 @@ STAGE PLANS:
                           Map-reduce partition columns: _col0 (type: int), _col1 (type: string)
                           Statistics: Num rows: 1 Data size: 192 Basic stats: COMPLETE Column stats: NONE
             Execution mode: vectorized, llap
-            LLAP IO: no inputs
+            LLAP IO: all inputs
         Map 5 
             Map Operator Tree:
                 TableScan
@@ -163,7 +163,7 @@ STAGE PLANS:
                           Map-reduce partition columns: _col0 (type: int), _col1 (type: string)
                           Statistics: Num rows: 1 Data size: 192 Basic stats: COMPLETE Column stats: NONE
             Execution mode: vectorized, llap
-            LLAP IO: no inputs
+            LLAP IO: all inputs
         Reducer 2 
             Reduce Operator Tree:
               Group By Operator
diff --git a/ql/src/test/results/clientpositive/llap/filter_cond_pushdown_HIVE_15647.q.out b/ql/src/test/results/clientpositive/llap/filter_cond_pushdown_HIVE_15647.q.out
index f26100c20a..e849046b97 100644
--- a/ql/src/test/results/clientpositive/llap/filter_cond_pushdown_HIVE_15647.q.out
+++ b/ql/src/test/results/clientpositive/llap/filter_cond_pushdown_HIVE_15647.q.out
@@ -59,7 +59,7 @@ STAGE PLANS:
                       Map-reduce partition columns: store_id (type: int)
                       Statistics: Num rows: 1 Data size: 12 Basic stats: COMPLETE Column stats: NONE
             Execution mode: vectorized, llap
-            LLAP IO: no inputs
+            LLAP IO: all inputs
         Map 4 
             Map Operator Tree:
                 TableScan
@@ -76,7 +76,7 @@ STAGE PLANS:
                       Map-reduce partition columns: store_id (type: int)
                       Statistics: Num rows: 1 Data size: 8 Basic stats: COMPLETE Column stats: NONE
             Execution mode: vectorized, llap
-            LLAP IO: no inputs
+            LLAP IO: all inputs
         Reducer 2 
             Execution mode: llap
             Reduce Operator Tree:
@@ -165,7 +165,7 @@ STAGE PLANS:
                       Map-reduce partition columns: store_id (type: int)
                       Statistics: Num rows: 1 Data size: 12 Basic stats: COMPLETE Column stats: NONE
             Execution mode: vectorized, llap
-            LLAP IO: no inputs
+            LLAP IO: all inputs
         Map 4 
             Map Operator Tree:
                 TableScan
@@ -182,7 +182,7 @@ STAGE PLANS:
                       Map-reduce partition columns: store_id (type: int)
                       Statistics: Num rows: 1 Data size: 8 Basic stats: COMPLETE Column stats: NONE
             Execution mode: vectorized, llap
-            LLAP IO: no inputs
+            LLAP IO: all inputs
         Reducer 2 
             Execution mode: llap
             Reduce Operator Tree:
@@ -271,7 +271,7 @@ STAGE PLANS:
                       Map-reduce partition columns: store_id (type: int)
                       Statistics: Num rows: 1 Data size: 12 Basic stats: COMPLETE Column stats: NONE
             Execution mode: vectorized, llap
-            LLAP IO: no inputs
+            LLAP IO: all inputs
         Map 4 
             Map Operator Tree:
                 TableScan
@@ -288,7 +288,7 @@ STAGE PLANS:
                       Map-reduce partition columns: store_id (type: int)
                       Statistics: Num rows: 1 Data size: 8 Basic stats: COMPLETE Column stats: NONE
             Execution mode: vectorized, llap
-            LLAP IO: no inputs
+            LLAP IO: all inputs
         Reducer 2 
             Execution mode: llap
             Reduce Operator Tree:
@@ -377,7 +377,7 @@ STAGE PLANS:
                       Map-reduce partition columns: store_id (type: int)
                       Statistics: Num rows: 1 Data size: 12 Basic stats: COMPLETE Column stats: NONE
             Execution mode: vectorized, llap
-            LLAP IO: no inputs
+            LLAP IO: all inputs
         Map 4 
             Map Operator Tree:
                 TableScan
@@ -394,7 +394,7 @@ STAGE PLANS:
                       Map-reduce partition columns: store_id (type: int)
                       Statistics: Num rows: 1 Data size: 8 Basic stats: COMPLETE Column stats: NONE
             Execution mode: vectorized, llap
-            LLAP IO: no inputs
+            LLAP IO: all inputs
         Reducer 2 
             Execution mode: llap
             Reduce Operator Tree:
diff --git a/ql/src/test/results/clientpositive/llap/filter_join_breaktask.q.out b/ql/src/test/results/clientpositive/llap/filter_join_breaktask.q.out
index 5cd41560b8..7500a78ab5 100644
--- a/ql/src/test/results/clientpositive/llap/filter_join_breaktask.q.out
+++ b/ql/src/test/results/clientpositive/llap/filter_join_breaktask.q.out
@@ -84,7 +84,7 @@ STAGE PLANS:
                         value expressions: _col1 (type: string)
                         auto parallelism: true
             Execution mode: vectorized, llap
-            LLAP IO: no inputs
+            LLAP IO: all inputs
             Path -> Alias:
 #### A masked pattern was here ####
             Path -> Partition:
@@ -170,7 +170,7 @@ STAGE PLANS:
                         tag: 0
                         auto parallelism: true
             Execution mode: vectorized, llap
-            LLAP IO: no inputs
+            LLAP IO: all inputs
             Path -> Alias:
 #### A masked pattern was here ####
             Path -> Partition:
diff --git a/ql/src/test/results/clientpositive/llap/filter_union.q.out b/ql/src/test/results/clientpositive/llap/filter_union.q.out
index 2e472ef840..42bf7bd8b9 100644
--- a/ql/src/test/results/clientpositive/llap/filter_union.q.out
+++ b/ql/src/test/results/clientpositive/llap/filter_union.q.out
@@ -77,7 +77,7 @@ STAGE PLANS:
                         value expressions: _col1 (type: bigint)
                         auto parallelism: true
             Execution mode: vectorized, llap
-            LLAP IO: no inputs
+            LLAP IO: all inputs
             Path -> Alias:
 #### A masked pattern was here ####
             Path -> Partition:
@@ -144,7 +144,7 @@ STAGE PLANS:
                         value expressions: _col1 (type: bigint)
                         auto parallelism: true
             Execution mode: vectorized, llap
-            LLAP IO: no inputs
+            LLAP IO: all inputs
             Path -> Alias:
 #### A masked pattern was here ####
             Path -> Partition:
@@ -333,7 +333,7 @@ STAGE PLANS:
                         Statistics: Num rows: 250 Data size: 23750 Basic stats: COMPLETE Column stats: COMPLETE
                         value expressions: _col1 (type: bigint)
             Execution mode: vectorized, llap
-            LLAP IO: no inputs
+            LLAP IO: all inputs
         Reducer 2 
             Execution mode: vectorized, llap
             Reduce Operator Tree:
@@ -427,7 +427,7 @@ STAGE PLANS:
                         Statistics: Num rows: 250 Data size: 23750 Basic stats: COMPLETE Column stats: COMPLETE
                         value expressions: _col1 (type: bigint)
             Execution mode: vectorized, llap
-            LLAP IO: no inputs
+            LLAP IO: all inputs
         Reducer 2 
             Execution mode: vectorized, llap
             Reduce Operator Tree:
@@ -527,7 +527,7 @@ STAGE PLANS:
                           Statistics: Num rows: 250 Data size: 23750 Basic stats: COMPLETE Column stats: COMPLETE
                           value expressions: _col1 (type: bigint)
             Execution mode: vectorized, llap
-            LLAP IO: no inputs
+            LLAP IO: all inputs
         Reducer 2 
             Execution mode: vectorized, llap
             Reduce Operator Tree:
diff --git a/ql/src/test/results/clientpositive/llap/fm-sketch.q.out b/ql/src/test/results/clientpositive/llap/fm-sketch.q.out
index 4b8e3f83ea..01bb188b8b 100644
--- a/ql/src/test/results/clientpositive/llap/fm-sketch.q.out
+++ b/ql/src/test/results/clientpositive/llap/fm-sketch.q.out
@@ -58,7 +58,7 @@ STAGE PLANS:
                         Statistics: Num rows: 1 Data size: 168 Basic stats: COMPLETE Column stats: COMPLETE
                         value expressions: _col0 (type: int), _col1 (type: int), _col2 (type: bigint), _col3 (type: bigint), _col4 (type: binary)
             Execution mode: llap
-            LLAP IO: no inputs
+            LLAP IO: all inputs
         Reducer 2 
             Execution mode: llap
             Reduce Operator Tree:
@@ -176,7 +176,7 @@ STAGE PLANS:
                         Statistics: Num rows: 1 Data size: 168 Basic stats: COMPLETE Column stats: COMPLETE
                         value expressions: _col0 (type: int), _col1 (type: int), _col2 (type: bigint), _col3 (type: bigint), _col4 (type: binary)
             Execution mode: llap
-            LLAP IO: no inputs
+            LLAP IO: all inputs
         Reducer 2 
             Execution mode: llap
             Reduce Operator Tree:
diff --git a/ql/src/test/results/clientpositive/llap/fold_case.q.out b/ql/src/test/results/clientpositive/llap/fold_case.q.out
index b748a46cfe..5c5f8f8d32 100644
--- a/ql/src/test/results/clientpositive/llap/fold_case.q.out
+++ b/ql/src/test/results/clientpositive/llap/fold_case.q.out
@@ -43,7 +43,7 @@ STAGE PLANS:
                           Statistics: Num rows: 1 Data size: 8 Basic stats: COMPLETE Column stats: COMPLETE
                           value expressions: _col0 (type: bigint)
             Execution mode: vectorized, llap
-            LLAP IO: no inputs
+            LLAP IO: all inputs
         Reducer 2 
             Execution mode: vectorized, llap
             Reduce Operator Tree:
@@ -111,7 +111,7 @@ STAGE PLANS:
                           Statistics: Num rows: 1 Data size: 8 Basic stats: COMPLETE Column stats: COMPLETE
                           value expressions: _col0 (type: bigint)
             Execution mode: vectorized, llap
-            LLAP IO: no inputs
+            LLAP IO: all inputs
         Reducer 2 
             Execution mode: vectorized, llap
             Reduce Operator Tree:
@@ -266,7 +266,7 @@ STAGE PLANS:
                           Statistics: Num rows: 1 Data size: 8 Basic stats: COMPLETE Column stats: COMPLETE
                           value expressions: _col0 (type: bigint)
             Execution mode: vectorized, llap
-            LLAP IO: no inputs
+            LLAP IO: all inputs
         Reducer 2 
             Execution mode: vectorized, llap
             Reduce Operator Tree:
@@ -401,7 +401,7 @@ STAGE PLANS:
                           Statistics: Num rows: 1 Data size: 8 Basic stats: COMPLETE Column stats: COMPLETE
                           value expressions: _col0 (type: bigint)
             Execution mode: vectorized, llap
-            LLAP IO: no inputs
+            LLAP IO: all inputs
         Reducer 2 
             Execution mode: vectorized, llap
             Reduce Operator Tree:
@@ -525,7 +525,7 @@ STAGE PLANS:
                           Statistics: Num rows: 1 Data size: 8 Basic stats: COMPLETE Column stats: COMPLETE
                           value expressions: _col0 (type: bigint)
             Execution mode: vectorized, llap
-            LLAP IO: no inputs
+            LLAP IO: all inputs
         Reducer 2 
             Execution mode: vectorized, llap
             Reduce Operator Tree:
diff --git a/ql/src/test/results/clientpositive/llap/fold_eq_with_case_when.q.out b/ql/src/test/results/clientpositive/llap/fold_eq_with_case_when.q.out
index c6d0a6faa5..e9dfff3fa7 100644
--- a/ql/src/test/results/clientpositive/llap/fold_eq_with_case_when.q.out
+++ b/ql/src/test/results/clientpositive/llap/fold_eq_with_case_when.q.out
@@ -74,7 +74,7 @@ STAGE PLANS:
                           Statistics: Num rows: 3 Data size: 60 Basic stats: COMPLETE Column stats: COMPLETE
                           value expressions: _col1 (type: double), _col2 (type: bigint)
             Execution mode: vectorized, llap
-            LLAP IO: no inputs
+            LLAP IO: all inputs
         Reducer 2 
             Execution mode: vectorized, llap
             Reduce Operator Tree:
diff --git a/ql/src/test/results/clientpositive/llap/fold_to_null.q.out b/ql/src/test/results/clientpositive/llap/fold_to_null.q.out
index d6749dace2..da0f312db3 100644
--- a/ql/src/test/results/clientpositive/llap/fold_to_null.q.out
+++ b/ql/src/test/results/clientpositive/llap/fold_to_null.q.out
@@ -79,7 +79,7 @@ STAGE PLANS:
                         Statistics: Num rows: 1 Data size: 4 Basic stats: COMPLETE Column stats: COMPLETE
                         value expressions: _col0 (type: int)
             Execution mode: vectorized, llap
-            LLAP IO: no inputs
+            LLAP IO: all inputs
         Map 4 
             Map Operator Tree:
                 TableScan
@@ -92,7 +92,7 @@ STAGE PLANS:
                       sort order: 
                       Statistics: Num rows: 1 Data size: 0 Basic stats: PARTIAL Column stats: COMPLETE
             Execution mode: vectorized, llap
-            LLAP IO: no inputs
+            LLAP IO: all inputs
         Map 5 
             Map Operator Tree:
                 TableScan
@@ -105,7 +105,7 @@ STAGE PLANS:
                       sort order: 
                       Statistics: Num rows: 1 Data size: 0 Basic stats: PARTIAL Column stats: COMPLETE
             Execution mode: vectorized, llap
-            LLAP IO: no inputs
+            LLAP IO: all inputs
         Reducer 2 
             Execution mode: llap
             Reduce Operator Tree:
@@ -196,7 +196,7 @@ STAGE PLANS:
                         Map-reduce partition columns: _col0 (type: int)
                         Statistics: Num rows: 1 Data size: 4 Basic stats: COMPLETE Column stats: COMPLETE
             Execution mode: vectorized, llap
-            LLAP IO: no inputs
+            LLAP IO: all inputs
         Map 4 
             Map Operator Tree:
                 TableScan
@@ -217,7 +217,7 @@ STAGE PLANS:
                         Map-reduce partition columns: _col0 (type: int)
                         Statistics: Num rows: 1 Data size: 4 Basic stats: COMPLETE Column stats: NONE
             Execution mode: vectorized, llap
-            LLAP IO: no inputs
+            LLAP IO: all inputs
         Map 5 
             Map Operator Tree:
                 TableScan
@@ -238,7 +238,7 @@ STAGE PLANS:
                         Map-reduce partition columns: _col0 (type: int)
                         Statistics: Num rows: 1 Data size: 4 Basic stats: COMPLETE Column stats: NONE
             Execution mode: vectorized, llap
-            LLAP IO: no inputs
+            LLAP IO: all inputs
         Reducer 2 
             Execution mode: llap
             Reduce Operator Tree:
diff --git a/ql/src/test/results/clientpositive/llap/fouter_join_ppr.q.out b/ql/src/test/results/clientpositive/llap/fouter_join_ppr.q.out
index 387643aece..4df1fa987d 100644
--- a/ql/src/test/results/clientpositive/llap/fouter_join_ppr.q.out
+++ b/ql/src/test/results/clientpositive/llap/fouter_join_ppr.q.out
@@ -72,7 +72,7 @@ STAGE PLANS:
                         value expressions: _col1 (type: string)
                         auto parallelism: true
             Execution mode: vectorized, llap
-            LLAP IO: no inputs
+            LLAP IO: all inputs
             Path -> Alias:
 #### A masked pattern was here ####
             Path -> Partition:
@@ -137,7 +137,7 @@ STAGE PLANS:
                         value expressions: _col1 (type: string)
                         auto parallelism: true
             Execution mode: vectorized, llap
-            LLAP IO: no inputs
+            LLAP IO: all inputs
             Path -> Alias:
 #### A masked pattern was here ####
             Path -> Partition:
@@ -374,7 +374,7 @@ STAGE PLANS:
                         value expressions: _col1 (type: string)
                         auto parallelism: true
             Execution mode: vectorized, llap
-            LLAP IO: no inputs
+            LLAP IO: all inputs
             Path -> Alias:
 #### A masked pattern was here ####
             Path -> Partition:
@@ -482,7 +482,7 @@ STAGE PLANS:
                         value expressions: _col1 (type: string)
                         auto parallelism: true
             Execution mode: vectorized, llap
-            LLAP IO: no inputs
+            LLAP IO: all inputs
             Path -> Alias:
 #### A masked pattern was here ####
             Path -> Partition:
@@ -676,7 +676,7 @@ STAGE PLANS:
                         value expressions: _col1 (type: string)
                         auto parallelism: true
             Execution mode: vectorized, llap
-            LLAP IO: no inputs
+            LLAP IO: all inputs
             Path -> Alias:
 #### A masked pattern was here ####
             Path -> Partition:
@@ -741,7 +741,7 @@ STAGE PLANS:
                         value expressions: _col1 (type: string)
                         auto parallelism: true
             Execution mode: vectorized, llap
-            LLAP IO: no inputs
+            LLAP IO: all inputs
             Path -> Alias:
 #### A masked pattern was here ####
             Path -> Partition:
@@ -978,7 +978,7 @@ STAGE PLANS:
                         value expressions: _col1 (type: string)
                         auto parallelism: true
             Execution mode: vectorized, llap
-            LLAP IO: no inputs
+            LLAP IO: all inputs
             Path -> Alias:
 #### A masked pattern was here ####
             Path -> Partition:
@@ -1086,7 +1086,7 @@ STAGE PLANS:
                         value expressions: _col1 (type: string)
                         auto parallelism: true
             Execution mode: vectorized, llap
-            LLAP IO: no inputs
+            LLAP IO: all inputs
             Path -> Alias:
 #### A masked pattern was here ####
             Path -> Partition:
diff --git a/ql/src/test/results/clientpositive/llap/fp_literal_arithmetic.q.out b/ql/src/test/results/clientpositive/llap/fp_literal_arithmetic.q.out
index 01e69e5a2a..ccb26fb6b9 100644
--- a/ql/src/test/results/clientpositive/llap/fp_literal_arithmetic.q.out
+++ b/ql/src/test/results/clientpositive/llap/fp_literal_arithmetic.q.out
@@ -47,7 +47,7 @@ STAGE PLANS:
                           Statistics: Num rows: 1 Data size: 8 Basic stats: COMPLETE Column stats: COMPLETE
                           value expressions: _col0 (type: double)
             Execution mode: vectorized, llap
-            LLAP IO: no inputs
+            LLAP IO: all inputs
         Reducer 2 
             Execution mode: vectorized, llap
             Reduce Operator Tree:
@@ -130,7 +130,7 @@ STAGE PLANS:
                           Statistics: Num rows: 1 Data size: 8 Basic stats: COMPLETE Column stats: COMPLETE
                           value expressions: _col0 (type: double)
             Execution mode: vectorized, llap
-            LLAP IO: no inputs
+            LLAP IO: all inputs
         Reducer 2 
             Execution mode: vectorized, llap
             Reduce Operator Tree:
@@ -250,7 +250,7 @@ STAGE PLANS:
                           Statistics: Num rows: 1 Data size: 8 Basic stats: COMPLETE Column stats: COMPLETE
                           value expressions: _col0 (type: double)
             Execution mode: vectorized, llap
-            LLAP IO: no inputs
+            LLAP IO: all inputs
         Reducer 2 
             Execution mode: vectorized, llap
             Reduce Operator Tree:
@@ -333,7 +333,7 @@ STAGE PLANS:
                           Statistics: Num rows: 1 Data size: 8 Basic stats: COMPLETE Column stats: COMPLETE
                           value expressions: _col0 (type: double)
             Execution mode: vectorized, llap
-            LLAP IO: no inputs
+            LLAP IO: all inputs
         Reducer 2 
             Execution mode: vectorized, llap
             Reduce Operator Tree:
diff --git a/ql/src/test/results/clientpositive/llap/fullouter_mapjoin_1_optimized.q.out b/ql/src/test/results/clientpositive/llap/fullouter_mapjoin_1_optimized.q.out
index a552cdaf4c..8a73c9e186 100644
--- a/ql/src/test/results/clientpositive/llap/fullouter_mapjoin_1_optimized.q.out
+++ b/ql/src/test/results/clientpositive/llap/fullouter_mapjoin_1_optimized.q.out
@@ -895,7 +895,7 @@ STAGE PLANS:
                       Map-reduce partition columns: _col0 (type: smallint)
                       Statistics: Num rows: 13 Data size: 63 Basic stats: COMPLETE Column stats: NONE
             Execution mode: llap
-            LLAP IO: no inputs
+            LLAP IO: all inputs
         Map 2 
             Map Operator Tree:
                 TableScan
@@ -913,7 +913,7 @@ STAGE PLANS:
                       Statistics: Num rows: 72 Data size: 2208 Basic stats: COMPLETE Column stats: NONE
                       value expressions: _col1 (type: timestamp)
             Execution mode: llap
-            LLAP IO: no inputs
+            LLAP IO: all inputs
         Reducer 3 
             Execution mode: llap
             Reduce Operator Tree:
@@ -1171,7 +1171,7 @@ STAGE PLANS:
                       Statistics: Num rows: 11 Data size: 173 Basic stats: COMPLETE Column stats: NONE
                       value expressions: _col1 (type: string)
             Execution mode: llap
-            LLAP IO: no inputs
+            LLAP IO: all inputs
         Map 2 
             Map Operator Tree:
                 TableScan
@@ -1189,7 +1189,7 @@ STAGE PLANS:
                       Statistics: Num rows: 81 Data size: 1703 Basic stats: COMPLETE Column stats: NONE
                       value expressions: _col1 (type: decimal(38,18))
             Execution mode: llap
-            LLAP IO: no inputs
+            LLAP IO: all inputs
         Reducer 3 
             Execution mode: llap
             Reduce Operator Tree:
@@ -1454,7 +1454,7 @@ STAGE PLANS:
                       Map-reduce partition columns: _col0 (type: int)
                       Statistics: Num rows: 12 Data size: 106 Basic stats: COMPLETE Column stats: NONE
             Execution mode: llap
-            LLAP IO: no inputs
+            LLAP IO: all inputs
         Map 2 
             Map Operator Tree:
                 TableScan
@@ -1471,7 +1471,7 @@ STAGE PLANS:
                       Map-reduce partition columns: _col0 (type: int)
                       Statistics: Num rows: 39 Data size: 381 Basic stats: COMPLETE Column stats: NONE
             Execution mode: llap
-            LLAP IO: no inputs
+            LLAP IO: all inputs
         Reducer 3 
             Execution mode: llap
             Reduce Operator Tree:
diff --git a/ql/src/test/results/clientpositive/llap/gby_star.q.out b/ql/src/test/results/clientpositive/llap/gby_star.q.out
index e839eaa7c5..74ac939feb 100644
--- a/ql/src/test/results/clientpositive/llap/gby_star.q.out
+++ b/ql/src/test/results/clientpositive/llap/gby_star.q.out
@@ -51,7 +51,7 @@ STAGE PLANS:
                           Statistics: Num rows: 250 Data size: 46500 Basic stats: COMPLETE Column stats: COMPLETE
                           value expressions: _col2 (type: double)
             Execution mode: llap
-            LLAP IO: no inputs
+            LLAP IO: all inputs
         Reducer 2 
             Execution mode: vectorized, llap
             Reduce Operator Tree:
@@ -162,7 +162,7 @@ STAGE PLANS:
                           Statistics: Num rows: 83 Data size: 15438 Basic stats: COMPLETE Column stats: COMPLETE
                           value expressions: _col2 (type: double)
             Execution mode: llap
-            LLAP IO: no inputs
+            LLAP IO: all inputs
         Reducer 2 
             Execution mode: vectorized, llap
             Reduce Operator Tree:
@@ -273,7 +273,7 @@ STAGE PLANS:
                           Statistics: Num rows: 83 Data size: 7885 Basic stats: COMPLETE Column stats: COMPLETE
                           value expressions: _col1 (type: double)
             Execution mode: llap
-            LLAP IO: no inputs
+            LLAP IO: all inputs
         Reducer 2 
             Execution mode: vectorized, llap
             Reduce Operator Tree:
@@ -377,7 +377,7 @@ STAGE PLANS:
                         Map-reduce partition columns: _col0 (type: string)
                         Statistics: Num rows: 166 Data size: 14442 Basic stats: COMPLETE Column stats: COMPLETE
             Execution mode: vectorized, llap
-            LLAP IO: no inputs
+            LLAP IO: all inputs
         Map 5 
             Map Operator Tree:
                 TableScan
@@ -398,7 +398,7 @@ STAGE PLANS:
                         Map-reduce partition columns: _col0 (type: string)
                         Statistics: Num rows: 166 Data size: 14442 Basic stats: COMPLETE Column stats: COMPLETE
             Execution mode: vectorized, llap
-            LLAP IO: no inputs
+            LLAP IO: all inputs
         Reducer 2 
             Execution mode: llap
             Reduce Operator Tree:
diff --git a/ql/src/test/results/clientpositive/llap/groupby1.q.out b/ql/src/test/results/clientpositive/llap/groupby1.q.out
index ca08d8d3df..1d494109d3 100644
--- a/ql/src/test/results/clientpositive/llap/groupby1.q.out
+++ b/ql/src/test/results/clientpositive/llap/groupby1.q.out
@@ -48,7 +48,7 @@ STAGE PLANS:
                       Statistics: Num rows: 500 Data size: 89000 Basic stats: COMPLETE Column stats: COMPLETE
                       value expressions: _col1 (type: string)
             Execution mode: vectorized, llap
-            LLAP IO: no inputs
+            LLAP IO: all inputs
         Reducer 2 
             Execution mode: llap
             Reduce Operator Tree:
diff --git a/ql/src/test/results/clientpositive/llap/groupby10.q.out b/ql/src/test/results/clientpositive/llap/groupby10.q.out
index 45c16b9add..a30baa5010 100644
--- a/ql/src/test/results/clientpositive/llap/groupby10.q.out
+++ b/ql/src/test/results/clientpositive/llap/groupby10.q.out
@@ -95,7 +95,7 @@ STAGE PLANS:
                       Map-reduce partition columns: key (type: int)
                       Statistics: Num rows: 1 Data size: 188 Basic stats: COMPLETE Column stats: NONE
             Execution mode: vectorized, llap
-            LLAP IO: no inputs
+            LLAP IO: all inputs
         Reducer 2 
             Execution mode: llap
             Reduce Operator Tree:
@@ -435,7 +435,7 @@ STAGE PLANS:
                       Map-reduce partition columns: key (type: int)
                       Statistics: Num rows: 1 Data size: 188 Basic stats: COMPLETE Column stats: NONE
             Execution mode: vectorized, llap
-            LLAP IO: no inputs
+            LLAP IO: all inputs
         Reducer 2 
             Execution mode: llap
             Reduce Operator Tree:
@@ -760,7 +760,7 @@ STAGE PLANS:
                       Map-reduce partition columns: key (type: int)
                       Statistics: Num rows: 1 Data size: 188 Basic stats: COMPLETE Column stats: NONE
             Execution mode: vectorized, llap
-            LLAP IO: no inputs
+            LLAP IO: all inputs
         Reducer 2 
             Execution mode: llap
             Reduce Operator Tree:
diff --git a/ql/src/test/results/clientpositive/llap/groupby11.q.out b/ql/src/test/results/clientpositive/llap/groupby11.q.out
index 380270082b..a1d89c5d18 100644
--- a/ql/src/test/results/clientpositive/llap/groupby11.q.out
+++ b/ql/src/test/results/clientpositive/llap/groupby11.q.out
@@ -83,7 +83,7 @@ STAGE PLANS:
                       Map-reduce partition columns: substr(value, 5) (type: string)
                       Statistics: Num rows: 500 Data size: 89000 Basic stats: COMPLETE Column stats: COMPLETE
             Execution mode: vectorized, llap
-            LLAP IO: no inputs
+            LLAP IO: all inputs
         Reducer 2 
             Execution mode: llap
             Reduce Operator Tree:
diff --git a/ql/src/test/results/clientpositive/llap/groupby12.q.out b/ql/src/test/results/clientpositive/llap/groupby12.q.out
index b56c5f6199..fc20401024 100644
--- a/ql/src/test/results/clientpositive/llap/groupby12.q.out
+++ b/ql/src/test/results/clientpositive/llap/groupby12.q.out
@@ -49,7 +49,7 @@ STAGE PLANS:
                       Map-reduce partition columns: key (type: string)
                       Statistics: Num rows: 500 Data size: 89000 Basic stats: COMPLETE Column stats: COMPLETE
             Execution mode: vectorized, llap
-            LLAP IO: no inputs
+            LLAP IO: all inputs
         Reducer 2 
             Execution mode: llap
             Reduce Operator Tree:
diff --git a/ql/src/test/results/clientpositive/llap/groupby13.q.out b/ql/src/test/results/clientpositive/llap/groupby13.q.out
index 8c9b590b2e..0442f3d841 100644
--- a/ql/src/test/results/clientpositive/llap/groupby13.q.out
+++ b/ql/src/test/results/clientpositive/llap/groupby13.q.out
@@ -72,7 +72,7 @@ STAGE PLANS:
                         Statistics: Num rows: 1 Data size: 8 Basic stats: COMPLETE Column stats: NONE
                         value expressions: _col3 (type: int)
             Execution mode: vectorized, llap
-            LLAP IO: no inputs
+            LLAP IO: all inputs
         Reducer 2 
             Execution mode: vectorized, llap
             Reduce Operator Tree:
diff --git a/ql/src/test/results/clientpositive/llap/groupby1_limit.q.out b/ql/src/test/results/clientpositive/llap/groupby1_limit.q.out
index 416711c5ff..6fc59493e1 100644
--- a/ql/src/test/results/clientpositive/llap/groupby1_limit.q.out
+++ b/ql/src/test/results/clientpositive/llap/groupby1_limit.q.out
@@ -61,7 +61,7 @@ STAGE PLANS:
                           Statistics: Num rows: 250 Data size: 23750 Basic stats: COMPLETE Column stats: COMPLETE
                           value expressions: _col1 (type: double)
             Execution mode: llap
-            LLAP IO: no inputs
+            LLAP IO: all inputs
         Reducer 2 
             Execution mode: vectorized, llap
             Reduce Operator Tree:
diff --git a/ql/src/test/results/clientpositive/llap/groupby1_map.q.out b/ql/src/test/results/clientpositive/llap/groupby1_map.q.out
index b197b2555c..3b5177b0a3 100644
--- a/ql/src/test/results/clientpositive/llap/groupby1_map.q.out
+++ b/ql/src/test/results/clientpositive/llap/groupby1_map.q.out
@@ -55,7 +55,7 @@ STAGE PLANS:
                         Statistics: Num rows: 250 Data size: 23750 Basic stats: COMPLETE Column stats: COMPLETE
                         value expressions: _col1 (type: double)
             Execution mode: llap
-            LLAP IO: no inputs
+            LLAP IO: all inputs
         Reducer 2 
             Execution mode: llap
             Reduce Operator Tree:
diff --git a/ql/src/test/results/clientpositive/llap/groupby1_map_nomap.q.out b/ql/src/test/results/clientpositive/llap/groupby1_map_nomap.q.out
index 2adc64e7df..9655bd67e6 100644
--- a/ql/src/test/results/clientpositive/llap/groupby1_map_nomap.q.out
+++ b/ql/src/test/results/clientpositive/llap/groupby1_map_nomap.q.out
@@ -55,7 +55,7 @@ STAGE PLANS:
                         Statistics: Num rows: 250 Data size: 23750 Basic stats: COMPLETE Column stats: COMPLETE
                         value expressions: _col1 (type: double)
             Execution mode: llap
-            LLAP IO: no inputs
+            LLAP IO: all inputs
         Reducer 2 
             Execution mode: llap
             Reduce Operator Tree:
diff --git a/ql/src/test/results/clientpositive/llap/groupby1_map_skew.q.out b/ql/src/test/results/clientpositive/llap/groupby1_map_skew.q.out
index 1f08ba492e..afe444b05d 100644
--- a/ql/src/test/results/clientpositive/llap/groupby1_map_skew.q.out
+++ b/ql/src/test/results/clientpositive/llap/groupby1_map_skew.q.out
@@ -56,7 +56,7 @@ STAGE PLANS:
                         Statistics: Num rows: 250 Data size: 23750 Basic stats: COMPLETE Column stats: COMPLETE
                         value expressions: _col1 (type: double)
             Execution mode: llap
-            LLAP IO: no inputs
+            LLAP IO: all inputs
         Reducer 2 
             Execution mode: vectorized, llap
             Reduce Operator Tree:
diff --git a/ql/src/test/results/clientpositive/llap/groupby1_noskew.q.out b/ql/src/test/results/clientpositive/llap/groupby1_noskew.q.out
index c827d5fd16..d343accd66 100644
--- a/ql/src/test/results/clientpositive/llap/groupby1_noskew.q.out
+++ b/ql/src/test/results/clientpositive/llap/groupby1_noskew.q.out
@@ -48,7 +48,7 @@ STAGE PLANS:
                       Statistics: Num rows: 500 Data size: 89000 Basic stats: COMPLETE Column stats: COMPLETE
                       value expressions: _col1 (type: string)
             Execution mode: vectorized, llap
-            LLAP IO: no inputs
+            LLAP IO: all inputs
         Reducer 2 
             Execution mode: llap
             Reduce Operator Tree:
diff --git a/ql/src/test/results/clientpositive/llap/groupby2.q.out b/ql/src/test/results/clientpositive/llap/groupby2.q.out
index dc2bf35c08..3cf1881fd6 100644
--- a/ql/src/test/results/clientpositive/llap/groupby2.q.out
+++ b/ql/src/test/results/clientpositive/llap/groupby2.q.out
@@ -51,7 +51,7 @@ STAGE PLANS:
                       Map-reduce partition columns: _col0 (type: string)
                       Statistics: Num rows: 500 Data size: 89000 Basic stats: COMPLETE Column stats: COMPLETE
             Execution mode: vectorized, llap
-            LLAP IO: no inputs
+            LLAP IO: all inputs
         Reducer 2 
             Execution mode: llap
             Reduce Operator Tree:
diff --git a/ql/src/test/results/clientpositive/llap/groupby2_limit.q.out b/ql/src/test/results/clientpositive/llap/groupby2_limit.q.out
index b8ba339584..50a78f3900 100644
--- a/ql/src/test/results/clientpositive/llap/groupby2_limit.q.out
+++ b/ql/src/test/results/clientpositive/llap/groupby2_limit.q.out
@@ -51,7 +51,7 @@ STAGE PLANS:
                           Statistics: Num rows: 250 Data size: 23750 Basic stats: COMPLETE Column stats: COMPLETE
                           value expressions: _col1 (type: double)
             Execution mode: llap
-            LLAP IO: no inputs
+            LLAP IO: all inputs
         Reducer 2 
             Execution mode: vectorized, llap
             Reduce Operator Tree:
diff --git a/ql/src/test/results/clientpositive/llap/groupby2_map.q.out b/ql/src/test/results/clientpositive/llap/groupby2_map.q.out
index 88ba4695cf..74891f1fed 100644
--- a/ql/src/test/results/clientpositive/llap/groupby2_map.q.out
+++ b/ql/src/test/results/clientpositive/llap/groupby2_map.q.out
@@ -57,7 +57,7 @@ STAGE PLANS:
                         Statistics: Num rows: 250 Data size: 46750 Basic stats: COMPLETE Column stats: COMPLETE
                         value expressions: _col3 (type: double)
             Execution mode: llap
-            LLAP IO: no inputs
+            LLAP IO: all inputs
         Reducer 2 
             Execution mode: llap
             Reduce Operator Tree:
diff --git a/ql/src/test/results/clientpositive/llap/groupby2_map_multi_distinct.q.out b/ql/src/test/results/clientpositive/llap/groupby2_map_multi_distinct.q.out
index 4a67451765..4a700808ba 100644
--- a/ql/src/test/results/clientpositive/llap/groupby2_map_multi_distinct.q.out
+++ b/ql/src/test/results/clientpositive/llap/groupby2_map_multi_distinct.q.out
@@ -57,7 +57,7 @@ STAGE PLANS:
                         Statistics: Num rows: 250 Data size: 50750 Basic stats: COMPLETE Column stats: COMPLETE
                         value expressions: _col3 (type: double), _col5 (type: bigint)
             Execution mode: llap
-            LLAP IO: no inputs
+            LLAP IO: all inputs
         Reducer 2 
             Execution mode: llap
             Reduce Operator Tree:
@@ -219,7 +219,7 @@ STAGE PLANS:
                         Statistics: Num rows: 250 Data size: 50750 Basic stats: COMPLETE Column stats: COMPLETE
                         value expressions: _col3 (type: double), _col5 (type: bigint)
             Execution mode: llap
-            LLAP IO: no inputs
+            LLAP IO: all inputs
         Reducer 2 
             Execution mode: llap
             Reduce Operator Tree:
diff --git a/ql/src/test/results/clientpositive/llap/groupby2_map_skew.q.out b/ql/src/test/results/clientpositive/llap/groupby2_map_skew.q.out
index 664143ab12..d9a8451f7e 100644
--- a/ql/src/test/results/clientpositive/llap/groupby2_map_skew.q.out
+++ b/ql/src/test/results/clientpositive/llap/groupby2_map_skew.q.out
@@ -58,7 +58,7 @@ STAGE PLANS:
                         Statistics: Num rows: 250 Data size: 46750 Basic stats: COMPLETE Column stats: COMPLETE
                         value expressions: _col3 (type: double)
             Execution mode: llap
-            LLAP IO: no inputs
+            LLAP IO: all inputs
         Reducer 2 
             Execution mode: llap
             Reduce Operator Tree:
diff --git a/ql/src/test/results/clientpositive/llap/groupby2_noskew.q.out b/ql/src/test/results/clientpositive/llap/groupby2_noskew.q.out
index 5199a48723..732521b6c8 100644
--- a/ql/src/test/results/clientpositive/llap/groupby2_noskew.q.out
+++ b/ql/src/test/results/clientpositive/llap/groupby2_noskew.q.out
@@ -49,7 +49,7 @@ STAGE PLANS:
                       Map-reduce partition columns: _col0 (type: string)
                       Statistics: Num rows: 500 Data size: 89000 Basic stats: COMPLETE Column stats: COMPLETE
             Execution mode: vectorized, llap
-            LLAP IO: no inputs
+            LLAP IO: all inputs
         Reducer 2 
             Execution mode: llap
             Reduce Operator Tree:
diff --git a/ql/src/test/results/clientpositive/llap/groupby2_noskew_multi_distinct.q.out b/ql/src/test/results/clientpositive/llap/groupby2_noskew_multi_distinct.q.out
index 57039f4796..838bff26d7 100644
--- a/ql/src/test/results/clientpositive/llap/groupby2_noskew_multi_distinct.q.out
+++ b/ql/src/test/results/clientpositive/llap/groupby2_noskew_multi_distinct.q.out
@@ -50,7 +50,7 @@ STAGE PLANS:
                       Statistics: Num rows: 500 Data size: 89000 Basic stats: COMPLETE Column stats: COMPLETE
                       value expressions: _col2 (type: string)
             Execution mode: vectorized, llap
-            LLAP IO: no inputs
+            LLAP IO: all inputs
         Reducer 2 
             Execution mode: llap
             Reduce Operator Tree:
diff --git a/ql/src/test/results/clientpositive/llap/groupby3.q.out b/ql/src/test/results/clientpositive/llap/groupby3.q.out
index d256ed9e38..dadf11ec40 100644
--- a/ql/src/test/results/clientpositive/llap/groupby3.q.out
+++ b/ql/src/test/results/clientpositive/llap/groupby3.q.out
@@ -68,7 +68,7 @@ STAGE PLANS:
                       Map-reduce partition columns: substr(value, 5) (type: string)
                       Statistics: Num rows: 500 Data size: 45500 Basic stats: COMPLETE Column stats: COMPLETE
             Execution mode: vectorized, llap
-            LLAP IO: no inputs
+            LLAP IO: all inputs
         Reducer 2 
             Execution mode: llap
             Reduce Operator Tree:
diff --git a/ql/src/test/results/clientpositive/llap/groupby3_map.q.out b/ql/src/test/results/clientpositive/llap/groupby3_map.q.out
index 1a12fb911f..8b689bd01d 100644
--- a/ql/src/test/results/clientpositive/llap/groupby3_map.q.out
+++ b/ql/src/test/results/clientpositive/llap/groupby3_map.q.out
@@ -73,7 +73,7 @@ STAGE PLANS:
                         Statistics: Num rows: 250 Data size: 125500 Basic stats: COMPLETE Column stats: COMPLETE
                         value expressions: _col1 (type: double), _col2 (type: bigint), _col5 (type: string), _col6 (type: string), _col7 (type: double), _col8 (type: double)
             Execution mode: llap
-            LLAP IO: no inputs
+            LLAP IO: all inputs
         Reducer 2 
             Execution mode: llap
             Reduce Operator Tree:
diff --git a/ql/src/test/results/clientpositive/llap/groupby3_map_multi_distinct.q.out b/ql/src/test/results/clientpositive/llap/groupby3_map_multi_distinct.q.out
index 701b2d97fe..8d27dd02c5 100644
--- a/ql/src/test/results/clientpositive/llap/groupby3_map_multi_distinct.q.out
+++ b/ql/src/test/results/clientpositive/llap/groupby3_map_multi_distinct.q.out
@@ -77,7 +77,7 @@ STAGE PLANS:
                         Statistics: Num rows: 250 Data size: 125500 Basic stats: COMPLETE Column stats: COMPLETE
                         value expressions: _col1 (type: double), _col2 (type: bigint), _col5 (type: string), _col6 (type: string), _col7 (type: double), _col8 (type: double)
             Execution mode: llap
-            LLAP IO: no inputs
+            LLAP IO: all inputs
         Reducer 2 
             Execution mode: llap
             Reduce Operator Tree:
diff --git a/ql/src/test/results/clientpositive/llap/groupby3_map_skew.q.out b/ql/src/test/results/clientpositive/llap/groupby3_map_skew.q.out
index 706315d9c3..84f7d046de 100644
--- a/ql/src/test/results/clientpositive/llap/groupby3_map_skew.q.out
+++ b/ql/src/test/results/clientpositive/llap/groupby3_map_skew.q.out
@@ -75,7 +75,7 @@ STAGE PLANS:
                         Statistics: Num rows: 250 Data size: 323500 Basic stats: COMPLETE Column stats: COMPLETE
                         value expressions: _col1 (type: double), _col2 (type: struct<count:bigint,sum:double,input:string>), _col4 (type: string), _col5 (type: string), _col6 (type: struct<count:bigint,sum:double,variance:double>), _col7 (type: struct<count:bigint,sum:double,variance:double>), _col8 (type: struct<count:bigint,sum:double,variance:double>), _col9 (type: struct<count:bigint,sum:double,variance:double>)
             Execution mode: llap
-            LLAP IO: no inputs
+            LLAP IO: all inputs
         Reducer 2 
             Execution mode: llap
             Reduce Operator Tree:
diff --git a/ql/src/test/results/clientpositive/llap/groupby3_noskew.q.out b/ql/src/test/results/clientpositive/llap/groupby3_noskew.q.out
index bc1e18bc10..0e03821060 100644
--- a/ql/src/test/results/clientpositive/llap/groupby3_noskew.q.out
+++ b/ql/src/test/results/clientpositive/llap/groupby3_noskew.q.out
@@ -66,7 +66,7 @@ STAGE PLANS:
                       Statistics: Num rows: 500 Data size: 45500 Basic stats: COMPLETE Column stats: COMPLETE
                       value expressions: _col2 (type: double), _col1 (type: double)
             Execution mode: vectorized, llap
-            LLAP IO: no inputs
+            LLAP IO: all inputs
         Reducer 2 
             Execution mode: llap
             Reduce Operator Tree:
diff --git a/ql/src/test/results/clientpositive/llap/groupby3_noskew_multi_distinct.q.out b/ql/src/test/results/clientpositive/llap/groupby3_noskew_multi_distinct.q.out
index a446153ef7..81c77ac715 100644
--- a/ql/src/test/results/clientpositive/llap/groupby3_noskew_multi_distinct.q.out
+++ b/ql/src/test/results/clientpositive/llap/groupby3_noskew_multi_distinct.q.out
@@ -70,7 +70,7 @@ STAGE PLANS:
                       Statistics: Num rows: 500 Data size: 45500 Basic stats: COMPLETE Column stats: COMPLETE
                       value expressions: _col2 (type: double), _col1 (type: double)
             Execution mode: vectorized, llap
-            LLAP IO: no inputs
+            LLAP IO: all inputs
         Reducer 2 
             Execution mode: llap
             Reduce Operator Tree:
diff --git a/ql/src/test/results/clientpositive/llap/groupby4.q.out b/ql/src/test/results/clientpositive/llap/groupby4.q.out
index 2c71fcafcc..50da60eb1c 100644
--- a/ql/src/test/results/clientpositive/llap/groupby4.q.out
+++ b/ql/src/test/results/clientpositive/llap/groupby4.q.out
@@ -51,7 +51,7 @@ STAGE PLANS:
                       Map-reduce partition columns: rand() (type: double)
                       Statistics: Num rows: 500 Data size: 43500 Basic stats: COMPLETE Column stats: COMPLETE
             Execution mode: vectorized, llap
-            LLAP IO: no inputs
+            LLAP IO: all inputs
         Reducer 2 
             Execution mode: vectorized, llap
             Reduce Operator Tree:
diff --git a/ql/src/test/results/clientpositive/llap/groupby4_map.q.out b/ql/src/test/results/clientpositive/llap/groupby4_map.q.out
index 1922fe03d1..9b960362de 100644
--- a/ql/src/test/results/clientpositive/llap/groupby4_map.q.out
+++ b/ql/src/test/results/clientpositive/llap/groupby4_map.q.out
@@ -49,7 +49,7 @@ STAGE PLANS:
                         Statistics: Num rows: 1 Data size: 8 Basic stats: COMPLETE Column stats: COMPLETE
                         value expressions: _col0 (type: bigint)
             Execution mode: vectorized, llap
-            LLAP IO: no inputs
+            LLAP IO: all inputs
         Reducer 2 
             Execution mode: llap
             Reduce Operator Tree:
diff --git a/ql/src/test/results/clientpositive/llap/groupby4_map_skew.q.out b/ql/src/test/results/clientpositive/llap/groupby4_map_skew.q.out
index 4b4b4dd0d8..7fd6a7b263 100644
--- a/ql/src/test/results/clientpositive/llap/groupby4_map_skew.q.out
+++ b/ql/src/test/results/clientpositive/llap/groupby4_map_skew.q.out
@@ -49,7 +49,7 @@ STAGE PLANS:
                         Statistics: Num rows: 1 Data size: 8 Basic stats: COMPLETE Column stats: COMPLETE
                         value expressions: _col0 (type: bigint)
             Execution mode: vectorized, llap
-            LLAP IO: no inputs
+            LLAP IO: all inputs
         Reducer 2 
             Execution mode: llap
             Reduce Operator Tree:
diff --git a/ql/src/test/results/clientpositive/llap/groupby4_noskew.q.out b/ql/src/test/results/clientpositive/llap/groupby4_noskew.q.out
index dc48ccfb62..27228a250b 100644
--- a/ql/src/test/results/clientpositive/llap/groupby4_noskew.q.out
+++ b/ql/src/test/results/clientpositive/llap/groupby4_noskew.q.out
@@ -49,7 +49,7 @@ STAGE PLANS:
                       Map-reduce partition columns: _col0 (type: string)
                       Statistics: Num rows: 500 Data size: 43500 Basic stats: COMPLETE Column stats: COMPLETE
             Execution mode: vectorized, llap
-            LLAP IO: no inputs
+            LLAP IO: all inputs
         Reducer 2 
             Execution mode: vectorized, llap
             Reduce Operator Tree:
diff --git a/ql/src/test/results/clientpositive/llap/groupby5.q.out b/ql/src/test/results/clientpositive/llap/groupby5.q.out
index aba0a5ae41..c1e9119036 100644
--- a/ql/src/test/results/clientpositive/llap/groupby5.q.out
+++ b/ql/src/test/results/clientpositive/llap/groupby5.q.out
@@ -56,7 +56,7 @@ STAGE PLANS:
                       Statistics: Num rows: 500 Data size: 89000 Basic stats: COMPLETE Column stats: COMPLETE
                       value expressions: _col1 (type: string)
             Execution mode: vectorized, llap
-            LLAP IO: no inputs
+            LLAP IO: all inputs
         Reducer 2 
             Execution mode: llap
             Reduce Operator Tree:
diff --git a/ql/src/test/results/clientpositive/llap/groupby5_map.q.out b/ql/src/test/results/clientpositive/llap/groupby5_map.q.out
index fa63991f81..149577449f 100644
--- a/ql/src/test/results/clientpositive/llap/groupby5_map.q.out
+++ b/ql/src/test/results/clientpositive/llap/groupby5_map.q.out
@@ -51,7 +51,7 @@ STAGE PLANS:
                         Statistics: Num rows: 1 Data size: 8 Basic stats: COMPLETE Column stats: COMPLETE
                         value expressions: _col0 (type: double)
             Execution mode: llap
-            LLAP IO: no inputs
+            LLAP IO: all inputs
         Reducer 2 
             Execution mode: llap
             Reduce Operator Tree:
diff --git a/ql/src/test/results/clientpositive/llap/groupby5_map_skew.q.out b/ql/src/test/results/clientpositive/llap/groupby5_map_skew.q.out
index f858375ddc..46c5f9e7a7 100644
--- a/ql/src/test/results/clientpositive/llap/groupby5_map_skew.q.out
+++ b/ql/src/test/results/clientpositive/llap/groupby5_map_skew.q.out
@@ -51,7 +51,7 @@ STAGE PLANS:
                         Statistics: Num rows: 1 Data size: 8 Basic stats: COMPLETE Column stats: COMPLETE
                         value expressions: _col0 (type: double)
             Execution mode: llap
-            LLAP IO: no inputs
+            LLAP IO: all inputs
         Reducer 2 
             Execution mode: llap
             Reduce Operator Tree:
diff --git a/ql/src/test/results/clientpositive/llap/groupby5_noskew.q.out b/ql/src/test/results/clientpositive/llap/groupby5_noskew.q.out
index 72b9258d95..0424fa7435 100644
--- a/ql/src/test/results/clientpositive/llap/groupby5_noskew.q.out
+++ b/ql/src/test/results/clientpositive/llap/groupby5_noskew.q.out
@@ -54,7 +54,7 @@ STAGE PLANS:
                       Statistics: Num rows: 500 Data size: 89000 Basic stats: COMPLETE Column stats: COMPLETE
                       value expressions: _col1 (type: string)
             Execution mode: vectorized, llap
-            LLAP IO: no inputs
+            LLAP IO: all inputs
         Reducer 2 
             Execution mode: llap
             Reduce Operator Tree:
diff --git a/ql/src/test/results/clientpositive/llap/groupby6.q.out b/ql/src/test/results/clientpositive/llap/groupby6.q.out
index 401ef309ba..f5dff7ce65 100644
--- a/ql/src/test/results/clientpositive/llap/groupby6.q.out
+++ b/ql/src/test/results/clientpositive/llap/groupby6.q.out
@@ -51,7 +51,7 @@ STAGE PLANS:
                       Map-reduce partition columns: rand() (type: double)
                       Statistics: Num rows: 500 Data size: 45500 Basic stats: COMPLETE Column stats: COMPLETE
             Execution mode: vectorized, llap
-            LLAP IO: no inputs
+            LLAP IO: all inputs
         Reducer 2 
             Execution mode: vectorized, llap
             Reduce Operator Tree:
diff --git a/ql/src/test/results/clientpositive/llap/groupby6_map.q.out b/ql/src/test/results/clientpositive/llap/groupby6_map.q.out
index 0cd451b85b..31aea2e275 100644
--- a/ql/src/test/results/clientpositive/llap/groupby6_map.q.out
+++ b/ql/src/test/results/clientpositive/llap/groupby6_map.q.out
@@ -55,7 +55,7 @@ STAGE PLANS:
                         Map-reduce partition columns: _col0 (type: string)
                         Statistics: Num rows: 250 Data size: 21250 Basic stats: COMPLETE Column stats: COMPLETE
             Execution mode: vectorized, llap
-            LLAP IO: no inputs
+            LLAP IO: all inputs
         Reducer 2 
             Execution mode: llap
             Reduce Operator Tree:
diff --git a/ql/src/test/results/clientpositive/llap/groupby6_map_skew.q.out b/ql/src/test/results/clientpositive/llap/groupby6_map_skew.q.out
index 9f4a51614e..f42c6639c2 100644
--- a/ql/src/test/results/clientpositive/llap/groupby6_map_skew.q.out
+++ b/ql/src/test/results/clientpositive/llap/groupby6_map_skew.q.out
@@ -56,7 +56,7 @@ STAGE PLANS:
                         Map-reduce partition columns: rand() (type: double)
                         Statistics: Num rows: 250 Data size: 21250 Basic stats: COMPLETE Column stats: COMPLETE
             Execution mode: vectorized, llap
-            LLAP IO: no inputs
+            LLAP IO: all inputs
         Reducer 2 
             Execution mode: vectorized, llap
             Reduce Operator Tree:
diff --git a/ql/src/test/results/clientpositive/llap/groupby6_noskew.q.out b/ql/src/test/results/clientpositive/llap/groupby6_noskew.q.out
index 49b622d172..f1346714de 100644
--- a/ql/src/test/results/clientpositive/llap/groupby6_noskew.q.out
+++ b/ql/src/test/results/clientpositive/llap/groupby6_noskew.q.out
@@ -49,7 +49,7 @@ STAGE PLANS:
                       Map-reduce partition columns: _col0 (type: string)
                       Statistics: Num rows: 500 Data size: 45500 Basic stats: COMPLETE Column stats: COMPLETE
             Execution mode: vectorized, llap
-            LLAP IO: no inputs
+            LLAP IO: all inputs
         Reducer 2 
             Execution mode: vectorized, llap
             Reduce Operator Tree:
diff --git a/ql/src/test/results/clientpositive/llap/groupby7_map.q.out b/ql/src/test/results/clientpositive/llap/groupby7_map.q.out
index 9c1871170c..c6b90ec299 100644
--- a/ql/src/test/results/clientpositive/llap/groupby7_map.q.out
+++ b/ql/src/test/results/clientpositive/llap/groupby7_map.q.out
@@ -91,7 +91,7 @@ STAGE PLANS:
                         Statistics: Num rows: 250 Data size: 23750 Basic stats: COMPLETE Column stats: COMPLETE
                         value expressions: _col1 (type: double)
             Execution mode: llap
-            LLAP IO: no inputs
+            LLAP IO: all inputs
         Reducer 2 
             Execution mode: llap
             Reduce Operator Tree:
diff --git a/ql/src/test/results/clientpositive/llap/groupby7_map_multi_single_reducer.q.out b/ql/src/test/results/clientpositive/llap/groupby7_map_multi_single_reducer.q.out
index 1caeb84726..2f618d78ab 100644
--- a/ql/src/test/results/clientpositive/llap/groupby7_map_multi_single_reducer.q.out
+++ b/ql/src/test/results/clientpositive/llap/groupby7_map_multi_single_reducer.q.out
@@ -65,7 +65,7 @@ STAGE PLANS:
                       Statistics: Num rows: 500 Data size: 89000 Basic stats: COMPLETE Column stats: COMPLETE
                       value expressions: substr(value, 5) (type: string)
             Execution mode: vectorized, llap
-            LLAP IO: no inputs
+            LLAP IO: all inputs
         Reducer 2 
             Execution mode: llap
             Reduce Operator Tree:
diff --git a/ql/src/test/results/clientpositive/llap/groupby7_map_skew.q.out b/ql/src/test/results/clientpositive/llap/groupby7_map_skew.q.out
index 7e6df17ae8..00241ab963 100644
--- a/ql/src/test/results/clientpositive/llap/groupby7_map_skew.q.out
+++ b/ql/src/test/results/clientpositive/llap/groupby7_map_skew.q.out
@@ -93,7 +93,7 @@ STAGE PLANS:
                         Statistics: Num rows: 250 Data size: 23750 Basic stats: COMPLETE Column stats: COMPLETE
                         value expressions: _col1 (type: double)
             Execution mode: llap
-            LLAP IO: no inputs
+            LLAP IO: all inputs
         Reducer 2 
             Execution mode: vectorized, llap
             Reduce Operator Tree:
diff --git a/ql/src/test/results/clientpositive/llap/groupby7_noskew.q.out b/ql/src/test/results/clientpositive/llap/groupby7_noskew.q.out
index f28cc22fa1..6199d4f8a7 100644
--- a/ql/src/test/results/clientpositive/llap/groupby7_noskew.q.out
+++ b/ql/src/test/results/clientpositive/llap/groupby7_noskew.q.out
@@ -77,7 +77,7 @@ STAGE PLANS:
                       Statistics: Num rows: 500 Data size: 89000 Basic stats: COMPLETE Column stats: COMPLETE
                       value expressions: substr(value, 5) (type: string)
             Execution mode: vectorized, llap
-            LLAP IO: no inputs
+            LLAP IO: all inputs
         Reducer 2 
             Execution mode: llap
             Reduce Operator Tree:
diff --git a/ql/src/test/results/clientpositive/llap/groupby7_noskew_multi_single_reducer.q.out b/ql/src/test/results/clientpositive/llap/groupby7_noskew_multi_single_reducer.q.out
index ac98106e3c..7308506354 100644
--- a/ql/src/test/results/clientpositive/llap/groupby7_noskew_multi_single_reducer.q.out
+++ b/ql/src/test/results/clientpositive/llap/groupby7_noskew_multi_single_reducer.q.out
@@ -73,7 +73,7 @@ STAGE PLANS:
                         Statistics: Num rows: 500 Data size: 89000 Basic stats: COMPLETE Column stats: COMPLETE
                         value expressions: substr(value, 5) (type: string)
             Execution mode: vectorized, llap
-            LLAP IO: no inputs
+            LLAP IO: all inputs
         Reducer 2 
             Execution mode: llap
             Reduce Operator Tree:
diff --git a/ql/src/test/results/clientpositive/llap/groupby8.q.out b/ql/src/test/results/clientpositive/llap/groupby8.q.out
index 0db52ebc83..1feb9d0881 100644
--- a/ql/src/test/results/clientpositive/llap/groupby8.q.out
+++ b/ql/src/test/results/clientpositive/llap/groupby8.q.out
@@ -79,7 +79,7 @@ STAGE PLANS:
                       Map-reduce partition columns: key (type: string)
                       Statistics: Num rows: 500 Data size: 89000 Basic stats: COMPLETE Column stats: COMPLETE
             Execution mode: vectorized, llap
-            LLAP IO: no inputs
+            LLAP IO: all inputs
         Reducer 2 
             Execution mode: llap
             Reduce Operator Tree:
@@ -995,7 +995,7 @@ STAGE PLANS:
                       Map-reduce partition columns: key (type: string)
                       Statistics: Num rows: 500 Data size: 89000 Basic stats: COMPLETE Column stats: COMPLETE
             Execution mode: vectorized, llap
-            LLAP IO: no inputs
+            LLAP IO: all inputs
         Reducer 2 
             Execution mode: llap
             Reduce Operator Tree:
diff --git a/ql/src/test/results/clientpositive/llap/groupby8_map.q.out b/ql/src/test/results/clientpositive/llap/groupby8_map.q.out
index 552b8a8016..a44bedf343 100644
--- a/ql/src/test/results/clientpositive/llap/groupby8_map.q.out
+++ b/ql/src/test/results/clientpositive/llap/groupby8_map.q.out
@@ -64,7 +64,7 @@ STAGE PLANS:
                       Map-reduce partition columns: key (type: string)
                       Statistics: Num rows: 500 Data size: 89000 Basic stats: COMPLETE Column stats: COMPLETE
             Execution mode: vectorized, llap
-            LLAP IO: no inputs
+            LLAP IO: all inputs
         Reducer 2 
             Execution mode: llap
             Reduce Operator Tree:
diff --git a/ql/src/test/results/clientpositive/llap/groupby8_map_skew.q.out b/ql/src/test/results/clientpositive/llap/groupby8_map_skew.q.out
index de11804420..f76770c68b 100644
--- a/ql/src/test/results/clientpositive/llap/groupby8_map_skew.q.out
+++ b/ql/src/test/results/clientpositive/llap/groupby8_map_skew.q.out
@@ -91,7 +91,7 @@ STAGE PLANS:
                         Map-reduce partition columns: _col0 (type: string)
                         Statistics: Num rows: 250 Data size: 45250 Basic stats: COMPLETE Column stats: COMPLETE
             Execution mode: vectorized, llap
-            LLAP IO: no inputs
+            LLAP IO: all inputs
         Reducer 2 
             Execution mode: llap
             Reduce Operator Tree:
diff --git a/ql/src/test/results/clientpositive/llap/groupby8_noskew.q.out b/ql/src/test/results/clientpositive/llap/groupby8_noskew.q.out
index a6d36739c4..d5861099fb 100644
--- a/ql/src/test/results/clientpositive/llap/groupby8_noskew.q.out
+++ b/ql/src/test/results/clientpositive/llap/groupby8_noskew.q.out
@@ -64,7 +64,7 @@ STAGE PLANS:
                       Map-reduce partition columns: key (type: string)
                       Statistics: Num rows: 500 Data size: 89000 Basic stats: COMPLETE Column stats: COMPLETE
             Execution mode: vectorized, llap
-            LLAP IO: no inputs
+            LLAP IO: all inputs
         Reducer 2 
             Execution mode: llap
             Reduce Operator Tree:
diff --git a/ql/src/test/results/clientpositive/llap/groupby9.q.out b/ql/src/test/results/clientpositive/llap/groupby9.q.out
index 49ade3f726..59c1d6708b 100644
--- a/ql/src/test/results/clientpositive/llap/groupby9.q.out
+++ b/ql/src/test/results/clientpositive/llap/groupby9.q.out
@@ -89,7 +89,7 @@ STAGE PLANS:
                         Map-reduce partition columns: _col0 (type: string), _col1 (type: string)
                         Statistics: Num rows: 500 Data size: 136000 Basic stats: COMPLETE Column stats: COMPLETE
             Execution mode: vectorized, llap
-            LLAP IO: no inputs
+            LLAP IO: all inputs
         Reducer 2 
             Execution mode: llap
             Reduce Operator Tree:
@@ -968,7 +968,7 @@ STAGE PLANS:
                         Map-reduce partition columns: _col0 (type: string), _col1 (type: string)
                         Statistics: Num rows: 500 Data size: 136000 Basic stats: COMPLETE Column stats: COMPLETE
             Execution mode: vectorized, llap
-            LLAP IO: no inputs
+            LLAP IO: all inputs
         Reducer 2 
             Execution mode: llap
             Reduce Operator Tree:
@@ -1847,7 +1847,7 @@ STAGE PLANS:
                         Map-reduce partition columns: _col0 (type: string), _col1 (type: string)
                         Statistics: Num rows: 500 Data size: 136000 Basic stats: COMPLETE Column stats: COMPLETE
             Execution mode: vectorized, llap
-            LLAP IO: no inputs
+            LLAP IO: all inputs
         Reducer 2 
             Execution mode: llap
             Reduce Operator Tree:
@@ -2728,7 +2728,7 @@ STAGE PLANS:
                         Statistics: Num rows: 250 Data size: 46500 Basic stats: COMPLETE Column stats: COMPLETE
                         value expressions: _col2 (type: bigint)
             Execution mode: vectorized, llap
-            LLAP IO: no inputs
+            LLAP IO: all inputs
         Reducer 2 
             Execution mode: llap
             Reduce Operator Tree:
@@ -3607,7 +3607,7 @@ STAGE PLANS:
                         Map-reduce partition columns: _col0 (type: string), _col1 (type: string)
                         Statistics: Num rows: 500 Data size: 136000 Basic stats: COMPLETE Column stats: COMPLETE
             Execution mode: vectorized, llap
-            LLAP IO: no inputs
+            LLAP IO: all inputs
         Reducer 2 
             Execution mode: llap
             Reduce Operator Tree:
diff --git a/ql/src/test/results/clientpositive/llap/groupby_complex_types.q.out b/ql/src/test/results/clientpositive/llap/groupby_complex_types.q.out
index faa2c11b30..a0d21831c6 100644
--- a/ql/src/test/results/clientpositive/llap/groupby_complex_types.q.out
+++ b/ql/src/test/results/clientpositive/llap/groupby_complex_types.q.out
@@ -122,7 +122,7 @@ STAGE PLANS:
                         Statistics: Num rows: 250 Data size: 106000 Basic stats: COMPLETE Column stats: COMPLETE
                         value expressions: _col1 (type: bigint)
             Execution mode: llap
-            LLAP IO: no inputs
+            LLAP IO: all inputs
         Reducer 2 
             Execution mode: llap
             Reduce Operator Tree:
diff --git a/ql/src/test/results/clientpositive/llap/groupby_complex_types_multi_single_reducer.q.out b/ql/src/test/results/clientpositive/llap/groupby_complex_types_multi_single_reducer.q.out
index 758d108581..4b4dad1743 100644
--- a/ql/src/test/results/clientpositive/llap/groupby_complex_types_multi_single_reducer.q.out
+++ b/ql/src/test/results/clientpositive/llap/groupby_complex_types_multi_single_reducer.q.out
@@ -103,7 +103,7 @@ STAGE PLANS:
                           Statistics: Num rows: 250 Data size: 232000 Basic stats: COMPLETE Column stats: COMPLETE
                           value expressions: _col1 (type: bigint)
             Execution mode: llap
-            LLAP IO: no inputs
+            LLAP IO: all inputs
         Reducer 2 
             Execution mode: llap
             Reduce Operator Tree:
diff --git a/ql/src/test/results/clientpositive/llap/groupby_cube1.q.out b/ql/src/test/results/clientpositive/llap/groupby_cube1.q.out
index f911e7ac5a..09baad916b 100644
--- a/ql/src/test/results/clientpositive/llap/groupby_cube1.q.out
+++ b/ql/src/test/results/clientpositive/llap/groupby_cube1.q.out
@@ -60,7 +60,7 @@ STAGE PLANS:
                         Statistics: Num rows: 4 Data size: 1472 Basic stats: COMPLETE Column stats: NONE
                         value expressions: _col3 (type: bigint)
             Execution mode: llap
-            LLAP IO: no inputs
+            LLAP IO: all inputs
         Reducer 2 
             Execution mode: llap
             Reduce Operator Tree:
@@ -135,7 +135,7 @@ STAGE PLANS:
                         Statistics: Num rows: 4 Data size: 1472 Basic stats: COMPLETE Column stats: NONE
                         value expressions: _col3 (type: bigint)
             Execution mode: llap
-            LLAP IO: no inputs
+            LLAP IO: all inputs
         Reducer 2 
             Execution mode: llap
             Reduce Operator Tree:
@@ -236,7 +236,7 @@ STAGE PLANS:
                         Statistics: Num rows: 4 Data size: 1472 Basic stats: COMPLETE Column stats: NONE
                         value expressions: _col3 (type: bigint)
             Execution mode: llap
-            LLAP IO: no inputs
+            LLAP IO: all inputs
         Reducer 2 
             Execution mode: llap
             Reduce Operator Tree:
@@ -335,7 +335,7 @@ STAGE PLANS:
                         Map-reduce partition columns: _col0 (type: string), _col1 (type: bigint)
                         Statistics: Num rows: 2 Data size: 736 Basic stats: COMPLETE Column stats: NONE
             Execution mode: llap
-            LLAP IO: no inputs
+            LLAP IO: all inputs
         Reducer 2 
             Execution mode: llap
             Reduce Operator Tree:
@@ -425,7 +425,7 @@ STAGE PLANS:
                         Statistics: Num rows: 4 Data size: 1472 Basic stats: COMPLETE Column stats: NONE
                         value expressions: _col3 (type: bigint)
             Execution mode: llap
-            LLAP IO: no inputs
+            LLAP IO: all inputs
         Reducer 2 
             Execution mode: llap
             Reduce Operator Tree:
@@ -542,7 +542,7 @@ STAGE PLANS:
                         Map-reduce partition columns: _col0 (type: string)
                         Statistics: Num rows: 2 Data size: 736 Basic stats: COMPLETE Column stats: NONE
             Execution mode: llap
-            LLAP IO: no inputs
+            LLAP IO: all inputs
         Reducer 2 
             Execution mode: llap
             Reduce Operator Tree:
@@ -696,7 +696,7 @@ STAGE PLANS:
                         Statistics: Num rows: 4 Data size: 1472 Basic stats: COMPLETE Column stats: NONE
                         value expressions: _col3 (type: bigint)
             Execution mode: llap
-            LLAP IO: no inputs
+            LLAP IO: all inputs
         Reducer 2 
             Execution mode: llap
             Reduce Operator Tree:
diff --git a/ql/src/test/results/clientpositive/llap/groupby_cube_multi_gby.q.out b/ql/src/test/results/clientpositive/llap/groupby_cube_multi_gby.q.out
index aa2881db47..284b32313e 100644
--- a/ql/src/test/results/clientpositive/llap/groupby_cube_multi_gby.q.out
+++ b/ql/src/test/results/clientpositive/llap/groupby_cube_multi_gby.q.out
@@ -93,7 +93,7 @@ STAGE PLANS:
                         Map-reduce partition columns: _col0 (type: string), _col1 (type: string), _col2 (type: bigint)
                         Statistics: Num rows: 500 Data size: 93000 Basic stats: COMPLETE Column stats: COMPLETE
             Execution mode: vectorized, llap
-            LLAP IO: no inputs
+            LLAP IO: all inputs
         Reducer 2 
             Execution mode: llap
             Reduce Operator Tree:
diff --git a/ql/src/test/results/clientpositive/llap/groupby_distinct_samekey.q.out b/ql/src/test/results/clientpositive/llap/groupby_distinct_samekey.q.out
index 4d6d6cf2ac..97110f34a1 100644
--- a/ql/src/test/results/clientpositive/llap/groupby_distinct_samekey.q.out
+++ b/ql/src/test/results/clientpositive/llap/groupby_distinct_samekey.q.out
@@ -61,7 +61,7 @@ STAGE PLANS:
                         Map-reduce partition columns: _col0 (type: int)
                         Statistics: Num rows: 4 Data size: 48 Basic stats: COMPLETE Column stats: COMPLETE
             Execution mode: vectorized, llap
-            LLAP IO: no inputs
+            LLAP IO: all inputs
         Reducer 2 
             Execution mode: llap
             Reduce Operator Tree:
@@ -128,7 +128,7 @@ STAGE PLANS:
                         Map-reduce partition columns: _col0 (type: int)
                         Statistics: Num rows: 4 Data size: 48 Basic stats: COMPLETE Column stats: COMPLETE
             Execution mode: vectorized, llap
-            LLAP IO: no inputs
+            LLAP IO: all inputs
         Reducer 2 
             Execution mode: llap
             Reduce Operator Tree:
diff --git a/ql/src/test/results/clientpositive/llap/groupby_duplicate_key.q.out b/ql/src/test/results/clientpositive/llap/groupby_duplicate_key.q.out
index 040e5db65d..ae6b2e77f4 100644
--- a/ql/src/test/results/clientpositive/llap/groupby_duplicate_key.q.out
+++ b/ql/src/test/results/clientpositive/llap/groupby_duplicate_key.q.out
@@ -44,7 +44,7 @@ STAGE PLANS:
                         Map-reduce partition columns: _col0 (type: string), '' (type: string)
                         Statistics: Num rows: 250 Data size: 63750 Basic stats: COMPLETE Column stats: COMPLETE
             Execution mode: vectorized, llap
-            LLAP IO: no inputs
+            LLAP IO: all inputs
         Reducer 2 
             Execution mode: vectorized, llap
             Reduce Operator Tree:
@@ -154,7 +154,7 @@ STAGE PLANS:
                         Map-reduce partition columns: _col0 (type: string), 'X' (type: string)
                         Statistics: Num rows: 250 Data size: 64250 Basic stats: COMPLETE Column stats: COMPLETE
             Execution mode: vectorized, llap
-            LLAP IO: no inputs
+            LLAP IO: all inputs
         Reducer 2 
             Execution mode: vectorized, llap
             Reduce Operator Tree:
@@ -319,7 +319,7 @@ STAGE PLANS:
                           Statistics: Num rows: 250 Data size: 113750 Basic stats: COMPLETE Column stats: COMPLETE
                           value expressions: _col1 (type: string), _col2 (type: string)
             Execution mode: vectorized, llap
-            LLAP IO: no inputs
+            LLAP IO: all inputs
         Reducer 2 
             Execution mode: vectorized, llap
             Reduce Operator Tree:
diff --git a/ql/src/test/results/clientpositive/llap/groupby_grouping_id3.q.out b/ql/src/test/results/clientpositive/llap/groupby_grouping_id3.q.out
index 7e820d084d..4265bcb327 100644
--- a/ql/src/test/results/clientpositive/llap/groupby_grouping_id3.q.out
+++ b/ql/src/test/results/clientpositive/llap/groupby_grouping_id3.q.out
@@ -71,7 +71,7 @@ STAGE PLANS:
                           Statistics: Num rows: 1 Data size: 8 Basic stats: COMPLETE Column stats: NONE
                           value expressions: _col3 (type: bigint)
             Execution mode: llap
-            LLAP IO: no inputs
+            LLAP IO: all inputs
         Reducer 2 
             Execution mode: llap
             Reduce Operator Tree:
@@ -174,7 +174,7 @@ STAGE PLANS:
                         Statistics: Num rows: 2 Data size: 16 Basic stats: COMPLETE Column stats: NONE
                         value expressions: _col3 (type: bigint)
             Execution mode: llap
-            LLAP IO: no inputs
+            LLAP IO: all inputs
         Reducer 2 
             Execution mode: llap
             Reduce Operator Tree:
diff --git a/ql/src/test/results/clientpositive/llap/groupby_grouping_sets1.q.out b/ql/src/test/results/clientpositive/llap/groupby_grouping_sets1.q.out
index 97eea5572a..87319e1089 100644
--- a/ql/src/test/results/clientpositive/llap/groupby_grouping_sets1.q.out
+++ b/ql/src/test/results/clientpositive/llap/groupby_grouping_sets1.q.out
@@ -76,7 +76,7 @@ STAGE PLANS:
                         Statistics: Num rows: 4 Data size: 1472 Basic stats: COMPLETE Column stats: NONE
                         value expressions: _col3 (type: bigint)
             Execution mode: llap
-            LLAP IO: no inputs
+            LLAP IO: all inputs
         Reducer 2 
             Execution mode: llap
             Reduce Operator Tree:
@@ -176,7 +176,7 @@ STAGE PLANS:
                         Statistics: Num rows: 4 Data size: 1472 Basic stats: COMPLETE Column stats: NONE
                         value expressions: _col3 (type: bigint)
             Execution mode: llap
-            LLAP IO: no inputs
+            LLAP IO: all inputs
         Reducer 2 
             Execution mode: llap
             Reduce Operator Tree:
@@ -276,7 +276,7 @@ STAGE PLANS:
                         Statistics: Num rows: 4 Data size: 1472 Basic stats: COMPLETE Column stats: NONE
                         value expressions: _col3 (type: bigint)
             Execution mode: llap
-            LLAP IO: no inputs
+            LLAP IO: all inputs
         Reducer 2 
             Execution mode: llap
             Reduce Operator Tree:
@@ -376,7 +376,7 @@ STAGE PLANS:
                         Statistics: Num rows: 2 Data size: 736 Basic stats: COMPLETE Column stats: NONE
                         value expressions: _col3 (type: bigint)
             Execution mode: llap
-            LLAP IO: no inputs
+            LLAP IO: all inputs
         Reducer 2 
             Execution mode: llap
             Reduce Operator Tree:
@@ -470,7 +470,7 @@ STAGE PLANS:
                         Map-reduce partition columns: _col0 (type: string), _col1 (type: string), _col2 (type: string), _col3 (type: bigint)
                         Statistics: Num rows: 3 Data size: 1656 Basic stats: COMPLETE Column stats: NONE
             Execution mode: llap
-            LLAP IO: no inputs
+            LLAP IO: all inputs
         Reducer 2 
             Execution mode: llap
             Reduce Operator Tree:
@@ -566,7 +566,7 @@ STAGE PLANS:
                         Map-reduce partition columns: _col0 (type: string)
                         Statistics: Num rows: 1 Data size: 184 Basic stats: COMPLETE Column stats: NONE
             Execution mode: llap
-            LLAP IO: no inputs
+            LLAP IO: all inputs
         Reducer 2 
             Execution mode: llap
             Reduce Operator Tree:
@@ -650,7 +650,7 @@ STAGE PLANS:
                         Statistics: Num rows: 1 Data size: 368 Basic stats: COMPLETE Column stats: NONE
                         value expressions: _col1 (type: bigint)
             Execution mode: llap
-            LLAP IO: no inputs
+            LLAP IO: all inputs
         Reducer 2 
             Execution mode: llap
             Reduce Operator Tree:
diff --git a/ql/src/test/results/clientpositive/llap/groupby_grouping_sets2.q.out b/ql/src/test/results/clientpositive/llap/groupby_grouping_sets2.q.out
index 5a53460a83..e6d800fed7 100644
--- a/ql/src/test/results/clientpositive/llap/groupby_grouping_sets2.q.out
+++ b/ql/src/test/results/clientpositive/llap/groupby_grouping_sets2.q.out
@@ -62,7 +62,7 @@ STAGE PLANS:
                         Statistics: Num rows: 1 Data size: 368 Basic stats: COMPLETE Column stats: NONE
                         value expressions: _col2 (type: bigint)
             Execution mode: llap
-            LLAP IO: no inputs
+            LLAP IO: all inputs
         Reducer 2 
             Execution mode: llap
             Reduce Operator Tree:
@@ -155,7 +155,7 @@ STAGE PLANS:
                         Statistics: Num rows: 1 Data size: 368 Basic stats: COMPLETE Column stats: NONE
                         value expressions: _col2 (type: bigint)
             Execution mode: llap
-            LLAP IO: no inputs
+            LLAP IO: all inputs
         Reducer 2 
             Execution mode: llap
             Reduce Operator Tree:
@@ -272,7 +272,7 @@ STAGE PLANS:
                         Statistics: Num rows: 1 Data size: 552 Basic stats: COMPLETE Column stats: NONE
                         value expressions: _col2 (type: double)
             Execution mode: llap
-            LLAP IO: no inputs
+            LLAP IO: all inputs
         Reducer 2 
             Execution mode: llap
             Reduce Operator Tree:
@@ -412,7 +412,7 @@ STAGE PLANS:
                         Statistics: Num rows: 3 Data size: 534 Basic stats: COMPLETE Column stats: COMPLETE
                         value expressions: _col2 (type: bigint)
             Execution mode: llap
-            LLAP IO: no inputs
+            LLAP IO: all inputs
         Reducer 2 
             Execution mode: llap
             Reduce Operator Tree:
diff --git a/ql/src/test/results/clientpositive/llap/groupby_grouping_sets3.q.out b/ql/src/test/results/clientpositive/llap/groupby_grouping_sets3.q.out
index 94ea09e806..6499199947 100644
--- a/ql/src/test/results/clientpositive/llap/groupby_grouping_sets3.q.out
+++ b/ql/src/test/results/clientpositive/llap/groupby_grouping_sets3.q.out
@@ -69,7 +69,7 @@ STAGE PLANS:
                         Statistics: Num rows: 4 Data size: 2208 Basic stats: COMPLETE Column stats: NONE
                         value expressions: _col3 (type: double), _col4 (type: bigint), _col5 (type: bigint)
             Execution mode: llap
-            LLAP IO: no inputs
+            LLAP IO: all inputs
         Reducer 2 
             Execution mode: llap
             Reduce Operator Tree:
@@ -145,7 +145,7 @@ STAGE PLANS:
                         Statistics: Num rows: 4 Data size: 2208 Basic stats: COMPLETE Column stats: NONE
                         value expressions: _col3 (type: double), _col4 (type: bigint), _col5 (type: bigint)
             Execution mode: llap
-            LLAP IO: no inputs
+            LLAP IO: all inputs
         Reducer 2 
             Execution mode: llap
             Reduce Operator Tree:
@@ -247,7 +247,7 @@ STAGE PLANS:
                         Statistics: Num rows: 1 Data size: 552 Basic stats: COMPLETE Column stats: NONE
                         value expressions: _col2 (type: double), _col3 (type: bigint), _col4 (type: bigint)
             Execution mode: llap
-            LLAP IO: no inputs
+            LLAP IO: all inputs
         Reducer 2 
             Execution mode: llap
             Reduce Operator Tree:
diff --git a/ql/src/test/results/clientpositive/llap/groupby_grouping_sets4.q.out b/ql/src/test/results/clientpositive/llap/groupby_grouping_sets4.q.out
index b5bdddb049..e278bc6008 100644
--- a/ql/src/test/results/clientpositive/llap/groupby_grouping_sets4.q.out
+++ b/ql/src/test/results/clientpositive/llap/groupby_grouping_sets4.q.out
@@ -77,7 +77,7 @@ STAGE PLANS:
                         Statistics: Num rows: 4 Data size: 1472 Basic stats: COMPLETE Column stats: NONE
                         value expressions: _col3 (type: bigint)
             Execution mode: llap
-            LLAP IO: no inputs
+            LLAP IO: all inputs
         Reducer 2 
             Execution mode: llap
             Reduce Operator Tree:
@@ -214,7 +214,7 @@ STAGE PLANS:
                         Statistics: Num rows: 4 Data size: 1472 Basic stats: COMPLETE Column stats: NONE
                         value expressions: _col3 (type: bigint)
             Execution mode: llap
-            LLAP IO: no inputs
+            LLAP IO: all inputs
         Reducer 2 
             Execution mode: llap
             Reduce Operator Tree:
@@ -374,7 +374,7 @@ STAGE PLANS:
                         Statistics: Num rows: 1 Data size: 368 Basic stats: COMPLETE Column stats: NONE
                         value expressions: _col2 (type: bigint)
             Execution mode: llap
-            LLAP IO: no inputs
+            LLAP IO: all inputs
         Reducer 2 
             Execution mode: llap
             Reduce Operator Tree:
diff --git a/ql/src/test/results/clientpositive/llap/groupby_grouping_sets5.q.out b/ql/src/test/results/clientpositive/llap/groupby_grouping_sets5.q.out
index b24d967f19..df4a87246b 100644
--- a/ql/src/test/results/clientpositive/llap/groupby_grouping_sets5.q.out
+++ b/ql/src/test/results/clientpositive/llap/groupby_grouping_sets5.q.out
@@ -61,7 +61,7 @@ STAGE PLANS:
                         Map-reduce partition columns: _col0 (type: string), _col1 (type: string)
                         Statistics: Num rows: 1 Data size: 368 Basic stats: COMPLETE Column stats: NONE
             Execution mode: llap
-            LLAP IO: no inputs
+            LLAP IO: all inputs
         Reducer 2 
             Execution mode: llap
             Reduce Operator Tree:
@@ -159,7 +159,7 @@ STAGE PLANS:
                         Map-reduce partition columns: _col0 (type: string), _col1 (type: string)
                         Statistics: Num rows: 1 Data size: 368 Basic stats: COMPLETE Column stats: NONE
             Execution mode: llap
-            LLAP IO: no inputs
+            LLAP IO: all inputs
         Reducer 2 
             Execution mode: llap
             Reduce Operator Tree:
@@ -283,7 +283,7 @@ STAGE PLANS:
                         Map-reduce partition columns: _col0 (type: string), _col1 (type: string)
                         Statistics: Num rows: 1 Data size: 368 Basic stats: COMPLETE Column stats: NONE
             Execution mode: llap
-            LLAP IO: no inputs
+            LLAP IO: all inputs
         Reducer 2 
             Execution mode: llap
             Reduce Operator Tree:
diff --git a/ql/src/test/results/clientpositive/llap/groupby_grouping_sets6.q.out b/ql/src/test/results/clientpositive/llap/groupby_grouping_sets6.q.out
index 4510a71a3f..4cd28c6c31 100644
--- a/ql/src/test/results/clientpositive/llap/groupby_grouping_sets6.q.out
+++ b/ql/src/test/results/clientpositive/llap/groupby_grouping_sets6.q.out
@@ -61,7 +61,7 @@ STAGE PLANS:
                         Map-reduce partition columns: _col0 (type: string), _col1 (type: string), _col2 (type: bigint)
                         Statistics: Num rows: 2 Data size: 736 Basic stats: COMPLETE Column stats: NONE
             Execution mode: llap
-            LLAP IO: no inputs
+            LLAP IO: all inputs
         Reducer 2 
             Execution mode: llap
             Reduce Operator Tree:
@@ -146,7 +146,7 @@ STAGE PLANS:
                         Map-reduce partition columns: _col0 (type: string), _col1 (type: string), _col2 (type: bigint)
                         Statistics: Num rows: 2 Data size: 736 Basic stats: COMPLETE Column stats: NONE
             Execution mode: llap
-            LLAP IO: no inputs
+            LLAP IO: all inputs
         Reducer 2 
             Execution mode: llap
             Reduce Operator Tree:
diff --git a/ql/src/test/results/clientpositive/llap/groupby_grouping_sets_grouping.q.out b/ql/src/test/results/clientpositive/llap/groupby_grouping_sets_grouping.q.out
index 032982b83a..06b62625c8 100644
--- a/ql/src/test/results/clientpositive/llap/groupby_grouping_sets_grouping.q.out
+++ b/ql/src/test/results/clientpositive/llap/groupby_grouping_sets_grouping.q.out
@@ -62,7 +62,7 @@ STAGE PLANS:
                         Map-reduce partition columns: _col0 (type: int), _col1 (type: int), _col2 (type: bigint)
                         Statistics: Num rows: 3 Data size: 24 Basic stats: COMPLETE Column stats: NONE
             Execution mode: llap
-            LLAP IO: no inputs
+            LLAP IO: all inputs
         Reducer 2 
             Execution mode: llap
             Reduce Operator Tree:
@@ -160,7 +160,7 @@ STAGE PLANS:
                         Map-reduce partition columns: _col0 (type: int), _col1 (type: int), _col2 (type: bigint)
                         Statistics: Num rows: 4 Data size: 32 Basic stats: COMPLETE Column stats: NONE
             Execution mode: llap
-            LLAP IO: no inputs
+            LLAP IO: all inputs
         Reducer 2 
             Execution mode: llap
             Reduce Operator Tree:
@@ -265,7 +265,7 @@ STAGE PLANS:
                         Map-reduce partition columns: _col0 (type: int), _col1 (type: int), _col2 (type: bigint)
                         Statistics: Num rows: 4 Data size: 32 Basic stats: COMPLETE Column stats: NONE
             Execution mode: llap
-            LLAP IO: no inputs
+            LLAP IO: all inputs
         Reducer 2 
             Execution mode: llap
             Reduce Operator Tree:
@@ -368,7 +368,7 @@ STAGE PLANS:
                         Map-reduce partition columns: _col0 (type: int), _col1 (type: int), _col2 (type: bigint)
                         Statistics: Num rows: 4 Data size: 32 Basic stats: COMPLETE Column stats: NONE
             Execution mode: llap
-            LLAP IO: no inputs
+            LLAP IO: all inputs
         Reducer 2 
             Execution mode: llap
             Reduce Operator Tree:
@@ -485,7 +485,7 @@ STAGE PLANS:
                         Map-reduce partition columns: _col0 (type: int), _col1 (type: int), _col2 (type: bigint)
                         Statistics: Num rows: 3 Data size: 24 Basic stats: COMPLETE Column stats: NONE
             Execution mode: llap
-            LLAP IO: no inputs
+            LLAP IO: all inputs
         Reducer 2 
             Execution mode: llap
             Reduce Operator Tree:
@@ -583,7 +583,7 @@ STAGE PLANS:
                         Map-reduce partition columns: _col0 (type: int), _col1 (type: int), _col2 (type: bigint)
                         Statistics: Num rows: 4 Data size: 32 Basic stats: COMPLETE Column stats: NONE
             Execution mode: llap
-            LLAP IO: no inputs
+            LLAP IO: all inputs
         Reducer 2 
             Execution mode: llap
             Reduce Operator Tree:
@@ -691,7 +691,7 @@ STAGE PLANS:
                           Map-reduce partition columns: _col0 (type: int), _col1 (type: int), _col2 (type: bigint)
                           Statistics: Num rows: 2 Data size: 16 Basic stats: COMPLETE Column stats: NONE
             Execution mode: llap
-            LLAP IO: no inputs
+            LLAP IO: all inputs
         Reducer 2 
             Execution mode: llap
             Reduce Operator Tree:
@@ -791,7 +791,7 @@ STAGE PLANS:
                           Map-reduce partition columns: _col0 (type: int), _col1 (type: int), _col2 (type: bigint)
                           Statistics: Num rows: 4 Data size: 32 Basic stats: COMPLETE Column stats: NONE
             Execution mode: llap
-            LLAP IO: no inputs
+            LLAP IO: all inputs
         Reducer 2 
             Execution mode: llap
             Reduce Operator Tree:
@@ -905,7 +905,7 @@ STAGE PLANS:
                         Map-reduce partition columns: _col0 (type: int), _col1 (type: int)
                         Statistics: Num rows: 1 Data size: 8 Basic stats: COMPLETE Column stats: NONE
             Execution mode: llap
-            LLAP IO: no inputs
+            LLAP IO: all inputs
         Reducer 2 
             Execution mode: llap
             Reduce Operator Tree:
@@ -998,7 +998,7 @@ STAGE PLANS:
                         Map-reduce partition columns: _col0 (type: int), _col1 (type: int)
                         Statistics: Num rows: 1 Data size: 8 Basic stats: COMPLETE Column stats: NONE
             Execution mode: llap
-            LLAP IO: no inputs
+            LLAP IO: all inputs
         Reducer 2 
             Execution mode: llap
             Reduce Operator Tree:
@@ -1093,7 +1093,7 @@ STAGE PLANS:
                         Map-reduce partition columns: _col0 (type: int), _col1 (type: int)
                         Statistics: Num rows: 1 Data size: 8 Basic stats: COMPLETE Column stats: NONE
             Execution mode: llap
-            LLAP IO: no inputs
+            LLAP IO: all inputs
         Reducer 2 
             Execution mode: llap
             Reduce Operator Tree:
@@ -1184,7 +1184,7 @@ STAGE PLANS:
                         Map-reduce partition columns: _col0 (type: int), _col1 (type: int), _col2 (type: bigint)
                         Statistics: Num rows: 4 Data size: 32 Basic stats: COMPLETE Column stats: NONE
             Execution mode: llap
-            LLAP IO: no inputs
+            LLAP IO: all inputs
         Reducer 2 
             Execution mode: llap
             Reduce Operator Tree:
@@ -1287,7 +1287,7 @@ STAGE PLANS:
                         Map-reduce partition columns: _col0 (type: int), _col1 (type: int), _col2 (type: bigint)
                         Statistics: Num rows: 4 Data size: 32 Basic stats: COMPLETE Column stats: NONE
             Execution mode: llap
-            LLAP IO: no inputs
+            LLAP IO: all inputs
         Reducer 2 
             Execution mode: llap
             Reduce Operator Tree:
@@ -1390,7 +1390,7 @@ STAGE PLANS:
                         Map-reduce partition columns: _col0 (type: int), _col1 (type: int), _col2 (type: bigint)
                         Statistics: Num rows: 3 Data size: 24 Basic stats: COMPLETE Column stats: NONE
             Execution mode: llap
-            LLAP IO: no inputs
+            LLAP IO: all inputs
         Reducer 2 
             Execution mode: llap
             Reduce Operator Tree:
@@ -1488,7 +1488,7 @@ STAGE PLANS:
                         Map-reduce partition columns: _col0 (type: int), _col1 (type: int), _col2 (type: bigint)
                         Statistics: Num rows: 3 Data size: 24 Basic stats: COMPLETE Column stats: NONE
             Execution mode: llap
-            LLAP IO: no inputs
+            LLAP IO: all inputs
         Reducer 2 
             Execution mode: llap
             Reduce Operator Tree:
diff --git a/ql/src/test/results/clientpositive/llap/groupby_grouping_sets_limit.q.out b/ql/src/test/results/clientpositive/llap/groupby_grouping_sets_limit.q.out
index 6d75f426ae..47a537ef3b 100644
--- a/ql/src/test/results/clientpositive/llap/groupby_grouping_sets_limit.q.out
+++ b/ql/src/test/results/clientpositive/llap/groupby_grouping_sets_limit.q.out
@@ -67,7 +67,7 @@ STAGE PLANS:
                           Statistics: Num rows: 4 Data size: 1472 Basic stats: COMPLETE Column stats: NONE
                           value expressions: _col3 (type: bigint)
             Execution mode: vectorized, llap
-            LLAP IO: no inputs
+            LLAP IO: all inputs
         Reducer 2 
             Execution mode: vectorized, llap
             Reduce Operator Tree:
@@ -182,7 +182,7 @@ STAGE PLANS:
                           Statistics: Num rows: 4 Data size: 1472 Basic stats: COMPLETE Column stats: NONE
                           value expressions: _col3 (type: bigint)
             Execution mode: vectorized, llap
-            LLAP IO: no inputs
+            LLAP IO: all inputs
         Reducer 2 
             Execution mode: vectorized, llap
             Reduce Operator Tree:
@@ -297,7 +297,7 @@ STAGE PLANS:
                           Statistics: Num rows: 2 Data size: 736 Basic stats: COMPLETE Column stats: NONE
                           value expressions: _col3 (type: bigint)
             Execution mode: vectorized, llap
-            LLAP IO: no inputs
+            LLAP IO: all inputs
         Reducer 2 
             Execution mode: vectorized, llap
             Reduce Operator Tree:
@@ -410,7 +410,7 @@ STAGE PLANS:
                           Map-reduce partition columns: _col0 (type: string), _col1 (type: string), _col2 (type: string), _col3 (type: bigint)
                           Statistics: Num rows: 3 Data size: 1656 Basic stats: COMPLETE Column stats: NONE
             Execution mode: vectorized, llap
-            LLAP IO: no inputs
+            LLAP IO: all inputs
         Reducer 2 
             Execution mode: vectorized, llap
             Reduce Operator Tree:
@@ -521,7 +521,7 @@ STAGE PLANS:
                           Map-reduce partition columns: _col0 (type: string)
                           Statistics: Num rows: 1 Data size: 184 Basic stats: COMPLETE Column stats: NONE
             Execution mode: vectorized, llap
-            LLAP IO: no inputs
+            LLAP IO: all inputs
         Reducer 2 
             Execution mode: vectorized, llap
             Reduce Operator Tree:
@@ -625,7 +625,7 @@ STAGE PLANS:
                           Statistics: Num rows: 1 Data size: 368 Basic stats: COMPLETE Column stats: NONE
                           value expressions: _col1 (type: bigint)
             Execution mode: vectorized, llap
-            LLAP IO: no inputs
+            LLAP IO: all inputs
         Reducer 2 
             Execution mode: vectorized, llap
             Reduce Operator Tree:
diff --git a/ql/src/test/results/clientpositive/llap/groupby_grouping_sets_pushdown1.q.out b/ql/src/test/results/clientpositive/llap/groupby_grouping_sets_pushdown1.q.out
index 81fdd0696b..6d393e26ea 100644
--- a/ql/src/test/results/clientpositive/llap/groupby_grouping_sets_pushdown1.q.out
+++ b/ql/src/test/results/clientpositive/llap/groupby_grouping_sets_pushdown1.q.out
@@ -78,7 +78,7 @@ STAGE PLANS:
                           value expressions: _col3 (type: bigint)
                           auto parallelism: true
             Execution mode: vectorized, llap
-            LLAP IO: no inputs
+            LLAP IO: all inputs
             Path -> Alias:
 #### A masked pattern was here ####
             Path -> Partition:
@@ -220,7 +220,7 @@ STAGE PLANS:
                         value expressions: _col3 (type: bigint)
                         auto parallelism: true
             Execution mode: vectorized, llap
-            LLAP IO: no inputs
+            LLAP IO: all inputs
             Path -> Alias:
 #### A masked pattern was here ####
             Path -> Partition:
@@ -368,7 +368,7 @@ STAGE PLANS:
                           value expressions: _col3 (type: bigint)
                           auto parallelism: true
             Execution mode: vectorized, llap
-            LLAP IO: no inputs
+            LLAP IO: all inputs
             Path -> Alias:
 #### A masked pattern was here ####
             Path -> Partition:
@@ -519,7 +519,7 @@ STAGE PLANS:
                           value expressions: _col3 (type: bigint)
                           auto parallelism: true
             Execution mode: vectorized, llap
-            LLAP IO: no inputs
+            LLAP IO: all inputs
             Path -> Alias:
 #### A masked pattern was here ####
             Path -> Partition:
@@ -701,7 +701,7 @@ STAGE PLANS:
                         value expressions: _col3 (type: bigint)
                         auto parallelism: true
             Execution mode: vectorized, llap
-            LLAP IO: no inputs
+            LLAP IO: all inputs
             Path -> Alias:
 #### A masked pattern was here ####
             Path -> Partition:
@@ -1014,7 +1014,7 @@ STAGE PLANS:
                           value expressions: _col3 (type: bigint)
                           auto parallelism: true
             Execution mode: vectorized, llap
-            LLAP IO: no inputs
+            LLAP IO: all inputs
             Path -> Alias:
 #### A masked pattern was here ####
             Path -> Partition:
@@ -1174,7 +1174,7 @@ STAGE PLANS:
                         value expressions: _col3 (type: bigint)
                         auto parallelism: true
             Execution mode: vectorized, llap
-            LLAP IO: no inputs
+            LLAP IO: all inputs
             Path -> Alias:
 #### A masked pattern was here ####
             Path -> Partition:
@@ -1342,7 +1342,7 @@ STAGE PLANS:
                           value expressions: _col3 (type: bigint)
                           auto parallelism: true
             Execution mode: vectorized, llap
-            LLAP IO: no inputs
+            LLAP IO: all inputs
             Path -> Alias:
 #### A masked pattern was here ####
             Path -> Partition:
diff --git a/ql/src/test/results/clientpositive/llap/groupby_grouping_window.q.out b/ql/src/test/results/clientpositive/llap/groupby_grouping_window.q.out
index eda01a87b1..3434d47c58 100644
--- a/ql/src/test/results/clientpositive/llap/groupby_grouping_window.q.out
+++ b/ql/src/test/results/clientpositive/llap/groupby_grouping_window.q.out
@@ -72,7 +72,7 @@ STAGE PLANS:
                         Statistics: Num rows: 3 Data size: 60 Basic stats: COMPLETE Column stats: COMPLETE
                         value expressions: _col2 (type: int), _col3 (type: int)
             Execution mode: vectorized, llap
-            LLAP IO: no inputs
+            LLAP IO: all inputs
         Reducer 2 
             Execution mode: vectorized, llap
             Reduce Operator Tree:
diff --git a/ql/src/test/results/clientpositive/llap/groupby_join_pushdown.q.out b/ql/src/test/results/clientpositive/llap/groupby_join_pushdown.q.out
index 8cdf422a63..2eb8af5cb1 100644
--- a/ql/src/test/results/clientpositive/llap/groupby_join_pushdown.q.out
+++ b/ql/src/test/results/clientpositive/llap/groupby_join_pushdown.q.out
@@ -52,7 +52,7 @@ STAGE PLANS:
                           Statistics: Num rows: 250 Data size: 23750 Basic stats: COMPLETE Column stats: COMPLETE
                           value expressions: _col1 (type: bigint)
             Execution mode: vectorized, llap
-            LLAP IO: no inputs
+            LLAP IO: all inputs
         Map 3 
             Map Operator Tree:
                 TableScan
@@ -81,7 +81,7 @@ STAGE PLANS:
                           Statistics: Num rows: 250 Data size: 23750 Basic stats: COMPLETE Column stats: COMPLETE
                           value expressions: _col1 (type: bigint)
             Execution mode: vectorized, llap
-            LLAP IO: no inputs
+            LLAP IO: all inputs
         Reducer 2 
             Reduce Operator Tree:
               Group By Operator
@@ -177,7 +177,7 @@ STAGE PLANS:
                           Map-reduce partition columns: _col0 (type: string)
                           Statistics: Num rows: 250 Data size: 21750 Basic stats: COMPLETE Column stats: COMPLETE
             Execution mode: vectorized, llap
-            LLAP IO: no inputs
+            LLAP IO: all inputs
         Map 3 
             Map Operator Tree:
                 TableScan
@@ -204,7 +204,7 @@ STAGE PLANS:
                           Map-reduce partition columns: _col0 (type: string)
                           Statistics: Num rows: 250 Data size: 21750 Basic stats: COMPLETE Column stats: COMPLETE
             Execution mode: vectorized, llap
-            LLAP IO: no inputs
+            LLAP IO: all inputs
         Reducer 2 
             Reduce Operator Tree:
               Group By Operator
@@ -292,7 +292,7 @@ STAGE PLANS:
                           Map-reduce partition columns: _col0 (type: string)
                           Statistics: Num rows: 250 Data size: 22750 Basic stats: COMPLETE Column stats: COMPLETE
             Execution mode: vectorized, llap
-            LLAP IO: no inputs
+            LLAP IO: all inputs
         Map 3 
             Map Operator Tree:
                 TableScan
@@ -319,7 +319,7 @@ STAGE PLANS:
                           Map-reduce partition columns: _col0 (type: string)
                           Statistics: Num rows: 250 Data size: 22750 Basic stats: COMPLETE Column stats: COMPLETE
             Execution mode: vectorized, llap
-            LLAP IO: no inputs
+            LLAP IO: all inputs
         Reducer 2 
             Reduce Operator Tree:
               Group By Operator
@@ -411,7 +411,7 @@ STAGE PLANS:
                           Statistics: Num rows: 250 Data size: 23750 Basic stats: COMPLETE Column stats: COMPLETE
                           value expressions: _col1 (type: bigint)
             Execution mode: vectorized, llap
-            LLAP IO: no inputs
+            LLAP IO: all inputs
         Map 3 
             Map Operator Tree:
                 TableScan
@@ -440,7 +440,7 @@ STAGE PLANS:
                           Statistics: Num rows: 250 Data size: 23750 Basic stats: COMPLETE Column stats: COMPLETE
                           value expressions: _col1 (type: bigint)
             Execution mode: vectorized, llap
-            LLAP IO: no inputs
+            LLAP IO: all inputs
         Reducer 2 
             Reduce Operator Tree:
               Group By Operator
diff --git a/ql/src/test/results/clientpositive/llap/groupby_map_ppr.q.out b/ql/src/test/results/clientpositive/llap/groupby_map_ppr.q.out
index e85c6ecba8..52465f3292 100644
--- a/ql/src/test/results/clientpositive/llap/groupby_map_ppr.q.out
+++ b/ql/src/test/results/clientpositive/llap/groupby_map_ppr.q.out
@@ -77,7 +77,7 @@ STAGE PLANS:
                         value expressions: _col3 (type: double)
                         auto parallelism: false
             Execution mode: llap
-            LLAP IO: no inputs
+            LLAP IO: all inputs
             Path -> Alias:
 #### A masked pattern was here ####
             Path -> Partition:
diff --git a/ql/src/test/results/clientpositive/llap/groupby_map_ppr_multi_distinct.q.out b/ql/src/test/results/clientpositive/llap/groupby_map_ppr_multi_distinct.q.out
index 9ee01dadb2..7a0198bad6 100644
--- a/ql/src/test/results/clientpositive/llap/groupby_map_ppr_multi_distinct.q.out
+++ b/ql/src/test/results/clientpositive/llap/groupby_map_ppr_multi_distinct.q.out
@@ -77,7 +77,7 @@ STAGE PLANS:
                         value expressions: _col4 (type: double)
                         auto parallelism: false
             Execution mode: llap
-            LLAP IO: no inputs
+            LLAP IO: all inputs
             Path -> Alias:
 #### A masked pattern was here ####
             Path -> Partition:
diff --git a/ql/src/test/results/clientpositive/llap/groupby_multi_insert_common_distinct.q.out b/ql/src/test/results/clientpositive/llap/groupby_multi_insert_common_distinct.q.out
index bf1dc552c5..c8f8f28019 100644
--- a/ql/src/test/results/clientpositive/llap/groupby_multi_insert_common_distinct.q.out
+++ b/ql/src/test/results/clientpositive/llap/groupby_multi_insert_common_distinct.q.out
@@ -89,7 +89,7 @@ STAGE PLANS:
                         Map-reduce partition columns: _col0 (type: double)
                         Statistics: Num rows: 250 Data size: 26750 Basic stats: COMPLETE Column stats: COMPLETE
             Execution mode: vectorized, llap
-            LLAP IO: no inputs
+            LLAP IO: all inputs
         Reducer 2 
             Execution mode: llap
             Reduce Operator Tree:
diff --git a/ql/src/test/results/clientpositive/llap/groupby_multi_single_reducer.q.out b/ql/src/test/results/clientpositive/llap/groupby_multi_single_reducer.q.out
index 077bef6b30..02b3fb7102 100644
--- a/ql/src/test/results/clientpositive/llap/groupby_multi_single_reducer.q.out
+++ b/ql/src/test/results/clientpositive/llap/groupby_multi_single_reducer.q.out
@@ -93,7 +93,7 @@ STAGE PLANS:
                       Statistics: Num rows: 500 Data size: 89000 Basic stats: COMPLETE Column stats: COMPLETE
                       value expressions: value (type: string)
             Execution mode: vectorized, llap
-            LLAP IO: no inputs
+            LLAP IO: all inputs
         Reducer 2 
             Execution mode: llap
             Reduce Operator Tree:
@@ -368,7 +368,7 @@ STAGE PLANS:
                         Statistics: Num rows: 500 Data size: 89000 Basic stats: COMPLETE Column stats: COMPLETE
                         value expressions: value (type: string)
             Execution mode: vectorized, llap
-            LLAP IO: no inputs
+            LLAP IO: all inputs
         Reducer 2 
             Execution mode: llap
             Reduce Operator Tree:
diff --git a/ql/src/test/results/clientpositive/llap/groupby_multi_single_reducer2.q.out b/ql/src/test/results/clientpositive/llap/groupby_multi_single_reducer2.q.out
index 3bc506a15e..51475d3311 100644
--- a/ql/src/test/results/clientpositive/llap/groupby_multi_single_reducer2.q.out
+++ b/ql/src/test/results/clientpositive/llap/groupby_multi_single_reducer2.q.out
@@ -65,7 +65,7 @@ STAGE PLANS:
                       Statistics: Num rows: 332 Data size: 59096 Basic stats: COMPLETE Column stats: COMPLETE
                       value expressions: value (type: string)
             Execution mode: vectorized, llap
-            LLAP IO: no inputs
+            LLAP IO: all inputs
         Reducer 2 
             Execution mode: llap
             Reduce Operator Tree:
diff --git a/ql/src/test/results/clientpositive/llap/groupby_multi_single_reducer3.q.out b/ql/src/test/results/clientpositive/llap/groupby_multi_single_reducer3.q.out
index 3a1c5e333a..247f5cf298 100644
--- a/ql/src/test/results/clientpositive/llap/groupby_multi_single_reducer3.q.out
+++ b/ql/src/test/results/clientpositive/llap/groupby_multi_single_reducer3.q.out
@@ -77,7 +77,7 @@ STAGE PLANS:
                       Statistics: Num rows: 5 Data size: 890 Basic stats: COMPLETE Column stats: COMPLETE
                       value expressions: value (type: string)
             Execution mode: llap
-            LLAP IO: no inputs
+            LLAP IO: all inputs
         Reducer 2 
             Execution mode: llap
             Reduce Operator Tree:
@@ -345,7 +345,7 @@ STAGE PLANS:
                       Statistics: Num rows: 500 Data size: 89000 Basic stats: COMPLETE Column stats: COMPLETE
                       value expressions: key (type: string)
             Execution mode: vectorized, llap
-            LLAP IO: no inputs
+            LLAP IO: all inputs
         Reducer 2 
             Execution mode: llap
             Reduce Operator Tree:
@@ -612,7 +612,7 @@ STAGE PLANS:
                       Statistics: Num rows: 5 Data size: 890 Basic stats: COMPLETE Column stats: COMPLETE
                       value expressions: value (type: string)
             Execution mode: llap
-            LLAP IO: no inputs
+            LLAP IO: all inputs
         Reducer 2 
             Execution mode: llap
             Reduce Operator Tree:
@@ -879,7 +879,7 @@ STAGE PLANS:
                       Statistics: Num rows: 500 Data size: 89000 Basic stats: COMPLETE Column stats: COMPLETE
                       value expressions: key (type: string)
             Execution mode: vectorized, llap
-            LLAP IO: no inputs
+            LLAP IO: all inputs
         Reducer 2 
             Execution mode: llap
             Reduce Operator Tree:
diff --git a/ql/src/test/results/clientpositive/llap/groupby_multialias.q.out b/ql/src/test/results/clientpositive/llap/groupby_multialias.q.out
index 0c4966ac6b..95ceb04a9b 100644
--- a/ql/src/test/results/clientpositive/llap/groupby_multialias.q.out
+++ b/ql/src/test/results/clientpositive/llap/groupby_multialias.q.out
@@ -56,7 +56,7 @@ STAGE PLANS:
                         Statistics: Num rows: 1 Data size: 4 Basic stats: COMPLETE Column stats: NONE
                         value expressions: _col1 (type: int)
             Execution mode: vectorized, llap
-            LLAP IO: no inputs
+            LLAP IO: all inputs
         Reducer 2 
             Execution mode: vectorized, llap
             Reduce Operator Tree:
diff --git a/ql/src/test/results/clientpositive/llap/groupby_nocolumnalign.q.out b/ql/src/test/results/clientpositive/llap/groupby_nocolumnalign.q.out
index cd3c97e3be..fe5750b63b 100644
--- a/ql/src/test/results/clientpositive/llap/groupby_nocolumnalign.q.out
+++ b/ql/src/test/results/clientpositive/llap/groupby_nocolumnalign.q.out
@@ -55,7 +55,7 @@ STAGE PLANS:
                         Map-reduce partition columns: _col0 (type: string), _col1 (type: string)
                         Statistics: Num rows: 500 Data size: 132000 Basic stats: COMPLETE Column stats: COMPLETE
             Execution mode: vectorized, llap
-            LLAP IO: no inputs
+            LLAP IO: all inputs
         Reducer 2 
             Execution mode: llap
             Reduce Operator Tree:
diff --git a/ql/src/test/results/clientpositive/llap/groupby_position.q.out b/ql/src/test/results/clientpositive/llap/groupby_position.q.out
index bf7cb86cb2..8cc9d9c503 100644
--- a/ql/src/test/results/clientpositive/llap/groupby_position.q.out
+++ b/ql/src/test/results/clientpositive/llap/groupby_position.q.out
@@ -87,7 +87,7 @@ STAGE PLANS:
                         Map-reduce partition columns: _col0 (type: string), _col1 (type: string)
                         Statistics: Num rows: 166 Data size: 45152 Basic stats: COMPLETE Column stats: COMPLETE
             Execution mode: vectorized, llap
-            LLAP IO: no inputs
+            LLAP IO: all inputs
         Reducer 2 
             Execution mode: llap
             Reduce Operator Tree:
@@ -372,7 +372,7 @@ STAGE PLANS:
                         Map-reduce partition columns: _col0 (type: string), _col1 (type: string)
                         Statistics: Num rows: 166 Data size: 45152 Basic stats: COMPLETE Column stats: COMPLETE
             Execution mode: vectorized, llap
-            LLAP IO: no inputs
+            LLAP IO: all inputs
         Reducer 2 
             Execution mode: llap
             Reduce Operator Tree:
@@ -635,7 +635,7 @@ STAGE PLANS:
                         Statistics: Num rows: 83 Data size: 7885 Basic stats: COMPLETE Column stats: COMPLETE
                         value expressions: _col1 (type: bigint)
             Execution mode: vectorized, llap
-            LLAP IO: no inputs
+            LLAP IO: all inputs
         Reducer 2 
             Execution mode: vectorized, llap
             Reduce Operator Tree:
@@ -786,7 +786,7 @@ STAGE PLANS:
                         Map-reduce partition columns: _col0 (type: string), _col1 (type: string)
                         Statistics: Num rows: 27 Data size: 4806 Basic stats: COMPLETE Column stats: COMPLETE
             Execution mode: vectorized, llap
-            LLAP IO: no inputs
+            LLAP IO: all inputs
         Reducer 2 
             Execution mode: vectorized, llap
             Reduce Operator Tree:
@@ -937,7 +937,7 @@ STAGE PLANS:
                       sort order: +
                       Statistics: Num rows: 500 Data size: 43500 Basic stats: COMPLETE Column stats: COMPLETE
             Execution mode: vectorized, llap
-            LLAP IO: no inputs
+            LLAP IO: all inputs
         Reducer 2 
             Execution mode: vectorized, llap
             Reduce Operator Tree:
@@ -1512,7 +1512,7 @@ STAGE PLANS:
                         Map-reduce partition columns: _col0 (type: string)
                         Statistics: Num rows: 250 Data size: 21750 Basic stats: COMPLETE Column stats: COMPLETE
             Execution mode: vectorized, llap
-            LLAP IO: no inputs
+            LLAP IO: all inputs
         Reducer 2 
             Execution mode: vectorized, llap
             Reduce Operator Tree:
diff --git a/ql/src/test/results/clientpositive/llap/groupby_ppd.q.out b/ql/src/test/results/clientpositive/llap/groupby_ppd.q.out
index 51c5c6abba..98c93aa8e5 100644
--- a/ql/src/test/results/clientpositive/llap/groupby_ppd.q.out
+++ b/ql/src/test/results/clientpositive/llap/groupby_ppd.q.out
@@ -54,7 +54,7 @@ STAGE PLANS:
                           Map-reduce partition columns: _col0 (type: int)
                           Statistics: Num rows: 2 Data size: 16 Basic stats: COMPLETE Column stats: NONE
             Execution mode: vectorized, llap
-            LLAP IO: no inputs
+            LLAP IO: all inputs
         Map 4 
             Map Operator Tree:
                 TableScan
@@ -81,7 +81,7 @@ STAGE PLANS:
                           Map-reduce partition columns: _col0 (type: int)
                           Statistics: Num rows: 2 Data size: 16 Basic stats: COMPLETE Column stats: NONE
             Execution mode: vectorized, llap
-            LLAP IO: no inputs
+            LLAP IO: all inputs
         Reducer 3 
             Execution mode: vectorized, llap
             Reduce Operator Tree:
diff --git a/ql/src/test/results/clientpositive/llap/groupby_ppr.q.out b/ql/src/test/results/clientpositive/llap/groupby_ppr.q.out
index 773d6e0a12..6315c5ad57 100644
--- a/ql/src/test/results/clientpositive/llap/groupby_ppr.q.out
+++ b/ql/src/test/results/clientpositive/llap/groupby_ppr.q.out
@@ -69,7 +69,7 @@ STAGE PLANS:
                       tag: -1
                       auto parallelism: true
             Execution mode: vectorized, llap
-            LLAP IO: no inputs
+            LLAP IO: all inputs
             Path -> Alias:
 #### A masked pattern was here ####
             Path -> Partition:
diff --git a/ql/src/test/results/clientpositive/llap/groupby_ppr_multi_distinct.q.out b/ql/src/test/results/clientpositive/llap/groupby_ppr_multi_distinct.q.out
index 1c2293b6e4..d4aec89952 100644
--- a/ql/src/test/results/clientpositive/llap/groupby_ppr_multi_distinct.q.out
+++ b/ql/src/test/results/clientpositive/llap/groupby_ppr_multi_distinct.q.out
@@ -69,7 +69,7 @@ STAGE PLANS:
                       tag: -1
                       auto parallelism: true
             Execution mode: vectorized, llap
-            LLAP IO: no inputs
+            LLAP IO: all inputs
             Path -> Alias:
 #### A masked pattern was here ####
             Path -> Partition:
@@ -377,7 +377,7 @@ STAGE PLANS:
                       tag: -1
                       auto parallelism: true
             Execution mode: vectorized, llap
-            LLAP IO: no inputs
+            LLAP IO: all inputs
             Path -> Alias:
 #### A masked pattern was here ####
             Path -> Partition:
diff --git a/ql/src/test/results/clientpositive/llap/groupby_resolution.q.out b/ql/src/test/results/clientpositive/llap/groupby_resolution.q.out
index 231b5cfa7c..ff6be1a276 100644
--- a/ql/src/test/results/clientpositive/llap/groupby_resolution.q.out
+++ b/ql/src/test/results/clientpositive/llap/groupby_resolution.q.out
@@ -34,7 +34,7 @@ STAGE PLANS:
                       Map-reduce partition columns: key (type: string)
                       Statistics: Num rows: 500 Data size: 43500 Basic stats: COMPLETE Column stats: COMPLETE
             Execution mode: vectorized, llap
-            LLAP IO: no inputs
+            LLAP IO: all inputs
         Reducer 2 
             Execution mode: vectorized, llap
             Reduce Operator Tree:
@@ -94,7 +94,7 @@ STAGE PLANS:
                       Map-reduce partition columns: key (type: string)
                       Statistics: Num rows: 500 Data size: 43500 Basic stats: COMPLETE Column stats: COMPLETE
             Execution mode: vectorized, llap
-            LLAP IO: no inputs
+            LLAP IO: all inputs
         Reducer 2 
             Execution mode: vectorized, llap
             Reduce Operator Tree:
@@ -155,7 +155,7 @@ STAGE PLANS:
                       Map-reduce partition columns: rand() (type: double)
                       Statistics: Num rows: 500 Data size: 43500 Basic stats: COMPLETE Column stats: COMPLETE
             Execution mode: vectorized, llap
-            LLAP IO: no inputs
+            LLAP IO: all inputs
         Reducer 2 
             Execution mode: vectorized, llap
             Reduce Operator Tree:
@@ -232,7 +232,7 @@ STAGE PLANS:
                       Map-reduce partition columns: rand() (type: double)
                       Statistics: Num rows: 500 Data size: 43500 Basic stats: COMPLETE Column stats: COMPLETE
             Execution mode: vectorized, llap
-            LLAP IO: no inputs
+            LLAP IO: all inputs
         Reducer 2 
             Execution mode: vectorized, llap
             Reduce Operator Tree:
@@ -316,7 +316,7 @@ STAGE PLANS:
                         Statistics: Num rows: 250 Data size: 23750 Basic stats: COMPLETE Column stats: COMPLETE
                         value expressions: _col1 (type: bigint)
             Execution mode: vectorized, llap
-            LLAP IO: no inputs
+            LLAP IO: all inputs
         Reducer 2 
             Execution mode: vectorized, llap
             Reduce Operator Tree:
@@ -384,7 +384,7 @@ STAGE PLANS:
                         Statistics: Num rows: 250 Data size: 23750 Basic stats: COMPLETE Column stats: COMPLETE
                         value expressions: _col1 (type: bigint)
             Execution mode: vectorized, llap
-            LLAP IO: no inputs
+            LLAP IO: all inputs
         Reducer 2 
             Execution mode: vectorized, llap
             Reduce Operator Tree:
@@ -453,7 +453,7 @@ STAGE PLANS:
                         Statistics: Num rows: 250 Data size: 23750 Basic stats: COMPLETE Column stats: COMPLETE
                         value expressions: _col1 (type: bigint)
             Execution mode: vectorized, llap
-            LLAP IO: no inputs
+            LLAP IO: all inputs
         Reducer 2 
             Execution mode: vectorized, llap
             Reduce Operator Tree:
@@ -538,7 +538,7 @@ STAGE PLANS:
                         Statistics: Num rows: 250 Data size: 23750 Basic stats: COMPLETE Column stats: COMPLETE
                         value expressions: _col1 (type: bigint)
             Execution mode: vectorized, llap
-            LLAP IO: no inputs
+            LLAP IO: all inputs
         Reducer 2 
             Execution mode: vectorized, llap
             Reduce Operator Tree:
@@ -719,7 +719,7 @@ STAGE PLANS:
                         Statistics: Num rows: 83 Data size: 7885 Basic stats: COMPLETE Column stats: COMPLETE
                         value expressions: _col1 (type: bigint)
             Execution mode: vectorized, llap
-            LLAP IO: no inputs
+            LLAP IO: all inputs
         Reducer 2 
             Execution mode: vectorized, llap
             Reduce Operator Tree:
@@ -866,7 +866,7 @@ STAGE PLANS:
                       Statistics: Num rows: 500 Data size: 89000 Basic stats: COMPLETE Column stats: COMPLETE
                       value expressions: _col0 (type: string)
             Execution mode: vectorized, llap
-            LLAP IO: no inputs
+            LLAP IO: all inputs
         Reducer 2 
             Execution mode: vectorized, llap
             Reduce Operator Tree:
diff --git a/ql/src/test/results/clientpositive/llap/groupby_rollup1.q.out b/ql/src/test/results/clientpositive/llap/groupby_rollup1.q.out
index f6a53aac02..87d6bc0107 100644
--- a/ql/src/test/results/clientpositive/llap/groupby_rollup1.q.out
+++ b/ql/src/test/results/clientpositive/llap/groupby_rollup1.q.out
@@ -60,7 +60,7 @@ STAGE PLANS:
                         Statistics: Num rows: 3 Data size: 1104 Basic stats: COMPLETE Column stats: NONE
                         value expressions: _col3 (type: bigint)
             Execution mode: llap
-            LLAP IO: no inputs
+            LLAP IO: all inputs
         Reducer 2 
             Execution mode: llap
             Reduce Operator Tree:
@@ -154,7 +154,7 @@ STAGE PLANS:
                         Map-reduce partition columns: _col0 (type: string), _col1 (type: bigint)
                         Statistics: Num rows: 2 Data size: 736 Basic stats: COMPLETE Column stats: NONE
             Execution mode: llap
-            LLAP IO: no inputs
+            LLAP IO: all inputs
         Reducer 2 
             Execution mode: llap
             Reduce Operator Tree:
@@ -244,7 +244,7 @@ STAGE PLANS:
                         Statistics: Num rows: 3 Data size: 1104 Basic stats: COMPLETE Column stats: NONE
                         value expressions: _col3 (type: bigint)
             Execution mode: llap
-            LLAP IO: no inputs
+            LLAP IO: all inputs
         Reducer 2 
             Execution mode: llap
             Reduce Operator Tree:
@@ -355,7 +355,7 @@ STAGE PLANS:
                         Map-reduce partition columns: _col0 (type: string)
                         Statistics: Num rows: 2 Data size: 736 Basic stats: COMPLETE Column stats: NONE
             Execution mode: llap
-            LLAP IO: no inputs
+            LLAP IO: all inputs
         Reducer 2 
             Execution mode: llap
             Reduce Operator Tree:
@@ -509,7 +509,7 @@ STAGE PLANS:
                         Statistics: Num rows: 3 Data size: 1104 Basic stats: COMPLETE Column stats: NONE
                         value expressions: _col3 (type: bigint)
             Execution mode: llap
-            LLAP IO: no inputs
+            LLAP IO: all inputs
         Reducer 2 
             Execution mode: llap
             Reduce Operator Tree:
diff --git a/ql/src/test/results/clientpositive/llap/groupby_sort_10.q.out b/ql/src/test/results/clientpositive/llap/groupby_sort_10.q.out
index d72a3a715e..150d098cd7 100644
--- a/ql/src/test/results/clientpositive/llap/groupby_sort_10.q.out
+++ b/ql/src/test/results/clientpositive/llap/groupby_sort_10.q.out
@@ -120,7 +120,7 @@ STAGE PLANS:
                         Map-reduce partition columns: _col0 (type: string)
                         Statistics: Num rows: 2 Data size: 170 Basic stats: COMPLETE Column stats: COMPLETE
             Execution mode: vectorized, llap
-            LLAP IO: no inputs
+            LLAP IO: all inputs
         Reducer 2 
             Execution mode: vectorized, llap
             Reduce Operator Tree:
diff --git a/ql/src/test/results/clientpositive/llap/groupby_sort_11.q.out b/ql/src/test/results/clientpositive/llap/groupby_sort_11.q.out
index eca8131457..4a41f66027 100644
--- a/ql/src/test/results/clientpositive/llap/groupby_sort_11.q.out
+++ b/ql/src/test/results/clientpositive/llap/groupby_sort_11.q.out
@@ -68,7 +68,7 @@ STAGE PLANS:
                           Statistics: Num rows: 1 Data size: 8 Basic stats: COMPLETE Column stats: COMPLETE
                           value expressions: _col0 (type: bigint)
             Execution mode: llap
-            LLAP IO: no inputs
+            LLAP IO: all inputs
         Reducer 2 
             Execution mode: llap
             Reduce Operator Tree:
@@ -148,7 +148,7 @@ STAGE PLANS:
                         Statistics: Num rows: 5 Data size: 585 Basic stats: COMPLETE Column stats: COMPLETE
                         value expressions: _col1 (type: bigint), _col2 (type: bigint), _col3 (type: bigint), _col4 (type: double)
             Execution mode: llap
-            LLAP IO: no inputs
+            LLAP IO: all inputs
         Reducer 2 
             Execution mode: llap
             Reduce Operator Tree:
@@ -229,7 +229,7 @@ STAGE PLANS:
                         Statistics: Num rows: 5 Data size: 585 Basic stats: COMPLETE Column stats: COMPLETE
                         value expressions: _col2 (type: bigint), _col3 (type: bigint)
             Execution mode: llap
-            LLAP IO: no inputs
+            LLAP IO: all inputs
         Reducer 2 
             Execution mode: llap
             Reduce Operator Tree:
@@ -320,7 +320,7 @@ STAGE PLANS:
                         Statistics: Num rows: 5 Data size: 585 Basic stats: COMPLETE Column stats: COMPLETE
                         value expressions: _col2 (type: bigint), _col3 (type: bigint)
             Execution mode: llap
-            LLAP IO: no inputs
+            LLAP IO: all inputs
         Reducer 2 
             Execution mode: llap
             Reduce Operator Tree:
@@ -405,7 +405,7 @@ STAGE PLANS:
                         Map-reduce partition columns: _col0 (type: double)
                         Statistics: Num rows: 5 Data size: 40 Basic stats: COMPLETE Column stats: COMPLETE
             Execution mode: llap
-            LLAP IO: no inputs
+            LLAP IO: all inputs
         Reducer 2 
             Execution mode: llap
             Reduce Operator Tree:
@@ -501,7 +501,7 @@ STAGE PLANS:
                         Map-reduce partition columns: _col0 (type: boolean)
                         Statistics: Num rows: 1 Data size: 4 Basic stats: COMPLETE Column stats: COMPLETE
             Execution mode: llap
-            LLAP IO: no inputs
+            LLAP IO: all inputs
         Reducer 2 
             Execution mode: llap
             Reduce Operator Tree:
@@ -595,7 +595,7 @@ STAGE PLANS:
                       Map-reduce partition columns: key (type: string)
                       Statistics: Num rows: 10 Data size: 850 Basic stats: COMPLETE Column stats: COMPLETE
             Execution mode: llap
-            LLAP IO: no inputs
+            LLAP IO: all inputs
         Reducer 2 
             Execution mode: llap
             Reduce Operator Tree:
diff --git a/ql/src/test/results/clientpositive/llap/groupby_sort_1_23.q.out b/ql/src/test/results/clientpositive/llap/groupby_sort_1_23.q.out
index 0a6d6b4695..dda2c356a4 100644
--- a/ql/src/test/results/clientpositive/llap/groupby_sort_1_23.q.out
+++ b/ql/src/test/results/clientpositive/llap/groupby_sort_1_23.q.out
@@ -129,7 +129,7 @@ STAGE PLANS:
                               value expressions: _col0 (type: int), _col1 (type: int), _col2 (type: bigint), _col3 (type: bigint), _col4 (type: binary), _col5 (type: int), _col6 (type: int), _col7 (type: bigint), _col8 (type: binary)
                               auto parallelism: false
             Execution mode: llap
-            LLAP IO: no inputs
+            LLAP IO: all inputs
             Path -> Alias:
 #### A masked pattern was here ####
             Path -> Partition:
@@ -336,7 +336,7 @@ STAGE PLANS:
                         value expressions: _col2 (type: bigint)
                         auto parallelism: true
             Execution mode: vectorized, llap
-            LLAP IO: no inputs
+            LLAP IO: all inputs
             Path -> Alias:
 #### A masked pattern was here ####
             Path -> Partition:
@@ -632,7 +632,7 @@ STAGE PLANS:
                               value expressions: _col0 (type: int), _col1 (type: int), _col2 (type: bigint), _col3 (type: bigint), _col4 (type: binary), _col5 (type: int), _col6 (type: int), _col7 (type: bigint), _col8 (type: binary)
                               auto parallelism: false
             Execution mode: llap
-            LLAP IO: no inputs
+            LLAP IO: all inputs
             Path -> Alias:
 #### A masked pattern was here ####
             Path -> Partition:
@@ -867,7 +867,7 @@ STAGE PLANS:
                               value expressions: _col0 (type: int), _col1 (type: int), _col2 (type: bigint), _col3 (type: bigint), _col4 (type: binary), _col5 (type: int), _col6 (type: int), _col7 (type: bigint), _col8 (type: binary)
                               auto parallelism: false
             Execution mode: llap
-            LLAP IO: no inputs
+            LLAP IO: all inputs
             Path -> Alias:
 #### A masked pattern was here ####
             Path -> Partition:
@@ -1110,7 +1110,7 @@ STAGE PLANS:
                               value expressions: _col0 (type: int), _col1 (type: int), _col2 (type: bigint), _col3 (type: bigint), _col4 (type: binary), _col5 (type: int), _col6 (type: int), _col7 (type: bigint), _col8 (type: binary), _col9 (type: int), _col10 (type: int), _col11 (type: bigint), _col12 (type: binary)
                               auto parallelism: false
             Execution mode: llap
-            LLAP IO: no inputs
+            LLAP IO: all inputs
             Path -> Alias:
 #### A masked pattern was here ####
             Path -> Partition:
@@ -1318,7 +1318,7 @@ STAGE PLANS:
                         value expressions: _col2 (type: bigint)
                         auto parallelism: true
             Execution mode: vectorized, llap
-            LLAP IO: no inputs
+            LLAP IO: all inputs
             Path -> Alias:
 #### A masked pattern was here ####
             Path -> Partition:
@@ -1579,7 +1579,7 @@ STAGE PLANS:
                         value expressions: _col2 (type: bigint)
                         auto parallelism: true
             Execution mode: vectorized, llap
-            LLAP IO: no inputs
+            LLAP IO: all inputs
             Path -> Alias:
 #### A masked pattern was here ####
             Path -> Partition:
@@ -1852,7 +1852,7 @@ STAGE PLANS:
                             value expressions: _col1 (type: bigint)
                             auto parallelism: true
             Execution mode: vectorized, llap
-            LLAP IO: no inputs
+            LLAP IO: all inputs
             Path -> Alias:
 #### A masked pattern was here ####
             Path -> Partition:
@@ -2164,7 +2164,7 @@ STAGE PLANS:
                               value expressions: _col0 (type: int), _col1 (type: int), _col2 (type: bigint), _col3 (type: bigint), _col4 (type: binary), _col5 (type: int), _col6 (type: int), _col7 (type: bigint), _col8 (type: binary)
                               auto parallelism: false
             Execution mode: llap
-            LLAP IO: no inputs
+            LLAP IO: all inputs
             Path -> Alias:
 #### A masked pattern was here ####
             Path -> Partition:
@@ -2273,7 +2273,7 @@ STAGE PLANS:
                               value expressions: _col0 (type: int), _col1 (type: int), _col2 (type: bigint), _col3 (type: bigint), _col4 (type: binary), _col5 (type: int), _col6 (type: int), _col7 (type: bigint), _col8 (type: binary)
                               auto parallelism: false
             Execution mode: llap
-            LLAP IO: no inputs
+            LLAP IO: all inputs
             Path -> Alias:
 #### A masked pattern was here ####
             Path -> Partition:
@@ -2537,7 +2537,7 @@ STAGE PLANS:
                               value expressions: _col0 (type: int), _col1 (type: int), _col2 (type: bigint), _col3 (type: bigint), _col4 (type: binary), _col5 (type: int), _col6 (type: int), _col7 (type: bigint), _col8 (type: binary)
                               auto parallelism: false
             Execution mode: llap
-            LLAP IO: no inputs
+            LLAP IO: all inputs
             Path -> Alias:
 #### A masked pattern was here ####
             Path -> Partition:
@@ -2609,7 +2609,7 @@ STAGE PLANS:
                         value expressions: _col1 (type: bigint)
                         auto parallelism: true
             Execution mode: vectorized, llap
-            LLAP IO: no inputs
+            LLAP IO: all inputs
             Path -> Alias:
 #### A masked pattern was here ####
             Path -> Partition:
@@ -3236,7 +3236,7 @@ STAGE PLANS:
                         value expressions: _col2 (type: bigint)
                         auto parallelism: true
             Execution mode: vectorized, llap
-            LLAP IO: no inputs
+            LLAP IO: all inputs
             Path -> Alias:
 #### A masked pattern was here ####
             Path -> Partition:
@@ -3424,7 +3424,7 @@ STAGE PLANS:
                         value expressions: _col1 (type: bigint)
                         auto parallelism: true
             Execution mode: vectorized, llap
-            LLAP IO: no inputs
+            LLAP IO: all inputs
             Path -> Alias:
 #### A masked pattern was here ####
             Path -> Partition:
@@ -3718,7 +3718,7 @@ STAGE PLANS:
                               value expressions: _col0 (type: int), _col1 (type: int), _col2 (type: bigint), _col3 (type: bigint), _col4 (type: binary), _col5 (type: int), _col6 (type: int), _col7 (type: bigint), _col8 (type: binary), _col9 (type: int), _col10 (type: struct<count:bigint,sum:double,input:int>), _col11 (type: bigint), _col12 (type: binary), _col13 (type: int), _col14 (type: int), _col15 (type: bigint), _col16 (type: binary)
                               auto parallelism: false
             Execution mode: llap
-            LLAP IO: no inputs
+            LLAP IO: all inputs
             Path -> Alias:
 #### A masked pattern was here ####
             Path -> Partition:
@@ -3964,7 +3964,7 @@ STAGE PLANS:
                               value expressions: _col0 (type: int), _col1 (type: int), _col2 (type: bigint), _col3 (type: bigint), _col4 (type: binary), _col5 (type: int), _col6 (type: int), _col7 (type: bigint), _col8 (type: binary), _col9 (type: int), _col10 (type: struct<count:bigint,sum:double,input:int>), _col11 (type: bigint), _col12 (type: binary), _col13 (type: int), _col14 (type: int), _col15 (type: bigint), _col16 (type: binary), _col17 (type: int), _col18 (type: int), _col19 (type: bigint), _col20 (type: binary)
                               auto parallelism: false
             Execution mode: llap
-            LLAP IO: no inputs
+            LLAP IO: all inputs
             Path -> Alias:
 #### A masked pattern was here ####
             Path -> Partition:
@@ -4209,7 +4209,7 @@ STAGE PLANS:
                               value expressions: _col0 (type: int), _col1 (type: int), _col2 (type: bigint), _col3 (type: bigint), _col4 (type: binary), _col5 (type: int), _col6 (type: int), _col7 (type: bigint), _col8 (type: binary), _col9 (type: int), _col10 (type: struct<count:bigint,sum:double,input:int>), _col11 (type: bigint), _col12 (type: binary), _col13 (type: int), _col14 (type: int), _col15 (type: bigint), _col16 (type: binary)
                               auto parallelism: false
             Execution mode: llap
-            LLAP IO: no inputs
+            LLAP IO: all inputs
             Path -> Alias:
 #### A masked pattern was here ####
             Path -> Partition:
@@ -4461,7 +4461,7 @@ STAGE PLANS:
                               value expressions: _col0 (type: int), _col1 (type: int), _col2 (type: bigint), _col3 (type: bigint), _col4 (type: binary), _col5 (type: int), _col6 (type: int), _col7 (type: bigint), _col8 (type: binary), _col9 (type: int), _col10 (type: struct<count:bigint,sum:double,input:int>), _col11 (type: bigint), _col12 (type: binary), _col13 (type: int), _col14 (type: int), _col15 (type: bigint), _col16 (type: binary)
                               auto parallelism: false
             Execution mode: llap
-            LLAP IO: no inputs
+            LLAP IO: all inputs
             Path -> Alias:
 #### A masked pattern was here ####
             Path -> Partition:
@@ -4726,7 +4726,7 @@ STAGE PLANS:
                               Statistics: Num rows: 1 Data size: 560 Basic stats: COMPLETE Column stats: COMPLETE
                               value expressions: _col0 (type: int), _col1 (type: int), _col2 (type: bigint), _col3 (type: bigint), _col4 (type: binary), _col5 (type: int), _col6 (type: struct<count:bigint,sum:double,input:int>), _col7 (type: bigint), _col8 (type: binary), _col9 (type: int), _col10 (type: int), _col11 (type: bigint), _col12 (type: binary)
             Execution mode: llap
-            LLAP IO: no inputs
+            LLAP IO: all inputs
         Reducer 2 
             Execution mode: llap
             Reduce Operator Tree:
@@ -4987,7 +4987,7 @@ STAGE PLANS:
                                 Statistics: Num rows: 1 Data size: 560 Basic stats: COMPLETE Column stats: COMPLETE
                                 value expressions: _col0 (type: int), _col1 (type: int), _col2 (type: bigint), _col3 (type: bigint), _col4 (type: binary), _col5 (type: int), _col6 (type: struct<count:bigint,sum:double,input:int>), _col7 (type: bigint), _col8 (type: binary), _col9 (type: int), _col10 (type: int), _col11 (type: bigint), _col12 (type: binary)
             Execution mode: llap
-            LLAP IO: no inputs
+            LLAP IO: all inputs
         Reducer 2 
             Execution mode: llap
             Reduce Operator Tree:
diff --git a/ql/src/test/results/clientpositive/llap/groupby_sort_2.q.out b/ql/src/test/results/clientpositive/llap/groupby_sort_2.q.out
index 1ec43ab8aa..5b70a529b6 100644
--- a/ql/src/test/results/clientpositive/llap/groupby_sort_2.q.out
+++ b/ql/src/test/results/clientpositive/llap/groupby_sort_2.q.out
@@ -86,7 +86,7 @@ STAGE PLANS:
                         Statistics: Num rows: 6 Data size: 1104 Basic stats: COMPLETE Column stats: NONE
                         value expressions: _col1 (type: bigint)
             Execution mode: vectorized, llap
-            LLAP IO: no inputs
+            LLAP IO: all inputs
         Reducer 2 
             Execution mode: llap
             Reduce Operator Tree:
diff --git a/ql/src/test/results/clientpositive/llap/groupby_sort_3.q.out b/ql/src/test/results/clientpositive/llap/groupby_sort_3.q.out
index 2da269c788..5ec9773a58 100644
--- a/ql/src/test/results/clientpositive/llap/groupby_sort_3.q.out
+++ b/ql/src/test/results/clientpositive/llap/groupby_sort_3.q.out
@@ -103,7 +103,7 @@ STAGE PLANS:
                               Statistics: Num rows: 1 Data size: 1000 Basic stats: COMPLETE Column stats: NONE
                               value expressions: _col0 (type: int), _col1 (type: struct<count:bigint,sum:double,input:int>), _col2 (type: bigint), _col3 (type: bigint), _col4 (type: binary), _col5 (type: int), _col6 (type: struct<count:bigint,sum:double,input:int>), _col7 (type: bigint), _col8 (type: binary), _col9 (type: int), _col10 (type: int), _col11 (type: bigint), _col12 (type: binary)
             Execution mode: llap
-            LLAP IO: no inputs
+            LLAP IO: all inputs
         Reducer 2 
             Execution mode: llap
             Reduce Operator Tree:
@@ -249,7 +249,7 @@ STAGE PLANS:
                               Statistics: Num rows: 1 Data size: 584 Basic stats: COMPLETE Column stats: NONE
                               value expressions: _col0 (type: int), _col1 (type: struct<count:bigint,sum:double,input:int>), _col2 (type: bigint), _col3 (type: bigint), _col4 (type: binary), _col5 (type: int), _col6 (type: int), _col7 (type: bigint), _col8 (type: binary)
             Execution mode: llap
-            LLAP IO: no inputs
+            LLAP IO: all inputs
         Reducer 2 
             Execution mode: llap
             Reduce Operator Tree:
diff --git a/ql/src/test/results/clientpositive/llap/groupby_sort_4.q.out b/ql/src/test/results/clientpositive/llap/groupby_sort_4.q.out
index bbc5dda40e..d36d3e182d 100644
--- a/ql/src/test/results/clientpositive/llap/groupby_sort_4.q.out
+++ b/ql/src/test/results/clientpositive/llap/groupby_sort_4.q.out
@@ -86,7 +86,7 @@ STAGE PLANS:
                         Statistics: Num rows: 6 Data size: 1104 Basic stats: COMPLETE Column stats: NONE
                         value expressions: _col1 (type: bigint)
             Execution mode: vectorized, llap
-            LLAP IO: no inputs
+            LLAP IO: all inputs
         Reducer 2 
             Execution mode: llap
             Reduce Operator Tree:
@@ -248,7 +248,7 @@ STAGE PLANS:
                         Statistics: Num rows: 6 Data size: 2208 Basic stats: COMPLETE Column stats: NONE
                         value expressions: _col2 (type: bigint)
             Execution mode: vectorized, llap
-            LLAP IO: no inputs
+            LLAP IO: all inputs
         Reducer 2 
             Execution mode: llap
             Reduce Operator Tree:
diff --git a/ql/src/test/results/clientpositive/llap/groupby_sort_5.q.out b/ql/src/test/results/clientpositive/llap/groupby_sort_5.q.out
index dda679dc02..3906db8b2d 100644
--- a/ql/src/test/results/clientpositive/llap/groupby_sort_5.q.out
+++ b/ql/src/test/results/clientpositive/llap/groupby_sort_5.q.out
@@ -103,7 +103,7 @@ STAGE PLANS:
                               Statistics: Num rows: 1 Data size: 1000 Basic stats: COMPLETE Column stats: NONE
                               value expressions: _col0 (type: int), _col1 (type: struct<count:bigint,sum:double,input:int>), _col2 (type: bigint), _col3 (type: bigint), _col4 (type: binary), _col5 (type: int), _col6 (type: struct<count:bigint,sum:double,input:int>), _col7 (type: bigint), _col8 (type: binary), _col9 (type: int), _col10 (type: int), _col11 (type: bigint), _col12 (type: binary)
             Execution mode: llap
-            LLAP IO: no inputs
+            LLAP IO: all inputs
         Reducer 2 
             Execution mode: llap
             Reduce Operator Tree:
@@ -277,7 +277,7 @@ STAGE PLANS:
                               Statistics: Num rows: 1 Data size: 1000 Basic stats: COMPLETE Column stats: NONE
                               value expressions: _col0 (type: int), _col1 (type: struct<count:bigint,sum:double,input:int>), _col2 (type: bigint), _col3 (type: bigint), _col4 (type: binary), _col5 (type: int), _col6 (type: struct<count:bigint,sum:double,input:int>), _col7 (type: bigint), _col8 (type: binary), _col9 (type: int), _col10 (type: int), _col11 (type: bigint), _col12 (type: binary)
             Execution mode: llap
-            LLAP IO: no inputs
+            LLAP IO: all inputs
         Reducer 2 
             Execution mode: llap
             Reduce Operator Tree:
@@ -442,7 +442,7 @@ STAGE PLANS:
                         Statistics: Num rows: 6 Data size: 1104 Basic stats: COMPLETE Column stats: NONE
                         value expressions: _col1 (type: bigint)
             Execution mode: vectorized, llap
-            LLAP IO: no inputs
+            LLAP IO: all inputs
         Reducer 2 
             Execution mode: llap
             Reduce Operator Tree:
diff --git a/ql/src/test/results/clientpositive/llap/groupby_sort_6.q.out b/ql/src/test/results/clientpositive/llap/groupby_sort_6.q.out
index e9948143f2..91960c89bc 100644
--- a/ql/src/test/results/clientpositive/llap/groupby_sort_6.q.out
+++ b/ql/src/test/results/clientpositive/llap/groupby_sort_6.q.out
@@ -520,7 +520,7 @@ STAGE PLANS:
                         value expressions: _col1 (type: bigint)
                         auto parallelism: true
             Execution mode: vectorized, llap
-            LLAP IO: no inputs
+            LLAP IO: all inputs
             Path -> Alias:
 #### A masked pattern was here ####
             Path -> Partition:
diff --git a/ql/src/test/results/clientpositive/llap/groupby_sort_7.q.out b/ql/src/test/results/clientpositive/llap/groupby_sort_7.q.out
index 05314d47c8..dbcd53ddd9 100644
--- a/ql/src/test/results/clientpositive/llap/groupby_sort_7.q.out
+++ b/ql/src/test/results/clientpositive/llap/groupby_sort_7.q.out
@@ -109,7 +109,7 @@ STAGE PLANS:
                               Statistics: Num rows: 1 Data size: 1000 Basic stats: COMPLETE Column stats: NONE
                               value expressions: _col0 (type: int), _col1 (type: struct<count:bigint,sum:double,input:int>), _col2 (type: bigint), _col3 (type: bigint), _col4 (type: binary), _col5 (type: int), _col6 (type: struct<count:bigint,sum:double,input:int>), _col7 (type: bigint), _col8 (type: binary), _col9 (type: int), _col10 (type: int), _col11 (type: bigint), _col12 (type: binary)
             Execution mode: llap
-            LLAP IO: no inputs
+            LLAP IO: all inputs
         Reducer 2 
             Execution mode: llap
             Reduce Operator Tree:
diff --git a/ql/src/test/results/clientpositive/llap/groupby_sort_8.q.out b/ql/src/test/results/clientpositive/llap/groupby_sort_8.q.out
index 4eef22a03f..6d3326ec60 100644
--- a/ql/src/test/results/clientpositive/llap/groupby_sort_8.q.out
+++ b/ql/src/test/results/clientpositive/llap/groupby_sort_8.q.out
@@ -79,7 +79,7 @@ STAGE PLANS:
                           Statistics: Num rows: 1 Data size: 192 Basic stats: COMPLETE Column stats: NONE
                           value expressions: _col0 (type: bigint)
             Execution mode: llap
-            LLAP IO: no inputs
+            LLAP IO: all inputs
         Reducer 2 
             Execution mode: llap
             Reduce Operator Tree:
diff --git a/ql/src/test/results/clientpositive/llap/groupby_sort_9.q.out b/ql/src/test/results/clientpositive/llap/groupby_sort_9.q.out
index dc4d40db46..7c783565b4 100644
--- a/ql/src/test/results/clientpositive/llap/groupby_sort_9.q.out
+++ b/ql/src/test/results/clientpositive/llap/groupby_sort_9.q.out
@@ -92,7 +92,7 @@ STAGE PLANS:
                         Statistics: Num rows: 12 Data size: 2208 Basic stats: COMPLETE Column stats: NONE
                         value expressions: _col1 (type: bigint)
             Execution mode: vectorized, llap
-            LLAP IO: no inputs
+            LLAP IO: all inputs
         Reducer 2 
             Execution mode: vectorized, llap
             Reduce Operator Tree:
diff --git a/ql/src/test/results/clientpositive/llap/groupby_sort_skew_1_23.q.out b/ql/src/test/results/clientpositive/llap/groupby_sort_skew_1_23.q.out
index 72a730e3ef..cf1956aa25 100644
--- a/ql/src/test/results/clientpositive/llap/groupby_sort_skew_1_23.q.out
+++ b/ql/src/test/results/clientpositive/llap/groupby_sort_skew_1_23.q.out
@@ -129,7 +129,7 @@ STAGE PLANS:
                               value expressions: _col0 (type: int), _col1 (type: int), _col2 (type: bigint), _col3 (type: bigint), _col4 (type: binary), _col5 (type: int), _col6 (type: int), _col7 (type: bigint), _col8 (type: binary)
                               auto parallelism: false
             Execution mode: llap
-            LLAP IO: no inputs
+            LLAP IO: all inputs
             Path -> Alias:
 #### A masked pattern was here ####
             Path -> Partition:
@@ -337,7 +337,7 @@ STAGE PLANS:
                         value expressions: _col2 (type: bigint)
                         auto parallelism: true
             Execution mode: vectorized, llap
-            LLAP IO: no inputs
+            LLAP IO: all inputs
             Path -> Alias:
 #### A masked pattern was here ####
             Path -> Partition:
@@ -654,7 +654,7 @@ STAGE PLANS:
                               value expressions: _col0 (type: int), _col1 (type: int), _col2 (type: bigint), _col3 (type: bigint), _col4 (type: binary), _col5 (type: int), _col6 (type: int), _col7 (type: bigint), _col8 (type: binary)
                               auto parallelism: false
             Execution mode: llap
-            LLAP IO: no inputs
+            LLAP IO: all inputs
             Path -> Alias:
 #### A masked pattern was here ####
             Path -> Partition:
@@ -889,7 +889,7 @@ STAGE PLANS:
                               value expressions: _col0 (type: int), _col1 (type: int), _col2 (type: bigint), _col3 (type: bigint), _col4 (type: binary), _col5 (type: int), _col6 (type: int), _col7 (type: bigint), _col8 (type: binary)
                               auto parallelism: false
             Execution mode: llap
-            LLAP IO: no inputs
+            LLAP IO: all inputs
             Path -> Alias:
 #### A masked pattern was here ####
             Path -> Partition:
@@ -1132,7 +1132,7 @@ STAGE PLANS:
                               value expressions: _col0 (type: int), _col1 (type: int), _col2 (type: bigint), _col3 (type: bigint), _col4 (type: binary), _col5 (type: int), _col6 (type: int), _col7 (type: bigint), _col8 (type: binary), _col9 (type: int), _col10 (type: int), _col11 (type: bigint), _col12 (type: binary)
                               auto parallelism: false
             Execution mode: llap
-            LLAP IO: no inputs
+            LLAP IO: all inputs
             Path -> Alias:
 #### A masked pattern was here ####
             Path -> Partition:
@@ -1341,7 +1341,7 @@ STAGE PLANS:
                         value expressions: _col2 (type: bigint)
                         auto parallelism: true
             Execution mode: vectorized, llap
-            LLAP IO: no inputs
+            LLAP IO: all inputs
             Path -> Alias:
 #### A masked pattern was here ####
             Path -> Partition:
@@ -1624,7 +1624,7 @@ STAGE PLANS:
                         value expressions: _col2 (type: bigint)
                         auto parallelism: true
             Execution mode: vectorized, llap
-            LLAP IO: no inputs
+            LLAP IO: all inputs
             Path -> Alias:
 #### A masked pattern was here ####
             Path -> Partition:
@@ -1919,7 +1919,7 @@ STAGE PLANS:
                             value expressions: _col1 (type: bigint)
                             auto parallelism: true
             Execution mode: vectorized, llap
-            LLAP IO: no inputs
+            LLAP IO: all inputs
             Path -> Alias:
 #### A masked pattern was here ####
             Path -> Partition:
@@ -2252,7 +2252,7 @@ STAGE PLANS:
                               value expressions: _col0 (type: int), _col1 (type: int), _col2 (type: bigint), _col3 (type: bigint), _col4 (type: binary), _col5 (type: int), _col6 (type: int), _col7 (type: bigint), _col8 (type: binary)
                               auto parallelism: false
             Execution mode: llap
-            LLAP IO: no inputs
+            LLAP IO: all inputs
             Path -> Alias:
 #### A masked pattern was here ####
             Path -> Partition:
@@ -2361,7 +2361,7 @@ STAGE PLANS:
                               value expressions: _col0 (type: int), _col1 (type: int), _col2 (type: bigint), _col3 (type: bigint), _col4 (type: binary), _col5 (type: int), _col6 (type: int), _col7 (type: bigint), _col8 (type: binary)
                               auto parallelism: false
             Execution mode: llap
-            LLAP IO: no inputs
+            LLAP IO: all inputs
             Path -> Alias:
 #### A masked pattern was here ####
             Path -> Partition:
@@ -2626,7 +2626,7 @@ STAGE PLANS:
                               value expressions: _col0 (type: int), _col1 (type: int), _col2 (type: bigint), _col3 (type: bigint), _col4 (type: binary), _col5 (type: int), _col6 (type: int), _col7 (type: bigint), _col8 (type: binary)
                               auto parallelism: false
             Execution mode: llap
-            LLAP IO: no inputs
+            LLAP IO: all inputs
             Path -> Alias:
 #### A masked pattern was here ####
             Path -> Partition:
@@ -2698,7 +2698,7 @@ STAGE PLANS:
                         value expressions: _col1 (type: bigint)
                         auto parallelism: true
             Execution mode: vectorized, llap
-            LLAP IO: no inputs
+            LLAP IO: all inputs
             Path -> Alias:
 #### A masked pattern was here ####
             Path -> Partition:
@@ -3347,7 +3347,7 @@ STAGE PLANS:
                         value expressions: _col2 (type: bigint)
                         auto parallelism: true
             Execution mode: vectorized, llap
-            LLAP IO: no inputs
+            LLAP IO: all inputs
             Path -> Alias:
 #### A masked pattern was here ####
             Path -> Partition:
@@ -3557,7 +3557,7 @@ STAGE PLANS:
                         value expressions: _col1 (type: bigint)
                         auto parallelism: true
             Execution mode: vectorized, llap
-            LLAP IO: no inputs
+            LLAP IO: all inputs
             Path -> Alias:
 #### A masked pattern was here ####
             Path -> Partition:
@@ -3872,7 +3872,7 @@ STAGE PLANS:
                               value expressions: _col0 (type: int), _col1 (type: int), _col2 (type: bigint), _col3 (type: bigint), _col4 (type: binary), _col5 (type: int), _col6 (type: int), _col7 (type: bigint), _col8 (type: binary), _col9 (type: int), _col10 (type: struct<count:bigint,sum:double,input:int>), _col11 (type: bigint), _col12 (type: binary), _col13 (type: int), _col14 (type: int), _col15 (type: bigint), _col16 (type: binary)
                               auto parallelism: false
             Execution mode: llap
-            LLAP IO: no inputs
+            LLAP IO: all inputs
             Path -> Alias:
 #### A masked pattern was here ####
             Path -> Partition:
@@ -4118,7 +4118,7 @@ STAGE PLANS:
                               value expressions: _col0 (type: int), _col1 (type: int), _col2 (type: bigint), _col3 (type: bigint), _col4 (type: binary), _col5 (type: int), _col6 (type: int), _col7 (type: bigint), _col8 (type: binary), _col9 (type: int), _col10 (type: struct<count:bigint,sum:double,input:int>), _col11 (type: bigint), _col12 (type: binary), _col13 (type: int), _col14 (type: int), _col15 (type: bigint), _col16 (type: binary), _col17 (type: int), _col18 (type: int), _col19 (type: bigint), _col20 (type: binary)
                               auto parallelism: false
             Execution mode: llap
-            LLAP IO: no inputs
+            LLAP IO: all inputs
             Path -> Alias:
 #### A masked pattern was here ####
             Path -> Partition:
@@ -4363,7 +4363,7 @@ STAGE PLANS:
                               value expressions: _col0 (type: int), _col1 (type: int), _col2 (type: bigint), _col3 (type: bigint), _col4 (type: binary), _col5 (type: int), _col6 (type: int), _col7 (type: bigint), _col8 (type: binary), _col9 (type: int), _col10 (type: struct<count:bigint,sum:double,input:int>), _col11 (type: bigint), _col12 (type: binary), _col13 (type: int), _col14 (type: int), _col15 (type: bigint), _col16 (type: binary)
                               auto parallelism: false
             Execution mode: llap
-            LLAP IO: no inputs
+            LLAP IO: all inputs
             Path -> Alias:
 #### A masked pattern was here ####
             Path -> Partition:
@@ -4615,7 +4615,7 @@ STAGE PLANS:
                               value expressions: _col0 (type: int), _col1 (type: int), _col2 (type: bigint), _col3 (type: bigint), _col4 (type: binary), _col5 (type: int), _col6 (type: int), _col7 (type: bigint), _col8 (type: binary), _col9 (type: int), _col10 (type: struct<count:bigint,sum:double,input:int>), _col11 (type: bigint), _col12 (type: binary), _col13 (type: int), _col14 (type: int), _col15 (type: bigint), _col16 (type: binary)
                               auto parallelism: false
             Execution mode: llap
-            LLAP IO: no inputs
+            LLAP IO: all inputs
             Path -> Alias:
 #### A masked pattern was here ####
             Path -> Partition:
@@ -4881,7 +4881,7 @@ STAGE PLANS:
                               Statistics: Num rows: 1 Data size: 560 Basic stats: COMPLETE Column stats: COMPLETE
                               value expressions: _col0 (type: int), _col1 (type: int), _col2 (type: bigint), _col3 (type: bigint), _col4 (type: binary), _col5 (type: int), _col6 (type: struct<count:bigint,sum:double,input:int>), _col7 (type: bigint), _col8 (type: binary), _col9 (type: int), _col10 (type: int), _col11 (type: bigint), _col12 (type: binary)
             Execution mode: llap
-            LLAP IO: no inputs
+            LLAP IO: all inputs
         Reducer 2 
             Execution mode: vectorized, llap
             Reduce Operator Tree:
@@ -5159,7 +5159,7 @@ STAGE PLANS:
                                 Statistics: Num rows: 1 Data size: 560 Basic stats: COMPLETE Column stats: COMPLETE
                                 value expressions: _col0 (type: int), _col1 (type: int), _col2 (type: bigint), _col3 (type: bigint), _col4 (type: binary), _col5 (type: int), _col6 (type: struct<count:bigint,sum:double,input:int>), _col7 (type: bigint), _col8 (type: binary), _col9 (type: int), _col10 (type: int), _col11 (type: bigint), _col12 (type: binary)
             Execution mode: llap
-            LLAP IO: no inputs
+            LLAP IO: all inputs
         Reducer 2 
             Execution mode: vectorized, llap
             Reduce Operator Tree:
diff --git a/ql/src/test/results/clientpositive/llap/groupby_sort_test_1.q.out b/ql/src/test/results/clientpositive/llap/groupby_sort_test_1.q.out
index 6e345dadbd..dceacc4666 100644
--- a/ql/src/test/results/clientpositive/llap/groupby_sort_test_1.q.out
+++ b/ql/src/test/results/clientpositive/llap/groupby_sort_test_1.q.out
@@ -103,7 +103,7 @@ STAGE PLANS:
                               Statistics: Num rows: 1 Data size: 516 Basic stats: COMPLETE Column stats: NONE
                               value expressions: _col0 (type: int), _col1 (type: int), _col2 (type: bigint), _col3 (type: bigint), _col4 (type: binary), _col5 (type: int), _col6 (type: int), _col7 (type: bigint), _col8 (type: binary)
             Execution mode: llap
-            LLAP IO: no inputs
+            LLAP IO: all inputs
         Reducer 2 
             Execution mode: llap
             Reduce Operator Tree:
diff --git a/ql/src/test/results/clientpositive/llap/hashjoin.q.out b/ql/src/test/results/clientpositive/llap/hashjoin.q.out
index 9acbd2d912..425a626397 100644
--- a/ql/src/test/results/clientpositive/llap/hashjoin.q.out
+++ b/ql/src/test/results/clientpositive/llap/hashjoin.q.out
@@ -129,7 +129,7 @@ STAGE PLANS:
                               output format: org.apache.hadoop.hive.ql.io.HiveSequenceFileOutputFormat
                               serde: org.apache.hadoop.hive.serde2.lazy.LazySimpleSerDe
             Execution mode: vectorized, llap
-            LLAP IO: no inputs
+            LLAP IO: all inputs
         Map 2 
             Map Operator Tree:
                 TableScan
@@ -147,7 +147,7 @@ STAGE PLANS:
                       Statistics: Num rows: 4 Data size: 392 Basic stats: COMPLETE Column stats: COMPLETE
                       value expressions: cvarchar (type: varchar(50)), cdouble (type: double)
             Execution mode: vectorized, llap
-            LLAP IO: no inputs
+            LLAP IO: all inputs
 
   Stage: Stage-0
     Fetch Operator
@@ -236,7 +236,7 @@ STAGE PLANS:
                               output format: org.apache.hadoop.hive.ql.io.HiveSequenceFileOutputFormat
                               serde: org.apache.hadoop.hive.serde2.lazy.LazySimpleSerDe
             Execution mode: vectorized, llap
-            LLAP IO: no inputs
+            LLAP IO: all inputs
         Map 2 
             Map Operator Tree:
                 TableScan
@@ -254,7 +254,7 @@ STAGE PLANS:
                       Statistics: Num rows: 4 Data size: 392 Basic stats: COMPLETE Column stats: COMPLETE
                       value expressions: cint (type: int), cdouble (type: double)
             Execution mode: vectorized, llap
-            LLAP IO: no inputs
+            LLAP IO: all inputs
 
   Stage: Stage-0
     Fetch Operator
@@ -337,7 +337,7 @@ STAGE PLANS:
                               output format: org.apache.hadoop.hive.ql.io.HiveSequenceFileOutputFormat
                               serde: org.apache.hadoop.hive.serde2.lazy.LazySimpleSerDe
             Execution mode: vectorized, llap
-            LLAP IO: no inputs
+            LLAP IO: all inputs
         Map 2 
             Map Operator Tree:
                 TableScan
@@ -355,7 +355,7 @@ STAGE PLANS:
                       Statistics: Num rows: 3 Data size: 294 Basic stats: COMPLETE Column stats: COMPLETE
                       value expressions: cdouble (type: double)
             Execution mode: vectorized, llap
-            LLAP IO: no inputs
+            LLAP IO: all inputs
 
   Stage: Stage-0
     Fetch Operator
@@ -431,7 +431,7 @@ STAGE PLANS:
                             output format: org.apache.hadoop.hive.ql.io.HiveSequenceFileOutputFormat
                             serde: org.apache.hadoop.hive.serde2.lazy.LazySimpleSerDe
             Execution mode: vectorized, llap
-            LLAP IO: no inputs
+            LLAP IO: all inputs
         Map 2 
             Map Operator Tree:
                 TableScan
@@ -445,7 +445,7 @@ STAGE PLANS:
                     Statistics: Num rows: 5 Data size: 490 Basic stats: COMPLETE Column stats: COMPLETE
                     value expressions: cdouble (type: double)
             Execution mode: vectorized, llap
-            LLAP IO: no inputs
+            LLAP IO: all inputs
 
   Stage: Stage-0
     Fetch Operator
@@ -531,7 +531,7 @@ STAGE PLANS:
                               output format: org.apache.hadoop.hive.ql.io.HiveSequenceFileOutputFormat
                               serde: org.apache.hadoop.hive.serde2.lazy.LazySimpleSerDe
             Execution mode: vectorized, llap
-            LLAP IO: no inputs
+            LLAP IO: all inputs
         Map 2 
             Map Operator Tree:
                 TableScan
@@ -549,7 +549,7 @@ STAGE PLANS:
                       Statistics: Num rows: 4 Data size: 392 Basic stats: COMPLETE Column stats: COMPLETE
                       value expressions: cint (type: int), cvarchar (type: varchar(50))
             Execution mode: vectorized, llap
-            LLAP IO: no inputs
+            LLAP IO: all inputs
 
   Stage: Stage-0
     Fetch Operator
diff --git a/ql/src/test/results/clientpositive/llap/having.q.out b/ql/src/test/results/clientpositive/llap/having.q.out
index aa007d7295..ac761715c8 100644
--- a/ql/src/test/results/clientpositive/llap/having.q.out
+++ b/ql/src/test/results/clientpositive/llap/having.q.out
@@ -42,7 +42,7 @@ STAGE PLANS:
                         Statistics: Num rows: 250 Data size: 23750 Basic stats: COMPLETE Column stats: COMPLETE
                         value expressions: _col1 (type: bigint)
             Execution mode: vectorized, llap
-            LLAP IO: no inputs
+            LLAP IO: all inputs
         Reducer 2 
             Execution mode: vectorized, llap
             Reduce Operator Tree:
@@ -139,7 +139,7 @@ STAGE PLANS:
                         Statistics: Num rows: 250 Data size: 67750 Basic stats: COMPLETE Column stats: COMPLETE
                         value expressions: _col1 (type: string)
             Execution mode: vectorized, llap
-            LLAP IO: no inputs
+            LLAP IO: all inputs
         Reducer 2 
             Execution mode: vectorized, llap
             Reduce Operator Tree:
@@ -523,7 +523,7 @@ STAGE PLANS:
                         Statistics: Num rows: 250 Data size: 67750 Basic stats: COMPLETE Column stats: COMPLETE
                         value expressions: _col1 (type: string)
             Execution mode: vectorized, llap
-            LLAP IO: no inputs
+            LLAP IO: all inputs
         Reducer 2 
             Execution mode: vectorized, llap
             Reduce Operator Tree:
@@ -805,7 +805,7 @@ STAGE PLANS:
                         Statistics: Num rows: 83 Data size: 22493 Basic stats: COMPLETE Column stats: COMPLETE
                         value expressions: _col1 (type: string)
             Execution mode: vectorized, llap
-            LLAP IO: no inputs
+            LLAP IO: all inputs
         Reducer 2 
             Execution mode: vectorized, llap
             Reduce Operator Tree:
@@ -1013,7 +1013,7 @@ STAGE PLANS:
                         Statistics: Num rows: 250 Data size: 67750 Basic stats: COMPLETE Column stats: COMPLETE
                         value expressions: _col1 (type: string)
             Execution mode: vectorized, llap
-            LLAP IO: no inputs
+            LLAP IO: all inputs
         Reducer 2 
             Execution mode: vectorized, llap
             Reduce Operator Tree:
@@ -1291,7 +1291,7 @@ STAGE PLANS:
                         Statistics: Num rows: 250 Data size: 23750 Basic stats: COMPLETE Column stats: COMPLETE
                         value expressions: _col1 (type: bigint)
             Execution mode: vectorized, llap
-            LLAP IO: no inputs
+            LLAP IO: all inputs
         Reducer 2 
             Execution mode: vectorized, llap
             Reduce Operator Tree:
diff --git a/ql/src/test/results/clientpositive/llap/having2.q.out b/ql/src/test/results/clientpositive/llap/having2.q.out
index dbf0f30c0d..c8c70a5c52 100644
--- a/ql/src/test/results/clientpositive/llap/having2.q.out
+++ b/ql/src/test/results/clientpositive/llap/having2.q.out
@@ -160,7 +160,7 @@ STAGE PLANS:
                         Statistics: Num rows: 1 Data size: 208 Basic stats: COMPLETE Column stats: NONE
                         value expressions: _col1 (type: double), _col2 (type: double), _col3 (type: bigint)
             Execution mode: vectorized, llap
-            LLAP IO: no inputs
+            LLAP IO: all inputs
         Reducer 2 
             Execution mode: vectorized, llap
             Reduce Operator Tree:
@@ -243,7 +243,7 @@ STAGE PLANS:
                         Statistics: Num rows: 1 Data size: 208 Basic stats: COMPLETE Column stats: NONE
                         value expressions: _col1 (type: double), _col2 (type: double), _col3 (type: bigint)
             Execution mode: vectorized, llap
-            LLAP IO: no inputs
+            LLAP IO: all inputs
         Reducer 2 
             Execution mode: vectorized, llap
             Reduce Operator Tree:
@@ -332,7 +332,7 @@ STAGE PLANS:
                         Statistics: Num rows: 1 Data size: 200 Basic stats: COMPLETE Column stats: NONE
                         value expressions: _col0 (type: double), _col2 (type: double)
             Execution mode: vectorized, llap
-            LLAP IO: no inputs
+            LLAP IO: all inputs
         Map 4 
             Map Operator Tree:
                 TableScan
@@ -354,7 +354,7 @@ STAGE PLANS:
                         Statistics: Num rows: 500 Data size: 89000 Basic stats: COMPLETE Column stats: COMPLETE
                         value expressions: _col1 (type: string)
             Execution mode: vectorized, llap
-            LLAP IO: no inputs
+            LLAP IO: all inputs
         Reducer 2 
             Execution mode: llap
             Reduce Operator Tree:
@@ -468,7 +468,7 @@ STAGE PLANS:
                         Statistics: Num rows: 1 Data size: 200 Basic stats: COMPLETE Column stats: NONE
                         value expressions: _col0 (type: double), _col2 (type: double)
             Execution mode: vectorized, llap
-            LLAP IO: no inputs
+            LLAP IO: all inputs
         Map 4 
             Map Operator Tree:
                 TableScan
@@ -490,7 +490,7 @@ STAGE PLANS:
                         Statistics: Num rows: 500 Data size: 89000 Basic stats: COMPLETE Column stats: COMPLETE
                         value expressions: _col1 (type: string)
             Execution mode: vectorized, llap
-            LLAP IO: no inputs
+            LLAP IO: all inputs
         Reducer 2 
             Execution mode: llap
             Reduce Operator Tree:
@@ -608,7 +608,7 @@ STAGE PLANS:
                         Statistics: Num rows: 1 Data size: 200 Basic stats: COMPLETE Column stats: NONE
                         value expressions: _col0 (type: double), _col2 (type: double)
             Execution mode: vectorized, llap
-            LLAP IO: no inputs
+            LLAP IO: all inputs
         Map 4 
             Map Operator Tree:
                 TableScan
@@ -630,7 +630,7 @@ STAGE PLANS:
                         Statistics: Num rows: 500 Data size: 89000 Basic stats: COMPLETE Column stats: COMPLETE
                         value expressions: _col1 (type: string)
             Execution mode: vectorized, llap
-            LLAP IO: no inputs
+            LLAP IO: all inputs
         Reducer 2 
             Execution mode: llap
             Reduce Operator Tree:
diff --git a/ql/src/test/results/clientpositive/llap/hll.q.out b/ql/src/test/results/clientpositive/llap/hll.q.out
index 4c9e0d38ce..96d194a1d6 100644
--- a/ql/src/test/results/clientpositive/llap/hll.q.out
+++ b/ql/src/test/results/clientpositive/llap/hll.q.out
@@ -58,7 +58,7 @@ STAGE PLANS:
                         Statistics: Num rows: 1 Data size: 168 Basic stats: COMPLETE Column stats: COMPLETE
                         value expressions: _col0 (type: int), _col1 (type: int), _col2 (type: bigint), _col3 (type: bigint), _col4 (type: binary)
             Execution mode: llap
-            LLAP IO: no inputs
+            LLAP IO: all inputs
         Reducer 2 
             Execution mode: llap
             Reduce Operator Tree:
@@ -176,7 +176,7 @@ STAGE PLANS:
                         Statistics: Num rows: 1 Data size: 168 Basic stats: COMPLETE Column stats: COMPLETE
                         value expressions: _col0 (type: int), _col1 (type: int), _col2 (type: bigint), _col3 (type: bigint), _col4 (type: binary)
             Execution mode: llap
-            LLAP IO: no inputs
+            LLAP IO: all inputs
         Reducer 2 
             Execution mode: llap
             Reduce Operator Tree:
diff --git a/ql/src/test/results/clientpositive/llap/hybridgrace_hashjoin_1.q.out b/ql/src/test/results/clientpositive/llap/hybridgrace_hashjoin_1.q.out
index 1d923ace7f..7cb9d1004b 100644
--- a/ql/src/test/results/clientpositive/llap/hybridgrace_hashjoin_1.q.out
+++ b/ql/src/test/results/clientpositive/llap/hybridgrace_hashjoin_1.q.out
@@ -868,7 +868,7 @@ STAGE PLANS:
                             Statistics: Num rows: 1 Data size: 8 Basic stats: COMPLETE Column stats: NONE
                             value expressions: _col0 (type: bigint)
             Execution mode: vectorized, llap
-            LLAP IO: no inputs
+            LLAP IO: all inputs
         Map 3 
             Map Operator Tree:
                 TableScan
@@ -889,7 +889,7 @@ STAGE PLANS:
                         Map-reduce partition columns: _col0 (type: string)
                         Statistics: Num rows: 499 Data size: 87443 Basic stats: COMPLETE Column stats: NONE
             Execution mode: vectorized, llap
-            LLAP IO: no inputs
+            LLAP IO: all inputs
         Reducer 2 
             Execution mode: vectorized, llap
             Reduce Operator Tree:
@@ -1003,7 +1003,7 @@ STAGE PLANS:
                             Statistics: Num rows: 1 Data size: 8 Basic stats: COMPLETE Column stats: NONE
                             value expressions: _col0 (type: bigint)
             Execution mode: vectorized, llap
-            LLAP IO: no inputs
+            LLAP IO: all inputs
         Map 3 
             Map Operator Tree:
                 TableScan
@@ -1024,7 +1024,7 @@ STAGE PLANS:
                         Map-reduce partition columns: _col0 (type: string)
                         Statistics: Num rows: 499 Data size: 87443 Basic stats: COMPLETE Column stats: NONE
             Execution mode: vectorized, llap
-            LLAP IO: no inputs
+            LLAP IO: all inputs
         Reducer 2 
             Execution mode: vectorized, llap
             Reduce Operator Tree:
@@ -1123,7 +1123,7 @@ STAGE PLANS:
                         Map-reduce partition columns: _col0 (type: string)
                         Statistics: Num rows: 499 Data size: 87443 Basic stats: COMPLETE Column stats: NONE
             Execution mode: vectorized, llap
-            LLAP IO: no inputs
+            LLAP IO: all inputs
         Map 4 
             Map Operator Tree:
                 TableScan
@@ -1144,7 +1144,7 @@ STAGE PLANS:
                         Map-reduce partition columns: _col0 (type: string)
                         Statistics: Num rows: 499 Data size: 87443 Basic stats: COMPLETE Column stats: NONE
             Execution mode: vectorized, llap
-            LLAP IO: no inputs
+            LLAP IO: all inputs
         Reducer 2 
             Execution mode: llap
             Reduce Operator Tree:
@@ -1264,7 +1264,7 @@ STAGE PLANS:
                         Map-reduce partition columns: _col0 (type: string)
                         Statistics: Num rows: 499 Data size: 87443 Basic stats: COMPLETE Column stats: NONE
             Execution mode: vectorized, llap
-            LLAP IO: no inputs
+            LLAP IO: all inputs
         Map 4 
             Map Operator Tree:
                 TableScan
@@ -1285,7 +1285,7 @@ STAGE PLANS:
                         Map-reduce partition columns: _col0 (type: string)
                         Statistics: Num rows: 499 Data size: 87443 Basic stats: COMPLETE Column stats: NONE
             Execution mode: vectorized, llap
-            LLAP IO: no inputs
+            LLAP IO: all inputs
         Reducer 2 
             Execution mode: llap
             Reduce Operator Tree:
diff --git a/ql/src/test/results/clientpositive/llap/hybridgrace_hashjoin_2.q.out b/ql/src/test/results/clientpositive/llap/hybridgrace_hashjoin_2.q.out
index af66068fa4..e031c58829 100644
--- a/ql/src/test/results/clientpositive/llap/hybridgrace_hashjoin_2.q.out
+++ b/ql/src/test/results/clientpositive/llap/hybridgrace_hashjoin_2.q.out
@@ -71,7 +71,7 @@ STAGE PLANS:
                       Map-reduce partition columns: key (type: string)
                       Statistics: Num rows: 25 Data size: 2150 Basic stats: COMPLETE Column stats: COMPLETE
             Execution mode: vectorized, llap
-            LLAP IO: no inputs
+            LLAP IO: all inputs
         Map 2 
             Map Operator Tree:
                 TableScan
@@ -112,7 +112,7 @@ STAGE PLANS:
                             Statistics: Num rows: 1 Data size: 8 Basic stats: COMPLETE Column stats: COMPLETE
                             value expressions: _col0 (type: bigint)
             Execution mode: vectorized, llap
-            LLAP IO: no inputs
+            LLAP IO: all inputs
         Map 4 
             Map Operator Tree:
                 TableScan
@@ -129,7 +129,7 @@ STAGE PLANS:
                       Map-reduce partition columns: key (type: string)
                       Statistics: Num rows: 500 Data size: 43500 Basic stats: COMPLETE Column stats: COMPLETE
             Execution mode: vectorized, llap
-            LLAP IO: no inputs
+            LLAP IO: all inputs
         Reducer 3 
             Execution mode: vectorized, llap
             Reduce Operator Tree:
@@ -232,7 +232,7 @@ STAGE PLANS:
                       Map-reduce partition columns: key (type: string)
                       Statistics: Num rows: 25 Data size: 2150 Basic stats: COMPLETE Column stats: COMPLETE
             Execution mode: vectorized, llap
-            LLAP IO: no inputs
+            LLAP IO: all inputs
         Map 2 
             Map Operator Tree:
                 TableScan
@@ -273,7 +273,7 @@ STAGE PLANS:
                             Statistics: Num rows: 1 Data size: 8 Basic stats: COMPLETE Column stats: COMPLETE
                             value expressions: _col0 (type: bigint)
             Execution mode: vectorized, llap
-            LLAP IO: no inputs
+            LLAP IO: all inputs
         Map 4 
             Map Operator Tree:
                 TableScan
@@ -290,7 +290,7 @@ STAGE PLANS:
                       Map-reduce partition columns: key (type: string)
                       Statistics: Num rows: 500 Data size: 43500 Basic stats: COMPLETE Column stats: COMPLETE
             Execution mode: vectorized, llap
-            LLAP IO: no inputs
+            LLAP IO: all inputs
         Reducer 3 
             Execution mode: vectorized, llap
             Reduce Operator Tree:
@@ -395,7 +395,7 @@ STAGE PLANS:
                       Map-reduce partition columns: key (type: string)
                       Statistics: Num rows: 25/25 Data size: 2150 Basic stats: COMPLETE Column stats: COMPLETE
             Execution mode: vectorized, llap
-            LLAP IO: no inputs
+            LLAP IO: all inputs
         Map 2 
             Map Operator Tree:
                 TableScan
@@ -422,7 +422,7 @@ STAGE PLANS:
                         Map-reduce partition columns: _col0 (type: string)
                         Statistics: Num rows: 158/148 Data size: 13588 Basic stats: COMPLETE Column stats: COMPLETE
             Execution mode: vectorized, llap
-            LLAP IO: no inputs
+            LLAP IO: all inputs
         Map 3 
             Map Operator Tree:
                 TableScan
@@ -463,7 +463,7 @@ STAGE PLANS:
                             Statistics: Num rows: 1/1 Data size: 8 Basic stats: COMPLETE Column stats: COMPLETE
                             value expressions: _col0 (type: bigint)
             Execution mode: vectorized, llap
-            LLAP IO: no inputs
+            LLAP IO: all inputs
         Map 5 
             Map Operator Tree:
                 TableScan
@@ -480,7 +480,7 @@ STAGE PLANS:
                       Map-reduce partition columns: key (type: string)
                       Statistics: Num rows: 500/500 Data size: 43500 Basic stats: COMPLETE Column stats: COMPLETE
             Execution mode: vectorized, llap
-            LLAP IO: no inputs
+            LLAP IO: all inputs
         Reducer 4 
             Execution mode: vectorized, llap
             Reduce Operator Tree:
@@ -595,7 +595,7 @@ STAGE PLANS:
                       Map-reduce partition columns: key (type: string)
                       Statistics: Num rows: 25 Data size: 2150 Basic stats: COMPLETE Column stats: COMPLETE
             Execution mode: vectorized, llap
-            LLAP IO: no inputs
+            LLAP IO: all inputs
         Map 2 
             Map Operator Tree:
                 TableScan
@@ -622,7 +622,7 @@ STAGE PLANS:
                         Map-reduce partition columns: _col0 (type: string)
                         Statistics: Num rows: 158 Data size: 13588 Basic stats: COMPLETE Column stats: COMPLETE
             Execution mode: vectorized, llap
-            LLAP IO: no inputs
+            LLAP IO: all inputs
         Map 3 
             Map Operator Tree:
                 TableScan
@@ -663,7 +663,7 @@ STAGE PLANS:
                             Statistics: Num rows: 1 Data size: 8 Basic stats: COMPLETE Column stats: COMPLETE
                             value expressions: _col0 (type: bigint)
             Execution mode: vectorized, llap
-            LLAP IO: no inputs
+            LLAP IO: all inputs
         Map 5 
             Map Operator Tree:
                 TableScan
@@ -680,7 +680,7 @@ STAGE PLANS:
                       Map-reduce partition columns: key (type: string)
                       Statistics: Num rows: 500 Data size: 43500 Basic stats: COMPLETE Column stats: COMPLETE
             Execution mode: vectorized, llap
-            LLAP IO: no inputs
+            LLAP IO: all inputs
         Reducer 4 
             Execution mode: vectorized, llap
             Reduce Operator Tree:
@@ -788,7 +788,7 @@ STAGE PLANS:
                       Map-reduce partition columns: key (type: string)
                       Statistics: Num rows: 25 Data size: 2150 Basic stats: COMPLETE Column stats: COMPLETE
             Execution mode: vectorized, llap
-            LLAP IO: no inputs
+            LLAP IO: all inputs
         Map 2 
             Map Operator Tree:
                 TableScan
@@ -815,7 +815,7 @@ STAGE PLANS:
                         Map-reduce partition columns: _col0 (type: string)
                         Statistics: Num rows: 158 Data size: 13588 Basic stats: COMPLETE Column stats: COMPLETE
             Execution mode: vectorized, llap
-            LLAP IO: no inputs
+            LLAP IO: all inputs
         Map 3 
             Map Operator Tree:
                 TableScan
@@ -856,7 +856,7 @@ STAGE PLANS:
                             Statistics: Num rows: 1 Data size: 8 Basic stats: COMPLETE Column stats: COMPLETE
                             value expressions: _col0 (type: bigint)
             Execution mode: vectorized, llap
-            LLAP IO: no inputs
+            LLAP IO: all inputs
         Map 5 
             Map Operator Tree:
                 TableScan
@@ -873,7 +873,7 @@ STAGE PLANS:
                       Map-reduce partition columns: key (type: string)
                       Statistics: Num rows: 500 Data size: 43500 Basic stats: COMPLETE Column stats: COMPLETE
             Execution mode: vectorized, llap
-            LLAP IO: no inputs
+            LLAP IO: all inputs
         Reducer 4 
             Execution mode: vectorized, llap
             Reduce Operator Tree:
@@ -1007,7 +1007,7 @@ STAGE PLANS:
                       Map-reduce partition columns: value (type: string)
                       Statistics: Num rows: 25 Data size: 2225 Basic stats: COMPLETE Column stats: COMPLETE
             Execution mode: vectorized, llap
-            LLAP IO: no inputs
+            LLAP IO: all inputs
         Map 2 
             Map Operator Tree:
                 TableScan
@@ -1048,7 +1048,7 @@ STAGE PLANS:
                             Statistics: Num rows: 1 Data size: 8 Basic stats: COMPLETE Column stats: COMPLETE
                             value expressions: _col0 (type: bigint)
             Execution mode: vectorized, llap
-            LLAP IO: no inputs
+            LLAP IO: all inputs
         Map 6 
             Map Operator Tree:
                 TableScan
@@ -1074,7 +1074,7 @@ STAGE PLANS:
                       Map-reduce partition columns: value (type: string)
                       Statistics: Num rows: 500 Data size: 45500 Basic stats: COMPLETE Column stats: COMPLETE
             Execution mode: vectorized, llap
-            LLAP IO: no inputs
+            LLAP IO: all inputs
         Map 7 
             Map Operator Tree:
                 TableScan
@@ -1115,7 +1115,7 @@ STAGE PLANS:
                             Statistics: Num rows: 1 Data size: 8 Basic stats: COMPLETE Column stats: COMPLETE
                             value expressions: _col0 (type: bigint)
             Execution mode: vectorized, llap
-            LLAP IO: no inputs
+            LLAP IO: all inputs
         Reducer 3 
             Execution mode: vectorized, llap
             Reduce Operator Tree:
@@ -1289,7 +1289,7 @@ STAGE PLANS:
                       Map-reduce partition columns: value (type: string)
                       Statistics: Num rows: 25 Data size: 2225 Basic stats: COMPLETE Column stats: COMPLETE
             Execution mode: vectorized, llap
-            LLAP IO: no inputs
+            LLAP IO: all inputs
         Map 2 
             Map Operator Tree:
                 TableScan
@@ -1330,7 +1330,7 @@ STAGE PLANS:
                             Statistics: Num rows: 1 Data size: 8 Basic stats: COMPLETE Column stats: COMPLETE
                             value expressions: _col0 (type: bigint)
             Execution mode: vectorized, llap
-            LLAP IO: no inputs
+            LLAP IO: all inputs
         Map 6 
             Map Operator Tree:
                 TableScan
@@ -1356,7 +1356,7 @@ STAGE PLANS:
                       Map-reduce partition columns: value (type: string)
                       Statistics: Num rows: 500 Data size: 45500 Basic stats: COMPLETE Column stats: COMPLETE
             Execution mode: vectorized, llap
-            LLAP IO: no inputs
+            LLAP IO: all inputs
         Map 7 
             Map Operator Tree:
                 TableScan
@@ -1397,7 +1397,7 @@ STAGE PLANS:
                             Statistics: Num rows: 1 Data size: 8 Basic stats: COMPLETE Column stats: COMPLETE
                             value expressions: _col0 (type: bigint)
             Execution mode: vectorized, llap
-            LLAP IO: no inputs
+            LLAP IO: all inputs
         Reducer 3 
             Execution mode: vectorized, llap
             Reduce Operator Tree:
@@ -1571,7 +1571,7 @@ STAGE PLANS:
                       Statistics: Num rows: 2 Data size: 350 Basic stats: COMPLETE Column stats: COMPLETE
                       value expressions: value (type: string)
             Execution mode: vectorized, llap
-            LLAP IO: no inputs
+            LLAP IO: all inputs
         Map 2 
             Map Operator Tree:
                 TableScan
@@ -1632,7 +1632,7 @@ STAGE PLANS:
                                 Statistics: Num rows: 1 Data size: 8 Basic stats: COMPLETE Column stats: COMPLETE
                                 value expressions: _col0 (type: bigint)
             Execution mode: vectorized, llap
-            LLAP IO: no inputs
+            LLAP IO: all inputs
         Map 4 
             Map Operator Tree:
                 TableScan
@@ -1649,7 +1649,7 @@ STAGE PLANS:
                       Map-reduce partition columns: key (type: string)
                       Statistics: Num rows: 166 Data size: 29548 Basic stats: COMPLETE Column stats: COMPLETE
             Execution mode: vectorized, llap
-            LLAP IO: no inputs
+            LLAP IO: all inputs
         Map 5 
             Map Operator Tree:
                 TableScan
@@ -1666,7 +1666,7 @@ STAGE PLANS:
                       Map-reduce partition columns: value (type: string)
                       Statistics: Num rows: 222 Data size: 39516 Basic stats: COMPLETE Column stats: COMPLETE
             Execution mode: vectorized, llap
-            LLAP IO: no inputs
+            LLAP IO: all inputs
         Map 6 
             Map Operator Tree:
                 TableScan
@@ -1683,7 +1683,7 @@ STAGE PLANS:
                       Map-reduce partition columns: value (type: string)
                       Statistics: Num rows: 166 Data size: 15106 Basic stats: COMPLETE Column stats: COMPLETE
             Execution mode: vectorized, llap
-            LLAP IO: no inputs
+            LLAP IO: all inputs
         Reducer 3 
             Execution mode: vectorized, llap
             Reduce Operator Tree:
@@ -1807,7 +1807,7 @@ STAGE PLANS:
                       Statistics: Num rows: 2 Data size: 350 Basic stats: COMPLETE Column stats: COMPLETE
                       value expressions: value (type: string)
             Execution mode: vectorized, llap
-            LLAP IO: no inputs
+            LLAP IO: all inputs
         Map 2 
             Map Operator Tree:
                 TableScan
@@ -1868,7 +1868,7 @@ STAGE PLANS:
                                 Statistics: Num rows: 1 Data size: 8 Basic stats: COMPLETE Column stats: COMPLETE
                                 value expressions: _col0 (type: bigint)
             Execution mode: vectorized, llap
-            LLAP IO: no inputs
+            LLAP IO: all inputs
         Map 4 
             Map Operator Tree:
                 TableScan
@@ -1885,7 +1885,7 @@ STAGE PLANS:
                       Map-reduce partition columns: key (type: string)
                       Statistics: Num rows: 166 Data size: 29548 Basic stats: COMPLETE Column stats: COMPLETE
             Execution mode: vectorized, llap
-            LLAP IO: no inputs
+            LLAP IO: all inputs
         Map 5 
             Map Operator Tree:
                 TableScan
@@ -1902,7 +1902,7 @@ STAGE PLANS:
                       Map-reduce partition columns: value (type: string)
                       Statistics: Num rows: 222 Data size: 39516 Basic stats: COMPLETE Column stats: COMPLETE
             Execution mode: vectorized, llap
-            LLAP IO: no inputs
+            LLAP IO: all inputs
         Map 6 
             Map Operator Tree:
                 TableScan
@@ -1919,7 +1919,7 @@ STAGE PLANS:
                       Map-reduce partition columns: value (type: string)
                       Statistics: Num rows: 166 Data size: 15106 Basic stats: COMPLETE Column stats: COMPLETE
             Execution mode: vectorized, llap
-            LLAP IO: no inputs
+            LLAP IO: all inputs
         Reducer 3 
             Execution mode: vectorized, llap
             Reduce Operator Tree:
diff --git a/ql/src/test/results/clientpositive/llap/identity_project_remove_skip.q.out b/ql/src/test/results/clientpositive/llap/identity_project_remove_skip.q.out
index 1200e30dc1..3b961f3561 100644
--- a/ql/src/test/results/clientpositive/llap/identity_project_remove_skip.q.out
+++ b/ql/src/test/results/clientpositive/llap/identity_project_remove_skip.q.out
@@ -49,7 +49,7 @@ STAGE PLANS:
                         sort order: 
                         Statistics: Num rows: 1 Data size: 4 Basic stats: COMPLETE Column stats: COMPLETE
             Execution mode: vectorized, llap
-            LLAP IO: no inputs
+            LLAP IO: all inputs
         Map 2 
             Map Operator Tree:
                 TableScan
@@ -82,7 +82,7 @@ STAGE PLANS:
                                 output format: org.apache.hadoop.hive.ql.io.HiveSequenceFileOutputFormat
                                 serde: org.apache.hadoop.hive.serde2.lazy.LazySimpleSerDe
             Execution mode: vectorized, llap
-            LLAP IO: no inputs
+            LLAP IO: all inputs
 
   Stage: Stage-0
     Fetch Operator
diff --git a/ql/src/test/results/clientpositive/llap/implicit_cast_during_insert.q.out b/ql/src/test/results/clientpositive/llap/implicit_cast_during_insert.q.out
index a70705e3a5..b841465759 100644
--- a/ql/src/test/results/clientpositive/llap/implicit_cast_during_insert.q.out
+++ b/ql/src/test/results/clientpositive/llap/implicit_cast_during_insert.q.out
@@ -57,7 +57,7 @@ STAGE PLANS:
                         Statistics: Num rows: 3 Data size: 534 Basic stats: COMPLETE Column stats: COMPLETE
                         value expressions: _col1 (type: string)
             Execution mode: llap
-            LLAP IO: no inputs
+            LLAP IO: all inputs
         Reducer 2 
             Execution mode: llap
             Reduce Operator Tree:
diff --git a/ql/src/test/results/clientpositive/llap/implicit_decimal.q.out b/ql/src/test/results/clientpositive/llap/implicit_decimal.q.out
index 83a9465e66..ca85650443 100644
--- a/ql/src/test/results/clientpositive/llap/implicit_decimal.q.out
+++ b/ql/src/test/results/clientpositive/llap/implicit_decimal.q.out
@@ -59,7 +59,7 @@ STAGE PLANS:
                             output format: org.apache.hadoop.hive.ql.io.HiveSequenceFileOutputFormat
                             serde: org.apache.hadoop.hive.serde2.lazy.LazySimpleSerDe
             Execution mode: vectorized, llap
-            LLAP IO: no inputs
+            LLAP IO: all inputs
 
   Stage: Stage-0
     Fetch Operator
diff --git a/ql/src/test/results/clientpositive/llap/in_typecheck_char.q.out b/ql/src/test/results/clientpositive/llap/in_typecheck_char.q.out
index 65b9548389..1fd64a5a91 100644
--- a/ql/src/test/results/clientpositive/llap/in_typecheck_char.q.out
+++ b/ql/src/test/results/clientpositive/llap/in_typecheck_char.q.out
@@ -61,7 +61,7 @@ STAGE PLANS:
                           Statistics: Num rows: 1 Data size: 8 Basic stats: COMPLETE Column stats: COMPLETE
                           value expressions: _col0 (type: bigint)
             Execution mode: vectorized, llap
-            LLAP IO: no inputs
+            LLAP IO: all inputs
         Reducer 2 
             Execution mode: vectorized, llap
             Reduce Operator Tree:
@@ -142,7 +142,7 @@ STAGE PLANS:
                           Statistics: Num rows: 1 Data size: 8 Basic stats: COMPLETE Column stats: COMPLETE
                           value expressions: _col0 (type: bigint)
             Execution mode: vectorized, llap
-            LLAP IO: no inputs
+            LLAP IO: all inputs
         Reducer 2 
             Execution mode: vectorized, llap
             Reduce Operator Tree:
@@ -257,7 +257,7 @@ STAGE PLANS:
                           Statistics: Num rows: 1 Data size: 8 Basic stats: COMPLETE Column stats: COMPLETE
                           value expressions: _col0 (type: bigint)
             Execution mode: vectorized, llap
-            LLAP IO: no inputs
+            LLAP IO: all inputs
         Reducer 2 
             Execution mode: vectorized, llap
             Reduce Operator Tree:
@@ -353,7 +353,7 @@ STAGE PLANS:
                           Statistics: Num rows: 1 Data size: 8 Basic stats: COMPLETE Column stats: COMPLETE
                           value expressions: _col0 (type: bigint)
             Execution mode: vectorized, llap
-            LLAP IO: no inputs
+            LLAP IO: all inputs
         Reducer 2 
             Execution mode: vectorized, llap
             Reduce Operator Tree:
@@ -436,7 +436,7 @@ STAGE PLANS:
                           Statistics: Num rows: 1 Data size: 8 Basic stats: COMPLETE Column stats: COMPLETE
                           value expressions: _col0 (type: bigint)
             Execution mode: vectorized, llap
-            LLAP IO: no inputs
+            LLAP IO: all inputs
         Reducer 2 
             Execution mode: vectorized, llap
             Reduce Operator Tree:
diff --git a/ql/src/test/results/clientpositive/llap/in_typecheck_pointlook.q.out b/ql/src/test/results/clientpositive/llap/in_typecheck_pointlook.q.out
index 2f39378084..ce91295aed 100644
--- a/ql/src/test/results/clientpositive/llap/in_typecheck_pointlook.q.out
+++ b/ql/src/test/results/clientpositive/llap/in_typecheck_pointlook.q.out
@@ -75,7 +75,7 @@ STAGE PLANS:
                           Statistics: Num rows: 1 Data size: 8 Basic stats: COMPLETE Column stats: COMPLETE
                           value expressions: _col0 (type: bigint)
             Execution mode: vectorized, llap
-            LLAP IO: no inputs
+            LLAP IO: all inputs
         Reducer 2 
             Execution mode: vectorized, llap
             Reduce Operator Tree:
@@ -164,7 +164,7 @@ STAGE PLANS:
                           Statistics: Num rows: 1 Data size: 8 Basic stats: COMPLETE Column stats: COMPLETE
                           value expressions: _col0 (type: bigint)
             Execution mode: llap
-            LLAP IO: no inputs
+            LLAP IO: all inputs
         Reducer 2 
             Execution mode: vectorized, llap
             Reduce Operator Tree:
diff --git a/ql/src/test/results/clientpositive/llap/in_typecheck_varchar.q.out b/ql/src/test/results/clientpositive/llap/in_typecheck_varchar.q.out
index 1dcf2c5b60..1a3ff99aee 100644
--- a/ql/src/test/results/clientpositive/llap/in_typecheck_varchar.q.out
+++ b/ql/src/test/results/clientpositive/llap/in_typecheck_varchar.q.out
@@ -61,7 +61,7 @@ STAGE PLANS:
                           Statistics: Num rows: 1 Data size: 8 Basic stats: COMPLETE Column stats: COMPLETE
                           value expressions: _col0 (type: bigint)
             Execution mode: vectorized, llap
-            LLAP IO: no inputs
+            LLAP IO: all inputs
         Reducer 2 
             Execution mode: vectorized, llap
             Reduce Operator Tree:
@@ -142,7 +142,7 @@ STAGE PLANS:
                           Statistics: Num rows: 1 Data size: 8 Basic stats: COMPLETE Column stats: COMPLETE
                           value expressions: _col0 (type: bigint)
             Execution mode: vectorized, llap
-            LLAP IO: no inputs
+            LLAP IO: all inputs
         Reducer 2 
             Execution mode: vectorized, llap
             Reduce Operator Tree:
diff --git a/ql/src/test/results/clientpositive/llap/infer_bucket_sort_dyn_part.q.out b/ql/src/test/results/clientpositive/llap/infer_bucket_sort_dyn_part.q.out
index fad941b074..1c6e56b6d9 100644
--- a/ql/src/test/results/clientpositive/llap/infer_bucket_sort_dyn_part.q.out
+++ b/ql/src/test/results/clientpositive/llap/infer_bucket_sort_dyn_part.q.out
@@ -460,7 +460,7 @@ STAGE PLANS:
                         Statistics: Num rows: 316 Data size: 30020 Basic stats: COMPLETE Column stats: COMPLETE
                         value expressions: _col1 (type: bigint)
             Execution mode: vectorized, llap
-            LLAP IO: no inputs
+            LLAP IO: all inputs
         Reducer 2 
             Execution mode: llap
             Reduce Operator Tree:
diff --git a/ql/src/test/results/clientpositive/llap/infer_bucket_sort_grouping_operators.q.out b/ql/src/test/results/clientpositive/llap/infer_bucket_sort_grouping_operators.q.out
index 883084f69d..48f63550a1 100644
--- a/ql/src/test/results/clientpositive/llap/infer_bucket_sort_grouping_operators.q.out
+++ b/ql/src/test/results/clientpositive/llap/infer_bucket_sort_grouping_operators.q.out
@@ -63,7 +63,7 @@ STAGE PLANS:
                         Statistics: Num rows: 750 Data size: 145500 Basic stats: COMPLETE Column stats: COMPLETE
                         value expressions: _col3 (type: bigint)
             Execution mode: vectorized, llap
-            LLAP IO: no inputs
+            LLAP IO: all inputs
         Reducer 2 
             Execution mode: llap
             Reduce Operator Tree:
@@ -1555,7 +1555,7 @@ STAGE PLANS:
                         Statistics: Num rows: 1000 Data size: 194000 Basic stats: COMPLETE Column stats: COMPLETE
                         value expressions: _col3 (type: bigint)
             Execution mode: vectorized, llap
-            LLAP IO: no inputs
+            LLAP IO: all inputs
         Reducer 2 
             Execution mode: llap
             Reduce Operator Tree:
@@ -1793,7 +1793,7 @@ STAGE PLANS:
                         Statistics: Num rows: 500 Data size: 97000 Basic stats: COMPLETE Column stats: COMPLETE
                         value expressions: _col3 (type: bigint)
             Execution mode: vectorized, llap
-            LLAP IO: no inputs
+            LLAP IO: all inputs
         Reducer 2 
             Execution mode: llap
             Reduce Operator Tree:
diff --git a/ql/src/test/results/clientpositive/llap/infer_bucket_sort_map_operators.q.out b/ql/src/test/results/clientpositive/llap/infer_bucket_sort_map_operators.q.out
index 907582d427..07e91b7a56 100644
--- a/ql/src/test/results/clientpositive/llap/infer_bucket_sort_map_operators.q.out
+++ b/ql/src/test/results/clientpositive/llap/infer_bucket_sort_map_operators.q.out
@@ -116,7 +116,7 @@ STAGE PLANS:
                               Statistics: Num rows: 1 Data size: 557 Basic stats: COMPLETE Column stats: COMPLETE
                               value expressions: _col1 (type: int), _col2 (type: struct<count:bigint,sum:double,input:int>), _col3 (type: bigint), _col4 (type: bigint), _col5 (type: binary), _col6 (type: int), _col7 (type: struct<count:bigint,sum:double,input:int>), _col8 (type: bigint), _col9 (type: binary)
             Execution mode: llap
-            LLAP IO: no inputs
+            LLAP IO: all inputs
         Reducer 2 
             Execution mode: llap
             Reduce Operator Tree:
@@ -278,7 +278,7 @@ STAGE PLANS:
                             Statistics: Num rows: 316 Data size: 32548 Basic stats: COMPLETE Column stats: COMPLETE
                             value expressions: _col0 (type: string), _col1 (type: bigint)
             Execution mode: vectorized, llap
-            LLAP IO: no inputs
+            LLAP IO: all inputs
         Map 4 
             Map Operator Tree:
                 TableScan
@@ -299,7 +299,7 @@ STAGE PLANS:
                         Map-reduce partition columns: _col0 (type: double)
                         Statistics: Num rows: 500 Data size: 4000 Basic stats: COMPLETE Column stats: COMPLETE
             Execution mode: vectorized, llap
-            LLAP IO: no inputs
+            LLAP IO: all inputs
         Reducer 2 
             Execution mode: llap
             Reduce Operator Tree:
diff --git a/ql/src/test/results/clientpositive/llap/infer_bucket_sort_num_buckets.q.out b/ql/src/test/results/clientpositive/llap/infer_bucket_sort_num_buckets.q.out
index d2e0a80396..f2bfe68792 100644
--- a/ql/src/test/results/clientpositive/llap/infer_bucket_sort_num_buckets.q.out
+++ b/ql/src/test/results/clientpositive/llap/infer_bucket_sort_num_buckets.q.out
@@ -67,7 +67,7 @@ STAGE PLANS:
                       value expressions: _col0 (type: int), _col1 (type: string), _col2 (type: int)
                       auto parallelism: false
             Execution mode: vectorized, llap
-            LLAP IO: no inputs
+            LLAP IO: all inputs
             Path -> Alias:
 #### A masked pattern was here ####
             Path -> Partition:
diff --git a/ql/src/test/results/clientpositive/llap/infer_join_preds.q.out b/ql/src/test/results/clientpositive/llap/infer_join_preds.q.out
index a4977c234f..897db9d9f9 100644
--- a/ql/src/test/results/clientpositive/llap/infer_join_preds.q.out
+++ b/ql/src/test/results/clientpositive/llap/infer_join_preds.q.out
@@ -43,7 +43,7 @@ STAGE PLANS:
                         Statistics: Num rows: 500 Data size: 89000 Basic stats: COMPLETE Column stats: COMPLETE
                         value expressions: _col1 (type: string)
             Execution mode: vectorized, llap
-            LLAP IO: no inputs
+            LLAP IO: all inputs
         Map 3 
             Map Operator Tree:
                 TableScan
@@ -65,7 +65,7 @@ STAGE PLANS:
                         Statistics: Num rows: 25 Data size: 4375 Basic stats: COMPLETE Column stats: COMPLETE
                         value expressions: _col1 (type: string)
             Execution mode: vectorized, llap
-            LLAP IO: no inputs
+            LLAP IO: all inputs
         Reducer 2 
             Execution mode: llap
             Reduce Operator Tree:
@@ -213,7 +213,7 @@ STAGE PLANS:
                         Statistics: Num rows: 25 Data size: 4375 Basic stats: COMPLETE Column stats: COMPLETE
                         value expressions: _col1 (type: string)
             Execution mode: vectorized, llap
-            LLAP IO: no inputs
+            LLAP IO: all inputs
         Reducer 2 
             Execution mode: llap
             Reduce Operator Tree:
@@ -327,7 +327,7 @@ STAGE PLANS:
                         Statistics: Num rows: 25 Data size: 4375 Basic stats: COMPLETE Column stats: COMPLETE
                         value expressions: _col1 (type: string)
             Execution mode: vectorized, llap
-            LLAP IO: no inputs
+            LLAP IO: all inputs
         Reducer 2 
             Execution mode: llap
             Reduce Operator Tree:
@@ -440,7 +440,7 @@ STAGE PLANS:
                       Statistics: Num rows: 25 Data size: 4375 Basic stats: COMPLETE Column stats: COMPLETE
                       value expressions: _col1 (type: string)
             Execution mode: vectorized, llap
-            LLAP IO: no inputs
+            LLAP IO: all inputs
         Reducer 2 
             Execution mode: llap
             Reduce Operator Tree:
@@ -575,7 +575,7 @@ STAGE PLANS:
                       Statistics: Num rows: 25 Data size: 4375 Basic stats: COMPLETE Column stats: COMPLETE
                       value expressions: _col1 (type: string)
             Execution mode: vectorized, llap
-            LLAP IO: no inputs
+            LLAP IO: all inputs
         Reducer 2 
             Execution mode: llap
             Reduce Operator Tree:
@@ -693,7 +693,7 @@ STAGE PLANS:
                         Statistics: Num rows: 500 Data size: 89000 Basic stats: COMPLETE Column stats: COMPLETE
                         value expressions: _col1 (type: string)
             Execution mode: vectorized, llap
-            LLAP IO: no inputs
+            LLAP IO: all inputs
         Map 3 
             Map Operator Tree:
                 TableScan
@@ -800,7 +800,7 @@ STAGE PLANS:
                         Map-reduce partition columns: _col0 (type: string), _col1 (type: string)
                         Statistics: Num rows: 55 Data size: 9790 Basic stats: COMPLETE Column stats: COMPLETE
             Execution mode: vectorized, llap
-            LLAP IO: no inputs
+            LLAP IO: all inputs
         Map 3 
             Map Operator Tree:
                 TableScan
@@ -821,7 +821,7 @@ STAGE PLANS:
                         Map-reduce partition columns: _col0 (type: string), _col1 (type: string)
                         Statistics: Num rows: 2 Data size: 350 Basic stats: COMPLETE Column stats: COMPLETE
             Execution mode: vectorized, llap
-            LLAP IO: no inputs
+            LLAP IO: all inputs
         Reducer 2 
             Execution mode: llap
             Reduce Operator Tree:
@@ -1323,7 +1323,7 @@ STAGE PLANS:
                         Statistics: Num rows: 1 Data size: 668 Basic stats: COMPLETE Column stats: NONE
                         value expressions: _col0 (type: bigint), _col2 (type: string)
             Execution mode: vectorized, llap
-            LLAP IO: no inputs
+            LLAP IO: all inputs
         Map 4 
             Map Operator Tree:
                 TableScan
@@ -1355,7 +1355,7 @@ STAGE PLANS:
                         Statistics: Num rows: 1 Data size: 776 Basic stats: COMPLETE Column stats: NONE
                         value expressions: _col1 (type: string)
             Execution mode: vectorized, llap
-            LLAP IO: no inputs
+            LLAP IO: all inputs
         Reducer 2 
             Execution mode: llap
             Reduce Operator Tree:
diff --git a/ql/src/test/results/clientpositive/llap/innerjoin.q.out b/ql/src/test/results/clientpositive/llap/innerjoin.q.out
index f68d6c43d4..50bcfbc95a 100644
--- a/ql/src/test/results/clientpositive/llap/innerjoin.q.out
+++ b/ql/src/test/results/clientpositive/llap/innerjoin.q.out
@@ -53,7 +53,7 @@ STAGE PLANS:
                         Map-reduce partition columns: _col0 (type: string)
                         Statistics: Num rows: 500 Data size: 43500 Basic stats: COMPLETE Column stats: COMPLETE
             Execution mode: vectorized, llap
-            LLAP IO: no inputs
+            LLAP IO: all inputs
         Map 4 
             Map Operator Tree:
                 TableScan
@@ -75,7 +75,7 @@ STAGE PLANS:
                         Statistics: Num rows: 500 Data size: 89000 Basic stats: COMPLETE Column stats: COMPLETE
                         value expressions: _col1 (type: string)
             Execution mode: vectorized, llap
-            LLAP IO: no inputs
+            LLAP IO: all inputs
         Reducer 2 
             Execution mode: llap
             Reduce Operator Tree:
@@ -1274,7 +1274,7 @@ STAGE PLANS:
                       Statistics: Num rows: 500 Data size: 89000 Basic stats: COMPLETE Column stats: COMPLETE
                       value expressions: _col1 (type: string)
             Execution mode: vectorized, llap
-            LLAP IO: no inputs
+            LLAP IO: all inputs
         Map 3 
             Map Operator Tree:
                 TableScan
@@ -1296,7 +1296,7 @@ STAGE PLANS:
                         Statistics: Num rows: 500 Data size: 89000 Basic stats: COMPLETE Column stats: COMPLETE
                         value expressions: _col1 (type: string)
             Execution mode: vectorized, llap
-            LLAP IO: no inputs
+            LLAP IO: all inputs
         Reducer 2 
             Execution mode: llap
             Reduce Operator Tree:
diff --git a/ql/src/test/results/clientpositive/llap/innerjoin1.q.out b/ql/src/test/results/clientpositive/llap/innerjoin1.q.out
index a5d94a971d..842b5bd0e3 100644
--- a/ql/src/test/results/clientpositive/llap/innerjoin1.q.out
+++ b/ql/src/test/results/clientpositive/llap/innerjoin1.q.out
@@ -105,7 +105,7 @@ STAGE PLANS:
                         Statistics: Num rows: 2 Data size: 708 Basic stats: COMPLETE Column stats: COMPLETE
                         value expressions: _col0 (type: string), _col1 (type: string)
             Execution mode: vectorized, llap
-            LLAP IO: no inputs
+            LLAP IO: all inputs
         Map 3 
             Map Operator Tree:
                 TableScan
@@ -127,7 +127,7 @@ STAGE PLANS:
                         Statistics: Num rows: 2 Data size: 708 Basic stats: COMPLETE Column stats: COMPLETE
                         value expressions: _col0 (type: string), _col1 (type: string)
             Execution mode: vectorized, llap
-            LLAP IO: no inputs
+            LLAP IO: all inputs
         Reducer 2 
             Execution mode: llap
             Reduce Operator Tree:
@@ -212,7 +212,7 @@ STAGE PLANS:
                         Statistics: Num rows: 2 Data size: 708 Basic stats: COMPLETE Column stats: COMPLETE
                         value expressions: _col0 (type: string), _col1 (type: string)
             Execution mode: vectorized, llap
-            LLAP IO: no inputs
+            LLAP IO: all inputs
         Map 3 
             Map Operator Tree:
                 TableScan
@@ -234,7 +234,7 @@ STAGE PLANS:
                         Statistics: Num rows: 2 Data size: 708 Basic stats: COMPLETE Column stats: COMPLETE
                         value expressions: _col0 (type: string), _col1 (type: string)
             Execution mode: vectorized, llap
-            LLAP IO: no inputs
+            LLAP IO: all inputs
         Reducer 2 
             Execution mode: llap
             Reduce Operator Tree:
diff --git a/ql/src/test/results/clientpositive/llap/input11.q.out b/ql/src/test/results/clientpositive/llap/input11.q.out
index c9fff07494..3dbb8053c7 100644
--- a/ql/src/test/results/clientpositive/llap/input11.q.out
+++ b/ql/src/test/results/clientpositive/llap/input11.q.out
@@ -69,7 +69,7 @@ STAGE PLANS:
                             Statistics: Num rows: 1 Data size: 400 Basic stats: COMPLETE Column stats: COMPLETE
                             value expressions: _col0 (type: int), _col1 (type: int), _col2 (type: bigint), _col3 (type: bigint), _col4 (type: binary), _col5 (type: int), _col6 (type: struct<count:bigint,sum:double,input:int>), _col7 (type: bigint), _col8 (type: binary)
             Execution mode: llap
-            LLAP IO: no inputs
+            LLAP IO: all inputs
         Reducer 2 
             Execution mode: llap
             Reduce Operator Tree:
diff --git a/ql/src/test/results/clientpositive/llap/input11_limit.q.out b/ql/src/test/results/clientpositive/llap/input11_limit.q.out
index 5971243345..1a4fc4f771 100644
--- a/ql/src/test/results/clientpositive/llap/input11_limit.q.out
+++ b/ql/src/test/results/clientpositive/llap/input11_limit.q.out
@@ -55,7 +55,7 @@ STAGE PLANS:
                           TopN Hash Memory Usage: 0.1
                           value expressions: _col0 (type: string), _col1 (type: string)
             Execution mode: vectorized, llap
-            LLAP IO: no inputs
+            LLAP IO: all inputs
         Reducer 2 
             Execution mode: vectorized, llap
             Reduce Operator Tree:
diff --git a/ql/src/test/results/clientpositive/llap/input12.q.out b/ql/src/test/results/clientpositive/llap/input12.q.out
index ccac4114e7..bcbdc1addc 100644
--- a/ql/src/test/results/clientpositive/llap/input12.q.out
+++ b/ql/src/test/results/clientpositive/llap/input12.q.out
@@ -161,7 +161,7 @@ STAGE PLANS:
                             Statistics: Num rows: 1 Data size: 348 Basic stats: COMPLETE Column stats: COMPLETE
                             value expressions: _col2 (type: int), _col3 (type: int), _col4 (type: bigint), _col5 (type: bigint), _col6 (type: binary)
             Execution mode: llap
-            LLAP IO: no inputs
+            LLAP IO: all inputs
         Reducer 2 
             Execution mode: llap
             Reduce Operator Tree:
diff --git a/ql/src/test/results/clientpositive/llap/input13.q.out b/ql/src/test/results/clientpositive/llap/input13.q.out
index 57ddec3db9..590d895248 100644
--- a/ql/src/test/results/clientpositive/llap/input13.q.out
+++ b/ql/src/test/results/clientpositive/llap/input13.q.out
@@ -180,7 +180,7 @@ STAGE PLANS:
                             output format: org.apache.hadoop.hive.ql.io.HiveIgnoreKeyTextOutputFormat
                             serde: org.apache.hadoop.hive.serde2.lazy.LazySimpleSerDe
             Execution mode: llap
-            LLAP IO: no inputs
+            LLAP IO: all inputs
         Reducer 2 
             Execution mode: llap
             Reduce Operator Tree:
diff --git a/ql/src/test/results/clientpositive/llap/input1_limit.q.out b/ql/src/test/results/clientpositive/llap/input1_limit.q.out
index 95d1317c1b..c031288640 100644
--- a/ql/src/test/results/clientpositive/llap/input1_limit.q.out
+++ b/ql/src/test/results/clientpositive/llap/input1_limit.q.out
@@ -87,7 +87,7 @@ STAGE PLANS:
                           TopN Hash Memory Usage: 0.1
                           value expressions: _col0 (type: string), _col1 (type: string)
             Execution mode: vectorized, llap
-            LLAP IO: no inputs
+            LLAP IO: all inputs
         Reducer 2 
             Execution mode: llap
             Reduce Operator Tree:
diff --git a/ql/src/test/results/clientpositive/llap/input21.q.out b/ql/src/test/results/clientpositive/llap/input21.q.out
index d87336a10f..897b5c5d81 100644
--- a/ql/src/test/results/clientpositive/llap/input21.q.out
+++ b/ql/src/test/results/clientpositive/llap/input21.q.out
@@ -51,7 +51,7 @@ STAGE PLANS:
                       Statistics: Num rows: 1 Data size: 736 Basic stats: COMPLETE Column stats: NONE
                       value expressions: _col0 (type: string), _col1 (type: string), _col2 (type: string)
             Execution mode: vectorized, llap
-            LLAP IO: no inputs
+            LLAP IO: all inputs
         Reducer 2 
             Execution mode: vectorized, llap
             Reduce Operator Tree:
diff --git a/ql/src/test/results/clientpositive/llap/input22.q.out b/ql/src/test/results/clientpositive/llap/input22.q.out
index 7053df350a..48bf832c3a 100644
--- a/ql/src/test/results/clientpositive/llap/input22.q.out
+++ b/ql/src/test/results/clientpositive/llap/input22.q.out
@@ -63,7 +63,7 @@ STAGE PLANS:
                         sort order: +
                         Statistics: Num rows: 1 Data size: 184 Basic stats: COMPLETE Column stats: NONE
             Execution mode: vectorized, llap
-            LLAP IO: no inputs
+            LLAP IO: all inputs
         Reducer 2 
             Execution mode: vectorized, llap
             Reduce Operator Tree:
diff --git a/ql/src/test/results/clientpositive/llap/input23.q.out b/ql/src/test/results/clientpositive/llap/input23.q.out
index 5600e9fbac..bdce63f736 100644
--- a/ql/src/test/results/clientpositive/llap/input23.q.out
+++ b/ql/src/test/results/clientpositive/llap/input23.q.out
@@ -52,7 +52,7 @@ STAGE PLANS:
                       value expressions: _col0 (type: string), _col1 (type: string)
                       auto parallelism: false
             Execution mode: vectorized, llap
-            LLAP IO: no inputs
+            LLAP IO: all inputs
             Path -> Alias:
 #### A masked pattern was here ####
             Path -> Partition:
diff --git a/ql/src/test/results/clientpositive/llap/input25.q.out b/ql/src/test/results/clientpositive/llap/input25.q.out
index 0dd79dd18e..6bd136d978 100644
--- a/ql/src/test/results/clientpositive/llap/input25.q.out
+++ b/ql/src/test/results/clientpositive/llap/input25.q.out
@@ -75,7 +75,7 @@ STAGE PLANS:
                         TopN Hash Memory Usage: 0.1
                         value expressions: _col0 (type: int), _col1 (type: int)
             Execution mode: vectorized, llap
-            LLAP IO: no inputs
+            LLAP IO: all inputs
         Map 4 
             Map Operator Tree:
                 TableScan
@@ -96,7 +96,7 @@ STAGE PLANS:
                         TopN Hash Memory Usage: 0.1
                         value expressions: _col0 (type: int), _col1 (type: int)
             Execution mode: vectorized, llap
-            LLAP IO: no inputs
+            LLAP IO: all inputs
         Reducer 2 
             Execution mode: vectorized, llap
             Reduce Operator Tree:
diff --git a/ql/src/test/results/clientpositive/llap/input26.q.out b/ql/src/test/results/clientpositive/llap/input26.q.out
index d6c87c977e..197f61b583 100644
--- a/ql/src/test/results/clientpositive/llap/input26.q.out
+++ b/ql/src/test/results/clientpositive/llap/input26.q.out
@@ -54,7 +54,7 @@ STAGE PLANS:
                         Statistics: Num rows: 500 Data size: 89000 Basic stats: COMPLETE Column stats: COMPLETE
                         value expressions: _col1 (type: string)
             Execution mode: vectorized, llap
-            LLAP IO: no inputs
+            LLAP IO: all inputs
         Map 4 
             Map Operator Tree:
                 TableScan
diff --git a/ql/src/test/results/clientpositive/llap/input30.q.out b/ql/src/test/results/clientpositive/llap/input30.q.out
index c7e993bed7..0f82f01115 100644
--- a/ql/src/test/results/clientpositive/llap/input30.q.out
+++ b/ql/src/test/results/clientpositive/llap/input30.q.out
@@ -60,7 +60,7 @@ STAGE PLANS:
                         Statistics: Num rows: 1 Data size: 8 Basic stats: COMPLETE Column stats: COMPLETE
                         value expressions: _col0 (type: bigint)
             Execution mode: vectorized, llap
-            LLAP IO: no inputs
+            LLAP IO: all inputs
         Reducer 2 
             Execution mode: llap
             Reduce Operator Tree:
@@ -188,7 +188,7 @@ STAGE PLANS:
                         Statistics: Num rows: 1 Data size: 8 Basic stats: COMPLETE Column stats: COMPLETE
                         value expressions: _col0 (type: bigint)
             Execution mode: vectorized, llap
-            LLAP IO: no inputs
+            LLAP IO: all inputs
         Reducer 2 
             Execution mode: llap
             Reduce Operator Tree:
diff --git a/ql/src/test/results/clientpositive/llap/input32.q.out b/ql/src/test/results/clientpositive/llap/input32.q.out
index c662f3f559..81ca9e508a 100644
--- a/ql/src/test/results/clientpositive/llap/input32.q.out
+++ b/ql/src/test/results/clientpositive/llap/input32.q.out
@@ -59,7 +59,7 @@ STAGE PLANS:
                         Statistics: Num rows: 1 Data size: 8 Basic stats: COMPLETE Column stats: COMPLETE
                         value expressions: _col0 (type: bigint)
             Execution mode: vectorized, llap
-            LLAP IO: no inputs
+            LLAP IO: all inputs
         Reducer 2 
             Execution mode: llap
             Reduce Operator Tree:
diff --git a/ql/src/test/results/clientpositive/llap/input3_limit.q.out b/ql/src/test/results/clientpositive/llap/input3_limit.q.out
index 39906e216e..7a31117d0b 100644
--- a/ql/src/test/results/clientpositive/llap/input3_limit.q.out
+++ b/ql/src/test/results/clientpositive/llap/input3_limit.q.out
@@ -72,7 +72,7 @@ STAGE PLANS:
                       Statistics: Num rows: 1 Data size: 368 Basic stats: COMPLETE Column stats: NONE
                       value expressions: _col0 (type: string), _col1 (type: string)
             Execution mode: vectorized, llap
-            LLAP IO: no inputs
+            LLAP IO: all inputs
         Reducer 2 
             Execution mode: vectorized, llap
             Reduce Operator Tree:
diff --git a/ql/src/test/results/clientpositive/llap/input4_limit.q.out b/ql/src/test/results/clientpositive/llap/input4_limit.q.out
index f0f7d9a113..d4a3aedc58 100644
--- a/ql/src/test/results/clientpositive/llap/input4_limit.q.out
+++ b/ql/src/test/results/clientpositive/llap/input4_limit.q.out
@@ -43,7 +43,7 @@ STAGE PLANS:
                         Statistics: Num rows: 500 Data size: 89000 Basic stats: COMPLETE Column stats: COMPLETE
                         value expressions: _col1 (type: string)
             Execution mode: vectorized, llap
-            LLAP IO: no inputs
+            LLAP IO: all inputs
         Reducer 2 
             Execution mode: vectorized, llap
             Reduce Operator Tree:
diff --git a/ql/src/test/results/clientpositive/llap/input6.q.out b/ql/src/test/results/clientpositive/llap/input6.q.out
index 3b521b6718..ba01128afa 100644
--- a/ql/src/test/results/clientpositive/llap/input6.q.out
+++ b/ql/src/test/results/clientpositive/llap/input6.q.out
@@ -69,7 +69,7 @@ STAGE PLANS:
                             Statistics: Num rows: 1 Data size: 472 Basic stats: COMPLETE Column stats: COMPLETE
                             value expressions: _col0 (type: int), _col1 (type: struct<count:bigint,sum:double,input:int>), _col2 (type: bigint), _col3 (type: bigint), _col4 (type: binary), _col5 (type: int), _col6 (type: struct<count:bigint,sum:double,input:int>), _col7 (type: bigint), _col8 (type: binary)
             Execution mode: llap
-            LLAP IO: no inputs
+            LLAP IO: all inputs
         Reducer 2 
             Execution mode: llap
             Reduce Operator Tree:
diff --git a/ql/src/test/results/clientpositive/llap/input7.q.out b/ql/src/test/results/clientpositive/llap/input7.q.out
index 9bf6ff1d54..9454a098eb 100644
--- a/ql/src/test/results/clientpositive/llap/input7.q.out
+++ b/ql/src/test/results/clientpositive/llap/input7.q.out
@@ -65,7 +65,7 @@ STAGE PLANS:
                           Statistics: Num rows: 1 Data size: 336 Basic stats: COMPLETE Column stats: COMPLETE
                           value expressions: _col0 (type: double), _col1 (type: double), _col2 (type: bigint), _col3 (type: bigint), _col4 (type: binary), _col5 (type: int), _col6 (type: int), _col7 (type: bigint), _col8 (type: binary)
             Execution mode: llap
-            LLAP IO: no inputs
+            LLAP IO: all inputs
         Reducer 2 
             Execution mode: llap
             Reduce Operator Tree:
diff --git a/ql/src/test/results/clientpositive/llap/input8.q.out b/ql/src/test/results/clientpositive/llap/input8.q.out
index 6579d62e62..b852cf564c 100644
--- a/ql/src/test/results/clientpositive/llap/input8.q.out
+++ b/ql/src/test/results/clientpositive/llap/input8.q.out
@@ -65,7 +65,7 @@ STAGE PLANS:
                           Statistics: Num rows: 1 Data size: 568 Basic stats: COMPLETE Column stats: COMPLETE
                           value expressions: _col0 (type: int), _col1 (type: struct<count:bigint,sum:double,input:int>), _col2 (type: bigint), _col3 (type: bigint), _col4 (type: binary), _col5 (type: int), _col6 (type: int), _col7 (type: bigint), _col8 (type: binary), _col9 (type: double), _col10 (type: double), _col11 (type: bigint), _col12 (type: binary)
             Execution mode: llap
-            LLAP IO: no inputs
+            LLAP IO: all inputs
         Reducer 2 
             Execution mode: llap
             Reduce Operator Tree:
diff --git a/ql/src/test/results/clientpositive/llap/input_part1.q.out b/ql/src/test/results/clientpositive/llap/input_part1.q.out
index 3645dc515a..daa9ff2b7e 100644
--- a/ql/src/test/results/clientpositive/llap/input_part1.q.out
+++ b/ql/src/test/results/clientpositive/llap/input_part1.q.out
@@ -98,7 +98,7 @@ STAGE PLANS:
                             value expressions: _col0 (type: int), _col1 (type: int), _col2 (type: bigint), _col3 (type: bigint), _col4 (type: binary), _col5 (type: int), _col6 (type: struct<count:bigint,sum:double,input:int>), _col7 (type: bigint), _col8 (type: binary), _col9 (type: int), _col10 (type: struct<count:bigint,sum:double,input:int>), _col11 (type: bigint), _col12 (type: binary), _col13 (type: int), _col14 (type: struct<count:bigint,sum:double,input:int>), _col15 (type: bigint), _col16 (type: binary)
                             auto parallelism: false
             Execution mode: llap
-            LLAP IO: no inputs
+            LLAP IO: all inputs
             Path -> Alias:
 #### A masked pattern was here ####
             Path -> Partition:
diff --git a/ql/src/test/results/clientpositive/llap/input_part10.q.out b/ql/src/test/results/clientpositive/llap/input_part10.q.out
index 721e732730..d8910453ee 100644
--- a/ql/src/test/results/clientpositive/llap/input_part10.q.out
+++ b/ql/src/test/results/clientpositive/llap/input_part10.q.out
@@ -64,7 +64,7 @@ STAGE PLANS:
                         TopN Hash Memory Usage: 0.1
                         value expressions: _col0 (type: int), _col1 (type: int)
             Execution mode: vectorized, llap
-            LLAP IO: no inputs
+            LLAP IO: all inputs
         Reducer 2 
             Execution mode: llap
             Reduce Operator Tree:
diff --git a/ql/src/test/results/clientpositive/llap/input_part2.q.out b/ql/src/test/results/clientpositive/llap/input_part2.q.out
index b2cdf7bff3..2b3aafe402 100644
--- a/ql/src/test/results/clientpositive/llap/input_part2.q.out
+++ b/ql/src/test/results/clientpositive/llap/input_part2.q.out
@@ -164,7 +164,7 @@ STAGE PLANS:
                             value expressions: _col0 (type: int), _col1 (type: int), _col2 (type: bigint), _col3 (type: bigint), _col4 (type: binary), _col5 (type: int), _col6 (type: struct<count:bigint,sum:double,input:int>), _col7 (type: bigint), _col8 (type: binary), _col9 (type: int), _col10 (type: struct<count:bigint,sum:double,input:int>), _col11 (type: bigint), _col12 (type: binary), _col13 (type: int), _col14 (type: struct<count:bigint,sum:double,input:int>), _col15 (type: bigint), _col16 (type: binary)
                             auto parallelism: false
             Execution mode: llap
-            LLAP IO: no inputs
+            LLAP IO: all inputs
             Path -> Alias:
 #### A masked pattern was here ####
             Path -> Partition:
diff --git a/ql/src/test/results/clientpositive/llap/input_part5.q.out b/ql/src/test/results/clientpositive/llap/input_part5.q.out
index 0c703e2093..e2ced2946f 100644
--- a/ql/src/test/results/clientpositive/llap/input_part5.q.out
+++ b/ql/src/test/results/clientpositive/llap/input_part5.q.out
@@ -73,7 +73,7 @@ STAGE PLANS:
                             Statistics: Num rows: 1 Data size: 936 Basic stats: COMPLETE Column stats: COMPLETE
                             value expressions: _col0 (type: int), _col1 (type: struct<count:bigint,sum:double,input:int>), _col2 (type: bigint), _col3 (type: bigint), _col4 (type: binary), _col5 (type: int), _col6 (type: struct<count:bigint,sum:double,input:int>), _col7 (type: bigint), _col8 (type: binary), _col9 (type: int), _col10 (type: struct<count:bigint,sum:double,input:int>), _col11 (type: bigint), _col12 (type: binary), _col13 (type: int), _col14 (type: struct<count:bigint,sum:double,input:int>), _col15 (type: bigint), _col16 (type: binary)
             Execution mode: llap
-            LLAP IO: no inputs
+            LLAP IO: all inputs
         Reducer 2 
             Execution mode: llap
             Reduce Operator Tree:
diff --git a/ql/src/test/results/clientpositive/llap/input_part7.q.out b/ql/src/test/results/clientpositive/llap/input_part7.q.out
index 297ff38748..617a007d1f 100644
--- a/ql/src/test/results/clientpositive/llap/input_part7.q.out
+++ b/ql/src/test/results/clientpositive/llap/input_part7.q.out
@@ -65,7 +65,7 @@ STAGE PLANS:
                           tag: -1
                           auto parallelism: true
             Execution mode: vectorized, llap
-            LLAP IO: no inputs
+            LLAP IO: all inputs
             Path -> Alias:
 #### A masked pattern was here ####
             Path -> Partition:
@@ -175,7 +175,7 @@ STAGE PLANS:
                           tag: -1
                           auto parallelism: true
             Execution mode: vectorized, llap
-            LLAP IO: no inputs
+            LLAP IO: all inputs
             Path -> Alias:
 #### A masked pattern was here ####
             Path -> Partition:
diff --git a/ql/src/test/results/clientpositive/llap/input_testsequencefile.q.out b/ql/src/test/results/clientpositive/llap/input_testsequencefile.q.out
index 6f42e003e9..89797c2953 100644
--- a/ql/src/test/results/clientpositive/llap/input_testsequencefile.q.out
+++ b/ql/src/test/results/clientpositive/llap/input_testsequencefile.q.out
@@ -65,7 +65,7 @@ STAGE PLANS:
                           Statistics: Num rows: 1 Data size: 400 Basic stats: COMPLETE Column stats: COMPLETE
                           value expressions: _col0 (type: int), _col1 (type: int), _col2 (type: bigint), _col3 (type: bigint), _col4 (type: binary), _col5 (type: int), _col6 (type: struct<count:bigint,sum:double,input:int>), _col7 (type: bigint), _col8 (type: binary)
             Execution mode: llap
-            LLAP IO: no inputs
+            LLAP IO: all inputs
         Reducer 2 
             Execution mode: llap
             Reduce Operator Tree:
diff --git a/ql/src/test/results/clientpositive/llap/insert1.q.out b/ql/src/test/results/clientpositive/llap/insert1.q.out
index 60b6802901..53040ad857 100644
--- a/ql/src/test/results/clientpositive/llap/insert1.q.out
+++ b/ql/src/test/results/clientpositive/llap/insert1.q.out
@@ -83,7 +83,7 @@ STAGE PLANS:
                             Statistics: Num rows: 1 Data size: 588 Basic stats: COMPLETE Column stats: NONE
                             value expressions: _col0 (type: int), _col1 (type: int), _col2 (type: bigint), _col3 (type: bigint), _col4 (type: binary), _col5 (type: int), _col6 (type: struct<count:bigint,sum:double,input:int>), _col7 (type: bigint), _col8 (type: binary)
             Execution mode: llap
-            LLAP IO: no inputs
+            LLAP IO: all inputs
         Reducer 2 
             Execution mode: llap
             Reduce Operator Tree:
@@ -184,7 +184,7 @@ STAGE PLANS:
                             Statistics: Num rows: 1 Data size: 588 Basic stats: COMPLETE Column stats: NONE
                             value expressions: _col0 (type: int), _col1 (type: int), _col2 (type: bigint), _col3 (type: bigint), _col4 (type: binary), _col5 (type: int), _col6 (type: struct<count:bigint,sum:double,input:int>), _col7 (type: bigint), _col8 (type: binary)
             Execution mode: llap
-            LLAP IO: no inputs
+            LLAP IO: all inputs
         Reducer 2 
             Execution mode: llap
             Reduce Operator Tree:
@@ -299,7 +299,7 @@ STAGE PLANS:
                             Statistics: Num rows: 1 Data size: 588 Basic stats: COMPLETE Column stats: NONE
                             value expressions: _col0 (type: int), _col1 (type: int), _col2 (type: bigint), _col3 (type: bigint), _col4 (type: binary), _col5 (type: int), _col6 (type: struct<count:bigint,sum:double,input:int>), _col7 (type: bigint), _col8 (type: binary)
             Execution mode: llap
-            LLAP IO: no inputs
+            LLAP IO: all inputs
         Reducer 2 
             Execution mode: llap
             Reduce Operator Tree:
@@ -400,7 +400,7 @@ STAGE PLANS:
                             Statistics: Num rows: 1 Data size: 588 Basic stats: COMPLETE Column stats: NONE
                             value expressions: _col0 (type: int), _col1 (type: int), _col2 (type: bigint), _col3 (type: bigint), _col4 (type: binary), _col5 (type: int), _col6 (type: struct<count:bigint,sum:double,input:int>), _col7 (type: bigint), _col8 (type: binary)
             Execution mode: llap
-            LLAP IO: no inputs
+            LLAP IO: all inputs
         Reducer 2 
             Execution mode: llap
             Reduce Operator Tree:
@@ -541,7 +541,7 @@ STAGE PLANS:
                             Statistics: Num rows: 1 Data size: 588 Basic stats: COMPLETE Column stats: NONE
                             value expressions: _col0 (type: int), _col1 (type: int), _col2 (type: bigint), _col3 (type: bigint), _col4 (type: binary), _col5 (type: int), _col6 (type: struct<count:bigint,sum:double,input:int>), _col7 (type: bigint), _col8 (type: binary)
             Execution mode: llap
-            LLAP IO: no inputs
+            LLAP IO: all inputs
         Reducer 2 
             Execution mode: llap
             Reduce Operator Tree:
diff --git a/ql/src/test/results/clientpositive/llap/insert1_overwrite_partitions.q.out b/ql/src/test/results/clientpositive/llap/insert1_overwrite_partitions.q.out
index 7df0951056..aa2c73e462 100644
--- a/ql/src/test/results/clientpositive/llap/insert1_overwrite_partitions.q.out
+++ b/ql/src/test/results/clientpositive/llap/insert1_overwrite_partitions.q.out
@@ -81,7 +81,7 @@ STAGE PLANS:
                         sort order: --
                         Statistics: Num rows: 99 Data size: 31648 Basic stats: PARTIAL Column stats: NONE
             Execution mode: vectorized, llap
-            LLAP IO: no inputs
+            LLAP IO: all inputs
         Reducer 2 
             Execution mode: llap
             Reduce Operator Tree:
@@ -285,7 +285,7 @@ STAGE PLANS:
                         sort order: --
                         Statistics: Num rows: 99 Data size: 31648 Basic stats: PARTIAL Column stats: NONE
             Execution mode: vectorized, llap
-            LLAP IO: no inputs
+            LLAP IO: all inputs
         Reducer 2 
             Execution mode: llap
             Reduce Operator Tree:
@@ -462,7 +462,7 @@ STAGE PLANS:
                         sort order: --
                         Statistics: Num rows: 99 Data size: 31648 Basic stats: PARTIAL Column stats: NONE
             Execution mode: vectorized, llap
-            LLAP IO: no inputs
+            LLAP IO: all inputs
         Reducer 2 
             Execution mode: llap
             Reduce Operator Tree:
diff --git a/ql/src/test/results/clientpositive/llap/insert2_overwrite_partitions.q.out b/ql/src/test/results/clientpositive/llap/insert2_overwrite_partitions.q.out
index 46d04f36c9..7d077186f3 100644
--- a/ql/src/test/results/clientpositive/llap/insert2_overwrite_partitions.q.out
+++ b/ql/src/test/results/clientpositive/llap/insert2_overwrite_partitions.q.out
@@ -92,7 +92,7 @@ STAGE PLANS:
                         sort order: --
                         Statistics: Num rows: 124 Data size: 40480 Basic stats: PARTIAL Column stats: NONE
             Execution mode: vectorized, llap
-            LLAP IO: no inputs
+            LLAP IO: all inputs
         Reducer 2 
             Execution mode: llap
             Reduce Operator Tree:
@@ -251,7 +251,7 @@ STAGE PLANS:
                         sort order: --
                         Statistics: Num rows: 124 Data size: 40480 Basic stats: PARTIAL Column stats: NONE
             Execution mode: vectorized, llap
-            LLAP IO: no inputs
+            LLAP IO: all inputs
         Reducer 2 
             Execution mode: llap
             Reduce Operator Tree:
diff --git a/ql/src/test/results/clientpositive/llap/insert_into1.q.out b/ql/src/test/results/clientpositive/llap/insert_into1.q.out
index 6b8012db2b..a0af7364d2 100644
--- a/ql/src/test/results/clientpositive/llap/insert_into1.q.out
+++ b/ql/src/test/results/clientpositive/llap/insert_into1.q.out
@@ -55,7 +55,7 @@ STAGE PLANS:
                         Statistics: Num rows: 500 Data size: 89000 Basic stats: COMPLETE Column stats: COMPLETE
                         value expressions: _col1 (type: string)
             Execution mode: vectorized, llap
-            LLAP IO: no inputs
+            LLAP IO: all inputs
         Reducer 2 
             Execution mode: llap
             Reduce Operator Tree:
@@ -231,7 +231,7 @@ STAGE PLANS:
                         Statistics: Num rows: 500 Data size: 89000 Basic stats: COMPLETE Column stats: COMPLETE
                         value expressions: _col1 (type: string)
             Execution mode: vectorized, llap
-            LLAP IO: no inputs
+            LLAP IO: all inputs
         Reducer 2 
             Execution mode: llap
             Reduce Operator Tree:
@@ -407,7 +407,7 @@ STAGE PLANS:
                         Statistics: Num rows: 500 Data size: 89000 Basic stats: COMPLETE Column stats: COMPLETE
                         value expressions: _col1 (type: string)
             Execution mode: vectorized, llap
-            LLAP IO: no inputs
+            LLAP IO: all inputs
         Reducer 2 
             Execution mode: llap
             Reduce Operator Tree:
@@ -876,7 +876,7 @@ STAGE PLANS:
                         Statistics: Num rows: 1 Data size: 8 Basic stats: COMPLETE Column stats: COMPLETE
                         value expressions: _col0 (type: bigint)
             Execution mode: vectorized, llap
-            LLAP IO: no inputs
+            LLAP IO: all inputs
         Reducer 2 
             Execution mode: vectorized, llap
             Reduce Operator Tree:
diff --git a/ql/src/test/results/clientpositive/llap/insert_into2.q.out b/ql/src/test/results/clientpositive/llap/insert_into2.q.out
index b38f2572e3..6a6555dbf7 100644
--- a/ql/src/test/results/clientpositive/llap/insert_into2.q.out
+++ b/ql/src/test/results/clientpositive/llap/insert_into2.q.out
@@ -59,7 +59,7 @@ STAGE PLANS:
                         Statistics: Num rows: 500 Data size: 89000 Basic stats: COMPLETE Column stats: COMPLETE
                         value expressions: _col1 (type: string)
             Execution mode: vectorized, llap
-            LLAP IO: no inputs
+            LLAP IO: all inputs
         Reducer 2 
             Execution mode: llap
             Reduce Operator Tree:
@@ -284,7 +284,7 @@ STAGE PLANS:
                         Statistics: Num rows: 500 Data size: 89000 Basic stats: COMPLETE Column stats: COMPLETE
                         value expressions: _col1 (type: string)
             Execution mode: vectorized, llap
-            LLAP IO: no inputs
+            LLAP IO: all inputs
         Reducer 2 
             Execution mode: llap
             Reduce Operator Tree:
@@ -474,7 +474,7 @@ STAGE PLANS:
                         Statistics: Num rows: 500 Data size: 89000 Basic stats: COMPLETE Column stats: COMPLETE
                         value expressions: _col1 (type: string)
             Execution mode: vectorized, llap
-            LLAP IO: no inputs
+            LLAP IO: all inputs
         Reducer 2 
             Execution mode: llap
             Reduce Operator Tree:
@@ -671,7 +671,7 @@ STAGE PLANS:
                         Statistics: Num rows: 1 Data size: 8 Basic stats: COMPLETE Column stats: COMPLETE
                         value expressions: _col0 (type: bigint)
             Execution mode: vectorized, llap
-            LLAP IO: no inputs
+            LLAP IO: all inputs
         Reducer 2 
             Execution mode: vectorized, llap
             Reduce Operator Tree:
diff --git a/ql/src/test/results/clientpositive/llap/insert_into3.q.out b/ql/src/test/results/clientpositive/llap/insert_into3.q.out
index f2d5ec5138..132804c74c 100644
--- a/ql/src/test/results/clientpositive/llap/insert_into3.q.out
+++ b/ql/src/test/results/clientpositive/llap/insert_into3.q.out
@@ -89,7 +89,7 @@ STAGE PLANS:
                         sort order: ++
                         Statistics: Num rows: 500 Data size: 89000 Basic stats: COMPLETE Column stats: COMPLETE
             Execution mode: vectorized, llap
-            LLAP IO: no inputs
+            LLAP IO: all inputs
         Reducer 2 
             Execution mode: llap
             Reduce Operator Tree:
@@ -347,7 +347,7 @@ STAGE PLANS:
                         TopN Hash Memory Usage: 0.1
                         value expressions: _col0 (type: string), _col1 (type: string)
             Execution mode: vectorized, llap
-            LLAP IO: no inputs
+            LLAP IO: all inputs
         Reducer 2 
             Execution mode: llap
             Reduce Operator Tree:
diff --git a/ql/src/test/results/clientpositive/llap/insert_into4.q.out b/ql/src/test/results/clientpositive/llap/insert_into4.q.out
index a19b952485..003bba037c 100644
--- a/ql/src/test/results/clientpositive/llap/insert_into4.q.out
+++ b/ql/src/test/results/clientpositive/llap/insert_into4.q.out
@@ -64,7 +64,7 @@ STAGE PLANS:
                         TopN Hash Memory Usage: 0.1
                         value expressions: _col0 (type: string), _col1 (type: string)
             Execution mode: vectorized, llap
-            LLAP IO: no inputs
+            LLAP IO: all inputs
         Reducer 2 
             Execution mode: llap
             Reduce Operator Tree:
@@ -208,7 +208,7 @@ STAGE PLANS:
                         TopN Hash Memory Usage: 0.1
                         value expressions: _col0 (type: string), _col1 (type: string)
             Execution mode: vectorized, llap
-            LLAP IO: no inputs
+            LLAP IO: all inputs
         Reducer 2 
             Execution mode: llap
             Reduce Operator Tree:
@@ -365,7 +365,7 @@ STAGE PLANS:
                           Statistics: Num rows: 1 Data size: 400 Basic stats: COMPLETE Column stats: COMPLETE
                           value expressions: _col0 (type: int), _col1 (type: int), _col2 (type: bigint), _col3 (type: bigint), _col4 (type: binary), _col5 (type: int), _col6 (type: struct<count:bigint,sum:double,input:int>), _col7 (type: bigint), _col8 (type: binary)
             Execution mode: llap
-            LLAP IO: no inputs
+            LLAP IO: all inputs
         Reducer 2 
             Execution mode: llap
             Reduce Operator Tree:
diff --git a/ql/src/test/results/clientpositive/llap/insert_into5.q.out b/ql/src/test/results/clientpositive/llap/insert_into5.q.out
index 8cffc06f7c..0af9ca1a49 100644
--- a/ql/src/test/results/clientpositive/llap/insert_into5.q.out
+++ b/ql/src/test/results/clientpositive/llap/insert_into5.q.out
@@ -64,7 +64,7 @@ STAGE PLANS:
                         TopN Hash Memory Usage: 0.1
                         value expressions: _col0 (type: int), _col1 (type: string)
             Execution mode: vectorized, llap
-            LLAP IO: no inputs
+            LLAP IO: all inputs
         Reducer 2 
             Execution mode: llap
             Reduce Operator Tree:
@@ -217,7 +217,7 @@ STAGE PLANS:
                           Statistics: Num rows: 1 Data size: 400 Basic stats: COMPLETE Column stats: COMPLETE
                           value expressions: _col0 (type: int), _col1 (type: int), _col2 (type: bigint), _col3 (type: bigint), _col4 (type: binary), _col5 (type: int), _col6 (type: struct<count:bigint,sum:double,input:int>), _col7 (type: bigint), _col8 (type: binary)
             Execution mode: llap
-            LLAP IO: no inputs
+            LLAP IO: all inputs
         Reducer 2 
             Execution mode: llap
             Reduce Operator Tree:
@@ -342,7 +342,7 @@ STAGE PLANS:
                           Statistics: Num rows: 1 Data size: 485 Basic stats: COMPLETE Column stats: COMPLETE
                           value expressions: _col1 (type: int), _col2 (type: int), _col3 (type: bigint), _col4 (type: bigint), _col5 (type: binary), _col6 (type: int), _col7 (type: struct<count:bigint,sum:double,input:int>), _col8 (type: bigint), _col9 (type: binary)
             Execution mode: llap
-            LLAP IO: no inputs
+            LLAP IO: all inputs
         Reducer 2 
             Execution mode: llap
             Reduce Operator Tree:
@@ -474,7 +474,7 @@ STAGE PLANS:
                           Statistics: Num rows: 1 Data size: 485 Basic stats: COMPLETE Column stats: COMPLETE
                           value expressions: _col1 (type: int), _col2 (type: int), _col3 (type: bigint), _col4 (type: bigint), _col5 (type: binary), _col6 (type: int), _col7 (type: struct<count:bigint,sum:double,input:int>), _col8 (type: bigint), _col9 (type: binary)
             Execution mode: llap
-            LLAP IO: no inputs
+            LLAP IO: all inputs
         Reducer 2 
             Execution mode: llap
             Reduce Operator Tree:
diff --git a/ql/src/test/results/clientpositive/llap/insert_into6.q.out b/ql/src/test/results/clientpositive/llap/insert_into6.q.out
index b74b29310d..226771ba7b 100644
--- a/ql/src/test/results/clientpositive/llap/insert_into6.q.out
+++ b/ql/src/test/results/clientpositive/llap/insert_into6.q.out
@@ -66,7 +66,7 @@ STAGE PLANS:
                         TopN Hash Memory Usage: 0.1
                         value expressions: _col0 (type: string), _col1 (type: string)
             Execution mode: vectorized, llap
-            LLAP IO: no inputs
+            LLAP IO: all inputs
         Reducer 2 
             Execution mode: llap
             Reduce Operator Tree:
@@ -252,7 +252,7 @@ STAGE PLANS:
                           Statistics: Num rows: 2 Data size: 1168 Basic stats: COMPLETE Column stats: COMPLETE
                           value expressions: _col1 (type: int), _col2 (type: int), _col3 (type: bigint), _col4 (type: bigint), _col5 (type: binary), _col6 (type: int), _col7 (type: struct<count:bigint,sum:double,input:int>), _col8 (type: bigint), _col9 (type: binary)
             Execution mode: llap
-            LLAP IO: no inputs
+            LLAP IO: all inputs
         Reducer 2 
             Execution mode: llap
             Reduce Operator Tree:
diff --git a/ql/src/test/results/clientpositive/llap/insert_values_orig_table_use_metadata.q.out b/ql/src/test/results/clientpositive/llap/insert_values_orig_table_use_metadata.q.out
index 475d56de77..784775c4c8 100644
--- a/ql/src/test/results/clientpositive/llap/insert_values_orig_table_use_metadata.q.out
+++ b/ql/src/test/results/clientpositive/llap/insert_values_orig_table_use_metadata.q.out
@@ -784,7 +784,7 @@ STAGE PLANS:
                         Statistics: Num rows: 1 Data size: 8 Basic stats: PARTIAL Column stats: COMPLETE
                         value expressions: _col0 (type: bigint)
             Execution mode: vectorized, llap
-            LLAP IO: no inputs
+            LLAP IO: all inputs
         Reducer 2 
             Execution mode: vectorized, llap
             Reduce Operator Tree:
diff --git a/ql/src/test/results/clientpositive/llap/insertoverwrite_bucket.q.out b/ql/src/test/results/clientpositive/llap/insertoverwrite_bucket.q.out
index fcc2874b30..0dbc09814a 100644
--- a/ql/src/test/results/clientpositive/llap/insertoverwrite_bucket.q.out
+++ b/ql/src/test/results/clientpositive/llap/insertoverwrite_bucket.q.out
@@ -137,7 +137,7 @@ STAGE PLANS:
                       Map-reduce partition columns: _col1 (type: string)
                       Statistics: Num rows: 3 Data size: 576 Basic stats: COMPLETE Column stats: COMPLETE
             Execution mode: vectorized, llap
-            LLAP IO: no inputs
+            LLAP IO: all inputs
         Reducer 2 
             Execution mode: llap
             Reduce Operator Tree:
@@ -275,7 +275,7 @@ STAGE PLANS:
                       Statistics: Num rows: 1 Data size: 368 Basic stats: COMPLETE Column stats: NONE
                       value expressions: _col0 (type: string)
             Execution mode: vectorized, llap
-            LLAP IO: no inputs
+            LLAP IO: all inputs
         Reducer 2 
             Execution mode: llap
             Reduce Operator Tree:
diff --git a/ql/src/test/results/clientpositive/llap/intersect_all.q.out b/ql/src/test/results/clientpositive/llap/intersect_all.q.out
index 7b24c10816..a6ea37baaa 100644
--- a/ql/src/test/results/clientpositive/llap/intersect_all.q.out
+++ b/ql/src/test/results/clientpositive/llap/intersect_all.q.out
@@ -183,7 +183,7 @@ STAGE PLANS:
                         Statistics: Num rows: 250 Data size: 46500 Basic stats: COMPLETE Column stats: COMPLETE
                         value expressions: _col2 (type: bigint)
             Execution mode: vectorized, llap
-            LLAP IO: no inputs
+            LLAP IO: all inputs
         Map 5 
             Map Operator Tree:
                 TableScan
@@ -208,7 +208,7 @@ STAGE PLANS:
                         Statistics: Num rows: 250 Data size: 46500 Basic stats: COMPLETE Column stats: COMPLETE
                         value expressions: _col2 (type: bigint)
             Execution mode: vectorized, llap
-            LLAP IO: no inputs
+            LLAP IO: all inputs
         Reducer 2 
             Execution mode: vectorized, llap
             Reduce Operator Tree:
@@ -850,7 +850,7 @@ STAGE PLANS:
                         Statistics: Num rows: 250 Data size: 46500 Basic stats: COMPLETE Column stats: COMPLETE
                         value expressions: _col2 (type: bigint)
             Execution mode: vectorized, llap
-            LLAP IO: no inputs
+            LLAP IO: all inputs
         Map 5 
             Map Operator Tree:
                 TableScan
@@ -875,7 +875,7 @@ STAGE PLANS:
                         Statistics: Num rows: 250 Data size: 46500 Basic stats: COMPLETE Column stats: COMPLETE
                         value expressions: _col2 (type: bigint)
             Execution mode: vectorized, llap
-            LLAP IO: no inputs
+            LLAP IO: all inputs
         Map 7 
             Map Operator Tree:
                 TableScan
@@ -900,7 +900,7 @@ STAGE PLANS:
                         Statistics: Num rows: 250 Data size: 46500 Basic stats: COMPLETE Column stats: COMPLETE
                         value expressions: _col2 (type: bigint)
             Execution mode: vectorized, llap
-            LLAP IO: no inputs
+            LLAP IO: all inputs
         Map 9 
             Map Operator Tree:
                 TableScan
@@ -925,7 +925,7 @@ STAGE PLANS:
                         Statistics: Num rows: 250 Data size: 46500 Basic stats: COMPLETE Column stats: COMPLETE
                         value expressions: _col2 (type: bigint)
             Execution mode: vectorized, llap
-            LLAP IO: no inputs
+            LLAP IO: all inputs
         Reducer 10 
             Execution mode: vectorized, llap
             Reduce Operator Tree:
@@ -1611,7 +1611,7 @@ STAGE PLANS:
                         Map-reduce partition columns: _col0 (type: int)
                         Statistics: Num rows: 2 Data size: 8 Basic stats: COMPLETE Column stats: COMPLETE
             Execution mode: vectorized, llap
-            LLAP IO: no inputs
+            LLAP IO: all inputs
         Map 5 
             Map Operator Tree:
                 TableScan
@@ -1634,7 +1634,7 @@ STAGE PLANS:
                         Map-reduce partition columns: _col0 (type: int)
                         Statistics: Num rows: 1 Data size: 4 Basic stats: COMPLETE Column stats: COMPLETE
             Execution mode: vectorized, llap
-            LLAP IO: no inputs
+            LLAP IO: all inputs
         Reducer 2 
             Execution mode: vectorized, llap
             Reduce Operator Tree:
diff --git a/ql/src/test/results/clientpositive/llap/intersect_distinct.q.out b/ql/src/test/results/clientpositive/llap/intersect_distinct.q.out
index 8d42dd6706..d4c74af420 100644
--- a/ql/src/test/results/clientpositive/llap/intersect_distinct.q.out
+++ b/ql/src/test/results/clientpositive/llap/intersect_distinct.q.out
@@ -181,7 +181,7 @@ STAGE PLANS:
                         Statistics: Num rows: 250 Data size: 46500 Basic stats: COMPLETE Column stats: COMPLETE
                         value expressions: _col2 (type: bigint)
             Execution mode: vectorized, llap
-            LLAP IO: no inputs
+            LLAP IO: all inputs
         Map 5 
             Map Operator Tree:
                 TableScan
@@ -206,7 +206,7 @@ STAGE PLANS:
                         Statistics: Num rows: 250 Data size: 46500 Basic stats: COMPLETE Column stats: COMPLETE
                         value expressions: _col2 (type: bigint)
             Execution mode: vectorized, llap
-            LLAP IO: no inputs
+            LLAP IO: all inputs
         Reducer 2 
             Execution mode: vectorized, llap
             Reduce Operator Tree:
@@ -650,7 +650,7 @@ STAGE PLANS:
                         Statistics: Num rows: 250 Data size: 46500 Basic stats: COMPLETE Column stats: COMPLETE
                         value expressions: _col2 (type: bigint)
             Execution mode: vectorized, llap
-            LLAP IO: no inputs
+            LLAP IO: all inputs
         Map 5 
             Map Operator Tree:
                 TableScan
@@ -675,7 +675,7 @@ STAGE PLANS:
                         Statistics: Num rows: 250 Data size: 46500 Basic stats: COMPLETE Column stats: COMPLETE
                         value expressions: _col2 (type: bigint)
             Execution mode: vectorized, llap
-            LLAP IO: no inputs
+            LLAP IO: all inputs
         Map 7 
             Map Operator Tree:
                 TableScan
@@ -700,7 +700,7 @@ STAGE PLANS:
                         Statistics: Num rows: 250 Data size: 46500 Basic stats: COMPLETE Column stats: COMPLETE
                         value expressions: _col2 (type: bigint)
             Execution mode: vectorized, llap
-            LLAP IO: no inputs
+            LLAP IO: all inputs
         Map 9 
             Map Operator Tree:
                 TableScan
@@ -725,7 +725,7 @@ STAGE PLANS:
                         Statistics: Num rows: 250 Data size: 46500 Basic stats: COMPLETE Column stats: COMPLETE
                         value expressions: _col2 (type: bigint)
             Execution mode: vectorized, llap
-            LLAP IO: no inputs
+            LLAP IO: all inputs
         Reducer 10 
             Execution mode: vectorized, llap
             Reduce Operator Tree:
@@ -1213,7 +1213,7 @@ STAGE PLANS:
                         Map-reduce partition columns: _col0 (type: int)
                         Statistics: Num rows: 2 Data size: 8 Basic stats: COMPLETE Column stats: COMPLETE
             Execution mode: vectorized, llap
-            LLAP IO: no inputs
+            LLAP IO: all inputs
         Map 5 
             Map Operator Tree:
                 TableScan
@@ -1236,7 +1236,7 @@ STAGE PLANS:
                         Map-reduce partition columns: _col0 (type: int)
                         Statistics: Num rows: 1 Data size: 4 Basic stats: COMPLETE Column stats: COMPLETE
             Execution mode: vectorized, llap
-            LLAP IO: no inputs
+            LLAP IO: all inputs
         Reducer 2 
             Execution mode: vectorized, llap
             Reduce Operator Tree:
diff --git a/ql/src/test/results/clientpositive/llap/intersect_merge.q.out b/ql/src/test/results/clientpositive/llap/intersect_merge.q.out
index 56807f1555..7db01d4b84 100644
--- a/ql/src/test/results/clientpositive/llap/intersect_merge.q.out
+++ b/ql/src/test/results/clientpositive/llap/intersect_merge.q.out
@@ -85,7 +85,7 @@ STAGE PLANS:
                         Statistics: Num rows: 1 Data size: 16 Basic stats: COMPLETE Column stats: COMPLETE
                         value expressions: _col2 (type: bigint)
             Execution mode: vectorized, llap
-            LLAP IO: no inputs
+            LLAP IO: all inputs
         Map 11 
             Map Operator Tree:
                 TableScan
@@ -110,7 +110,7 @@ STAGE PLANS:
                         Statistics: Num rows: 1 Data size: 16 Basic stats: COMPLETE Column stats: COMPLETE
                         value expressions: _col2 (type: bigint)
             Execution mode: vectorized, llap
-            LLAP IO: no inputs
+            LLAP IO: all inputs
         Map 5 
             Map Operator Tree:
                 TableScan
@@ -135,7 +135,7 @@ STAGE PLANS:
                         Statistics: Num rows: 2 Data size: 32 Basic stats: COMPLETE Column stats: COMPLETE
                         value expressions: _col2 (type: bigint)
             Execution mode: vectorized, llap
-            LLAP IO: no inputs
+            LLAP IO: all inputs
         Map 7 
             Map Operator Tree:
                 TableScan
@@ -160,7 +160,7 @@ STAGE PLANS:
                         Statistics: Num rows: 1 Data size: 16 Basic stats: COMPLETE Column stats: COMPLETE
                         value expressions: _col2 (type: bigint)
             Execution mode: vectorized, llap
-            LLAP IO: no inputs
+            LLAP IO: all inputs
         Map 9 
             Map Operator Tree:
                 TableScan
@@ -185,7 +185,7 @@ STAGE PLANS:
                         Statistics: Num rows: 2 Data size: 32 Basic stats: COMPLETE Column stats: COMPLETE
                         value expressions: _col2 (type: bigint)
             Execution mode: vectorized, llap
-            LLAP IO: no inputs
+            LLAP IO: all inputs
         Reducer 10 
             Execution mode: vectorized, llap
             Reduce Operator Tree:
@@ -383,7 +383,7 @@ STAGE PLANS:
                         Statistics: Num rows: 1 Data size: 16 Basic stats: COMPLETE Column stats: COMPLETE
                         value expressions: _col2 (type: bigint)
             Execution mode: vectorized, llap
-            LLAP IO: no inputs
+            LLAP IO: all inputs
         Map 5 
             Map Operator Tree:
                 TableScan
@@ -408,7 +408,7 @@ STAGE PLANS:
                         Statistics: Num rows: 2 Data size: 32 Basic stats: COMPLETE Column stats: COMPLETE
                         value expressions: _col2 (type: bigint)
             Execution mode: vectorized, llap
-            LLAP IO: no inputs
+            LLAP IO: all inputs
         Map 7 
             Map Operator Tree:
                 TableScan
@@ -433,7 +433,7 @@ STAGE PLANS:
                         Statistics: Num rows: 1 Data size: 16 Basic stats: COMPLETE Column stats: COMPLETE
                         value expressions: _col2 (type: bigint)
             Execution mode: vectorized, llap
-            LLAP IO: no inputs
+            LLAP IO: all inputs
         Map 9 
             Map Operator Tree:
                 TableScan
@@ -458,7 +458,7 @@ STAGE PLANS:
                         Statistics: Num rows: 2 Data size: 32 Basic stats: COMPLETE Column stats: COMPLETE
                         value expressions: _col2 (type: bigint)
             Execution mode: vectorized, llap
-            LLAP IO: no inputs
+            LLAP IO: all inputs
         Reducer 10 
             Execution mode: vectorized, llap
             Reduce Operator Tree:
@@ -634,7 +634,7 @@ STAGE PLANS:
                         Statistics: Num rows: 1 Data size: 16 Basic stats: COMPLETE Column stats: COMPLETE
                         value expressions: _col2 (type: bigint)
             Execution mode: vectorized, llap
-            LLAP IO: no inputs
+            LLAP IO: all inputs
         Map 11 
             Map Operator Tree:
                 TableScan
@@ -659,7 +659,7 @@ STAGE PLANS:
                         Statistics: Num rows: 1 Data size: 16 Basic stats: COMPLETE Column stats: COMPLETE
                         value expressions: _col2 (type: bigint)
             Execution mode: vectorized, llap
-            LLAP IO: no inputs
+            LLAP IO: all inputs
         Map 5 
             Map Operator Tree:
                 TableScan
@@ -684,7 +684,7 @@ STAGE PLANS:
                         Statistics: Num rows: 2 Data size: 32 Basic stats: COMPLETE Column stats: COMPLETE
                         value expressions: _col2 (type: bigint)
             Execution mode: vectorized, llap
-            LLAP IO: no inputs
+            LLAP IO: all inputs
         Map 7 
             Map Operator Tree:
                 TableScan
@@ -709,7 +709,7 @@ STAGE PLANS:
                         Statistics: Num rows: 1 Data size: 16 Basic stats: COMPLETE Column stats: COMPLETE
                         value expressions: _col2 (type: bigint)
             Execution mode: vectorized, llap
-            LLAP IO: no inputs
+            LLAP IO: all inputs
         Map 9 
             Map Operator Tree:
                 TableScan
@@ -734,7 +734,7 @@ STAGE PLANS:
                         Statistics: Num rows: 2 Data size: 32 Basic stats: COMPLETE Column stats: COMPLETE
                         value expressions: _col2 (type: bigint)
             Execution mode: vectorized, llap
-            LLAP IO: no inputs
+            LLAP IO: all inputs
         Reducer 10 
             Execution mode: vectorized, llap
             Reduce Operator Tree:
@@ -933,7 +933,7 @@ STAGE PLANS:
                         Statistics: Num rows: 1 Data size: 16 Basic stats: COMPLETE Column stats: COMPLETE
                         value expressions: _col2 (type: bigint)
             Execution mode: vectorized, llap
-            LLAP IO: no inputs
+            LLAP IO: all inputs
         Map 11 
             Map Operator Tree:
                 TableScan
@@ -958,7 +958,7 @@ STAGE PLANS:
                         Statistics: Num rows: 1 Data size: 16 Basic stats: COMPLETE Column stats: COMPLETE
                         value expressions: _col2 (type: bigint)
             Execution mode: vectorized, llap
-            LLAP IO: no inputs
+            LLAP IO: all inputs
         Map 5 
             Map Operator Tree:
                 TableScan
@@ -983,7 +983,7 @@ STAGE PLANS:
                         Statistics: Num rows: 2 Data size: 32 Basic stats: COMPLETE Column stats: COMPLETE
                         value expressions: _col2 (type: bigint)
             Execution mode: vectorized, llap
-            LLAP IO: no inputs
+            LLAP IO: all inputs
         Map 7 
             Map Operator Tree:
                 TableScan
@@ -1008,7 +1008,7 @@ STAGE PLANS:
                         Statistics: Num rows: 1 Data size: 16 Basic stats: COMPLETE Column stats: COMPLETE
                         value expressions: _col2 (type: bigint)
             Execution mode: vectorized, llap
-            LLAP IO: no inputs
+            LLAP IO: all inputs
         Map 9 
             Map Operator Tree:
                 TableScan
@@ -1033,7 +1033,7 @@ STAGE PLANS:
                         Statistics: Num rows: 2 Data size: 32 Basic stats: COMPLETE Column stats: COMPLETE
                         value expressions: _col2 (type: bigint)
             Execution mode: vectorized, llap
-            LLAP IO: no inputs
+            LLAP IO: all inputs
         Reducer 10 
             Execution mode: vectorized, llap
             Reduce Operator Tree:
@@ -1232,7 +1232,7 @@ STAGE PLANS:
                         Statistics: Num rows: 1 Data size: 16 Basic stats: COMPLETE Column stats: COMPLETE
                         value expressions: _col2 (type: bigint)
             Execution mode: vectorized, llap
-            LLAP IO: no inputs
+            LLAP IO: all inputs
         Map 11 
             Map Operator Tree:
                 TableScan
@@ -1257,7 +1257,7 @@ STAGE PLANS:
                         Statistics: Num rows: 1 Data size: 16 Basic stats: COMPLETE Column stats: COMPLETE
                         value expressions: _col2 (type: bigint)
             Execution mode: vectorized, llap
-            LLAP IO: no inputs
+            LLAP IO: all inputs
         Map 5 
             Map Operator Tree:
                 TableScan
@@ -1282,7 +1282,7 @@ STAGE PLANS:
                         Statistics: Num rows: 2 Data size: 32 Basic stats: COMPLETE Column stats: COMPLETE
                         value expressions: _col2 (type: bigint)
             Execution mode: vectorized, llap
-            LLAP IO: no inputs
+            LLAP IO: all inputs
         Map 7 
             Map Operator Tree:
                 TableScan
@@ -1307,7 +1307,7 @@ STAGE PLANS:
                         Statistics: Num rows: 1 Data size: 16 Basic stats: COMPLETE Column stats: COMPLETE
                         value expressions: _col2 (type: bigint)
             Execution mode: vectorized, llap
-            LLAP IO: no inputs
+            LLAP IO: all inputs
         Map 9 
             Map Operator Tree:
                 TableScan
@@ -1332,7 +1332,7 @@ STAGE PLANS:
                         Statistics: Num rows: 2 Data size: 32 Basic stats: COMPLETE Column stats: COMPLETE
                         value expressions: _col2 (type: bigint)
             Execution mode: vectorized, llap
-            LLAP IO: no inputs
+            LLAP IO: all inputs
         Reducer 10 
             Execution mode: vectorized, llap
             Reduce Operator Tree:
@@ -1529,7 +1529,7 @@ STAGE PLANS:
                         Statistics: Num rows: 1 Data size: 16 Basic stats: COMPLETE Column stats: COMPLETE
                         value expressions: _col2 (type: bigint)
             Execution mode: vectorized, llap
-            LLAP IO: no inputs
+            LLAP IO: all inputs
         Map 5 
             Map Operator Tree:
                 TableScan
@@ -1554,7 +1554,7 @@ STAGE PLANS:
                         Statistics: Num rows: 2 Data size: 32 Basic stats: COMPLETE Column stats: COMPLETE
                         value expressions: _col2 (type: bigint)
             Execution mode: vectorized, llap
-            LLAP IO: no inputs
+            LLAP IO: all inputs
         Map 7 
             Map Operator Tree:
                 TableScan
@@ -1579,7 +1579,7 @@ STAGE PLANS:
                         Statistics: Num rows: 1 Data size: 16 Basic stats: COMPLETE Column stats: COMPLETE
                         value expressions: _col2 (type: bigint)
             Execution mode: vectorized, llap
-            LLAP IO: no inputs
+            LLAP IO: all inputs
         Reducer 2 
             Execution mode: vectorized, llap
             Reduce Operator Tree:
@@ -1730,7 +1730,7 @@ STAGE PLANS:
                         Statistics: Num rows: 1 Data size: 16 Basic stats: COMPLETE Column stats: COMPLETE
                         value expressions: _col2 (type: bigint)
             Execution mode: vectorized, llap
-            LLAP IO: no inputs
+            LLAP IO: all inputs
         Map 5 
             Map Operator Tree:
                 TableScan
@@ -1755,7 +1755,7 @@ STAGE PLANS:
                         Statistics: Num rows: 2 Data size: 32 Basic stats: COMPLETE Column stats: COMPLETE
                         value expressions: _col2 (type: bigint)
             Execution mode: vectorized, llap
-            LLAP IO: no inputs
+            LLAP IO: all inputs
         Map 7 
             Map Operator Tree:
                 TableScan
@@ -1780,7 +1780,7 @@ STAGE PLANS:
                         Statistics: Num rows: 1 Data size: 16 Basic stats: COMPLETE Column stats: COMPLETE
                         value expressions: _col2 (type: bigint)
             Execution mode: vectorized, llap
-            LLAP IO: no inputs
+            LLAP IO: all inputs
         Reducer 2 
             Execution mode: vectorized, llap
             Reduce Operator Tree:
@@ -1946,7 +1946,7 @@ STAGE PLANS:
                         Statistics: Num rows: 1 Data size: 16 Basic stats: COMPLETE Column stats: COMPLETE
                         value expressions: _col2 (type: bigint)
             Execution mode: vectorized, llap
-            LLAP IO: no inputs
+            LLAP IO: all inputs
         Map 8 
             Map Operator Tree:
                 TableScan
@@ -1971,7 +1971,7 @@ STAGE PLANS:
                         Statistics: Num rows: 2 Data size: 32 Basic stats: COMPLETE Column stats: COMPLETE
                         value expressions: _col2 (type: bigint)
             Execution mode: vectorized, llap
-            LLAP IO: no inputs
+            LLAP IO: all inputs
         Reducer 2 
             Execution mode: vectorized, llap
             Reduce Operator Tree:
diff --git a/ql/src/test/results/clientpositive/llap/interval_3.q.out b/ql/src/test/results/clientpositive/llap/interval_3.q.out
index dc8b3930cf..2489aee9ce 100644
--- a/ql/src/test/results/clientpositive/llap/interval_3.q.out
+++ b/ql/src/test/results/clientpositive/llap/interval_3.q.out
@@ -174,7 +174,7 @@ STAGE PLANS:
                         Statistics: Num rows: 1 Data size: 188 Basic stats: COMPLETE Column stats: NONE
                         value expressions: _col0 (type: int), _col1 (type: timestamp), _col2 (type: date)
             Execution mode: vectorized, llap
-            LLAP IO: no inputs
+            LLAP IO: all inputs
         Map 3 
             Map Operator Tree:
                 TableScan
@@ -194,7 +194,7 @@ STAGE PLANS:
                         Statistics: Num rows: 1 Data size: 184 Basic stats: COMPLETE Column stats: NONE
                         value expressions: _col0 (type: timestamp), _col1 (type: date)
             Execution mode: vectorized, llap
-            LLAP IO: no inputs
+            LLAP IO: all inputs
         Reducer 2 
             Execution mode: llap
             Reduce Operator Tree:
diff --git a/ql/src/test/results/clientpositive/llap/join0.q.out b/ql/src/test/results/clientpositive/llap/join0.q.out
index 2abc85396e..e9051a389e 100644
--- a/ql/src/test/results/clientpositive/llap/join0.q.out
+++ b/ql/src/test/results/clientpositive/llap/join0.q.out
@@ -51,7 +51,7 @@ STAGE PLANS:
                         Statistics: Num rows: 166 Data size: 29548 Basic stats: COMPLETE Column stats: COMPLETE
                         value expressions: _col0 (type: string), _col1 (type: string)
             Execution mode: llap
-            LLAP IO: no inputs
+            LLAP IO: all inputs
         Map 4 
             Map Operator Tree:
                 TableScan
@@ -71,7 +71,7 @@ STAGE PLANS:
                         Statistics: Num rows: 166 Data size: 29548 Basic stats: COMPLETE Column stats: COMPLETE
                         value expressions: _col0 (type: string), _col1 (type: string)
             Execution mode: llap
-            LLAP IO: no inputs
+            LLAP IO: all inputs
         Reducer 2 
             Execution mode: llap
             Reduce Operator Tree:
diff --git a/ql/src/test/results/clientpositive/llap/join1.q.out b/ql/src/test/results/clientpositive/llap/join1.q.out
index f391af0bb3..4e76218503 100644
--- a/ql/src/test/results/clientpositive/llap/join1.q.out
+++ b/ql/src/test/results/clientpositive/llap/join1.q.out
@@ -53,7 +53,7 @@ STAGE PLANS:
                         Map-reduce partition columns: _col0 (type: string)
                         Statistics: Num rows: 500 Data size: 43500 Basic stats: COMPLETE Column stats: COMPLETE
             Execution mode: vectorized, llap
-            LLAP IO: no inputs
+            LLAP IO: all inputs
         Map 4 
             Map Operator Tree:
                 TableScan
@@ -75,7 +75,7 @@ STAGE PLANS:
                         Statistics: Num rows: 500 Data size: 89000 Basic stats: COMPLETE Column stats: COMPLETE
                         value expressions: _col1 (type: string)
             Execution mode: vectorized, llap
-            LLAP IO: no inputs
+            LLAP IO: all inputs
         Reducer 2 
             Execution mode: llap
             Reduce Operator Tree:
diff --git a/ql/src/test/results/clientpositive/llap/join10.q.out b/ql/src/test/results/clientpositive/llap/join10.q.out
index a440c1e33a..5bebb5e7ad 100644
--- a/ql/src/test/results/clientpositive/llap/join10.q.out
+++ b/ql/src/test/results/clientpositive/llap/join10.q.out
@@ -48,7 +48,7 @@ STAGE PLANS:
                         Map-reduce partition columns: _col0 (type: string)
                         Statistics: Num rows: 500 Data size: 43500 Basic stats: COMPLETE Column stats: COMPLETE
             Execution mode: vectorized, llap
-            LLAP IO: no inputs
+            LLAP IO: all inputs
         Map 3 
             Map Operator Tree:
                 TableScan
@@ -70,7 +70,7 @@ STAGE PLANS:
                         Statistics: Num rows: 500 Data size: 89000 Basic stats: COMPLETE Column stats: COMPLETE
                         value expressions: _col1 (type: string)
             Execution mode: vectorized, llap
-            LLAP IO: no inputs
+            LLAP IO: all inputs
         Reducer 2 
             Execution mode: llap
             Reduce Operator Tree:
diff --git a/ql/src/test/results/clientpositive/llap/join11.q.out b/ql/src/test/results/clientpositive/llap/join11.q.out
index 053b8c7914..3725095845 100644
--- a/ql/src/test/results/clientpositive/llap/join11.q.out
+++ b/ql/src/test/results/clientpositive/llap/join11.q.out
@@ -50,7 +50,7 @@ STAGE PLANS:
                         Map-reduce partition columns: _col0 (type: string)
                         Statistics: Num rows: 166 Data size: 14442 Basic stats: COMPLETE Column stats: COMPLETE
             Execution mode: vectorized, llap
-            LLAP IO: no inputs
+            LLAP IO: all inputs
         Map 3 
             Map Operator Tree:
                 TableScan
@@ -72,7 +72,7 @@ STAGE PLANS:
                         Statistics: Num rows: 166 Data size: 29548 Basic stats: COMPLETE Column stats: COMPLETE
                         value expressions: _col1 (type: string)
             Execution mode: vectorized, llap
-            LLAP IO: no inputs
+            LLAP IO: all inputs
         Reducer 2 
             Execution mode: llap
             Reduce Operator Tree:
diff --git a/ql/src/test/results/clientpositive/llap/join12.q.out b/ql/src/test/results/clientpositive/llap/join12.q.out
index 9d6dd35bd5..d3c75c0027 100644
--- a/ql/src/test/results/clientpositive/llap/join12.q.out
+++ b/ql/src/test/results/clientpositive/llap/join12.q.out
@@ -57,7 +57,7 @@ STAGE PLANS:
                         Map-reduce partition columns: _col0 (type: string)
                         Statistics: Num rows: 166 Data size: 14442 Basic stats: COMPLETE Column stats: COMPLETE
             Execution mode: vectorized, llap
-            LLAP IO: no inputs
+            LLAP IO: all inputs
         Map 4 
             Map Operator Tree:
                 TableScan
@@ -89,7 +89,7 @@ STAGE PLANS:
                         Map-reduce partition columns: _col0 (type: string)
                         Statistics: Num rows: 166 Data size: 14442 Basic stats: COMPLETE Column stats: COMPLETE
             Execution mode: vectorized, llap
-            LLAP IO: no inputs
+            LLAP IO: all inputs
         Reducer 2 
             Execution mode: llap
             Reduce Operator Tree:
diff --git a/ql/src/test/results/clientpositive/llap/join13.q.out b/ql/src/test/results/clientpositive/llap/join13.q.out
index 7f53209c6d..174332259b 100644
--- a/ql/src/test/results/clientpositive/llap/join13.q.out
+++ b/ql/src/test/results/clientpositive/llap/join13.q.out
@@ -58,7 +58,7 @@ STAGE PLANS:
                         Statistics: Num rows: 166 Data size: 29548 Basic stats: COMPLETE Column stats: COMPLETE
                         value expressions: _col1 (type: string)
             Execution mode: vectorized, llap
-            LLAP IO: no inputs
+            LLAP IO: all inputs
         Map 4 
             Map Operator Tree:
                 TableScan
@@ -92,7 +92,7 @@ STAGE PLANS:
                         Map-reduce partition columns: _col0 (type: string)
                         Statistics: Num rows: 166 Data size: 14442 Basic stats: COMPLETE Column stats: COMPLETE
             Execution mode: vectorized, llap
-            LLAP IO: no inputs
+            LLAP IO: all inputs
         Reducer 2 
             Execution mode: llap
             Reduce Operator Tree:
diff --git a/ql/src/test/results/clientpositive/llap/join14.q.out b/ql/src/test/results/clientpositive/llap/join14.q.out
index c3768f46ad..16633416d5 100644
--- a/ql/src/test/results/clientpositive/llap/join14.q.out
+++ b/ql/src/test/results/clientpositive/llap/join14.q.out
@@ -59,7 +59,7 @@ STAGE PLANS:
                         Map-reduce partition columns: _col0 (type: string)
                         Statistics: Num rows: 166 Data size: 14442 Basic stats: COMPLETE Column stats: COMPLETE
             Execution mode: vectorized, llap
-            LLAP IO: no inputs
+            LLAP IO: all inputs
         Map 4 
             Map Operator Tree:
                 TableScan
@@ -81,7 +81,7 @@ STAGE PLANS:
                         Statistics: Num rows: 333 Data size: 59274 Basic stats: COMPLETE Column stats: COMPLETE
                         value expressions: _col1 (type: string)
             Execution mode: vectorized, llap
-            LLAP IO: no inputs
+            LLAP IO: all inputs
         Reducer 2 
             Execution mode: llap
             Reduce Operator Tree:
diff --git a/ql/src/test/results/clientpositive/llap/join15.q.out b/ql/src/test/results/clientpositive/llap/join15.q.out
index 4735a49d97..9a5d9f44d8 100644
--- a/ql/src/test/results/clientpositive/llap/join15.q.out
+++ b/ql/src/test/results/clientpositive/llap/join15.q.out
@@ -42,7 +42,7 @@ STAGE PLANS:
                         Statistics: Num rows: 500 Data size: 89000 Basic stats: COMPLETE Column stats: COMPLETE
                         value expressions: _col1 (type: string)
             Execution mode: vectorized, llap
-            LLAP IO: no inputs
+            LLAP IO: all inputs
         Map 4 
             Map Operator Tree:
                 TableScan
@@ -64,7 +64,7 @@ STAGE PLANS:
                         Statistics: Num rows: 500 Data size: 89000 Basic stats: COMPLETE Column stats: COMPLETE
                         value expressions: _col1 (type: string)
             Execution mode: vectorized, llap
-            LLAP IO: no inputs
+            LLAP IO: all inputs
         Reducer 2 
             Execution mode: llap
             Reduce Operator Tree:
diff --git a/ql/src/test/results/clientpositive/llap/join16.q.out b/ql/src/test/results/clientpositive/llap/join16.q.out
index 0e4ca0cf47..67e162fc95 100644
--- a/ql/src/test/results/clientpositive/llap/join16.q.out
+++ b/ql/src/test/results/clientpositive/llap/join16.q.out
@@ -38,7 +38,7 @@ STAGE PLANS:
                         Map-reduce partition columns: _col0 (type: string), _col1 (type: string)
                         Statistics: Num rows: 55 Data size: 9790 Basic stats: COMPLETE Column stats: COMPLETE
             Execution mode: vectorized, llap
-            LLAP IO: no inputs
+            LLAP IO: all inputs
         Map 3 
             Map Operator Tree:
                 TableScan
@@ -59,7 +59,7 @@ STAGE PLANS:
                         Map-reduce partition columns: _col0 (type: string), _col1 (type: string)
                         Statistics: Num rows: 55 Data size: 9790 Basic stats: COMPLETE Column stats: COMPLETE
             Execution mode: vectorized, llap
-            LLAP IO: no inputs
+            LLAP IO: all inputs
         Reducer 2 
             Execution mode: llap
             Reduce Operator Tree:
diff --git a/ql/src/test/results/clientpositive/llap/join17.q.out b/ql/src/test/results/clientpositive/llap/join17.q.out
index 1fa7f58267..03b177fb9b 100644
--- a/ql/src/test/results/clientpositive/llap/join17.q.out
+++ b/ql/src/test/results/clientpositive/llap/join17.q.out
@@ -67,7 +67,7 @@ STAGE PLANS:
                         value expressions: _col1 (type: string)
                         auto parallelism: true
             Execution mode: vectorized, llap
-            LLAP IO: no inputs
+            LLAP IO: all inputs
             Path -> Alias:
 #### A masked pattern was here ####
             Path -> Partition:
@@ -132,7 +132,7 @@ STAGE PLANS:
                         value expressions: _col1 (type: string)
                         auto parallelism: true
             Execution mode: vectorized, llap
-            LLAP IO: no inputs
+            LLAP IO: all inputs
             Path -> Alias:
 #### A masked pattern was here ####
             Path -> Partition:
diff --git a/ql/src/test/results/clientpositive/llap/join18.q.out b/ql/src/test/results/clientpositive/llap/join18.q.out
index cc0f004a27..6d22c84e7a 100644
--- a/ql/src/test/results/clientpositive/llap/join18.q.out
+++ b/ql/src/test/results/clientpositive/llap/join18.q.out
@@ -68,7 +68,7 @@ STAGE PLANS:
                         Statistics: Num rows: 250 Data size: 23750 Basic stats: COMPLETE Column stats: COMPLETE
                         value expressions: _col1 (type: bigint)
             Execution mode: vectorized, llap
-            LLAP IO: no inputs
+            LLAP IO: all inputs
         Map 4 
             Map Operator Tree:
                 TableScan
@@ -91,7 +91,7 @@ STAGE PLANS:
                         Map-reduce partition columns: _col0 (type: string)
                         Statistics: Num rows: 12 Data size: 2100 Basic stats: COMPLETE Column stats: COMPLETE
             Execution mode: vectorized, llap
-            LLAP IO: no inputs
+            LLAP IO: all inputs
         Reducer 2 
             Execution mode: vectorized, llap
             Reduce Operator Tree:
diff --git a/ql/src/test/results/clientpositive/llap/join18_multi_distinct.q.out b/ql/src/test/results/clientpositive/llap/join18_multi_distinct.q.out
index 75ef223e47..4d83d965f4 100644
--- a/ql/src/test/results/clientpositive/llap/join18_multi_distinct.q.out
+++ b/ql/src/test/results/clientpositive/llap/join18_multi_distinct.q.out
@@ -70,7 +70,7 @@ STAGE PLANS:
                         Statistics: Num rows: 250 Data size: 23750 Basic stats: COMPLETE Column stats: COMPLETE
                         value expressions: _col1 (type: bigint)
             Execution mode: vectorized, llap
-            LLAP IO: no inputs
+            LLAP IO: all inputs
         Map 4 
             Map Operator Tree:
                 TableScan
@@ -93,7 +93,7 @@ STAGE PLANS:
                         Map-reduce partition columns: _col0 (type: string)
                         Statistics: Num rows: 25 Data size: 4575 Basic stats: COMPLETE Column stats: COMPLETE
             Execution mode: vectorized, llap
-            LLAP IO: no inputs
+            LLAP IO: all inputs
         Reducer 2 
             Execution mode: vectorized, llap
             Reduce Operator Tree:
diff --git a/ql/src/test/results/clientpositive/llap/join19.q.out b/ql/src/test/results/clientpositive/llap/join19.q.out
index 0cc787d27c..559c48baa8 100644
--- a/ql/src/test/results/clientpositive/llap/join19.q.out
+++ b/ql/src/test/results/clientpositive/llap/join19.q.out
@@ -187,7 +187,7 @@ STAGE PLANS:
                         Statistics: Num rows: 1 Data size: 552 Basic stats: COMPLETE Column stats: NONE
                         value expressions: _col1 (type: string)
             Execution mode: vectorized, llap
-            LLAP IO: no inputs
+            LLAP IO: all inputs
         Map 7 
             Map Operator Tree:
                 TableScan
@@ -235,7 +235,7 @@ STAGE PLANS:
                         Map-reduce partition columns: _col0 (type: string)
                         Statistics: Num rows: 1 Data size: 552 Basic stats: COMPLETE Column stats: NONE
             Execution mode: vectorized, llap
-            LLAP IO: no inputs
+            LLAP IO: all inputs
         Reducer 2 
             Execution mode: llap
             Reduce Operator Tree:
diff --git a/ql/src/test/results/clientpositive/llap/join2.q.out b/ql/src/test/results/clientpositive/llap/join2.q.out
index 598ff86cc2..951c638c68 100644
--- a/ql/src/test/results/clientpositive/llap/join2.q.out
+++ b/ql/src/test/results/clientpositive/llap/join2.q.out
@@ -68,7 +68,7 @@ STAGE PLANS:
                         Statistics: Num rows: 500 Data size: 49500 Basic stats: COMPLETE Column stats: COMPLETE
                         value expressions: _col0 (type: string)
             Execution mode: vectorized, llap
-            LLAP IO: no inputs
+            LLAP IO: all inputs
         Map 4 
             Map Operator Tree:
                 TableScan
@@ -90,7 +90,7 @@ STAGE PLANS:
                         Statistics: Num rows: 500 Data size: 47500 Basic stats: COMPLETE Column stats: COMPLETE
                         value expressions: _col1 (type: double)
             Execution mode: vectorized, llap
-            LLAP IO: no inputs
+            LLAP IO: all inputs
         Reducer 2 
             Execution mode: llap
             Reduce Operator Tree:
diff --git a/ql/src/test/results/clientpositive/llap/join20.q.out b/ql/src/test/results/clientpositive/llap/join20.q.out
index ac4fbc56db..c0f61b3f5c 100644
--- a/ql/src/test/results/clientpositive/llap/join20.q.out
+++ b/ql/src/test/results/clientpositive/llap/join20.q.out
@@ -45,7 +45,7 @@ STAGE PLANS:
                         Statistics: Num rows: 166 Data size: 29548 Basic stats: COMPLETE Column stats: COMPLETE
                         value expressions: _col1 (type: string)
             Execution mode: vectorized, llap
-            LLAP IO: no inputs
+            LLAP IO: all inputs
         Map 5 
             Map Operator Tree:
                 TableScan
@@ -77,7 +77,7 @@ STAGE PLANS:
                         Statistics: Num rows: 166 Data size: 29548 Basic stats: COMPLETE Column stats: COMPLETE
                         value expressions: _col1 (type: string)
             Execution mode: vectorized, llap
-            LLAP IO: no inputs
+            LLAP IO: all inputs
         Reducer 2 
             Execution mode: llap
             Reduce Operator Tree:
@@ -741,7 +741,7 @@ STAGE PLANS:
                         Statistics: Num rows: 166 Data size: 29548 Basic stats: COMPLETE Column stats: COMPLETE
                         value expressions: _col1 (type: string)
             Execution mode: vectorized, llap
-            LLAP IO: no inputs
+            LLAP IO: all inputs
         Map 5 
             Map Operator Tree:
                 TableScan
@@ -773,7 +773,7 @@ STAGE PLANS:
                         Statistics: Num rows: 166 Data size: 29548 Basic stats: COMPLETE Column stats: COMPLETE
                         value expressions: _col1 (type: string)
             Execution mode: vectorized, llap
-            LLAP IO: no inputs
+            LLAP IO: all inputs
         Reducer 2 
             Execution mode: llap
             Reduce Operator Tree:
diff --git a/ql/src/test/results/clientpositive/llap/join21.q.out b/ql/src/test/results/clientpositive/llap/join21.q.out
index c213412e48..09e32b173b 100644
--- a/ql/src/test/results/clientpositive/llap/join21.q.out
+++ b/ql/src/test/results/clientpositive/llap/join21.q.out
@@ -74,7 +74,7 @@ STAGE PLANS:
                         Statistics: Num rows: 1 Data size: 178 Basic stats: COMPLETE Column stats: COMPLETE
                         value expressions: _col1 (type: string)
             Execution mode: vectorized, llap
-            LLAP IO: no inputs
+            LLAP IO: all inputs
         Reducer 2 
             Execution mode: llap
             Reduce Operator Tree:
diff --git a/ql/src/test/results/clientpositive/llap/join22.q.out b/ql/src/test/results/clientpositive/llap/join22.q.out
index cfe397d48c..8b0bf121f8 100644
--- a/ql/src/test/results/clientpositive/llap/join22.q.out
+++ b/ql/src/test/results/clientpositive/llap/join22.q.out
@@ -42,7 +42,7 @@ STAGE PLANS:
                         Statistics: Num rows: 500 Data size: 89000 Basic stats: COMPLETE Column stats: COMPLETE
                         value expressions: _col1 (type: string)
             Execution mode: vectorized, llap
-            LLAP IO: no inputs
+            LLAP IO: all inputs
         Map 4 
             Map Operator Tree:
                 TableScan
@@ -69,7 +69,7 @@ STAGE PLANS:
                         Map-reduce partition columns: _col0 (type: string)
                         Statistics: Num rows: 500 Data size: 43500 Basic stats: COMPLETE Column stats: COMPLETE
             Execution mode: vectorized, llap
-            LLAP IO: no inputs
+            LLAP IO: all inputs
         Reducer 2 
             Execution mode: llap
             Reduce Operator Tree:
diff --git a/ql/src/test/results/clientpositive/llap/join23.q.out b/ql/src/test/results/clientpositive/llap/join23.q.out
index 35a2233267..968ec2caf6 100644
--- a/ql/src/test/results/clientpositive/llap/join23.q.out
+++ b/ql/src/test/results/clientpositive/llap/join23.q.out
@@ -41,7 +41,7 @@ STAGE PLANS:
                         Statistics: Num rows: 166 Data size: 29548 Basic stats: COMPLETE Column stats: COMPLETE
                         value expressions: _col0 (type: string), _col1 (type: string)
             Execution mode: vectorized, llap
-            LLAP IO: no inputs
+            LLAP IO: all inputs
         Map 4 
             Map Operator Tree:
                 TableScan
@@ -61,7 +61,7 @@ STAGE PLANS:
                         Statistics: Num rows: 166 Data size: 29548 Basic stats: COMPLETE Column stats: COMPLETE
                         value expressions: _col0 (type: string), _col1 (type: string)
             Execution mode: vectorized, llap
-            LLAP IO: no inputs
+            LLAP IO: all inputs
         Reducer 2 
             Execution mode: llap
             Reduce Operator Tree:
diff --git a/ql/src/test/results/clientpositive/llap/join25.q.out b/ql/src/test/results/clientpositive/llap/join25.q.out
index 942eb02ba1..0cdab82a1c 100644
--- a/ql/src/test/results/clientpositive/llap/join25.q.out
+++ b/ql/src/test/results/clientpositive/llap/join25.q.out
@@ -58,7 +58,7 @@ STAGE PLANS:
                         Statistics: Num rows: 25 Data size: 4375 Basic stats: COMPLETE Column stats: COMPLETE
                         value expressions: _col1 (type: string)
             Execution mode: vectorized, llap
-            LLAP IO: no inputs
+            LLAP IO: all inputs
         Map 2 
             Map Operator Tree:
                 TableScan
@@ -110,7 +110,7 @@ STAGE PLANS:
                                 Statistics: Num rows: 1 Data size: 632 Basic stats: COMPLETE Column stats: COMPLETE
                                 value expressions: _col0 (type: int), _col1 (type: int), _col2 (type: bigint), _col3 (type: bigint), _col4 (type: binary), _col5 (type: int), _col6 (type: struct<count:bigint,sum:double,input:int>), _col7 (type: bigint), _col8 (type: binary), _col9 (type: int), _col10 (type: struct<count:bigint,sum:double,input:int>), _col11 (type: bigint), _col12 (type: binary)
             Execution mode: llap
-            LLAP IO: no inputs
+            LLAP IO: all inputs
         Reducer 3 
             Execution mode: llap
             Reduce Operator Tree:
diff --git a/ql/src/test/results/clientpositive/llap/join26.q.out b/ql/src/test/results/clientpositive/llap/join26.q.out
index e8fc00d823..502ab6c590 100644
--- a/ql/src/test/results/clientpositive/llap/join26.q.out
+++ b/ql/src/test/results/clientpositive/llap/join26.q.out
@@ -93,7 +93,7 @@ STAGE PLANS:
                           value expressions: _col1 (type: string)
                           auto parallelism: true
             Execution mode: vectorized, llap
-            LLAP IO: no inputs
+            LLAP IO: all inputs
             Path -> Alias:
 #### A masked pattern was here ####
             Path -> Partition:
@@ -157,7 +157,7 @@ STAGE PLANS:
                         tag: 1
                         auto parallelism: true
             Execution mode: vectorized, llap
-            LLAP IO: no inputs
+            LLAP IO: all inputs
             Path -> Alias:
 #### A masked pattern was here ####
             Path -> Partition:
@@ -272,7 +272,7 @@ STAGE PLANS:
                                 value expressions: _col0 (type: int), _col1 (type: struct<count:bigint,sum:double,input:int>), _col2 (type: bigint), _col3 (type: bigint), _col4 (type: binary), _col5 (type: int), _col6 (type: struct<count:bigint,sum:double,input:int>), _col7 (type: bigint), _col8 (type: binary), _col9 (type: int), _col10 (type: struct<count:bigint,sum:double,input:int>), _col11 (type: bigint), _col12 (type: binary)
                                 auto parallelism: false
             Execution mode: llap
-            LLAP IO: no inputs
+            LLAP IO: all inputs
             Path -> Alias:
 #### A masked pattern was here ####
             Path -> Partition:
diff --git a/ql/src/test/results/clientpositive/llap/join27.q.out b/ql/src/test/results/clientpositive/llap/join27.q.out
index c9308a7f36..548db87fad 100644
--- a/ql/src/test/results/clientpositive/llap/join27.q.out
+++ b/ql/src/test/results/clientpositive/llap/join27.q.out
@@ -58,7 +58,7 @@ STAGE PLANS:
                         Statistics: Num rows: 25 Data size: 4375 Basic stats: COMPLETE Column stats: COMPLETE
                         value expressions: _col0 (type: string)
             Execution mode: vectorized, llap
-            LLAP IO: no inputs
+            LLAP IO: all inputs
         Map 2 
             Map Operator Tree:
                 TableScan
@@ -110,7 +110,7 @@ STAGE PLANS:
                                 Statistics: Num rows: 1 Data size: 632 Basic stats: COMPLETE Column stats: COMPLETE
                                 value expressions: _col0 (type: int), _col1 (type: int), _col2 (type: bigint), _col3 (type: bigint), _col4 (type: binary), _col5 (type: int), _col6 (type: struct<count:bigint,sum:double,input:int>), _col7 (type: bigint), _col8 (type: binary), _col9 (type: int), _col10 (type: struct<count:bigint,sum:double,input:int>), _col11 (type: bigint), _col12 (type: binary)
             Execution mode: llap
-            LLAP IO: no inputs
+            LLAP IO: all inputs
         Reducer 3 
             Execution mode: llap
             Reduce Operator Tree:
diff --git a/ql/src/test/results/clientpositive/llap/join28.q.out b/ql/src/test/results/clientpositive/llap/join28.q.out
index 22995ec5f9..657f9f79f2 100644
--- a/ql/src/test/results/clientpositive/llap/join28.q.out
+++ b/ql/src/test/results/clientpositive/llap/join28.q.out
@@ -78,7 +78,7 @@ STAGE PLANS:
                           Map-reduce partition columns: _col1 (type: string)
                           Statistics: Num rows: 39 Data size: 3354 Basic stats: COMPLETE Column stats: COMPLETE
             Execution mode: vectorized, llap
-            LLAP IO: no inputs
+            LLAP IO: all inputs
         Map 2 
             Map Operator Tree:
                 TableScan
@@ -99,7 +99,7 @@ STAGE PLANS:
                         Map-reduce partition columns: _col0 (type: string)
                         Statistics: Num rows: 25 Data size: 2150 Basic stats: COMPLETE Column stats: COMPLETE
             Execution mode: vectorized, llap
-            LLAP IO: no inputs
+            LLAP IO: all inputs
         Map 3 
             Map Operator Tree:
                 TableScan
@@ -151,7 +151,7 @@ STAGE PLANS:
                                 Statistics: Num rows: 1 Data size: 472 Basic stats: COMPLETE Column stats: COMPLETE
                                 value expressions: _col0 (type: int), _col1 (type: struct<count:bigint,sum:double,input:int>), _col2 (type: bigint), _col3 (type: bigint), _col4 (type: binary), _col5 (type: int), _col6 (type: struct<count:bigint,sum:double,input:int>), _col7 (type: bigint), _col8 (type: binary)
             Execution mode: llap
-            LLAP IO: no inputs
+            LLAP IO: all inputs
         Reducer 4 
             Execution mode: llap
             Reduce Operator Tree:
diff --git a/ql/src/test/results/clientpositive/llap/join29.q.out b/ql/src/test/results/clientpositive/llap/join29.q.out
index 4828436514..dcbf85cf4f 100644
--- a/ql/src/test/results/clientpositive/llap/join29.q.out
+++ b/ql/src/test/results/clientpositive/llap/join29.q.out
@@ -64,7 +64,7 @@ STAGE PLANS:
                         Statistics: Num rows: 12 Data size: 1128 Basic stats: COMPLETE Column stats: COMPLETE
                         value expressions: _col1 (type: bigint)
             Execution mode: vectorized, llap
-            LLAP IO: no inputs
+            LLAP IO: all inputs
         Map 3 
             Map Operator Tree:
                 TableScan
@@ -89,7 +89,7 @@ STAGE PLANS:
                         Statistics: Num rows: 250 Data size: 23750 Basic stats: COMPLETE Column stats: COMPLETE
                         value expressions: _col1 (type: bigint)
             Execution mode: vectorized, llap
-            LLAP IO: no inputs
+            LLAP IO: all inputs
         Reducer 2 
             Execution mode: vectorized, llap
             Reduce Operator Tree:
diff --git a/ql/src/test/results/clientpositive/llap/join3.q.out b/ql/src/test/results/clientpositive/llap/join3.q.out
index 4ffee5c543..235f5bf7f1 100644
--- a/ql/src/test/results/clientpositive/llap/join3.q.out
+++ b/ql/src/test/results/clientpositive/llap/join3.q.out
@@ -65,7 +65,7 @@ STAGE PLANS:
                         Statistics: Num rows: 500 Data size: 89000 Basic stats: COMPLETE Column stats: COMPLETE
                         value expressions: _col1 (type: string)
             Execution mode: vectorized, llap
-            LLAP IO: no inputs
+            LLAP IO: all inputs
         Map 5 
             Map Operator Tree:
                 TableScan
@@ -86,7 +86,7 @@ STAGE PLANS:
                         Map-reduce partition columns: _col0 (type: string)
                         Statistics: Num rows: 500 Data size: 43500 Basic stats: COMPLETE Column stats: COMPLETE
             Execution mode: vectorized, llap
-            LLAP IO: no inputs
+            LLAP IO: all inputs
         Reducer 2 
             Execution mode: llap
             Reduce Operator Tree:
diff --git a/ql/src/test/results/clientpositive/llap/join30.q.out b/ql/src/test/results/clientpositive/llap/join30.q.out
index c11b33c16e..ba01f668ed 100644
--- a/ql/src/test/results/clientpositive/llap/join30.q.out
+++ b/ql/src/test/results/clientpositive/llap/join30.q.out
@@ -56,7 +56,7 @@ STAGE PLANS:
                         Map-reduce partition columns: _col0 (type: string)
                         Statistics: Num rows: 25 Data size: 2150 Basic stats: COMPLETE Column stats: COMPLETE
             Execution mode: vectorized, llap
-            LLAP IO: no inputs
+            LLAP IO: all inputs
         Map 2 
             Map Operator Tree:
                 TableScan
@@ -95,7 +95,7 @@ STAGE PLANS:
                             Statistics: Num rows: 16 Data size: 1504 Basic stats: COMPLETE Column stats: COMPLETE
                             value expressions: _col1 (type: bigint)
             Execution mode: vectorized, llap
-            LLAP IO: no inputs
+            LLAP IO: all inputs
         Reducer 3 
             Execution mode: llap
             Reduce Operator Tree:
diff --git a/ql/src/test/results/clientpositive/llap/join31.q.out b/ql/src/test/results/clientpositive/llap/join31.q.out
index e041c62228..158963a152 100644
--- a/ql/src/test/results/clientpositive/llap/join31.q.out
+++ b/ql/src/test/results/clientpositive/llap/join31.q.out
@@ -64,7 +64,7 @@ STAGE PLANS:
                         Map-reduce partition columns: _col0 (type: string)
                         Statistics: Num rows: 12 Data size: 1032 Basic stats: COMPLETE Column stats: COMPLETE
             Execution mode: vectorized, llap
-            LLAP IO: no inputs
+            LLAP IO: all inputs
         Map 5 
             Map Operator Tree:
                 TableScan
@@ -91,7 +91,7 @@ STAGE PLANS:
                           Map-reduce partition columns: _col0 (type: string)
                           Statistics: Num rows: 250 Data size: 21750 Basic stats: COMPLETE Column stats: COMPLETE
             Execution mode: vectorized, llap
-            LLAP IO: no inputs
+            LLAP IO: all inputs
         Reducer 2 
             Execution mode: vectorized, llap
             Reduce Operator Tree:
diff --git a/ql/src/test/results/clientpositive/llap/join32.q.out b/ql/src/test/results/clientpositive/llap/join32.q.out
index 9f3e7de8d9..03b9e50cfa 100644
--- a/ql/src/test/results/clientpositive/llap/join32.q.out
+++ b/ql/src/test/results/clientpositive/llap/join32.q.out
@@ -93,7 +93,7 @@ STAGE PLANS:
                           value expressions: _col1 (type: string), _col2 (type: string)
                           auto parallelism: true
             Execution mode: vectorized, llap
-            LLAP IO: no inputs
+            LLAP IO: all inputs
             Path -> Alias:
 #### A masked pattern was here ####
             Path -> Partition:
@@ -158,7 +158,7 @@ STAGE PLANS:
                         value expressions: _col1 (type: string)
                         auto parallelism: true
             Execution mode: vectorized, llap
-            LLAP IO: no inputs
+            LLAP IO: all inputs
             Path -> Alias:
 #### A masked pattern was here ####
             Path -> Partition:
@@ -273,7 +273,7 @@ STAGE PLANS:
                                 value expressions: _col0 (type: int), _col1 (type: struct<count:bigint,sum:double,input:int>), _col2 (type: bigint), _col3 (type: bigint), _col4 (type: binary), _col5 (type: int), _col6 (type: struct<count:bigint,sum:double,input:int>), _col7 (type: bigint), _col8 (type: binary), _col9 (type: int), _col10 (type: struct<count:bigint,sum:double,input:int>), _col11 (type: bigint), _col12 (type: binary)
                                 auto parallelism: false
             Execution mode: llap
-            LLAP IO: no inputs
+            LLAP IO: all inputs
             Path -> Alias:
 #### A masked pattern was here ####
             Path -> Partition:
diff --git a/ql/src/test/results/clientpositive/llap/join32_lessSize.q.out b/ql/src/test/results/clientpositive/llap/join32_lessSize.q.out
index 4b2f07a06e..ec91e0c023 100644
--- a/ql/src/test/results/clientpositive/llap/join32_lessSize.q.out
+++ b/ql/src/test/results/clientpositive/llap/join32_lessSize.q.out
@@ -101,7 +101,7 @@ STAGE PLANS:
                           value expressions: _col1 (type: string), _col2 (type: string)
                           auto parallelism: true
             Execution mode: vectorized, llap
-            LLAP IO: no inputs
+            LLAP IO: all inputs
             Path -> Alias:
 #### A masked pattern was here ####
             Path -> Partition:
@@ -166,7 +166,7 @@ STAGE PLANS:
                         value expressions: _col1 (type: string)
                         auto parallelism: true
             Execution mode: vectorized, llap
-            LLAP IO: no inputs
+            LLAP IO: all inputs
             Path -> Alias:
 #### A masked pattern was here ####
             Path -> Partition:
@@ -281,7 +281,7 @@ STAGE PLANS:
                                 value expressions: _col0 (type: int), _col1 (type: struct<count:bigint,sum:double,input:int>), _col2 (type: bigint), _col3 (type: bigint), _col4 (type: binary), _col5 (type: int), _col6 (type: struct<count:bigint,sum:double,input:int>), _col7 (type: bigint), _col8 (type: binary), _col9 (type: int), _col10 (type: struct<count:bigint,sum:double,input:int>), _col11 (type: bigint), _col12 (type: binary)
                                 auto parallelism: false
             Execution mode: llap
-            LLAP IO: no inputs
+            LLAP IO: all inputs
             Path -> Alias:
 #### A masked pattern was here ####
             Path -> Partition:
@@ -601,7 +601,7 @@ STAGE PLANS:
                           value expressions: _col1 (type: string), _col3 (type: string)
                           auto parallelism: true
             Execution mode: vectorized, llap
-            LLAP IO: no inputs
+            LLAP IO: all inputs
             Path -> Alias:
 #### A masked pattern was here ####
             Path -> Partition:
@@ -666,7 +666,7 @@ STAGE PLANS:
                         value expressions: _col1 (type: string)
                         auto parallelism: true
             Execution mode: vectorized, llap
-            LLAP IO: no inputs
+            LLAP IO: all inputs
             Path -> Alias:
 #### A masked pattern was here ####
             Path -> Partition:
@@ -743,7 +743,7 @@ STAGE PLANS:
                           value expressions: _col0 (type: string), _col3 (type: string), _col5 (type: string)
                           auto parallelism: true
             Execution mode: vectorized, llap
-            LLAP IO: no inputs
+            LLAP IO: all inputs
             Path -> Alias:
 #### A masked pattern was here ####
             Path -> Partition:
@@ -858,7 +858,7 @@ STAGE PLANS:
                                 value expressions: _col0 (type: int), _col1 (type: struct<count:bigint,sum:double,input:int>), _col2 (type: bigint), _col3 (type: bigint), _col4 (type: binary), _col5 (type: int), _col6 (type: struct<count:bigint,sum:double,input:int>), _col7 (type: bigint), _col8 (type: binary), _col9 (type: int), _col10 (type: struct<count:bigint,sum:double,input:int>), _col11 (type: bigint), _col12 (type: binary)
                                 auto parallelism: false
             Execution mode: llap
-            LLAP IO: no inputs
+            LLAP IO: all inputs
             Path -> Alias:
 #### A masked pattern was here ####
             Path -> Partition:
@@ -1169,7 +1169,7 @@ STAGE PLANS:
                           value expressions: _col1 (type: string)
                           auto parallelism: true
             Execution mode: vectorized, llap
-            LLAP IO: no inputs
+            LLAP IO: all inputs
             Path -> Alias:
 #### A masked pattern was here ####
             Path -> Partition:
@@ -1234,7 +1234,7 @@ STAGE PLANS:
                         value expressions: _col1 (type: string)
                         auto parallelism: true
             Execution mode: vectorized, llap
-            LLAP IO: no inputs
+            LLAP IO: all inputs
             Path -> Alias:
 #### A masked pattern was here ####
             Path -> Partition:
@@ -1349,7 +1349,7 @@ STAGE PLANS:
                                 value expressions: _col0 (type: int), _col1 (type: struct<count:bigint,sum:double,input:int>), _col2 (type: bigint), _col3 (type: bigint), _col4 (type: binary), _col5 (type: int), _col6 (type: struct<count:bigint,sum:double,input:int>), _col7 (type: bigint), _col8 (type: binary), _col9 (type: int), _col10 (type: struct<count:bigint,sum:double,input:int>), _col11 (type: bigint), _col12 (type: binary)
                                 auto parallelism: false
             Execution mode: llap
-            LLAP IO: no inputs
+            LLAP IO: all inputs
             Path -> Alias:
 #### A masked pattern was here ####
             Path -> Partition:
@@ -1655,7 +1655,7 @@ STAGE PLANS:
                         value expressions: _col1 (type: string)
                         auto parallelism: true
             Execution mode: vectorized, llap
-            LLAP IO: no inputs
+            LLAP IO: all inputs
             Path -> Alias:
 #### A masked pattern was here ####
             Path -> Partition:
@@ -1719,7 +1719,7 @@ STAGE PLANS:
                         tag: 1
                         auto parallelism: true
             Execution mode: vectorized, llap
-            LLAP IO: no inputs
+            LLAP IO: all inputs
             Path -> Alias:
 #### A masked pattern was here ####
             Path -> Partition:
@@ -1834,7 +1834,7 @@ STAGE PLANS:
                                 value expressions: _col0 (type: int), _col1 (type: struct<count:bigint,sum:double,input:int>), _col2 (type: bigint), _col3 (type: bigint), _col4 (type: binary), _col5 (type: int), _col6 (type: struct<count:bigint,sum:double,input:int>), _col7 (type: bigint), _col8 (type: binary), _col9 (type: int), _col10 (type: struct<count:bigint,sum:double,input:int>), _col11 (type: bigint), _col12 (type: binary)
                                 auto parallelism: false
             Execution mode: llap
-            LLAP IO: no inputs
+            LLAP IO: all inputs
             Path -> Alias:
 #### A masked pattern was here ####
             Path -> Partition:
@@ -2170,7 +2170,7 @@ STAGE PLANS:
                           Statistics: Num rows: 39 Data size: 6825 Basic stats: COMPLETE Column stats: COMPLETE
                           value expressions: _col1 (type: string)
             Execution mode: vectorized, llap
-            LLAP IO: no inputs
+            LLAP IO: all inputs
         Map 2 
             Map Operator Tree:
                 TableScan
@@ -2192,7 +2192,7 @@ STAGE PLANS:
                         Statistics: Num rows: 25 Data size: 4375 Basic stats: COMPLETE Column stats: COMPLETE
                         value expressions: _col1 (type: string)
             Execution mode: vectorized, llap
-            LLAP IO: no inputs
+            LLAP IO: all inputs
         Map 3 
             Map Operator Tree:
                 TableScan
@@ -2244,7 +2244,7 @@ STAGE PLANS:
                                 Statistics: Num rows: 1 Data size: 704 Basic stats: COMPLETE Column stats: COMPLETE
                                 value expressions: _col0 (type: int), _col1 (type: struct<count:bigint,sum:double,input:int>), _col2 (type: bigint), _col3 (type: bigint), _col4 (type: binary), _col5 (type: int), _col6 (type: struct<count:bigint,sum:double,input:int>), _col7 (type: bigint), _col8 (type: binary), _col9 (type: int), _col10 (type: struct<count:bigint,sum:double,input:int>), _col11 (type: bigint), _col12 (type: binary)
             Execution mode: llap
-            LLAP IO: no inputs
+            LLAP IO: all inputs
         Reducer 4 
             Execution mode: llap
             Reduce Operator Tree:
@@ -2471,7 +2471,7 @@ STAGE PLANS:
                           Statistics: Num rows: 39 Data size: 6825 Basic stats: COMPLETE Column stats: COMPLETE
                           value expressions: _col1 (type: string)
             Execution mode: vectorized, llap
-            LLAP IO: no inputs
+            LLAP IO: all inputs
         Map 2 
             Map Operator Tree:
                 TableScan
@@ -2493,7 +2493,7 @@ STAGE PLANS:
                         Statistics: Num rows: 25 Data size: 4375 Basic stats: COMPLETE Column stats: COMPLETE
                         value expressions: _col1 (type: string)
             Execution mode: vectorized, llap
-            LLAP IO: no inputs
+            LLAP IO: all inputs
         Map 3 
             Map Operator Tree:
                 TableScan
@@ -2545,7 +2545,7 @@ STAGE PLANS:
                                 Statistics: Num rows: 1 Data size: 704 Basic stats: COMPLETE Column stats: COMPLETE
                                 value expressions: _col0 (type: int), _col1 (type: struct<count:bigint,sum:double,input:int>), _col2 (type: bigint), _col3 (type: bigint), _col4 (type: binary), _col5 (type: int), _col6 (type: struct<count:bigint,sum:double,input:int>), _col7 (type: bigint), _col8 (type: binary), _col9 (type: int), _col10 (type: struct<count:bigint,sum:double,input:int>), _col11 (type: bigint), _col12 (type: binary)
             Execution mode: llap
-            LLAP IO: no inputs
+            LLAP IO: all inputs
         Reducer 4 
             Execution mode: llap
             Reduce Operator Tree:
diff --git a/ql/src/test/results/clientpositive/llap/join33.q.out b/ql/src/test/results/clientpositive/llap/join33.q.out
index a45a6cf58d..fd5c2764a8 100644
--- a/ql/src/test/results/clientpositive/llap/join33.q.out
+++ b/ql/src/test/results/clientpositive/llap/join33.q.out
@@ -93,7 +93,7 @@ STAGE PLANS:
                           value expressions: _col1 (type: string), _col2 (type: string)
                           auto parallelism: true
             Execution mode: vectorized, llap
-            LLAP IO: no inputs
+            LLAP IO: all inputs
             Path -> Alias:
 #### A masked pattern was here ####
             Path -> Partition:
@@ -158,7 +158,7 @@ STAGE PLANS:
                         value expressions: _col1 (type: string)
                         auto parallelism: true
             Execution mode: vectorized, llap
-            LLAP IO: no inputs
+            LLAP IO: all inputs
             Path -> Alias:
 #### A masked pattern was here ####
             Path -> Partition:
@@ -273,7 +273,7 @@ STAGE PLANS:
                                 value expressions: _col0 (type: int), _col1 (type: struct<count:bigint,sum:double,input:int>), _col2 (type: bigint), _col3 (type: bigint), _col4 (type: binary), _col5 (type: int), _col6 (type: struct<count:bigint,sum:double,input:int>), _col7 (type: bigint), _col8 (type: binary), _col9 (type: int), _col10 (type: struct<count:bigint,sum:double,input:int>), _col11 (type: bigint), _col12 (type: binary)
                                 auto parallelism: false
             Execution mode: llap
-            LLAP IO: no inputs
+            LLAP IO: all inputs
             Path -> Alias:
 #### A masked pattern was here ####
             Path -> Partition:
diff --git a/ql/src/test/results/clientpositive/llap/join34.q.out b/ql/src/test/results/clientpositive/llap/join34.q.out
index cb87dc7f3d..7745922e9e 100644
--- a/ql/src/test/results/clientpositive/llap/join34.q.out
+++ b/ql/src/test/results/clientpositive/llap/join34.q.out
@@ -136,7 +136,7 @@ STAGE PLANS:
                                 value expressions: _col0 (type: int), _col1 (type: struct<count:bigint,sum:double,input:int>), _col2 (type: bigint), _col3 (type: bigint), _col4 (type: binary), _col5 (type: int), _col6 (type: struct<count:bigint,sum:double,input:int>), _col7 (type: bigint), _col8 (type: binary), _col9 (type: int), _col10 (type: struct<count:bigint,sum:double,input:int>), _col11 (type: bigint), _col12 (type: binary)
                                 auto parallelism: false
             Execution mode: llap
-            LLAP IO: no inputs
+            LLAP IO: all inputs
             Path -> Alias:
 #### A masked pattern was here ####
             Path -> Partition:
@@ -251,7 +251,7 @@ STAGE PLANS:
                                 value expressions: _col0 (type: int), _col1 (type: struct<count:bigint,sum:double,input:int>), _col2 (type: bigint), _col3 (type: bigint), _col4 (type: binary), _col5 (type: int), _col6 (type: struct<count:bigint,sum:double,input:int>), _col7 (type: bigint), _col8 (type: binary), _col9 (type: int), _col10 (type: struct<count:bigint,sum:double,input:int>), _col11 (type: bigint), _col12 (type: binary)
                                 auto parallelism: false
             Execution mode: llap
-            LLAP IO: no inputs
+            LLAP IO: all inputs
             Path -> Alias:
 #### A masked pattern was here ####
             Path -> Partition:
@@ -327,7 +327,7 @@ STAGE PLANS:
                         value expressions: _col1 (type: string)
                         auto parallelism: true
             Execution mode: vectorized, llap
-            LLAP IO: no inputs
+            LLAP IO: all inputs
             Path -> Alias:
 #### A masked pattern was here ####
             Path -> Partition:
diff --git a/ql/src/test/results/clientpositive/llap/join35.q.out b/ql/src/test/results/clientpositive/llap/join35.q.out
index a71f1c8b0c..876f4e1dfb 100644
--- a/ql/src/test/results/clientpositive/llap/join35.q.out
+++ b/ql/src/test/results/clientpositive/llap/join35.q.out
@@ -91,7 +91,7 @@ STAGE PLANS:
                         value expressions: _col1 (type: bigint)
                         auto parallelism: true
             Execution mode: vectorized, llap
-            LLAP IO: no inputs
+            LLAP IO: all inputs
             Path -> Alias:
 #### A masked pattern was here ####
             Path -> Partition:
@@ -159,7 +159,7 @@ STAGE PLANS:
                         value expressions: _col1 (type: bigint)
                         auto parallelism: true
             Execution mode: vectorized, llap
-            LLAP IO: no inputs
+            LLAP IO: all inputs
             Path -> Alias:
 #### A masked pattern was here ####
             Path -> Partition:
@@ -235,7 +235,7 @@ STAGE PLANS:
                         value expressions: _col1 (type: string)
                         auto parallelism: true
             Execution mode: vectorized, llap
-            LLAP IO: no inputs
+            LLAP IO: all inputs
             Path -> Alias:
 #### A masked pattern was here ####
             Path -> Partition:
diff --git a/ql/src/test/results/clientpositive/llap/join36.q.out b/ql/src/test/results/clientpositive/llap/join36.q.out
index f35b804ead..cbd2b04689 100644
--- a/ql/src/test/results/clientpositive/llap/join36.q.out
+++ b/ql/src/test/results/clientpositive/llap/join36.q.out
@@ -129,7 +129,7 @@ STAGE PLANS:
                                 Statistics: Num rows: 1 Data size: 488 Basic stats: COMPLETE Column stats: COMPLETE
                                 value expressions: _col0 (type: int), _col1 (type: int), _col2 (type: bigint), _col3 (type: bigint), _col4 (type: binary), _col5 (type: int), _col6 (type: int), _col7 (type: bigint), _col8 (type: binary), _col9 (type: int), _col10 (type: int), _col11 (type: bigint), _col12 (type: binary)
             Execution mode: llap
-            LLAP IO: no inputs
+            LLAP IO: all inputs
         Map 3 
             Map Operator Tree:
                 TableScan
@@ -151,7 +151,7 @@ STAGE PLANS:
                         Statistics: Num rows: 309 Data size: 2472 Basic stats: COMPLETE Column stats: COMPLETE
                         value expressions: _col1 (type: int)
             Execution mode: vectorized, llap
-            LLAP IO: no inputs
+            LLAP IO: all inputs
         Reducer 2 
             Execution mode: llap
             Reduce Operator Tree:
diff --git a/ql/src/test/results/clientpositive/llap/join37.q.out b/ql/src/test/results/clientpositive/llap/join37.q.out
index 3e4f4cf69d..860a2429ce 100644
--- a/ql/src/test/results/clientpositive/llap/join37.q.out
+++ b/ql/src/test/results/clientpositive/llap/join37.q.out
@@ -58,7 +58,7 @@ STAGE PLANS:
                         Statistics: Num rows: 25 Data size: 4375 Basic stats: COMPLETE Column stats: COMPLETE
                         value expressions: _col1 (type: string)
             Execution mode: vectorized, llap
-            LLAP IO: no inputs
+            LLAP IO: all inputs
         Map 2 
             Map Operator Tree:
                 TableScan
@@ -110,7 +110,7 @@ STAGE PLANS:
                                 Statistics: Num rows: 1 Data size: 632 Basic stats: COMPLETE Column stats: COMPLETE
                                 value expressions: _col0 (type: int), _col1 (type: int), _col2 (type: bigint), _col3 (type: bigint), _col4 (type: binary), _col5 (type: int), _col6 (type: struct<count:bigint,sum:double,input:int>), _col7 (type: bigint), _col8 (type: binary), _col9 (type: int), _col10 (type: struct<count:bigint,sum:double,input:int>), _col11 (type: bigint), _col12 (type: binary)
             Execution mode: llap
-            LLAP IO: no inputs
+            LLAP IO: all inputs
         Reducer 3 
             Execution mode: llap
             Reduce Operator Tree:
diff --git a/ql/src/test/results/clientpositive/llap/join38.q.out b/ql/src/test/results/clientpositive/llap/join38.q.out
index 4c258445cd..771ed14082 100644
--- a/ql/src/test/results/clientpositive/llap/join38.q.out
+++ b/ql/src/test/results/clientpositive/llap/join38.q.out
@@ -105,7 +105,7 @@ STAGE PLANS:
                             Statistics: Num rows: 1 Data size: 186 Basic stats: COMPLETE Column stats: COMPLETE
                             value expressions: _col2 (type: bigint)
             Execution mode: vectorized, llap
-            LLAP IO: no inputs
+            LLAP IO: all inputs
         Map 3 
             Map Operator Tree:
                 TableScan
@@ -127,7 +127,7 @@ STAGE PLANS:
                         Statistics: Num rows: 1 Data size: 174 Basic stats: COMPLETE Column stats: COMPLETE
                         value expressions: _col0 (type: string)
             Execution mode: vectorized, llap
-            LLAP IO: no inputs
+            LLAP IO: all inputs
         Reducer 2 
             Execution mode: vectorized, llap
             Reduce Operator Tree:
diff --git a/ql/src/test/results/clientpositive/llap/join39.q.out b/ql/src/test/results/clientpositive/llap/join39.q.out
index 237797ed70..8c7ef4eba7 100644
--- a/ql/src/test/results/clientpositive/llap/join39.q.out
+++ b/ql/src/test/results/clientpositive/llap/join39.q.out
@@ -78,7 +78,7 @@ STAGE PLANS:
                             Statistics: Num rows: 1 Data size: 936 Basic stats: COMPLETE Column stats: COMPLETE
                             value expressions: _col0 (type: int), _col1 (type: struct<count:bigint,sum:double,input:int>), _col2 (type: bigint), _col3 (type: bigint), _col4 (type: binary), _col5 (type: int), _col6 (type: struct<count:bigint,sum:double,input:int>), _col7 (type: bigint), _col8 (type: binary), _col9 (type: int), _col10 (type: struct<count:bigint,sum:double,input:int>), _col11 (type: bigint), _col12 (type: binary), _col13 (type: int), _col14 (type: struct<count:bigint,sum:double,input:int>), _col15 (type: bigint), _col16 (type: binary)
             Execution mode: llap
-            LLAP IO: no inputs
+            LLAP IO: all inputs
         Map 3 
             Map Operator Tree:
                 TableScan
@@ -100,7 +100,7 @@ STAGE PLANS:
                         Statistics: Num rows: 166 Data size: 29548 Basic stats: COMPLETE Column stats: COMPLETE
                         value expressions: _col1 (type: string)
             Execution mode: vectorized, llap
-            LLAP IO: no inputs
+            LLAP IO: all inputs
         Reducer 2 
             Execution mode: llap
             Reduce Operator Tree:
diff --git a/ql/src/test/results/clientpositive/llap/join4.q.out b/ql/src/test/results/clientpositive/llap/join4.q.out
index 077ea95037..b4d38d10a3 100644
--- a/ql/src/test/results/clientpositive/llap/join4.q.out
+++ b/ql/src/test/results/clientpositive/llap/join4.q.out
@@ -76,7 +76,7 @@ STAGE PLANS:
                         Statistics: Num rows: 55 Data size: 9790 Basic stats: COMPLETE Column stats: COMPLETE
                         value expressions: _col1 (type: string)
             Execution mode: vectorized, llap
-            LLAP IO: no inputs
+            LLAP IO: all inputs
         Map 4 
             Map Operator Tree:
                 TableScan
@@ -98,7 +98,7 @@ STAGE PLANS:
                         Statistics: Num rows: 55 Data size: 9790 Basic stats: COMPLETE Column stats: COMPLETE
                         value expressions: _col1 (type: string)
             Execution mode: vectorized, llap
-            LLAP IO: no inputs
+            LLAP IO: all inputs
         Reducer 2 
             Execution mode: llap
             Reduce Operator Tree:
diff --git a/ql/src/test/results/clientpositive/llap/join40.q.out b/ql/src/test/results/clientpositive/llap/join40.q.out
index 7efab037aa..d752d8c4c0 100644
--- a/ql/src/test/results/clientpositive/llap/join40.q.out
+++ b/ql/src/test/results/clientpositive/llap/join40.q.out
@@ -37,7 +37,7 @@ STAGE PLANS:
                       Statistics: Num rows: 500 Data size: 89000 Basic stats: COMPLETE Column stats: COMPLETE
                       value expressions: _col1 (type: string)
             Execution mode: vectorized, llap
-            LLAP IO: no inputs
+            LLAP IO: all inputs
         Map 3 
             Map Operator Tree:
                 TableScan
@@ -59,7 +59,7 @@ STAGE PLANS:
                         Statistics: Num rows: 166 Data size: 29548 Basic stats: COMPLETE Column stats: COMPLETE
                         value expressions: _col1 (type: string)
             Execution mode: vectorized, llap
-            LLAP IO: no inputs
+            LLAP IO: all inputs
         Reducer 2 
             Execution mode: llap
             Reduce Operator Tree:
@@ -703,7 +703,7 @@ STAGE PLANS:
                         Map-reduce partition columns: _col0 (type: string)
                         Statistics: Num rows: 500 Data size: 43500 Basic stats: COMPLETE Column stats: COMPLETE
             Execution mode: vectorized, llap
-            LLAP IO: no inputs
+            LLAP IO: all inputs
         Map 3 
             Map Operator Tree:
                 TableScan
@@ -725,7 +725,7 @@ STAGE PLANS:
                         Statistics: Num rows: 500 Data size: 89000 Basic stats: COMPLETE Column stats: COMPLETE
                         value expressions: _col1 (type: string)
             Execution mode: vectorized, llap
-            LLAP IO: no inputs
+            LLAP IO: all inputs
         Reducer 2 
             Execution mode: llap
             Reduce Operator Tree:
@@ -1840,7 +1840,7 @@ STAGE PLANS:
                         Statistics: Num rows: 166 Data size: 29548 Basic stats: COMPLETE Column stats: COMPLETE
                         value expressions: _col1 (type: string)
             Execution mode: vectorized, llap
-            LLAP IO: no inputs
+            LLAP IO: all inputs
         Map 5 
             Map Operator Tree:
                 TableScan
@@ -1872,7 +1872,7 @@ STAGE PLANS:
                         Statistics: Num rows: 166 Data size: 29548 Basic stats: COMPLETE Column stats: COMPLETE
                         value expressions: _col1 (type: string)
             Execution mode: vectorized, llap
-            LLAP IO: no inputs
+            LLAP IO: all inputs
         Reducer 2 
             Execution mode: llap
             Reduce Operator Tree:
@@ -2536,7 +2536,7 @@ STAGE PLANS:
                         Statistics: Num rows: 166 Data size: 29548 Basic stats: COMPLETE Column stats: COMPLETE
                         value expressions: _col1 (type: string)
             Execution mode: vectorized, llap
-            LLAP IO: no inputs
+            LLAP IO: all inputs
         Map 5 
             Map Operator Tree:
                 TableScan
@@ -2568,7 +2568,7 @@ STAGE PLANS:
                         Statistics: Num rows: 166 Data size: 29548 Basic stats: COMPLETE Column stats: COMPLETE
                         value expressions: _col1 (type: string)
             Execution mode: vectorized, llap
-            LLAP IO: no inputs
+            LLAP IO: all inputs
         Reducer 2 
             Execution mode: llap
             Reduce Operator Tree:
@@ -3236,7 +3236,7 @@ STAGE PLANS:
                             output format: org.apache.hadoop.hive.ql.io.HiveSequenceFileOutputFormat
                             serde: org.apache.hadoop.hive.serde2.lazy.LazySimpleSerDe
             Execution mode: vectorized, llap
-            LLAP IO: no inputs
+            LLAP IO: all inputs
         Map 2 
             Map Operator Tree:
                 TableScan
@@ -3258,7 +3258,7 @@ STAGE PLANS:
                         Statistics: Num rows: 166 Data size: 29548 Basic stats: COMPLETE Column stats: COMPLETE
                         value expressions: _col1 (type: string)
             Execution mode: vectorized, llap
-            LLAP IO: no inputs
+            LLAP IO: all inputs
 
   Stage: Stage-0
     Fetch Operator
@@ -3899,7 +3899,7 @@ STAGE PLANS:
                             Statistics: Num rows: 1 Data size: 8 Basic stats: COMPLETE Column stats: COMPLETE
                             value expressions: _col0 (type: bigint)
             Execution mode: vectorized, llap
-            LLAP IO: no inputs
+            LLAP IO: all inputs
         Map 3 
             Map Operator Tree:
                 TableScan
@@ -3920,7 +3920,7 @@ STAGE PLANS:
                         Map-reduce partition columns: _col0 (type: string)
                         Statistics: Num rows: 500 Data size: 43500 Basic stats: COMPLETE Column stats: COMPLETE
             Execution mode: vectorized, llap
-            LLAP IO: no inputs
+            LLAP IO: all inputs
         Reducer 2 
             Execution mode: vectorized, llap
             Reduce Operator Tree:
diff --git a/ql/src/test/results/clientpositive/llap/join41.q.out b/ql/src/test/results/clientpositive/llap/join41.q.out
index 2bcbc21e88..23257430f4 100644
--- a/ql/src/test/results/clientpositive/llap/join41.q.out
+++ b/ql/src/test/results/clientpositive/llap/join41.q.out
@@ -49,7 +49,7 @@ STAGE PLANS:
                       Statistics: Num rows: 3 Data size: 522 Basic stats: COMPLETE Column stats: COMPLETE
                       value expressions: _col1 (type: string)
             Execution mode: vectorized, llap
-            LLAP IO: no inputs
+            LLAP IO: all inputs
         Map 3 
             Map Operator Tree:
                 TableScan
@@ -71,7 +71,7 @@ STAGE PLANS:
                         Statistics: Num rows: 1 Data size: 174 Basic stats: COMPLETE Column stats: COMPLETE
                         value expressions: _col1 (type: string)
             Execution mode: vectorized, llap
-            LLAP IO: no inputs
+            LLAP IO: all inputs
         Reducer 2 
             Execution mode: llap
             Reduce Operator Tree:
@@ -147,7 +147,7 @@ STAGE PLANS:
                       Statistics: Num rows: 3 Data size: 522 Basic stats: COMPLETE Column stats: COMPLETE
                       value expressions: _col1 (type: string)
             Execution mode: vectorized, llap
-            LLAP IO: no inputs
+            LLAP IO: all inputs
         Map 3 
             Map Operator Tree:
                 TableScan
@@ -169,7 +169,7 @@ STAGE PLANS:
                         Statistics: Num rows: 1 Data size: 174 Basic stats: COMPLETE Column stats: COMPLETE
                         value expressions: _col1 (type: string)
             Execution mode: vectorized, llap
-            LLAP IO: no inputs
+            LLAP IO: all inputs
         Reducer 2 
             Execution mode: llap
             Reduce Operator Tree:
diff --git a/ql/src/test/results/clientpositive/llap/join42.q.out b/ql/src/test/results/clientpositive/llap/join42.q.out
index 743b828853..9e13908866 100644
--- a/ql/src/test/results/clientpositive/llap/join42.q.out
+++ b/ql/src/test/results/clientpositive/llap/join42.q.out
@@ -169,7 +169,7 @@ STAGE PLANS:
                         Statistics: Num rows: 1 Data size: 8 Basic stats: COMPLETE Column stats: COMPLETE
                         value expressions: _col1 (type: int)
             Execution mode: vectorized, llap
-            LLAP IO: no inputs
+            LLAP IO: all inputs
         Map 11 
             Map Operator Tree:
                 TableScan
@@ -186,7 +186,7 @@ STAGE PLANS:
                         sort order: 
                         Statistics: Num rows: 1 Data size: 4 Basic stats: COMPLETE Column stats: COMPLETE
             Execution mode: vectorized, llap
-            LLAP IO: no inputs
+            LLAP IO: all inputs
         Map 6 
             Map Operator Tree:
                 TableScan
@@ -207,7 +207,7 @@ STAGE PLANS:
                         Map-reduce partition columns: _col0 (type: int)
                         Statistics: Num rows: 1 Data size: 4 Basic stats: COMPLETE Column stats: COMPLETE
             Execution mode: vectorized, llap
-            LLAP IO: no inputs
+            LLAP IO: all inputs
         Map 7 
             Map Operator Tree:
                 TableScan
@@ -228,7 +228,7 @@ STAGE PLANS:
                         Map-reduce partition columns: _col0 (type: int)
                         Statistics: Num rows: 1 Data size: 4 Basic stats: COMPLETE Column stats: COMPLETE
             Execution mode: vectorized, llap
-            LLAP IO: no inputs
+            LLAP IO: all inputs
         Map 8 
             Map Operator Tree:
                 TableScan
@@ -245,7 +245,7 @@ STAGE PLANS:
                         sort order: 
                         Statistics: Num rows: 1 Data size: 4 Basic stats: COMPLETE Column stats: COMPLETE
             Execution mode: vectorized, llap
-            LLAP IO: no inputs
+            LLAP IO: all inputs
         Map 9 
             Map Operator Tree:
                 TableScan
@@ -265,7 +265,7 @@ STAGE PLANS:
                         Statistics: Num rows: 1 Data size: 12 Basic stats: COMPLETE Column stats: COMPLETE
                         value expressions: _col0 (type: int), _col1 (type: int), _col2 (type: int)
             Execution mode: vectorized, llap
-            LLAP IO: no inputs
+            LLAP IO: all inputs
         Reducer 10 
             Execution mode: llap
             Reduce Operator Tree:
diff --git a/ql/src/test/results/clientpositive/llap/join43.q.out b/ql/src/test/results/clientpositive/llap/join43.q.out
index 650754a584..8294498082 100644
--- a/ql/src/test/results/clientpositive/llap/join43.q.out
+++ b/ql/src/test/results/clientpositive/llap/join43.q.out
@@ -282,7 +282,7 @@ STAGE PLANS:
                         Map-reduce partition columns: _col0 (type: string), _col1 (type: int)
                         Statistics: Num rows: 6 Data size: 534 Basic stats: COMPLETE Column stats: COMPLETE
             Execution mode: vectorized, llap
-            LLAP IO: no inputs
+            LLAP IO: all inputs
         Map 3 
             Map Operator Tree:
                 TableScan
@@ -304,7 +304,7 @@ STAGE PLANS:
                         Statistics: Num rows: 6 Data size: 534 Basic stats: COMPLETE Column stats: COMPLETE
                         value expressions: _col1 (type: int)
             Execution mode: vectorized, llap
-            LLAP IO: no inputs
+            LLAP IO: all inputs
         Map 6 
             Map Operator Tree:
                 TableScan
@@ -326,7 +326,7 @@ STAGE PLANS:
                         Statistics: Num rows: 4 Data size: 356 Basic stats: COMPLETE Column stats: COMPLETE
                         value expressions: _col1 (type: int)
             Execution mode: vectorized, llap
-            LLAP IO: no inputs
+            LLAP IO: all inputs
         Reducer 2 
             Execution mode: llap
             Reduce Operator Tree:
@@ -520,7 +520,7 @@ STAGE PLANS:
                         Statistics: Num rows: 6 Data size: 1086 Basic stats: COMPLETE Column stats: COMPLETE
                         value expressions: _col1 (type: string), _col2 (type: int)
             Execution mode: vectorized, llap
-            LLAP IO: no inputs
+            LLAP IO: all inputs
         Map 3 
             Map Operator Tree:
                 TableScan
@@ -542,7 +542,7 @@ STAGE PLANS:
                         Statistics: Num rows: 6 Data size: 534 Basic stats: COMPLETE Column stats: COMPLETE
                         value expressions: _col1 (type: int)
             Execution mode: vectorized, llap
-            LLAP IO: no inputs
+            LLAP IO: all inputs
         Map 6 
             Map Operator Tree:
                 TableScan
@@ -564,7 +564,7 @@ STAGE PLANS:
                         Statistics: Num rows: 4 Data size: 356 Basic stats: COMPLETE Column stats: COMPLETE
                         value expressions: _col1 (type: int)
             Execution mode: vectorized, llap
-            LLAP IO: no inputs
+            LLAP IO: all inputs
         Reducer 2 
             Execution mode: llap
             Reduce Operator Tree:
diff --git a/ql/src/test/results/clientpositive/llap/join44.q.out b/ql/src/test/results/clientpositive/llap/join44.q.out
index e694995813..4f82dc228e 100644
--- a/ql/src/test/results/clientpositive/llap/join44.q.out
+++ b/ql/src/test/results/clientpositive/llap/join44.q.out
@@ -53,7 +53,7 @@ STAGE PLANS:
                       Statistics: Num rows: 1 Data size: 12 Basic stats: COMPLETE Column stats: NONE
                       value expressions: val2 (type: int), val3 (type: int)
             Execution mode: vectorized, llap
-            LLAP IO: no inputs
+            LLAP IO: all inputs
         Map 3 
             Map Operator Tree:
                 TableScan
@@ -71,7 +71,7 @@ STAGE PLANS:
                       Statistics: Num rows: 1 Data size: 12 Basic stats: COMPLETE Column stats: NONE
                       value expressions: val2 (type: int), val3 (type: int)
             Execution mode: vectorized, llap
-            LLAP IO: no inputs
+            LLAP IO: all inputs
         Reducer 2 
             Execution mode: llap
             Reduce Operator Tree:
diff --git a/ql/src/test/results/clientpositive/llap/join45.q.out b/ql/src/test/results/clientpositive/llap/join45.q.out
index 621bc81f09..bf6409e249 100644
--- a/ql/src/test/results/clientpositive/llap/join45.q.out
+++ b/ql/src/test/results/clientpositive/llap/join45.q.out
@@ -56,7 +56,7 @@ STAGE PLANS:
                         Statistics: Num rows: 2 Data size: 350 Basic stats: COMPLETE Column stats: COMPLETE
                         value expressions: _col1 (type: string)
             Execution mode: vectorized, llap
-            LLAP IO: no inputs
+            LLAP IO: all inputs
         Map 4 
             Map Operator Tree:
                 TableScan
@@ -78,7 +78,7 @@ STAGE PLANS:
                         Statistics: Num rows: 55 Data size: 9790 Basic stats: COMPLETE Column stats: COMPLETE
                         value expressions: _col1 (type: string)
             Execution mode: vectorized, llap
-            LLAP IO: no inputs
+            LLAP IO: all inputs
         Reducer 2 
             Execution mode: llap
             Reduce Operator Tree:
@@ -201,7 +201,7 @@ STAGE PLANS:
                         Statistics: Num rows: 25 Data size: 4375 Basic stats: COMPLETE Column stats: COMPLETE
                         value expressions: _col1 (type: string)
             Execution mode: vectorized, llap
-            LLAP IO: no inputs
+            LLAP IO: all inputs
         Map 4 
             Map Operator Tree:
                 TableScan
@@ -223,7 +223,7 @@ STAGE PLANS:
                         Statistics: Num rows: 500 Data size: 89000 Basic stats: COMPLETE Column stats: COMPLETE
                         value expressions: _col1 (type: string)
             Execution mode: vectorized, llap
-            LLAP IO: no inputs
+            LLAP IO: all inputs
         Reducer 2 
             Execution mode: llap
             Reduce Operator Tree:
@@ -355,7 +355,7 @@ STAGE PLANS:
                         Statistics: Num rows: 2 Data size: 350 Basic stats: COMPLETE Column stats: COMPLETE
                         value expressions: _col0 (type: string), _col1 (type: string)
             Execution mode: vectorized, llap
-            LLAP IO: no inputs
+            LLAP IO: all inputs
         Map 4 
             Map Operator Tree:
                 TableScan
@@ -375,7 +375,7 @@ STAGE PLANS:
                         Statistics: Num rows: 55 Data size: 9790 Basic stats: COMPLETE Column stats: COMPLETE
                         value expressions: _col0 (type: string), _col1 (type: string)
             Execution mode: vectorized, llap
-            LLAP IO: no inputs
+            LLAP IO: all inputs
         Reducer 2 
             Execution mode: llap
             Reduce Operator Tree:
@@ -498,7 +498,7 @@ STAGE PLANS:
                       Statistics: Num rows: 25 Data size: 4475 Basic stats: COMPLETE Column stats: COMPLETE
                       value expressions: _col0 (type: string), _col1 (type: string), _col2 (type: boolean)
             Execution mode: vectorized, llap
-            LLAP IO: no inputs
+            LLAP IO: all inputs
         Map 4 
             Map Operator Tree:
                 TableScan
@@ -514,7 +514,7 @@ STAGE PLANS:
                       Statistics: Num rows: 500 Data size: 91000 Basic stats: COMPLETE Column stats: COMPLETE
                       value expressions: _col0 (type: string), _col1 (type: string), _col2 (type: boolean)
             Execution mode: vectorized, llap
-            LLAP IO: no inputs
+            LLAP IO: all inputs
         Reducer 2 
             Execution mode: llap
             Reduce Operator Tree:
@@ -650,7 +650,7 @@ STAGE PLANS:
                       Statistics: Num rows: 25 Data size: 4575 Basic stats: COMPLETE Column stats: COMPLETE
                       value expressions: _col0 (type: string), _col1 (type: string), _col2 (type: double)
             Execution mode: vectorized, llap
-            LLAP IO: no inputs
+            LLAP IO: all inputs
         Map 4 
             Map Operator Tree:
                 TableScan
@@ -666,7 +666,7 @@ STAGE PLANS:
                       Statistics: Num rows: 500 Data size: 93000 Basic stats: COMPLETE Column stats: COMPLETE
                       value expressions: _col0 (type: string), _col1 (type: string), _col2 (type: double)
             Execution mode: vectorized, llap
-            LLAP IO: no inputs
+            LLAP IO: all inputs
         Reducer 2 
             Execution mode: llap
             Reduce Operator Tree:
@@ -796,7 +796,7 @@ STAGE PLANS:
                       Statistics: Num rows: 25 Data size: 4575 Basic stats: COMPLETE Column stats: COMPLETE
                       value expressions: _col0 (type: string), _col1 (type: string), _col2 (type: double)
             Execution mode: vectorized, llap
-            LLAP IO: no inputs
+            LLAP IO: all inputs
         Map 4 
             Map Operator Tree:
                 TableScan
@@ -812,7 +812,7 @@ STAGE PLANS:
                       Statistics: Num rows: 500 Data size: 93000 Basic stats: COMPLETE Column stats: COMPLETE
                       value expressions: _col0 (type: string), _col1 (type: string), _col2 (type: double)
             Execution mode: vectorized, llap
-            LLAP IO: no inputs
+            LLAP IO: all inputs
         Reducer 2 
             Execution mode: llap
             Reduce Operator Tree:
@@ -944,7 +944,7 @@ STAGE PLANS:
                       Statistics: Num rows: 25 Data size: 4575 Basic stats: COMPLETE Column stats: COMPLETE
                       value expressions: _col0 (type: string), _col1 (type: string), _col2 (type: double)
             Execution mode: vectorized, llap
-            LLAP IO: no inputs
+            LLAP IO: all inputs
         Map 4 
             Map Operator Tree:
                 TableScan
@@ -960,7 +960,7 @@ STAGE PLANS:
                       Statistics: Num rows: 500 Data size: 93000 Basic stats: COMPLETE Column stats: COMPLETE
                       value expressions: _col0 (type: string), _col1 (type: string), _col2 (type: double)
             Execution mode: vectorized, llap
-            LLAP IO: no inputs
+            LLAP IO: all inputs
         Reducer 2 
             Execution mode: llap
             Reduce Operator Tree:
@@ -1085,7 +1085,7 @@ STAGE PLANS:
                       Statistics: Num rows: 500 Data size: 89000 Basic stats: COMPLETE Column stats: COMPLETE
                       value expressions: _col1 (type: string)
             Execution mode: vectorized, llap
-            LLAP IO: no inputs
+            LLAP IO: all inputs
         Map 5 
             Map Operator Tree:
                 TableScan
@@ -1115,7 +1115,7 @@ STAGE PLANS:
                       Statistics: Num rows: 25 Data size: 4375 Basic stats: COMPLETE Column stats: COMPLETE
                       value expressions: _col0 (type: string), _col1 (type: string)
             Execution mode: vectorized, llap
-            LLAP IO: no inputs
+            LLAP IO: all inputs
         Reducer 2 
             Execution mode: llap
             Reduce Operator Tree:
@@ -1268,7 +1268,7 @@ STAGE PLANS:
                       Statistics: Num rows: 500 Data size: 93000 Basic stats: COMPLETE Column stats: COMPLETE
                       value expressions: _col1 (type: string), _col2 (type: double)
             Execution mode: vectorized, llap
-            LLAP IO: no inputs
+            LLAP IO: all inputs
         Map 5 
             Map Operator Tree:
                 TableScan
@@ -1298,7 +1298,7 @@ STAGE PLANS:
                       Statistics: Num rows: 25 Data size: 4575 Basic stats: COMPLETE Column stats: COMPLETE
                       value expressions: _col0 (type: string), _col1 (type: string), _col2 (type: double)
             Execution mode: vectorized, llap
-            LLAP IO: no inputs
+            LLAP IO: all inputs
         Reducer 2 
             Execution mode: llap
             Reduce Operator Tree:
@@ -1453,7 +1453,7 @@ STAGE PLANS:
                         Statistics: Num rows: 500 Data size: 89000 Basic stats: COMPLETE Column stats: COMPLETE
                         value expressions: _col0 (type: string), _col1 (type: string)
             Execution mode: vectorized, llap
-            LLAP IO: no inputs
+            LLAP IO: all inputs
         Map 5 
             Map Operator Tree:
                 TableScan
@@ -1476,7 +1476,7 @@ STAGE PLANS:
                       Statistics: Num rows: 25 Data size: 4375 Basic stats: COMPLETE Column stats: COMPLETE
                       value expressions: _col1 (type: string)
             Execution mode: vectorized, llap
-            LLAP IO: no inputs
+            LLAP IO: all inputs
         Reducer 2 
             Execution mode: llap
             Reduce Operator Tree:
@@ -1631,7 +1631,7 @@ STAGE PLANS:
                         Statistics: Num rows: 500 Data size: 93000 Basic stats: COMPLETE Column stats: COMPLETE
                         value expressions: _col1 (type: string), _col2 (type: double)
             Execution mode: vectorized, llap
-            LLAP IO: no inputs
+            LLAP IO: all inputs
         Map 5 
             Map Operator Tree:
                 TableScan
@@ -1658,7 +1658,7 @@ STAGE PLANS:
                       Statistics: Num rows: 25 Data size: 4575 Basic stats: COMPLETE Column stats: COMPLETE
                       value expressions: _col0 (type: string), _col1 (type: string), _col2 (type: double)
             Execution mode: vectorized, llap
-            LLAP IO: no inputs
+            LLAP IO: all inputs
         Reducer 2 
             Execution mode: llap
             Reduce Operator Tree:
@@ -1799,7 +1799,7 @@ STAGE PLANS:
                       Statistics: Num rows: 500 Data size: 89000 Basic stats: COMPLETE Column stats: COMPLETE
                       value expressions: _col0 (type: string), _col1 (type: string)
             Execution mode: vectorized, llap
-            LLAP IO: no inputs
+            LLAP IO: all inputs
         Map 5 
             Map Operator Tree:
                 TableScan
@@ -1822,7 +1822,7 @@ STAGE PLANS:
                       Statistics: Num rows: 25 Data size: 4375 Basic stats: COMPLETE Column stats: COMPLETE
                       value expressions: _col1 (type: string)
             Execution mode: vectorized, llap
-            LLAP IO: no inputs
+            LLAP IO: all inputs
         Reducer 2 
             Execution mode: llap
             Reduce Operator Tree:
@@ -1973,7 +1973,7 @@ STAGE PLANS:
                       Statistics: Num rows: 500 Data size: 93000 Basic stats: COMPLETE Column stats: COMPLETE
                       value expressions: _col1 (type: string), _col2 (type: double)
             Execution mode: vectorized, llap
-            LLAP IO: no inputs
+            LLAP IO: all inputs
         Map 5 
             Map Operator Tree:
                 TableScan
@@ -2000,7 +2000,7 @@ STAGE PLANS:
                       Statistics: Num rows: 25 Data size: 4575 Basic stats: COMPLETE Column stats: COMPLETE
                       value expressions: _col0 (type: string), _col1 (type: string), _col2 (type: double)
             Execution mode: vectorized, llap
-            LLAP IO: no inputs
+            LLAP IO: all inputs
         Reducer 2 
             Execution mode: llap
             Reduce Operator Tree:
@@ -2182,7 +2182,7 @@ STAGE PLANS:
                         Statistics: Num rows: 18 Data size: 6406 Basic stats: COMPLETE Column stats: COMPLETE
                         value expressions: _col1 (type: string), _col2 (type: int), _col3 (type: float), _col4 (type: boolean), _col5 (type: string)
             Execution mode: vectorized, llap
-            LLAP IO: no inputs
+            LLAP IO: all inputs
         Map 7 
             Map Operator Tree:
                 TableScan
@@ -2205,7 +2205,7 @@ STAGE PLANS:
                       Statistics: Num rows: 20 Data size: 7138 Basic stats: COMPLETE Column stats: COMPLETE
                       value expressions: _col1 (type: string), _col2 (type: int), _col3 (type: float), _col4 (type: boolean), _col5 (type: string)
             Execution mode: vectorized, llap
-            LLAP IO: no inputs
+            LLAP IO: all inputs
         Reducer 2 
             Execution mode: llap
             Reduce Operator Tree:
diff --git a/ql/src/test/results/clientpositive/llap/join46.q.out b/ql/src/test/results/clientpositive/llap/join46.q.out
index 861bd04ffa..04c1577290 100644
--- a/ql/src/test/results/clientpositive/llap/join46.q.out
+++ b/ql/src/test/results/clientpositive/llap/join46.q.out
@@ -85,7 +85,7 @@ STAGE PLANS:
                       Statistics: Num rows: 6 Data size: 572 Basic stats: COMPLETE Column stats: COMPLETE
                       value expressions: _col0 (type: int), _col2 (type: string)
             Execution mode: vectorized, llap
-            LLAP IO: no inputs
+            LLAP IO: all inputs
         Map 3 
             Map Operator Tree:
                 TableScan
@@ -107,7 +107,7 @@ STAGE PLANS:
                         Statistics: Num rows: 3 Data size: 285 Basic stats: COMPLETE Column stats: COMPLETE
                         value expressions: _col0 (type: int), _col2 (type: string)
             Execution mode: vectorized, llap
-            LLAP IO: no inputs
+            LLAP IO: all inputs
         Reducer 2 
             Execution mode: llap
             Reduce Operator Tree:
@@ -204,7 +204,7 @@ STAGE PLANS:
                       Statistics: Num rows: 6 Data size: 596 Basic stats: COMPLETE Column stats: COMPLETE
                       value expressions: _col0 (type: int), _col2 (type: string), _col3 (type: boolean)
             Execution mode: vectorized, llap
-            LLAP IO: no inputs
+            LLAP IO: all inputs
         Map 3 
             Map Operator Tree:
                 TableScan
@@ -226,7 +226,7 @@ STAGE PLANS:
                         Statistics: Num rows: 1 Data size: 95 Basic stats: COMPLETE Column stats: COMPLETE
                         value expressions: _col0 (type: int), _col2 (type: string)
             Execution mode: vectorized, llap
-            LLAP IO: no inputs
+            LLAP IO: all inputs
         Reducer 2 
             Execution mode: llap
             Reduce Operator Tree:
@@ -329,7 +329,7 @@ STAGE PLANS:
                       Statistics: Num rows: 6 Data size: 596 Basic stats: COMPLETE Column stats: COMPLETE
                       value expressions: _col0 (type: int), _col1 (type: int), _col2 (type: string), _col3 (type: boolean)
             Execution mode: vectorized, llap
-            LLAP IO: no inputs
+            LLAP IO: all inputs
         Map 3 
             Map Operator Tree:
                 TableScan
@@ -349,7 +349,7 @@ STAGE PLANS:
                         Statistics: Num rows: 1 Data size: 95 Basic stats: COMPLETE Column stats: COMPLETE
                         value expressions: _col0 (type: int), _col1 (type: int), _col2 (type: string)
             Execution mode: vectorized, llap
-            LLAP IO: no inputs
+            LLAP IO: all inputs
         Reducer 2 
             Execution mode: llap
             Reduce Operator Tree:
@@ -454,7 +454,7 @@ STAGE PLANS:
                         Statistics: Num rows: 4 Data size: 384 Basic stats: COMPLETE Column stats: COMPLETE
                         value expressions: _col0 (type: int), _col2 (type: string)
             Execution mode: vectorized, llap
-            LLAP IO: no inputs
+            LLAP IO: all inputs
         Map 3 
             Map Operator Tree:
                 TableScan
@@ -472,7 +472,7 @@ STAGE PLANS:
                       Statistics: Num rows: 4 Data size: 380 Basic stats: COMPLETE Column stats: COMPLETE
                       value expressions: _col0 (type: int), _col2 (type: string)
             Execution mode: vectorized, llap
-            LLAP IO: no inputs
+            LLAP IO: all inputs
         Reducer 2 
             Execution mode: llap
             Reduce Operator Tree:
@@ -562,7 +562,7 @@ STAGE PLANS:
                       Statistics: Num rows: 6 Data size: 596 Basic stats: COMPLETE Column stats: COMPLETE
                       value expressions: _col0 (type: int), _col1 (type: int), _col2 (type: string), _col3 (type: boolean)
             Execution mode: vectorized, llap
-            LLAP IO: no inputs
+            LLAP IO: all inputs
         Map 3 
             Map Operator Tree:
                 TableScan
@@ -578,7 +578,7 @@ STAGE PLANS:
                       Statistics: Num rows: 4 Data size: 380 Basic stats: COMPLETE Column stats: COMPLETE
                       value expressions: _col0 (type: int), _col1 (type: int), _col2 (type: string)
             Execution mode: vectorized, llap
-            LLAP IO: no inputs
+            LLAP IO: all inputs
         Reducer 2 
             Execution mode: llap
             Reduce Operator Tree:
@@ -686,7 +686,7 @@ STAGE PLANS:
                       Statistics: Num rows: 6 Data size: 596 Basic stats: COMPLETE Column stats: COMPLETE
                       value expressions: _col0 (type: int), _col1 (type: int), _col2 (type: string), _col3 (type: boolean)
             Execution mode: vectorized, llap
-            LLAP IO: no inputs
+            LLAP IO: all inputs
         Map 3 
             Map Operator Tree:
                 TableScan
@@ -702,7 +702,7 @@ STAGE PLANS:
                       Statistics: Num rows: 4 Data size: 380 Basic stats: COMPLETE Column stats: COMPLETE
                       value expressions: _col0 (type: int), _col1 (type: int), _col2 (type: string)
             Execution mode: vectorized, llap
-            LLAP IO: no inputs
+            LLAP IO: all inputs
         Reducer 2 
             Execution mode: llap
             Reduce Operator Tree:
@@ -811,7 +811,7 @@ STAGE PLANS:
                       Statistics: Num rows: 6 Data size: 596 Basic stats: COMPLETE Column stats: COMPLETE
                       value expressions: _col0 (type: int), _col1 (type: int), _col2 (type: string), _col3 (type: boolean)
             Execution mode: vectorized, llap
-            LLAP IO: no inputs
+            LLAP IO: all inputs
         Map 3 
             Map Operator Tree:
                 TableScan
@@ -827,7 +827,7 @@ STAGE PLANS:
                       Statistics: Num rows: 4 Data size: 380 Basic stats: COMPLETE Column stats: COMPLETE
                       value expressions: _col0 (type: int), _col1 (type: int), _col2 (type: string)
             Execution mode: vectorized, llap
-            LLAP IO: no inputs
+            LLAP IO: all inputs
         Reducer 2 
             Execution mode: llap
             Reduce Operator Tree:
@@ -934,7 +934,7 @@ STAGE PLANS:
                       Statistics: Num rows: 6 Data size: 572 Basic stats: COMPLETE Column stats: COMPLETE
                       value expressions: _col0 (type: int), _col1 (type: int), _col2 (type: string)
             Execution mode: vectorized, llap
-            LLAP IO: no inputs
+            LLAP IO: all inputs
         Map 3 
             Map Operator Tree:
                 TableScan
@@ -950,7 +950,7 @@ STAGE PLANS:
                       Statistics: Num rows: 4 Data size: 380 Basic stats: COMPLETE Column stats: COMPLETE
                       value expressions: _col0 (type: int), _col1 (type: int), _col2 (type: string)
             Execution mode: vectorized, llap
-            LLAP IO: no inputs
+            LLAP IO: all inputs
         Reducer 2 
             Execution mode: llap
             Reduce Operator Tree:
@@ -1051,7 +1051,7 @@ STAGE PLANS:
                       Statistics: Num rows: 6 Data size: 596 Basic stats: COMPLETE Column stats: COMPLETE
                       value expressions: _col0 (type: int), _col2 (type: string), _col3 (type: boolean)
             Execution mode: vectorized, llap
-            LLAP IO: no inputs
+            LLAP IO: all inputs
         Map 3 
             Map Operator Tree:
                 TableScan
@@ -1073,7 +1073,7 @@ STAGE PLANS:
                         Statistics: Num rows: 3 Data size: 285 Basic stats: COMPLETE Column stats: COMPLETE
                         value expressions: _col0 (type: int), _col2 (type: string)
             Execution mode: vectorized, llap
-            LLAP IO: no inputs
+            LLAP IO: all inputs
         Reducer 2 
             Execution mode: llap
             Reduce Operator Tree:
@@ -1175,7 +1175,7 @@ STAGE PLANS:
                       Statistics: Num rows: 6 Data size: 572 Basic stats: COMPLETE Column stats: COMPLETE
                       value expressions: _col0 (type: int), _col1 (type: int), _col2 (type: string)
             Execution mode: vectorized, llap
-            LLAP IO: no inputs
+            LLAP IO: all inputs
         Map 3 
             Map Operator Tree:
                 TableScan
@@ -1191,7 +1191,7 @@ STAGE PLANS:
                       Statistics: Num rows: 4 Data size: 380 Basic stats: COMPLETE Column stats: COMPLETE
                       value expressions: _col0 (type: int), _col1 (type: int), _col2 (type: string)
             Execution mode: vectorized, llap
-            LLAP IO: no inputs
+            LLAP IO: all inputs
         Reducer 2 
             Execution mode: llap
             Reduce Operator Tree:
@@ -1295,7 +1295,7 @@ STAGE PLANS:
                       Statistics: Num rows: 6 Data size: 572 Basic stats: COMPLETE Column stats: COMPLETE
                       value expressions: _col0 (type: int), _col1 (type: int), _col2 (type: string)
             Execution mode: vectorized, llap
-            LLAP IO: no inputs
+            LLAP IO: all inputs
         Map 3 
             Map Operator Tree:
                 TableScan
@@ -1311,7 +1311,7 @@ STAGE PLANS:
                       Statistics: Num rows: 4 Data size: 396 Basic stats: COMPLETE Column stats: COMPLETE
                       value expressions: _col0 (type: int), _col1 (type: int), _col2 (type: string), _col3 (type: boolean)
             Execution mode: vectorized, llap
-            LLAP IO: no inputs
+            LLAP IO: all inputs
         Reducer 2 
             Execution mode: llap
             Reduce Operator Tree:
@@ -1420,7 +1420,7 @@ STAGE PLANS:
                       Statistics: Num rows: 6 Data size: 572 Basic stats: COMPLETE Column stats: COMPLETE
                       value expressions: _col0 (type: int), _col1 (type: int), _col2 (type: string)
             Execution mode: vectorized, llap
-            LLAP IO: no inputs
+            LLAP IO: all inputs
         Map 3 
             Map Operator Tree:
                 TableScan
@@ -1436,7 +1436,7 @@ STAGE PLANS:
                       Statistics: Num rows: 4 Data size: 380 Basic stats: COMPLETE Column stats: COMPLETE
                       value expressions: _col0 (type: int), _col1 (type: int), _col2 (type: string)
             Execution mode: vectorized, llap
-            LLAP IO: no inputs
+            LLAP IO: all inputs
         Reducer 2 
             Execution mode: llap
             Reduce Operator Tree:
@@ -1536,7 +1536,7 @@ STAGE PLANS:
                       Statistics: Num rows: 6 Data size: 572 Basic stats: COMPLETE Column stats: COMPLETE
                       value expressions: _col0 (type: int), _col1 (type: int), _col2 (type: string)
             Execution mode: vectorized, llap
-            LLAP IO: no inputs
+            LLAP IO: all inputs
         Map 3 
             Map Operator Tree:
                 TableScan
@@ -1552,7 +1552,7 @@ STAGE PLANS:
                       Statistics: Num rows: 4 Data size: 396 Basic stats: COMPLETE Column stats: COMPLETE
                       value expressions: _col0 (type: int), _col1 (type: int), _col2 (type: string), _col3 (type: boolean)
             Execution mode: vectorized, llap
-            LLAP IO: no inputs
+            LLAP IO: all inputs
         Reducer 2 
             Execution mode: llap
             Reduce Operator Tree:
@@ -1663,7 +1663,7 @@ STAGE PLANS:
                         Statistics: Num rows: 4 Data size: 384 Basic stats: COMPLETE Column stats: COMPLETE
                         value expressions: _col0 (type: int), _col2 (type: string)
             Execution mode: vectorized, llap
-            LLAP IO: no inputs
+            LLAP IO: all inputs
         Map 3 
             Map Operator Tree:
                 TableScan
@@ -1681,7 +1681,7 @@ STAGE PLANS:
                       Statistics: Num rows: 4 Data size: 396 Basic stats: COMPLETE Column stats: COMPLETE
                       value expressions: _col0 (type: int), _col2 (type: string), _col3 (type: boolean)
             Execution mode: vectorized, llap
-            LLAP IO: no inputs
+            LLAP IO: all inputs
         Reducer 2 
             Execution mode: llap
             Reduce Operator Tree:
@@ -1783,7 +1783,7 @@ STAGE PLANS:
                       Statistics: Num rows: 6 Data size: 572 Basic stats: COMPLETE Column stats: COMPLETE
                       value expressions: _col0 (type: int), _col1 (type: int), _col2 (type: string)
             Execution mode: vectorized, llap
-            LLAP IO: no inputs
+            LLAP IO: all inputs
         Map 3 
             Map Operator Tree:
                 TableScan
@@ -1799,7 +1799,7 @@ STAGE PLANS:
                       Statistics: Num rows: 4 Data size: 380 Basic stats: COMPLETE Column stats: COMPLETE
                       value expressions: _col0 (type: int), _col1 (type: int), _col2 (type: string)
             Execution mode: vectorized, llap
-            LLAP IO: no inputs
+            LLAP IO: all inputs
         Reducer 2 
             Execution mode: llap
             Reduce Operator Tree:
@@ -1904,7 +1904,7 @@ STAGE PLANS:
                       Statistics: Num rows: 6 Data size: 572 Basic stats: COMPLETE Column stats: COMPLETE
                       value expressions: _col0 (type: int), _col1 (type: int), _col2 (type: string)
             Execution mode: vectorized, llap
-            LLAP IO: no inputs
+            LLAP IO: all inputs
         Map 3 
             Map Operator Tree:
                 TableScan
@@ -1920,7 +1920,7 @@ STAGE PLANS:
                       Statistics: Num rows: 4 Data size: 380 Basic stats: COMPLETE Column stats: COMPLETE
                       value expressions: _col0 (type: int), _col1 (type: int), _col2 (type: string)
             Execution mode: vectorized, llap
-            LLAP IO: no inputs
+            LLAP IO: all inputs
         Reducer 2 
             Execution mode: llap
             Reduce Operator Tree:
@@ -2023,7 +2023,7 @@ STAGE PLANS:
                       Statistics: Num rows: 6 Data size: 572 Basic stats: COMPLETE Column stats: COMPLETE
                       value expressions: _col0 (type: int), _col1 (type: int), _col2 (type: string)
             Execution mode: vectorized, llap
-            LLAP IO: no inputs
+            LLAP IO: all inputs
         Map 3 
             Map Operator Tree:
                 TableScan
@@ -2039,7 +2039,7 @@ STAGE PLANS:
                       Statistics: Num rows: 4 Data size: 380 Basic stats: COMPLETE Column stats: COMPLETE
                       value expressions: _col0 (type: int), _col1 (type: int), _col2 (type: string)
             Execution mode: vectorized, llap
-            LLAP IO: no inputs
+            LLAP IO: all inputs
         Reducer 2 
             Execution mode: llap
             Reduce Operator Tree:
@@ -2142,7 +2142,7 @@ STAGE PLANS:
                       Statistics: Num rows: 6 Data size: 572 Basic stats: COMPLETE Column stats: COMPLETE
                       value expressions: _col0 (type: int), _col2 (type: string)
             Execution mode: vectorized, llap
-            LLAP IO: no inputs
+            LLAP IO: all inputs
         Map 3 
             Map Operator Tree:
                 TableScan
@@ -2160,7 +2160,7 @@ STAGE PLANS:
                       Statistics: Num rows: 4 Data size: 380 Basic stats: COMPLETE Column stats: COMPLETE
                       value expressions: _col0 (type: int), _col2 (type: string)
             Execution mode: vectorized, llap
-            LLAP IO: no inputs
+            LLAP IO: all inputs
         Reducer 2 
             Execution mode: llap
             Reduce Operator Tree:
@@ -2306,7 +2306,7 @@ STAGE PLANS:
                         Statistics: Num rows: 4 Data size: 384 Basic stats: COMPLETE Column stats: COMPLETE
                         value expressions: _col0 (type: int), _col2 (type: string)
             Execution mode: vectorized, llap
-            LLAP IO: no inputs
+            LLAP IO: all inputs
         Map 5 
             Map Operator Tree:
                 TableScan
@@ -2338,7 +2338,7 @@ STAGE PLANS:
                       Statistics: Num rows: 4 Data size: 396 Basic stats: COMPLETE Column stats: COMPLETE
                       value expressions: _col0 (type: int), _col2 (type: string), _col3 (type: boolean)
             Execution mode: vectorized, llap
-            LLAP IO: no inputs
+            LLAP IO: all inputs
         Reducer 2 
             Execution mode: llap
             Reduce Operator Tree:
diff --git a/ql/src/test/results/clientpositive/llap/join47.q.out b/ql/src/test/results/clientpositive/llap/join47.q.out
index 621bc81f09..bf6409e249 100644
--- a/ql/src/test/results/clientpositive/llap/join47.q.out
+++ b/ql/src/test/results/clientpositive/llap/join47.q.out
@@ -56,7 +56,7 @@ STAGE PLANS:
                         Statistics: Num rows: 2 Data size: 350 Basic stats: COMPLETE Column stats: COMPLETE
                         value expressions: _col1 (type: string)
             Execution mode: vectorized, llap
-            LLAP IO: no inputs
+            LLAP IO: all inputs
         Map 4 
             Map Operator Tree:
                 TableScan
@@ -78,7 +78,7 @@ STAGE PLANS:
                         Statistics: Num rows: 55 Data size: 9790 Basic stats: COMPLETE Column stats: COMPLETE
                         value expressions: _col1 (type: string)
             Execution mode: vectorized, llap
-            LLAP IO: no inputs
+            LLAP IO: all inputs
         Reducer 2 
             Execution mode: llap
             Reduce Operator Tree:
@@ -201,7 +201,7 @@ STAGE PLANS:
                         Statistics: Num rows: 25 Data size: 4375 Basic stats: COMPLETE Column stats: COMPLETE
                         value expressions: _col1 (type: string)
             Execution mode: vectorized, llap
-            LLAP IO: no inputs
+            LLAP IO: all inputs
         Map 4 
             Map Operator Tree:
                 TableScan
@@ -223,7 +223,7 @@ STAGE PLANS:
                         Statistics: Num rows: 500 Data size: 89000 Basic stats: COMPLETE Column stats: COMPLETE
                         value expressions: _col1 (type: string)
             Execution mode: vectorized, llap
-            LLAP IO: no inputs
+            LLAP IO: all inputs
         Reducer 2 
             Execution mode: llap
             Reduce Operator Tree:
@@ -355,7 +355,7 @@ STAGE PLANS:
                         Statistics: Num rows: 2 Data size: 350 Basic stats: COMPLETE Column stats: COMPLETE
                         value expressions: _col0 (type: string), _col1 (type: string)
             Execution mode: vectorized, llap
-            LLAP IO: no inputs
+            LLAP IO: all inputs
         Map 4 
             Map Operator Tree:
                 TableScan
@@ -375,7 +375,7 @@ STAGE PLANS:
                         Statistics: Num rows: 55 Data size: 9790 Basic stats: COMPLETE Column stats: COMPLETE
                         value expressions: _col0 (type: string), _col1 (type: string)
             Execution mode: vectorized, llap
-            LLAP IO: no inputs
+            LLAP IO: all inputs
         Reducer 2 
             Execution mode: llap
             Reduce Operator Tree:
@@ -498,7 +498,7 @@ STAGE PLANS:
                       Statistics: Num rows: 25 Data size: 4475 Basic stats: COMPLETE Column stats: COMPLETE
                       value expressions: _col0 (type: string), _col1 (type: string), _col2 (type: boolean)
             Execution mode: vectorized, llap
-            LLAP IO: no inputs
+            LLAP IO: all inputs
         Map 4 
             Map Operator Tree:
                 TableScan
@@ -514,7 +514,7 @@ STAGE PLANS:
                       Statistics: Num rows: 500 Data size: 91000 Basic stats: COMPLETE Column stats: COMPLETE
                       value expressions: _col0 (type: string), _col1 (type: string), _col2 (type: boolean)
             Execution mode: vectorized, llap
-            LLAP IO: no inputs
+            LLAP IO: all inputs
         Reducer 2 
             Execution mode: llap
             Reduce Operator Tree:
@@ -650,7 +650,7 @@ STAGE PLANS:
                       Statistics: Num rows: 25 Data size: 4575 Basic stats: COMPLETE Column stats: COMPLETE
                       value expressions: _col0 (type: string), _col1 (type: string), _col2 (type: double)
             Execution mode: vectorized, llap
-            LLAP IO: no inputs
+            LLAP IO: all inputs
         Map 4 
             Map Operator Tree:
                 TableScan
@@ -666,7 +666,7 @@ STAGE PLANS:
                       Statistics: Num rows: 500 Data size: 93000 Basic stats: COMPLETE Column stats: COMPLETE
                       value expressions: _col0 (type: string), _col1 (type: string), _col2 (type: double)
             Execution mode: vectorized, llap
-            LLAP IO: no inputs
+            LLAP IO: all inputs
         Reducer 2 
             Execution mode: llap
             Reduce Operator Tree:
@@ -796,7 +796,7 @@ STAGE PLANS:
                       Statistics: Num rows: 25 Data size: 4575 Basic stats: COMPLETE Column stats: COMPLETE
                       value expressions: _col0 (type: string), _col1 (type: string), _col2 (type: double)
             Execution mode: vectorized, llap
-            LLAP IO: no inputs
+            LLAP IO: all inputs
         Map 4 
             Map Operator Tree:
                 TableScan
@@ -812,7 +812,7 @@ STAGE PLANS:
                       Statistics: Num rows: 500 Data size: 93000 Basic stats: COMPLETE Column stats: COMPLETE
                       value expressions: _col0 (type: string), _col1 (type: string), _col2 (type: double)
             Execution mode: vectorized, llap
-            LLAP IO: no inputs
+            LLAP IO: all inputs
         Reducer 2 
             Execution mode: llap
             Reduce Operator Tree:
@@ -944,7 +944,7 @@ STAGE PLANS:
                       Statistics: Num rows: 25 Data size: 4575 Basic stats: COMPLETE Column stats: COMPLETE
                       value expressions: _col0 (type: string), _col1 (type: string), _col2 (type: double)
             Execution mode: vectorized, llap
-            LLAP IO: no inputs
+            LLAP IO: all inputs
         Map 4 
             Map Operator Tree:
                 TableScan
@@ -960,7 +960,7 @@ STAGE PLANS:
                       Statistics: Num rows: 500 Data size: 93000 Basic stats: COMPLETE Column stats: COMPLETE
                       value expressions: _col0 (type: string), _col1 (type: string), _col2 (type: double)
             Execution mode: vectorized, llap
-            LLAP IO: no inputs
+            LLAP IO: all inputs
         Reducer 2 
             Execution mode: llap
             Reduce Operator Tree:
@@ -1085,7 +1085,7 @@ STAGE PLANS:
                       Statistics: Num rows: 500 Data size: 89000 Basic stats: COMPLETE Column stats: COMPLETE
                       value expressions: _col1 (type: string)
             Execution mode: vectorized, llap
-            LLAP IO: no inputs
+            LLAP IO: all inputs
         Map 5 
             Map Operator Tree:
                 TableScan
@@ -1115,7 +1115,7 @@ STAGE PLANS:
                       Statistics: Num rows: 25 Data size: 4375 Basic stats: COMPLETE Column stats: COMPLETE
                       value expressions: _col0 (type: string), _col1 (type: string)
             Execution mode: vectorized, llap
-            LLAP IO: no inputs
+            LLAP IO: all inputs
         Reducer 2 
             Execution mode: llap
             Reduce Operator Tree:
@@ -1268,7 +1268,7 @@ STAGE PLANS:
                       Statistics: Num rows: 500 Data size: 93000 Basic stats: COMPLETE Column stats: COMPLETE
                       value expressions: _col1 (type: string), _col2 (type: double)
             Execution mode: vectorized, llap
-            LLAP IO: no inputs
+            LLAP IO: all inputs
         Map 5 
             Map Operator Tree:
                 TableScan
@@ -1298,7 +1298,7 @@ STAGE PLANS:
                       Statistics: Num rows: 25 Data size: 4575 Basic stats: COMPLETE Column stats: COMPLETE
                       value expressions: _col0 (type: string), _col1 (type: string), _col2 (type: double)
             Execution mode: vectorized, llap
-            LLAP IO: no inputs
+            LLAP IO: all inputs
         Reducer 2 
             Execution mode: llap
             Reduce Operator Tree:
@@ -1453,7 +1453,7 @@ STAGE PLANS:
                         Statistics: Num rows: 500 Data size: 89000 Basic stats: COMPLETE Column stats: COMPLETE
                         value expressions: _col0 (type: string), _col1 (type: string)
             Execution mode: vectorized, llap
-            LLAP IO: no inputs
+            LLAP IO: all inputs
         Map 5 
             Map Operator Tree:
                 TableScan
@@ -1476,7 +1476,7 @@ STAGE PLANS:
                       Statistics: Num rows: 25 Data size: 4375 Basic stats: COMPLETE Column stats: COMPLETE
                       value expressions: _col1 (type: string)
             Execution mode: vectorized, llap
-            LLAP IO: no inputs
+            LLAP IO: all inputs
         Reducer 2 
             Execution mode: llap
             Reduce Operator Tree:
@@ -1631,7 +1631,7 @@ STAGE PLANS:
                         Statistics: Num rows: 500 Data size: 93000 Basic stats: COMPLETE Column stats: COMPLETE
                         value expressions: _col1 (type: string), _col2 (type: double)
             Execution mode: vectorized, llap
-            LLAP IO: no inputs
+            LLAP IO: all inputs
         Map 5 
             Map Operator Tree:
                 TableScan
@@ -1658,7 +1658,7 @@ STAGE PLANS:
                       Statistics: Num rows: 25 Data size: 4575 Basic stats: COMPLETE Column stats: COMPLETE
                       value expressions: _col0 (type: string), _col1 (type: string), _col2 (type: double)
             Execution mode: vectorized, llap
-            LLAP IO: no inputs
+            LLAP IO: all inputs
         Reducer 2 
             Execution mode: llap
             Reduce Operator Tree:
@@ -1799,7 +1799,7 @@ STAGE PLANS:
                       Statistics: Num rows: 500 Data size: 89000 Basic stats: COMPLETE Column stats: COMPLETE
                       value expressions: _col0 (type: string), _col1 (type: string)
             Execution mode: vectorized, llap
-            LLAP IO: no inputs
+            LLAP IO: all inputs
         Map 5 
             Map Operator Tree:
                 TableScan
@@ -1822,7 +1822,7 @@ STAGE PLANS:
                       Statistics: Num rows: 25 Data size: 4375 Basic stats: COMPLETE Column stats: COMPLETE
                       value expressions: _col1 (type: string)
             Execution mode: vectorized, llap
-            LLAP IO: no inputs
+            LLAP IO: all inputs
         Reducer 2 
             Execution mode: llap
             Reduce Operator Tree:
@@ -1973,7 +1973,7 @@ STAGE PLANS:
                       Statistics: Num rows: 500 Data size: 93000 Basic stats: COMPLETE Column stats: COMPLETE
                       value expressions: _col1 (type: string), _col2 (type: double)
             Execution mode: vectorized, llap
-            LLAP IO: no inputs
+            LLAP IO: all inputs
         Map 5 
             Map Operator Tree:
                 TableScan
@@ -2000,7 +2000,7 @@ STAGE PLANS:
                       Statistics: Num rows: 25 Data size: 4575 Basic stats: COMPLETE Column stats: COMPLETE
                       value expressions: _col0 (type: string), _col1 (type: string), _col2 (type: double)
             Execution mode: vectorized, llap
-            LLAP IO: no inputs
+            LLAP IO: all inputs
         Reducer 2 
             Execution mode: llap
             Reduce Operator Tree:
@@ -2182,7 +2182,7 @@ STAGE PLANS:
                         Statistics: Num rows: 18 Data size: 6406 Basic stats: COMPLETE Column stats: COMPLETE
                         value expressions: _col1 (type: string), _col2 (type: int), _col3 (type: float), _col4 (type: boolean), _col5 (type: string)
             Execution mode: vectorized, llap
-            LLAP IO: no inputs
+            LLAP IO: all inputs
         Map 7 
             Map Operator Tree:
                 TableScan
@@ -2205,7 +2205,7 @@ STAGE PLANS:
                       Statistics: Num rows: 20 Data size: 7138 Basic stats: COMPLETE Column stats: COMPLETE
                       value expressions: _col1 (type: string), _col2 (type: int), _col3 (type: float), _col4 (type: boolean), _col5 (type: string)
             Execution mode: vectorized, llap
-            LLAP IO: no inputs
+            LLAP IO: all inputs
         Reducer 2 
             Execution mode: llap
             Reduce Operator Tree:
diff --git a/ql/src/test/results/clientpositive/llap/join5.q.out b/ql/src/test/results/clientpositive/llap/join5.q.out
index 64a9b10fc6..e0758aa49d 100644
--- a/ql/src/test/results/clientpositive/llap/join5.q.out
+++ b/ql/src/test/results/clientpositive/llap/join5.q.out
@@ -76,7 +76,7 @@ STAGE PLANS:
                         Statistics: Num rows: 55 Data size: 9790 Basic stats: COMPLETE Column stats: COMPLETE
                         value expressions: _col1 (type: string)
             Execution mode: vectorized, llap
-            LLAP IO: no inputs
+            LLAP IO: all inputs
         Map 4 
             Map Operator Tree:
                 TableScan
@@ -98,7 +98,7 @@ STAGE PLANS:
                         Statistics: Num rows: 55 Data size: 9790 Basic stats: COMPLETE Column stats: COMPLETE
                         value expressions: _col1 (type: string)
             Execution mode: vectorized, llap
-            LLAP IO: no inputs
+            LLAP IO: all inputs
         Reducer 2 
             Execution mode: llap
             Reduce Operator Tree:
diff --git a/ql/src/test/results/clientpositive/llap/join6.q.out b/ql/src/test/results/clientpositive/llap/join6.q.out
index 2d5151ab69..79f086ffd6 100644
--- a/ql/src/test/results/clientpositive/llap/join6.q.out
+++ b/ql/src/test/results/clientpositive/llap/join6.q.out
@@ -76,7 +76,7 @@ STAGE PLANS:
                         Statistics: Num rows: 55 Data size: 9790 Basic stats: COMPLETE Column stats: COMPLETE
                         value expressions: _col1 (type: string)
             Execution mode: vectorized, llap
-            LLAP IO: no inputs
+            LLAP IO: all inputs
         Map 4 
             Map Operator Tree:
                 TableScan
@@ -98,7 +98,7 @@ STAGE PLANS:
                         Statistics: Num rows: 55 Data size: 9790 Basic stats: COMPLETE Column stats: COMPLETE
                         value expressions: _col1 (type: string)
             Execution mode: vectorized, llap
-            LLAP IO: no inputs
+            LLAP IO: all inputs
         Reducer 2 
             Execution mode: llap
             Reduce Operator Tree:
diff --git a/ql/src/test/results/clientpositive/llap/join7.q.out b/ql/src/test/results/clientpositive/llap/join7.q.out
index 90756133f3..5770dc8520 100644
--- a/ql/src/test/results/clientpositive/llap/join7.q.out
+++ b/ql/src/test/results/clientpositive/llap/join7.q.out
@@ -101,7 +101,7 @@ STAGE PLANS:
                         Statistics: Num rows: 55 Data size: 9790 Basic stats: COMPLETE Column stats: COMPLETE
                         value expressions: _col1 (type: string)
             Execution mode: vectorized, llap
-            LLAP IO: no inputs
+            LLAP IO: all inputs
         Map 5 
             Map Operator Tree:
                 TableScan
@@ -123,7 +123,7 @@ STAGE PLANS:
                         Statistics: Num rows: 55 Data size: 9790 Basic stats: COMPLETE Column stats: COMPLETE
                         value expressions: _col1 (type: string)
             Execution mode: vectorized, llap
-            LLAP IO: no inputs
+            LLAP IO: all inputs
         Reducer 2 
             Execution mode: llap
             Reduce Operator Tree:
diff --git a/ql/src/test/results/clientpositive/llap/join8.q.out b/ql/src/test/results/clientpositive/llap/join8.q.out
index 74ce7592c4..06be5bceae 100644
--- a/ql/src/test/results/clientpositive/llap/join8.q.out
+++ b/ql/src/test/results/clientpositive/llap/join8.q.out
@@ -76,7 +76,7 @@ STAGE PLANS:
                         Statistics: Num rows: 55 Data size: 9790 Basic stats: COMPLETE Column stats: COMPLETE
                         value expressions: _col1 (type: string)
             Execution mode: vectorized, llap
-            LLAP IO: no inputs
+            LLAP IO: all inputs
         Map 4 
             Map Operator Tree:
                 TableScan
@@ -98,7 +98,7 @@ STAGE PLANS:
                         Statistics: Num rows: 55 Data size: 9790 Basic stats: COMPLETE Column stats: COMPLETE
                         value expressions: _col1 (type: string)
             Execution mode: vectorized, llap
-            LLAP IO: no inputs
+            LLAP IO: all inputs
         Reducer 2 
             Execution mode: llap
             Reduce Operator Tree:
diff --git a/ql/src/test/results/clientpositive/llap/join9.q.out b/ql/src/test/results/clientpositive/llap/join9.q.out
index 156566fd94..83f075eee0 100644
--- a/ql/src/test/results/clientpositive/llap/join9.q.out
+++ b/ql/src/test/results/clientpositive/llap/join9.q.out
@@ -70,7 +70,7 @@ STAGE PLANS:
                         tag: 0
                         auto parallelism: true
             Execution mode: vectorized, llap
-            LLAP IO: no inputs
+            LLAP IO: all inputs
             Path -> Alias:
 #### A masked pattern was here ####
             Path -> Partition:
@@ -140,7 +140,7 @@ STAGE PLANS:
                         value expressions: _col1 (type: string)
                         auto parallelism: true
             Execution mode: vectorized, llap
-            LLAP IO: no inputs
+            LLAP IO: all inputs
             Path -> Alias:
 #### A masked pattern was here ####
             Path -> Partition:
diff --git a/ql/src/test/results/clientpositive/llap/join_alt_syntax.q.out b/ql/src/test/results/clientpositive/llap/join_alt_syntax.q.out
index c41bf0df9c..1da1770c18 100644
--- a/ql/src/test/results/clientpositive/llap/join_alt_syntax.q.out
+++ b/ql/src/test/results/clientpositive/llap/join_alt_syntax.q.out
@@ -36,7 +36,7 @@ STAGE PLANS:
                       Statistics: Num rows: 26 Data size: 3146 Basic stats: COMPLETE Column stats: COMPLETE
                       value expressions: _col0 (type: string)
             Execution mode: vectorized, llap
-            LLAP IO: no inputs
+            LLAP IO: all inputs
         Map 3 
             Map Operator Tree:
                 TableScan
@@ -52,7 +52,7 @@ STAGE PLANS:
                       Statistics: Num rows: 26 Data size: 3146 Basic stats: COMPLETE Column stats: COMPLETE
                       value expressions: _col0 (type: string)
             Execution mode: vectorized, llap
-            LLAP IO: no inputs
+            LLAP IO: all inputs
         Reducer 2 
             Execution mode: llap
             Reduce Operator Tree:
@@ -129,7 +129,7 @@ STAGE PLANS:
                         Map-reduce partition columns: _col0 (type: string)
                         Statistics: Num rows: 26 Data size: 3146 Basic stats: COMPLETE Column stats: COMPLETE
             Execution mode: vectorized, llap
-            LLAP IO: no inputs
+            LLAP IO: all inputs
         Map 4 
             Map Operator Tree:
                 TableScan
@@ -150,7 +150,7 @@ STAGE PLANS:
                         Map-reduce partition columns: _col0 (type: string)
                         Statistics: Num rows: 26 Data size: 3146 Basic stats: COMPLETE Column stats: COMPLETE
             Execution mode: vectorized, llap
-            LLAP IO: no inputs
+            LLAP IO: all inputs
         Reducer 2 
             Execution mode: llap
             Reduce Operator Tree:
@@ -245,7 +245,7 @@ STAGE PLANS:
                         Map-reduce partition columns: _col0 (type: string)
                         Statistics: Num rows: 26 Data size: 3146 Basic stats: COMPLETE Column stats: COMPLETE
             Execution mode: vectorized, llap
-            LLAP IO: no inputs
+            LLAP IO: all inputs
         Map 4 
             Map Operator Tree:
                 TableScan
@@ -266,7 +266,7 @@ STAGE PLANS:
                         Map-reduce partition columns: _col0 (type: string)
                         Statistics: Num rows: 26 Data size: 3146 Basic stats: COMPLETE Column stats: COMPLETE
             Execution mode: vectorized, llap
-            LLAP IO: no inputs
+            LLAP IO: all inputs
         Reducer 2 
             Execution mode: llap
             Reduce Operator Tree:
@@ -365,7 +365,7 @@ STAGE PLANS:
                       Statistics: Num rows: 26 Data size: 3250 Basic stats: COMPLETE Column stats: COMPLETE
                       value expressions: _col0 (type: int), _col1 (type: string)
             Execution mode: vectorized, llap
-            LLAP IO: no inputs
+            LLAP IO: all inputs
         Map 4 
             Map Operator Tree:
                 TableScan
@@ -386,7 +386,7 @@ STAGE PLANS:
                         Map-reduce partition columns: _col0 (type: string)
                         Statistics: Num rows: 26 Data size: 3146 Basic stats: COMPLETE Column stats: COMPLETE
             Execution mode: vectorized, llap
-            LLAP IO: no inputs
+            LLAP IO: all inputs
         Reducer 2 
             Execution mode: llap
             Reduce Operator Tree:
@@ -489,7 +489,7 @@ STAGE PLANS:
                         Statistics: Num rows: 26 Data size: 3250 Basic stats: COMPLETE Column stats: COMPLETE
                         value expressions: _col0 (type: int)
             Execution mode: vectorized, llap
-            LLAP IO: no inputs
+            LLAP IO: all inputs
         Map 5 
             Map Operator Tree:
                 TableScan
@@ -524,7 +524,7 @@ STAGE PLANS:
                         Map-reduce partition columns: _col0 (type: string)
                         Statistics: Num rows: 26 Data size: 3146 Basic stats: COMPLETE Column stats: COMPLETE
             Execution mode: vectorized, llap
-            LLAP IO: no inputs
+            LLAP IO: all inputs
         Reducer 2 
             Execution mode: llap
             Reduce Operator Tree:
@@ -646,7 +646,7 @@ STAGE PLANS:
                         Statistics: Num rows: 26 Data size: 3250 Basic stats: COMPLETE Column stats: COMPLETE
                         value expressions: _col0 (type: int)
             Execution mode: vectorized, llap
-            LLAP IO: no inputs
+            LLAP IO: all inputs
         Map 5 
             Map Operator Tree:
                 TableScan
@@ -681,7 +681,7 @@ STAGE PLANS:
                         Map-reduce partition columns: _col0 (type: string)
                         Statistics: Num rows: 26 Data size: 3146 Basic stats: COMPLETE Column stats: COMPLETE
             Execution mode: vectorized, llap
-            LLAP IO: no inputs
+            LLAP IO: all inputs
         Reducer 2 
             Execution mode: llap
             Reduce Operator Tree:
diff --git a/ql/src/test/results/clientpositive/llap/join_by_range_rule_not_null.q.out b/ql/src/test/results/clientpositive/llap/join_by_range_rule_not_null.q.out
index 8d3e049912..3cfecc3725 100644
--- a/ql/src/test/results/clientpositive/llap/join_by_range_rule_not_null.q.out
+++ b/ql/src/test/results/clientpositive/llap/join_by_range_rule_not_null.q.out
@@ -41,7 +41,7 @@ STAGE PLANS:
                         Statistics: Num rows: 500 Data size: 89000 Basic stats: COMPLETE Column stats: COMPLETE
                         value expressions: _col1 (type: string)
             Execution mode: vectorized, llap
-            LLAP IO: no inputs
+            LLAP IO: all inputs
         Map 3 
             Map Operator Tree:
                 TableScan
@@ -63,7 +63,7 @@ STAGE PLANS:
                         Statistics: Num rows: 25 Data size: 4375 Basic stats: COMPLETE Column stats: COMPLETE
                         value expressions: _col1 (type: string)
             Execution mode: vectorized, llap
-            LLAP IO: no inputs
+            LLAP IO: all inputs
         Reducer 2 
             Execution mode: llap
             Reduce Operator Tree:
@@ -131,7 +131,7 @@ STAGE PLANS:
                         Statistics: Num rows: 500 Data size: 89000 Basic stats: COMPLETE Column stats: COMPLETE
                         value expressions: _col0 (type: string), _col1 (type: string)
             Execution mode: vectorized, llap
-            LLAP IO: no inputs
+            LLAP IO: all inputs
         Map 3 
             Map Operator Tree:
                 TableScan
@@ -151,7 +151,7 @@ STAGE PLANS:
                         Statistics: Num rows: 25 Data size: 4375 Basic stats: COMPLETE Column stats: COMPLETE
                         value expressions: _col0 (type: string), _col1 (type: string)
             Execution mode: vectorized, llap
-            LLAP IO: no inputs
+            LLAP IO: all inputs
         Reducer 2 
             Execution mode: llap
             Reduce Operator Tree:
@@ -221,7 +221,7 @@ STAGE PLANS:
                         Statistics: Num rows: 500 Data size: 89000 Basic stats: COMPLETE Column stats: COMPLETE
                         value expressions: _col1 (type: string)
             Execution mode: vectorized, llap
-            LLAP IO: no inputs
+            LLAP IO: all inputs
         Map 3 
             Map Operator Tree:
                 TableScan
@@ -243,7 +243,7 @@ STAGE PLANS:
                         Statistics: Num rows: 25 Data size: 4375 Basic stats: COMPLETE Column stats: COMPLETE
                         value expressions: _col1 (type: string)
             Execution mode: vectorized, llap
-            LLAP IO: no inputs
+            LLAP IO: all inputs
         Reducer 2 
             Execution mode: llap
             Reduce Operator Tree:
@@ -312,7 +312,7 @@ STAGE PLANS:
                         Statistics: Num rows: 500 Data size: 89000 Basic stats: COMPLETE Column stats: COMPLETE
                         value expressions: _col0 (type: string), _col1 (type: string)
             Execution mode: vectorized, llap
-            LLAP IO: no inputs
+            LLAP IO: all inputs
         Map 3 
             Map Operator Tree:
                 TableScan
@@ -332,7 +332,7 @@ STAGE PLANS:
                         Statistics: Num rows: 25 Data size: 4375 Basic stats: COMPLETE Column stats: COMPLETE
                         value expressions: _col0 (type: string), _col1 (type: string)
             Execution mode: vectorized, llap
-            LLAP IO: no inputs
+            LLAP IO: all inputs
         Reducer 2 
             Execution mode: llap
             Reduce Operator Tree:
@@ -397,7 +397,7 @@ STAGE PLANS:
                       Statistics: Num rows: 500 Data size: 89000 Basic stats: COMPLETE Column stats: COMPLETE
                       value expressions: _col0 (type: string), _col1 (type: string)
             Execution mode: vectorized, llap
-            LLAP IO: no inputs
+            LLAP IO: all inputs
         Map 3 
             Map Operator Tree:
                 TableScan
@@ -413,7 +413,7 @@ STAGE PLANS:
                       Statistics: Num rows: 25 Data size: 4375 Basic stats: COMPLETE Column stats: COMPLETE
                       value expressions: _col0 (type: string), _col1 (type: string)
             Execution mode: vectorized, llap
-            LLAP IO: no inputs
+            LLAP IO: all inputs
         Reducer 2 
             Execution mode: llap
             Reduce Operator Tree:
@@ -473,7 +473,7 @@ STAGE PLANS:
                     Statistics: Num rows: 500 Data size: 89000 Basic stats: COMPLETE Column stats: COMPLETE
                     value expressions: key (type: string), value (type: string)
             Execution mode: vectorized, llap
-            LLAP IO: no inputs
+            LLAP IO: all inputs
         Map 3 
             Map Operator Tree:
                 TableScan
@@ -485,7 +485,7 @@ STAGE PLANS:
                     Statistics: Num rows: 25 Data size: 4375 Basic stats: COMPLETE Column stats: COMPLETE
                     value expressions: key (type: string), value (type: string)
             Execution mode: vectorized, llap
-            LLAP IO: no inputs
+            LLAP IO: all inputs
         Reducer 2 
             Execution mode: llap
             Reduce Operator Tree:
diff --git a/ql/src/test/results/clientpositive/llap/join_cond_pushdown_1.q.out b/ql/src/test/results/clientpositive/llap/join_cond_pushdown_1.q.out
index d415c6245d..3c702e1773 100644
--- a/ql/src/test/results/clientpositive/llap/join_cond_pushdown_1.q.out
+++ b/ql/src/test/results/clientpositive/llap/join_cond_pushdown_1.q.out
@@ -49,7 +49,7 @@ STAGE PLANS:
                         Statistics: Num rows: 26 Data size: 16094 Basic stats: COMPLETE Column stats: COMPLETE
                         value expressions: _col0 (type: int), _col2 (type: string), _col3 (type: string), _col4 (type: string), _col5 (type: int), _col6 (type: string), _col7 (type: double), _col8 (type: string)
             Execution mode: vectorized, llap
-            LLAP IO: no inputs
+            LLAP IO: all inputs
         Map 4 
             Map Operator Tree:
                 TableScan
@@ -71,7 +71,7 @@ STAGE PLANS:
                         Statistics: Num rows: 26 Data size: 16094 Basic stats: COMPLETE Column stats: COMPLETE
                         value expressions: _col0 (type: int), _col2 (type: string), _col3 (type: string), _col4 (type: string), _col5 (type: int), _col6 (type: string), _col7 (type: double), _col8 (type: string)
             Execution mode: vectorized, llap
-            LLAP IO: no inputs
+            LLAP IO: all inputs
         Reducer 2 
             Execution mode: llap
             Reduce Operator Tree:
@@ -166,7 +166,7 @@ STAGE PLANS:
                         Statistics: Num rows: 26 Data size: 16094 Basic stats: COMPLETE Column stats: COMPLETE
                         value expressions: _col0 (type: int), _col2 (type: string), _col3 (type: string), _col4 (type: string), _col5 (type: int), _col6 (type: string), _col7 (type: double), _col8 (type: string)
             Execution mode: vectorized, llap
-            LLAP IO: no inputs
+            LLAP IO: all inputs
         Map 4 
             Map Operator Tree:
                 TableScan
@@ -188,7 +188,7 @@ STAGE PLANS:
                         Statistics: Num rows: 26 Data size: 16094 Basic stats: COMPLETE Column stats: COMPLETE
                         value expressions: _col0 (type: int), _col2 (type: string), _col3 (type: string), _col4 (type: string), _col5 (type: int), _col6 (type: string), _col7 (type: double), _col8 (type: string)
             Execution mode: vectorized, llap
-            LLAP IO: no inputs
+            LLAP IO: all inputs
         Reducer 2 
             Execution mode: llap
             Reduce Operator Tree:
@@ -277,7 +277,7 @@ STAGE PLANS:
                         Statistics: Num rows: 26 Data size: 16094 Basic stats: COMPLETE Column stats: COMPLETE
                         value expressions: _col0 (type: int), _col2 (type: string), _col3 (type: string), _col4 (type: string), _col5 (type: int), _col6 (type: string), _col7 (type: double), _col8 (type: string)
             Execution mode: vectorized, llap
-            LLAP IO: no inputs
+            LLAP IO: all inputs
         Map 4 
             Map Operator Tree:
                 TableScan
@@ -307,7 +307,7 @@ STAGE PLANS:
                         Statistics: Num rows: 26 Data size: 16094 Basic stats: COMPLETE Column stats: COMPLETE
                         value expressions: _col0 (type: int), _col2 (type: string), _col3 (type: string), _col4 (type: string), _col5 (type: int), _col6 (type: string), _col7 (type: double), _col8 (type: string)
             Execution mode: vectorized, llap
-            LLAP IO: no inputs
+            LLAP IO: all inputs
         Reducer 2 
             Execution mode: llap
             Reduce Operator Tree:
@@ -399,7 +399,7 @@ STAGE PLANS:
                         Statistics: Num rows: 1 Data size: 615 Basic stats: COMPLETE Column stats: COMPLETE
                         value expressions: _col1 (type: string), _col2 (type: string), _col3 (type: string), _col4 (type: int), _col5 (type: string), _col6 (type: double), _col7 (type: string)
             Execution mode: vectorized, llap
-            LLAP IO: no inputs
+            LLAP IO: all inputs
         Map 4 
             Map Operator Tree:
                 TableScan
@@ -429,7 +429,7 @@ STAGE PLANS:
                         Statistics: Num rows: 26 Data size: 16094 Basic stats: COMPLETE Column stats: COMPLETE
                         value expressions: _col0 (type: int), _col2 (type: string), _col3 (type: string), _col4 (type: string), _col5 (type: int), _col6 (type: string), _col7 (type: double), _col8 (type: string)
             Execution mode: vectorized, llap
-            LLAP IO: no inputs
+            LLAP IO: all inputs
         Reducer 2 
             Execution mode: llap
             Reduce Operator Tree:
diff --git a/ql/src/test/results/clientpositive/llap/join_cond_pushdown_2.q.out b/ql/src/test/results/clientpositive/llap/join_cond_pushdown_2.q.out
index e0d62a5007..1602c41e64 100644
--- a/ql/src/test/results/clientpositive/llap/join_cond_pushdown_2.q.out
+++ b/ql/src/test/results/clientpositive/llap/join_cond_pushdown_2.q.out
@@ -50,7 +50,7 @@ STAGE PLANS:
                         Statistics: Num rows: 26 Data size: 16094 Basic stats: COMPLETE Column stats: COMPLETE
                         value expressions: _col0 (type: int), _col2 (type: string), _col3 (type: string), _col4 (type: string), _col5 (type: int), _col6 (type: string), _col7 (type: double), _col8 (type: string)
             Execution mode: vectorized, llap
-            LLAP IO: no inputs
+            LLAP IO: all inputs
         Map 5 
             Map Operator Tree:
                 TableScan
@@ -79,7 +79,7 @@ STAGE PLANS:
                         Statistics: Num rows: 26 Data size: 16094 Basic stats: COMPLETE Column stats: COMPLETE
                         value expressions: _col0 (type: int), _col2 (type: string), _col3 (type: string), _col4 (type: string), _col5 (type: int), _col6 (type: string), _col7 (type: double), _col8 (type: string)
             Execution mode: vectorized, llap
-            LLAP IO: no inputs
+            LLAP IO: all inputs
         Reducer 2 
             Execution mode: llap
             Reduce Operator Tree:
@@ -206,7 +206,7 @@ STAGE PLANS:
                         Statistics: Num rows: 26 Data size: 16094 Basic stats: COMPLETE Column stats: COMPLETE
                         value expressions: _col1 (type: string), _col2 (type: string), _col3 (type: string), _col4 (type: string), _col5 (type: int), _col6 (type: string), _col7 (type: double), _col8 (type: string)
             Execution mode: vectorized, llap
-            LLAP IO: no inputs
+            LLAP IO: all inputs
         Map 5 
             Map Operator Tree:
                 TableScan
@@ -242,7 +242,7 @@ STAGE PLANS:
                         Statistics: Num rows: 26 Data size: 16094 Basic stats: COMPLETE Column stats: COMPLETE
                         value expressions: _col1 (type: string), _col2 (type: string), _col3 (type: string), _col4 (type: string), _col5 (type: int), _col6 (type: string), _col7 (type: double), _col8 (type: string)
             Execution mode: vectorized, llap
-            LLAP IO: no inputs
+            LLAP IO: all inputs
         Reducer 2 
             Execution mode: llap
             Reduce Operator Tree:
diff --git a/ql/src/test/results/clientpositive/llap/join_cond_pushdown_3.q.out b/ql/src/test/results/clientpositive/llap/join_cond_pushdown_3.q.out
index 78b20d11d1..6f272f7d4f 100644
--- a/ql/src/test/results/clientpositive/llap/join_cond_pushdown_3.q.out
+++ b/ql/src/test/results/clientpositive/llap/join_cond_pushdown_3.q.out
@@ -51,7 +51,7 @@ STAGE PLANS:
                         Statistics: Num rows: 26 Data size: 16094 Basic stats: COMPLETE Column stats: COMPLETE
                         value expressions: _col0 (type: int), _col2 (type: string), _col3 (type: string), _col4 (type: string), _col5 (type: int), _col6 (type: string), _col7 (type: double), _col8 (type: string)
             Execution mode: vectorized, llap
-            LLAP IO: no inputs
+            LLAP IO: all inputs
         Map 4 
             Map Operator Tree:
                 TableScan
@@ -73,7 +73,7 @@ STAGE PLANS:
                         Statistics: Num rows: 26 Data size: 16094 Basic stats: COMPLETE Column stats: COMPLETE
                         value expressions: _col0 (type: int), _col2 (type: string), _col3 (type: string), _col4 (type: string), _col5 (type: int), _col6 (type: string), _col7 (type: double), _col8 (type: string)
             Execution mode: vectorized, llap
-            LLAP IO: no inputs
+            LLAP IO: all inputs
         Reducer 2 
             Execution mode: llap
             Reduce Operator Tree:
@@ -170,7 +170,7 @@ STAGE PLANS:
                         Statistics: Num rows: 26 Data size: 16094 Basic stats: COMPLETE Column stats: COMPLETE
                         value expressions: _col0 (type: int), _col2 (type: string), _col3 (type: string), _col4 (type: string), _col5 (type: int), _col6 (type: string), _col7 (type: double), _col8 (type: string)
             Execution mode: vectorized, llap
-            LLAP IO: no inputs
+            LLAP IO: all inputs
         Map 4 
             Map Operator Tree:
                 TableScan
@@ -192,7 +192,7 @@ STAGE PLANS:
                         Statistics: Num rows: 26 Data size: 16094 Basic stats: COMPLETE Column stats: COMPLETE
                         value expressions: _col0 (type: int), _col2 (type: string), _col3 (type: string), _col4 (type: string), _col5 (type: int), _col6 (type: string), _col7 (type: double), _col8 (type: string)
             Execution mode: vectorized, llap
-            LLAP IO: no inputs
+            LLAP IO: all inputs
         Reducer 2 
             Execution mode: llap
             Reduce Operator Tree:
@@ -283,7 +283,7 @@ STAGE PLANS:
                         Statistics: Num rows: 26 Data size: 16094 Basic stats: COMPLETE Column stats: COMPLETE
                         value expressions: _col0 (type: int), _col2 (type: string), _col3 (type: string), _col4 (type: string), _col5 (type: int), _col6 (type: string), _col7 (type: double), _col8 (type: string)
             Execution mode: vectorized, llap
-            LLAP IO: no inputs
+            LLAP IO: all inputs
         Map 4 
             Map Operator Tree:
                 TableScan
@@ -313,7 +313,7 @@ STAGE PLANS:
                         Statistics: Num rows: 26 Data size: 16094 Basic stats: COMPLETE Column stats: COMPLETE
                         value expressions: _col0 (type: int), _col2 (type: string), _col3 (type: string), _col4 (type: string), _col5 (type: int), _col6 (type: string), _col7 (type: double), _col8 (type: string)
             Execution mode: vectorized, llap
-            LLAP IO: no inputs
+            LLAP IO: all inputs
         Reducer 2 
             Execution mode: llap
             Reduce Operator Tree:
@@ -407,7 +407,7 @@ STAGE PLANS:
                         Statistics: Num rows: 1 Data size: 615 Basic stats: COMPLETE Column stats: COMPLETE
                         value expressions: _col1 (type: string), _col2 (type: string), _col3 (type: string), _col4 (type: int), _col5 (type: string), _col6 (type: double), _col7 (type: string)
             Execution mode: vectorized, llap
-            LLAP IO: no inputs
+            LLAP IO: all inputs
         Map 4 
             Map Operator Tree:
                 TableScan
@@ -437,7 +437,7 @@ STAGE PLANS:
                         Statistics: Num rows: 26 Data size: 16094 Basic stats: COMPLETE Column stats: COMPLETE
                         value expressions: _col0 (type: int), _col2 (type: string), _col3 (type: string), _col4 (type: string), _col5 (type: int), _col6 (type: string), _col7 (type: double), _col8 (type: string)
             Execution mode: vectorized, llap
-            LLAP IO: no inputs
+            LLAP IO: all inputs
         Reducer 2 
             Execution mode: llap
             Reduce Operator Tree:
diff --git a/ql/src/test/results/clientpositive/llap/join_cond_pushdown_4.q.out b/ql/src/test/results/clientpositive/llap/join_cond_pushdown_4.q.out
index 70373d5f71..6792286e6a 100644
--- a/ql/src/test/results/clientpositive/llap/join_cond_pushdown_4.q.out
+++ b/ql/src/test/results/clientpositive/llap/join_cond_pushdown_4.q.out
@@ -52,7 +52,7 @@ STAGE PLANS:
                         Statistics: Num rows: 26 Data size: 16094 Basic stats: COMPLETE Column stats: COMPLETE
                         value expressions: _col0 (type: int), _col2 (type: string), _col3 (type: string), _col4 (type: string), _col5 (type: int), _col6 (type: string), _col7 (type: double), _col8 (type: string)
             Execution mode: vectorized, llap
-            LLAP IO: no inputs
+            LLAP IO: all inputs
         Map 5 
             Map Operator Tree:
                 TableScan
@@ -81,7 +81,7 @@ STAGE PLANS:
                         Statistics: Num rows: 26 Data size: 16094 Basic stats: COMPLETE Column stats: COMPLETE
                         value expressions: _col0 (type: int), _col2 (type: string), _col3 (type: string), _col4 (type: string), _col5 (type: int), _col6 (type: string), _col7 (type: double), _col8 (type: string)
             Execution mode: vectorized, llap
-            LLAP IO: no inputs
+            LLAP IO: all inputs
         Reducer 2 
             Execution mode: llap
             Reduce Operator Tree:
@@ -210,7 +210,7 @@ STAGE PLANS:
                         Statistics: Num rows: 26 Data size: 16094 Basic stats: COMPLETE Column stats: COMPLETE
                         value expressions: _col1 (type: string), _col2 (type: string), _col3 (type: string), _col4 (type: string), _col5 (type: int), _col6 (type: string), _col7 (type: double), _col8 (type: string)
             Execution mode: vectorized, llap
-            LLAP IO: no inputs
+            LLAP IO: all inputs
         Map 5 
             Map Operator Tree:
                 TableScan
@@ -246,7 +246,7 @@ STAGE PLANS:
                         Statistics: Num rows: 26 Data size: 16094 Basic stats: COMPLETE Column stats: COMPLETE
                         value expressions: _col1 (type: string), _col2 (type: string), _col3 (type: string), _col4 (type: string), _col5 (type: int), _col6 (type: string), _col7 (type: double), _col8 (type: string)
             Execution mode: vectorized, llap
-            LLAP IO: no inputs
+            LLAP IO: all inputs
         Reducer 2 
             Execution mode: llap
             Reduce Operator Tree:
diff --git a/ql/src/test/results/clientpositive/llap/join_cond_pushdown_unqual1.q.out b/ql/src/test/results/clientpositive/llap/join_cond_pushdown_unqual1.q.out
index bf48209735..042647be7f 100644
--- a/ql/src/test/results/clientpositive/llap/join_cond_pushdown_unqual1.q.out
+++ b/ql/src/test/results/clientpositive/llap/join_cond_pushdown_unqual1.q.out
@@ -102,7 +102,7 @@ STAGE PLANS:
                         Statistics: Num rows: 1 Data size: 1120 Basic stats: COMPLETE Column stats: NONE
                         value expressions: _col0 (type: int), _col2 (type: string), _col3 (type: string), _col4 (type: string), _col5 (type: int), _col6 (type: string), _col7 (type: double), _col8 (type: string)
             Execution mode: vectorized, llap
-            LLAP IO: no inputs
+            LLAP IO: all inputs
         Map 4 
             Map Operator Tree:
                 TableScan
@@ -124,7 +124,7 @@ STAGE PLANS:
                         Statistics: Num rows: 1 Data size: 1120 Basic stats: COMPLETE Column stats: NONE
                         value expressions: _col0 (type: int), _col2 (type: string), _col3 (type: string), _col4 (type: string), _col5 (type: int), _col6 (type: string), _col7 (type: double), _col8 (type: string)
             Execution mode: vectorized, llap
-            LLAP IO: no inputs
+            LLAP IO: all inputs
         Map 5 
             Map Operator Tree:
                 TableScan
@@ -146,7 +146,7 @@ STAGE PLANS:
                         Statistics: Num rows: 26 Data size: 16094 Basic stats: COMPLETE Column stats: COMPLETE
                         value expressions: _col0 (type: int), _col2 (type: string), _col3 (type: string), _col4 (type: string), _col5 (type: int), _col6 (type: string), _col7 (type: double), _col8 (type: string)
             Execution mode: vectorized, llap
-            LLAP IO: no inputs
+            LLAP IO: all inputs
         Reducer 2 
             Execution mode: llap
             Reduce Operator Tree:
@@ -242,7 +242,7 @@ STAGE PLANS:
                         Statistics: Num rows: 1 Data size: 1120 Basic stats: COMPLETE Column stats: NONE
                         value expressions: _col0 (type: int), _col2 (type: string), _col3 (type: string), _col4 (type: string), _col5 (type: int), _col6 (type: string), _col7 (type: double), _col8 (type: string)
             Execution mode: vectorized, llap
-            LLAP IO: no inputs
+            LLAP IO: all inputs
         Map 4 
             Map Operator Tree:
                 TableScan
@@ -264,7 +264,7 @@ STAGE PLANS:
                         Statistics: Num rows: 1 Data size: 1120 Basic stats: COMPLETE Column stats: NONE
                         value expressions: _col0 (type: int), _col2 (type: string), _col3 (type: string), _col4 (type: string), _col5 (type: int), _col6 (type: string), _col7 (type: double), _col8 (type: string)
             Execution mode: vectorized, llap
-            LLAP IO: no inputs
+            LLAP IO: all inputs
         Map 5 
             Map Operator Tree:
                 TableScan
@@ -286,7 +286,7 @@ STAGE PLANS:
                         Statistics: Num rows: 26 Data size: 16094 Basic stats: COMPLETE Column stats: COMPLETE
                         value expressions: _col0 (type: int), _col2 (type: string), _col3 (type: string), _col4 (type: string), _col5 (type: int), _col6 (type: string), _col7 (type: double), _col8 (type: string)
             Execution mode: vectorized, llap
-            LLAP IO: no inputs
+            LLAP IO: all inputs
         Reducer 2 
             Execution mode: llap
             Reduce Operator Tree:
@@ -383,7 +383,7 @@ STAGE PLANS:
                         Statistics: Num rows: 1 Data size: 1120 Basic stats: COMPLETE Column stats: NONE
                         value expressions: _col0 (type: int), _col2 (type: string), _col3 (type: string), _col4 (type: string), _col5 (type: int), _col6 (type: string), _col7 (type: double), _col8 (type: string)
             Execution mode: vectorized, llap
-            LLAP IO: no inputs
+            LLAP IO: all inputs
         Map 4 
             Map Operator Tree:
                 TableScan
@@ -405,7 +405,7 @@ STAGE PLANS:
                         Statistics: Num rows: 1 Data size: 1120 Basic stats: COMPLETE Column stats: NONE
                         value expressions: _col0 (type: int), _col2 (type: string), _col3 (type: string), _col4 (type: string), _col5 (type: int), _col6 (type: string), _col7 (type: double), _col8 (type: string)
             Execution mode: vectorized, llap
-            LLAP IO: no inputs
+            LLAP IO: all inputs
         Map 5 
             Map Operator Tree:
                 TableScan
@@ -421,7 +421,7 @@ STAGE PLANS:
                       Statistics: Num rows: 26 Data size: 16094 Basic stats: COMPLETE Column stats: COMPLETE
                       value expressions: _col0 (type: int), _col1 (type: string), _col2 (type: string), _col3 (type: string), _col4 (type: string), _col5 (type: int), _col6 (type: string), _col7 (type: double), _col8 (type: string)
             Execution mode: vectorized, llap
-            LLAP IO: no inputs
+            LLAP IO: all inputs
         Reducer 2 
             Execution mode: llap
             Reduce Operator Tree:
@@ -517,7 +517,7 @@ STAGE PLANS:
                         Statistics: Num rows: 1 Data size: 1120 Basic stats: COMPLETE Column stats: NONE
                         value expressions: _col0 (type: int), _col2 (type: string), _col3 (type: string), _col4 (type: string), _col5 (type: int), _col6 (type: string), _col7 (type: double), _col8 (type: string)
             Execution mode: vectorized, llap
-            LLAP IO: no inputs
+            LLAP IO: all inputs
         Map 4 
             Map Operator Tree:
                 TableScan
@@ -539,7 +539,7 @@ STAGE PLANS:
                         Statistics: Num rows: 1 Data size: 1120 Basic stats: COMPLETE Column stats: NONE
                         value expressions: _col1 (type: string), _col2 (type: string), _col3 (type: string), _col4 (type: int), _col5 (type: string), _col6 (type: double), _col7 (type: string)
             Execution mode: vectorized, llap
-            LLAP IO: no inputs
+            LLAP IO: all inputs
         Map 5 
             Map Operator Tree:
                 TableScan
@@ -555,7 +555,7 @@ STAGE PLANS:
                       Statistics: Num rows: 26 Data size: 16094 Basic stats: COMPLETE Column stats: COMPLETE
                       value expressions: _col0 (type: int), _col1 (type: string), _col2 (type: string), _col3 (type: string), _col4 (type: string), _col5 (type: int), _col6 (type: string), _col7 (type: double), _col8 (type: string)
             Execution mode: vectorized, llap
-            LLAP IO: no inputs
+            LLAP IO: all inputs
         Reducer 2 
             Execution mode: llap
             Reduce Operator Tree:
diff --git a/ql/src/test/results/clientpositive/llap/join_cond_pushdown_unqual2.q.out b/ql/src/test/results/clientpositive/llap/join_cond_pushdown_unqual2.q.out
index c570eca4cb..8baa156704 100644
--- a/ql/src/test/results/clientpositive/llap/join_cond_pushdown_unqual2.q.out
+++ b/ql/src/test/results/clientpositive/llap/join_cond_pushdown_unqual2.q.out
@@ -103,7 +103,7 @@ STAGE PLANS:
                         Statistics: Num rows: 1 Data size: 1120 Basic stats: COMPLETE Column stats: NONE
                         value expressions: _col0 (type: int), _col2 (type: string), _col3 (type: string), _col4 (type: string), _col5 (type: int), _col6 (type: string), _col7 (type: double), _col8 (type: string)
             Execution mode: vectorized, llap
-            LLAP IO: no inputs
+            LLAP IO: all inputs
         Map 5 
             Map Operator Tree:
                 TableScan
@@ -125,7 +125,7 @@ STAGE PLANS:
                         Statistics: Num rows: 1 Data size: 1120 Basic stats: COMPLETE Column stats: NONE
                         value expressions: _col0 (type: int), _col2 (type: string), _col3 (type: string), _col4 (type: string), _col5 (type: int), _col6 (type: string), _col7 (type: double), _col8 (type: string)
             Execution mode: vectorized, llap
-            LLAP IO: no inputs
+            LLAP IO: all inputs
         Map 6 
             Map Operator Tree:
                 TableScan
@@ -154,7 +154,7 @@ STAGE PLANS:
                         Statistics: Num rows: 26 Data size: 16094 Basic stats: COMPLETE Column stats: COMPLETE
                         value expressions: _col0 (type: int), _col2 (type: string), _col3 (type: string), _col4 (type: string), _col5 (type: int), _col6 (type: string), _col7 (type: double), _col8 (type: string)
             Execution mode: vectorized, llap
-            LLAP IO: no inputs
+            LLAP IO: all inputs
         Reducer 2 
             Execution mode: llap
             Reduce Operator Tree:
@@ -271,7 +271,7 @@ STAGE PLANS:
                         Statistics: Num rows: 1 Data size: 1120 Basic stats: COMPLETE Column stats: NONE
                         value expressions: _col0 (type: int), _col2 (type: string), _col3 (type: string), _col4 (type: string), _col5 (type: int), _col6 (type: string), _col7 (type: double), _col8 (type: string)
             Execution mode: vectorized, llap
-            LLAP IO: no inputs
+            LLAP IO: all inputs
         Map 5 
             Map Operator Tree:
                 TableScan
@@ -293,7 +293,7 @@ STAGE PLANS:
                         Statistics: Num rows: 1 Data size: 1120 Basic stats: COMPLETE Column stats: NONE
                         value expressions: _col0 (type: int), _col2 (type: string), _col3 (type: string), _col4 (type: string), _col5 (type: int), _col6 (type: string), _col7 (type: double), _col8 (type: string)
             Execution mode: vectorized, llap
-            LLAP IO: no inputs
+            LLAP IO: all inputs
         Map 6 
             Map Operator Tree:
                 TableScan
@@ -329,7 +329,7 @@ STAGE PLANS:
                         Statistics: Num rows: 26 Data size: 16094 Basic stats: COMPLETE Column stats: COMPLETE
                         value expressions: _col1 (type: string), _col2 (type: string), _col3 (type: string), _col4 (type: string), _col5 (type: int), _col6 (type: string), _col7 (type: double), _col8 (type: string)
             Execution mode: vectorized, llap
-            LLAP IO: no inputs
+            LLAP IO: all inputs
         Reducer 2 
             Execution mode: llap
             Reduce Operator Tree:
diff --git a/ql/src/test/results/clientpositive/llap/join_cond_pushdown_unqual3.q.out b/ql/src/test/results/clientpositive/llap/join_cond_pushdown_unqual3.q.out
index 00c8519c2e..e9b6fc8e66 100644
--- a/ql/src/test/results/clientpositive/llap/join_cond_pushdown_unqual3.q.out
+++ b/ql/src/test/results/clientpositive/llap/join_cond_pushdown_unqual3.q.out
@@ -104,7 +104,7 @@ STAGE PLANS:
                         Statistics: Num rows: 1 Data size: 1120 Basic stats: COMPLETE Column stats: NONE
                         value expressions: _col0 (type: int), _col2 (type: string), _col3 (type: string), _col4 (type: string), _col5 (type: int), _col6 (type: string), _col7 (type: double), _col8 (type: string)
             Execution mode: vectorized, llap
-            LLAP IO: no inputs
+            LLAP IO: all inputs
         Map 4 
             Map Operator Tree:
                 TableScan
@@ -126,7 +126,7 @@ STAGE PLANS:
                         Statistics: Num rows: 1 Data size: 1120 Basic stats: COMPLETE Column stats: NONE
                         value expressions: _col0 (type: int), _col2 (type: string), _col3 (type: string), _col4 (type: string), _col5 (type: int), _col6 (type: string), _col7 (type: double), _col8 (type: string)
             Execution mode: vectorized, llap
-            LLAP IO: no inputs
+            LLAP IO: all inputs
         Map 5 
             Map Operator Tree:
                 TableScan
@@ -148,7 +148,7 @@ STAGE PLANS:
                         Statistics: Num rows: 26 Data size: 16094 Basic stats: COMPLETE Column stats: COMPLETE
                         value expressions: _col0 (type: int), _col2 (type: string), _col3 (type: string), _col4 (type: string), _col5 (type: int), _col6 (type: string), _col7 (type: double), _col8 (type: string)
             Execution mode: vectorized, llap
-            LLAP IO: no inputs
+            LLAP IO: all inputs
         Reducer 2 
             Execution mode: llap
             Reduce Operator Tree:
@@ -246,7 +246,7 @@ STAGE PLANS:
                         Statistics: Num rows: 1 Data size: 1120 Basic stats: COMPLETE Column stats: NONE
                         value expressions: _col0 (type: int), _col2 (type: string), _col3 (type: string), _col4 (type: string), _col5 (type: int), _col6 (type: string), _col7 (type: double), _col8 (type: string)
             Execution mode: vectorized, llap
-            LLAP IO: no inputs
+            LLAP IO: all inputs
         Map 4 
             Map Operator Tree:
                 TableScan
@@ -268,7 +268,7 @@ STAGE PLANS:
                         Statistics: Num rows: 1 Data size: 1120 Basic stats: COMPLETE Column stats: NONE
                         value expressions: _col0 (type: int), _col2 (type: string), _col3 (type: string), _col4 (type: string), _col5 (type: int), _col6 (type: string), _col7 (type: double), _col8 (type: string)
             Execution mode: vectorized, llap
-            LLAP IO: no inputs
+            LLAP IO: all inputs
         Map 5 
             Map Operator Tree:
                 TableScan
@@ -290,7 +290,7 @@ STAGE PLANS:
                         Statistics: Num rows: 26 Data size: 16094 Basic stats: COMPLETE Column stats: COMPLETE
                         value expressions: _col0 (type: int), _col2 (type: string), _col3 (type: string), _col4 (type: string), _col5 (type: int), _col6 (type: string), _col7 (type: double), _col8 (type: string)
             Execution mode: vectorized, llap
-            LLAP IO: no inputs
+            LLAP IO: all inputs
         Reducer 2 
             Execution mode: llap
             Reduce Operator Tree:
@@ -389,7 +389,7 @@ STAGE PLANS:
                         Statistics: Num rows: 1 Data size: 1120 Basic stats: COMPLETE Column stats: NONE
                         value expressions: _col0 (type: int), _col2 (type: string), _col3 (type: string), _col4 (type: string), _col5 (type: int), _col6 (type: string), _col7 (type: double), _col8 (type: string)
             Execution mode: vectorized, llap
-            LLAP IO: no inputs
+            LLAP IO: all inputs
         Map 4 
             Map Operator Tree:
                 TableScan
@@ -411,7 +411,7 @@ STAGE PLANS:
                         Statistics: Num rows: 1 Data size: 1120 Basic stats: COMPLETE Column stats: NONE
                         value expressions: _col0 (type: int), _col2 (type: string), _col3 (type: string), _col4 (type: string), _col5 (type: int), _col6 (type: string), _col7 (type: double), _col8 (type: string)
             Execution mode: vectorized, llap
-            LLAP IO: no inputs
+            LLAP IO: all inputs
         Map 5 
             Map Operator Tree:
                 TableScan
@@ -427,7 +427,7 @@ STAGE PLANS:
                       Statistics: Num rows: 26 Data size: 16094 Basic stats: COMPLETE Column stats: COMPLETE
                       value expressions: _col0 (type: int), _col1 (type: string), _col2 (type: string), _col3 (type: string), _col4 (type: string), _col5 (type: int), _col6 (type: string), _col7 (type: double), _col8 (type: string)
             Execution mode: vectorized, llap
-            LLAP IO: no inputs
+            LLAP IO: all inputs
         Reducer 2 
             Execution mode: llap
             Reduce Operator Tree:
@@ -525,7 +525,7 @@ STAGE PLANS:
                         Statistics: Num rows: 1 Data size: 1120 Basic stats: COMPLETE Column stats: NONE
                         value expressions: _col0 (type: int), _col2 (type: string), _col3 (type: string), _col4 (type: string), _col5 (type: int), _col6 (type: string), _col7 (type: double), _col8 (type: string)
             Execution mode: vectorized, llap
-            LLAP IO: no inputs
+            LLAP IO: all inputs
         Map 4 
             Map Operator Tree:
                 TableScan
@@ -547,7 +547,7 @@ STAGE PLANS:
                         Statistics: Num rows: 1 Data size: 1120 Basic stats: COMPLETE Column stats: NONE
                         value expressions: _col1 (type: string), _col2 (type: string), _col3 (type: string), _col4 (type: int), _col5 (type: string), _col6 (type: double), _col7 (type: string)
             Execution mode: vectorized, llap
-            LLAP IO: no inputs
+            LLAP IO: all inputs
         Map 5 
             Map Operator Tree:
                 TableScan
@@ -563,7 +563,7 @@ STAGE PLANS:
                       Statistics: Num rows: 26 Data size: 16094 Basic stats: COMPLETE Column stats: COMPLETE
                       value expressions: _col0 (type: int), _col1 (type: string), _col2 (type: string), _col3 (type: string), _col4 (type: string), _col5 (type: int), _col6 (type: string), _col7 (type: double), _col8 (type: string)
             Execution mode: vectorized, llap
-            LLAP IO: no inputs
+            LLAP IO: all inputs
         Reducer 2 
             Execution mode: llap
             Reduce Operator Tree:
diff --git a/ql/src/test/results/clientpositive/llap/join_cond_pushdown_unqual4.q.out b/ql/src/test/results/clientpositive/llap/join_cond_pushdown_unqual4.q.out
index ee032d9e5e..4f4640a211 100644
--- a/ql/src/test/results/clientpositive/llap/join_cond_pushdown_unqual4.q.out
+++ b/ql/src/test/results/clientpositive/llap/join_cond_pushdown_unqual4.q.out
@@ -105,7 +105,7 @@ STAGE PLANS:
                         Statistics: Num rows: 1 Data size: 1120 Basic stats: COMPLETE Column stats: NONE
                         value expressions: _col0 (type: int), _col2 (type: string), _col3 (type: string), _col4 (type: string), _col5 (type: int), _col6 (type: string), _col7 (type: double), _col8 (type: string)
             Execution mode: vectorized, llap
-            LLAP IO: no inputs
+            LLAP IO: all inputs
         Map 5 
             Map Operator Tree:
                 TableScan
@@ -127,7 +127,7 @@ STAGE PLANS:
                         Statistics: Num rows: 1 Data size: 1120 Basic stats: COMPLETE Column stats: NONE
                         value expressions: _col0 (type: int), _col2 (type: string), _col3 (type: string), _col4 (type: string), _col5 (type: int), _col6 (type: string), _col7 (type: double), _col8 (type: string)
             Execution mode: vectorized, llap
-            LLAP IO: no inputs
+            LLAP IO: all inputs
         Map 6 
             Map Operator Tree:
                 TableScan
@@ -156,7 +156,7 @@ STAGE PLANS:
                         Statistics: Num rows: 26 Data size: 16094 Basic stats: COMPLETE Column stats: COMPLETE
                         value expressions: _col0 (type: int), _col2 (type: string), _col3 (type: string), _col4 (type: string), _col5 (type: int), _col6 (type: string), _col7 (type: double), _col8 (type: string)
             Execution mode: vectorized, llap
-            LLAP IO: no inputs
+            LLAP IO: all inputs
         Reducer 2 
             Execution mode: llap
             Reduce Operator Tree:
@@ -275,7 +275,7 @@ STAGE PLANS:
                         Statistics: Num rows: 1 Data size: 1120 Basic stats: COMPLETE Column stats: NONE
                         value expressions: _col0 (type: int), _col2 (type: string), _col3 (type: string), _col4 (type: string), _col5 (type: int), _col6 (type: string), _col7 (type: double), _col8 (type: string)
             Execution mode: vectorized, llap
-            LLAP IO: no inputs
+            LLAP IO: all inputs
         Map 5 
             Map Operator Tree:
                 TableScan
@@ -297,7 +297,7 @@ STAGE PLANS:
                         Statistics: Num rows: 1 Data size: 1120 Basic stats: COMPLETE Column stats: NONE
                         value expressions: _col0 (type: int), _col2 (type: string), _col3 (type: string), _col4 (type: string), _col5 (type: int), _col6 (type: string), _col7 (type: double), _col8 (type: string)
             Execution mode: vectorized, llap
-            LLAP IO: no inputs
+            LLAP IO: all inputs
         Map 6 
             Map Operator Tree:
                 TableScan
@@ -333,7 +333,7 @@ STAGE PLANS:
                         Statistics: Num rows: 26 Data size: 16094 Basic stats: COMPLETE Column stats: COMPLETE
                         value expressions: _col1 (type: string), _col2 (type: string), _col3 (type: string), _col4 (type: string), _col5 (type: int), _col6 (type: string), _col7 (type: double), _col8 (type: string)
             Execution mode: vectorized, llap
-            LLAP IO: no inputs
+            LLAP IO: all inputs
         Reducer 2 
             Execution mode: llap
             Reduce Operator Tree:
diff --git a/ql/src/test/results/clientpositive/llap/join_cond_pushdown_unqual5.q.out b/ql/src/test/results/clientpositive/llap/join_cond_pushdown_unqual5.q.out
index 8183f2cff5..4a94471816 100644
--- a/ql/src/test/results/clientpositive/llap/join_cond_pushdown_unqual5.q.out
+++ b/ql/src/test/results/clientpositive/llap/join_cond_pushdown_unqual5.q.out
@@ -76,7 +76,7 @@ STAGE PLANS:
                       Statistics: Num rows: 2 Data size: 388 Basic stats: COMPLETE Column stats: COMPLETE
                       value expressions: _col0 (type: int), _col1 (type: int)
             Execution mode: vectorized, llap
-            LLAP IO: no inputs
+            LLAP IO: all inputs
         Map 3 
             Map Operator Tree:
                 TableScan
@@ -98,7 +98,7 @@ STAGE PLANS:
                         Statistics: Num rows: 2 Data size: 384 Basic stats: COMPLETE Column stats: COMPLETE
                         value expressions: _col0 (type: int)
             Execution mode: vectorized, llap
-            LLAP IO: no inputs
+            LLAP IO: all inputs
         Reducer 2 
             Execution mode: llap
             Reduce Operator Tree:
@@ -190,7 +190,7 @@ STAGE PLANS:
                               output format: org.apache.hadoop.hive.ql.io.HiveSequenceFileOutputFormat
                               serde: org.apache.hadoop.hive.serde2.lazy.LazySimpleSerDe
             Execution mode: vectorized, llap
-            LLAP IO: no inputs
+            LLAP IO: all inputs
         Map 2 
             Map Operator Tree:
                 TableScan
@@ -212,7 +212,7 @@ STAGE PLANS:
                         Statistics: Num rows: 2 Data size: 384 Basic stats: COMPLETE Column stats: COMPLETE
                         value expressions: _col0 (type: int)
             Execution mode: vectorized, llap
-            LLAP IO: no inputs
+            LLAP IO: all inputs
 
   Stage: Stage-0
     Fetch Operator
diff --git a/ql/src/test/results/clientpositive/llap/join_constraints_optimization.q.out b/ql/src/test/results/clientpositive/llap/join_constraints_optimization.q.out
index feb5abaf19..9a51bd6b44 100644
--- a/ql/src/test/results/clientpositive/llap/join_constraints_optimization.q.out
+++ b/ql/src/test/results/clientpositive/llap/join_constraints_optimization.q.out
@@ -275,7 +275,7 @@ STAGE PLANS:
                       Statistics: Num rows: 1 Data size: 12 Basic stats: COMPLETE Column stats: NONE
                       value expressions: _col0 (type: int)
             Execution mode: vectorized, llap
-            LLAP IO: no inputs
+            LLAP IO: all inputs
         Map 3 
             Map Operator Tree:
                 TableScan
@@ -293,7 +293,7 @@ STAGE PLANS:
                       Statistics: Num rows: 1 Data size: 192 Basic stats: COMPLETE Column stats: NONE
                       value expressions: _col1 (type: string)
             Execution mode: vectorized, llap
-            LLAP IO: no inputs
+            LLAP IO: all inputs
         Reducer 2 
             Execution mode: llap
             Reduce Operator Tree:
@@ -368,7 +368,7 @@ STAGE PLANS:
                       Statistics: Num rows: 1 Data size: 12 Basic stats: COMPLETE Column stats: NONE
                       value expressions: _col0 (type: int)
             Execution mode: vectorized, llap
-            LLAP IO: no inputs
+            LLAP IO: all inputs
         Map 3 
             Map Operator Tree:
                 TableScan
@@ -385,7 +385,7 @@ STAGE PLANS:
                       Map-reduce partition columns: _col0 (type: bigint)
                       Statistics: Num rows: 1 Data size: 8 Basic stats: COMPLETE Column stats: NONE
             Execution mode: vectorized, llap
-            LLAP IO: no inputs
+            LLAP IO: all inputs
         Reducer 2 
             Execution mode: llap
             Reduce Operator Tree:
@@ -538,7 +538,7 @@ STAGE PLANS:
                       Statistics: Num rows: 1 Data size: 12 Basic stats: COMPLETE Column stats: NONE
                       value expressions: _col0 (type: int)
             Execution mode: vectorized, llap
-            LLAP IO: no inputs
+            LLAP IO: all inputs
         Map 3 
             Map Operator Tree:
                 TableScan
@@ -555,7 +555,7 @@ STAGE PLANS:
                       Map-reduce partition columns: _col0 (type: bigint)
                       Statistics: Num rows: 1 Data size: 8 Basic stats: COMPLETE Column stats: NONE
             Execution mode: vectorized, llap
-            LLAP IO: no inputs
+            LLAP IO: all inputs
         Reducer 2 
             Execution mode: llap
             Reduce Operator Tree:
@@ -630,7 +630,7 @@ STAGE PLANS:
                       Statistics: Num rows: 1 Data size: 12 Basic stats: COMPLETE Column stats: NONE
                       value expressions: _col0 (type: int)
             Execution mode: vectorized, llap
-            LLAP IO: no inputs
+            LLAP IO: all inputs
         Map 3 
             Map Operator Tree:
                 TableScan
@@ -647,7 +647,7 @@ STAGE PLANS:
                       Map-reduce partition columns: _col0 (type: bigint)
                       Statistics: Num rows: 1 Data size: 8 Basic stats: COMPLETE Column stats: NONE
             Execution mode: vectorized, llap
-            LLAP IO: no inputs
+            LLAP IO: all inputs
         Reducer 2 
             Execution mode: llap
             Reduce Operator Tree:
@@ -722,7 +722,7 @@ STAGE PLANS:
                       Statistics: Num rows: 1 Data size: 12 Basic stats: COMPLETE Column stats: NONE
                       value expressions: _col0 (type: int)
             Execution mode: vectorized, llap
-            LLAP IO: no inputs
+            LLAP IO: all inputs
         Map 3 
             Map Operator Tree:
                 TableScan
@@ -739,7 +739,7 @@ STAGE PLANS:
                       Map-reduce partition columns: _col0 (type: bigint)
                       Statistics: Num rows: 1 Data size: 8 Basic stats: COMPLETE Column stats: NONE
             Execution mode: vectorized, llap
-            LLAP IO: no inputs
+            LLAP IO: all inputs
         Reducer 2 
             Execution mode: llap
             Reduce Operator Tree:
diff --git a/ql/src/test/results/clientpositive/llap/join_emit_interval.q.out b/ql/src/test/results/clientpositive/llap/join_emit_interval.q.out
index 221ecd0d09..b4b320b3ed 100644
--- a/ql/src/test/results/clientpositive/llap/join_emit_interval.q.out
+++ b/ql/src/test/results/clientpositive/llap/join_emit_interval.q.out
@@ -85,7 +85,7 @@ STAGE PLANS:
                       Statistics: Num rows: 6 Data size: 596 Basic stats: COMPLETE Column stats: COMPLETE
                       value expressions: _col0 (type: int), _col2 (type: string), _col3 (type: boolean)
             Execution mode: vectorized, llap
-            LLAP IO: no inputs
+            LLAP IO: all inputs
         Map 3 
             Map Operator Tree:
                 TableScan
@@ -107,7 +107,7 @@ STAGE PLANS:
                         Statistics: Num rows: 3 Data size: 285 Basic stats: COMPLETE Column stats: COMPLETE
                         value expressions: _col0 (type: int), _col2 (type: string)
             Execution mode: vectorized, llap
-            LLAP IO: no inputs
+            LLAP IO: all inputs
         Reducer 2 
             Execution mode: llap
             Reduce Operator Tree:
@@ -205,7 +205,7 @@ STAGE PLANS:
                       Statistics: Num rows: 6 Data size: 596 Basic stats: COMPLETE Column stats: COMPLETE
                       value expressions: _col0 (type: int), _col1 (type: int), _col2 (type: string), _col3 (type: boolean)
             Execution mode: vectorized, llap
-            LLAP IO: no inputs
+            LLAP IO: all inputs
         Map 3 
             Map Operator Tree:
                 TableScan
@@ -221,7 +221,7 @@ STAGE PLANS:
                       Statistics: Num rows: 4 Data size: 380 Basic stats: COMPLETE Column stats: COMPLETE
                       value expressions: _col0 (type: int), _col1 (type: int), _col2 (type: string)
             Execution mode: vectorized, llap
-            LLAP IO: no inputs
+            LLAP IO: all inputs
         Reducer 2 
             Execution mode: llap
             Reduce Operator Tree:
diff --git a/ql/src/test/results/clientpositive/llap/join_filters_overlap.q.out b/ql/src/test/results/clientpositive/llap/join_filters_overlap.q.out
index cb87a53bb3..1322dc25e9 100644
--- a/ql/src/test/results/clientpositive/llap/join_filters_overlap.q.out
+++ b/ql/src/test/results/clientpositive/llap/join_filters_overlap.q.out
@@ -81,7 +81,7 @@ STAGE PLANS:
                         value expressions: _col1 (type: int)
                         auto parallelism: true
             Execution mode: vectorized, llap
-            LLAP IO: no inputs
+            LLAP IO: all inputs
             Path -> Alias:
 #### A masked pattern was here ####
             Path -> Partition:
@@ -146,7 +146,7 @@ STAGE PLANS:
                         value expressions: _col1 (type: int)
                         auto parallelism: true
             Execution mode: vectorized, llap
-            LLAP IO: no inputs
+            LLAP IO: all inputs
             Path -> Alias:
 #### A masked pattern was here ####
             Path -> Partition:
@@ -364,7 +364,7 @@ STAGE PLANS:
                         value expressions: _col1 (type: int)
                         auto parallelism: true
             Execution mode: vectorized, llap
-            LLAP IO: no inputs
+            LLAP IO: all inputs
             Path -> Alias:
 #### A masked pattern was here ####
             Path -> Partition:
@@ -424,7 +424,7 @@ STAGE PLANS:
                       value expressions: _col1 (type: int), _col2 (type: boolean), _col3 (type: boolean)
                       auto parallelism: true
             Execution mode: vectorized, llap
-            LLAP IO: no inputs
+            LLAP IO: all inputs
             Path -> Alias:
 #### A masked pattern was here ####
             Path -> Partition:
@@ -642,7 +642,7 @@ STAGE PLANS:
                         value expressions: _col1 (type: int)
                         auto parallelism: true
             Execution mode: vectorized, llap
-            LLAP IO: no inputs
+            LLAP IO: all inputs
             Path -> Alias:
 #### A masked pattern was here ####
             Path -> Partition:
@@ -702,7 +702,7 @@ STAGE PLANS:
                       value expressions: _col1 (type: int), _col2 (type: boolean), _col3 (type: boolean)
                       auto parallelism: true
             Execution mode: vectorized, llap
-            LLAP IO: no inputs
+            LLAP IO: all inputs
             Path -> Alias:
 #### A masked pattern was here ####
             Path -> Partition:
@@ -937,7 +937,7 @@ STAGE PLANS:
                         value expressions: _col1 (type: int)
                         auto parallelism: true
             Execution mode: vectorized, llap
-            LLAP IO: no inputs
+            LLAP IO: all inputs
             Path -> Alias:
 #### A masked pattern was here ####
             Path -> Partition:
@@ -997,7 +997,7 @@ STAGE PLANS:
                       value expressions: _col1 (type: int), _col2 (type: boolean), _col3 (type: boolean)
                       auto parallelism: true
             Execution mode: vectorized, llap
-            LLAP IO: no inputs
+            LLAP IO: all inputs
             Path -> Alias:
 #### A masked pattern was here ####
             Path -> Partition:
@@ -1254,7 +1254,7 @@ STAGE PLANS:
                         value expressions: _col1 (type: int)
                         auto parallelism: true
             Execution mode: vectorized, llap
-            LLAP IO: no inputs
+            LLAP IO: all inputs
             Path -> Alias:
 #### A masked pattern was here ####
             Path -> Partition:
@@ -1319,7 +1319,7 @@ STAGE PLANS:
                         value expressions: _col1 (type: int)
                         auto parallelism: true
             Execution mode: vectorized, llap
-            LLAP IO: no inputs
+            LLAP IO: all inputs
             Path -> Alias:
 #### A masked pattern was here ####
             Path -> Partition:
diff --git a/ql/src/test/results/clientpositive/llap/join_grp_diff_keys.q.out b/ql/src/test/results/clientpositive/llap/join_grp_diff_keys.q.out
index 960c449f0f..fd14058360 100644
--- a/ql/src/test/results/clientpositive/llap/join_grp_diff_keys.q.out
+++ b/ql/src/test/results/clientpositive/llap/join_grp_diff_keys.q.out
@@ -91,7 +91,7 @@ STAGE PLANS:
                         Map-reduce partition columns: _col0 (type: int), _col1 (type: int)
                         Statistics: Num rows: 1 Data size: 192 Basic stats: COMPLETE Column stats: NONE
             Execution mode: vectorized, llap
-            LLAP IO: no inputs
+            LLAP IO: all inputs
         Map 6 
             Map Operator Tree:
                 TableScan
@@ -112,7 +112,7 @@ STAGE PLANS:
                         Map-reduce partition columns: _col0 (type: int), _col1 (type: int)
                         Statistics: Num rows: 1 Data size: 8 Basic stats: COMPLETE Column stats: NONE
             Execution mode: vectorized, llap
-            LLAP IO: no inputs
+            LLAP IO: all inputs
         Map 7 
             Map Operator Tree:
                 TableScan
@@ -133,7 +133,7 @@ STAGE PLANS:
                         Map-reduce partition columns: _col0 (type: int), _col1 (type: int)
                         Statistics: Num rows: 1 Data size: 8 Basic stats: COMPLETE Column stats: NONE
             Execution mode: vectorized, llap
-            LLAP IO: no inputs
+            LLAP IO: all inputs
         Map 8 
             Map Operator Tree:
                 TableScan
@@ -154,7 +154,7 @@ STAGE PLANS:
                         Map-reduce partition columns: _col0 (type: int), _col1 (type: int)
                         Statistics: Num rows: 1 Data size: 8 Basic stats: COMPLETE Column stats: NONE
             Execution mode: vectorized, llap
-            LLAP IO: no inputs
+            LLAP IO: all inputs
         Reducer 2 
             Execution mode: llap
             Reduce Operator Tree:
diff --git a/ql/src/test/results/clientpositive/llap/join_hive_626.q.out b/ql/src/test/results/clientpositive/llap/join_hive_626.q.out
index acce2cd37f..5cac4b6e14 100644
--- a/ql/src/test/results/clientpositive/llap/join_hive_626.q.out
+++ b/ql/src/test/results/clientpositive/llap/join_hive_626.q.out
@@ -106,7 +106,7 @@ STAGE PLANS:
                         Statistics: Num rows: 1 Data size: 192 Basic stats: COMPLETE Column stats: NONE
                         value expressions: _col0 (type: int), _col2 (type: string)
             Execution mode: vectorized, llap
-            LLAP IO: no inputs
+            LLAP IO: all inputs
         Map 4 
             Map Operator Tree:
                 TableScan
@@ -128,7 +128,7 @@ STAGE PLANS:
                         Statistics: Num rows: 1 Data size: 188 Basic stats: COMPLETE Column stats: NONE
                         value expressions: _col1 (type: string)
             Execution mode: vectorized, llap
-            LLAP IO: no inputs
+            LLAP IO: all inputs
         Map 5 
             Map Operator Tree:
                 TableScan
@@ -150,7 +150,7 @@ STAGE PLANS:
                         Statistics: Num rows: 1 Data size: 8 Basic stats: COMPLETE Column stats: NONE
                         value expressions: _col1 (type: int)
             Execution mode: vectorized, llap
-            LLAP IO: no inputs
+            LLAP IO: all inputs
         Reducer 2 
             Execution mode: llap
             Reduce Operator Tree:
diff --git a/ql/src/test/results/clientpositive/llap/join_is_not_distinct_from.q.out b/ql/src/test/results/clientpositive/llap/join_is_not_distinct_from.q.out
index 262e1f255b..102f1ba589 100644
--- a/ql/src/test/results/clientpositive/llap/join_is_not_distinct_from.q.out
+++ b/ql/src/test/results/clientpositive/llap/join_is_not_distinct_from.q.out
@@ -47,7 +47,7 @@ STAGE PLANS:
                     Statistics: Num rows: 1 Data size: 8 Basic stats: COMPLETE Column stats: NONE
                     value expressions: value (type: int)
             Execution mode: vectorized, llap
-            LLAP IO: no inputs
+            LLAP IO: all inputs
         Map 3 
             Map Operator Tree:
                 TableScan
@@ -61,7 +61,7 @@ STAGE PLANS:
                     Statistics: Num rows: 1 Data size: 8 Basic stats: COMPLETE Column stats: NONE
                     value expressions: key (type: int)
             Execution mode: vectorized, llap
-            LLAP IO: no inputs
+            LLAP IO: all inputs
         Reducer 2 
             Execution mode: llap
             Reduce Operator Tree:
@@ -156,7 +156,7 @@ STAGE PLANS:
                       Statistics: Num rows: 1 Data size: 8 Basic stats: COMPLETE Column stats: NONE
                       value expressions: value (type: int)
             Execution mode: vectorized, llap
-            LLAP IO: no inputs
+            LLAP IO: all inputs
         Map 4 
             Map Operator Tree:
                 TableScan
@@ -174,7 +174,7 @@ STAGE PLANS:
                       Statistics: Num rows: 1 Data size: 8 Basic stats: COMPLETE Column stats: NONE
                       value expressions: key (type: int)
             Execution mode: vectorized, llap
-            LLAP IO: no inputs
+            LLAP IO: all inputs
         Reducer 2 
             Execution mode: llap
             Reduce Operator Tree:
@@ -274,7 +274,7 @@ STAGE PLANS:
                     Statistics: Num rows: 1 Data size: 8 Basic stats: COMPLETE Column stats: NONE
                     value expressions: value (type: int)
             Execution mode: vectorized, llap
-            LLAP IO: no inputs
+            LLAP IO: all inputs
         Map 4 
             Map Operator Tree:
                 TableScan
@@ -288,7 +288,7 @@ STAGE PLANS:
                     Statistics: Num rows: 1 Data size: 8 Basic stats: COMPLETE Column stats: NONE
                     value expressions: key (type: int)
             Execution mode: vectorized, llap
-            LLAP IO: no inputs
+            LLAP IO: all inputs
         Reducer 2 
             Execution mode: llap
             Reduce Operator Tree:
@@ -418,7 +418,7 @@ STAGE PLANS:
                       Map-reduce partition columns: key (type: int), value (type: int)
                       Statistics: Num rows: 1 Data size: 8 Basic stats: COMPLETE Column stats: NONE
             Execution mode: vectorized, llap
-            LLAP IO: no inputs
+            LLAP IO: all inputs
         Map 4 
             Map Operator Tree:
                 TableScan
@@ -435,7 +435,7 @@ STAGE PLANS:
                       Map-reduce partition columns: value (type: int), key (type: int)
                       Statistics: Num rows: 1 Data size: 8 Basic stats: COMPLETE Column stats: NONE
             Execution mode: vectorized, llap
-            LLAP IO: no inputs
+            LLAP IO: all inputs
         Reducer 2 
             Execution mode: llap
             Reduce Operator Tree:
@@ -534,7 +534,7 @@ STAGE PLANS:
                     Map-reduce partition columns: key (type: int), value (type: int)
                     Statistics: Num rows: 1 Data size: 8 Basic stats: COMPLETE Column stats: NONE
             Execution mode: vectorized, llap
-            LLAP IO: no inputs
+            LLAP IO: all inputs
         Map 4 
             Map Operator Tree:
                 TableScan
@@ -547,7 +547,7 @@ STAGE PLANS:
                     Map-reduce partition columns: value (type: int), key (type: int)
                     Statistics: Num rows: 1 Data size: 8 Basic stats: COMPLETE Column stats: NONE
             Execution mode: vectorized, llap
-            LLAP IO: no inputs
+            LLAP IO: all inputs
         Reducer 2 
             Execution mode: llap
             Reduce Operator Tree:
@@ -1689,7 +1689,7 @@ STAGE PLANS:
                       Statistics: Num rows: 1 Data size: 8 Basic stats: COMPLETE Column stats: NONE
                       value expressions: value (type: int)
             Execution mode: vectorized, llap
-            LLAP IO: no inputs
+            LLAP IO: all inputs
         Map 3 
             Map Operator Tree:
                 TableScan
@@ -1707,7 +1707,7 @@ STAGE PLANS:
                       Statistics: Num rows: 1 Data size: 8 Basic stats: COMPLETE Column stats: NONE
                       value expressions: key (type: int)
             Execution mode: vectorized, llap
-            LLAP IO: no inputs
+            LLAP IO: all inputs
         Reducer 2 
             Execution mode: llap
             Reduce Operator Tree:
diff --git a/ql/src/test/results/clientpositive/llap/join_max_hashtable.q.out b/ql/src/test/results/clientpositive/llap/join_max_hashtable.q.out
index de2561e6fa..716889fe17 100644
--- a/ql/src/test/results/clientpositive/llap/join_max_hashtable.q.out
+++ b/ql/src/test/results/clientpositive/llap/join_max_hashtable.q.out
@@ -53,7 +53,7 @@ STAGE PLANS:
                               output format: org.apache.hadoop.hive.ql.io.HiveSequenceFileOutputFormat
                               serde: org.apache.hadoop.hive.serde2.lazy.LazySimpleSerDe
             Execution mode: vectorized, llap
-            LLAP IO: no inputs
+            LLAP IO: all inputs
         Map 2 
             Map Operator Tree:
                 TableScan
@@ -74,7 +74,7 @@ STAGE PLANS:
                         Map-reduce partition columns: _col0 (type: string)
                         Statistics: Num rows: 500 Data size: 43500 Basic stats: COMPLETE Column stats: COMPLETE
             Execution mode: vectorized, llap
-            LLAP IO: no inputs
+            LLAP IO: all inputs
 
   Stage: Stage-0
     Fetch Operator
@@ -137,7 +137,7 @@ STAGE PLANS:
                               output format: org.apache.hadoop.hive.ql.io.HiveSequenceFileOutputFormat
                               serde: org.apache.hadoop.hive.serde2.lazy.LazySimpleSerDe
             Execution mode: vectorized, llap
-            LLAP IO: no inputs
+            LLAP IO: all inputs
         Map 2 
             Map Operator Tree:
                 TableScan
@@ -158,7 +158,7 @@ STAGE PLANS:
                         Map-reduce partition columns: _col0 (type: string), _col1 (type: string)
                         Statistics: Num rows: 500 Data size: 89000 Basic stats: COMPLETE Column stats: COMPLETE
             Execution mode: vectorized, llap
-            LLAP IO: no inputs
+            LLAP IO: all inputs
 
   Stage: Stage-0
     Fetch Operator
@@ -211,7 +211,7 @@ STAGE PLANS:
                         Statistics: Num rows: 500 Data size: 89000 Basic stats: COMPLETE Column stats: COMPLETE
                         value expressions: _col1 (type: string)
             Execution mode: vectorized, llap
-            LLAP IO: no inputs
+            LLAP IO: all inputs
         Map 3 
             Map Operator Tree:
                 TableScan
@@ -232,7 +232,7 @@ STAGE PLANS:
                         Map-reduce partition columns: _col0 (type: string)
                         Statistics: Num rows: 500 Data size: 43500 Basic stats: COMPLETE Column stats: COMPLETE
             Execution mode: vectorized, llap
-            LLAP IO: no inputs
+            LLAP IO: all inputs
         Reducer 2 
             Execution mode: vectorized, llap
             Reduce Operator Tree:
@@ -305,7 +305,7 @@ STAGE PLANS:
                         Map-reduce partition columns: _col0 (type: string), _col1 (type: string)
                         Statistics: Num rows: 500 Data size: 89000 Basic stats: COMPLETE Column stats: COMPLETE
             Execution mode: vectorized, llap
-            LLAP IO: no inputs
+            LLAP IO: all inputs
         Map 3 
             Map Operator Tree:
                 TableScan
@@ -326,7 +326,7 @@ STAGE PLANS:
                         Map-reduce partition columns: _col0 (type: string), _col1 (type: string)
                         Statistics: Num rows: 500 Data size: 89000 Basic stats: COMPLETE Column stats: COMPLETE
             Execution mode: vectorized, llap
-            LLAP IO: no inputs
+            LLAP IO: all inputs
         Reducer 2 
             Execution mode: vectorized, llap
             Reduce Operator Tree:
@@ -400,7 +400,7 @@ STAGE PLANS:
                         Statistics: Num rows: 500 Data size: 89000 Basic stats: COMPLETE Column stats: COMPLETE
                         value expressions: _col1 (type: string)
             Execution mode: vectorized, llap
-            LLAP IO: no inputs
+            LLAP IO: all inputs
         Map 3 
             Map Operator Tree:
                 TableScan
@@ -421,7 +421,7 @@ STAGE PLANS:
                         Map-reduce partition columns: _col0 (type: string)
                         Statistics: Num rows: 500 Data size: 43500 Basic stats: COMPLETE Column stats: COMPLETE
             Execution mode: vectorized, llap
-            LLAP IO: no inputs
+            LLAP IO: all inputs
         Reducer 2 
             Execution mode: vectorized, llap
             Reduce Operator Tree:
@@ -494,7 +494,7 @@ STAGE PLANS:
                         Map-reduce partition columns: _col0 (type: string), _col1 (type: string)
                         Statistics: Num rows: 500 Data size: 89000 Basic stats: COMPLETE Column stats: COMPLETE
             Execution mode: vectorized, llap
-            LLAP IO: no inputs
+            LLAP IO: all inputs
         Map 3 
             Map Operator Tree:
                 TableScan
@@ -515,7 +515,7 @@ STAGE PLANS:
                         Map-reduce partition columns: _col0 (type: string), _col1 (type: string)
                         Statistics: Num rows: 500 Data size: 89000 Basic stats: COMPLETE Column stats: COMPLETE
             Execution mode: vectorized, llap
-            LLAP IO: no inputs
+            LLAP IO: all inputs
         Reducer 2 
             Execution mode: vectorized, llap
             Reduce Operator Tree:
@@ -589,7 +589,7 @@ STAGE PLANS:
                         Statistics: Num rows: 500 Data size: 89000 Basic stats: COMPLETE Column stats: COMPLETE
                         value expressions: _col1 (type: string)
             Execution mode: vectorized, llap
-            LLAP IO: no inputs
+            LLAP IO: all inputs
         Map 3 
             Map Operator Tree:
                 TableScan
@@ -610,7 +610,7 @@ STAGE PLANS:
                         Map-reduce partition columns: _col0 (type: string)
                         Statistics: Num rows: 500 Data size: 43500 Basic stats: COMPLETE Column stats: COMPLETE
             Execution mode: vectorized, llap
-            LLAP IO: no inputs
+            LLAP IO: all inputs
         Reducer 2 
             Execution mode: vectorized, llap
             Reduce Operator Tree:
@@ -683,7 +683,7 @@ STAGE PLANS:
                         Map-reduce partition columns: _col0 (type: string), _col1 (type: string)
                         Statistics: Num rows: 500 Data size: 89000 Basic stats: COMPLETE Column stats: COMPLETE
             Execution mode: vectorized, llap
-            LLAP IO: no inputs
+            LLAP IO: all inputs
         Map 3 
             Map Operator Tree:
                 TableScan
@@ -704,7 +704,7 @@ STAGE PLANS:
                         Map-reduce partition columns: _col0 (type: string), _col1 (type: string)
                         Statistics: Num rows: 500 Data size: 89000 Basic stats: COMPLETE Column stats: COMPLETE
             Execution mode: vectorized, llap
-            LLAP IO: no inputs
+            LLAP IO: all inputs
         Reducer 2 
             Execution mode: vectorized, llap
             Reduce Operator Tree:
diff --git a/ql/src/test/results/clientpositive/llap/join_merge_multi_expressions.q.out b/ql/src/test/results/clientpositive/llap/join_merge_multi_expressions.q.out
index 9c71e341b5..d9d77a3d91 100644
--- a/ql/src/test/results/clientpositive/llap/join_merge_multi_expressions.q.out
+++ b/ql/src/test/results/clientpositive/llap/join_merge_multi_expressions.q.out
@@ -50,7 +50,7 @@ STAGE PLANS:
                         Map-reduce partition columns: _col0 (type: string), _col1 (type: string)
                         Statistics: Num rows: 2000 Data size: 542000 Basic stats: COMPLETE Column stats: COMPLETE
             Execution mode: vectorized, llap
-            LLAP IO: no inputs
+            LLAP IO: all inputs
         Map 5 
             Map Operator Tree:
                 TableScan
@@ -71,7 +71,7 @@ STAGE PLANS:
                         Map-reduce partition columns: _col0 (type: string), _col1 (type: string)
                         Statistics: Num rows: 2000 Data size: 542000 Basic stats: COMPLETE Column stats: COMPLETE
             Execution mode: vectorized, llap
-            LLAP IO: no inputs
+            LLAP IO: all inputs
         Map 6 
             Map Operator Tree:
                 TableScan
@@ -92,7 +92,7 @@ STAGE PLANS:
                         Map-reduce partition columns: _col0 (type: string), _col1 (type: string)
                         Statistics: Num rows: 2000 Data size: 542000 Basic stats: COMPLETE Column stats: COMPLETE
             Execution mode: vectorized, llap
-            LLAP IO: no inputs
+            LLAP IO: all inputs
         Reducer 2 
             Execution mode: llap
             Reduce Operator Tree:
diff --git a/ql/src/test/results/clientpositive/llap/join_merging.q.out b/ql/src/test/results/clientpositive/llap/join_merging.q.out
index e843218e23..661d909adf 100644
--- a/ql/src/test/results/clientpositive/llap/join_merging.q.out
+++ b/ql/src/test/results/clientpositive/llap/join_merging.q.out
@@ -46,7 +46,7 @@ STAGE PLANS:
                         Statistics: Num rows: 26 Data size: 208 Basic stats: COMPLETE Column stats: COMPLETE
                         value expressions: _col1 (type: int)
             Execution mode: vectorized, llap
-            LLAP IO: no inputs
+            LLAP IO: all inputs
         Map 4 
             Map Operator Tree:
                 TableScan
@@ -77,7 +77,7 @@ STAGE PLANS:
                         Statistics: Num rows: 21 Data size: 168 Basic stats: COMPLETE Column stats: COMPLETE
                         value expressions: _col1 (type: int)
             Execution mode: vectorized, llap
-            LLAP IO: no inputs
+            LLAP IO: all inputs
         Reducer 2 
             Execution mode: llap
             Reduce Operator Tree:
@@ -173,7 +173,7 @@ STAGE PLANS:
                         Statistics: Num rows: 26 Data size: 312 Basic stats: COMPLETE Column stats: COMPLETE
                         value expressions: _col1 (type: int), _col2 (type: int)
             Execution mode: vectorized, llap
-            LLAP IO: no inputs
+            LLAP IO: all inputs
         Map 4 
             Map Operator Tree:
                 TableScan
@@ -204,7 +204,7 @@ STAGE PLANS:
                         Statistics: Num rows: 21 Data size: 168 Basic stats: COMPLETE Column stats: COMPLETE
                         value expressions: _col1 (type: int)
             Execution mode: vectorized, llap
-            LLAP IO: no inputs
+            LLAP IO: all inputs
         Reducer 2 
             Execution mode: llap
             Reduce Operator Tree:
diff --git a/ql/src/test/results/clientpositive/llap/join_nullsafe.q.out b/ql/src/test/results/clientpositive/llap/join_nullsafe.q.out
index d5d11a2f9a..df7a393570 100644
--- a/ql/src/test/results/clientpositive/llap/join_nullsafe.q.out
+++ b/ql/src/test/results/clientpositive/llap/join_nullsafe.q.out
@@ -47,7 +47,7 @@ STAGE PLANS:
                     Statistics: Num rows: 1 Data size: 8 Basic stats: COMPLETE Column stats: NONE
                     value expressions: value (type: int)
             Execution mode: vectorized, llap
-            LLAP IO: no inputs
+            LLAP IO: all inputs
         Map 3 
             Map Operator Tree:
                 TableScan
@@ -61,7 +61,7 @@ STAGE PLANS:
                     Statistics: Num rows: 1 Data size: 8 Basic stats: COMPLETE Column stats: NONE
                     value expressions: key (type: int)
             Execution mode: vectorized, llap
-            LLAP IO: no inputs
+            LLAP IO: all inputs
         Reducer 2 
             Execution mode: llap
             Reduce Operator Tree:
@@ -156,7 +156,7 @@ STAGE PLANS:
                       Statistics: Num rows: 1 Data size: 8 Basic stats: COMPLETE Column stats: NONE
                       value expressions: value (type: int)
             Execution mode: vectorized, llap
-            LLAP IO: no inputs
+            LLAP IO: all inputs
         Map 4 
             Map Operator Tree:
                 TableScan
@@ -174,7 +174,7 @@ STAGE PLANS:
                       Statistics: Num rows: 1 Data size: 8 Basic stats: COMPLETE Column stats: NONE
                       value expressions: key (type: int)
             Execution mode: vectorized, llap
-            LLAP IO: no inputs
+            LLAP IO: all inputs
         Reducer 2 
             Execution mode: llap
             Reduce Operator Tree:
@@ -274,7 +274,7 @@ STAGE PLANS:
                     Statistics: Num rows: 1 Data size: 8 Basic stats: COMPLETE Column stats: NONE
                     value expressions: value (type: int)
             Execution mode: vectorized, llap
-            LLAP IO: no inputs
+            LLAP IO: all inputs
         Map 4 
             Map Operator Tree:
                 TableScan
@@ -288,7 +288,7 @@ STAGE PLANS:
                     Statistics: Num rows: 1 Data size: 8 Basic stats: COMPLETE Column stats: NONE
                     value expressions: key (type: int)
             Execution mode: vectorized, llap
-            LLAP IO: no inputs
+            LLAP IO: all inputs
         Reducer 2 
             Execution mode: llap
             Reduce Operator Tree:
@@ -418,7 +418,7 @@ STAGE PLANS:
                       Map-reduce partition columns: key (type: int), value (type: int)
                       Statistics: Num rows: 1 Data size: 8 Basic stats: COMPLETE Column stats: NONE
             Execution mode: vectorized, llap
-            LLAP IO: no inputs
+            LLAP IO: all inputs
         Map 4 
             Map Operator Tree:
                 TableScan
@@ -435,7 +435,7 @@ STAGE PLANS:
                       Map-reduce partition columns: value (type: int), key (type: int)
                       Statistics: Num rows: 1 Data size: 8 Basic stats: COMPLETE Column stats: NONE
             Execution mode: vectorized, llap
-            LLAP IO: no inputs
+            LLAP IO: all inputs
         Reducer 2 
             Execution mode: llap
             Reduce Operator Tree:
@@ -534,7 +534,7 @@ STAGE PLANS:
                     Map-reduce partition columns: key (type: int), value (type: int)
                     Statistics: Num rows: 1 Data size: 8 Basic stats: COMPLETE Column stats: NONE
             Execution mode: vectorized, llap
-            LLAP IO: no inputs
+            LLAP IO: all inputs
         Map 4 
             Map Operator Tree:
                 TableScan
@@ -547,7 +547,7 @@ STAGE PLANS:
                     Map-reduce partition columns: value (type: int), key (type: int)
                     Statistics: Num rows: 1 Data size: 8 Basic stats: COMPLETE Column stats: NONE
             Execution mode: vectorized, llap
-            LLAP IO: no inputs
+            LLAP IO: all inputs
         Reducer 2 
             Execution mode: llap
             Reduce Operator Tree:
@@ -1689,7 +1689,7 @@ STAGE PLANS:
                       Statistics: Num rows: 1 Data size: 8 Basic stats: COMPLETE Column stats: NONE
                       value expressions: value (type: int)
             Execution mode: vectorized, llap
-            LLAP IO: no inputs
+            LLAP IO: all inputs
         Map 3 
             Map Operator Tree:
                 TableScan
@@ -1707,7 +1707,7 @@ STAGE PLANS:
                       Statistics: Num rows: 1 Data size: 8 Basic stats: COMPLETE Column stats: NONE
                       value expressions: key (type: int)
             Execution mode: vectorized, llap
-            LLAP IO: no inputs
+            LLAP IO: all inputs
         Reducer 2 
             Execution mode: llap
             Reduce Operator Tree:
diff --git a/ql/src/test/results/clientpositive/llap/join_on_varchar.q.out b/ql/src/test/results/clientpositive/llap/join_on_varchar.q.out
index 2743e9a361..e440693899 100644
--- a/ql/src/test/results/clientpositive/llap/join_on_varchar.q.out
+++ b/ql/src/test/results/clientpositive/llap/join_on_varchar.q.out
@@ -97,7 +97,7 @@ STAGE PLANS:
                         Map-reduce partition columns: _col0 (type: varchar(30))
                         Statistics: Num rows: 2 Data size: 188 Basic stats: COMPLETE Column stats: COMPLETE
             Execution mode: vectorized, llap
-            LLAP IO: no inputs
+            LLAP IO: all inputs
         Map 2 
             Map Operator Tree:
                 TableScan
@@ -128,7 +128,7 @@ STAGE PLANS:
                           sort order: ++
                           Statistics: Num rows: 2 Data size: 382 Basic stats: COMPLETE Column stats: COMPLETE
             Execution mode: vectorized, llap
-            LLAP IO: no inputs
+            LLAP IO: all inputs
         Reducer 3 
             Execution mode: vectorized, llap
             Reduce Operator Tree:
diff --git a/ql/src/test/results/clientpositive/llap/join_parse.q.out b/ql/src/test/results/clientpositive/llap/join_parse.q.out
index cc734feb34..08147a9c60 100644
--- a/ql/src/test/results/clientpositive/llap/join_parse.q.out
+++ b/ql/src/test/results/clientpositive/llap/join_parse.q.out
@@ -56,7 +56,7 @@ STAGE PLANS:
                         Statistics: Num rows: 2000 Data size: 356000 Basic stats: COMPLETE Column stats: COMPLETE
                         value expressions: _col1 (type: string)
             Execution mode: vectorized, llap
-            LLAP IO: no inputs
+            LLAP IO: all inputs
         Map 4 
             Map Operator Tree:
                 TableScan
@@ -90,7 +90,7 @@ STAGE PLANS:
                         Map-reduce partition columns: _col0 (type: string)
                         Statistics: Num rows: 500 Data size: 45500 Basic stats: COMPLETE Column stats: COMPLETE
             Execution mode: vectorized, llap
-            LLAP IO: no inputs
+            LLAP IO: all inputs
         Reducer 2 
             Execution mode: llap
             Reduce Operator Tree:
@@ -196,7 +196,7 @@ STAGE PLANS:
                         Statistics: Num rows: 2000 Data size: 356000 Basic stats: COMPLETE Column stats: COMPLETE
                         value expressions: _col1 (type: string)
             Execution mode: vectorized, llap
-            LLAP IO: no inputs
+            LLAP IO: all inputs
         Map 4 
             Map Operator Tree:
                 TableScan
@@ -230,7 +230,7 @@ STAGE PLANS:
                         Map-reduce partition columns: _col0 (type: string)
                         Statistics: Num rows: 500 Data size: 45500 Basic stats: COMPLETE Column stats: COMPLETE
             Execution mode: vectorized, llap
-            LLAP IO: no inputs
+            LLAP IO: all inputs
         Reducer 2 
             Execution mode: llap
             Reduce Operator Tree:
@@ -336,7 +336,7 @@ STAGE PLANS:
                         Statistics: Num rows: 2000 Data size: 356000 Basic stats: COMPLETE Column stats: COMPLETE
                         value expressions: _col1 (type: string)
             Execution mode: vectorized, llap
-            LLAP IO: no inputs
+            LLAP IO: all inputs
         Map 4 
             Map Operator Tree:
                 TableScan
@@ -370,7 +370,7 @@ STAGE PLANS:
                         Map-reduce partition columns: _col0 (type: string)
                         Statistics: Num rows: 500 Data size: 45500 Basic stats: COMPLETE Column stats: COMPLETE
             Execution mode: vectorized, llap
-            LLAP IO: no inputs
+            LLAP IO: all inputs
         Reducer 2 
             Execution mode: llap
             Reduce Operator Tree:
@@ -479,7 +479,7 @@ STAGE PLANS:
                         Statistics: Num rows: 2000 Data size: 356000 Basic stats: COMPLETE Column stats: COMPLETE
                         value expressions: _col1 (type: string)
             Execution mode: vectorized, llap
-            LLAP IO: no inputs
+            LLAP IO: all inputs
         Map 4 
             Map Operator Tree:
                 TableScan
@@ -506,7 +506,7 @@ STAGE PLANS:
                         Map-reduce partition columns: _col0 (type: string)
                         Statistics: Num rows: 500 Data size: 43500 Basic stats: COMPLETE Column stats: COMPLETE
             Execution mode: vectorized, llap
-            LLAP IO: no inputs
+            LLAP IO: all inputs
         Map 6 
             Map Operator Tree:
                 TableScan
@@ -528,7 +528,7 @@ STAGE PLANS:
                         Statistics: Num rows: 500 Data size: 89000 Basic stats: COMPLETE Column stats: COMPLETE
                         value expressions: _col1 (type: string)
             Execution mode: vectorized, llap
-            LLAP IO: no inputs
+            LLAP IO: all inputs
         Reducer 2 
             Execution mode: llap
             Reduce Operator Tree:
diff --git a/ql/src/test/results/clientpositive/llap/join_reorder.q.out b/ql/src/test/results/clientpositive/llap/join_reorder.q.out
index 627c492823..ebe547f0f4 100644
--- a/ql/src/test/results/clientpositive/llap/join_reorder.q.out
+++ b/ql/src/test/results/clientpositive/llap/join_reorder.q.out
@@ -87,7 +87,7 @@ STAGE PLANS:
                       Statistics: Num rows: 1 Data size: 368 Basic stats: COMPLETE Column stats: NONE
                       value expressions: key (type: string), val (type: string)
             Execution mode: vectorized, llap
-            LLAP IO: no inputs
+            LLAP IO: all inputs
         Map 3 
             Map Operator Tree:
                 TableScan
@@ -105,7 +105,7 @@ STAGE PLANS:
                       Statistics: Num rows: 500 Data size: 43500 Basic stats: COMPLETE Column stats: COMPLETE
                       value expressions: key (type: string)
             Execution mode: vectorized, llap
-            LLAP IO: no inputs
+            LLAP IO: all inputs
         Reducer 2 
             Execution mode: llap
             Reduce Operator Tree:
@@ -176,7 +176,7 @@ STAGE PLANS:
                       Statistics: Num rows: 1 Data size: 368 Basic stats: COMPLETE Column stats: NONE
                       value expressions: key (type: string), val (type: string)
             Execution mode: vectorized, llap
-            LLAP IO: no inputs
+            LLAP IO: all inputs
         Map 3 
             Map Operator Tree:
                 TableScan
@@ -194,7 +194,7 @@ STAGE PLANS:
                       Statistics: Num rows: 500 Data size: 43500 Basic stats: COMPLETE Column stats: COMPLETE
                       value expressions: key (type: string)
             Execution mode: vectorized, llap
-            LLAP IO: no inputs
+            LLAP IO: all inputs
         Reducer 2 
             Execution mode: llap
             Reduce Operator Tree:
@@ -300,7 +300,7 @@ STAGE PLANS:
                     Statistics: Num rows: 1 Data size: 368 Basic stats: COMPLETE Column stats: NONE
                     value expressions: val (type: string)
             Execution mode: vectorized, llap
-            LLAP IO: no inputs
+            LLAP IO: all inputs
         Map 4 
             Map Operator Tree:
                 TableScan
@@ -313,7 +313,7 @@ STAGE PLANS:
                     Map-reduce partition columns: key (type: string)
                     Statistics: Num rows: 1 Data size: 184 Basic stats: COMPLETE Column stats: NONE
             Execution mode: vectorized, llap
-            LLAP IO: no inputs
+            LLAP IO: all inputs
         Map 5 
             Map Operator Tree:
                 TableScan
@@ -326,7 +326,7 @@ STAGE PLANS:
                     Map-reduce partition columns: val (type: string)
                     Statistics: Num rows: 1 Data size: 184 Basic stats: COMPLETE Column stats: NONE
             Execution mode: vectorized, llap
-            LLAP IO: no inputs
+            LLAP IO: all inputs
         Reducer 2 
             Execution mode: llap
             Reduce Operator Tree:
@@ -418,7 +418,7 @@ STAGE PLANS:
                     Statistics: Num rows: 1 Data size: 368 Basic stats: COMPLETE Column stats: NONE
                     value expressions: val (type: string)
             Execution mode: vectorized, llap
-            LLAP IO: no inputs
+            LLAP IO: all inputs
         Map 4 
             Map Operator Tree:
                 TableScan
@@ -431,7 +431,7 @@ STAGE PLANS:
                     Map-reduce partition columns: key (type: string)
                     Statistics: Num rows: 1 Data size: 184 Basic stats: COMPLETE Column stats: NONE
             Execution mode: vectorized, llap
-            LLAP IO: no inputs
+            LLAP IO: all inputs
         Map 5 
             Map Operator Tree:
                 TableScan
@@ -444,7 +444,7 @@ STAGE PLANS:
                     Map-reduce partition columns: val (type: string)
                     Statistics: Num rows: 1 Data size: 184 Basic stats: COMPLETE Column stats: NONE
             Execution mode: vectorized, llap
-            LLAP IO: no inputs
+            LLAP IO: all inputs
         Reducer 2 
             Execution mode: llap
             Reduce Operator Tree:
@@ -580,7 +580,7 @@ STAGE PLANS:
                     Map-reduce partition columns: key (type: string), val (type: string)
                     Statistics: Num rows: 1 Data size: 368 Basic stats: COMPLETE Column stats: NONE
             Execution mode: vectorized, llap
-            LLAP IO: no inputs
+            LLAP IO: all inputs
         Map 3 
             Map Operator Tree:
                 TableScan
@@ -593,7 +593,7 @@ STAGE PLANS:
                     Map-reduce partition columns: key (type: string), val (type: string)
                     Statistics: Num rows: 1 Data size: 368 Basic stats: COMPLETE Column stats: NONE
             Execution mode: vectorized, llap
-            LLAP IO: no inputs
+            LLAP IO: all inputs
         Map 4 
             Map Operator Tree:
                 TableScan
@@ -606,7 +606,7 @@ STAGE PLANS:
                     Map-reduce partition columns: key (type: string), val (type: string)
                     Statistics: Num rows: 1 Data size: 368 Basic stats: COMPLETE Column stats: NONE
             Execution mode: vectorized, llap
-            LLAP IO: no inputs
+            LLAP IO: all inputs
         Reducer 2 
             Execution mode: llap
             Reduce Operator Tree:
@@ -683,7 +683,7 @@ STAGE PLANS:
                     Map-reduce partition columns: key (type: string), val (type: string)
                     Statistics: Num rows: 1 Data size: 368 Basic stats: COMPLETE Column stats: NONE
             Execution mode: vectorized, llap
-            LLAP IO: no inputs
+            LLAP IO: all inputs
         Map 3 
             Map Operator Tree:
                 TableScan
@@ -696,7 +696,7 @@ STAGE PLANS:
                     Map-reduce partition columns: key (type: string), val (type: string)
                     Statistics: Num rows: 1 Data size: 368 Basic stats: COMPLETE Column stats: NONE
             Execution mode: vectorized, llap
-            LLAP IO: no inputs
+            LLAP IO: all inputs
         Map 4 
             Map Operator Tree:
                 TableScan
@@ -709,7 +709,7 @@ STAGE PLANS:
                     Map-reduce partition columns: key (type: string), val (type: string)
                     Statistics: Num rows: 1 Data size: 368 Basic stats: COMPLETE Column stats: NONE
             Execution mode: vectorized, llap
-            LLAP IO: no inputs
+            LLAP IO: all inputs
         Reducer 2 
             Execution mode: llap
             Reduce Operator Tree:
diff --git a/ql/src/test/results/clientpositive/llap/join_reorder2.q.out b/ql/src/test/results/clientpositive/llap/join_reorder2.q.out
index 6b6e081ad2..5e52d54dbd 100644
--- a/ql/src/test/results/clientpositive/llap/join_reorder2.q.out
+++ b/ql/src/test/results/clientpositive/llap/join_reorder2.q.out
@@ -115,7 +115,7 @@ STAGE PLANS:
                       Statistics: Num rows: 1 Data size: 368 Basic stats: COMPLETE Column stats: NONE
                       value expressions: val (type: string)
             Execution mode: vectorized, llap
-            LLAP IO: no inputs
+            LLAP IO: all inputs
         Map 5 
             Map Operator Tree:
                 TableScan
@@ -133,7 +133,7 @@ STAGE PLANS:
                       Statistics: Num rows: 1 Data size: 368 Basic stats: COMPLETE Column stats: NONE
                       value expressions: val (type: string)
             Execution mode: vectorized, llap
-            LLAP IO: no inputs
+            LLAP IO: all inputs
         Map 6 
             Map Operator Tree:
                 TableScan
@@ -151,7 +151,7 @@ STAGE PLANS:
                       Statistics: Num rows: 1 Data size: 368 Basic stats: COMPLETE Column stats: NONE
                       value expressions: val (type: string)
             Execution mode: vectorized, llap
-            LLAP IO: no inputs
+            LLAP IO: all inputs
         Map 7 
             Map Operator Tree:
                 TableScan
@@ -169,7 +169,7 @@ STAGE PLANS:
                       Statistics: Num rows: 1 Data size: 368 Basic stats: COMPLETE Column stats: NONE
                       value expressions: val (type: string)
             Execution mode: vectorized, llap
-            LLAP IO: no inputs
+            LLAP IO: all inputs
         Reducer 2 
             Execution mode: llap
             Reduce Operator Tree:
@@ -309,7 +309,7 @@ STAGE PLANS:
                       Statistics: Num rows: 1 Data size: 368 Basic stats: COMPLETE Column stats: NONE
                       value expressions: val (type: string)
             Execution mode: vectorized, llap
-            LLAP IO: no inputs
+            LLAP IO: all inputs
         Map 5 
             Map Operator Tree:
                 TableScan
@@ -327,7 +327,7 @@ STAGE PLANS:
                       Statistics: Num rows: 1 Data size: 368 Basic stats: COMPLETE Column stats: NONE
                       value expressions: val (type: string)
             Execution mode: vectorized, llap
-            LLAP IO: no inputs
+            LLAP IO: all inputs
         Map 6 
             Map Operator Tree:
                 TableScan
@@ -345,7 +345,7 @@ STAGE PLANS:
                       Statistics: Num rows: 1 Data size: 368 Basic stats: COMPLETE Column stats: NONE
                       value expressions: key (type: string)
             Execution mode: vectorized, llap
-            LLAP IO: no inputs
+            LLAP IO: all inputs
         Map 7 
             Map Operator Tree:
                 TableScan
@@ -363,7 +363,7 @@ STAGE PLANS:
                       Statistics: Num rows: 1 Data size: 368 Basic stats: COMPLETE Column stats: NONE
                       value expressions: key (type: string), val (type: string)
             Execution mode: vectorized, llap
-            LLAP IO: no inputs
+            LLAP IO: all inputs
         Reducer 2 
             Execution mode: llap
             Reduce Operator Tree:
diff --git a/ql/src/test/results/clientpositive/llap/join_reorder3.q.out b/ql/src/test/results/clientpositive/llap/join_reorder3.q.out
index 13ac0dd7ac..9fc922b266 100644
--- a/ql/src/test/results/clientpositive/llap/join_reorder3.q.out
+++ b/ql/src/test/results/clientpositive/llap/join_reorder3.q.out
@@ -115,7 +115,7 @@ STAGE PLANS:
                       Statistics: Num rows: 1 Data size: 368 Basic stats: COMPLETE Column stats: NONE
                       value expressions: val (type: string)
             Execution mode: vectorized, llap
-            LLAP IO: no inputs
+            LLAP IO: all inputs
         Map 5 
             Map Operator Tree:
                 TableScan
@@ -133,7 +133,7 @@ STAGE PLANS:
                       Statistics: Num rows: 1 Data size: 368 Basic stats: COMPLETE Column stats: NONE
                       value expressions: val (type: string)
             Execution mode: vectorized, llap
-            LLAP IO: no inputs
+            LLAP IO: all inputs
         Map 6 
             Map Operator Tree:
                 TableScan
@@ -151,7 +151,7 @@ STAGE PLANS:
                       Statistics: Num rows: 1 Data size: 368 Basic stats: COMPLETE Column stats: NONE
                       value expressions: val (type: string)
             Execution mode: vectorized, llap
-            LLAP IO: no inputs
+            LLAP IO: all inputs
         Map 7 
             Map Operator Tree:
                 TableScan
@@ -169,7 +169,7 @@ STAGE PLANS:
                       Statistics: Num rows: 1 Data size: 368 Basic stats: COMPLETE Column stats: NONE
                       value expressions: val (type: string)
             Execution mode: vectorized, llap
-            LLAP IO: no inputs
+            LLAP IO: all inputs
         Reducer 2 
             Execution mode: llap
             Reduce Operator Tree:
@@ -309,7 +309,7 @@ STAGE PLANS:
                       Statistics: Num rows: 1 Data size: 368 Basic stats: COMPLETE Column stats: NONE
                       value expressions: val (type: string)
             Execution mode: vectorized, llap
-            LLAP IO: no inputs
+            LLAP IO: all inputs
         Map 5 
             Map Operator Tree:
                 TableScan
@@ -327,7 +327,7 @@ STAGE PLANS:
                       Statistics: Num rows: 1 Data size: 368 Basic stats: COMPLETE Column stats: NONE
                       value expressions: val (type: string)
             Execution mode: vectorized, llap
-            LLAP IO: no inputs
+            LLAP IO: all inputs
         Map 6 
             Map Operator Tree:
                 TableScan
@@ -345,7 +345,7 @@ STAGE PLANS:
                       Statistics: Num rows: 1 Data size: 368 Basic stats: COMPLETE Column stats: NONE
                       value expressions: key (type: string)
             Execution mode: vectorized, llap
-            LLAP IO: no inputs
+            LLAP IO: all inputs
         Map 7 
             Map Operator Tree:
                 TableScan
@@ -363,7 +363,7 @@ STAGE PLANS:
                       Statistics: Num rows: 1 Data size: 368 Basic stats: COMPLETE Column stats: NONE
                       value expressions: key (type: string), val (type: string)
             Execution mode: vectorized, llap
-            LLAP IO: no inputs
+            LLAP IO: all inputs
         Reducer 2 
             Execution mode: llap
             Reduce Operator Tree:
diff --git a/ql/src/test/results/clientpositive/llap/join_reorder4.q.out b/ql/src/test/results/clientpositive/llap/join_reorder4.q.out
index 11526769e4..f76995f2a4 100644
--- a/ql/src/test/results/clientpositive/llap/join_reorder4.q.out
+++ b/ql/src/test/results/clientpositive/llap/join_reorder4.q.out
@@ -88,7 +88,7 @@ STAGE PLANS:
                       Statistics: Num rows: 1 Data size: 368 Basic stats: COMPLETE Column stats: NONE
                       value expressions: val1 (type: string)
             Execution mode: vectorized, llap
-            LLAP IO: no inputs
+            LLAP IO: all inputs
         Map 4 
             Map Operator Tree:
                 TableScan
@@ -106,7 +106,7 @@ STAGE PLANS:
                       Statistics: Num rows: 1 Data size: 368 Basic stats: COMPLETE Column stats: NONE
                       value expressions: val2 (type: string)
             Execution mode: vectorized, llap
-            LLAP IO: no inputs
+            LLAP IO: all inputs
         Map 5 
             Map Operator Tree:
                 TableScan
@@ -124,7 +124,7 @@ STAGE PLANS:
                       Statistics: Num rows: 1 Data size: 368 Basic stats: COMPLETE Column stats: NONE
                       value expressions: val3 (type: string)
             Execution mode: vectorized, llap
-            LLAP IO: no inputs
+            LLAP IO: all inputs
         Reducer 2 
             Execution mode: llap
             Reduce Operator Tree:
@@ -227,7 +227,7 @@ STAGE PLANS:
                       Statistics: Num rows: 1 Data size: 368 Basic stats: COMPLETE Column stats: NONE
                       value expressions: val1 (type: string)
             Execution mode: vectorized, llap
-            LLAP IO: no inputs
+            LLAP IO: all inputs
         Map 4 
             Map Operator Tree:
                 TableScan
@@ -245,7 +245,7 @@ STAGE PLANS:
                       Statistics: Num rows: 1 Data size: 368 Basic stats: COMPLETE Column stats: NONE
                       value expressions: val2 (type: string)
             Execution mode: vectorized, llap
-            LLAP IO: no inputs
+            LLAP IO: all inputs
         Map 5 
             Map Operator Tree:
                 TableScan
@@ -263,7 +263,7 @@ STAGE PLANS:
                       Statistics: Num rows: 1 Data size: 368 Basic stats: COMPLETE Column stats: NONE
                       value expressions: val3 (type: string)
             Execution mode: vectorized, llap
-            LLAP IO: no inputs
+            LLAP IO: all inputs
         Reducer 2 
             Execution mode: llap
             Reduce Operator Tree:
@@ -366,7 +366,7 @@ STAGE PLANS:
                       Statistics: Num rows: 1 Data size: 368 Basic stats: COMPLETE Column stats: NONE
                       value expressions: val1 (type: string)
             Execution mode: vectorized, llap
-            LLAP IO: no inputs
+            LLAP IO: all inputs
         Map 4 
             Map Operator Tree:
                 TableScan
@@ -384,7 +384,7 @@ STAGE PLANS:
                       Statistics: Num rows: 1 Data size: 368 Basic stats: COMPLETE Column stats: NONE
                       value expressions: val2 (type: string)
             Execution mode: vectorized, llap
-            LLAP IO: no inputs
+            LLAP IO: all inputs
         Map 5 
             Map Operator Tree:
                 TableScan
@@ -402,7 +402,7 @@ STAGE PLANS:
                       Statistics: Num rows: 1 Data size: 368 Basic stats: COMPLETE Column stats: NONE
                       value expressions: val3 (type: string)
             Execution mode: vectorized, llap
-            LLAP IO: no inputs
+            LLAP IO: all inputs
         Reducer 2 
             Execution mode: llap
             Reduce Operator Tree:
diff --git a/ql/src/test/results/clientpositive/llap/join_reordering_no_stats.q.out b/ql/src/test/results/clientpositive/llap/join_reordering_no_stats.q.out
index 4e90697fd6..00a86a223f 100644
--- a/ql/src/test/results/clientpositive/llap/join_reordering_no_stats.q.out
+++ b/ql/src/test/results/clientpositive/llap/join_reordering_no_stats.q.out
@@ -125,7 +125,7 @@ STAGE PLANS:
                         Statistics: Num rows: 1 Data size: 8 Basic stats: COMPLETE Column stats: NONE
                         value expressions: _col1 (type: int)
             Execution mode: vectorized, llap
-            LLAP IO: no inputs
+            LLAP IO: all inputs
         Map 5 
             Map Operator Tree:
                 TableScan
@@ -146,7 +146,7 @@ STAGE PLANS:
                         Map-reduce partition columns: _col0 (type: int)
                         Statistics: Num rows: 1 Data size: 4 Basic stats: COMPLETE Column stats: NONE
             Execution mode: vectorized, llap
-            LLAP IO: no inputs
+            LLAP IO: all inputs
         Map 6 
             Map Operator Tree:
                 TableScan
@@ -167,7 +167,7 @@ STAGE PLANS:
                         Map-reduce partition columns: _col0 (type: int)
                         Statistics: Num rows: 1 Data size: 4 Basic stats: COMPLETE Column stats: NONE
             Execution mode: vectorized, llap
-            LLAP IO: no inputs
+            LLAP IO: all inputs
         Reducer 2 
             Execution mode: llap
             Reduce Operator Tree:
@@ -274,7 +274,7 @@ STAGE PLANS:
                         Statistics: Num rows: 1 Data size: 9223372036854775807 Basic stats: PARTIAL Column stats: NONE
                         value expressions: _col0 (type: int)
             Execution mode: vectorized, llap
-            LLAP IO: no inputs
+            LLAP IO: all inputs
         Map 5 
             Map Operator Tree:
                 TableScan
@@ -294,7 +294,7 @@ STAGE PLANS:
                         Statistics: Num rows: 1 Data size: 9223372036854775807 Basic stats: PARTIAL Column stats: NONE
                         value expressions: _col0 (type: int)
             Execution mode: vectorized, llap
-            LLAP IO: no inputs
+            LLAP IO: all inputs
         Map 6 
             Map Operator Tree:
                 TableScan
@@ -315,7 +315,7 @@ STAGE PLANS:
                         Map-reduce partition columns: _col0 (type: int), _col1 (type: int)
                         Statistics: Num rows: 1 Data size: 9223372036854775807 Basic stats: PARTIAL Column stats: NONE
             Execution mode: vectorized, llap
-            LLAP IO: no inputs
+            LLAP IO: all inputs
         Reducer 2 
             Execution mode: llap
             Reduce Operator Tree:
@@ -499,7 +499,7 @@ STAGE PLANS:
                         Statistics: Num rows: 1 Data size: 8 Basic stats: COMPLETE Column stats: NONE
                         value expressions: _col0 (type: int)
             Execution mode: vectorized, llap
-            LLAP IO: no inputs
+            LLAP IO: all inputs
         Map 5 
             Map Operator Tree:
                 TableScan
@@ -520,7 +520,7 @@ STAGE PLANS:
                         Map-reduce partition columns: _col0 (type: int)
                         Statistics: Num rows: 1 Data size: 4 Basic stats: COMPLETE Column stats: NONE
             Execution mode: vectorized, llap
-            LLAP IO: no inputs
+            LLAP IO: all inputs
         Map 6 
             Map Operator Tree:
                 TableScan
@@ -541,7 +541,7 @@ STAGE PLANS:
                         Map-reduce partition columns: _col0 (type: int)
                         Statistics: Num rows: 6 Data size: 21 Basic stats: PARTIAL Column stats: NONE
             Execution mode: vectorized, llap
-            LLAP IO: no inputs
+            LLAP IO: all inputs
         Reducer 2 
             Execution mode: llap
             Reduce Operator Tree:
@@ -660,7 +660,7 @@ STAGE PLANS:
                         Statistics: Num rows: 1 Data size: 4 Basic stats: PARTIAL Column stats: NONE
                         value expressions: _col0 (type: int)
             Execution mode: vectorized, llap
-            LLAP IO: no inputs
+            LLAP IO: all inputs
         Map 5 
             Map Operator Tree:
                 TableScan
@@ -680,7 +680,7 @@ STAGE PLANS:
                         Statistics: Num rows: 1 Data size: 9223372036854775807 Basic stats: PARTIAL Column stats: NONE
                         value expressions: _col0 (type: int)
             Execution mode: vectorized, llap
-            LLAP IO: no inputs
+            LLAP IO: all inputs
         Map 6 
             Map Operator Tree:
                 TableScan
@@ -701,7 +701,7 @@ STAGE PLANS:
                         Map-reduce partition columns: _col0 (type: int), _col1 (type: int)
                         Statistics: Num rows: 1 Data size: 9223372036854775807 Basic stats: PARTIAL Column stats: NONE
             Execution mode: vectorized, llap
-            LLAP IO: no inputs
+            LLAP IO: all inputs
         Reducer 2 
             Execution mode: llap
             Reduce Operator Tree:
diff --git a/ql/src/test/results/clientpositive/llap/join_star.q.out b/ql/src/test/results/clientpositive/llap/join_star.q.out
index 5ea3a70f38..358a6e9073 100644
--- a/ql/src/test/results/clientpositive/llap/join_star.q.out
+++ b/ql/src/test/results/clientpositive/llap/join_star.q.out
@@ -184,7 +184,7 @@ STAGE PLANS:
                                 output format: org.apache.hadoop.hive.ql.io.HiveSequenceFileOutputFormat
                                 serde: org.apache.hadoop.hive.serde2.lazy.LazySimpleSerDe
             Execution mode: vectorized, llap
-            LLAP IO: no inputs
+            LLAP IO: all inputs
         Map 2 
             Map Operator Tree:
                 TableScan
@@ -206,7 +206,7 @@ STAGE PLANS:
                         Statistics: Num rows: 1 Data size: 8 Basic stats: COMPLETE Column stats: NONE
                         value expressions: _col1 (type: int)
             Execution mode: vectorized, llap
-            LLAP IO: no inputs
+            LLAP IO: all inputs
 
   Stage: Stage-0
     Fetch Operator
@@ -304,7 +304,7 @@ STAGE PLANS:
                                   output format: org.apache.hadoop.hive.ql.io.HiveSequenceFileOutputFormat
                                   serde: org.apache.hadoop.hive.serde2.lazy.LazySimpleSerDe
             Execution mode: vectorized, llap
-            LLAP IO: no inputs
+            LLAP IO: all inputs
         Map 2 
             Map Operator Tree:
                 TableScan
@@ -326,7 +326,7 @@ STAGE PLANS:
                         Statistics: Num rows: 1 Data size: 8 Basic stats: COMPLETE Column stats: NONE
                         value expressions: _col1 (type: int)
             Execution mode: vectorized, llap
-            LLAP IO: no inputs
+            LLAP IO: all inputs
         Map 3 
             Map Operator Tree:
                 TableScan
@@ -348,7 +348,7 @@ STAGE PLANS:
                         Statistics: Num rows: 1 Data size: 8 Basic stats: COMPLETE Column stats: NONE
                         value expressions: _col1 (type: int)
             Execution mode: vectorized, llap
-            LLAP IO: no inputs
+            LLAP IO: all inputs
 
   Stage: Stage-0
     Fetch Operator
@@ -448,7 +448,7 @@ STAGE PLANS:
                                   output format: org.apache.hadoop.hive.ql.io.HiveSequenceFileOutputFormat
                                   serde: org.apache.hadoop.hive.serde2.lazy.LazySimpleSerDe
             Execution mode: vectorized, llap
-            LLAP IO: no inputs
+            LLAP IO: all inputs
         Map 2 
             Map Operator Tree:
                 TableScan
@@ -470,7 +470,7 @@ STAGE PLANS:
                         Statistics: Num rows: 1 Data size: 8 Basic stats: COMPLETE Column stats: NONE
                         value expressions: _col1 (type: int)
             Execution mode: vectorized, llap
-            LLAP IO: no inputs
+            LLAP IO: all inputs
         Map 3 
             Map Operator Tree:
                 TableScan
@@ -492,7 +492,7 @@ STAGE PLANS:
                         Statistics: Num rows: 1 Data size: 12 Basic stats: COMPLETE Column stats: NONE
                         value expressions: _col0 (type: int), _col1 (type: int)
             Execution mode: vectorized, llap
-            LLAP IO: no inputs
+            LLAP IO: all inputs
 
   Stage: Stage-0
     Fetch Operator
@@ -587,7 +587,7 @@ STAGE PLANS:
                                 output format: org.apache.hadoop.hive.ql.io.HiveSequenceFileOutputFormat
                                 serde: org.apache.hadoop.hive.serde2.lazy.LazySimpleSerDe
             Execution mode: vectorized, llap
-            LLAP IO: no inputs
+            LLAP IO: all inputs
         Map 2 
             Map Operator Tree:
                 TableScan
@@ -609,7 +609,7 @@ STAGE PLANS:
                         Statistics: Num rows: 1 Data size: 8 Basic stats: COMPLETE Column stats: NONE
                         value expressions: _col1 (type: int)
             Execution mode: vectorized, llap
-            LLAP IO: no inputs
+            LLAP IO: all inputs
         Map 3 
             Map Operator Tree:
                 TableScan
@@ -631,7 +631,7 @@ STAGE PLANS:
                         Statistics: Num rows: 1 Data size: 8 Basic stats: COMPLETE Column stats: NONE
                         value expressions: _col1 (type: int)
             Execution mode: vectorized, llap
-            LLAP IO: no inputs
+            LLAP IO: all inputs
 
   Stage: Stage-0
     Fetch Operator
@@ -802,7 +802,7 @@ STAGE PLANS:
                                           output format: org.apache.hadoop.hive.ql.io.HiveSequenceFileOutputFormat
                                           serde: org.apache.hadoop.hive.serde2.lazy.LazySimpleSerDe
             Execution mode: vectorized, llap
-            LLAP IO: no inputs
+            LLAP IO: all inputs
         Map 2 
             Map Operator Tree:
                 TableScan
@@ -824,7 +824,7 @@ STAGE PLANS:
                         Statistics: Num rows: 1 Data size: 8 Basic stats: COMPLETE Column stats: NONE
                         value expressions: _col1 (type: int)
             Execution mode: vectorized, llap
-            LLAP IO: no inputs
+            LLAP IO: all inputs
         Map 3 
             Map Operator Tree:
                 TableScan
@@ -846,7 +846,7 @@ STAGE PLANS:
                         Statistics: Num rows: 1 Data size: 8 Basic stats: COMPLETE Column stats: NONE
                         value expressions: _col1 (type: int)
             Execution mode: vectorized, llap
-            LLAP IO: no inputs
+            LLAP IO: all inputs
         Map 4 
             Map Operator Tree:
                 TableScan
@@ -868,7 +868,7 @@ STAGE PLANS:
                         Statistics: Num rows: 1 Data size: 8 Basic stats: COMPLETE Column stats: NONE
                         value expressions: _col1 (type: int)
             Execution mode: vectorized, llap
-            LLAP IO: no inputs
+            LLAP IO: all inputs
         Map 5 
             Map Operator Tree:
                 TableScan
@@ -890,7 +890,7 @@ STAGE PLANS:
                         Statistics: Num rows: 1 Data size: 8 Basic stats: COMPLETE Column stats: NONE
                         value expressions: _col1 (type: int)
             Execution mode: vectorized, llap
-            LLAP IO: no inputs
+            LLAP IO: all inputs
         Map 6 
             Map Operator Tree:
                 TableScan
@@ -912,7 +912,7 @@ STAGE PLANS:
                         Statistics: Num rows: 1 Data size: 8 Basic stats: COMPLETE Column stats: NONE
                         value expressions: _col1 (type: int)
             Execution mode: vectorized, llap
-            LLAP IO: no inputs
+            LLAP IO: all inputs
         Map 7 
             Map Operator Tree:
                 TableScan
@@ -934,7 +934,7 @@ STAGE PLANS:
                         Statistics: Num rows: 1 Data size: 8 Basic stats: COMPLETE Column stats: NONE
                         value expressions: _col1 (type: int)
             Execution mode: vectorized, llap
-            LLAP IO: no inputs
+            LLAP IO: all inputs
         Map 8 
             Map Operator Tree:
                 TableScan
@@ -956,7 +956,7 @@ STAGE PLANS:
                         Statistics: Num rows: 1 Data size: 8 Basic stats: COMPLETE Column stats: NONE
                         value expressions: _col1 (type: int)
             Execution mode: vectorized, llap
-            LLAP IO: no inputs
+            LLAP IO: all inputs
 
   Stage: Stage-0
     Fetch Operator
diff --git a/ql/src/test/results/clientpositive/llap/lateral_view.q.out b/ql/src/test/results/clientpositive/llap/lateral_view.q.out
index 0a405c7f88..e54a32366f 100644
--- a/ql/src/test/results/clientpositive/llap/lateral_view.q.out
+++ b/ql/src/test/results/clientpositive/llap/lateral_view.q.out
@@ -93,7 +93,7 @@ STAGE PLANS:
                                 Statistics: Num rows: 1000 Data size: 289000 Basic stats: COMPLETE Column stats: COMPLETE
                                 value expressions: _col1 (type: string)
             Execution mode: llap
-            LLAP IO: no inputs
+            LLAP IO: all inputs
         Reducer 2 
             Execution mode: vectorized, llap
             Reduce Operator Tree:
diff --git a/ql/src/test/results/clientpositive/llap/lateral_view_cp.q.out b/ql/src/test/results/clientpositive/llap/lateral_view_cp.q.out
index ea2b1f056b..9b2ae05d41 100644
--- a/ql/src/test/results/clientpositive/llap/lateral_view_cp.q.out
+++ b/ql/src/test/results/clientpositive/llap/lateral_view_cp.q.out
@@ -59,7 +59,7 @@ STAGE PLANS:
                       Map-reduce partition columns: key (type: string)
                       Statistics: Num rows: 500 Data size: 43500 Basic stats: COMPLETE Column stats: COMPLETE
             Execution mode: vectorized, llap
-            LLAP IO: no inputs
+            LLAP IO: all inputs
         Map 4 
             Map Operator Tree:
                 TableScan
@@ -77,7 +77,7 @@ STAGE PLANS:
                       Statistics: Num rows: 475 Data size: 951428 Basic stats: COMPLETE Column stats: NONE
                       value expressions: value (type: array<string>)
             Execution mode: vectorized, llap
-            LLAP IO: no inputs
+            LLAP IO: all inputs
         Reducer 2 
             Execution mode: llap
             Reduce Operator Tree:
diff --git a/ql/src/test/results/clientpositive/llap/lateral_view_explode2.q.out b/ql/src/test/results/clientpositive/llap/lateral_view_explode2.q.out
index 0a65544191..ab0619f6f8 100644
--- a/ql/src/test/results/clientpositive/llap/lateral_view_explode2.q.out
+++ b/ql/src/test/results/clientpositive/llap/lateral_view_explode2.q.out
@@ -83,7 +83,7 @@ STAGE PLANS:
                                 Map-reduce partition columns: _col0 (type: int), _col1 (type: int)
                                 Statistics: Num rows: 1 Data size: 8 Basic stats: COMPLETE Column stats: COMPLETE
             Execution mode: llap
-            LLAP IO: no inputs
+            LLAP IO: all inputs
         Reducer 2 
             Execution mode: vectorized, llap
             Reduce Operator Tree:
diff --git a/ql/src/test/results/clientpositive/llap/lateral_view_noalias.q.out b/ql/src/test/results/clientpositive/llap/lateral_view_noalias.q.out
index c6a69f6946..4c7a9a3bec 100644
--- a/ql/src/test/results/clientpositive/llap/lateral_view_noalias.q.out
+++ b/ql/src/test/results/clientpositive/llap/lateral_view_noalias.q.out
@@ -216,7 +216,7 @@ STAGE PLANS:
                                 TopN Hash Memory Usage: 0.1
                                 value expressions: _col0 (type: string), _col1 (type: int)
             Execution mode: llap
-            LLAP IO: no inputs
+            LLAP IO: all inputs
         Reducer 2 
             Execution mode: vectorized, llap
             Reduce Operator Tree:
diff --git a/ql/src/test/results/clientpositive/llap/lateral_view_onview.q.out b/ql/src/test/results/clientpositive/llap/lateral_view_onview.q.out
index 1d2298ce69..6e9f27d3d0 100644
--- a/ql/src/test/results/clientpositive/llap/lateral_view_onview.q.out
+++ b/ql/src/test/results/clientpositive/llap/lateral_view_onview.q.out
@@ -108,7 +108,7 @@ STAGE PLANS:
                                 Statistics: Num rows: 1000 Data size: 374136 Basic stats: COMPLETE Column stats: NONE
                                 value expressions: _col1 (type: array<int>), _col2 (type: int), _col3 (type: char(1))
             Execution mode: llap
-            LLAP IO: no inputs
+            LLAP IO: all inputs
         Reducer 2 
             Execution mode: vectorized, llap
             Reduce Operator Tree:
@@ -569,7 +569,7 @@ STAGE PLANS:
                       Statistics: Num rows: 500 Data size: 485000 Basic stats: COMPLETE Column stats: COMPLETE
                       value expressions: c3 (type: int), c4 (type: char(1)), c5 (type: string), c6 (type: string), c7 (type: string), c8 (type: string), c9 (type: string), c10 (type: string), c11 (type: string), c12 (type: string), c13 (type: string)
             Execution mode: vectorized, llap
-            LLAP IO: no inputs
+            LLAP IO: all inputs
         Map 5 
             Map Operator Tree:
                 TableScan
@@ -587,7 +587,7 @@ STAGE PLANS:
                       Statistics: Num rows: 475 Data size: 137468 Basic stats: COMPLETE Column stats: NONE
                       value expressions: c2 (type: array<int>)
             Execution mode: vectorized, llap
-            LLAP IO: no inputs
+            LLAP IO: all inputs
         Reducer 2 
             Execution mode: llap
             Reduce Operator Tree:
diff --git a/ql/src/test/results/clientpositive/llap/leftsemijoin.q.out b/ql/src/test/results/clientpositive/llap/leftsemijoin.q.out
index f72ff6f157..d564117c03 100644
--- a/ql/src/test/results/clientpositive/llap/leftsemijoin.q.out
+++ b/ql/src/test/results/clientpositive/llap/leftsemijoin.q.out
@@ -160,7 +160,7 @@ STAGE PLANS:
                         Statistics: Num rows: 26 Data size: 3146 Basic stats: COMPLETE Column stats: COMPLETE
                         value expressions: _col0 (type: string)
             Execution mode: vectorized, llap
-            LLAP IO: no inputs
+            LLAP IO: all inputs
         Map 4 
             Map Operator Tree:
                 TableScan
@@ -173,7 +173,7 @@ STAGE PLANS:
                       sort order: 
                       Statistics: Num rows: 26 Data size: 104 Basic stats: COMPLETE Column stats: COMPLETE
             Execution mode: vectorized, llap
-            LLAP IO: no inputs
+            LLAP IO: all inputs
         Reducer 2 
             Execution mode: llap
             Reduce Operator Tree:
diff --git a/ql/src/test/results/clientpositive/llap/limit_join_transpose.q.out b/ql/src/test/results/clientpositive/llap/limit_join_transpose.q.out
index 364fe4b8d9..53f996e1f5 100644
--- a/ql/src/test/results/clientpositive/llap/limit_join_transpose.q.out
+++ b/ql/src/test/results/clientpositive/llap/limit_join_transpose.q.out
@@ -43,7 +43,7 @@ STAGE PLANS:
                       Statistics: Num rows: 500 Data size: 89000 Basic stats: COMPLETE Column stats: COMPLETE
                       value expressions: _col1 (type: string)
             Execution mode: llap
-            LLAP IO: no inputs
+            LLAP IO: all inputs
         Map 3 
             Map Operator Tree:
                 TableScan
@@ -65,7 +65,7 @@ STAGE PLANS:
                         Statistics: Num rows: 500 Data size: 89000 Basic stats: COMPLETE Column stats: COMPLETE
                         value expressions: _col1 (type: string)
             Execution mode: llap
-            LLAP IO: no inputs
+            LLAP IO: all inputs
         Reducer 2 
             Execution mode: llap
             Reduce Operator Tree:
@@ -154,7 +154,7 @@ STAGE PLANS:
                       Statistics: Num rows: 500 Data size: 89000 Basic stats: COMPLETE Column stats: COMPLETE
                       value expressions: _col1 (type: string)
             Execution mode: llap
-            LLAP IO: no inputs
+            LLAP IO: all inputs
         Map 3 
             Map Operator Tree:
                 TableScan
@@ -176,7 +176,7 @@ STAGE PLANS:
                         Statistics: Num rows: 500 Data size: 89000 Basic stats: COMPLETE Column stats: COMPLETE
                         value expressions: _col1 (type: string)
             Execution mode: llap
-            LLAP IO: no inputs
+            LLAP IO: all inputs
         Reducer 2 
             Execution mode: llap
             Reduce Operator Tree:
@@ -282,7 +282,7 @@ STAGE PLANS:
                         Statistics: Num rows: 500 Data size: 89000 Basic stats: COMPLETE Column stats: COMPLETE
                         value expressions: _col1 (type: string)
             Execution mode: llap
-            LLAP IO: no inputs
+            LLAP IO: all inputs
         Reducer 2 
             Execution mode: llap
             Reduce Operator Tree:
@@ -426,7 +426,7 @@ STAGE PLANS:
                         Statistics: Num rows: 500 Data size: 89000 Basic stats: COMPLETE Column stats: COMPLETE
                         value expressions: _col0 (type: string)
             Execution mode: llap
-            LLAP IO: no inputs
+            LLAP IO: all inputs
         Reducer 2 
             Execution mode: llap
             Reduce Operator Tree:
@@ -599,7 +599,7 @@ STAGE PLANS:
                         Statistics: Num rows: 500 Data size: 89000 Basic stats: COMPLETE Column stats: COMPLETE
                         value expressions: _col0 (type: string)
             Execution mode: llap
-            LLAP IO: no inputs
+            LLAP IO: all inputs
         Reducer 2 
             Execution mode: llap
             Reduce Operator Tree:
@@ -792,7 +792,7 @@ STAGE PLANS:
                         Map-reduce partition columns: _col0 (type: string)
                         Statistics: Num rows: 500 Data size: 45500 Basic stats: COMPLETE Column stats: COMPLETE
             Execution mode: llap
-            LLAP IO: no inputs
+            LLAP IO: all inputs
         Reducer 2 
             Execution mode: llap
             Reduce Operator Tree:
@@ -1021,7 +1021,7 @@ STAGE PLANS:
                       Statistics: Num rows: 500 Data size: 89000 Basic stats: COMPLETE Column stats: COMPLETE
                       value expressions: _col1 (type: string)
             Execution mode: llap
-            LLAP IO: no inputs
+            LLAP IO: all inputs
         Map 3 
             Map Operator Tree:
                 TableScan
@@ -1043,7 +1043,7 @@ STAGE PLANS:
                         Statistics: Num rows: 500 Data size: 89000 Basic stats: COMPLETE Column stats: COMPLETE
                         value expressions: _col1 (type: string)
             Execution mode: llap
-            LLAP IO: no inputs
+            LLAP IO: all inputs
         Reducer 2 
             Execution mode: llap
             Reduce Operator Tree:
@@ -1133,7 +1133,7 @@ STAGE PLANS:
                       Statistics: Num rows: 500 Data size: 89000 Basic stats: COMPLETE Column stats: COMPLETE
                       value expressions: _col1 (type: string)
             Execution mode: llap
-            LLAP IO: no inputs
+            LLAP IO: all inputs
         Map 3 
             Map Operator Tree:
                 TableScan
@@ -1155,7 +1155,7 @@ STAGE PLANS:
                         Statistics: Num rows: 500 Data size: 89000 Basic stats: COMPLETE Column stats: COMPLETE
                         value expressions: _col1 (type: string)
             Execution mode: llap
-            LLAP IO: no inputs
+            LLAP IO: all inputs
         Reducer 2 
             Execution mode: llap
             Reduce Operator Tree:
@@ -1263,7 +1263,7 @@ STAGE PLANS:
                         Statistics: Num rows: 500 Data size: 89000 Basic stats: COMPLETE Column stats: COMPLETE
                         value expressions: _col1 (type: string)
             Execution mode: llap
-            LLAP IO: no inputs
+            LLAP IO: all inputs
         Reducer 2 
             Execution mode: llap
             Reduce Operator Tree:
@@ -1409,7 +1409,7 @@ STAGE PLANS:
                         Statistics: Num rows: 500 Data size: 89000 Basic stats: COMPLETE Column stats: COMPLETE
                         value expressions: _col0 (type: string)
             Execution mode: llap
-            LLAP IO: no inputs
+            LLAP IO: all inputs
         Reducer 2 
             Execution mode: llap
             Reduce Operator Tree:
@@ -1584,7 +1584,7 @@ STAGE PLANS:
                         Statistics: Num rows: 500 Data size: 89000 Basic stats: COMPLETE Column stats: COMPLETE
                         value expressions: _col0 (type: string)
             Execution mode: llap
-            LLAP IO: no inputs
+            LLAP IO: all inputs
         Reducer 2 
             Execution mode: llap
             Reduce Operator Tree:
@@ -1780,7 +1780,7 @@ STAGE PLANS:
                         Map-reduce partition columns: _col0 (type: string)
                         Statistics: Num rows: 500 Data size: 45500 Basic stats: COMPLETE Column stats: COMPLETE
             Execution mode: llap
-            LLAP IO: no inputs
+            LLAP IO: all inputs
         Reducer 2 
             Execution mode: llap
             Reduce Operator Tree:
diff --git a/ql/src/test/results/clientpositive/llap/limit_pushdown.q.out b/ql/src/test/results/clientpositive/llap/limit_pushdown.q.out
index 9f7fa7e460..16fbc8dd85 100644
--- a/ql/src/test/results/clientpositive/llap/limit_pushdown.q.out
+++ b/ql/src/test/results/clientpositive/llap/limit_pushdown.q.out
@@ -42,7 +42,7 @@ STAGE PLANS:
                         Statistics: Num rows: 500 Data size: 89000 Basic stats: COMPLETE Column stats: COMPLETE
                         value expressions: _col1 (type: string)
             Execution mode: vectorized, llap
-            LLAP IO: no inputs
+            LLAP IO: all inputs
         Reducer 2 
             Execution mode: vectorized, llap
             Reduce Operator Tree:
@@ -139,7 +139,7 @@ STAGE PLANS:
                         Statistics: Num rows: 500 Data size: 89000 Basic stats: COMPLETE Column stats: COMPLETE
                         value expressions: _col1 (type: string)
             Execution mode: vectorized, llap
-            LLAP IO: no inputs
+            LLAP IO: all inputs
         Reducer 2 
             Execution mode: vectorized, llap
             Reduce Operator Tree:
@@ -244,7 +244,7 @@ STAGE PLANS:
                           Statistics: Num rows: 250 Data size: 24750 Basic stats: COMPLETE Column stats: COMPLETE
                           value expressions: _col1 (type: double)
             Execution mode: vectorized, llap
-            LLAP IO: no inputs
+            LLAP IO: all inputs
         Reducer 2 
             Execution mode: vectorized, llap
             Reduce Operator Tree:
@@ -354,7 +354,7 @@ STAGE PLANS:
                           Statistics: Num rows: 250 Data size: 26750 Basic stats: COMPLETE Column stats: COMPLETE
                           value expressions: _col1 (type: double), _col2 (type: bigint)
             Execution mode: vectorized, llap
-            LLAP IO: no inputs
+            LLAP IO: all inputs
         Reducer 2 
             Execution mode: vectorized, llap
             Reduce Operator Tree:
@@ -938,7 +938,7 @@ STAGE PLANS:
                         Statistics: Num rows: 250 Data size: 24750 Basic stats: COMPLETE Column stats: COMPLETE
                         value expressions: _col1 (type: double)
             Execution mode: llap
-            LLAP IO: no inputs
+            LLAP IO: all inputs
         Reducer 2 
             Execution mode: vectorized, llap
             Reduce Operator Tree:
@@ -1099,7 +1099,7 @@ STAGE PLANS:
                           Statistics: Num rows: 250 Data size: 23750 Basic stats: COMPLETE Column stats: COMPLETE
                           value expressions: _col1 (type: bigint)
             Execution mode: vectorized, llap
-            LLAP IO: no inputs
+            LLAP IO: all inputs
         Reducer 2 
             Execution mode: vectorized, llap
             Reduce Operator Tree:
@@ -1236,7 +1236,7 @@ STAGE PLANS:
                         Statistics: Num rows: 500 Data size: 89000 Basic stats: COMPLETE Column stats: COMPLETE
                         value expressions: key (type: string)
             Execution mode: vectorized, llap
-            LLAP IO: no inputs
+            LLAP IO: all inputs
         Reducer 2 
             Execution mode: llap
             Reduce Operator Tree:
@@ -1338,7 +1338,7 @@ STAGE PLANS:
                         Statistics: Num rows: 500 Data size: 407500 Basic stats: COMPLETE Column stats: COMPLETE
                         value expressions: _col1 (type: string)
             Execution mode: vectorized, llap
-            LLAP IO: no inputs
+            LLAP IO: all inputs
         Reducer 2 
             Execution mode: vectorized, llap
             Reduce Operator Tree:
@@ -1511,7 +1511,7 @@ STAGE PLANS:
                       Statistics: Num rows: 500 Data size: 89000 Basic stats: COMPLETE Column stats: COMPLETE
                       value expressions: _col1 (type: string)
             Execution mode: vectorized, llap
-            LLAP IO: no inputs
+            LLAP IO: all inputs
         Reducer 2 
             Execution mode: llap
             Reduce Operator Tree:
diff --git a/ql/src/test/results/clientpositive/llap/limit_pushdown2.q.out b/ql/src/test/results/clientpositive/llap/limit_pushdown2.q.out
index 9676adda88..8838c68016 100644
--- a/ql/src/test/results/clientpositive/llap/limit_pushdown2.q.out
+++ b/ql/src/test/results/clientpositive/llap/limit_pushdown2.q.out
@@ -54,7 +54,7 @@ STAGE PLANS:
                           Statistics: Num rows: 250 Data size: 48500 Basic stats: COMPLETE Column stats: COMPLETE
                           value expressions: _col2 (type: double), _col3 (type: bigint)
             Execution mode: vectorized, llap
-            LLAP IO: no inputs
+            LLAP IO: all inputs
         Reducer 2 
             Execution mode: vectorized, llap
             Reduce Operator Tree:
@@ -173,7 +173,7 @@ STAGE PLANS:
                           Statistics: Num rows: 250 Data size: 48500 Basic stats: COMPLETE Column stats: COMPLETE
                           value expressions: _col2 (type: double), _col3 (type: bigint)
             Execution mode: vectorized, llap
-            LLAP IO: no inputs
+            LLAP IO: all inputs
         Reducer 2 
             Execution mode: vectorized, llap
             Reduce Operator Tree:
@@ -292,7 +292,7 @@ STAGE PLANS:
                           Statistics: Num rows: 250 Data size: 48500 Basic stats: COMPLETE Column stats: COMPLETE
                           value expressions: _col2 (type: double), _col3 (type: bigint)
             Execution mode: vectorized, llap
-            LLAP IO: no inputs
+            LLAP IO: all inputs
         Reducer 2 
             Execution mode: vectorized, llap
             Reduce Operator Tree:
@@ -411,7 +411,7 @@ STAGE PLANS:
                           Statistics: Num rows: 250 Data size: 48500 Basic stats: COMPLETE Column stats: COMPLETE
                           value expressions: _col2 (type: double), _col3 (type: bigint)
             Execution mode: vectorized, llap
-            LLAP IO: no inputs
+            LLAP IO: all inputs
         Reducer 2 
             Execution mode: vectorized, llap
             Reduce Operator Tree:
@@ -530,7 +530,7 @@ STAGE PLANS:
                           Statistics: Num rows: 250 Data size: 48500 Basic stats: COMPLETE Column stats: COMPLETE
                           value expressions: _col2 (type: double), _col3 (type: bigint)
             Execution mode: vectorized, llap
-            LLAP IO: no inputs
+            LLAP IO: all inputs
         Reducer 2 
             Execution mode: vectorized, llap
             Reduce Operator Tree:
@@ -649,7 +649,7 @@ STAGE PLANS:
                           Statistics: Num rows: 250 Data size: 48500 Basic stats: COMPLETE Column stats: COMPLETE
                           value expressions: _col2 (type: double), _col3 (type: bigint)
             Execution mode: vectorized, llap
-            LLAP IO: no inputs
+            LLAP IO: all inputs
         Reducer 2 
             Execution mode: vectorized, llap
             Reduce Operator Tree:
@@ -769,7 +769,7 @@ STAGE PLANS:
                           Statistics: Num rows: 250 Data size: 46500 Basic stats: COMPLETE Column stats: COMPLETE
                           value expressions: _col2 (type: bigint)
             Execution mode: vectorized, llap
-            LLAP IO: no inputs
+            LLAP IO: all inputs
         Reducer 2 
             Execution mode: vectorized, llap
             Reduce Operator Tree:
@@ -903,7 +903,7 @@ STAGE PLANS:
                           Statistics: Num rows: 250 Data size: 46500 Basic stats: COMPLETE Column stats: COMPLETE
                           value expressions: _col2 (type: bigint)
             Execution mode: vectorized, llap
-            LLAP IO: no inputs
+            LLAP IO: all inputs
         Reducer 2 
             Execution mode: vectorized, llap
             Reduce Operator Tree:
@@ -1031,7 +1031,7 @@ STAGE PLANS:
                         Statistics: Num rows: 250 Data size: 26750 Basic stats: COMPLETE Column stats: COMPLETE
                         value expressions: _col1 (type: double), _col2 (type: bigint)
             Execution mode: vectorized, llap
-            LLAP IO: no inputs
+            LLAP IO: all inputs
         Reducer 2 
             Execution mode: vectorized, llap
             Reduce Operator Tree:
@@ -1163,7 +1163,7 @@ STAGE PLANS:
                         Statistics: Num rows: 750 Data size: 151500 Basic stats: COMPLETE Column stats: COMPLETE
                         value expressions: _col3 (type: double), _col4 (type: bigint)
             Execution mode: vectorized, llap
-            LLAP IO: no inputs
+            LLAP IO: all inputs
         Reducer 2 
             Execution mode: vectorized, llap
             Reduce Operator Tree:
@@ -1265,7 +1265,7 @@ STAGE PLANS:
                         Statistics: Num rows: 750 Data size: 151500 Basic stats: COMPLETE Column stats: COMPLETE
                         value expressions: _col3 (type: double), _col4 (type: bigint)
             Execution mode: vectorized, llap
-            LLAP IO: no inputs
+            LLAP IO: all inputs
         Reducer 2 
             Execution mode: vectorized, llap
             Reduce Operator Tree:
diff --git a/ql/src/test/results/clientpositive/llap/limit_pushdown3.q.out b/ql/src/test/results/clientpositive/llap/limit_pushdown3.q.out
index 4365733900..7b311c2ab5 100644
--- a/ql/src/test/results/clientpositive/llap/limit_pushdown3.q.out
+++ b/ql/src/test/results/clientpositive/llap/limit_pushdown3.q.out
@@ -42,7 +42,7 @@ STAGE PLANS:
                         Statistics: Num rows: 500 Data size: 89000 Basic stats: COMPLETE Column stats: COMPLETE
                         value expressions: _col1 (type: string)
             Execution mode: vectorized, llap
-            LLAP IO: no inputs
+            LLAP IO: all inputs
         Reducer 2 
             Execution mode: vectorized, llap
             Reduce Operator Tree:
@@ -139,7 +139,7 @@ STAGE PLANS:
                         Statistics: Num rows: 500 Data size: 89000 Basic stats: COMPLETE Column stats: COMPLETE
                         value expressions: _col1 (type: string)
             Execution mode: vectorized, llap
-            LLAP IO: no inputs
+            LLAP IO: all inputs
         Reducer 2 
             Execution mode: vectorized, llap
             Reduce Operator Tree:
@@ -245,7 +245,7 @@ STAGE PLANS:
                           Statistics: Num rows: 250 Data size: 24750 Basic stats: COMPLETE Column stats: COMPLETE
                           value expressions: _col1 (type: double)
             Execution mode: vectorized, llap
-            LLAP IO: no inputs
+            LLAP IO: all inputs
         Reducer 2 
             Execution mode: vectorized, llap
             Reduce Operator Tree:
@@ -366,7 +366,7 @@ STAGE PLANS:
                           Statistics: Num rows: 250 Data size: 26750 Basic stats: COMPLETE Column stats: COMPLETE
                           value expressions: _col1 (type: double), _col2 (type: bigint)
             Execution mode: vectorized, llap
-            LLAP IO: no inputs
+            LLAP IO: all inputs
         Reducer 2 
             Execution mode: vectorized, llap
             Reduce Operator Tree:
@@ -1006,7 +1006,7 @@ STAGE PLANS:
                         Statistics: Num rows: 250 Data size: 24750 Basic stats: COMPLETE Column stats: COMPLETE
                         value expressions: _col1 (type: double)
             Execution mode: llap
-            LLAP IO: no inputs
+            LLAP IO: all inputs
         Reducer 2 
             Execution mode: vectorized, llap
             Reduce Operator Tree:
@@ -1126,7 +1126,7 @@ STAGE PLANS:
                         Statistics: Num rows: 500 Data size: 89000 Basic stats: COMPLETE Column stats: COMPLETE
                         value expressions: key (type: string)
             Execution mode: vectorized, llap
-            LLAP IO: no inputs
+            LLAP IO: all inputs
         Reducer 2 
             Execution mode: llap
             Reduce Operator Tree:
@@ -1238,7 +1238,7 @@ STAGE PLANS:
                         Statistics: Num rows: 500 Data size: 407500 Basic stats: COMPLETE Column stats: COMPLETE
                         value expressions: _col1 (type: string)
             Execution mode: vectorized, llap
-            LLAP IO: no inputs
+            LLAP IO: all inputs
         Reducer 2 
             Execution mode: vectorized, llap
             Reduce Operator Tree:
@@ -1411,7 +1411,7 @@ STAGE PLANS:
                       Statistics: Num rows: 500 Data size: 89000 Basic stats: COMPLETE Column stats: COMPLETE
                       value expressions: _col1 (type: string)
             Execution mode: vectorized, llap
-            LLAP IO: no inputs
+            LLAP IO: all inputs
         Reducer 2 
             Execution mode: llap
             Reduce Operator Tree:
diff --git a/ql/src/test/results/clientpositive/llap/limit_pushdown_negative.q.out b/ql/src/test/results/clientpositive/llap/limit_pushdown_negative.q.out
index a9cf7c31c9..f95c23385a 100644
--- a/ql/src/test/results/clientpositive/llap/limit_pushdown_negative.q.out
+++ b/ql/src/test/results/clientpositive/llap/limit_pushdown_negative.q.out
@@ -39,7 +39,7 @@ STAGE PLANS:
                         Statistics: Num rows: 500 Data size: 89000 Basic stats: COMPLETE Column stats: COMPLETE
                         value expressions: _col1 (type: string)
             Execution mode: vectorized, llap
-            LLAP IO: no inputs
+            LLAP IO: all inputs
         Map 3 
             Map Operator Tree:
                 TableScan
@@ -61,7 +61,7 @@ STAGE PLANS:
                         Statistics: Num rows: 500 Data size: 89000 Basic stats: COMPLETE Column stats: COMPLETE
                         value expressions: _col1 (type: string)
             Execution mode: vectorized, llap
-            LLAP IO: no inputs
+            LLAP IO: all inputs
         Reducer 2 
             Execution mode: llap
             Reduce Operator Tree:
@@ -134,7 +134,7 @@ STAGE PLANS:
                         Statistics: Num rows: 250 Data size: 24750 Basic stats: COMPLETE Column stats: COMPLETE
                         value expressions: _col1 (type: double)
             Execution mode: llap
-            LLAP IO: no inputs
+            LLAP IO: all inputs
         Reducer 2 
             Execution mode: vectorized, llap
             Reduce Operator Tree:
@@ -277,7 +277,7 @@ STAGE PLANS:
                       Statistics: Num rows: 500 Data size: 89000 Basic stats: COMPLETE Column stats: COMPLETE
                       value expressions: key (type: string)
             Execution mode: vectorized, llap
-            LLAP IO: no inputs
+            LLAP IO: all inputs
         Reducer 2 
             Execution mode: llap
             Reduce Operator Tree:
diff --git a/ql/src/test/results/clientpositive/llap/lineage1.q.out b/ql/src/test/results/clientpositive/llap/lineage1.q.out
index f885e3be51..0c15a9cb40 100644
--- a/ql/src/test/results/clientpositive/llap/lineage1.q.out
+++ b/ql/src/test/results/clientpositive/llap/lineage1.q.out
@@ -75,7 +75,7 @@ STAGE PLANS:
                         Statistics: Num rows: 500 Data size: 89000 Basic stats: COMPLETE Column stats: COMPLETE
                         value expressions: _col1 (type: string)
             Execution mode: llap
-            LLAP IO: no inputs
+            LLAP IO: all inputs
         Map 5 
             Map Operator Tree:
                 TableScan
@@ -92,7 +92,7 @@ STAGE PLANS:
                       Map-reduce partition columns: _col0 (type: string)
                       Statistics: Num rows: 25 Data size: 2150 Basic stats: COMPLETE Column stats: COMPLETE
             Execution mode: llap
-            LLAP IO: no inputs
+            LLAP IO: all inputs
         Map 6 
             Map Operator Tree:
                 TableScan
@@ -114,7 +114,7 @@ STAGE PLANS:
                         Statistics: Num rows: 500 Data size: 89000 Basic stats: COMPLETE Column stats: COMPLETE
                         value expressions: _col1 (type: string)
             Execution mode: llap
-            LLAP IO: no inputs
+            LLAP IO: all inputs
         Map 8 
             Map Operator Tree:
                 TableScan
@@ -131,7 +131,7 @@ STAGE PLANS:
                       Map-reduce partition columns: _col0 (type: string)
                       Statistics: Num rows: 25 Data size: 2150 Basic stats: COMPLETE Column stats: COMPLETE
             Execution mode: llap
-            LLAP IO: no inputs
+            LLAP IO: all inputs
         Reducer 2 
             Execution mode: llap
             Reduce Operator Tree:
diff --git a/ql/src/test/results/clientpositive/llap/list_bucket_dml_1.q.out b/ql/src/test/results/clientpositive/llap/list_bucket_dml_1.q.out
index 4b06982cc3..f98386642e 100644
--- a/ql/src/test/results/clientpositive/llap/list_bucket_dml_1.q.out
+++ b/ql/src/test/results/clientpositive/llap/list_bucket_dml_1.q.out
@@ -105,7 +105,7 @@ STAGE PLANS:
                           value expressions: _col2 (type: int), _col3 (type: struct<count:bigint,sum:double,input:int>), _col4 (type: bigint), _col5 (type: bigint), _col6 (type: binary), _col7 (type: int), _col8 (type: struct<count:bigint,sum:double,input:int>), _col9 (type: bigint), _col10 (type: binary)
                           auto parallelism: true
             Execution mode: llap
-            LLAP IO: no inputs
+            LLAP IO: all inputs
             Path -> Alias:
 #### A masked pattern was here ####
             Path -> Partition:
diff --git a/ql/src/test/results/clientpositive/llap/list_bucket_dml_10.q.out b/ql/src/test/results/clientpositive/llap/list_bucket_dml_10.q.out
index 3cb709710f..c99e1cd2a5 100644
--- a/ql/src/test/results/clientpositive/llap/list_bucket_dml_10.q.out
+++ b/ql/src/test/results/clientpositive/llap/list_bucket_dml_10.q.out
@@ -104,7 +104,7 @@ STAGE PLANS:
                           value expressions: _col2 (type: int), _col3 (type: struct<count:bigint,sum:double,input:int>), _col4 (type: bigint), _col5 (type: bigint), _col6 (type: binary), _col7 (type: int), _col8 (type: struct<count:bigint,sum:double,input:int>), _col9 (type: bigint), _col10 (type: binary)
                           auto parallelism: true
             Execution mode: llap
-            LLAP IO: no inputs
+            LLAP IO: all inputs
             Path -> Alias:
 #### A masked pattern was here ####
             Path -> Partition:
diff --git a/ql/src/test/results/clientpositive/llap/list_bucket_dml_11.q.out b/ql/src/test/results/clientpositive/llap/list_bucket_dml_11.q.out
index a14fe4b8cb..0af993899c 100644
--- a/ql/src/test/results/clientpositive/llap/list_bucket_dml_11.q.out
+++ b/ql/src/test/results/clientpositive/llap/list_bucket_dml_11.q.out
@@ -104,7 +104,7 @@ STAGE PLANS:
                           value expressions: _col2 (type: int), _col3 (type: struct<count:bigint,sum:double,input:int>), _col4 (type: bigint), _col5 (type: bigint), _col6 (type: binary), _col7 (type: int), _col8 (type: struct<count:bigint,sum:double,input:int>), _col9 (type: bigint), _col10 (type: binary)
                           auto parallelism: true
             Execution mode: llap
-            LLAP IO: no inputs
+            LLAP IO: all inputs
             Path -> Alias:
 #### A masked pattern was here ####
             Path -> Partition:
diff --git a/ql/src/test/results/clientpositive/llap/list_bucket_dml_12.q.out b/ql/src/test/results/clientpositive/llap/list_bucket_dml_12.q.out
index b75aa85c0e..b1282c8256 100644
--- a/ql/src/test/results/clientpositive/llap/list_bucket_dml_12.q.out
+++ b/ql/src/test/results/clientpositive/llap/list_bucket_dml_12.q.out
@@ -104,7 +104,7 @@ STAGE PLANS:
                           value expressions: _col2 (type: int), _col3 (type: struct<count:bigint,sum:double,input:int>), _col4 (type: bigint), _col5 (type: bigint), _col6 (type: binary), _col7 (type: int), _col8 (type: struct<count:bigint,sum:double,input:int>), _col9 (type: bigint), _col10 (type: binary), _col11 (type: int), _col12 (type: struct<count:bigint,sum:double,input:int>), _col13 (type: bigint), _col14 (type: binary), _col15 (type: int), _col16 (type: struct<count:bigint,sum:double,input:int>), _col17 (type: bigint), _col18 (type: binary), _col19 (type: int), _col20 (type: struct<count:bigint,sum:double,input:int>), _col21 (type: bigint), _col22 (type: binary)
                           auto parallelism: true
             Execution mode: llap
-            LLAP IO: no inputs
+            LLAP IO: all inputs
             Path -> Alias:
 #### A masked pattern was here ####
             Path -> Partition:
diff --git a/ql/src/test/results/clientpositive/llap/list_bucket_dml_13.q.out b/ql/src/test/results/clientpositive/llap/list_bucket_dml_13.q.out
index d0cc71faf4..043b1927ef 100644
--- a/ql/src/test/results/clientpositive/llap/list_bucket_dml_13.q.out
+++ b/ql/src/test/results/clientpositive/llap/list_bucket_dml_13.q.out
@@ -104,7 +104,7 @@ STAGE PLANS:
                           value expressions: _col2 (type: int), _col3 (type: struct<count:bigint,sum:double,input:int>), _col4 (type: bigint), _col5 (type: bigint), _col6 (type: binary), _col7 (type: int), _col8 (type: struct<count:bigint,sum:double,input:int>), _col9 (type: bigint), _col10 (type: binary), _col11 (type: int), _col12 (type: struct<count:bigint,sum:double,input:int>), _col13 (type: bigint), _col14 (type: binary), _col15 (type: int), _col16 (type: struct<count:bigint,sum:double,input:int>), _col17 (type: bigint), _col18 (type: binary), _col19 (type: int), _col20 (type: struct<count:bigint,sum:double,input:int>), _col21 (type: bigint), _col22 (type: binary)
                           auto parallelism: true
             Execution mode: llap
-            LLAP IO: no inputs
+            LLAP IO: all inputs
             Path -> Alias:
 #### A masked pattern was here ####
             Path -> Partition:
diff --git a/ql/src/test/results/clientpositive/llap/list_bucket_dml_14.q.out b/ql/src/test/results/clientpositive/llap/list_bucket_dml_14.q.out
index 7f376f7ac8..ed35dfc78c 100644
--- a/ql/src/test/results/clientpositive/llap/list_bucket_dml_14.q.out
+++ b/ql/src/test/results/clientpositive/llap/list_bucket_dml_14.q.out
@@ -92,7 +92,7 @@ STAGE PLANS:
                           value expressions: _col0 (type: int), _col1 (type: struct<count:bigint,sum:double,input:int>), _col2 (type: bigint), _col3 (type: bigint), _col4 (type: binary), _col5 (type: int), _col6 (type: struct<count:bigint,sum:double,input:int>), _col7 (type: bigint), _col8 (type: binary)
                           auto parallelism: false
             Execution mode: llap
-            LLAP IO: no inputs
+            LLAP IO: all inputs
             Path -> Alias:
 #### A masked pattern was here ####
             Path -> Partition:
diff --git a/ql/src/test/results/clientpositive/llap/list_bucket_dml_2.q.out b/ql/src/test/results/clientpositive/llap/list_bucket_dml_2.q.out
index b506156dba..19964d6a3b 100644
--- a/ql/src/test/results/clientpositive/llap/list_bucket_dml_2.q.out
+++ b/ql/src/test/results/clientpositive/llap/list_bucket_dml_2.q.out
@@ -110,7 +110,7 @@ STAGE PLANS:
                           value expressions: _col2 (type: int), _col3 (type: struct<count:bigint,sum:double,input:int>), _col4 (type: bigint), _col5 (type: bigint), _col6 (type: binary), _col7 (type: int), _col8 (type: struct<count:bigint,sum:double,input:int>), _col9 (type: bigint), _col10 (type: binary)
                           auto parallelism: true
             Execution mode: llap
-            LLAP IO: no inputs
+            LLAP IO: all inputs
             Path -> Alias:
 #### A masked pattern was here ####
             Path -> Partition:
diff --git a/ql/src/test/results/clientpositive/llap/list_bucket_dml_3.q.out b/ql/src/test/results/clientpositive/llap/list_bucket_dml_3.q.out
index a2b0f00cfb..00beb7bcbf 100644
--- a/ql/src/test/results/clientpositive/llap/list_bucket_dml_3.q.out
+++ b/ql/src/test/results/clientpositive/llap/list_bucket_dml_3.q.out
@@ -100,7 +100,7 @@ STAGE PLANS:
                           value expressions: _col2 (type: int), _col3 (type: struct<count:bigint,sum:double,input:int>), _col4 (type: bigint), _col5 (type: bigint), _col6 (type: binary), _col7 (type: int), _col8 (type: struct<count:bigint,sum:double,input:int>), _col9 (type: bigint), _col10 (type: binary)
                           auto parallelism: true
             Execution mode: llap
-            LLAP IO: no inputs
+            LLAP IO: all inputs
             Path -> Alias:
 #### A masked pattern was here ####
             Path -> Partition:
diff --git a/ql/src/test/results/clientpositive/llap/list_bucket_dml_4.q.out b/ql/src/test/results/clientpositive/llap/list_bucket_dml_4.q.out
index 964f4ae688..39e4ff497f 100644
--- a/ql/src/test/results/clientpositive/llap/list_bucket_dml_4.q.out
+++ b/ql/src/test/results/clientpositive/llap/list_bucket_dml_4.q.out
@@ -110,7 +110,7 @@ STAGE PLANS:
                           value expressions: _col2 (type: int), _col3 (type: struct<count:bigint,sum:double,input:int>), _col4 (type: bigint), _col5 (type: bigint), _col6 (type: binary), _col7 (type: int), _col8 (type: struct<count:bigint,sum:double,input:int>), _col9 (type: bigint), _col10 (type: binary)
                           auto parallelism: true
             Execution mode: llap
-            LLAP IO: no inputs
+            LLAP IO: all inputs
             Path -> Alias:
 #### A masked pattern was here ####
             Path -> Partition:
@@ -431,7 +431,7 @@ STAGE PLANS:
                           value expressions: _col2 (type: int), _col3 (type: struct<count:bigint,sum:double,input:int>), _col4 (type: bigint), _col5 (type: bigint), _col6 (type: binary), _col7 (type: int), _col8 (type: struct<count:bigint,sum:double,input:int>), _col9 (type: bigint), _col10 (type: binary)
                           auto parallelism: true
             Execution mode: llap
-            LLAP IO: no inputs
+            LLAP IO: all inputs
             Path -> Alias:
 #### A masked pattern was here ####
             Path -> Partition:
diff --git a/ql/src/test/results/clientpositive/llap/list_bucket_dml_5.q.out b/ql/src/test/results/clientpositive/llap/list_bucket_dml_5.q.out
index 47d4a5e92f..1b4b906f86 100644
--- a/ql/src/test/results/clientpositive/llap/list_bucket_dml_5.q.out
+++ b/ql/src/test/results/clientpositive/llap/list_bucket_dml_5.q.out
@@ -105,7 +105,7 @@ STAGE PLANS:
                           value expressions: _col2 (type: int), _col3 (type: struct<count:bigint,sum:double,input:int>), _col4 (type: bigint), _col5 (type: bigint), _col6 (type: binary), _col7 (type: int), _col8 (type: struct<count:bigint,sum:double,input:int>), _col9 (type: bigint), _col10 (type: binary)
                           auto parallelism: true
             Execution mode: llap
-            LLAP IO: no inputs
+            LLAP IO: all inputs
             Path -> Alias:
 #### A masked pattern was here ####
             Path -> Partition:
diff --git a/ql/src/test/results/clientpositive/llap/list_bucket_dml_6.q.out b/ql/src/test/results/clientpositive/llap/list_bucket_dml_6.q.out
index 3be3f9ca27..bf54eccaee 100644
--- a/ql/src/test/results/clientpositive/llap/list_bucket_dml_6.q.out
+++ b/ql/src/test/results/clientpositive/llap/list_bucket_dml_6.q.out
@@ -109,7 +109,7 @@ STAGE PLANS:
                           value expressions: _col2 (type: int), _col3 (type: struct<count:bigint,sum:double,input:int>), _col4 (type: bigint), _col5 (type: bigint), _col6 (type: binary), _col7 (type: int), _col8 (type: struct<count:bigint,sum:double,input:int>), _col9 (type: bigint), _col10 (type: binary)
                           auto parallelism: true
             Execution mode: llap
-            LLAP IO: no inputs
+            LLAP IO: all inputs
             Path -> Alias:
 #### A masked pattern was here ####
             Path -> Partition:
@@ -474,7 +474,7 @@ STAGE PLANS:
                           value expressions: _col2 (type: int), _col3 (type: struct<count:bigint,sum:double,input:int>), _col4 (type: bigint), _col5 (type: bigint), _col6 (type: binary), _col7 (type: int), _col8 (type: struct<count:bigint,sum:double,input:int>), _col9 (type: bigint), _col10 (type: binary)
                           auto parallelism: true
             Execution mode: llap
-            LLAP IO: no inputs
+            LLAP IO: all inputs
             Path -> Alias:
 #### A masked pattern was here ####
             Path -> Partition:
diff --git a/ql/src/test/results/clientpositive/llap/list_bucket_dml_7.q.out b/ql/src/test/results/clientpositive/llap/list_bucket_dml_7.q.out
index a8ad351a53..a185e816c5 100644
--- a/ql/src/test/results/clientpositive/llap/list_bucket_dml_7.q.out
+++ b/ql/src/test/results/clientpositive/llap/list_bucket_dml_7.q.out
@@ -109,7 +109,7 @@ STAGE PLANS:
                           value expressions: _col2 (type: int), _col3 (type: struct<count:bigint,sum:double,input:int>), _col4 (type: bigint), _col5 (type: bigint), _col6 (type: binary), _col7 (type: int), _col8 (type: struct<count:bigint,sum:double,input:int>), _col9 (type: bigint), _col10 (type: binary)
                           auto parallelism: true
             Execution mode: llap
-            LLAP IO: no inputs
+            LLAP IO: all inputs
             Path -> Alias:
 #### A masked pattern was here ####
             Path -> Partition:
@@ -474,7 +474,7 @@ STAGE PLANS:
                           value expressions: _col2 (type: int), _col3 (type: struct<count:bigint,sum:double,input:int>), _col4 (type: bigint), _col5 (type: bigint), _col6 (type: binary), _col7 (type: int), _col8 (type: struct<count:bigint,sum:double,input:int>), _col9 (type: bigint), _col10 (type: binary)
                           auto parallelism: true
             Execution mode: llap
-            LLAP IO: no inputs
+            LLAP IO: all inputs
             Path -> Alias:
 #### A masked pattern was here ####
             Path -> Partition:
diff --git a/ql/src/test/results/clientpositive/llap/list_bucket_dml_9.q.out b/ql/src/test/results/clientpositive/llap/list_bucket_dml_9.q.out
index b49a276cd5..a56b3ba6be 100644
--- a/ql/src/test/results/clientpositive/llap/list_bucket_dml_9.q.out
+++ b/ql/src/test/results/clientpositive/llap/list_bucket_dml_9.q.out
@@ -110,7 +110,7 @@ STAGE PLANS:
                           value expressions: _col2 (type: int), _col3 (type: struct<count:bigint,sum:double,input:int>), _col4 (type: bigint), _col5 (type: bigint), _col6 (type: binary), _col7 (type: int), _col8 (type: struct<count:bigint,sum:double,input:int>), _col9 (type: bigint), _col10 (type: binary)
                           auto parallelism: true
             Execution mode: llap
-            LLAP IO: no inputs
+            LLAP IO: all inputs
             Path -> Alias:
 #### A masked pattern was here ####
             Path -> Partition:
@@ -431,7 +431,7 @@ STAGE PLANS:
                           value expressions: _col2 (type: int), _col3 (type: struct<count:bigint,sum:double,input:int>), _col4 (type: bigint), _col5 (type: bigint), _col6 (type: binary), _col7 (type: int), _col8 (type: struct<count:bigint,sum:double,input:int>), _col9 (type: bigint), _col10 (type: binary)
                           auto parallelism: true
             Execution mode: llap
-            LLAP IO: no inputs
+            LLAP IO: all inputs
             Path -> Alias:
 #### A masked pattern was here ####
             Path -> Partition:
diff --git a/ql/src/test/results/clientpositive/llap/list_bucket_query_oneskew_2.q.out b/ql/src/test/results/clientpositive/llap/list_bucket_query_oneskew_2.q.out
index f45e9d470e..0679b6f9cb 100644
--- a/ql/src/test/results/clientpositive/llap/list_bucket_query_oneskew_2.q.out
+++ b/ql/src/test/results/clientpositive/llap/list_bucket_query_oneskew_2.q.out
@@ -351,7 +351,7 @@ STAGE PLANS:
                           value expressions: _col1 (type: bigint)
                           auto parallelism: true
             Execution mode: vectorized, llap
-            LLAP IO: no inputs
+            LLAP IO: all inputs
             Path -> Alias:
 #### A masked pattern was here ####
             Path -> Partition:
@@ -504,7 +504,7 @@ STAGE PLANS:
                           value expressions: _col1 (type: bigint)
                           auto parallelism: true
             Execution mode: vectorized, llap
-            LLAP IO: no inputs
+            LLAP IO: all inputs
             Path -> Alias:
 #### A masked pattern was here ####
             Path -> Partition:
diff --git a/ql/src/test/results/clientpositive/llap/llap_partitioned.q.out b/ql/src/test/results/clientpositive/llap/llap_partitioned.q.out
index b1de8fd106..bb8023f6a7 100644
--- a/ql/src/test/results/clientpositive/llap/llap_partitioned.q.out
+++ b/ql/src/test/results/clientpositive/llap/llap_partitioned.q.out
@@ -2414,7 +2414,7 @@ STAGE PLANS:
                         Statistics: Num rows: 1 Data size: 8 Basic stats: COMPLETE Column stats: COMPLETE
                         value expressions: _col0 (type: bigint)
             Execution mode: vectorized, llap
-            LLAP IO: no inputs
+            LLAP IO: all inputs
             Map Vectorization:
                 enabled: true
                 enabledConditionsMet: hive.vectorized.use.vector.serde.deserialize IS true
diff --git a/ql/src/test/results/clientpositive/llap/load_data_using_job.q.out b/ql/src/test/results/clientpositive/llap/load_data_using_job.q.out
index d04e82e423..81254e3bf2 100644
--- a/ql/src/test/results/clientpositive/llap/load_data_using_job.q.out
+++ b/ql/src/test/results/clientpositive/llap/load_data_using_job.q.out
@@ -227,7 +227,7 @@ STAGE PLANS:
                       Statistics: Num rows: 68 Data size: 24552 Basic stats: COMPLETE Column stats: NONE
                       value expressions: _col0 (type: int), _col1 (type: string)
             Execution mode: vectorized, llap
-            LLAP IO: no inputs
+            LLAP IO: all inputs
         Reducer 2 
             Execution mode: vectorized, llap
             Reduce Operator Tree:
@@ -457,7 +457,7 @@ STAGE PLANS:
                       Statistics: Num rows: 73 Data size: 26696 Basic stats: COMPLETE Column stats: NONE
                       value expressions: _col0 (type: int), _col1 (type: string)
             Execution mode: vectorized, llap
-            LLAP IO: no inputs
+            LLAP IO: all inputs
         Reducer 2 
             Execution mode: vectorized, llap
             Reduce Operator Tree:
@@ -693,7 +693,7 @@ STAGE PLANS:
                       Statistics: Num rows: 147 Data size: 53016 Basic stats: COMPLETE Column stats: NONE
                       value expressions: _col0 (type: int), _col1 (type: string)
             Execution mode: vectorized, llap
-            LLAP IO: no inputs
+            LLAP IO: all inputs
         Reducer 2 
             Execution mode: vectorized, llap
             Reduce Operator Tree:
@@ -1047,7 +1047,7 @@ STAGE PLANS:
                       Statistics: Num rows: 47 Data size: 8648 Basic stats: COMPLETE Column stats: NONE
                       value expressions: _col1 (type: string)
             Execution mode: vectorized, llap
-            LLAP IO: no inputs
+            LLAP IO: all inputs
         Reducer 2 
             Execution mode: vectorized, llap
             Reduce Operator Tree:
@@ -1272,7 +1272,7 @@ STAGE PLANS:
                       Statistics: Num rows: 68 Data size: 24552 Basic stats: COMPLETE Column stats: NONE
                       value expressions: _col1 (type: string)
             Execution mode: vectorized, llap
-            LLAP IO: no inputs
+            LLAP IO: all inputs
         Reducer 2 
             Execution mode: vectorized, llap
             Reduce Operator Tree:
@@ -1502,7 +1502,7 @@ STAGE PLANS:
                       Statistics: Num rows: 73 Data size: 26696 Basic stats: COMPLETE Column stats: NONE
                       value expressions: _col1 (type: string)
             Execution mode: vectorized, llap
-            LLAP IO: no inputs
+            LLAP IO: all inputs
         Reducer 2 
             Execution mode: vectorized, llap
             Reduce Operator Tree:
@@ -1738,7 +1738,7 @@ STAGE PLANS:
                       Statistics: Num rows: 147 Data size: 53016 Basic stats: COMPLETE Column stats: NONE
                       value expressions: _col1 (type: string)
             Execution mode: vectorized, llap
-            LLAP IO: no inputs
+            LLAP IO: all inputs
         Reducer 2 
             Execution mode: vectorized, llap
             Reduce Operator Tree:
@@ -2092,7 +2092,7 @@ STAGE PLANS:
                       Statistics: Num rows: 295 Data size: 106032 Basic stats: COMPLETE Column stats: NONE
                       value expressions: _col1 (type: string)
             Execution mode: vectorized, llap
-            LLAP IO: no inputs
+            LLAP IO: all inputs
         Reducer 2 
             Execution mode: vectorized, llap
             Reduce Operator Tree:
@@ -2682,7 +2682,7 @@ STAGE PLANS:
                       Statistics: Num rows: 73 Data size: 26696 Basic stats: COMPLETE Column stats: NONE
                       value expressions: _col2 (type: string)
             Execution mode: vectorized, llap
-            LLAP IO: no inputs
+            LLAP IO: all inputs
         Reducer 2 
             Execution mode: vectorized, llap
             Reduce Operator Tree:
@@ -2923,7 +2923,7 @@ STAGE PLANS:
                       Statistics: Num rows: 68 Data size: 24552 Basic stats: COMPLETE Column stats: NONE
                       value expressions: _col0 (type: int), _col1 (type: string)
             Execution mode: vectorized, llap
-            LLAP IO: no inputs
+            LLAP IO: all inputs
         Reducer 2 
             Execution mode: vectorized, llap
             Reduce Operator Tree:
diff --git a/ql/src/test/results/clientpositive/llap/load_dyn_part1.q.out b/ql/src/test/results/clientpositive/llap/load_dyn_part1.q.out
index bc4400a70e..03fbad4bbf 100644
--- a/ql/src/test/results/clientpositive/llap/load_dyn_part1.q.out
+++ b/ql/src/test/results/clientpositive/llap/load_dyn_part1.q.out
@@ -153,7 +153,7 @@ STAGE PLANS:
                             Statistics: Num rows: 2 Data size: 1500 Basic stats: COMPLETE Column stats: COMPLETE
                             value expressions: _col2 (type: int), _col3 (type: struct<count:bigint,sum:double,input:int>), _col4 (type: bigint), _col5 (type: bigint), _col6 (type: binary), _col7 (type: int), _col8 (type: struct<count:bigint,sum:double,input:int>), _col9 (type: bigint), _col10 (type: binary)
             Execution mode: llap
-            LLAP IO: no inputs
+            LLAP IO: all inputs
         Reducer 2 
             Execution mode: llap
             Reduce Operator Tree:
diff --git a/ql/src/test/results/clientpositive/llap/load_dyn_part10.q.out b/ql/src/test/results/clientpositive/llap/load_dyn_part10.q.out
index bbfec4f169..e497ee4ae1 100644
--- a/ql/src/test/results/clientpositive/llap/load_dyn_part10.q.out
+++ b/ql/src/test/results/clientpositive/llap/load_dyn_part10.q.out
@@ -99,7 +99,7 @@ STAGE PLANS:
                           Statistics: Num rows: 2 Data size: 1500 Basic stats: COMPLETE Column stats: COMPLETE
                           value expressions: _col2 (type: int), _col3 (type: struct<count:bigint,sum:double,input:int>), _col4 (type: bigint), _col5 (type: bigint), _col6 (type: binary), _col7 (type: int), _col8 (type: struct<count:bigint,sum:double,input:int>), _col9 (type: bigint), _col10 (type: binary)
             Execution mode: llap
-            LLAP IO: no inputs
+            LLAP IO: all inputs
         Reducer 2 
             Execution mode: llap
             Reduce Operator Tree:
diff --git a/ql/src/test/results/clientpositive/llap/load_dyn_part13.q.out b/ql/src/test/results/clientpositive/llap/load_dyn_part13.q.out
index c4b683e12d..c1c2098ba9 100644
--- a/ql/src/test/results/clientpositive/llap/load_dyn_part13.q.out
+++ b/ql/src/test/results/clientpositive/llap/load_dyn_part13.q.out
@@ -114,7 +114,7 @@ STAGE PLANS:
                             Statistics: Num rows: 1 Data size: 652 Basic stats: COMPLETE Column stats: COMPLETE
                             value expressions: _col2 (type: int), _col3 (type: struct<count:bigint,sum:double,input:int>), _col4 (type: bigint), _col5 (type: bigint), _col6 (type: binary), _col7 (type: int), _col8 (type: struct<count:bigint,sum:double,input:int>), _col9 (type: bigint), _col10 (type: binary)
             Execution mode: llap
-            LLAP IO: no inputs
+            LLAP IO: all inputs
         Map 4 
             Map Operator Tree:
                 TableScan
@@ -155,7 +155,7 @@ STAGE PLANS:
                             Statistics: Num rows: 1 Data size: 652 Basic stats: COMPLETE Column stats: COMPLETE
                             value expressions: _col2 (type: int), _col3 (type: struct<count:bigint,sum:double,input:int>), _col4 (type: bigint), _col5 (type: bigint), _col6 (type: binary), _col7 (type: int), _col8 (type: struct<count:bigint,sum:double,input:int>), _col9 (type: bigint), _col10 (type: binary)
             Execution mode: llap
-            LLAP IO: no inputs
+            LLAP IO: all inputs
         Reducer 3 
             Execution mode: llap
             Reduce Operator Tree:
diff --git a/ql/src/test/results/clientpositive/llap/load_dyn_part14.q.out b/ql/src/test/results/clientpositive/llap/load_dyn_part14.q.out
index 12ba635db9..cde8414928 100644
--- a/ql/src/test/results/clientpositive/llap/load_dyn_part14.q.out
+++ b/ql/src/test/results/clientpositive/llap/load_dyn_part14.q.out
@@ -79,7 +79,7 @@ STAGE PLANS:
                         Statistics: Num rows: 2 Data size: 8 Basic stats: COMPLETE Column stats: COMPLETE
                         TopN Hash Memory Usage: 0.1
             Execution mode: vectorized, llap
-            LLAP IO: no inputs
+            LLAP IO: all inputs
         Map 5 
             Map Operator Tree:
                 TableScan
@@ -96,7 +96,7 @@ STAGE PLANS:
                         Statistics: Num rows: 2 Data size: 8 Basic stats: COMPLETE Column stats: COMPLETE
                         TopN Hash Memory Usage: 0.1
             Execution mode: vectorized, llap
-            LLAP IO: no inputs
+            LLAP IO: all inputs
         Map 7 
             Map Operator Tree:
                 TableScan
@@ -113,7 +113,7 @@ STAGE PLANS:
                         Statistics: Num rows: 2 Data size: 8 Basic stats: COMPLETE Column stats: COMPLETE
                         TopN Hash Memory Usage: 0.1
             Execution mode: vectorized, llap
-            LLAP IO: no inputs
+            LLAP IO: all inputs
         Reducer 2 
             Execution mode: llap
             Reduce Operator Tree:
diff --git a/ql/src/test/results/clientpositive/llap/load_dyn_part2.q.out b/ql/src/test/results/clientpositive/llap/load_dyn_part2.q.out
index 9adfdac208..8bdf92c962 100644
--- a/ql/src/test/results/clientpositive/llap/load_dyn_part2.q.out
+++ b/ql/src/test/results/clientpositive/llap/load_dyn_part2.q.out
@@ -77,7 +77,7 @@ STAGE PLANS:
                       Statistics: Num rows: 2000 Data size: 724000 Basic stats: COMPLETE Column stats: COMPLETE
                       value expressions: _col1 (type: string), _col2 (type: string)
             Execution mode: vectorized, llap
-            LLAP IO: no inputs
+            LLAP IO: all inputs
         Reducer 2 
             Execution mode: llap
             Reduce Operator Tree:
diff --git a/ql/src/test/results/clientpositive/llap/load_dyn_part4.q.out b/ql/src/test/results/clientpositive/llap/load_dyn_part4.q.out
index c98b1a6c53..dbd9a48b45 100644
--- a/ql/src/test/results/clientpositive/llap/load_dyn_part4.q.out
+++ b/ql/src/test/results/clientpositive/llap/load_dyn_part4.q.out
@@ -112,7 +112,7 @@ STAGE PLANS:
                           Statistics: Num rows: 4 Data size: 3360 Basic stats: COMPLETE Column stats: COMPLETE
                           value expressions: _col2 (type: int), _col3 (type: struct<count:bigint,sum:double,input:int>), _col4 (type: bigint), _col5 (type: bigint), _col6 (type: binary), _col7 (type: int), _col8 (type: struct<count:bigint,sum:double,input:int>), _col9 (type: bigint), _col10 (type: binary)
             Execution mode: llap
-            LLAP IO: no inputs
+            LLAP IO: all inputs
         Reducer 2 
             Execution mode: llap
             Reduce Operator Tree:
diff --git a/ql/src/test/results/clientpositive/llap/load_dyn_part5.q.out b/ql/src/test/results/clientpositive/llap/load_dyn_part5.q.out
index d1818e6051..2a6fd29889 100644
--- a/ql/src/test/results/clientpositive/llap/load_dyn_part5.q.out
+++ b/ql/src/test/results/clientpositive/llap/load_dyn_part5.q.out
@@ -80,7 +80,7 @@ STAGE PLANS:
                       Statistics: Num rows: 500 Data size: 89000 Basic stats: COMPLETE Column stats: COMPLETE
                       value expressions: _col0 (type: string)
             Execution mode: llap
-            LLAP IO: no inputs
+            LLAP IO: all inputs
         Reducer 2 
             Execution mode: llap
             Reduce Operator Tree:
diff --git a/ql/src/test/results/clientpositive/llap/load_dyn_part8.q.out b/ql/src/test/results/clientpositive/llap/load_dyn_part8.q.out
index 3ea3b8cddb..b28253bbf9 100644
--- a/ql/src/test/results/clientpositive/llap/load_dyn_part8.q.out
+++ b/ql/src/test/results/clientpositive/llap/load_dyn_part8.q.out
@@ -197,7 +197,7 @@ STAGE PLANS:
                             value expressions: _col2 (type: int), _col3 (type: struct<count:bigint,sum:double,input:int>), _col4 (type: bigint), _col5 (type: bigint), _col6 (type: binary), _col7 (type: int), _col8 (type: struct<count:bigint,sum:double,input:int>), _col9 (type: bigint), _col10 (type: binary)
                             auto parallelism: true
             Execution mode: llap
-            LLAP IO: no inputs
+            LLAP IO: all inputs
             Path -> Alias:
 #### A masked pattern was here ####
             Path -> Partition:
diff --git a/ql/src/test/results/clientpositive/llap/load_dyn_part9.q.out b/ql/src/test/results/clientpositive/llap/load_dyn_part9.q.out
index 5bed2b47ec..5e2b4b96aa 100644
--- a/ql/src/test/results/clientpositive/llap/load_dyn_part9.q.out
+++ b/ql/src/test/results/clientpositive/llap/load_dyn_part9.q.out
@@ -100,7 +100,7 @@ STAGE PLANS:
                           Statistics: Num rows: 2 Data size: 1680 Basic stats: COMPLETE Column stats: COMPLETE
                           value expressions: _col2 (type: int), _col3 (type: struct<count:bigint,sum:double,input:int>), _col4 (type: bigint), _col5 (type: bigint), _col6 (type: binary), _col7 (type: int), _col8 (type: struct<count:bigint,sum:double,input:int>), _col9 (type: bigint), _col10 (type: binary)
             Execution mode: llap
-            LLAP IO: no inputs
+            LLAP IO: all inputs
         Reducer 2 
             Execution mode: llap
             Reduce Operator Tree:
diff --git a/ql/src/test/results/clientpositive/llap/load_static_ptn_into_bucketed_table.q.out b/ql/src/test/results/clientpositive/llap/load_static_ptn_into_bucketed_table.q.out
index a27fa74205..87aea4512a 100644
--- a/ql/src/test/results/clientpositive/llap/load_static_ptn_into_bucketed_table.q.out
+++ b/ql/src/test/results/clientpositive/llap/load_static_ptn_into_bucketed_table.q.out
@@ -45,7 +45,7 @@ STAGE PLANS:
                       Statistics: Num rows: 47 Data size: 8648 Basic stats: COMPLETE Column stats: NONE
                       value expressions: _col1 (type: string)
             Execution mode: vectorized, llap
-            LLAP IO: no inputs
+            LLAP IO: all inputs
         Reducer 2 
             Execution mode: vectorized, llap
             Reduce Operator Tree:
@@ -273,7 +273,7 @@ STAGE PLANS:
                       Statistics: Num rows: 35 Data size: 13020 Basic stats: COMPLETE Column stats: NONE
                       value expressions: _col1 (type: string)
             Execution mode: vectorized, llap
-            LLAP IO: no inputs
+            LLAP IO: all inputs
         Reducer 2 
             Execution mode: vectorized, llap
             Reduce Operator Tree:
@@ -502,7 +502,7 @@ STAGE PLANS:
                       Statistics: Num rows: 68 Data size: 24552 Basic stats: COMPLETE Column stats: NONE
                       value expressions: _col1 (type: string)
             Execution mode: vectorized, llap
-            LLAP IO: no inputs
+            LLAP IO: all inputs
         Reducer 2 
             Execution mode: vectorized, llap
             Reduce Operator Tree:
@@ -732,7 +732,7 @@ STAGE PLANS:
                       Statistics: Num rows: 47 Data size: 8648 Basic stats: COMPLETE Column stats: NONE
                       value expressions: _col1 (type: string)
             Execution mode: vectorized, llap
-            LLAP IO: no inputs
+            LLAP IO: all inputs
         Reducer 2 
             Execution mode: vectorized, llap
             Reduce Operator Tree:
diff --git a/ql/src/test/results/clientpositive/llap/louter_join_ppr.q.out b/ql/src/test/results/clientpositive/llap/louter_join_ppr.q.out
index ac36d6c20f..6f8076fb17 100644
--- a/ql/src/test/results/clientpositive/llap/louter_join_ppr.q.out
+++ b/ql/src/test/results/clientpositive/llap/louter_join_ppr.q.out
@@ -72,7 +72,7 @@ STAGE PLANS:
                         value expressions: _col1 (type: string)
                         auto parallelism: true
             Execution mode: vectorized, llap
-            LLAP IO: no inputs
+            LLAP IO: all inputs
             Path -> Alias:
 #### A masked pattern was here ####
             Path -> Partition:
@@ -137,7 +137,7 @@ STAGE PLANS:
                         value expressions: _col1 (type: string)
                         auto parallelism: true
             Execution mode: vectorized, llap
-            LLAP IO: no inputs
+            LLAP IO: all inputs
             Path -> Alias:
 #### A masked pattern was here ####
             Path -> Partition:
@@ -374,7 +374,7 @@ STAGE PLANS:
                         value expressions: _col1 (type: string)
                         auto parallelism: true
             Execution mode: vectorized, llap
-            LLAP IO: no inputs
+            LLAP IO: all inputs
             Path -> Alias:
 #### A masked pattern was here ####
             Path -> Partition:
@@ -482,7 +482,7 @@ STAGE PLANS:
                         value expressions: _col1 (type: string)
                         auto parallelism: true
             Execution mode: vectorized, llap
-            LLAP IO: no inputs
+            LLAP IO: all inputs
             Path -> Alias:
 #### A masked pattern was here ####
             Path -> Partition:
@@ -676,7 +676,7 @@ STAGE PLANS:
                         value expressions: _col1 (type: string)
                         auto parallelism: true
             Execution mode: vectorized, llap
-            LLAP IO: no inputs
+            LLAP IO: all inputs
             Path -> Alias:
 #### A masked pattern was here ####
             Path -> Partition:
@@ -741,7 +741,7 @@ STAGE PLANS:
                         value expressions: _col1 (type: string)
                         auto parallelism: true
             Execution mode: vectorized, llap
-            LLAP IO: no inputs
+            LLAP IO: all inputs
             Path -> Alias:
 #### A masked pattern was here ####
             Path -> Partition:
@@ -978,7 +978,7 @@ STAGE PLANS:
                         value expressions: _col1 (type: string)
                         auto parallelism: true
             Execution mode: vectorized, llap
-            LLAP IO: no inputs
+            LLAP IO: all inputs
             Path -> Alias:
 #### A masked pattern was here ####
             Path -> Partition:
@@ -1086,7 +1086,7 @@ STAGE PLANS:
                         value expressions: _col1 (type: string)
                         auto parallelism: true
             Execution mode: vectorized, llap
-            LLAP IO: no inputs
+            LLAP IO: all inputs
             Path -> Alias:
 #### A masked pattern was here ####
             Path -> Partition:
diff --git a/ql/src/test/results/clientpositive/llap/lvj_mapjoin.q.out b/ql/src/test/results/clientpositive/llap/lvj_mapjoin.q.out
index 6e0ef1839f..699231c420 100644
--- a/ql/src/test/results/clientpositive/llap/lvj_mapjoin.q.out
+++ b/ql/src/test/results/clientpositive/llap/lvj_mapjoin.q.out
@@ -202,7 +202,7 @@ STAGE PLANS:
                                           output format: org.apache.hadoop.hive.ql.io.HiveSequenceFileOutputFormat
                                           serde: org.apache.hadoop.hive.serde2.lazy.LazySimpleSerDe
             Execution mode: llap
-            LLAP IO: no inputs
+            LLAP IO: all inputs
         Map 2 
             Map Operator Tree:
                 TableScan
@@ -254,7 +254,7 @@ STAGE PLANS:
                                 Statistics: Num rows: 6 Data size: 11544 Basic stats: COMPLETE Column stats: NONE
                                 value expressions: _col1 (type: string)
             Execution mode: llap
-            LLAP IO: no inputs
+            LLAP IO: all inputs
 
   Stage: Stage-0
     Fetch Operator
diff --git a/ql/src/test/results/clientpositive/llap/mapjoin2.q.out b/ql/src/test/results/clientpositive/llap/mapjoin2.q.out
index ca095ffaa4..e265d0c6cf 100644
--- a/ql/src/test/results/clientpositive/llap/mapjoin2.q.out
+++ b/ql/src/test/results/clientpositive/llap/mapjoin2.q.out
@@ -84,7 +84,7 @@ STAGE PLANS:
                                 output format: org.apache.hadoop.hive.ql.io.HiveSequenceFileOutputFormat
                                 serde: org.apache.hadoop.hive.serde2.lazy.LazySimpleSerDe
             Execution mode: vectorized, llap
-            LLAP IO: no inputs
+            LLAP IO: all inputs
         Map 2 
             Map Operator Tree:
                 TableScan
@@ -215,7 +215,7 @@ STAGE PLANS:
                                 output format: org.apache.hadoop.hive.ql.io.HiveSequenceFileOutputFormat
                                 serde: org.apache.hadoop.hive.serde2.lazy.LazySimpleSerDe
             Execution mode: vectorized, llap
-            LLAP IO: no inputs
+            LLAP IO: all inputs
 
   Stage: Stage-0
     Fetch Operator
@@ -275,7 +275,7 @@ STAGE PLANS:
                         Statistics: Num rows: 1 Data size: 95 Basic stats: COMPLETE Column stats: COMPLETE
                         value expressions: _col0 (type: bigint), _col1 (type: string)
             Execution mode: vectorized, llap
-            LLAP IO: no inputs
+            LLAP IO: all inputs
         Map 3 
             Map Operator Tree:
                 TableScan
@@ -295,7 +295,7 @@ STAGE PLANS:
                         Statistics: Num rows: 1 Data size: 95 Basic stats: COMPLETE Column stats: COMPLETE
                         value expressions: _col0 (type: bigint), _col1 (type: string)
             Execution mode: vectorized, llap
-            LLAP IO: no inputs
+            LLAP IO: all inputs
         Reducer 2 
             Execution mode: llap
             Reduce Operator Tree:
diff --git a/ql/src/test/results/clientpositive/llap/mapjoin3.q.out b/ql/src/test/results/clientpositive/llap/mapjoin3.q.out
index 21ea48f3dc..ff6ee2b1e1 100644
--- a/ql/src/test/results/clientpositive/llap/mapjoin3.q.out
+++ b/ql/src/test/results/clientpositive/llap/mapjoin3.q.out
@@ -142,7 +142,7 @@ STAGE PLANS:
                               output format: org.apache.hadoop.hive.ql.io.HiveSequenceFileOutputFormat
                               serde: org.apache.hadoop.hive.serde2.lazy.LazySimpleSerDe
             Execution mode: vectorized, llap
-            LLAP IO: no inputs
+            LLAP IO: all inputs
         Map 2 
             Map Operator Tree:
                 TableScan
@@ -164,7 +164,7 @@ STAGE PLANS:
                         Statistics: Num rows: 3 Data size: 540 Basic stats: COMPLETE Column stats: COMPLETE
                         value expressions: _col1 (type: varchar(100)), _col2 (type: varchar(100))
             Execution mode: vectorized, llap
-            LLAP IO: no inputs
+            LLAP IO: all inputs
 
   Stage: Stage-0
     Fetch Operator
diff --git a/ql/src/test/results/clientpositive/llap/mapjoin46.q.out b/ql/src/test/results/clientpositive/llap/mapjoin46.q.out
index 53e7b7f87b..2acb6b8f0f 100644
--- a/ql/src/test/results/clientpositive/llap/mapjoin46.q.out
+++ b/ql/src/test/results/clientpositive/llap/mapjoin46.q.out
@@ -95,7 +95,7 @@ STAGE PLANS:
                             output format: org.apache.hadoop.hive.ql.io.HiveSequenceFileOutputFormat
                             serde: org.apache.hadoop.hive.serde2.lazy.LazySimpleSerDe
             Execution mode: llap
-            LLAP IO: no inputs
+            LLAP IO: all inputs
         Map 2 
             Map Operator Tree:
                 TableScan
@@ -117,7 +117,7 @@ STAGE PLANS:
                         Statistics: Num rows: 3 Data size: 285 Basic stats: COMPLETE Column stats: COMPLETE
                         value expressions: _col0 (type: int), _col2 (type: string)
             Execution mode: llap
-            LLAP IO: no inputs
+            LLAP IO: all inputs
 
   Stage: Stage-0
     Fetch Operator
@@ -213,7 +213,7 @@ STAGE PLANS:
                               output format: org.apache.hadoop.hive.ql.io.HiveSequenceFileOutputFormat
                               serde: org.apache.hadoop.hive.serde2.lazy.LazySimpleSerDe
             Execution mode: llap
-            LLAP IO: no inputs
+            LLAP IO: all inputs
         Map 2 
             Map Operator Tree:
                 TableScan
@@ -235,7 +235,7 @@ STAGE PLANS:
                         Statistics: Num rows: 1 Data size: 95 Basic stats: COMPLETE Column stats: COMPLETE
                         value expressions: _col0 (type: int), _col2 (type: string)
             Execution mode: llap
-            LLAP IO: no inputs
+            LLAP IO: all inputs
 
   Stage: Stage-0
     Fetch Operator
@@ -332,7 +332,7 @@ STAGE PLANS:
                               output format: org.apache.hadoop.hive.ql.io.HiveSequenceFileOutputFormat
                               serde: org.apache.hadoop.hive.serde2.lazy.LazySimpleSerDe
             Execution mode: llap
-            LLAP IO: no inputs
+            LLAP IO: all inputs
         Map 2 
             Map Operator Tree:
                 TableScan
@@ -352,7 +352,7 @@ STAGE PLANS:
                         Statistics: Num rows: 1 Data size: 95 Basic stats: COMPLETE Column stats: COMPLETE
                         value expressions: _col0 (type: int), _col1 (type: int), _col2 (type: string)
             Execution mode: llap
-            LLAP IO: no inputs
+            LLAP IO: all inputs
 
   Stage: Stage-0
     Fetch Operator
@@ -432,7 +432,7 @@ STAGE PLANS:
                         Statistics: Num rows: 4 Data size: 384 Basic stats: COMPLETE Column stats: COMPLETE
                         value expressions: _col0 (type: int), _col2 (type: string)
             Execution mode: llap
-            LLAP IO: no inputs
+            LLAP IO: all inputs
         Map 2 
             Map Operator Tree:
                 TableScan
@@ -460,7 +460,7 @@ STAGE PLANS:
                             output format: org.apache.hadoop.hive.ql.io.HiveSequenceFileOutputFormat
                             serde: org.apache.hadoop.hive.serde2.lazy.LazySimpleSerDe
             Execution mode: llap
-            LLAP IO: no inputs
+            LLAP IO: all inputs
 
   Stage: Stage-0
     Fetch Operator
@@ -551,7 +551,7 @@ STAGE PLANS:
                               output format: org.apache.hadoop.hive.ql.io.HiveSequenceFileOutputFormat
                               serde: org.apache.hadoop.hive.serde2.lazy.LazySimpleSerDe
             Execution mode: llap
-            LLAP IO: no inputs
+            LLAP IO: all inputs
         Map 2 
             Map Operator Tree:
                 TableScan
@@ -567,7 +567,7 @@ STAGE PLANS:
                       Statistics: Num rows: 4 Data size: 380 Basic stats: COMPLETE Column stats: COMPLETE
                       value expressions: _col0 (type: int), _col1 (type: int), _col2 (type: string)
             Execution mode: llap
-            LLAP IO: no inputs
+            LLAP IO: all inputs
 
   Stage: Stage-0
     Fetch Operator
@@ -667,7 +667,7 @@ STAGE PLANS:
                               output format: org.apache.hadoop.hive.ql.io.HiveSequenceFileOutputFormat
                               serde: org.apache.hadoop.hive.serde2.lazy.LazySimpleSerDe
             Execution mode: llap
-            LLAP IO: no inputs
+            LLAP IO: all inputs
         Map 2 
             Map Operator Tree:
                 TableScan
@@ -683,7 +683,7 @@ STAGE PLANS:
                       Statistics: Num rows: 4 Data size: 380 Basic stats: COMPLETE Column stats: COMPLETE
                       value expressions: _col0 (type: int), _col1 (type: int), _col2 (type: string)
             Execution mode: llap
-            LLAP IO: no inputs
+            LLAP IO: all inputs
 
   Stage: Stage-0
     Fetch Operator
@@ -786,7 +786,7 @@ STAGE PLANS:
                               output format: org.apache.hadoop.hive.ql.io.HiveSequenceFileOutputFormat
                               serde: org.apache.hadoop.hive.serde2.lazy.LazySimpleSerDe
             Execution mode: llap
-            LLAP IO: no inputs
+            LLAP IO: all inputs
         Map 2 
             Map Operator Tree:
                 TableScan
@@ -802,7 +802,7 @@ STAGE PLANS:
                       Statistics: Num rows: 4 Data size: 380 Basic stats: COMPLETE Column stats: COMPLETE
                       value expressions: _col0 (type: int), _col1 (type: int), _col2 (type: string)
             Execution mode: llap
-            LLAP IO: no inputs
+            LLAP IO: all inputs
 
   Stage: Stage-0
     Fetch Operator
@@ -899,7 +899,7 @@ STAGE PLANS:
                             output format: org.apache.hadoop.hive.ql.io.HiveSequenceFileOutputFormat
                             serde: org.apache.hadoop.hive.serde2.lazy.LazySimpleSerDe
             Execution mode: llap
-            LLAP IO: no inputs
+            LLAP IO: all inputs
         Map 2 
             Map Operator Tree:
                 TableScan
@@ -915,7 +915,7 @@ STAGE PLANS:
                       Statistics: Num rows: 4 Data size: 380 Basic stats: COMPLETE Column stats: COMPLETE
                       value expressions: _col0 (type: int), _col1 (type: int), _col2 (type: string)
             Execution mode: llap
-            LLAP IO: no inputs
+            LLAP IO: all inputs
 
   Stage: Stage-0
     Fetch Operator
@@ -1012,7 +1012,7 @@ STAGE PLANS:
                               output format: org.apache.hadoop.hive.ql.io.HiveSequenceFileOutputFormat
                               serde: org.apache.hadoop.hive.serde2.lazy.LazySimpleSerDe
             Execution mode: llap
-            LLAP IO: no inputs
+            LLAP IO: all inputs
         Map 2 
             Map Operator Tree:
                 TableScan
@@ -1034,7 +1034,7 @@ STAGE PLANS:
                         Statistics: Num rows: 3 Data size: 285 Basic stats: COMPLETE Column stats: COMPLETE
                         value expressions: _col0 (type: int), _col2 (type: string)
             Execution mode: llap
-            LLAP IO: no inputs
+            LLAP IO: all inputs
 
   Stage: Stage-0
     Fetch Operator
@@ -1115,7 +1115,7 @@ STAGE PLANS:
                       Statistics: Num rows: 6 Data size: 572 Basic stats: COMPLETE Column stats: COMPLETE
                       value expressions: _col0 (type: int), _col1 (type: int), _col2 (type: string)
             Execution mode: llap
-            LLAP IO: no inputs
+            LLAP IO: all inputs
         Map 2 
             Map Operator Tree:
                 TableScan
@@ -1148,7 +1148,7 @@ STAGE PLANS:
                               output format: org.apache.hadoop.hive.ql.io.HiveSequenceFileOutputFormat
                               serde: org.apache.hadoop.hive.serde2.lazy.LazySimpleSerDe
             Execution mode: llap
-            LLAP IO: no inputs
+            LLAP IO: all inputs
 
   Stage: Stage-0
     Fetch Operator
@@ -1234,7 +1234,7 @@ STAGE PLANS:
                       Statistics: Num rows: 6 Data size: 572 Basic stats: COMPLETE Column stats: COMPLETE
                       value expressions: _col0 (type: int), _col1 (type: int), _col2 (type: string)
             Execution mode: llap
-            LLAP IO: no inputs
+            LLAP IO: all inputs
         Map 2 
             Map Operator Tree:
                 TableScan
@@ -1263,7 +1263,7 @@ STAGE PLANS:
                             output format: org.apache.hadoop.hive.ql.io.HiveSequenceFileOutputFormat
                             serde: org.apache.hadoop.hive.serde2.lazy.LazySimpleSerDe
             Execution mode: llap
-            LLAP IO: no inputs
+            LLAP IO: all inputs
 
   Stage: Stage-0
     Fetch Operator
@@ -1344,7 +1344,7 @@ STAGE PLANS:
                       Statistics: Num rows: 6 Data size: 572 Basic stats: COMPLETE Column stats: COMPLETE
                       value expressions: _col0 (type: int), _col1 (type: int), _col2 (type: string)
             Execution mode: llap
-            LLAP IO: no inputs
+            LLAP IO: all inputs
         Map 2 
             Map Operator Tree:
                 TableScan
@@ -1377,7 +1377,7 @@ STAGE PLANS:
                               output format: org.apache.hadoop.hive.ql.io.HiveSequenceFileOutputFormat
                               serde: org.apache.hadoop.hive.serde2.lazy.LazySimpleSerDe
             Execution mode: llap
-            LLAP IO: no inputs
+            LLAP IO: all inputs
 
   Stage: Stage-0
     Fetch Operator
@@ -1465,7 +1465,7 @@ STAGE PLANS:
                         Statistics: Num rows: 4 Data size: 384 Basic stats: COMPLETE Column stats: COMPLETE
                         value expressions: _col0 (type: int), _col2 (type: string)
             Execution mode: llap
-            LLAP IO: no inputs
+            LLAP IO: all inputs
         Map 2 
             Map Operator Tree:
                 TableScan
@@ -1498,7 +1498,7 @@ STAGE PLANS:
                               output format: org.apache.hadoop.hive.ql.io.HiveSequenceFileOutputFormat
                               serde: org.apache.hadoop.hive.serde2.lazy.LazySimpleSerDe
             Execution mode: llap
-            LLAP IO: no inputs
+            LLAP IO: all inputs
 
   Stage: Stage-0
     Fetch Operator
@@ -1577,7 +1577,7 @@ STAGE PLANS:
                       Statistics: Num rows: 6 Data size: 572 Basic stats: COMPLETE Column stats: COMPLETE
                       value expressions: _col0 (type: int), _col1 (type: int), _col2 (type: string)
             Execution mode: llap
-            LLAP IO: no inputs
+            LLAP IO: all inputs
         Map 3 
             Map Operator Tree:
                 TableScan
@@ -1593,7 +1593,7 @@ STAGE PLANS:
                       Statistics: Num rows: 4 Data size: 380 Basic stats: COMPLETE Column stats: COMPLETE
                       value expressions: _col0 (type: int), _col1 (type: int), _col2 (type: string)
             Execution mode: llap
-            LLAP IO: no inputs
+            LLAP IO: all inputs
         Reducer 2 
             Execution mode: llap
             Reduce Operator Tree:
@@ -1700,7 +1700,7 @@ STAGE PLANS:
                       Statistics: Num rows: 6 Data size: 572 Basic stats: COMPLETE Column stats: COMPLETE
                       value expressions: _col0 (type: int), _col1 (type: int), _col2 (type: string)
             Execution mode: llap
-            LLAP IO: no inputs
+            LLAP IO: all inputs
         Map 3 
             Map Operator Tree:
                 TableScan
@@ -1716,7 +1716,7 @@ STAGE PLANS:
                       Statistics: Num rows: 4 Data size: 380 Basic stats: COMPLETE Column stats: COMPLETE
                       value expressions: _col0 (type: int), _col1 (type: int), _col2 (type: string)
             Execution mode: llap
-            LLAP IO: no inputs
+            LLAP IO: all inputs
         Reducer 2 
             Execution mode: llap
             Reduce Operator Tree:
@@ -1821,7 +1821,7 @@ STAGE PLANS:
                       Statistics: Num rows: 6 Data size: 572 Basic stats: COMPLETE Column stats: COMPLETE
                       value expressions: _col0 (type: int), _col1 (type: int), _col2 (type: string)
             Execution mode: llap
-            LLAP IO: no inputs
+            LLAP IO: all inputs
         Map 3 
             Map Operator Tree:
                 TableScan
@@ -1837,7 +1837,7 @@ STAGE PLANS:
                       Statistics: Num rows: 4 Data size: 380 Basic stats: COMPLETE Column stats: COMPLETE
                       value expressions: _col0 (type: int), _col1 (type: int), _col2 (type: string)
             Execution mode: llap
-            LLAP IO: no inputs
+            LLAP IO: all inputs
         Reducer 2 
             Execution mode: llap
             Reduce Operator Tree:
@@ -1940,7 +1940,7 @@ STAGE PLANS:
                       Statistics: Num rows: 6 Data size: 572 Basic stats: COMPLETE Column stats: COMPLETE
                       value expressions: _col0 (type: int), _col1 (type: int), _col2 (type: string)
             Execution mode: llap
-            LLAP IO: no inputs
+            LLAP IO: all inputs
         Map 3 
             Map Operator Tree:
                 TableScan
@@ -1956,7 +1956,7 @@ STAGE PLANS:
                       Statistics: Num rows: 4 Data size: 380 Basic stats: COMPLETE Column stats: COMPLETE
                       value expressions: _col0 (type: int), _col1 (type: int), _col2 (type: string)
             Execution mode: llap
-            LLAP IO: no inputs
+            LLAP IO: all inputs
         Reducer 2 
             Execution mode: llap
             Reduce Operator Tree:
@@ -2059,7 +2059,7 @@ STAGE PLANS:
                       Statistics: Num rows: 6 Data size: 572 Basic stats: COMPLETE Column stats: COMPLETE
                       value expressions: _col0 (type: int), _col1 (type: int), _col2 (type: string)
             Execution mode: llap
-            LLAP IO: no inputs
+            LLAP IO: all inputs
         Map 3 
             Map Operator Tree:
                 TableScan
@@ -2075,7 +2075,7 @@ STAGE PLANS:
                       Statistics: Num rows: 4 Data size: 380 Basic stats: COMPLETE Column stats: COMPLETE
                       value expressions: _col0 (type: int), _col1 (type: int), _col2 (type: string)
             Execution mode: llap
-            LLAP IO: no inputs
+            LLAP IO: all inputs
         Reducer 2 
             Execution mode: llap
             Reduce Operator Tree:
@@ -2175,7 +2175,7 @@ STAGE PLANS:
                       Statistics: Num rows: 6 Data size: 572 Basic stats: COMPLETE Column stats: COMPLETE
                       value expressions: _col0 (type: int), _col1 (type: int), _col2 (type: string)
             Execution mode: llap
-            LLAP IO: no inputs
+            LLAP IO: all inputs
         Map 3 
             Map Operator Tree:
                 TableScan
@@ -2191,7 +2191,7 @@ STAGE PLANS:
                       Statistics: Num rows: 4 Data size: 380 Basic stats: COMPLETE Column stats: COMPLETE
                       value expressions: _col0 (type: int), _col1 (type: int), _col2 (type: string)
             Execution mode: llap
-            LLAP IO: no inputs
+            LLAP IO: all inputs
         Reducer 2 
             Execution mode: llap
             Reduce Operator Tree:
@@ -2294,7 +2294,7 @@ STAGE PLANS:
                       Statistics: Num rows: 6 Data size: 572 Basic stats: COMPLETE Column stats: COMPLETE
                       value expressions: _col0 (type: int), _col2 (type: string)
             Execution mode: llap
-            LLAP IO: no inputs
+            LLAP IO: all inputs
         Map 3 
             Map Operator Tree:
                 TableScan
@@ -2312,7 +2312,7 @@ STAGE PLANS:
                       Statistics: Num rows: 4 Data size: 380 Basic stats: COMPLETE Column stats: COMPLETE
                       value expressions: _col0 (type: int), _col2 (type: string)
             Execution mode: llap
-            LLAP IO: no inputs
+            LLAP IO: all inputs
         Reducer 2 
             Execution mode: llap
             Reduce Operator Tree:
@@ -2415,7 +2415,7 @@ STAGE PLANS:
                       Statistics: Num rows: 6 Data size: 572 Basic stats: COMPLETE Column stats: COMPLETE
                       value expressions: _col0 (type: int), _col2 (type: string)
             Execution mode: llap
-            LLAP IO: no inputs
+            LLAP IO: all inputs
         Map 3 
             Map Operator Tree:
                 TableScan
@@ -2433,7 +2433,7 @@ STAGE PLANS:
                       Statistics: Num rows: 4 Data size: 380 Basic stats: COMPLETE Column stats: COMPLETE
                       value expressions: _col0 (type: int), _col2 (type: string)
             Execution mode: llap
-            LLAP IO: no inputs
+            LLAP IO: all inputs
         Reducer 2 
             Execution mode: llap
             Reduce Operator Tree:
@@ -2588,7 +2588,7 @@ STAGE PLANS:
                         Statistics: Num rows: 4 Data size: 384 Basic stats: COMPLETE Column stats: COMPLETE
                         value expressions: _col0 (type: int), _col2 (type: string)
             Execution mode: llap
-            LLAP IO: no inputs
+            LLAP IO: all inputs
         Map 3 
             Map Operator Tree:
                 TableScan
@@ -2610,7 +2610,7 @@ STAGE PLANS:
                         Statistics: Num rows: 3 Data size: 285 Basic stats: COMPLETE Column stats: COMPLETE
                         value expressions: _col0 (type: int), _col2 (type: string)
             Execution mode: llap
-            LLAP IO: no inputs
+            LLAP IO: all inputs
         Map 4 
             Map Operator Tree:
                 TableScan
@@ -2641,7 +2641,7 @@ STAGE PLANS:
                           Statistics: Num rows: 7 Data size: 1265 Basic stats: COMPLETE Column stats: COMPLETE
                           value expressions: _col0 (type: int), _col1 (type: int), _col2 (type: string), _col3 (type: int), _col4 (type: int), _col5 (type: string)
             Execution mode: llap
-            LLAP IO: no inputs
+            LLAP IO: all inputs
         Reducer 2 
             Execution mode: llap
             Reduce Operator Tree:
@@ -2838,7 +2838,7 @@ STAGE PLANS:
                         Statistics: Num rows: 4 Data size: 384 Basic stats: COMPLETE Column stats: COMPLETE
                         value expressions: _col0 (type: int), _col2 (type: string)
             Execution mode: llap
-            LLAP IO: no inputs
+            LLAP IO: all inputs
         Map 3 
             Map Operator Tree:
                 TableScan
@@ -2860,7 +2860,7 @@ STAGE PLANS:
                         Statistics: Num rows: 3 Data size: 285 Basic stats: COMPLETE Column stats: COMPLETE
                         value expressions: _col0 (type: int), _col2 (type: string)
             Execution mode: llap
-            LLAP IO: no inputs
+            LLAP IO: all inputs
         Map 4 
             Map Operator Tree:
                 TableScan
@@ -2891,7 +2891,7 @@ STAGE PLANS:
                           Statistics: Num rows: 7 Data size: 1265 Basic stats: COMPLETE Column stats: COMPLETE
                           value expressions: _col0 (type: int), _col1 (type: int), _col2 (type: string), _col3 (type: int), _col4 (type: int), _col5 (type: string)
             Execution mode: llap
-            LLAP IO: no inputs
+            LLAP IO: all inputs
         Reducer 2 
             Execution mode: llap
             Reduce Operator Tree:
diff --git a/ql/src/test/results/clientpositive/llap/mapjoin_emit_interval.q.out b/ql/src/test/results/clientpositive/llap/mapjoin_emit_interval.q.out
index fb2e10cfe6..14d6b522c2 100644
--- a/ql/src/test/results/clientpositive/llap/mapjoin_emit_interval.q.out
+++ b/ql/src/test/results/clientpositive/llap/mapjoin_emit_interval.q.out
@@ -102,7 +102,7 @@ STAGE PLANS:
                               output format: org.apache.hadoop.hive.ql.io.HiveSequenceFileOutputFormat
                               serde: org.apache.hadoop.hive.serde2.lazy.LazySimpleSerDe
             Execution mode: vectorized, llap
-            LLAP IO: no inputs
+            LLAP IO: all inputs
         Map 2 
             Map Operator Tree:
                 TableScan
@@ -124,7 +124,7 @@ STAGE PLANS:
                         Statistics: Num rows: 3 Data size: 285 Basic stats: COMPLETE Column stats: COMPLETE
                         value expressions: _col0 (type: int), _col2 (type: string)
             Execution mode: vectorized, llap
-            LLAP IO: no inputs
+            LLAP IO: all inputs
 
   Stage: Stage-0
     Fetch Operator
@@ -216,7 +216,7 @@ STAGE PLANS:
                               output format: org.apache.hadoop.hive.ql.io.HiveSequenceFileOutputFormat
                               serde: org.apache.hadoop.hive.serde2.lazy.LazySimpleSerDe
             Execution mode: vectorized, llap
-            LLAP IO: no inputs
+            LLAP IO: all inputs
         Map 2 
             Map Operator Tree:
                 TableScan
@@ -232,7 +232,7 @@ STAGE PLANS:
                       Statistics: Num rows: 4 Data size: 380 Basic stats: COMPLETE Column stats: COMPLETE
                       value expressions: _col0 (type: int), _col1 (type: int), _col2 (type: string)
             Execution mode: vectorized, llap
-            LLAP IO: no inputs
+            LLAP IO: all inputs
 
   Stage: Stage-0
     Fetch Operator
diff --git a/ql/src/test/results/clientpositive/llap/mapjoin_hint.q.out b/ql/src/test/results/clientpositive/llap/mapjoin_hint.q.out
index 57c9abc289..f4f94ec699 100644
--- a/ql/src/test/results/clientpositive/llap/mapjoin_hint.q.out
+++ b/ql/src/test/results/clientpositive/llap/mapjoin_hint.q.out
@@ -535,7 +535,7 @@ STAGE PLANS:
                           sort order: 
                           Statistics: Num rows: 0 Data size: 0 Basic stats: NONE Column stats: NONE
             Execution mode: vectorized, llap
-            LLAP IO: no inputs
+            LLAP IO: all inputs
         Reducer 2 
             Execution mode: llap
             Reduce Operator Tree:
@@ -659,7 +659,7 @@ STAGE PLANS:
                                 output format: org.apache.hadoop.hive.ql.io.HiveSequenceFileOutputFormat
                                 serde: org.apache.hadoop.hive.serde2.lazy.LazySimpleSerDe
             Execution mode: vectorized, llap
-            LLAP IO: no inputs
+            LLAP IO: all inputs
         Map 2 
             Map Operator Tree:
                 TableScan
@@ -694,7 +694,7 @@ STAGE PLANS:
                           sort order: 
                           Statistics: Num rows: 0 Data size: 0 Basic stats: NONE Column stats: NONE
             Execution mode: vectorized, llap
-            LLAP IO: no inputs
+            LLAP IO: all inputs
         Reducer 3 
             Execution mode: vectorized, llap
             Reduce Operator Tree:
diff --git a/ql/src/test/results/clientpositive/llap/mapjoin_mapjoin.q.out b/ql/src/test/results/clientpositive/llap/mapjoin_mapjoin.q.out
index 405b71e217..0f2c315428 100644
--- a/ql/src/test/results/clientpositive/llap/mapjoin_mapjoin.q.out
+++ b/ql/src/test/results/clientpositive/llap/mapjoin_mapjoin.q.out
@@ -104,7 +104,7 @@ STAGE PLANS:
                             GatherStats: false
                             MultiFileSpray: false
             Execution mode: vectorized, llap
-            LLAP IO: no inputs
+            LLAP IO: all inputs
             Path -> Alias:
 #### A masked pattern was here ####
             Path -> Partition:
@@ -287,7 +287,7 @@ STAGE PLANS:
                         tag: 1
                         auto parallelism: true
             Execution mode: vectorized, llap
-            LLAP IO: no inputs
+            LLAP IO: all inputs
             Path -> Alias:
 #### A masked pattern was here ####
             Path -> Partition:
@@ -351,7 +351,7 @@ STAGE PLANS:
                         tag: 1
                         auto parallelism: true
             Execution mode: vectorized, llap
-            LLAP IO: no inputs
+            LLAP IO: all inputs
             Path -> Alias:
 #### A masked pattern was here ####
             Path -> Partition:
@@ -471,7 +471,7 @@ STAGE PLANS:
                                 output format: org.apache.hadoop.hive.ql.io.HiveSequenceFileOutputFormat
                                 serde: org.apache.hadoop.hive.serde2.lazy.LazySimpleSerDe
             Execution mode: vectorized, llap
-            LLAP IO: no inputs
+            LLAP IO: all inputs
         Map 2 
             Map Operator Tree:
                 TableScan
@@ -492,7 +492,7 @@ STAGE PLANS:
                         Map-reduce partition columns: _col0 (type: string)
                         Statistics: Num rows: 25 Data size: 191 Basic stats: COMPLETE Column stats: NONE
             Execution mode: vectorized, llap
-            LLAP IO: no inputs
+            LLAP IO: all inputs
         Map 3 
             Map Operator Tree:
                 TableScan
@@ -513,7 +513,7 @@ STAGE PLANS:
                         Map-reduce partition columns: _col0 (type: string)
                         Statistics: Num rows: 166 Data size: 1763 Basic stats: COMPLETE Column stats: NONE
             Execution mode: vectorized, llap
-            LLAP IO: no inputs
+            LLAP IO: all inputs
 
   Stage: Stage-0
     Fetch Operator
@@ -602,7 +602,7 @@ STAGE PLANS:
                               Statistics: Num rows: 2420 Data size: 25709 Basic stats: COMPLETE Column stats: NONE
                               value expressions: _col1 (type: bigint)
             Execution mode: vectorized, llap
-            LLAP IO: no inputs
+            LLAP IO: all inputs
         Map 3 
             Map Operator Tree:
                 TableScan
@@ -623,7 +623,7 @@ STAGE PLANS:
                         Map-reduce partition columns: _col0 (type: string)
                         Statistics: Num rows: 500 Data size: 5312 Basic stats: COMPLETE Column stats: NONE
             Execution mode: vectorized, llap
-            LLAP IO: no inputs
+            LLAP IO: all inputs
         Map 4 
             Map Operator Tree:
                 TableScan
@@ -644,7 +644,7 @@ STAGE PLANS:
                         Map-reduce partition columns: _col0 (type: string)
                         Statistics: Num rows: 500 Data size: 5312 Basic stats: COMPLETE Column stats: NONE
             Execution mode: vectorized, llap
-            LLAP IO: no inputs
+            LLAP IO: all inputs
         Reducer 2 
             Execution mode: vectorized, llap
             Reduce Operator Tree:
diff --git a/ql/src/test/results/clientpositive/llap/mapreduce5.q.out b/ql/src/test/results/clientpositive/llap/mapreduce5.q.out
index 39f391fdd3..b583d68a35 100644
--- a/ql/src/test/results/clientpositive/llap/mapreduce5.q.out
+++ b/ql/src/test/results/clientpositive/llap/mapreduce5.q.out
@@ -56,7 +56,7 @@ STAGE PLANS:
                       Statistics: Num rows: 500 Data size: 93000 Basic stats: COMPLETE Column stats: COMPLETE
                       value expressions: _col0 (type: string), _col3 (type: string)
             Execution mode: vectorized, llap
-            LLAP IO: no inputs
+            LLAP IO: all inputs
         Reducer 2 
             Execution mode: llap
             Reduce Operator Tree:
diff --git a/ql/src/test/results/clientpositive/llap/mapreduce6.q.out b/ql/src/test/results/clientpositive/llap/mapreduce6.q.out
index 05eb9d4368..b5362cd5d6 100644
--- a/ql/src/test/results/clientpositive/llap/mapreduce6.q.out
+++ b/ql/src/test/results/clientpositive/llap/mapreduce6.q.out
@@ -56,7 +56,7 @@ STAGE PLANS:
                       Statistics: Num rows: 500 Data size: 93000 Basic stats: COMPLETE Column stats: COMPLETE
                       value expressions: _col0 (type: string), _col3 (type: string)
             Execution mode: vectorized, llap
-            LLAP IO: no inputs
+            LLAP IO: all inputs
         Reducer 2 
             Execution mode: llap
             Reduce Operator Tree:
diff --git a/ql/src/test/results/clientpositive/llap/masking_1.q.out b/ql/src/test/results/clientpositive/llap/masking_1.q.out
index ef42983d7a..bd03172b72 100644
--- a/ql/src/test/results/clientpositive/llap/masking_1.q.out
+++ b/ql/src/test/results/clientpositive/llap/masking_1.q.out
@@ -212,7 +212,7 @@ STAGE PLANS:
                         Statistics: Num rows: 5 Data size: 980 Basic stats: COMPLETE Column stats: COMPLETE
                         value expressions: _col0 (type: int), _col1 (type: string)
             Execution mode: vectorized, llap
-            LLAP IO: no inputs
+            LLAP IO: all inputs
         Map 3 
             Map Operator Tree:
                 TableScan
@@ -234,7 +234,7 @@ STAGE PLANS:
                         Statistics: Num rows: 2000 Data size: 1108000 Basic stats: COMPLETE Column stats: COMPLETE
                         value expressions: _col0 (type: string), _col1 (type: string), _col2 (type: string), _col3 (type: string)
             Execution mode: vectorized, llap
-            LLAP IO: no inputs
+            LLAP IO: all inputs
         Reducer 2 
             Execution mode: llap
             Reduce Operator Tree:
diff --git a/ql/src/test/results/clientpositive/llap/masking_10.q.out b/ql/src/test/results/clientpositive/llap/masking_10.q.out
index 39442c59cb..16a946e15d 100644
--- a/ql/src/test/results/clientpositive/llap/masking_10.q.out
+++ b/ql/src/test/results/clientpositive/llap/masking_10.q.out
@@ -58,7 +58,7 @@ STAGE PLANS:
                           Map-reduce partition columns: _col0 (type: string)
                           Statistics: Num rows: 250 Data size: 44744 Basic stats: COMPLETE Column stats: NONE
             Execution mode: vectorized, llap
-            LLAP IO: no inputs
+            LLAP IO: all inputs
         Reducer 2 
             Execution mode: vectorized, llap
             Reduce Operator Tree:
@@ -195,7 +195,7 @@ STAGE PLANS:
                         Statistics: Num rows: 250 Data size: 44744 Basic stats: COMPLETE Column stats: NONE
                         value expressions: _col1 (type: string)
             Execution mode: vectorized, llap
-            LLAP IO: no inputs
+            LLAP IO: all inputs
         Reducer 2 
             Execution mode: llap
             Reduce Operator Tree:
diff --git a/ql/src/test/results/clientpositive/llap/masking_12.q.out b/ql/src/test/results/clientpositive/llap/masking_12.q.out
index f8e6f5f42d..793ad9b027 100644
--- a/ql/src/test/results/clientpositive/llap/masking_12.q.out
+++ b/ql/src/test/results/clientpositive/llap/masking_12.q.out
@@ -159,7 +159,7 @@ STAGE PLANS:
                         Map-reduce partition columns: _col0 (type: int)
                         Statistics: Num rows: 250 Data size: 1000 Basic stats: COMPLETE Column stats: COMPLETE
             Execution mode: vectorized, llap
-            LLAP IO: no inputs
+            LLAP IO: all inputs
         Map 5 
             Map Operator Tree:
                 TableScan
@@ -183,7 +183,7 @@ STAGE PLANS:
                         Statistics: Num rows: 500 Data size: 47500 Basic stats: COMPLETE Column stats: COMPLETE
                         value expressions: _col0 (type: string)
             Execution mode: vectorized, llap
-            LLAP IO: no inputs
+            LLAP IO: all inputs
         Reducer 2 
             Execution mode: llap
             Reduce Operator Tree:
@@ -401,7 +401,7 @@ STAGE PLANS:
                         Statistics: Num rows: 5 Data size: 940 Basic stats: COMPLETE Column stats: COMPLETE
                         value expressions: _col1 (type: string)
             Execution mode: vectorized, llap
-            LLAP IO: no inputs
+            LLAP IO: all inputs
         Map 3 
             Map Operator Tree:
                 TableScan
@@ -424,7 +424,7 @@ STAGE PLANS:
                         Map-reduce partition columns: _col0 (type: int)
                         Statistics: Num rows: 1 Data size: 4 Basic stats: COMPLETE Column stats: COMPLETE
             Execution mode: vectorized, llap
-            LLAP IO: no inputs
+            LLAP IO: all inputs
         Reducer 2 
             Execution mode: llap
             Reduce Operator Tree:
diff --git a/ql/src/test/results/clientpositive/llap/masking_2.q.out b/ql/src/test/results/clientpositive/llap/masking_2.q.out
index 2042e732e6..57cf7805fc 100644
--- a/ql/src/test/results/clientpositive/llap/masking_2.q.out
+++ b/ql/src/test/results/clientpositive/llap/masking_2.q.out
@@ -142,7 +142,7 @@ STAGE PLANS:
                         Statistics: Num rows: 500 Data size: 89000 Basic stats: COMPLETE Column stats: COMPLETE
                         value expressions: _col1 (type: string)
             Execution mode: vectorized, llap
-            LLAP IO: no inputs
+            LLAP IO: all inputs
         Map 3 
             Map Operator Tree:
                 TableScan
@@ -166,7 +166,7 @@ STAGE PLANS:
                         Statistics: Num rows: 27 Data size: 5076 Basic stats: COMPLETE Column stats: COMPLETE
                         value expressions: _col0 (type: int)
             Execution mode: vectorized, llap
-            LLAP IO: no inputs
+            LLAP IO: all inputs
         Reducer 2 
             Execution mode: llap
             Reduce Operator Tree:
@@ -237,7 +237,7 @@ STAGE PLANS:
                         Statistics: Num rows: 83 Data size: 15604 Basic stats: COMPLETE Column stats: COMPLETE
                         value expressions: _col0 (type: int), _col1 (type: string)
             Execution mode: vectorized, llap
-            LLAP IO: no inputs
+            LLAP IO: all inputs
         Map 3 
             Map Operator Tree:
                 TableScan
@@ -261,7 +261,7 @@ STAGE PLANS:
                         Statistics: Num rows: 27 Data size: 5076 Basic stats: COMPLETE Column stats: COMPLETE
                         value expressions: _col0 (type: int)
             Execution mode: vectorized, llap
-            LLAP IO: no inputs
+            LLAP IO: all inputs
         Reducer 2 
             Execution mode: llap
             Reduce Operator Tree:
@@ -337,7 +337,7 @@ STAGE PLANS:
                           Map-reduce partition columns: _col0 (type: int), _col1 (type: string)
                           Statistics: Num rows: 55 Data size: 10340 Basic stats: COMPLETE Column stats: COMPLETE
             Execution mode: vectorized, llap
-            LLAP IO: no inputs
+            LLAP IO: all inputs
         Map 4 
             Map Operator Tree:
                 TableScan
@@ -364,7 +364,7 @@ STAGE PLANS:
                           Map-reduce partition columns: _col0 (type: int), _col1 (type: string)
                           Statistics: Num rows: 55 Data size: 10340 Basic stats: COMPLETE Column stats: COMPLETE
             Execution mode: vectorized, llap
-            LLAP IO: no inputs
+            LLAP IO: all inputs
         Reducer 3 
             Execution mode: vectorized, llap
             Reduce Operator Tree:
diff --git a/ql/src/test/results/clientpositive/llap/masking_3.q.out b/ql/src/test/results/clientpositive/llap/masking_3.q.out
index 75eaeb1fd4..49e15c7448 100644
--- a/ql/src/test/results/clientpositive/llap/masking_3.q.out
+++ b/ql/src/test/results/clientpositive/llap/masking_3.q.out
@@ -67,7 +67,7 @@ STAGE PLANS:
                         Map-reduce partition columns: _col0 (type: int)
                         Statistics: Num rows: 250 Data size: 1000 Basic stats: COMPLETE Column stats: COMPLETE
             Execution mode: vectorized, llap
-            LLAP IO: no inputs
+            LLAP IO: all inputs
         Map 5 
             Map Operator Tree:
                 TableScan
@@ -89,7 +89,7 @@ STAGE PLANS:
                         Statistics: Num rows: 500 Data size: 47500 Basic stats: COMPLETE Column stats: COMPLETE
                         value expressions: _col0 (type: string)
             Execution mode: vectorized, llap
-            LLAP IO: no inputs
+            LLAP IO: all inputs
         Reducer 2 
             Execution mode: llap
             Reduce Operator Tree:
@@ -728,7 +728,7 @@ STAGE PLANS:
                         Map-reduce partition columns: _col0 (type: int)
                         Statistics: Num rows: 250 Data size: 1000 Basic stats: COMPLETE Column stats: COMPLETE
             Execution mode: vectorized, llap
-            LLAP IO: no inputs
+            LLAP IO: all inputs
         Map 5 
             Map Operator Tree:
                 TableScan
@@ -750,7 +750,7 @@ STAGE PLANS:
                         Statistics: Num rows: 500 Data size: 47500 Basic stats: COMPLETE Column stats: COMPLETE
                         value expressions: _col0 (type: string)
             Execution mode: vectorized, llap
-            LLAP IO: no inputs
+            LLAP IO: all inputs
         Reducer 2 
             Execution mode: llap
             Reduce Operator Tree:
@@ -1385,7 +1385,7 @@ STAGE PLANS:
                         Map-reduce partition columns: _col0 (type: int)
                         Statistics: Num rows: 250 Data size: 1000 Basic stats: COMPLETE Column stats: COMPLETE
             Execution mode: vectorized, llap
-            LLAP IO: no inputs
+            LLAP IO: all inputs
         Map 5 
             Map Operator Tree:
                 TableScan
@@ -1407,7 +1407,7 @@ STAGE PLANS:
                         Statistics: Num rows: 500 Data size: 47500 Basic stats: COMPLETE Column stats: COMPLETE
                         value expressions: _col0 (type: string)
             Execution mode: vectorized, llap
-            LLAP IO: no inputs
+            LLAP IO: all inputs
         Reducer 2 
             Execution mode: llap
             Reduce Operator Tree:
@@ -2043,7 +2043,7 @@ STAGE PLANS:
                         Map-reduce partition columns: _col0 (type: int)
                         Statistics: Num rows: 250 Data size: 1000 Basic stats: COMPLETE Column stats: COMPLETE
             Execution mode: vectorized, llap
-            LLAP IO: no inputs
+            LLAP IO: all inputs
         Map 5 
             Map Operator Tree:
                 TableScan
@@ -2065,7 +2065,7 @@ STAGE PLANS:
                         Statistics: Num rows: 500 Data size: 47500 Basic stats: COMPLETE Column stats: COMPLETE
                         value expressions: _col0 (type: string)
             Execution mode: vectorized, llap
-            LLAP IO: no inputs
+            LLAP IO: all inputs
         Reducer 2 
             Execution mode: llap
             Reduce Operator Tree:
@@ -2704,7 +2704,7 @@ STAGE PLANS:
                         Statistics: Num rows: 2000 Data size: 1108000 Basic stats: COMPLETE Column stats: COMPLETE
                         value expressions: _col0 (type: string), _col1 (type: string), _col2 (type: string), _col3 (type: string)
             Execution mode: vectorized, llap
-            LLAP IO: no inputs
+            LLAP IO: all inputs
         Map 3 
             Map Operator Tree:
                 TableScan
@@ -2738,7 +2738,7 @@ STAGE PLANS:
                         Map-reduce partition columns: _col0 (type: int)
                         Statistics: Num rows: 250 Data size: 1000 Basic stats: COMPLETE Column stats: COMPLETE
             Execution mode: vectorized, llap
-            LLAP IO: no inputs
+            LLAP IO: all inputs
         Map 7 
             Map Operator Tree:
                 TableScan
@@ -2760,7 +2760,7 @@ STAGE PLANS:
                         Statistics: Num rows: 500 Data size: 47500 Basic stats: COMPLETE Column stats: COMPLETE
                         value expressions: _col0 (type: string)
             Execution mode: vectorized, llap
-            LLAP IO: no inputs
+            LLAP IO: all inputs
         Reducer 2 
             Execution mode: llap
             Reduce Operator Tree:
@@ -7047,7 +7047,7 @@ STAGE PLANS:
                         Map-reduce partition columns: _col0 (type: int)
                         Statistics: Num rows: 250 Data size: 1000 Basic stats: COMPLETE Column stats: COMPLETE
             Execution mode: vectorized, llap
-            LLAP IO: no inputs
+            LLAP IO: all inputs
         Map 5 
             Map Operator Tree:
                 TableScan
@@ -7069,7 +7069,7 @@ STAGE PLANS:
                         Statistics: Num rows: 500 Data size: 47500 Basic stats: COMPLETE Column stats: COMPLETE
                         value expressions: _col0 (type: string)
             Execution mode: vectorized, llap
-            LLAP IO: no inputs
+            LLAP IO: all inputs
         Reducer 2 
             Execution mode: llap
             Reduce Operator Tree:
@@ -7705,7 +7705,7 @@ STAGE PLANS:
                         Map-reduce partition columns: _col0 (type: int)
                         Statistics: Num rows: 250 Data size: 1000 Basic stats: COMPLETE Column stats: COMPLETE
             Execution mode: vectorized, llap
-            LLAP IO: no inputs
+            LLAP IO: all inputs
         Map 5 
             Map Operator Tree:
                 TableScan
@@ -7727,7 +7727,7 @@ STAGE PLANS:
                         Statistics: Num rows: 500 Data size: 47500 Basic stats: COMPLETE Column stats: COMPLETE
                         value expressions: _col0 (type: string)
             Execution mode: vectorized, llap
-            LLAP IO: no inputs
+            LLAP IO: all inputs
         Reducer 2 
             Execution mode: llap
             Reduce Operator Tree:
diff --git a/ql/src/test/results/clientpositive/llap/masking_4.q.out b/ql/src/test/results/clientpositive/llap/masking_4.q.out
index ddd59dc30d..06ee7e1890 100644
--- a/ql/src/test/results/clientpositive/llap/masking_4.q.out
+++ b/ql/src/test/results/clientpositive/llap/masking_4.q.out
@@ -175,7 +175,7 @@ STAGE PLANS:
                         Map-reduce partition columns: _col0 (type: int)
                         Statistics: Num rows: 250 Data size: 1000 Basic stats: COMPLETE Column stats: COMPLETE
             Execution mode: vectorized, llap
-            LLAP IO: no inputs
+            LLAP IO: all inputs
         Map 5 
             Map Operator Tree:
                 TableScan
@@ -197,7 +197,7 @@ STAGE PLANS:
                         Statistics: Num rows: 500 Data size: 47500 Basic stats: COMPLETE Column stats: COMPLETE
                         value expressions: _col0 (type: string)
             Execution mode: vectorized, llap
-            LLAP IO: no inputs
+            LLAP IO: all inputs
         Reducer 2 
             Execution mode: llap
             Reduce Operator Tree:
diff --git a/ql/src/test/results/clientpositive/llap/masking_disablecbo_1.q.out b/ql/src/test/results/clientpositive/llap/masking_disablecbo_1.q.out
index 8d812b9c9b..e155f9fd26 100644
--- a/ql/src/test/results/clientpositive/llap/masking_disablecbo_1.q.out
+++ b/ql/src/test/results/clientpositive/llap/masking_disablecbo_1.q.out
@@ -212,7 +212,7 @@ STAGE PLANS:
                         Statistics: Num rows: 5 Data size: 2280 Basic stats: COMPLETE Column stats: COMPLETE
                         value expressions: _col0 (type: int), _col1 (type: string)
             Execution mode: vectorized, llap
-            LLAP IO: no inputs
+            LLAP IO: all inputs
         Map 3 
             Map Operator Tree:
                 TableScan
@@ -230,7 +230,7 @@ STAGE PLANS:
                       Statistics: Num rows: 2000 Data size: 1092000 Basic stats: COMPLETE Column stats: COMPLETE
                       value expressions: key (type: string), value (type: string), ds (type: string), hr (type: string)
             Execution mode: vectorized, llap
-            LLAP IO: no inputs
+            LLAP IO: all inputs
         Reducer 2 
             Execution mode: llap
             Reduce Operator Tree:
diff --git a/ql/src/test/results/clientpositive/llap/masking_disablecbo_2.q.out b/ql/src/test/results/clientpositive/llap/masking_disablecbo_2.q.out
index 41d06040eb..8cb71433b6 100644
--- a/ql/src/test/results/clientpositive/llap/masking_disablecbo_2.q.out
+++ b/ql/src/test/results/clientpositive/llap/masking_disablecbo_2.q.out
@@ -138,7 +138,7 @@ STAGE PLANS:
                         Statistics: Num rows: 27 Data size: 5076 Basic stats: COMPLETE Column stats: COMPLETE
                         value expressions: _col0 (type: int)
             Execution mode: vectorized, llap
-            LLAP IO: no inputs
+            LLAP IO: all inputs
         Map 3 
             Map Operator Tree:
                 TableScan
@@ -156,7 +156,7 @@ STAGE PLANS:
                       Statistics: Num rows: 500 Data size: 89000 Basic stats: COMPLETE Column stats: COMPLETE
                       value expressions: value (type: string)
             Execution mode: vectorized, llap
-            LLAP IO: no inputs
+            LLAP IO: all inputs
         Reducer 2 
             Execution mode: llap
             Reduce Operator Tree:
@@ -229,7 +229,7 @@ STAGE PLANS:
                         Statistics: Num rows: 83 Data size: 15604 Basic stats: COMPLETE Column stats: COMPLETE
                         value expressions: _col0 (type: int), _col1 (type: string)
             Execution mode: vectorized, llap
-            LLAP IO: no inputs
+            LLAP IO: all inputs
         Map 3 
             Map Operator Tree:
                 TableScan
@@ -251,7 +251,7 @@ STAGE PLANS:
                         Statistics: Num rows: 27 Data size: 5076 Basic stats: COMPLETE Column stats: COMPLETE
                         value expressions: _col0 (type: int)
             Execution mode: vectorized, llap
-            LLAP IO: no inputs
+            LLAP IO: all inputs
         Reducer 2 
             Execution mode: llap
             Reduce Operator Tree:
@@ -327,7 +327,7 @@ STAGE PLANS:
                           Map-reduce partition columns: _col0 (type: int), _col1 (type: string)
                           Statistics: Num rows: 55 Data size: 10340 Basic stats: COMPLETE Column stats: COMPLETE
             Execution mode: vectorized, llap
-            LLAP IO: no inputs
+            LLAP IO: all inputs
         Map 4 
             Map Operator Tree:
                 TableScan
@@ -354,7 +354,7 @@ STAGE PLANS:
                           Map-reduce partition columns: _col0 (type: int), _col1 (type: string)
                           Statistics: Num rows: 55 Data size: 10340 Basic stats: COMPLETE Column stats: COMPLETE
             Execution mode: vectorized, llap
-            LLAP IO: no inputs
+            LLAP IO: all inputs
         Reducer 3 
             Execution mode: vectorized, llap
             Reduce Operator Tree:
diff --git a/ql/src/test/results/clientpositive/llap/masking_disablecbo_3.q.out b/ql/src/test/results/clientpositive/llap/masking_disablecbo_3.q.out
index c380ebfa1b..8f6621a76a 100644
--- a/ql/src/test/results/clientpositive/llap/masking_disablecbo_3.q.out
+++ b/ql/src/test/results/clientpositive/llap/masking_disablecbo_3.q.out
@@ -49,7 +49,7 @@ STAGE PLANS:
                       Statistics: Num rows: 500 Data size: 47500 Basic stats: COMPLETE Column stats: COMPLETE
                       value expressions: key (type: int), value (type: string)
             Execution mode: vectorized, llap
-            LLAP IO: no inputs
+            LLAP IO: all inputs
         Map 3 
             Map Operator Tree:
                 TableScan
@@ -76,7 +76,7 @@ STAGE PLANS:
                           Map-reduce partition columns: UDFToDouble(_col0) (type: double), UDFToDouble(_col1) (type: double)
                           Statistics: Num rows: 250 Data size: 43500 Basic stats: COMPLETE Column stats: COMPLETE
             Execution mode: vectorized, llap
-            LLAP IO: no inputs
+            LLAP IO: all inputs
         Reducer 2 
             Execution mode: llap
             Reduce Operator Tree:
@@ -651,7 +651,7 @@ STAGE PLANS:
                       Statistics: Num rows: 500 Data size: 47500 Basic stats: COMPLETE Column stats: COMPLETE
                       value expressions: key (type: int), value (type: string)
             Execution mode: vectorized, llap
-            LLAP IO: no inputs
+            LLAP IO: all inputs
         Map 3 
             Map Operator Tree:
                 TableScan
@@ -678,7 +678,7 @@ STAGE PLANS:
                           Map-reduce partition columns: UDFToDouble(_col0) (type: double), UDFToDouble(_col1) (type: double)
                           Statistics: Num rows: 250 Data size: 43500 Basic stats: COMPLETE Column stats: COMPLETE
             Execution mode: vectorized, llap
-            LLAP IO: no inputs
+            LLAP IO: all inputs
         Reducer 2 
             Execution mode: llap
             Reduce Operator Tree:
@@ -1250,7 +1250,7 @@ STAGE PLANS:
                       Statistics: Num rows: 500 Data size: 2000 Basic stats: COMPLETE Column stats: COMPLETE
                       value expressions: key (type: int)
             Execution mode: vectorized, llap
-            LLAP IO: no inputs
+            LLAP IO: all inputs
         Map 3 
             Map Operator Tree:
                 TableScan
@@ -1277,7 +1277,7 @@ STAGE PLANS:
                           Map-reduce partition columns: UDFToDouble(_col0) (type: double), UDFToDouble(_col1) (type: double)
                           Statistics: Num rows: 250 Data size: 43500 Basic stats: COMPLETE Column stats: COMPLETE
             Execution mode: vectorized, llap
-            LLAP IO: no inputs
+            LLAP IO: all inputs
         Reducer 2 
             Execution mode: llap
             Reduce Operator Tree:
@@ -1849,7 +1849,7 @@ STAGE PLANS:
                       Statistics: Num rows: 500 Data size: 47500 Basic stats: COMPLETE Column stats: COMPLETE
                       value expressions: value (type: string)
             Execution mode: vectorized, llap
-            LLAP IO: no inputs
+            LLAP IO: all inputs
         Map 3 
             Map Operator Tree:
                 TableScan
@@ -1876,7 +1876,7 @@ STAGE PLANS:
                           Map-reduce partition columns: UDFToDouble(_col0) (type: double), UDFToDouble(_col1) (type: double)
                           Statistics: Num rows: 250 Data size: 43500 Basic stats: COMPLETE Column stats: COMPLETE
             Execution mode: vectorized, llap
-            LLAP IO: no inputs
+            LLAP IO: all inputs
         Reducer 2 
             Execution mode: llap
             Reduce Operator Tree:
@@ -2463,7 +2463,7 @@ STAGE PLANS:
                       Statistics: Num rows: 500 Data size: 47500 Basic stats: COMPLETE Column stats: COMPLETE
                       value expressions: key (type: int), value (type: string)
             Execution mode: vectorized, llap
-            LLAP IO: no inputs
+            LLAP IO: all inputs
         Map 4 
             Map Operator Tree:
                 TableScan
@@ -2490,7 +2490,7 @@ STAGE PLANS:
                           Map-reduce partition columns: UDFToDouble(_col0) (type: double), UDFToDouble(_col1) (type: double)
                           Statistics: Num rows: 250 Data size: 43500 Basic stats: COMPLETE Column stats: COMPLETE
             Execution mode: vectorized, llap
-            LLAP IO: no inputs
+            LLAP IO: all inputs
         Map 5 
             Map Operator Tree:
                 TableScan
@@ -2508,7 +2508,7 @@ STAGE PLANS:
                       Statistics: Num rows: 2000 Data size: 1092000 Basic stats: COMPLETE Column stats: COMPLETE
                       value expressions: key (type: string), value (type: string), ds (type: string), hr (type: string)
             Execution mode: vectorized, llap
-            LLAP IO: no inputs
+            LLAP IO: all inputs
         Reducer 2 
             Execution mode: llap
             Reduce Operator Tree:
@@ -6727,7 +6727,7 @@ STAGE PLANS:
                       Statistics: Num rows: 500 Data size: 47500 Basic stats: COMPLETE Column stats: COMPLETE
                       value expressions: key (type: int), value (type: string)
             Execution mode: vectorized, llap
-            LLAP IO: no inputs
+            LLAP IO: all inputs
         Map 3 
             Map Operator Tree:
                 TableScan
@@ -6754,7 +6754,7 @@ STAGE PLANS:
                           Map-reduce partition columns: UDFToDouble(_col0) (type: double), UDFToDouble(_col1) (type: double)
                           Statistics: Num rows: 250 Data size: 43500 Basic stats: COMPLETE Column stats: COMPLETE
             Execution mode: vectorized, llap
-            LLAP IO: no inputs
+            LLAP IO: all inputs
         Reducer 2 
             Execution mode: llap
             Reduce Operator Tree:
@@ -7326,7 +7326,7 @@ STAGE PLANS:
                       Statistics: Num rows: 500 Data size: 47500 Basic stats: COMPLETE Column stats: COMPLETE
                       value expressions: key (type: int), value (type: string)
             Execution mode: vectorized, llap
-            LLAP IO: no inputs
+            LLAP IO: all inputs
         Map 3 
             Map Operator Tree:
                 TableScan
@@ -7353,7 +7353,7 @@ STAGE PLANS:
                           Map-reduce partition columns: UDFToDouble(_col0) (type: double), UDFToDouble(_col1) (type: double)
                           Statistics: Num rows: 250 Data size: 43500 Basic stats: COMPLETE Column stats: COMPLETE
             Execution mode: vectorized, llap
-            LLAP IO: no inputs
+            LLAP IO: all inputs
         Reducer 2 
             Execution mode: llap
             Reduce Operator Tree:
diff --git a/ql/src/test/results/clientpositive/llap/masking_disablecbo_4.q.out b/ql/src/test/results/clientpositive/llap/masking_disablecbo_4.q.out
index 47b47cd51f..2e566bfd4a 100644
--- a/ql/src/test/results/clientpositive/llap/masking_disablecbo_4.q.out
+++ b/ql/src/test/results/clientpositive/llap/masking_disablecbo_4.q.out
@@ -157,7 +157,7 @@ STAGE PLANS:
                       Statistics: Num rows: 500 Data size: 47500 Basic stats: COMPLETE Column stats: COMPLETE
                       value expressions: key (type: int), value (type: string)
             Execution mode: vectorized, llap
-            LLAP IO: no inputs
+            LLAP IO: all inputs
         Map 3 
             Map Operator Tree:
                 TableScan
@@ -184,7 +184,7 @@ STAGE PLANS:
                           Map-reduce partition columns: UDFToDouble(_col0) (type: double), UDFToDouble(_col1) (type: double)
                           Statistics: Num rows: 250 Data size: 43500 Basic stats: COMPLETE Column stats: COMPLETE
             Execution mode: vectorized, llap
-            LLAP IO: no inputs
+            LLAP IO: all inputs
         Reducer 2 
             Execution mode: llap
             Reduce Operator Tree:
diff --git a/ql/src/test/results/clientpositive/llap/masking_reserved.q.out b/ql/src/test/results/clientpositive/llap/masking_reserved.q.out
index 728b0f6f3b..d4742c7859 100644
--- a/ql/src/test/results/clientpositive/llap/masking_reserved.q.out
+++ b/ql/src/test/results/clientpositive/llap/masking_reserved.q.out
@@ -75,7 +75,7 @@ STAGE PLANS:
                         Statistics: Num rows: 1 Data size: 188 Basic stats: COMPLETE Column stats: NONE
                         value expressions: _col1 (type: string)
             Execution mode: vectorized, llap
-            LLAP IO: no inputs
+            LLAP IO: all inputs
         Map 3 
             Map Operator Tree:
                 TableScan
@@ -97,7 +97,7 @@ STAGE PLANS:
                         Statistics: Num rows: 1 Data size: 192 Basic stats: COMPLETE Column stats: NONE
                         value expressions: _col1 (type: string)
             Execution mode: vectorized, llap
-            LLAP IO: no inputs
+            LLAP IO: all inputs
         Reducer 2 
             Execution mode: llap
             Reduce Operator Tree:
@@ -180,7 +180,7 @@ STAGE PLANS:
                         Statistics: Num rows: 1 Data size: 188 Basic stats: COMPLETE Column stats: NONE
                         value expressions: _col1 (type: string)
             Execution mode: vectorized, llap
-            LLAP IO: no inputs
+            LLAP IO: all inputs
         Map 3 
             Map Operator Tree:
                 TableScan
@@ -202,7 +202,7 @@ STAGE PLANS:
                         Statistics: Num rows: 1 Data size: 192 Basic stats: COMPLETE Column stats: NONE
                         value expressions: _col1 (type: string)
             Execution mode: vectorized, llap
-            LLAP IO: no inputs
+            LLAP IO: all inputs
         Reducer 2 
             Execution mode: llap
             Reduce Operator Tree:
diff --git a/ql/src/test/results/clientpositive/llap/merge1.q.out b/ql/src/test/results/clientpositive/llap/merge1.q.out
index 1a227cb6a7..652ee8a5c6 100644
--- a/ql/src/test/results/clientpositive/llap/merge1.q.out
+++ b/ql/src/test/results/clientpositive/llap/merge1.q.out
@@ -57,7 +57,7 @@ STAGE PLANS:
                         Statistics: Num rows: 250 Data size: 23750 Basic stats: COMPLETE Column stats: COMPLETE
                         value expressions: _col1 (type: bigint)
             Execution mode: vectorized, llap
-            LLAP IO: no inputs
+            LLAP IO: all inputs
         Reducer 2 
             Execution mode: llap
             Reduce Operator Tree:
@@ -569,7 +569,7 @@ STAGE PLANS:
                           Statistics: Num rows: 1 Data size: 240 Basic stats: COMPLETE Column stats: COMPLETE
                           value expressions: _col0 (type: int), _col1 (type: struct<count:bigint,sum:double,input:int>), _col2 (type: bigint), _col3 (type: bigint), _col4 (type: binary)
             Execution mode: llap
-            LLAP IO: no inputs
+            LLAP IO: all inputs
         Reducer 2 
             Execution mode: llap
             Reduce Operator Tree:
@@ -685,7 +685,7 @@ STAGE PLANS:
                           Statistics: Num rows: 1 Data size: 240 Basic stats: COMPLETE Column stats: COMPLETE
                           value expressions: _col0 (type: int), _col1 (type: struct<count:bigint,sum:double,input:int>), _col2 (type: bigint), _col3 (type: bigint), _col4 (type: binary)
             Execution mode: llap
-            LLAP IO: no inputs
+            LLAP IO: all inputs
         Reducer 2 
             Execution mode: llap
             Reduce Operator Tree:
diff --git a/ql/src/test/results/clientpositive/llap/merge2.q.out b/ql/src/test/results/clientpositive/llap/merge2.q.out
index 0048aa13eb..5a1f9bac8e 100644
--- a/ql/src/test/results/clientpositive/llap/merge2.q.out
+++ b/ql/src/test/results/clientpositive/llap/merge2.q.out
@@ -57,7 +57,7 @@ STAGE PLANS:
                         Statistics: Num rows: 250 Data size: 23750 Basic stats: COMPLETE Column stats: COMPLETE
                         value expressions: _col1 (type: bigint)
             Execution mode: vectorized, llap
-            LLAP IO: no inputs
+            LLAP IO: all inputs
         Reducer 2 
             Execution mode: llap
             Reduce Operator Tree:
@@ -569,7 +569,7 @@ STAGE PLANS:
                           Statistics: Num rows: 1 Data size: 240 Basic stats: COMPLETE Column stats: COMPLETE
                           value expressions: _col0 (type: int), _col1 (type: struct<count:bigint,sum:double,input:int>), _col2 (type: bigint), _col3 (type: bigint), _col4 (type: binary)
             Execution mode: llap
-            LLAP IO: no inputs
+            LLAP IO: all inputs
         Reducer 2 
             Execution mode: llap
             Reduce Operator Tree:
@@ -685,7 +685,7 @@ STAGE PLANS:
                           Statistics: Num rows: 1 Data size: 240 Basic stats: COMPLETE Column stats: COMPLETE
                           value expressions: _col0 (type: int), _col1 (type: struct<count:bigint,sum:double,input:int>), _col2 (type: bigint), _col3 (type: bigint), _col4 (type: binary)
             Execution mode: llap
-            LLAP IO: no inputs
+            LLAP IO: all inputs
         Reducer 2 
             Execution mode: llap
             Reduce Operator Tree:
diff --git a/ql/src/test/results/clientpositive/llap/merge3.q.out b/ql/src/test/results/clientpositive/llap/merge3.q.out
index a8073b261e..0efe7bf944 100644
--- a/ql/src/test/results/clientpositive/llap/merge3.q.out
+++ b/ql/src/test/results/clientpositive/llap/merge3.q.out
@@ -134,7 +134,7 @@ STAGE PLANS:
                           value expressions: _col0 (type: int), _col1 (type: struct<count:bigint,sum:double,input:int>), _col2 (type: bigint), _col3 (type: bigint), _col4 (type: binary), _col5 (type: int), _col6 (type: struct<count:bigint,sum:double,input:int>), _col7 (type: bigint), _col8 (type: binary)
                           auto parallelism: false
             Execution mode: llap
-            LLAP IO: no inputs
+            LLAP IO: all inputs
             Path -> Alias:
 #### A masked pattern was here ####
             Path -> Partition:
@@ -2399,7 +2399,7 @@ STAGE PLANS:
                           value expressions: _col1 (type: int), _col2 (type: struct<count:bigint,sum:double,input:int>), _col3 (type: bigint), _col4 (type: bigint), _col5 (type: binary), _col6 (type: int), _col7 (type: struct<count:bigint,sum:double,input:int>), _col8 (type: bigint), _col9 (type: binary)
                           auto parallelism: true
             Execution mode: llap
-            LLAP IO: no inputs
+            LLAP IO: all inputs
             Path -> Alias:
 #### A masked pattern was here ####
             Path -> Partition:
@@ -4668,7 +4668,7 @@ STAGE PLANS:
                       value expressions: _col0 (type: string), _col1 (type: string), _col2 (type: string)
                       auto parallelism: true
             Execution mode: vectorized, llap
-            LLAP IO: no inputs
+            LLAP IO: all inputs
             Path -> Alias:
 #### A masked pattern was here ####
             Path -> Partition:
diff --git a/ql/src/test/results/clientpositive/llap/merge4.q.out b/ql/src/test/results/clientpositive/llap/merge4.q.out
index a57440f68c..e75163765d 100644
--- a/ql/src/test/results/clientpositive/llap/merge4.q.out
+++ b/ql/src/test/results/clientpositive/llap/merge4.q.out
@@ -70,7 +70,7 @@ STAGE PLANS:
                           Statistics: Num rows: 2 Data size: 1500 Basic stats: COMPLETE Column stats: COMPLETE
                           value expressions: _col2 (type: int), _col3 (type: struct<count:bigint,sum:double,input:int>), _col4 (type: bigint), _col5 (type: bigint), _col6 (type: binary), _col7 (type: int), _col8 (type: struct<count:bigint,sum:double,input:int>), _col9 (type: bigint), _col10 (type: binary)
             Execution mode: llap
-            LLAP IO: no inputs
+            LLAP IO: all inputs
         Reducer 2 
             Execution mode: llap
             Reduce Operator Tree:
@@ -1210,7 +1210,7 @@ STAGE PLANS:
                           Statistics: Num rows: 1 Data size: 652 Basic stats: COMPLETE Column stats: COMPLETE
                           value expressions: _col2 (type: int), _col3 (type: struct<count:bigint,sum:double,input:int>), _col4 (type: bigint), _col5 (type: bigint), _col6 (type: binary), _col7 (type: int), _col8 (type: struct<count:bigint,sum:double,input:int>), _col9 (type: bigint), _col10 (type: binary)
             Execution mode: llap
-            LLAP IO: no inputs
+            LLAP IO: all inputs
         Reducer 2 
             Execution mode: llap
             Reduce Operator Tree:
@@ -2842,7 +2842,7 @@ STAGE PLANS:
                         TopN Hash Memory Usage: 0.1
                         value expressions: _col0 (type: string), _col1 (type: string), _col2 (type: string)
             Execution mode: vectorized, llap
-            LLAP IO: no inputs
+            LLAP IO: all inputs
         Map 5 
             Map Operator Tree:
                 TableScan
@@ -2862,7 +2862,7 @@ STAGE PLANS:
                         TopN Hash Memory Usage: 0.1
                         value expressions: _col0 (type: string), _col1 (type: string), _col2 (type: string)
             Execution mode: vectorized, llap
-            LLAP IO: no inputs
+            LLAP IO: all inputs
         Reducer 3 
             Execution mode: llap
             Reduce Operator Tree:
diff --git a/ql/src/test/results/clientpositive/llap/merge_dynamic_partition.q.out b/ql/src/test/results/clientpositive/llap/merge_dynamic_partition.q.out
index a9ceb75077..c927937a3f 100644
--- a/ql/src/test/results/clientpositive/llap/merge_dynamic_partition.q.out
+++ b/ql/src/test/results/clientpositive/llap/merge_dynamic_partition.q.out
@@ -109,7 +109,7 @@ STAGE PLANS:
                       Statistics: Num rows: 99 Data size: 49864 Basic stats: PARTIAL Column stats: PARTIAL
                       value expressions: _col0 (type: string), _col1 (type: string)
             Execution mode: llap
-            LLAP IO: no inputs
+            LLAP IO: all inputs
         Reducer 2 
             Execution mode: llap
             Reduce Operator Tree:
@@ -772,7 +772,7 @@ STAGE PLANS:
                           Statistics: Num rows: 99 Data size: 31648 Basic stats: PARTIAL Column stats: NONE
                           value expressions: _col2 (type: int), _col3 (type: struct<count:bigint,sum:double,input:int>), _col4 (type: bigint), _col5 (type: bigint), _col6 (type: binary), _col7 (type: int), _col8 (type: struct<count:bigint,sum:double,input:int>), _col9 (type: bigint), _col10 (type: binary)
             Execution mode: llap
-            LLAP IO: no inputs
+            LLAP IO: all inputs
         Reducer 2 
             Execution mode: llap
             Reduce Operator Tree:
@@ -1420,7 +1420,7 @@ STAGE PLANS:
                       Statistics: Num rows: 99 Data size: 49864 Basic stats: PARTIAL Column stats: PARTIAL
                       value expressions: _col0 (type: string), _col1 (type: string)
             Execution mode: llap
-            LLAP IO: no inputs
+            LLAP IO: all inputs
         Reducer 2 
             Execution mode: llap
             Reduce Operator Tree:
diff --git a/ql/src/test/results/clientpositive/llap/merge_dynamic_partition2.q.out b/ql/src/test/results/clientpositive/llap/merge_dynamic_partition2.q.out
index b5f7fb26c1..a38898eda5 100644
--- a/ql/src/test/results/clientpositive/llap/merge_dynamic_partition2.q.out
+++ b/ql/src/test/results/clientpositive/llap/merge_dynamic_partition2.q.out
@@ -128,7 +128,7 @@ STAGE PLANS:
                       Statistics: Num rows: 297 Data size: 148488 Basic stats: PARTIAL Column stats: PARTIAL
                       value expressions: _col0 (type: string), _col1 (type: string)
             Execution mode: llap
-            LLAP IO: no inputs
+            LLAP IO: all inputs
         Reducer 2 
             Execution mode: llap
             Reduce Operator Tree:
diff --git a/ql/src/test/results/clientpositive/llap/merge_dynamic_partition3.q.out b/ql/src/test/results/clientpositive/llap/merge_dynamic_partition3.q.out
index 1ce182e6ac..81f61a673f 100644
--- a/ql/src/test/results/clientpositive/llap/merge_dynamic_partition3.q.out
+++ b/ql/src/test/results/clientpositive/llap/merge_dynamic_partition3.q.out
@@ -193,7 +193,7 @@ STAGE PLANS:
                       Statistics: Num rows: 594 Data size: 405536 Basic stats: PARTIAL Column stats: PARTIAL
                       value expressions: _col0 (type: string), _col1 (type: string)
             Execution mode: llap
-            LLAP IO: no inputs
+            LLAP IO: all inputs
         Reducer 2 
             Execution mode: llap
             Reduce Operator Tree:
diff --git a/ql/src/test/results/clientpositive/llap/merge_join_1.q.out b/ql/src/test/results/clientpositive/llap/merge_join_1.q.out
index 49ac5c2897..2439934c23 100644
--- a/ql/src/test/results/clientpositive/llap/merge_join_1.q.out
+++ b/ql/src/test/results/clientpositive/llap/merge_join_1.q.out
@@ -119,7 +119,7 @@ STAGE PLANS:
                         Map-reduce partition columns: _col1 (type: string), _col0 (type: string)
                         Statistics: Num rows: 1 Data size: 368 Basic stats: COMPLETE Column stats: NONE
             Execution mode: vectorized, llap
-            LLAP IO: no inputs
+            LLAP IO: all inputs
         Map 4 
             Map Operator Tree:
                 TableScan
@@ -140,7 +140,7 @@ STAGE PLANS:
                         Map-reduce partition columns: _col0 (type: string)
                         Statistics: Num rows: 1 Data size: 184 Basic stats: COMPLETE Column stats: NONE
             Execution mode: vectorized, llap
-            LLAP IO: no inputs
+            LLAP IO: all inputs
         Reducer 2 
             Execution mode: llap
             Reduce Operator Tree:
diff --git a/ql/src/test/results/clientpositive/llap/mergejoin.q.out b/ql/src/test/results/clientpositive/llap/mergejoin.q.out
index bc0f0fc24a..d65b767399 100644
--- a/ql/src/test/results/clientpositive/llap/mergejoin.q.out
+++ b/ql/src/test/results/clientpositive/llap/mergejoin.q.out
@@ -66,7 +66,7 @@ STAGE PLANS:
                         Statistics: Num rows: ###Masked### Data size: ###Masked### Basic stats: COMPLETE Column stats: COMPLETE
                         value expressions: _col1 (type: string)
             Execution mode: vectorized, llap
-            LLAP IO: no inputs
+            LLAP IO: all inputs
             Map Vectorization:
                 enabled: true
                 enabledConditionsMet: hive.vectorized.use.vector.serde.deserialize IS true
@@ -151,7 +151,7 @@ STAGE PLANS:
                             Statistics: Num rows: ###Masked### Data size: ###Masked### Basic stats: COMPLETE Column stats: COMPLETE
                             value expressions: _col0 (type: string), _col1 (type: string), _col2 (type: binary)
             Execution mode: vectorized, llap
-            LLAP IO: no inputs
+            LLAP IO: all inputs
             Map Vectorization:
                 enabled: true
                 enabledConditionsMet: hive.vectorized.use.vector.serde.deserialize IS true
@@ -2158,7 +2158,7 @@ STAGE PLANS:
                             Statistics: Num rows: ###Masked### Data size: ###Masked### Basic stats: COMPLETE Column stats: COMPLETE
                             value expressions: _col0 (type: string), _col1 (type: string), _col2 (type: binary)
             Execution mode: vectorized, llap
-            LLAP IO: no inputs
+            LLAP IO: all inputs
             Map Vectorization:
                 enabled: true
                 enabledConditionsMet: hive.vectorized.use.vector.serde.deserialize IS true
@@ -3294,7 +3294,7 @@ STAGE PLANS:
                             Statistics: Num rows: ###Masked### Data size: ###Masked### Basic stats: COMPLETE Column stats: COMPLETE
                             value expressions: _col0 (type: string), _col1 (type: string), _col2 (type: binary)
             Execution mode: vectorized, llap
-            LLAP IO: no inputs
+            LLAP IO: all inputs
             Map Vectorization:
                 enabled: true
                 enabledConditionsMet: hive.vectorized.use.vector.serde.deserialize IS true
diff --git a/ql/src/test/results/clientpositive/llap/mergejoins.q.out b/ql/src/test/results/clientpositive/llap/mergejoins.q.out
index f08188d04a..c47a8e44cf 100644
--- a/ql/src/test/results/clientpositive/llap/mergejoins.q.out
+++ b/ql/src/test/results/clientpositive/llap/mergejoins.q.out
@@ -90,7 +90,7 @@ STAGE PLANS:
                         Statistics: Num rows: 1 Data size: 8 Basic stats: COMPLETE Column stats: NONE
                         value expressions: _col1 (type: int)
             Execution mode: vectorized, llap
-            LLAP IO: no inputs
+            LLAP IO: all inputs
         Map 6 
             Map Operator Tree:
                 TableScan
@@ -112,7 +112,7 @@ STAGE PLANS:
                         Statistics: Num rows: 1 Data size: 8 Basic stats: COMPLETE Column stats: NONE
                         value expressions: _col1 (type: int)
             Execution mode: vectorized, llap
-            LLAP IO: no inputs
+            LLAP IO: all inputs
         Map 7 
             Map Operator Tree:
                 TableScan
@@ -134,7 +134,7 @@ STAGE PLANS:
                         Statistics: Num rows: 1 Data size: 8 Basic stats: COMPLETE Column stats: NONE
                         value expressions: _col1 (type: int)
             Execution mode: vectorized, llap
-            LLAP IO: no inputs
+            LLAP IO: all inputs
         Map 8 
             Map Operator Tree:
                 TableScan
@@ -156,7 +156,7 @@ STAGE PLANS:
                         Statistics: Num rows: 1 Data size: 8 Basic stats: COMPLETE Column stats: NONE
                         value expressions: _col1 (type: int)
             Execution mode: vectorized, llap
-            LLAP IO: no inputs
+            LLAP IO: all inputs
         Map 9 
             Map Operator Tree:
                 TableScan
@@ -178,7 +178,7 @@ STAGE PLANS:
                         Statistics: Num rows: 1 Data size: 8 Basic stats: COMPLETE Column stats: NONE
                         value expressions: _col0 (type: int)
             Execution mode: vectorized, llap
-            LLAP IO: no inputs
+            LLAP IO: all inputs
         Reducer 2 
             Execution mode: llap
             Reduce Operator Tree:
@@ -311,7 +311,7 @@ STAGE PLANS:
                         Statistics: Num rows: 500 Data size: 89000 Basic stats: COMPLETE Column stats: COMPLETE
                         value expressions: _col1 (type: string)
             Execution mode: vectorized, llap
-            LLAP IO: no inputs
+            LLAP IO: all inputs
         Map 4 
             Map Operator Tree:
                 TableScan
@@ -333,7 +333,7 @@ STAGE PLANS:
                         Statistics: Num rows: 500 Data size: 89000 Basic stats: COMPLETE Column stats: COMPLETE
                         value expressions: _col1 (type: string)
             Execution mode: vectorized, llap
-            LLAP IO: no inputs
+            LLAP IO: all inputs
         Reducer 2 
             Execution mode: llap
             Reduce Operator Tree:
diff --git a/ql/src/test/results/clientpositive/llap/mergejoins_mixed.q.out b/ql/src/test/results/clientpositive/llap/mergejoins_mixed.q.out
index 3751294882..8381bb00eb 100644
--- a/ql/src/test/results/clientpositive/llap/mergejoins_mixed.q.out
+++ b/ql/src/test/results/clientpositive/llap/mergejoins_mixed.q.out
@@ -65,7 +65,7 @@ STAGE PLANS:
                         Statistics: Num rows: 1 Data size: 368 Basic stats: COMPLETE Column stats: NONE
                         value expressions: _col1 (type: string)
             Execution mode: vectorized, llap
-            LLAP IO: no inputs
+            LLAP IO: all inputs
         Map 5 
             Map Operator Tree:
                 TableScan
@@ -87,7 +87,7 @@ STAGE PLANS:
                         Statistics: Num rows: 1 Data size: 368 Basic stats: COMPLETE Column stats: NONE
                         value expressions: _col1 (type: string)
             Execution mode: vectorized, llap
-            LLAP IO: no inputs
+            LLAP IO: all inputs
         Reducer 2 
             Execution mode: llap
             Reduce Operator Tree:
@@ -211,7 +211,7 @@ STAGE PLANS:
                       Statistics: Num rows: 1 Data size: 368 Basic stats: COMPLETE Column stats: NONE
                       value expressions: _col1 (type: string)
             Execution mode: vectorized, llap
-            LLAP IO: no inputs
+            LLAP IO: all inputs
         Map 5 
             Map Operator Tree:
                 TableScan
@@ -233,7 +233,7 @@ STAGE PLANS:
                         Statistics: Num rows: 1 Data size: 368 Basic stats: COMPLETE Column stats: NONE
                         value expressions: _col1 (type: string)
             Execution mode: vectorized, llap
-            LLAP IO: no inputs
+            LLAP IO: all inputs
         Reducer 2 
             Execution mode: llap
             Reduce Operator Tree:
@@ -364,7 +364,7 @@ STAGE PLANS:
                         Statistics: Num rows: 1 Data size: 368 Basic stats: COMPLETE Column stats: NONE
                         value expressions: _col1 (type: string)
             Execution mode: vectorized, llap
-            LLAP IO: no inputs
+            LLAP IO: all inputs
         Map 5 
             Map Operator Tree:
                 TableScan
@@ -386,7 +386,7 @@ STAGE PLANS:
                         Statistics: Num rows: 1 Data size: 368 Basic stats: COMPLETE Column stats: NONE
                         value expressions: _col1 (type: string)
             Execution mode: vectorized, llap
-            LLAP IO: no inputs
+            LLAP IO: all inputs
         Reducer 2 
             Execution mode: llap
             Reduce Operator Tree:
@@ -510,7 +510,7 @@ STAGE PLANS:
                       Statistics: Num rows: 1 Data size: 368 Basic stats: COMPLETE Column stats: NONE
                       value expressions: _col1 (type: string)
             Execution mode: vectorized, llap
-            LLAP IO: no inputs
+            LLAP IO: all inputs
         Map 5 
             Map Operator Tree:
                 TableScan
@@ -532,7 +532,7 @@ STAGE PLANS:
                         Statistics: Num rows: 1 Data size: 368 Basic stats: COMPLETE Column stats: NONE
                         value expressions: _col1 (type: string)
             Execution mode: vectorized, llap
-            LLAP IO: no inputs
+            LLAP IO: all inputs
         Reducer 2 
             Execution mode: llap
             Reduce Operator Tree:
@@ -653,7 +653,7 @@ STAGE PLANS:
                         Statistics: Num rows: 1 Data size: 368 Basic stats: COMPLETE Column stats: NONE
                         value expressions: _col1 (type: string)
             Execution mode: vectorized, llap
-            LLAP IO: no inputs
+            LLAP IO: all inputs
         Map 5 
             Map Operator Tree:
                 TableScan
@@ -675,7 +675,7 @@ STAGE PLANS:
                         Statistics: Num rows: 1 Data size: 368 Basic stats: COMPLETE Column stats: NONE
                         value expressions: _col1 (type: string)
             Execution mode: vectorized, llap
-            LLAP IO: no inputs
+            LLAP IO: all inputs
         Reducer 2 
             Execution mode: llap
             Reduce Operator Tree:
@@ -799,7 +799,7 @@ STAGE PLANS:
                       Statistics: Num rows: 1 Data size: 368 Basic stats: COMPLETE Column stats: NONE
                       value expressions: _col1 (type: string)
             Execution mode: vectorized, llap
-            LLAP IO: no inputs
+            LLAP IO: all inputs
         Map 5 
             Map Operator Tree:
                 TableScan
@@ -821,7 +821,7 @@ STAGE PLANS:
                         Statistics: Num rows: 1 Data size: 368 Basic stats: COMPLETE Column stats: NONE
                         value expressions: _col1 (type: string)
             Execution mode: vectorized, llap
-            LLAP IO: no inputs
+            LLAP IO: all inputs
         Reducer 2 
             Execution mode: llap
             Reduce Operator Tree:
@@ -949,7 +949,7 @@ STAGE PLANS:
                       Statistics: Num rows: 1 Data size: 368 Basic stats: COMPLETE Column stats: NONE
                       value expressions: _col1 (type: string)
             Execution mode: vectorized, llap
-            LLAP IO: no inputs
+            LLAP IO: all inputs
         Map 5 
             Map Operator Tree:
                 TableScan
@@ -971,7 +971,7 @@ STAGE PLANS:
                         Statistics: Num rows: 1 Data size: 368 Basic stats: COMPLETE Column stats: NONE
                         value expressions: _col1 (type: string)
             Execution mode: vectorized, llap
-            LLAP IO: no inputs
+            LLAP IO: all inputs
         Reducer 2 
             Execution mode: llap
             Reduce Operator Tree:
@@ -1095,7 +1095,7 @@ STAGE PLANS:
                       Statistics: Num rows: 1 Data size: 368 Basic stats: COMPLETE Column stats: NONE
                       value expressions: _col1 (type: string)
             Execution mode: vectorized, llap
-            LLAP IO: no inputs
+            LLAP IO: all inputs
         Map 5 
             Map Operator Tree:
                 TableScan
@@ -1117,7 +1117,7 @@ STAGE PLANS:
                         Statistics: Num rows: 1 Data size: 368 Basic stats: COMPLETE Column stats: NONE
                         value expressions: _col1 (type: string)
             Execution mode: vectorized, llap
-            LLAP IO: no inputs
+            LLAP IO: all inputs
         Reducer 2 
             Execution mode: llap
             Reduce Operator Tree:
@@ -1241,7 +1241,7 @@ STAGE PLANS:
                       Statistics: Num rows: 1 Data size: 368 Basic stats: COMPLETE Column stats: NONE
                       value expressions: _col1 (type: string)
             Execution mode: vectorized, llap
-            LLAP IO: no inputs
+            LLAP IO: all inputs
         Map 5 
             Map Operator Tree:
                 TableScan
@@ -1263,7 +1263,7 @@ STAGE PLANS:
                         Statistics: Num rows: 1 Data size: 368 Basic stats: COMPLETE Column stats: NONE
                         value expressions: _col1 (type: string)
             Execution mode: vectorized, llap
-            LLAP IO: no inputs
+            LLAP IO: all inputs
         Reducer 2 
             Execution mode: llap
             Reduce Operator Tree:
@@ -1394,7 +1394,7 @@ STAGE PLANS:
                         Statistics: Num rows: 1 Data size: 368 Basic stats: COMPLETE Column stats: NONE
                         value expressions: _col1 (type: string)
             Execution mode: vectorized, llap
-            LLAP IO: no inputs
+            LLAP IO: all inputs
         Map 5 
             Map Operator Tree:
                 TableScan
@@ -1416,7 +1416,7 @@ STAGE PLANS:
                         Statistics: Num rows: 1 Data size: 368 Basic stats: COMPLETE Column stats: NONE
                         value expressions: _col1 (type: string)
             Execution mode: vectorized, llap
-            LLAP IO: no inputs
+            LLAP IO: all inputs
         Reducer 2 
             Execution mode: llap
             Reduce Operator Tree:
@@ -1544,7 +1544,7 @@ STAGE PLANS:
                       Statistics: Num rows: 1 Data size: 368 Basic stats: COMPLETE Column stats: NONE
                       value expressions: _col1 (type: string)
             Execution mode: vectorized, llap
-            LLAP IO: no inputs
+            LLAP IO: all inputs
         Map 5 
             Map Operator Tree:
                 TableScan
@@ -1566,7 +1566,7 @@ STAGE PLANS:
                         Statistics: Num rows: 1 Data size: 368 Basic stats: COMPLETE Column stats: NONE
                         value expressions: _col1 (type: string)
             Execution mode: vectorized, llap
-            LLAP IO: no inputs
+            LLAP IO: all inputs
         Reducer 2 
             Execution mode: llap
             Reduce Operator Tree:
@@ -1687,7 +1687,7 @@ STAGE PLANS:
                         Statistics: Num rows: 1 Data size: 368 Basic stats: COMPLETE Column stats: NONE
                         value expressions: _col1 (type: string)
             Execution mode: vectorized, llap
-            LLAP IO: no inputs
+            LLAP IO: all inputs
         Map 5 
             Map Operator Tree:
                 TableScan
@@ -1709,7 +1709,7 @@ STAGE PLANS:
                         Statistics: Num rows: 1 Data size: 368 Basic stats: COMPLETE Column stats: NONE
                         value expressions: _col1 (type: string)
             Execution mode: vectorized, llap
-            LLAP IO: no inputs
+            LLAP IO: all inputs
         Reducer 2 
             Execution mode: llap
             Reduce Operator Tree:
diff --git a/ql/src/test/results/clientpositive/llap/metadata_only_queries.q.out b/ql/src/test/results/clientpositive/llap/metadata_only_queries.q.out
index 19bcf5ab37..b8bfb06f0f 100644
--- a/ql/src/test/results/clientpositive/llap/metadata_only_queries.q.out
+++ b/ql/src/test/results/clientpositive/llap/metadata_only_queries.q.out
@@ -219,7 +219,7 @@ STAGE PLANS:
                         Statistics: Num rows: 1 Data size: 520 Basic stats: COMPLETE Column stats: NONE
                         value expressions: _col0 (type: bigint), _col1 (type: bigint), _col2 (type: decimal(11,1)), _col3 (type: bigint), _col4 (type: bigint), _col5 (type: bigint), _col6 (type: bigint), _col7 (type: int), _col8 (type: bigint)
             Execution mode: vectorized, llap
-            LLAP IO: no inputs
+            LLAP IO: all inputs
         Reducer 2 
             Execution mode: vectorized, llap
             Reduce Operator Tree:
@@ -295,7 +295,7 @@ STAGE PLANS:
                         Statistics: Num rows: 1 Data size: 520 Basic stats: COMPLETE Column stats: NONE
                         value expressions: _col0 (type: bigint), _col1 (type: bigint), _col2 (type: decimal(11,1)), _col3 (type: bigint), _col4 (type: bigint), _col5 (type: bigint), _col6 (type: bigint), _col7 (type: int), _col8 (type: bigint)
             Execution mode: vectorized, llap
-            LLAP IO: no inputs
+            LLAP IO: all inputs
         Reducer 2 
             Execution mode: vectorized, llap
             Reduce Operator Tree:
@@ -365,7 +365,7 @@ STAGE PLANS:
                         Statistics: Num rows: 1 Data size: 520 Basic stats: COMPLETE Column stats: NONE
                         value expressions: _col0 (type: bigint), _col1 (type: bigint), _col2 (type: decimal(11,1)), _col3 (type: bigint), _col4 (type: bigint), _col5 (type: bigint), _col6 (type: bigint), _col7 (type: int), _col8 (type: bigint)
             Execution mode: vectorized, llap
-            LLAP IO: no inputs
+            LLAP IO: all inputs
         Reducer 2 
             Execution mode: vectorized, llap
             Reduce Operator Tree:
@@ -441,7 +441,7 @@ STAGE PLANS:
                         Statistics: Num rows: 1 Data size: 520 Basic stats: COMPLETE Column stats: NONE
                         value expressions: _col0 (type: bigint), _col1 (type: bigint), _col2 (type: decimal(11,1)), _col3 (type: bigint), _col4 (type: bigint), _col5 (type: bigint), _col6 (type: bigint), _col7 (type: int), _col8 (type: bigint)
             Execution mode: vectorized, llap
-            LLAP IO: no inputs
+            LLAP IO: all inputs
         Reducer 2 
             Execution mode: vectorized, llap
             Reduce Operator Tree:
@@ -741,7 +741,7 @@ STAGE PLANS:
                         Statistics: Num rows: 1 Data size: 48 Basic stats: COMPLETE Column stats: NONE
                         value expressions: _col0 (type: bigint)
             Execution mode: vectorized, llap
-            LLAP IO: no inputs
+            LLAP IO: all inputs
         Reducer 2 
             Execution mode: vectorized, llap
             Reduce Operator Tree:
diff --git a/ql/src/test/results/clientpositive/llap/metadataonly1.q.out b/ql/src/test/results/clientpositive/llap/metadataonly1.q.out
index cba437bdaf..5d81b0f841 100644
--- a/ql/src/test/results/clientpositive/llap/metadataonly1.q.out
+++ b/ql/src/test/results/clientpositive/llap/metadataonly1.q.out
@@ -446,7 +446,7 @@ STAGE PLANS:
                         value expressions: _col0 (type: bigint)
                         auto parallelism: false
             Execution mode: vectorized, llap
-            LLAP IO: no inputs
+            LLAP IO: all inputs
             Path -> Alias:
 #### A masked pattern was here ####
             Path -> Partition:
@@ -604,7 +604,7 @@ STAGE PLANS:
                       tag: 0
                       auto parallelism: true
             Execution mode: vectorized, llap
-            LLAP IO: no inputs
+            LLAP IO: all inputs
             Path -> Alias:
 #### A masked pattern was here ####
             Path -> Partition:
@@ -709,7 +709,7 @@ STAGE PLANS:
                         value expressions: _col0 (type: string)
                         auto parallelism: false
             Execution mode: vectorized, llap
-            LLAP IO: no inputs
+            LLAP IO: all inputs
             Path -> Alias:
 #### A masked pattern was here ####
             Path -> Partition:
@@ -1224,7 +1224,7 @@ STAGE PLANS:
                         value expressions: _col1 (type: bigint)
                         auto parallelism: true
             Execution mode: vectorized, llap
-            LLAP IO: no inputs
+            LLAP IO: all inputs
             Path -> Alias:
 #### A masked pattern was here ####
             Path -> Partition:
diff --git a/ql/src/test/results/clientpositive/llap/mm_bhif.q.out b/ql/src/test/results/clientpositive/llap/mm_bhif.q.out
index cd908657a5..3ff4c63651 100644
--- a/ql/src/test/results/clientpositive/llap/mm_bhif.q.out
+++ b/ql/src/test/results/clientpositive/llap/mm_bhif.q.out
@@ -95,7 +95,7 @@ STAGE PLANS:
                           Statistics: Num rows: 1 Data size: 8 Basic stats: COMPLETE Column stats: COMPLETE
                           value expressions: _col0 (type: bigint)
             Execution mode: vectorized, llap
-            LLAP IO: no inputs
+            LLAP IO: may be used (ACID table)
         Reducer 2 
             Execution mode: vectorized, llap
             Reduce Operator Tree:
diff --git a/ql/src/test/results/clientpositive/llap/mrr.q.out b/ql/src/test/results/clientpositive/llap/mrr.q.out
index d20c00ffd5..8d70898abe 100644
--- a/ql/src/test/results/clientpositive/llap/mrr.q.out
+++ b/ql/src/test/results/clientpositive/llap/mrr.q.out
@@ -43,7 +43,7 @@ STAGE PLANS:
                         Statistics: Num rows: 250 Data size: 23750 Basic stats: COMPLETE Column stats: COMPLETE
                         value expressions: _col1 (type: bigint)
             Execution mode: vectorized, llap
-            LLAP IO: no inputs
+            LLAP IO: all inputs
         Reducer 2 
             Execution mode: vectorized, llap
             Reduce Operator Tree:
@@ -439,7 +439,7 @@ STAGE PLANS:
                         Map-reduce partition columns: _col0 (type: string)
                         Statistics: Num rows: 500 Data size: 43500 Basic stats: COMPLETE Column stats: COMPLETE
             Execution mode: vectorized, llap
-            LLAP IO: no inputs
+            LLAP IO: all inputs
         Map 5 
             Map Operator Tree:
                 TableScan
@@ -461,7 +461,7 @@ STAGE PLANS:
                         Statistics: Num rows: 500 Data size: 89000 Basic stats: COMPLETE Column stats: COMPLETE
                         value expressions: _col1 (type: string)
             Execution mode: vectorized, llap
-            LLAP IO: no inputs
+            LLAP IO: all inputs
         Reducer 2 
             Execution mode: llap
             Reduce Operator Tree:
@@ -884,7 +884,7 @@ STAGE PLANS:
                         Map-reduce partition columns: _col0 (type: string)
                         Statistics: Num rows: 500 Data size: 43500 Basic stats: COMPLETE Column stats: COMPLETE
             Execution mode: vectorized, llap
-            LLAP IO: no inputs
+            LLAP IO: all inputs
         Map 2 
             Map Operator Tree:
                 TableScan
@@ -921,7 +921,7 @@ STAGE PLANS:
                             Map-reduce partition columns: _col0 (type: string)
                             Statistics: Num rows: 395 Data size: 70310 Basic stats: COMPLETE Column stats: COMPLETE
             Execution mode: vectorized, llap
-            LLAP IO: no inputs
+            LLAP IO: all inputs
         Reducer 3 
             Execution mode: vectorized, llap
             Reduce Operator Tree:
@@ -1361,7 +1361,7 @@ STAGE PLANS:
                         Statistics: Num rows: 250 Data size: 23750 Basic stats: COMPLETE Column stats: COMPLETE
                         value expressions: _col1 (type: bigint)
             Execution mode: vectorized, llap
-            LLAP IO: no inputs
+            LLAP IO: all inputs
         Map 6 
             Map Operator Tree:
                 TableScan
@@ -1386,7 +1386,7 @@ STAGE PLANS:
                         Statistics: Num rows: 250 Data size: 23750 Basic stats: COMPLETE Column stats: COMPLETE
                         value expressions: _col1 (type: bigint)
             Execution mode: vectorized, llap
-            LLAP IO: no inputs
+            LLAP IO: all inputs
         Reducer 2 
             Reduce Operator Tree:
               Group By Operator
@@ -1703,7 +1703,7 @@ STAGE PLANS:
                         Statistics: Num rows: 500 Data size: 5312 Basic stats: COMPLETE Column stats: NONE
                         value expressions: _col1 (type: bigint)
             Execution mode: vectorized, llap
-            LLAP IO: no inputs
+            LLAP IO: all inputs
         Map 4 
             Map Operator Tree:
                 TableScan
@@ -1725,7 +1725,7 @@ STAGE PLANS:
                         Statistics: Num rows: 500 Data size: 5312 Basic stats: COMPLETE Column stats: NONE
                         value expressions: _col1 (type: string)
             Execution mode: vectorized, llap
-            LLAP IO: no inputs
+            LLAP IO: all inputs
         Reducer 2 
             Execution mode: vectorized, llap
             Reduce Operator Tree:
diff --git a/ql/src/test/results/clientpositive/llap/multiMapJoin1.q.out b/ql/src/test/results/clientpositive/llap/multiMapJoin1.q.out
index 69a071bc61..a449755f6a 100644
--- a/ql/src/test/results/clientpositive/llap/multiMapJoin1.q.out
+++ b/ql/src/test/results/clientpositive/llap/multiMapJoin1.q.out
@@ -240,7 +240,7 @@ STAGE PLANS:
                               Statistics: Num rows: 1 Data size: 8 Basic stats: COMPLETE Column stats: NONE
                               value expressions: _col0 (type: bigint)
             Execution mode: vectorized, llap
-            LLAP IO: no inputs
+            LLAP IO: all inputs
         Map 3 
             Map Operator Tree:
                 TableScan
@@ -261,7 +261,7 @@ STAGE PLANS:
                         Map-reduce partition columns: _col0 (type: string)
                         Statistics: Num rows: 10 Data size: 1840 Basic stats: COMPLETE Column stats: NONE
             Execution mode: vectorized, llap
-            LLAP IO: no inputs
+            LLAP IO: all inputs
         Map 4 
             Map Operator Tree:
                 TableScan
@@ -282,7 +282,7 @@ STAGE PLANS:
                         Map-reduce partition columns: _col0 (type: string)
                         Statistics: Num rows: 10 Data size: 1840 Basic stats: COMPLETE Column stats: NONE
             Execution mode: vectorized, llap
-            LLAP IO: no inputs
+            LLAP IO: all inputs
         Reducer 2 
             Execution mode: vectorized, llap
             Reduce Operator Tree:
@@ -414,7 +414,7 @@ STAGE PLANS:
                               Statistics: Num rows: 1 Data size: 8 Basic stats: COMPLETE Column stats: NONE
                               value expressions: _col0 (type: bigint)
             Execution mode: vectorized, llap
-            LLAP IO: no inputs
+            LLAP IO: all inputs
         Map 3 
             Map Operator Tree:
                 TableScan
@@ -435,7 +435,7 @@ STAGE PLANS:
                         Map-reduce partition columns: _col0 (type: string)
                         Statistics: Num rows: 10 Data size: 1840 Basic stats: COMPLETE Column stats: NONE
             Execution mode: vectorized, llap
-            LLAP IO: no inputs
+            LLAP IO: all inputs
         Map 4 
             Map Operator Tree:
                 TableScan
@@ -456,7 +456,7 @@ STAGE PLANS:
                         Map-reduce partition columns: _col0 (type: string)
                         Statistics: Num rows: 10 Data size: 1840 Basic stats: COMPLETE Column stats: NONE
             Execution mode: vectorized, llap
-            LLAP IO: no inputs
+            LLAP IO: all inputs
         Reducer 2 
             Execution mode: vectorized, llap
             Reduce Operator Tree:
@@ -594,7 +594,7 @@ STAGE PLANS:
                               Statistics: Num rows: 5445 Data size: 1903972 Basic stats: COMPLETE Column stats: NONE
                               value expressions: _col1 (type: bigint)
             Execution mode: vectorized, llap
-            LLAP IO: no inputs
+            LLAP IO: all inputs
         Map 3 
             Map Operator Tree:
                 TableScan
@@ -615,7 +615,7 @@ STAGE PLANS:
                         Map-reduce partition columns: _col0 (type: string)
                         Statistics: Num rows: 10 Data size: 1840 Basic stats: COMPLETE Column stats: NONE
             Execution mode: vectorized, llap
-            LLAP IO: no inputs
+            LLAP IO: all inputs
         Map 4 
             Map Operator Tree:
                 TableScan
@@ -637,7 +637,7 @@ STAGE PLANS:
                         Statistics: Num rows: 10 Data size: 3680 Basic stats: COMPLETE Column stats: NONE
                         value expressions: _col0 (type: string)
             Execution mode: vectorized, llap
-            LLAP IO: no inputs
+            LLAP IO: all inputs
         Reducer 2 
             Execution mode: vectorized, llap
             Reduce Operator Tree:
@@ -935,7 +935,7 @@ STAGE PLANS:
                                     Statistics: Num rows: 1 Data size: 64 Basic stats: COMPLETE Column stats: NONE
                                     value expressions: _col0 (type: bigint), _col1 (type: bigint), _col2 (type: bigint), _col3 (type: bigint), _col4 (type: bigint), _col5 (type: bigint), _col6 (type: bigint), _col7 (type: bigint)
             Execution mode: vectorized, llap
-            LLAP IO: no inputs
+            LLAP IO: all inputs
         Map 3 
             Map Operator Tree:
                 TableScan
@@ -956,7 +956,7 @@ STAGE PLANS:
                         Map-reduce partition columns: _col0 (type: string)
                         Statistics: Num rows: 10 Data size: 1840 Basic stats: COMPLETE Column stats: NONE
             Execution mode: vectorized, llap
-            LLAP IO: no inputs
+            LLAP IO: all inputs
         Map 4 
             Map Operator Tree:
                 TableScan
@@ -977,7 +977,7 @@ STAGE PLANS:
                         Map-reduce partition columns: _col0 (type: string)
                         Statistics: Num rows: 10 Data size: 1840 Basic stats: COMPLETE Column stats: NONE
             Execution mode: vectorized, llap
-            LLAP IO: no inputs
+            LLAP IO: all inputs
         Map 5 
             Map Operator Tree:
                 TableScan
@@ -999,7 +999,7 @@ STAGE PLANS:
                         Statistics: Num rows: 10 Data size: 3680 Basic stats: COMPLETE Column stats: NONE
                         value expressions: _col0 (type: string)
             Execution mode: vectorized, llap
-            LLAP IO: no inputs
+            LLAP IO: all inputs
         Map 6 
             Map Operator Tree:
                 TableScan
@@ -1021,7 +1021,7 @@ STAGE PLANS:
                         Statistics: Num rows: 10 Data size: 1840 Basic stats: COMPLETE Column stats: NONE
                         value expressions: _col1 (type: int)
             Execution mode: vectorized, llap
-            LLAP IO: no inputs
+            LLAP IO: all inputs
         Reducer 2 
             Execution mode: vectorized, llap
             Reduce Operator Tree:
@@ -1282,7 +1282,7 @@ STAGE PLANS:
                                     Statistics: Num rows: 1 Data size: 64 Basic stats: COMPLETE Column stats: NONE
                                     value expressions: _col0 (type: bigint), _col1 (type: bigint), _col2 (type: bigint), _col3 (type: bigint), _col4 (type: bigint), _col5 (type: bigint), _col6 (type: bigint), _col7 (type: bigint)
             Execution mode: vectorized, llap
-            LLAP IO: no inputs
+            LLAP IO: all inputs
         Map 3 
             Map Operator Tree:
                 TableScan
@@ -1303,7 +1303,7 @@ STAGE PLANS:
                         Map-reduce partition columns: _col0 (type: string)
                         Statistics: Num rows: 10 Data size: 1840 Basic stats: COMPLETE Column stats: NONE
             Execution mode: vectorized, llap
-            LLAP IO: no inputs
+            LLAP IO: all inputs
         Map 4 
             Map Operator Tree:
                 TableScan
@@ -1324,7 +1324,7 @@ STAGE PLANS:
                         Map-reduce partition columns: _col0 (type: string)
                         Statistics: Num rows: 10 Data size: 1840 Basic stats: COMPLETE Column stats: NONE
             Execution mode: vectorized, llap
-            LLAP IO: no inputs
+            LLAP IO: all inputs
         Map 5 
             Map Operator Tree:
                 TableScan
@@ -1346,7 +1346,7 @@ STAGE PLANS:
                         Statistics: Num rows: 10 Data size: 3680 Basic stats: COMPLETE Column stats: NONE
                         value expressions: _col0 (type: string)
             Execution mode: vectorized, llap
-            LLAP IO: no inputs
+            LLAP IO: all inputs
         Map 6 
             Map Operator Tree:
                 TableScan
@@ -1368,7 +1368,7 @@ STAGE PLANS:
                         Statistics: Num rows: 10 Data size: 1840 Basic stats: COMPLETE Column stats: NONE
                         value expressions: _col1 (type: int)
             Execution mode: vectorized, llap
-            LLAP IO: no inputs
+            LLAP IO: all inputs
         Reducer 2 
             Execution mode: vectorized, llap
             Reduce Operator Tree:
@@ -1584,7 +1584,7 @@ STAGE PLANS:
                         Statistics: Num rows: 4250 Data size: 2229169 Basic stats: COMPLETE Column stats: NONE
                         value expressions: _col1 (type: string), _col2 (type: string)
             Execution mode: vectorized, llap
-            LLAP IO: no inputs
+            LLAP IO: all inputs
         Map 10 
             Map Operator Tree:
                 TableScan
@@ -1606,7 +1606,7 @@ STAGE PLANS:
                         Statistics: Num rows: 10 Data size: 1840 Basic stats: COMPLETE Column stats: NONE
                         value expressions: _col1 (type: int)
             Execution mode: vectorized, llap
-            LLAP IO: no inputs
+            LLAP IO: all inputs
         Map 7 
             Map Operator Tree:
                 TableScan
@@ -1627,7 +1627,7 @@ STAGE PLANS:
                         Map-reduce partition columns: _col0 (type: string)
                         Statistics: Num rows: 10 Data size: 1840 Basic stats: COMPLETE Column stats: NONE
             Execution mode: vectorized, llap
-            LLAP IO: no inputs
+            LLAP IO: all inputs
         Map 8 
             Map Operator Tree:
                 TableScan
@@ -1648,7 +1648,7 @@ STAGE PLANS:
                         Map-reduce partition columns: _col0 (type: string)
                         Statistics: Num rows: 10 Data size: 1840 Basic stats: COMPLETE Column stats: NONE
             Execution mode: vectorized, llap
-            LLAP IO: no inputs
+            LLAP IO: all inputs
         Map 9 
             Map Operator Tree:
                 TableScan
@@ -1670,7 +1670,7 @@ STAGE PLANS:
                         Statistics: Num rows: 10 Data size: 3680 Basic stats: COMPLETE Column stats: NONE
                         value expressions: _col0 (type: string)
             Execution mode: vectorized, llap
-            LLAP IO: no inputs
+            LLAP IO: all inputs
         Reducer 2 
             Execution mode: llap
             Reduce Operator Tree:
@@ -1966,7 +1966,7 @@ STAGE PLANS:
                         Statistics: Num rows: 4250 Data size: 2229169 Basic stats: COMPLETE Column stats: NONE
                         value expressions: _col1 (type: string), _col2 (type: string)
             Execution mode: vectorized, llap
-            LLAP IO: no inputs
+            LLAP IO: all inputs
         Map 10 
             Map Operator Tree:
                 TableScan
@@ -1988,7 +1988,7 @@ STAGE PLANS:
                         Statistics: Num rows: 10 Data size: 1840 Basic stats: COMPLETE Column stats: NONE
                         value expressions: _col1 (type: int)
             Execution mode: vectorized, llap
-            LLAP IO: no inputs
+            LLAP IO: all inputs
         Map 7 
             Map Operator Tree:
                 TableScan
@@ -2009,7 +2009,7 @@ STAGE PLANS:
                         Map-reduce partition columns: _col0 (type: string)
                         Statistics: Num rows: 10 Data size: 1840 Basic stats: COMPLETE Column stats: NONE
             Execution mode: vectorized, llap
-            LLAP IO: no inputs
+            LLAP IO: all inputs
         Map 8 
             Map Operator Tree:
                 TableScan
@@ -2030,7 +2030,7 @@ STAGE PLANS:
                         Map-reduce partition columns: _col0 (type: string)
                         Statistics: Num rows: 10 Data size: 1840 Basic stats: COMPLETE Column stats: NONE
             Execution mode: vectorized, llap
-            LLAP IO: no inputs
+            LLAP IO: all inputs
         Map 9 
             Map Operator Tree:
                 TableScan
@@ -2052,7 +2052,7 @@ STAGE PLANS:
                         Statistics: Num rows: 10 Data size: 3680 Basic stats: COMPLETE Column stats: NONE
                         value expressions: _col0 (type: string)
             Execution mode: vectorized, llap
-            LLAP IO: no inputs
+            LLAP IO: all inputs
         Reducer 2 
             Execution mode: llap
             Reduce Operator Tree:
diff --git a/ql/src/test/results/clientpositive/llap/multiMapJoin2.q.out b/ql/src/test/results/clientpositive/llap/multiMapJoin2.q.out
index a2082484b2..e2cb78cd70 100644
--- a/ql/src/test/results/clientpositive/llap/multiMapJoin2.q.out
+++ b/ql/src/test/results/clientpositive/llap/multiMapJoin2.q.out
@@ -61,7 +61,7 @@ STAGE PLANS:
                           sort order: +
                           Statistics: Num rows: 78 Data size: 6786 Basic stats: COMPLETE Column stats: COMPLETE
             Execution mode: vectorized, llap
-            LLAP IO: no inputs
+            LLAP IO: all inputs
         Map 4 
             Map Operator Tree:
                 TableScan
@@ -82,7 +82,7 @@ STAGE PLANS:
                         Map-reduce partition columns: _col0 (type: string)
                         Statistics: Num rows: 25 Data size: 2150 Basic stats: COMPLETE Column stats: COMPLETE
             Execution mode: vectorized, llap
-            LLAP IO: no inputs
+            LLAP IO: all inputs
         Map 5 
             Map Operator Tree:
                 TableScan
@@ -112,7 +112,7 @@ STAGE PLANS:
                           sort order: +
                           Statistics: Num rows: 78 Data size: 6786 Basic stats: COMPLETE Column stats: COMPLETE
             Execution mode: vectorized, llap
-            LLAP IO: no inputs
+            LLAP IO: all inputs
         Map 6 
             Map Operator Tree:
                 TableScan
@@ -133,7 +133,7 @@ STAGE PLANS:
                         Map-reduce partition columns: _col0 (type: string)
                         Statistics: Num rows: 25 Data size: 2150 Basic stats: COMPLETE Column stats: COMPLETE
             Execution mode: vectorized, llap
-            LLAP IO: no inputs
+            LLAP IO: all inputs
         Reducer 3 
             Execution mode: vectorized, llap
             Reduce Operator Tree:
@@ -304,7 +304,7 @@ STAGE PLANS:
                         Map-reduce partition columns: _col0 (type: string)
                         Statistics: Num rows: 500 Data size: 43500 Basic stats: COMPLETE Column stats: COMPLETE
             Execution mode: vectorized, llap
-            LLAP IO: no inputs
+            LLAP IO: all inputs
         Map 5 
             Map Operator Tree:
                 TableScan
@@ -325,7 +325,7 @@ STAGE PLANS:
                         Map-reduce partition columns: _col0 (type: string)
                         Statistics: Num rows: 25 Data size: 2150 Basic stats: COMPLETE Column stats: COMPLETE
             Execution mode: vectorized, llap
-            LLAP IO: no inputs
+            LLAP IO: all inputs
         Map 6 
             Map Operator Tree:
                 TableScan
@@ -346,7 +346,7 @@ STAGE PLANS:
                         Map-reduce partition columns: _col0 (type: string)
                         Statistics: Num rows: 500 Data size: 43500 Basic stats: COMPLETE Column stats: COMPLETE
             Execution mode: vectorized, llap
-            LLAP IO: no inputs
+            LLAP IO: all inputs
         Map 8 
             Map Operator Tree:
                 TableScan
@@ -367,7 +367,7 @@ STAGE PLANS:
                         Map-reduce partition columns: _col0 (type: string)
                         Statistics: Num rows: 25 Data size: 2150 Basic stats: COMPLETE Column stats: COMPLETE
             Execution mode: vectorized, llap
-            LLAP IO: no inputs
+            LLAP IO: all inputs
         Reducer 2 
             Execution mode: llap
             Reduce Operator Tree:
@@ -572,7 +572,7 @@ STAGE PLANS:
                         Map-reduce partition columns: _col0 (type: string)
                         Statistics: Num rows: 12 Data size: 1032 Basic stats: COMPLETE Column stats: COMPLETE
             Execution mode: vectorized, llap
-            LLAP IO: no inputs
+            LLAP IO: all inputs
         Map 5 
             Map Operator Tree:
                 TableScan
@@ -602,7 +602,7 @@ STAGE PLANS:
                           sort order: +
                           Statistics: Num rows: 51 Data size: 4425 Basic stats: COMPLETE Column stats: COMPLETE
             Execution mode: vectorized, llap
-            LLAP IO: no inputs
+            LLAP IO: all inputs
         Map 6 
             Map Operator Tree:
                 TableScan
@@ -623,7 +623,7 @@ STAGE PLANS:
                         Map-reduce partition columns: _col0 (type: string)
                         Statistics: Num rows: 25 Data size: 2150 Basic stats: COMPLETE Column stats: COMPLETE
             Execution mode: vectorized, llap
-            LLAP IO: no inputs
+            LLAP IO: all inputs
         Reducer 2 
             Execution mode: vectorized, llap
             Reduce Operator Tree:
@@ -814,7 +814,7 @@ STAGE PLANS:
                             Map-reduce partition columns: _col0 (type: string)
                             Statistics: Num rows: 2 Data size: 174 Basic stats: COMPLETE Column stats: COMPLETE
             Execution mode: vectorized, llap
-            LLAP IO: no inputs
+            LLAP IO: all inputs
         Map 5 
             Map Operator Tree:
                 TableScan
@@ -841,7 +841,7 @@ STAGE PLANS:
                         Map-reduce partition columns: _col0 (type: string)
                         Statistics: Num rows: 25 Data size: 2150 Basic stats: COMPLETE Column stats: COMPLETE
             Execution mode: vectorized, llap
-            LLAP IO: no inputs
+            LLAP IO: all inputs
         Map 6 
             Map Operator Tree:
                 TableScan
@@ -878,7 +878,7 @@ STAGE PLANS:
                             Map-reduce partition columns: _col0 (type: string)
                             Statistics: Num rows: 2 Data size: 174 Basic stats: COMPLETE Column stats: COMPLETE
             Execution mode: vectorized, llap
-            LLAP IO: no inputs
+            LLAP IO: all inputs
         Reducer 2 
             Execution mode: vectorized, llap
             Reduce Operator Tree:
@@ -1072,7 +1072,7 @@ STAGE PLANS:
                             Map-reduce partition columns: _col0 (type: string)
                             Statistics: Num rows: 2 Data size: 174 Basic stats: COMPLETE Column stats: COMPLETE
             Execution mode: vectorized, llap
-            LLAP IO: no inputs
+            LLAP IO: all inputs
         Map 5 
             Map Operator Tree:
                 TableScan
@@ -1099,7 +1099,7 @@ STAGE PLANS:
                         Map-reduce partition columns: _col0 (type: string)
                         Statistics: Num rows: 25 Data size: 2150 Basic stats: COMPLETE Column stats: COMPLETE
             Execution mode: vectorized, llap
-            LLAP IO: no inputs
+            LLAP IO: all inputs
         Map 6 
             Map Operator Tree:
                 TableScan
@@ -1136,7 +1136,7 @@ STAGE PLANS:
                             Map-reduce partition columns: _col0 (type: string)
                             Statistics: Num rows: 2 Data size: 174 Basic stats: COMPLETE Column stats: COMPLETE
             Execution mode: vectorized, llap
-            LLAP IO: no inputs
+            LLAP IO: all inputs
         Reducer 2 
             Execution mode: vectorized, llap
             Reduce Operator Tree:
@@ -1330,7 +1330,7 @@ STAGE PLANS:
                             Map-reduce partition columns: _col0 (type: string)
                             Statistics: Num rows: 2 Data size: 174 Basic stats: COMPLETE Column stats: COMPLETE
             Execution mode: vectorized, llap
-            LLAP IO: no inputs
+            LLAP IO: all inputs
         Map 5 
             Map Operator Tree:
                 TableScan
@@ -1363,7 +1363,7 @@ STAGE PLANS:
                         Map-reduce partition columns: _col0 (type: string)
                         Statistics: Num rows: 12 Data size: 1032 Basic stats: COMPLETE Column stats: COMPLETE
             Execution mode: vectorized, llap
-            LLAP IO: no inputs
+            LLAP IO: all inputs
         Reducer 2 
             Execution mode: vectorized, llap
             Reduce Operator Tree:
@@ -1571,7 +1571,7 @@ STAGE PLANS:
                             Map-reduce partition columns: _col0 (type: string)
                             Statistics: Num rows: 2 Data size: 174 Basic stats: COMPLETE Column stats: COMPLETE
             Execution mode: vectorized, llap
-            LLAP IO: no inputs
+            LLAP IO: all inputs
         Map 5 
             Map Operator Tree:
                 TableScan
@@ -1604,7 +1604,7 @@ STAGE PLANS:
                         Map-reduce partition columns: _col0 (type: string)
                         Statistics: Num rows: 12 Data size: 1032 Basic stats: COMPLETE Column stats: COMPLETE
             Execution mode: vectorized, llap
-            LLAP IO: no inputs
+            LLAP IO: all inputs
         Reducer 2 
             Execution mode: vectorized, llap
             Reduce Operator Tree:
@@ -1836,7 +1836,7 @@ STAGE PLANS:
                             Statistics: Num rows: 1 Data size: 8 Basic stats: COMPLETE Column stats: COMPLETE
                             value expressions: _col0 (type: bigint)
             Execution mode: vectorized, llap
-            LLAP IO: no inputs
+            LLAP IO: all inputs
         Map 3 
             Map Operator Tree:
                 TableScan
@@ -1857,7 +1857,7 @@ STAGE PLANS:
                         Map-reduce partition columns: _col0 (type: string)
                         Statistics: Num rows: 25 Data size: 2150 Basic stats: COMPLETE Column stats: COMPLETE
             Execution mode: vectorized, llap
-            LLAP IO: no inputs
+            LLAP IO: all inputs
         Reducer 2 
             Execution mode: vectorized, llap
             Reduce Operator Tree:
@@ -1969,7 +1969,7 @@ STAGE PLANS:
                           sort order: +
                           Statistics: Num rows: 1000 Data size: 87000 Basic stats: COMPLETE Column stats: COMPLETE
             Execution mode: vectorized, llap
-            LLAP IO: no inputs
+            LLAP IO: all inputs
         Map 4 
             Map Operator Tree:
                 TableScan
@@ -2006,7 +2006,7 @@ STAGE PLANS:
                             Map-reduce partition columns: _col0 (type: string)
                             Statistics: Num rows: 316 Data size: 27492 Basic stats: COMPLETE Column stats: COMPLETE
             Execution mode: vectorized, llap
-            LLAP IO: no inputs
+            LLAP IO: all inputs
         Map 5 
             Map Operator Tree:
                 TableScan
@@ -2049,7 +2049,7 @@ STAGE PLANS:
                             Map-reduce partition columns: _col0 (type: string)
                             Statistics: Num rows: 316 Data size: 27492 Basic stats: COMPLETE Column stats: COMPLETE
             Execution mode: vectorized, llap
-            LLAP IO: no inputs
+            LLAP IO: all inputs
         Map 6 
             Map Operator Tree:
                 TableScan
@@ -2079,7 +2079,7 @@ STAGE PLANS:
                           sort order: +
                           Statistics: Num rows: 1000 Data size: 87000 Basic stats: COMPLETE Column stats: COMPLETE
             Execution mode: vectorized, llap
-            LLAP IO: no inputs
+            LLAP IO: all inputs
         Map 7 
             Map Operator Tree:
                 TableScan
@@ -2100,7 +2100,7 @@ STAGE PLANS:
                         Map-reduce partition columns: _col0 (type: string)
                         Statistics: Num rows: 500 Data size: 43500 Basic stats: COMPLETE Column stats: COMPLETE
             Execution mode: vectorized, llap
-            LLAP IO: no inputs
+            LLAP IO: all inputs
         Reducer 3 
             Execution mode: vectorized, llap
             Reduce Operator Tree:
diff --git a/ql/src/test/results/clientpositive/llap/multi_count_distinct_null.q.out b/ql/src/test/results/clientpositive/llap/multi_count_distinct_null.q.out
index 6cc652a81e..3aad239350 100644
--- a/ql/src/test/results/clientpositive/llap/multi_count_distinct_null.q.out
+++ b/ql/src/test/results/clientpositive/llap/multi_count_distinct_null.q.out
@@ -64,7 +64,7 @@ STAGE PLANS:
                         Map-reduce partition columns: _col0 (type: int), _col1 (type: varchar(10)), _col2 (type: int), _col3 (type: bigint)
                         Statistics: Num rows: 18 Data size: 1628 Basic stats: COMPLETE Column stats: COMPLETE
             Execution mode: vectorized, llap
-            LLAP IO: no inputs
+            LLAP IO: all inputs
         Reducer 2 
             Execution mode: vectorized, llap
             Reduce Operator Tree:
@@ -213,7 +213,7 @@ STAGE PLANS:
                         Map-reduce partition columns: _col0 (type: varchar(10)), _col1 (type: int), _col2 (type: int), _col3 (type: bigint)
                         Statistics: Num rows: 30 Data size: 2654 Basic stats: COMPLETE Column stats: COMPLETE
             Execution mode: vectorized, llap
-            LLAP IO: no inputs
+            LLAP IO: all inputs
         Reducer 2 
             Execution mode: vectorized, llap
             Reduce Operator Tree:
diff --git a/ql/src/test/results/clientpositive/llap/multi_insert.q.out b/ql/src/test/results/clientpositive/llap/multi_insert.q.out
index e924def356..7227e0e198 100644
--- a/ql/src/test/results/clientpositive/llap/multi_insert.q.out
+++ b/ql/src/test/results/clientpositive/llap/multi_insert.q.out
@@ -113,7 +113,7 @@ STAGE PLANS:
                             Statistics: Num rows: 1 Data size: 472 Basic stats: COMPLETE Column stats: COMPLETE
                             value expressions: _col0 (type: int), _col1 (type: struct<count:bigint,sum:double,input:int>), _col2 (type: bigint), _col3 (type: bigint), _col4 (type: binary), _col5 (type: int), _col6 (type: struct<count:bigint,sum:double,input:int>), _col7 (type: bigint), _col8 (type: binary)
             Execution mode: llap
-            LLAP IO: no inputs
+            LLAP IO: all inputs
         Reducer 2 
             Execution mode: llap
             Reduce Operator Tree:
@@ -344,7 +344,7 @@ STAGE PLANS:
                             Statistics: Num rows: 1 Data size: 472 Basic stats: COMPLETE Column stats: COMPLETE
                             value expressions: _col0 (type: int), _col1 (type: struct<count:bigint,sum:double,input:int>), _col2 (type: bigint), _col3 (type: bigint), _col4 (type: binary), _col5 (type: int), _col6 (type: struct<count:bigint,sum:double,input:int>), _col7 (type: bigint), _col8 (type: binary)
             Execution mode: llap
-            LLAP IO: no inputs
+            LLAP IO: all inputs
         Reducer 2 
             Execution mode: llap
             Reduce Operator Tree:
@@ -575,7 +575,7 @@ STAGE PLANS:
                             Statistics: Num rows: 1 Data size: 472 Basic stats: COMPLETE Column stats: COMPLETE
                             value expressions: _col0 (type: int), _col1 (type: struct<count:bigint,sum:double,input:int>), _col2 (type: bigint), _col3 (type: bigint), _col4 (type: binary), _col5 (type: int), _col6 (type: struct<count:bigint,sum:double,input:int>), _col7 (type: bigint), _col8 (type: binary)
             Execution mode: llap
-            LLAP IO: no inputs
+            LLAP IO: all inputs
         Reducer 2 
             Execution mode: llap
             Reduce Operator Tree:
@@ -806,7 +806,7 @@ STAGE PLANS:
                             Statistics: Num rows: 1 Data size: 472 Basic stats: COMPLETE Column stats: COMPLETE
                             value expressions: _col0 (type: int), _col1 (type: struct<count:bigint,sum:double,input:int>), _col2 (type: bigint), _col3 (type: bigint), _col4 (type: binary), _col5 (type: int), _col6 (type: struct<count:bigint,sum:double,input:int>), _col7 (type: bigint), _col8 (type: binary)
             Execution mode: llap
-            LLAP IO: no inputs
+            LLAP IO: all inputs
         Reducer 2 
             Execution mode: llap
             Reduce Operator Tree:
@@ -988,7 +988,7 @@ STAGE PLANS:
                       Map-reduce partition columns: key (type: string), value (type: string)
                       Statistics: Num rows: 221 Data size: 39338 Basic stats: COMPLETE Column stats: COMPLETE
             Execution mode: vectorized, llap
-            LLAP IO: no inputs
+            LLAP IO: all inputs
         Reducer 2 
             Execution mode: llap
             Reduce Operator Tree:
@@ -1230,7 +1230,7 @@ STAGE PLANS:
                       Map-reduce partition columns: key (type: string), value (type: string)
                       Statistics: Num rows: 221 Data size: 39338 Basic stats: COMPLETE Column stats: COMPLETE
             Execution mode: vectorized, llap
-            LLAP IO: no inputs
+            LLAP IO: all inputs
         Reducer 2 
             Execution mode: llap
             Reduce Operator Tree:
@@ -1472,7 +1472,7 @@ STAGE PLANS:
                       Map-reduce partition columns: key (type: string), value (type: string)
                       Statistics: Num rows: 221 Data size: 39338 Basic stats: COMPLETE Column stats: COMPLETE
             Execution mode: vectorized, llap
-            LLAP IO: no inputs
+            LLAP IO: all inputs
         Reducer 2 
             Execution mode: llap
             Reduce Operator Tree:
@@ -1714,7 +1714,7 @@ STAGE PLANS:
                       Map-reduce partition columns: key (type: string), value (type: string)
                       Statistics: Num rows: 221 Data size: 39338 Basic stats: COMPLETE Column stats: COMPLETE
             Execution mode: vectorized, llap
-            LLAP IO: no inputs
+            LLAP IO: all inputs
         Reducer 2 
             Execution mode: llap
             Reduce Operator Tree:
@@ -2003,7 +2003,7 @@ STAGE PLANS:
                             Statistics: Num rows: 1 Data size: 472 Basic stats: COMPLETE Column stats: COMPLETE
                             value expressions: _col0 (type: int), _col1 (type: struct<count:bigint,sum:double,input:int>), _col2 (type: bigint), _col3 (type: bigint), _col4 (type: binary), _col5 (type: int), _col6 (type: struct<count:bigint,sum:double,input:int>), _col7 (type: bigint), _col8 (type: binary)
             Execution mode: llap
-            LLAP IO: no inputs
+            LLAP IO: all inputs
         Map 5 
             Map Operator Tree:
                 TableScan
@@ -2066,7 +2066,7 @@ STAGE PLANS:
                             Statistics: Num rows: 1 Data size: 472 Basic stats: COMPLETE Column stats: COMPLETE
                             value expressions: _col0 (type: int), _col1 (type: struct<count:bigint,sum:double,input:int>), _col2 (type: bigint), _col3 (type: bigint), _col4 (type: binary), _col5 (type: int), _col6 (type: struct<count:bigint,sum:double,input:int>), _col7 (type: bigint), _col8 (type: binary)
             Execution mode: llap
-            LLAP IO: no inputs
+            LLAP IO: all inputs
         Reducer 3 
             Execution mode: llap
             Reduce Operator Tree:
@@ -2316,7 +2316,7 @@ STAGE PLANS:
                             Statistics: Num rows: 1 Data size: 472 Basic stats: COMPLETE Column stats: COMPLETE
                             value expressions: _col0 (type: int), _col1 (type: struct<count:bigint,sum:double,input:int>), _col2 (type: bigint), _col3 (type: bigint), _col4 (type: binary), _col5 (type: int), _col6 (type: struct<count:bigint,sum:double,input:int>), _col7 (type: bigint), _col8 (type: binary)
             Execution mode: llap
-            LLAP IO: no inputs
+            LLAP IO: all inputs
         Map 5 
             Map Operator Tree:
                 TableScan
@@ -2379,7 +2379,7 @@ STAGE PLANS:
                             Statistics: Num rows: 1 Data size: 472 Basic stats: COMPLETE Column stats: COMPLETE
                             value expressions: _col0 (type: int), _col1 (type: struct<count:bigint,sum:double,input:int>), _col2 (type: bigint), _col3 (type: bigint), _col4 (type: binary), _col5 (type: int), _col6 (type: struct<count:bigint,sum:double,input:int>), _col7 (type: bigint), _col8 (type: binary)
             Execution mode: llap
-            LLAP IO: no inputs
+            LLAP IO: all inputs
         Reducer 3 
             Execution mode: llap
             Reduce Operator Tree:
@@ -2629,7 +2629,7 @@ STAGE PLANS:
                             Statistics: Num rows: 1 Data size: 472 Basic stats: COMPLETE Column stats: COMPLETE
                             value expressions: _col0 (type: int), _col1 (type: struct<count:bigint,sum:double,input:int>), _col2 (type: bigint), _col3 (type: bigint), _col4 (type: binary), _col5 (type: int), _col6 (type: struct<count:bigint,sum:double,input:int>), _col7 (type: bigint), _col8 (type: binary)
             Execution mode: llap
-            LLAP IO: no inputs
+            LLAP IO: all inputs
         Map 5 
             Map Operator Tree:
                 TableScan
@@ -2692,7 +2692,7 @@ STAGE PLANS:
                             Statistics: Num rows: 1 Data size: 472 Basic stats: COMPLETE Column stats: COMPLETE
                             value expressions: _col0 (type: int), _col1 (type: struct<count:bigint,sum:double,input:int>), _col2 (type: bigint), _col3 (type: bigint), _col4 (type: binary), _col5 (type: int), _col6 (type: struct<count:bigint,sum:double,input:int>), _col7 (type: bigint), _col8 (type: binary)
             Execution mode: llap
-            LLAP IO: no inputs
+            LLAP IO: all inputs
         Reducer 3 
             Execution mode: llap
             Reduce Operator Tree:
@@ -2942,7 +2942,7 @@ STAGE PLANS:
                             Statistics: Num rows: 1 Data size: 472 Basic stats: COMPLETE Column stats: COMPLETE
                             value expressions: _col0 (type: int), _col1 (type: struct<count:bigint,sum:double,input:int>), _col2 (type: bigint), _col3 (type: bigint), _col4 (type: binary), _col5 (type: int), _col6 (type: struct<count:bigint,sum:double,input:int>), _col7 (type: bigint), _col8 (type: binary)
             Execution mode: llap
-            LLAP IO: no inputs
+            LLAP IO: all inputs
         Map 5 
             Map Operator Tree:
                 TableScan
@@ -3005,7 +3005,7 @@ STAGE PLANS:
                             Statistics: Num rows: 1 Data size: 472 Basic stats: COMPLETE Column stats: COMPLETE
                             value expressions: _col0 (type: int), _col1 (type: struct<count:bigint,sum:double,input:int>), _col2 (type: bigint), _col3 (type: bigint), _col4 (type: binary), _col5 (type: int), _col6 (type: struct<count:bigint,sum:double,input:int>), _col7 (type: bigint), _col8 (type: binary)
             Execution mode: llap
-            LLAP IO: no inputs
+            LLAP IO: all inputs
         Reducer 3 
             Execution mode: llap
             Reduce Operator Tree:
@@ -3231,7 +3231,7 @@ STAGE PLANS:
                             output format: org.apache.hadoop.hive.ql.io.HiveIgnoreKeyTextOutputFormat
                             serde: org.apache.hadoop.hive.serde2.lazy.LazySimpleSerDe
             Execution mode: vectorized, llap
-            LLAP IO: no inputs
+            LLAP IO: all inputs
 
   Stage: Stage-4
     Dependency Collection
@@ -3338,7 +3338,7 @@ STAGE PLANS:
                             output format: org.apache.hadoop.hive.ql.io.HiveIgnoreKeyTextOutputFormat
                             serde: org.apache.hadoop.hive.serde2.lazy.LazySimpleSerDe
             Execution mode: vectorized, llap
-            LLAP IO: no inputs
+            LLAP IO: all inputs
 
   Stage: Stage-4
     Dependency Collection
@@ -3445,7 +3445,7 @@ STAGE PLANS:
                             output format: org.apache.hadoop.hive.ql.io.HiveIgnoreKeyTextOutputFormat
                             serde: org.apache.hadoop.hive.serde2.lazy.LazySimpleSerDe
             Execution mode: vectorized, llap
-            LLAP IO: no inputs
+            LLAP IO: all inputs
 
   Stage: Stage-4
     Dependency Collection
@@ -3552,7 +3552,7 @@ STAGE PLANS:
                             output format: org.apache.hadoop.hive.ql.io.HiveIgnoreKeyTextOutputFormat
                             serde: org.apache.hadoop.hive.serde2.lazy.LazySimpleSerDe
             Execution mode: vectorized, llap
-            LLAP IO: no inputs
+            LLAP IO: all inputs
 
   Stage: Stage-4
     Dependency Collection
diff --git a/ql/src/test/results/clientpositive/llap/multi_insert_distinct.q.out b/ql/src/test/results/clientpositive/llap/multi_insert_distinct.q.out
index 4d22b33bb5..d7808a49c7 100644
--- a/ql/src/test/results/clientpositive/llap/multi_insert_distinct.q.out
+++ b/ql/src/test/results/clientpositive/llap/multi_insert_distinct.q.out
@@ -126,7 +126,7 @@ STAGE PLANS:
                         Map-reduce partition columns: _col0 (type: string), _col1 (type: string)
                         Statistics: Num rows: 1 Data size: 267 Basic stats: COMPLETE Column stats: COMPLETE
             Execution mode: vectorized, llap
-            LLAP IO: no inputs
+            LLAP IO: all inputs
         Reducer 2 
             Execution mode: llap
             Reduce Operator Tree:
@@ -306,7 +306,7 @@ STAGE PLANS:
                         Statistics: Num rows: 1 Data size: 180 Basic stats: COMPLETE Column stats: COMPLETE
                         value expressions: _col2 (type: bigint)
             Execution mode: vectorized, llap
-            LLAP IO: no inputs
+            LLAP IO: all inputs
         Reducer 2 
             Execution mode: llap
             Reduce Operator Tree:
@@ -478,7 +478,7 @@ STAGE PLANS:
                         Map-reduce partition columns: _col0 (type: string), _col1 (type: string), _col2 (type: string)
                         Statistics: Num rows: 1 Data size: 259 Basic stats: COMPLETE Column stats: COMPLETE
             Execution mode: vectorized, llap
-            LLAP IO: no inputs
+            LLAP IO: all inputs
         Reducer 2 
             Execution mode: llap
             Reduce Operator Tree:
diff --git a/ql/src/test/results/clientpositive/llap/multi_insert_gby.q.out b/ql/src/test/results/clientpositive/llap/multi_insert_gby.q.out
index 8e9ccffc51..d6b0f5c8be 100644
--- a/ql/src/test/results/clientpositive/llap/multi_insert_gby.q.out
+++ b/ql/src/test/results/clientpositive/llap/multi_insert_gby.q.out
@@ -66,7 +66,7 @@ STAGE PLANS:
                       Map-reduce partition columns: key (type: string)
                       Statistics: Num rows: 332 Data size: 28884 Basic stats: COMPLETE Column stats: COMPLETE
             Execution mode: vectorized, llap
-            LLAP IO: no inputs
+            LLAP IO: all inputs
         Reducer 2 
             Execution mode: llap
             Reduce Operator Tree:
@@ -349,7 +349,7 @@ STAGE PLANS:
                       Map-reduce partition columns: key (type: string)
                       Statistics: Num rows: 500 Data size: 43500 Basic stats: COMPLETE Column stats: COMPLETE
             Execution mode: vectorized, llap
-            LLAP IO: no inputs
+            LLAP IO: all inputs
         Reducer 2 
             Execution mode: llap
             Reduce Operator Tree:
diff --git a/ql/src/test/results/clientpositive/llap/multi_insert_gby2.q.out b/ql/src/test/results/clientpositive/llap/multi_insert_gby2.q.out
index 34da2a9a8b..b1c0b9bfe8 100644
--- a/ql/src/test/results/clientpositive/llap/multi_insert_gby2.q.out
+++ b/ql/src/test/results/clientpositive/llap/multi_insert_gby2.q.out
@@ -65,7 +65,7 @@ STAGE PLANS:
                       Statistics: Num rows: 500 Data size: 43500 Basic stats: COMPLETE Column stats: COMPLETE
                       value expressions: _col1 (type: double)
             Execution mode: vectorized, llap
-            LLAP IO: no inputs
+            LLAP IO: all inputs
         Reducer 2 
             Execution mode: llap
             Reduce Operator Tree:
diff --git a/ql/src/test/results/clientpositive/llap/multi_insert_gby3.q.out b/ql/src/test/results/clientpositive/llap/multi_insert_gby3.q.out
index 647e7c75d5..add7eab17d 100644
--- a/ql/src/test/results/clientpositive/llap/multi_insert_gby3.q.out
+++ b/ql/src/test/results/clientpositive/llap/multi_insert_gby3.q.out
@@ -102,7 +102,7 @@ STAGE PLANS:
                         Statistics: Num rows: 250 Data size: 46500 Basic stats: COMPLETE Column stats: COMPLETE
                         value expressions: _col2 (type: double)
             Execution mode: vectorized, llap
-            LLAP IO: no inputs
+            LLAP IO: all inputs
         Reducer 2 
             Execution mode: llap
             Reduce Operator Tree:
@@ -333,7 +333,7 @@ STAGE PLANS:
                           Map-reduce partition columns: _col0 (type: string)
                           Statistics: Num rows: 250 Data size: 46500 Basic stats: COMPLETE Column stats: COMPLETE
             Execution mode: vectorized, llap
-            LLAP IO: no inputs
+            LLAP IO: all inputs
         Reducer 2 
             Execution mode: llap
             Reduce Operator Tree:
@@ -1877,7 +1877,7 @@ STAGE PLANS:
                         Map-reduce partition columns: _col0 (type: string)
                         Statistics: Num rows: 250 Data size: 46500 Basic stats: COMPLETE Column stats: COMPLETE
             Execution mode: vectorized, llap
-            LLAP IO: no inputs
+            LLAP IO: all inputs
         Reducer 2 
             Execution mode: llap
             Reduce Operator Tree:
@@ -2131,7 +2131,7 @@ STAGE PLANS:
                         Map-reduce partition columns: _col0 (type: string), _col1 (type: double), _col2 (type: string)
                         Statistics: Num rows: 500 Data size: 97000 Basic stats: COMPLETE Column stats: COMPLETE
             Execution mode: vectorized, llap
-            LLAP IO: no inputs
+            LLAP IO: all inputs
         Reducer 2 
             Execution mode: llap
             Reduce Operator Tree:
diff --git a/ql/src/test/results/clientpositive/llap/multi_insert_gby4.q.out b/ql/src/test/results/clientpositive/llap/multi_insert_gby4.q.out
index 62489c6685..7fda9239ea 100644
--- a/ql/src/test/results/clientpositive/llap/multi_insert_gby4.q.out
+++ b/ql/src/test/results/clientpositive/llap/multi_insert_gby4.q.out
@@ -88,7 +88,7 @@ STAGE PLANS:
                         Map-reduce partition columns: _col0 (type: string)
                         Statistics: Num rows: 498 Data size: 43326 Basic stats: COMPLETE Column stats: COMPLETE
             Execution mode: vectorized, llap
-            LLAP IO: no inputs
+            LLAP IO: all inputs
         Reducer 2 
             Execution mode: llap
             Reduce Operator Tree:
diff --git a/ql/src/test/results/clientpositive/llap/multi_insert_lateral_view.q.out b/ql/src/test/results/clientpositive/llap/multi_insert_lateral_view.q.out
index 9d8c9eb93d..e5259f606d 100644
--- a/ql/src/test/results/clientpositive/llap/multi_insert_lateral_view.q.out
+++ b/ql/src/test/results/clientpositive/llap/multi_insert_lateral_view.q.out
@@ -219,7 +219,7 @@ STAGE PLANS:
                                   Statistics: Num rows: 1 Data size: 472 Basic stats: COMPLETE Column stats: COMPLETE
                                   value expressions: _col0 (type: int), _col1 (type: struct<count:bigint,sum:double,input:int>), _col2 (type: bigint), _col3 (type: bigint), _col4 (type: binary), _col5 (type: int), _col6 (type: struct<count:bigint,sum:double,input:int>), _col7 (type: bigint), _col8 (type: binary)
             Execution mode: llap
-            LLAP IO: no inputs
+            LLAP IO: all inputs
         Reducer 2 
             Execution mode: llap
             Reduce Operator Tree:
@@ -507,7 +507,7 @@ STAGE PLANS:
                               Statistics: Num rows: 10 Data size: 950 Basic stats: COMPLETE Column stats: COMPLETE
                               value expressions: _col1 (type: double)
             Execution mode: llap
-            LLAP IO: no inputs
+            LLAP IO: all inputs
         Reducer 2 
             Execution mode: llap
             Reduce Operator Tree:
@@ -817,7 +817,7 @@ STAGE PLANS:
                       Statistics: Num rows: 6 Data size: 1068 Basic stats: COMPLETE Column stats: COMPLETE
                       value expressions: value (type: string)
             Execution mode: llap
-            LLAP IO: no inputs
+            LLAP IO: all inputs
         Reducer 2 
             Execution mode: llap
             Reduce Operator Tree:
@@ -1270,7 +1270,7 @@ STAGE PLANS:
                         Map-reduce partition columns: _col0 (type: string)
                         Statistics: Num rows: 5 Data size: 930 Basic stats: COMPLETE Column stats: COMPLETE
             Execution mode: llap
-            LLAP IO: no inputs
+            LLAP IO: all inputs
         Reducer 2 
             Execution mode: llap
             Reduce Operator Tree:
@@ -1755,7 +1755,7 @@ STAGE PLANS:
                       Map-reduce partition columns: value (type: string)
                       Statistics: Num rows: 6 Data size: 1068 Basic stats: COMPLETE Column stats: COMPLETE
             Execution mode: llap
-            LLAP IO: no inputs
+            LLAP IO: all inputs
         Reducer 2 
             Execution mode: llap
             Reduce Operator Tree:
diff --git a/ql/src/test/results/clientpositive/llap/multi_insert_mixed.q.out b/ql/src/test/results/clientpositive/llap/multi_insert_mixed.q.out
index 5ebff7e0fb..6cb4eb4e9b 100644
--- a/ql/src/test/results/clientpositive/llap/multi_insert_mixed.q.out
+++ b/ql/src/test/results/clientpositive/llap/multi_insert_mixed.q.out
@@ -136,7 +136,7 @@ STAGE PLANS:
                             Statistics: Num rows: 1 Data size: 472 Basic stats: COMPLETE Column stats: COMPLETE
                             value expressions: _col0 (type: int), _col1 (type: struct<count:bigint,sum:double,input:int>), _col2 (type: bigint), _col3 (type: bigint), _col4 (type: binary), _col5 (type: int), _col6 (type: struct<count:bigint,sum:double,input:int>), _col7 (type: bigint), _col8 (type: binary)
             Execution mode: llap
-            LLAP IO: no inputs
+            LLAP IO: all inputs
         Reducer 2 
             Execution mode: vectorized, llap
             Reduce Operator Tree:
diff --git a/ql/src/test/results/clientpositive/llap/multi_insert_move_tasks_share_dependencies.q.out b/ql/src/test/results/clientpositive/llap/multi_insert_move_tasks_share_dependencies.q.out
index e806b510ac..a86bf79720 100644
--- a/ql/src/test/results/clientpositive/llap/multi_insert_move_tasks_share_dependencies.q.out
+++ b/ql/src/test/results/clientpositive/llap/multi_insert_move_tasks_share_dependencies.q.out
@@ -113,7 +113,7 @@ STAGE PLANS:
                             Statistics: Num rows: 1 Data size: 472 Basic stats: COMPLETE Column stats: COMPLETE
                             value expressions: _col0 (type: int), _col1 (type: struct<count:bigint,sum:double,input:int>), _col2 (type: bigint), _col3 (type: bigint), _col4 (type: binary), _col5 (type: int), _col6 (type: struct<count:bigint,sum:double,input:int>), _col7 (type: bigint), _col8 (type: binary)
             Execution mode: llap
-            LLAP IO: no inputs
+            LLAP IO: all inputs
         Reducer 2 
             Execution mode: llap
             Reduce Operator Tree:
@@ -344,7 +344,7 @@ STAGE PLANS:
                             Statistics: Num rows: 1 Data size: 472 Basic stats: COMPLETE Column stats: COMPLETE
                             value expressions: _col0 (type: int), _col1 (type: struct<count:bigint,sum:double,input:int>), _col2 (type: bigint), _col3 (type: bigint), _col4 (type: binary), _col5 (type: int), _col6 (type: struct<count:bigint,sum:double,input:int>), _col7 (type: bigint), _col8 (type: binary)
             Execution mode: llap
-            LLAP IO: no inputs
+            LLAP IO: all inputs
         Reducer 2 
             Execution mode: llap
             Reduce Operator Tree:
@@ -575,7 +575,7 @@ STAGE PLANS:
                             Statistics: Num rows: 1 Data size: 472 Basic stats: COMPLETE Column stats: COMPLETE
                             value expressions: _col0 (type: int), _col1 (type: struct<count:bigint,sum:double,input:int>), _col2 (type: bigint), _col3 (type: bigint), _col4 (type: binary), _col5 (type: int), _col6 (type: struct<count:bigint,sum:double,input:int>), _col7 (type: bigint), _col8 (type: binary)
             Execution mode: llap
-            LLAP IO: no inputs
+            LLAP IO: all inputs
         Reducer 2 
             Execution mode: llap
             Reduce Operator Tree:
@@ -806,7 +806,7 @@ STAGE PLANS:
                             Statistics: Num rows: 1 Data size: 472 Basic stats: COMPLETE Column stats: COMPLETE
                             value expressions: _col0 (type: int), _col1 (type: struct<count:bigint,sum:double,input:int>), _col2 (type: bigint), _col3 (type: bigint), _col4 (type: binary), _col5 (type: int), _col6 (type: struct<count:bigint,sum:double,input:int>), _col7 (type: bigint), _col8 (type: binary)
             Execution mode: llap
-            LLAP IO: no inputs
+            LLAP IO: all inputs
         Reducer 2 
             Execution mode: llap
             Reduce Operator Tree:
@@ -988,7 +988,7 @@ STAGE PLANS:
                       Map-reduce partition columns: key (type: string), value (type: string)
                       Statistics: Num rows: 221 Data size: 39338 Basic stats: COMPLETE Column stats: COMPLETE
             Execution mode: vectorized, llap
-            LLAP IO: no inputs
+            LLAP IO: all inputs
         Reducer 2 
             Execution mode: llap
             Reduce Operator Tree:
@@ -1230,7 +1230,7 @@ STAGE PLANS:
                       Map-reduce partition columns: key (type: string), value (type: string)
                       Statistics: Num rows: 221 Data size: 39338 Basic stats: COMPLETE Column stats: COMPLETE
             Execution mode: vectorized, llap
-            LLAP IO: no inputs
+            LLAP IO: all inputs
         Reducer 2 
             Execution mode: llap
             Reduce Operator Tree:
@@ -1472,7 +1472,7 @@ STAGE PLANS:
                       Map-reduce partition columns: key (type: string), value (type: string)
                       Statistics: Num rows: 221 Data size: 39338 Basic stats: COMPLETE Column stats: COMPLETE
             Execution mode: vectorized, llap
-            LLAP IO: no inputs
+            LLAP IO: all inputs
         Reducer 2 
             Execution mode: llap
             Reduce Operator Tree:
@@ -1714,7 +1714,7 @@ STAGE PLANS:
                       Map-reduce partition columns: key (type: string), value (type: string)
                       Statistics: Num rows: 221 Data size: 39338 Basic stats: COMPLETE Column stats: COMPLETE
             Execution mode: vectorized, llap
-            LLAP IO: no inputs
+            LLAP IO: all inputs
         Reducer 2 
             Execution mode: llap
             Reduce Operator Tree:
@@ -2003,7 +2003,7 @@ STAGE PLANS:
                             Statistics: Num rows: 1 Data size: 472 Basic stats: COMPLETE Column stats: COMPLETE
                             value expressions: _col0 (type: int), _col1 (type: struct<count:bigint,sum:double,input:int>), _col2 (type: bigint), _col3 (type: bigint), _col4 (type: binary), _col5 (type: int), _col6 (type: struct<count:bigint,sum:double,input:int>), _col7 (type: bigint), _col8 (type: binary)
             Execution mode: llap
-            LLAP IO: no inputs
+            LLAP IO: all inputs
         Map 5 
             Map Operator Tree:
                 TableScan
@@ -2066,7 +2066,7 @@ STAGE PLANS:
                             Statistics: Num rows: 1 Data size: 472 Basic stats: COMPLETE Column stats: COMPLETE
                             value expressions: _col0 (type: int), _col1 (type: struct<count:bigint,sum:double,input:int>), _col2 (type: bigint), _col3 (type: bigint), _col4 (type: binary), _col5 (type: int), _col6 (type: struct<count:bigint,sum:double,input:int>), _col7 (type: bigint), _col8 (type: binary)
             Execution mode: llap
-            LLAP IO: no inputs
+            LLAP IO: all inputs
         Reducer 3 
             Execution mode: llap
             Reduce Operator Tree:
@@ -2316,7 +2316,7 @@ STAGE PLANS:
                             Statistics: Num rows: 1 Data size: 472 Basic stats: COMPLETE Column stats: COMPLETE
                             value expressions: _col0 (type: int), _col1 (type: struct<count:bigint,sum:double,input:int>), _col2 (type: bigint), _col3 (type: bigint), _col4 (type: binary), _col5 (type: int), _col6 (type: struct<count:bigint,sum:double,input:int>), _col7 (type: bigint), _col8 (type: binary)
             Execution mode: llap
-            LLAP IO: no inputs
+            LLAP IO: all inputs
         Map 5 
             Map Operator Tree:
                 TableScan
@@ -2379,7 +2379,7 @@ STAGE PLANS:
                             Statistics: Num rows: 1 Data size: 472 Basic stats: COMPLETE Column stats: COMPLETE
                             value expressions: _col0 (type: int), _col1 (type: struct<count:bigint,sum:double,input:int>), _col2 (type: bigint), _col3 (type: bigint), _col4 (type: binary), _col5 (type: int), _col6 (type: struct<count:bigint,sum:double,input:int>), _col7 (type: bigint), _col8 (type: binary)
             Execution mode: llap
-            LLAP IO: no inputs
+            LLAP IO: all inputs
         Reducer 3 
             Execution mode: llap
             Reduce Operator Tree:
@@ -2629,7 +2629,7 @@ STAGE PLANS:
                             Statistics: Num rows: 1 Data size: 472 Basic stats: COMPLETE Column stats: COMPLETE
                             value expressions: _col0 (type: int), _col1 (type: struct<count:bigint,sum:double,input:int>), _col2 (type: bigint), _col3 (type: bigint), _col4 (type: binary), _col5 (type: int), _col6 (type: struct<count:bigint,sum:double,input:int>), _col7 (type: bigint), _col8 (type: binary)
             Execution mode: llap
-            LLAP IO: no inputs
+            LLAP IO: all inputs
         Map 5 
             Map Operator Tree:
                 TableScan
@@ -2692,7 +2692,7 @@ STAGE PLANS:
                             Statistics: Num rows: 1 Data size: 472 Basic stats: COMPLETE Column stats: COMPLETE
                             value expressions: _col0 (type: int), _col1 (type: struct<count:bigint,sum:double,input:int>), _col2 (type: bigint), _col3 (type: bigint), _col4 (type: binary), _col5 (type: int), _col6 (type: struct<count:bigint,sum:double,input:int>), _col7 (type: bigint), _col8 (type: binary)
             Execution mode: llap
-            LLAP IO: no inputs
+            LLAP IO: all inputs
         Reducer 3 
             Execution mode: llap
             Reduce Operator Tree:
@@ -2942,7 +2942,7 @@ STAGE PLANS:
                             Statistics: Num rows: 1 Data size: 472 Basic stats: COMPLETE Column stats: COMPLETE
                             value expressions: _col0 (type: int), _col1 (type: struct<count:bigint,sum:double,input:int>), _col2 (type: bigint), _col3 (type: bigint), _col4 (type: binary), _col5 (type: int), _col6 (type: struct<count:bigint,sum:double,input:int>), _col7 (type: bigint), _col8 (type: binary)
             Execution mode: llap
-            LLAP IO: no inputs
+            LLAP IO: all inputs
         Map 5 
             Map Operator Tree:
                 TableScan
@@ -3005,7 +3005,7 @@ STAGE PLANS:
                             Statistics: Num rows: 1 Data size: 472 Basic stats: COMPLETE Column stats: COMPLETE
                             value expressions: _col0 (type: int), _col1 (type: struct<count:bigint,sum:double,input:int>), _col2 (type: bigint), _col3 (type: bigint), _col4 (type: binary), _col5 (type: int), _col6 (type: struct<count:bigint,sum:double,input:int>), _col7 (type: bigint), _col8 (type: binary)
             Execution mode: llap
-            LLAP IO: no inputs
+            LLAP IO: all inputs
         Reducer 3 
             Execution mode: llap
             Reduce Operator Tree:
@@ -3231,7 +3231,7 @@ STAGE PLANS:
                             output format: org.apache.hadoop.hive.ql.io.HiveIgnoreKeyTextOutputFormat
                             serde: org.apache.hadoop.hive.serde2.lazy.LazySimpleSerDe
             Execution mode: vectorized, llap
-            LLAP IO: no inputs
+            LLAP IO: all inputs
 
   Stage: Stage-4
     Dependency Collection
@@ -3338,7 +3338,7 @@ STAGE PLANS:
                             output format: org.apache.hadoop.hive.ql.io.HiveIgnoreKeyTextOutputFormat
                             serde: org.apache.hadoop.hive.serde2.lazy.LazySimpleSerDe
             Execution mode: vectorized, llap
-            LLAP IO: no inputs
+            LLAP IO: all inputs
 
   Stage: Stage-4
     Dependency Collection
@@ -3445,7 +3445,7 @@ STAGE PLANS:
                             output format: org.apache.hadoop.hive.ql.io.HiveIgnoreKeyTextOutputFormat
                             serde: org.apache.hadoop.hive.serde2.lazy.LazySimpleSerDe
             Execution mode: vectorized, llap
-            LLAP IO: no inputs
+            LLAP IO: all inputs
 
   Stage: Stage-4
     Dependency Collection
@@ -3552,7 +3552,7 @@ STAGE PLANS:
                             output format: org.apache.hadoop.hive.ql.io.HiveIgnoreKeyTextOutputFormat
                             serde: org.apache.hadoop.hive.serde2.lazy.LazySimpleSerDe
             Execution mode: vectorized, llap
-            LLAP IO: no inputs
+            LLAP IO: all inputs
 
   Stage: Stage-4
     Dependency Collection
@@ -3630,7 +3630,7 @@ STAGE PLANS:
                       Map-reduce partition columns: key (type: string)
                       Statistics: Num rows: 221 Data size: 39338 Basic stats: COMPLETE Column stats: COMPLETE
             Execution mode: vectorized, llap
-            LLAP IO: no inputs
+            LLAP IO: all inputs
         Reducer 2 
             Execution mode: llap
             Reduce Operator Tree:
@@ -3754,7 +3754,7 @@ STAGE PLANS:
                       Map-reduce partition columns: key (type: string)
                       Statistics: Num rows: 221 Data size: 39338 Basic stats: COMPLETE Column stats: COMPLETE
             Execution mode: vectorized, llap
-            LLAP IO: no inputs
+            LLAP IO: all inputs
         Reducer 2 
             Execution mode: llap
             Reduce Operator Tree:
@@ -3878,7 +3878,7 @@ STAGE PLANS:
                       Map-reduce partition columns: key (type: string)
                       Statistics: Num rows: 221 Data size: 39338 Basic stats: COMPLETE Column stats: COMPLETE
             Execution mode: vectorized, llap
-            LLAP IO: no inputs
+            LLAP IO: all inputs
         Reducer 2 
             Execution mode: llap
             Reduce Operator Tree:
@@ -4002,7 +4002,7 @@ STAGE PLANS:
                       Map-reduce partition columns: key (type: string)
                       Statistics: Num rows: 221 Data size: 39338 Basic stats: COMPLETE Column stats: COMPLETE
             Execution mode: vectorized, llap
-            LLAP IO: no inputs
+            LLAP IO: all inputs
         Reducer 2 
             Execution mode: llap
             Reduce Operator Tree:
@@ -4199,7 +4199,7 @@ STAGE PLANS:
                       Map-reduce partition columns: key (type: string)
                       Statistics: Num rows: 221 Data size: 39338 Basic stats: COMPLETE Column stats: COMPLETE
             Execution mode: llap
-            LLAP IO: no inputs
+            LLAP IO: all inputs
         Reducer 2 
             Execution mode: llap
             Reduce Operator Tree:
@@ -4517,7 +4517,7 @@ STAGE PLANS:
                       Map-reduce partition columns: key (type: string)
                       Statistics: Num rows: 221 Data size: 39338 Basic stats: COMPLETE Column stats: COMPLETE
             Execution mode: llap
-            LLAP IO: no inputs
+            LLAP IO: all inputs
         Reducer 2 
             Execution mode: llap
             Reduce Operator Tree:
@@ -4835,7 +4835,7 @@ STAGE PLANS:
                       Map-reduce partition columns: key (type: string)
                       Statistics: Num rows: 221 Data size: 39338 Basic stats: COMPLETE Column stats: COMPLETE
             Execution mode: llap
-            LLAP IO: no inputs
+            LLAP IO: all inputs
         Reducer 2 
             Execution mode: llap
             Reduce Operator Tree:
@@ -5153,7 +5153,7 @@ STAGE PLANS:
                       Map-reduce partition columns: key (type: string)
                       Statistics: Num rows: 221 Data size: 39338 Basic stats: COMPLETE Column stats: COMPLETE
             Execution mode: llap
-            LLAP IO: no inputs
+            LLAP IO: all inputs
         Reducer 2 
             Execution mode: llap
             Reduce Operator Tree:
diff --git a/ql/src/test/results/clientpositive/llap/multi_insert_union_src.q.out b/ql/src/test/results/clientpositive/llap/multi_insert_union_src.q.out
index 2a933f772d..3c17bee2bf 100644
--- a/ql/src/test/results/clientpositive/llap/multi_insert_union_src.q.out
+++ b/ql/src/test/results/clientpositive/llap/multi_insert_union_src.q.out
@@ -107,7 +107,7 @@ STAGE PLANS:
                           Statistics: Num rows: 58 Data size: 10324 Basic stats: COMPLETE Column stats: COMPLETE
                           value expressions: _col0 (type: string)
             Execution mode: vectorized, llap
-            LLAP IO: no inputs
+            LLAP IO: all inputs
         Map 5 
             Map Operator Tree:
                 TableScan
@@ -140,7 +140,7 @@ STAGE PLANS:
                           Statistics: Num rows: 58 Data size: 10324 Basic stats: COMPLETE Column stats: COMPLETE
                           value expressions: _col0 (type: string)
             Execution mode: vectorized, llap
-            LLAP IO: no inputs
+            LLAP IO: all inputs
         Reducer 3 
             Execution mode: llap
             Reduce Operator Tree:
diff --git a/ql/src/test/results/clientpositive/llap/multi_insert_with_join2.q.out b/ql/src/test/results/clientpositive/llap/multi_insert_with_join2.q.out
index 4051c6da86..3dfbb78111 100644
--- a/ql/src/test/results/clientpositive/llap/multi_insert_with_join2.q.out
+++ b/ql/src/test/results/clientpositive/llap/multi_insert_with_join2.q.out
@@ -107,7 +107,7 @@ STAGE PLANS:
                         Statistics: Num rows: 1 Data size: 91 Basic stats: COMPLETE Column stats: COMPLETE
                         value expressions: _col0 (type: string)
             Execution mode: vectorized, llap
-            LLAP IO: no inputs
+            LLAP IO: all inputs
         Map 4 
             Map Operator Tree:
                 TableScan
@@ -124,7 +124,7 @@ STAGE PLANS:
                         sort order: 
                         Statistics: Num rows: 1 Data size: 4 Basic stats: COMPLETE Column stats: COMPLETE
             Execution mode: vectorized, llap
-            LLAP IO: no inputs
+            LLAP IO: all inputs
         Reducer 2 
             Execution mode: llap
             Reduce Operator Tree:
@@ -257,7 +257,7 @@ STAGE PLANS:
                         Statistics: Num rows: 1 Data size: 91 Basic stats: COMPLETE Column stats: COMPLETE
                         value expressions: _col0 (type: string)
             Execution mode: vectorized, llap
-            LLAP IO: no inputs
+            LLAP IO: all inputs
         Map 4 
             Map Operator Tree:
                 TableScan
@@ -274,7 +274,7 @@ STAGE PLANS:
                         sort order: 
                         Statistics: Num rows: 1 Data size: 4 Basic stats: COMPLETE Column stats: COMPLETE
             Execution mode: vectorized, llap
-            LLAP IO: no inputs
+            LLAP IO: all inputs
         Reducer 2 
             Execution mode: llap
             Reduce Operator Tree:
@@ -411,7 +411,7 @@ STAGE PLANS:
                     Statistics: Num rows: 3 Data size: 537 Basic stats: COMPLETE Column stats: COMPLETE
                     value expressions: val (type: string)
             Execution mode: vectorized, llap
-            LLAP IO: no inputs
+            LLAP IO: all inputs
         Map 5 
             Map Operator Tree:
                 TableScan
@@ -425,7 +425,7 @@ STAGE PLANS:
                     Statistics: Num rows: 2 Data size: 358 Basic stats: COMPLETE Column stats: COMPLETE
                     value expressions: val (type: string)
             Execution mode: vectorized, llap
-            LLAP IO: no inputs
+            LLAP IO: all inputs
         Reducer 2 
             Execution mode: llap
             Reduce Operator Tree:
@@ -632,7 +632,7 @@ STAGE PLANS:
                     Statistics: Num rows: 3 Data size: 537 Basic stats: COMPLETE Column stats: COMPLETE
                     value expressions: val (type: string)
             Execution mode: vectorized, llap
-            LLAP IO: no inputs
+            LLAP IO: all inputs
         Map 5 
             Map Operator Tree:
                 TableScan
@@ -646,7 +646,7 @@ STAGE PLANS:
                     Statistics: Num rows: 2 Data size: 358 Basic stats: COMPLETE Column stats: COMPLETE
                     value expressions: val (type: string)
             Execution mode: vectorized, llap
-            LLAP IO: no inputs
+            LLAP IO: all inputs
         Reducer 2 
             Execution mode: llap
             Reduce Operator Tree:
@@ -857,7 +857,7 @@ STAGE PLANS:
                       Statistics: Num rows: 3 Data size: 537 Basic stats: COMPLETE Column stats: COMPLETE
                       value expressions: val (type: string)
             Execution mode: vectorized, llap
-            LLAP IO: no inputs
+            LLAP IO: all inputs
         Map 5 
             Map Operator Tree:
                 TableScan
@@ -875,7 +875,7 @@ STAGE PLANS:
                       Statistics: Num rows: 2 Data size: 358 Basic stats: COMPLETE Column stats: COMPLETE
                       value expressions: val (type: string)
             Execution mode: vectorized, llap
-            LLAP IO: no inputs
+            LLAP IO: all inputs
         Reducer 2 
             Execution mode: llap
             Reduce Operator Tree:
@@ -1086,7 +1086,7 @@ STAGE PLANS:
                       Statistics: Num rows: 3 Data size: 537 Basic stats: COMPLETE Column stats: COMPLETE
                       value expressions: val (type: string)
             Execution mode: vectorized, llap
-            LLAP IO: no inputs
+            LLAP IO: all inputs
         Map 5 
             Map Operator Tree:
                 TableScan
@@ -1104,7 +1104,7 @@ STAGE PLANS:
                       Statistics: Num rows: 2 Data size: 358 Basic stats: COMPLETE Column stats: COMPLETE
                       value expressions: val (type: string)
             Execution mode: vectorized, llap
-            LLAP IO: no inputs
+            LLAP IO: all inputs
         Reducer 2 
             Execution mode: llap
             Reduce Operator Tree:
@@ -1319,7 +1319,7 @@ STAGE PLANS:
                         Statistics: Num rows: 3 Data size: 537 Basic stats: COMPLETE Column stats: COMPLETE
                         value expressions: _col1 (type: string)
             Execution mode: vectorized, llap
-            LLAP IO: no inputs
+            LLAP IO: all inputs
         Map 5 
             Map Operator Tree:
                 TableScan
@@ -1341,7 +1341,7 @@ STAGE PLANS:
                         Statistics: Num rows: 2 Data size: 358 Basic stats: COMPLETE Column stats: COMPLETE
                         value expressions: _col1 (type: string)
             Execution mode: vectorized, llap
-            LLAP IO: no inputs
+            LLAP IO: all inputs
         Reducer 2 
             Execution mode: llap
             Reduce Operator Tree:
@@ -1560,7 +1560,7 @@ STAGE PLANS:
                         Statistics: Num rows: 3 Data size: 537 Basic stats: COMPLETE Column stats: COMPLETE
                         value expressions: _col1 (type: string)
             Execution mode: vectorized, llap
-            LLAP IO: no inputs
+            LLAP IO: all inputs
         Map 5 
             Map Operator Tree:
                 TableScan
@@ -1582,7 +1582,7 @@ STAGE PLANS:
                         Statistics: Num rows: 2 Data size: 358 Basic stats: COMPLETE Column stats: COMPLETE
                         value expressions: _col1 (type: string)
             Execution mode: vectorized, llap
-            LLAP IO: no inputs
+            LLAP IO: all inputs
         Reducer 2 
             Execution mode: llap
             Reduce Operator Tree:
diff --git a/ql/src/test/results/clientpositive/llap/multi_join_union.q.out b/ql/src/test/results/clientpositive/llap/multi_join_union.q.out
index f59af26fd7..d67b4f7a98 100644
--- a/ql/src/test/results/clientpositive/llap/multi_join_union.q.out
+++ b/ql/src/test/results/clientpositive/llap/multi_join_union.q.out
@@ -118,7 +118,7 @@ STAGE PLANS:
                           Statistics: Num rows: 791 Data size: 281596 Basic stats: COMPLETE Column stats: COMPLETE
                           value expressions: _col0 (type: string), _col1 (type: string), _col2 (type: string)
             Execution mode: vectorized, llap
-            LLAP IO: no inputs
+            LLAP IO: all inputs
         Map 2 
             Map Operator Tree:
                 TableScan
@@ -140,7 +140,7 @@ STAGE PLANS:
                         Statistics: Num rows: 500 Data size: 89000 Basic stats: COMPLETE Column stats: COMPLETE
                         value expressions: _col1 (type: string)
             Execution mode: vectorized, llap
-            LLAP IO: no inputs
+            LLAP IO: all inputs
         Map 3 
             Map Operator Tree:
                 TableScan
@@ -172,7 +172,7 @@ STAGE PLANS:
                               output format: org.apache.hadoop.hive.ql.io.HiveSequenceFileOutputFormat
                               serde: org.apache.hadoop.hive.serde2.lazy.LazySimpleSerDe
             Execution mode: vectorized, llap
-            LLAP IO: no inputs
+            LLAP IO: all inputs
         Map 5 
             Map Operator Tree:
                 TableScan
@@ -204,7 +204,7 @@ STAGE PLANS:
                               output format: org.apache.hadoop.hive.ql.io.HiveSequenceFileOutputFormat
                               serde: org.apache.hadoop.hive.serde2.lazy.LazySimpleSerDe
             Execution mode: vectorized, llap
-            LLAP IO: no inputs
+            LLAP IO: all inputs
         Union 4 
             Vertex: Union 4
 
diff --git a/ql/src/test/results/clientpositive/llap/multigroupby_singlemr.q.out b/ql/src/test/results/clientpositive/llap/multigroupby_singlemr.q.out
index 5a5cbe02db..bfc764faeb 100644
--- a/ql/src/test/results/clientpositive/llap/multigroupby_singlemr.q.out
+++ b/ql/src/test/results/clientpositive/llap/multigroupby_singlemr.q.out
@@ -115,7 +115,7 @@ STAGE PLANS:
                         Statistics: Num rows: 1 Data size: 12 Basic stats: COMPLETE Column stats: NONE
                         value expressions: _col2 (type: bigint)
             Execution mode: vectorized, llap
-            LLAP IO: no inputs
+            LLAP IO: all inputs
         Reducer 2 
             Execution mode: llap
             Reduce Operator Tree:
@@ -343,7 +343,7 @@ STAGE PLANS:
                         Statistics: Num rows: 1 Data size: 12 Basic stats: COMPLETE Column stats: NONE
                         value expressions: _col2 (type: bigint)
             Execution mode: vectorized, llap
-            LLAP IO: no inputs
+            LLAP IO: all inputs
         Reducer 2 
             Execution mode: llap
             Reduce Operator Tree:
@@ -571,7 +571,7 @@ STAGE PLANS:
                         Statistics: Num rows: 1 Data size: 16 Basic stats: COMPLETE Column stats: NONE
                         value expressions: _col2 (type: bigint)
             Execution mode: vectorized, llap
-            LLAP IO: no inputs
+            LLAP IO: all inputs
         Reducer 2 
             Execution mode: llap
             Reduce Operator Tree:
@@ -773,7 +773,7 @@ STAGE PLANS:
                       Statistics: Num rows: 1 Data size: 16 Basic stats: COMPLETE Column stats: NONE
                       value expressions: c4 (type: int)
             Execution mode: vectorized, llap
-            LLAP IO: no inputs
+            LLAP IO: all inputs
         Reducer 2 
             Execution mode: llap
             Reduce Operator Tree:
@@ -1026,7 +1026,7 @@ STAGE PLANS:
                         Statistics: Num rows: 1 Data size: 16 Basic stats: COMPLETE Column stats: NONE
                         value expressions: _col1 (type: bigint)
             Execution mode: vectorized, llap
-            LLAP IO: no inputs
+            LLAP IO: all inputs
         Reducer 2 
             Execution mode: llap
             Reduce Operator Tree:
diff --git a/ql/src/test/results/clientpositive/llap/murmur_hash_migration.q.out b/ql/src/test/results/clientpositive/llap/murmur_hash_migration.q.out
index e45db2c556..30830f723b 100644
--- a/ql/src/test/results/clientpositive/llap/murmur_hash_migration.q.out
+++ b/ql/src/test/results/clientpositive/llap/murmur_hash_migration.q.out
@@ -196,7 +196,7 @@ STAGE PLANS:
                       value expressions: _col1 (type: string)
                       auto parallelism: false
             Execution mode: vectorized, llap
-            LLAP IO: no inputs
+            LLAP IO: all inputs
             Path -> Alias:
 #### A masked pattern was here ####
             Path -> Partition:
@@ -391,7 +391,7 @@ STAGE PLANS:
                       value expressions: _col1 (type: string)
                       auto parallelism: false
             Execution mode: vectorized, llap
-            LLAP IO: no inputs
+            LLAP IO: all inputs
             Path -> Alias:
 #### A masked pattern was here ####
             Path -> Partition:
@@ -630,7 +630,7 @@ STAGE PLANS:
                           tag: -1
                           auto parallelism: false
             Execution mode: vectorized, llap
-            LLAP IO: no inputs
+            LLAP IO: all inputs
             Path -> Alias:
 #### A masked pattern was here ####
             Path -> Partition:
@@ -703,7 +703,7 @@ STAGE PLANS:
                         value expressions: _col1 (type: string)
                         auto parallelism: false
             Execution mode: vectorized, llap
-            LLAP IO: no inputs
+            LLAP IO: all inputs
             Path -> Alias:
 #### A masked pattern was here ####
             Path -> Partition:
@@ -905,7 +905,7 @@ STAGE PLANS:
                           tag: -1
                           auto parallelism: false
             Execution mode: vectorized, llap
-            LLAP IO: no inputs
+            LLAP IO: all inputs
             Path -> Alias:
 #### A masked pattern was here ####
             Path -> Partition:
@@ -978,7 +978,7 @@ STAGE PLANS:
                         value expressions: _col1 (type: string)
                         auto parallelism: false
             Execution mode: vectorized, llap
-            LLAP IO: no inputs
+            LLAP IO: all inputs
             Path -> Alias:
 #### A masked pattern was here ####
             Path -> Partition:
diff --git a/ql/src/test/results/clientpositive/llap/named_column_join.q.out b/ql/src/test/results/clientpositive/llap/named_column_join.q.out
index 23075f0df1..b3fb8e9aef 100644
--- a/ql/src/test/results/clientpositive/llap/named_column_join.q.out
+++ b/ql/src/test/results/clientpositive/llap/named_column_join.q.out
@@ -57,7 +57,7 @@ STAGE PLANS:
                         Statistics: Num rows: 6 Data size: 40 Basic stats: COMPLETE Column stats: COMPLETE
                         value expressions: _col1 (type: int)
             Execution mode: vectorized, llap
-            LLAP IO: no inputs
+            LLAP IO: all inputs
         Map 3 
             Map Operator Tree:
                 TableScan
@@ -79,7 +79,7 @@ STAGE PLANS:
                         Statistics: Num rows: 6 Data size: 40 Basic stats: COMPLETE Column stats: COMPLETE
                         value expressions: _col1 (type: int)
             Execution mode: vectorized, llap
-            LLAP IO: no inputs
+            LLAP IO: all inputs
         Reducer 2 
             Execution mode: llap
             Reduce Operator Tree:
diff --git a/ql/src/test/results/clientpositive/llap/no_hooks.q.out b/ql/src/test/results/clientpositive/llap/no_hooks.q.out
index b1ad498800..908368f9fd 100644
--- a/ql/src/test/results/clientpositive/llap/no_hooks.q.out
+++ b/ql/src/test/results/clientpositive/llap/no_hooks.q.out
@@ -36,7 +36,7 @@ STAGE PLANS:
                         Statistics: Num rows: 166 Data size: 29548 Basic stats: COMPLETE Column stats: COMPLETE
                         value expressions: _col0 (type: string), _col1 (type: string)
             Execution mode: vectorized, llap
-            LLAP IO: no inputs
+            LLAP IO: all inputs
         Map 4 
             Map Operator Tree:
                 TableScan
@@ -56,7 +56,7 @@ STAGE PLANS:
                         Statistics: Num rows: 166 Data size: 29548 Basic stats: COMPLETE Column stats: COMPLETE
                         value expressions: _col0 (type: string), _col1 (type: string)
             Execution mode: vectorized, llap
-            LLAP IO: no inputs
+            LLAP IO: all inputs
         Reducer 2 
             Execution mode: llap
             Reduce Operator Tree:
diff --git a/ql/src/test/results/clientpositive/llap/nonblock_op_deduplicate.q.out b/ql/src/test/results/clientpositive/llap/nonblock_op_deduplicate.q.out
index 4c2614d993..28f8ce5e08 100644
--- a/ql/src/test/results/clientpositive/llap/nonblock_op_deduplicate.q.out
+++ b/ql/src/test/results/clientpositive/llap/nonblock_op_deduplicate.q.out
@@ -87,7 +87,7 @@ STAGE PLANS:
                         Statistics: Num rows: 1 Data size: 8 Basic stats: COMPLETE Column stats: COMPLETE
                         value expressions: _col0 (type: bigint)
             Execution mode: vectorized, llap
-            LLAP IO: no inputs
+            LLAP IO: all inputs
         Reducer 2 
             Execution mode: llap
             Reduce Operator Tree:
@@ -239,7 +239,7 @@ STAGE PLANS:
                             output format: org.apache.hadoop.hive.ql.io.HiveSequenceFileOutputFormat
                             serde: org.apache.hadoop.hive.serde2.lazy.LazySimpleSerDe
             Execution mode: vectorized, llap
-            LLAP IO: no inputs
+            LLAP IO: all inputs
         Map 2 
             Map Operator Tree:
                 TableScan
@@ -259,7 +259,7 @@ STAGE PLANS:
                         Statistics: Num rows: 1 Data size: 8 Basic stats: COMPLETE Column stats: COMPLETE
                         value expressions: _col0 (type: bigint)
             Execution mode: vectorized, llap
-            LLAP IO: no inputs
+            LLAP IO: all inputs
         Reducer 3 
             Execution mode: vectorized, llap
             Reduce Operator Tree:
diff --git a/ql/src/test/results/clientpositive/llap/nonreserved_keywords_insert_into1.q.out b/ql/src/test/results/clientpositive/llap/nonreserved_keywords_insert_into1.q.out
index 4cc19aaa44..616773281f 100644
--- a/ql/src/test/results/clientpositive/llap/nonreserved_keywords_insert_into1.q.out
+++ b/ql/src/test/results/clientpositive/llap/nonreserved_keywords_insert_into1.q.out
@@ -52,7 +52,7 @@ STAGE PLANS:
                         TopN Hash Memory Usage: 0.1
                         value expressions: _col0 (type: string), _col1 (type: string)
             Execution mode: vectorized, llap
-            LLAP IO: no inputs
+            LLAP IO: all inputs
         Reducer 2 
             Execution mode: llap
             Reduce Operator Tree:
@@ -196,7 +196,7 @@ STAGE PLANS:
                         TopN Hash Memory Usage: 0.1
                         value expressions: _col0 (type: string), _col1 (type: string)
             Execution mode: vectorized, llap
-            LLAP IO: no inputs
+            LLAP IO: all inputs
         Reducer 2 
             Execution mode: llap
             Reduce Operator Tree:
@@ -349,7 +349,7 @@ STAGE PLANS:
                         TopN Hash Memory Usage: 0.1
                         value expressions: _col0 (type: string), _col1 (type: string)
             Execution mode: vectorized, llap
-            LLAP IO: no inputs
+            LLAP IO: all inputs
         Reducer 2 
             Execution mode: llap
             Reduce Operator Tree:
diff --git a/ql/src/test/results/clientpositive/llap/notable_alias1.q.out b/ql/src/test/results/clientpositive/llap/notable_alias1.q.out
index 67469639a9..7a976578d8 100644
--- a/ql/src/test/results/clientpositive/llap/notable_alias1.q.out
+++ b/ql/src/test/results/clientpositive/llap/notable_alias1.q.out
@@ -57,7 +57,7 @@ STAGE PLANS:
                         Statistics: Num rows: 83 Data size: 7885 Basic stats: COMPLETE Column stats: COMPLETE
                         value expressions: _col1 (type: bigint)
             Execution mode: vectorized, llap
-            LLAP IO: no inputs
+            LLAP IO: all inputs
         Reducer 2 
             Execution mode: llap
             Reduce Operator Tree:
diff --git a/ql/src/test/results/clientpositive/llap/notable_alias2.q.out b/ql/src/test/results/clientpositive/llap/notable_alias2.q.out
index 94265151b9..ba97e6eefe 100644
--- a/ql/src/test/results/clientpositive/llap/notable_alias2.q.out
+++ b/ql/src/test/results/clientpositive/llap/notable_alias2.q.out
@@ -57,7 +57,7 @@ STAGE PLANS:
                         Statistics: Num rows: 83 Data size: 7885 Basic stats: COMPLETE Column stats: COMPLETE
                         value expressions: _col1 (type: bigint)
             Execution mode: vectorized, llap
-            LLAP IO: no inputs
+            LLAP IO: all inputs
         Reducer 2 
             Execution mode: llap
             Reduce Operator Tree:
diff --git a/ql/src/test/results/clientpositive/llap/nullformatCTAS.q.out b/ql/src/test/results/clientpositive/llap/nullformatCTAS.q.out
index 568acebe5b..286a386063 100644
--- a/ql/src/test/results/clientpositive/llap/nullformatCTAS.q.out
+++ b/ql/src/test/results/clientpositive/llap/nullformatCTAS.q.out
@@ -94,7 +94,7 @@ STAGE PLANS:
                           Statistics: Num rows: 1 Data size: 840 Basic stats: COMPLETE Column stats: NONE
                           value expressions: _col0 (type: int), _col1 (type: struct<count:bigint,sum:double,input:int>), _col2 (type: bigint), _col3 (type: bigint), _col4 (type: binary), _col5 (type: int), _col6 (type: struct<count:bigint,sum:double,input:int>), _col7 (type: bigint), _col8 (type: binary)
             Execution mode: llap
-            LLAP IO: no inputs
+            LLAP IO: all inputs
         Reducer 2 
             Execution mode: llap
             Reduce Operator Tree:
diff --git a/ql/src/test/results/clientpositive/llap/nullgroup.q.out b/ql/src/test/results/clientpositive/llap/nullgroup.q.out
index 9cf2a30aa5..dd86b004cb 100644
--- a/ql/src/test/results/clientpositive/llap/nullgroup.q.out
+++ b/ql/src/test/results/clientpositive/llap/nullgroup.q.out
@@ -43,7 +43,7 @@ STAGE PLANS:
                           Statistics: Num rows: 1 Data size: 8 Basic stats: COMPLETE Column stats: COMPLETE
                           value expressions: _col0 (type: bigint)
             Execution mode: llap
-            LLAP IO: no inputs
+            LLAP IO: all inputs
         Reducer 2 
             Execution mode: llap
             Reduce Operator Tree:
@@ -120,7 +120,7 @@ STAGE PLANS:
                           Statistics: Num rows: 1 Data size: 8 Basic stats: COMPLETE Column stats: COMPLETE
                           value expressions: _col0 (type: bigint)
             Execution mode: llap
-            LLAP IO: no inputs
+            LLAP IO: all inputs
         Reducer 2 
             Execution mode: llap
             Reduce Operator Tree:
@@ -192,7 +192,7 @@ STAGE PLANS:
                         Map-reduce partition columns: rand() (type: double)
                         Statistics: Num rows: 166 Data size: 14442 Basic stats: COMPLETE Column stats: COMPLETE
             Execution mode: llap
-            LLAP IO: no inputs
+            LLAP IO: all inputs
         Reducer 2 
             Execution mode: llap
             Reduce Operator Tree:
@@ -275,7 +275,7 @@ STAGE PLANS:
                         sort order: 
                         Statistics: Num rows: 166 Data size: 14442 Basic stats: COMPLETE Column stats: COMPLETE
             Execution mode: llap
-            LLAP IO: no inputs
+            LLAP IO: all inputs
         Reducer 2 
             Execution mode: llap
             Reduce Operator Tree:
diff --git a/ql/src/test/results/clientpositive/llap/nullgroup2.q.out b/ql/src/test/results/clientpositive/llap/nullgroup2.q.out
index 6f21c5821a..533d4d1988 100644
--- a/ql/src/test/results/clientpositive/llap/nullgroup2.q.out
+++ b/ql/src/test/results/clientpositive/llap/nullgroup2.q.out
@@ -45,7 +45,7 @@ STAGE PLANS:
                         Statistics: Num rows: 83 Data size: 7885 Basic stats: COMPLETE Column stats: COMPLETE
                         value expressions: _col1 (type: bigint)
             Execution mode: vectorized, llap
-            LLAP IO: no inputs
+            LLAP IO: all inputs
         Reducer 2 
             Execution mode: vectorized, llap
             Reduce Operator Tree:
@@ -139,7 +139,7 @@ STAGE PLANS:
                         Statistics: Num rows: 83 Data size: 7885 Basic stats: COMPLETE Column stats: COMPLETE
                         value expressions: _col1 (type: bigint)
             Execution mode: vectorized, llap
-            LLAP IO: no inputs
+            LLAP IO: all inputs
         Reducer 2 
             Execution mode: vectorized, llap
             Reduce Operator Tree:
@@ -210,7 +210,7 @@ STAGE PLANS:
                       Map-reduce partition columns: rand() (type: double)
                       Statistics: Num rows: 166 Data size: 14442 Basic stats: COMPLETE Column stats: COMPLETE
             Execution mode: vectorized, llap
-            LLAP IO: no inputs
+            LLAP IO: all inputs
         Reducer 2 
             Execution mode: vectorized, llap
             Reduce Operator Tree:
@@ -296,7 +296,7 @@ STAGE PLANS:
                       Map-reduce partition columns: key (type: string)
                       Statistics: Num rows: 166 Data size: 14442 Basic stats: COMPLETE Column stats: COMPLETE
             Execution mode: vectorized, llap
-            LLAP IO: no inputs
+            LLAP IO: all inputs
         Reducer 2 
             Execution mode: vectorized, llap
             Reduce Operator Tree:
diff --git a/ql/src/test/results/clientpositive/llap/nullgroup3.q.out b/ql/src/test/results/clientpositive/llap/nullgroup3.q.out
index bacaa6c287..f337cb2aed 100644
--- a/ql/src/test/results/clientpositive/llap/nullgroup3.q.out
+++ b/ql/src/test/results/clientpositive/llap/nullgroup3.q.out
@@ -69,7 +69,7 @@ STAGE PLANS:
                         Statistics: Num rows: 1 Data size: 8 Basic stats: PARTIAL Column stats: COMPLETE
                         value expressions: _col0 (type: bigint)
             Execution mode: vectorized, llap
-            LLAP IO: no inputs
+            LLAP IO: all inputs
         Reducer 2 
             Execution mode: vectorized, llap
             Reduce Operator Tree:
@@ -176,7 +176,7 @@ STAGE PLANS:
                         Statistics: Num rows: 1 Data size: 8 Basic stats: PARTIAL Column stats: COMPLETE
                         value expressions: _col0 (type: bigint)
             Execution mode: vectorized, llap
-            LLAP IO: no inputs
+            LLAP IO: all inputs
         Reducer 2 
             Execution mode: vectorized, llap
             Reduce Operator Tree:
@@ -291,7 +291,7 @@ STAGE PLANS:
                         Statistics: Num rows: 1 Data size: 8 Basic stats: PARTIAL Column stats: COMPLETE
                         value expressions: _col0 (type: bigint)
             Execution mode: vectorized, llap
-            LLAP IO: no inputs
+            LLAP IO: all inputs
         Reducer 2 
             Execution mode: vectorized, llap
             Reduce Operator Tree:
@@ -406,7 +406,7 @@ STAGE PLANS:
                         Statistics: Num rows: 1 Data size: 8 Basic stats: PARTIAL Column stats: COMPLETE
                         value expressions: _col0 (type: bigint)
             Execution mode: vectorized, llap
-            LLAP IO: no inputs
+            LLAP IO: all inputs
         Reducer 2 
             Execution mode: vectorized, llap
             Reduce Operator Tree:
diff --git a/ql/src/test/results/clientpositive/llap/nullgroup4.q.out b/ql/src/test/results/clientpositive/llap/nullgroup4.q.out
index 5fd9e0ebdc..d2350653bd 100644
--- a/ql/src/test/results/clientpositive/llap/nullgroup4.q.out
+++ b/ql/src/test/results/clientpositive/llap/nullgroup4.q.out
@@ -49,7 +49,7 @@ STAGE PLANS:
                           Statistics: Num rows: 125 Data size: 13375 Basic stats: COMPLETE Column stats: COMPLETE
                           value expressions: _col1 (type: bigint)
             Execution mode: vectorized, llap
-            LLAP IO: no inputs
+            LLAP IO: all inputs
         Reducer 2 
             Execution mode: llap
             Reduce Operator Tree:
@@ -145,7 +145,7 @@ STAGE PLANS:
                           Statistics: Num rows: 125 Data size: 12375 Basic stats: COMPLETE Column stats: COMPLETE
                           value expressions: _col1 (type: bigint)
             Execution mode: vectorized, llap
-            LLAP IO: no inputs
+            LLAP IO: all inputs
         Reducer 2 
             Execution mode: vectorized, llap
             Reduce Operator Tree:
@@ -239,7 +239,7 @@ STAGE PLANS:
                         Map-reduce partition columns: value (type: string)
                         Statistics: Num rows: 250 Data size: 44500 Basic stats: COMPLETE Column stats: COMPLETE
             Execution mode: vectorized, llap
-            LLAP IO: no inputs
+            LLAP IO: all inputs
         Reducer 2 
             Execution mode: llap
             Reduce Operator Tree:
@@ -325,7 +325,7 @@ STAGE PLANS:
                         sort order: +
                         Statistics: Num rows: 250 Data size: 44500 Basic stats: COMPLETE Column stats: COMPLETE
             Execution mode: vectorized, llap
-            LLAP IO: no inputs
+            LLAP IO: all inputs
         Reducer 2 
             Execution mode: llap
             Reduce Operator Tree:
diff --git a/ql/src/test/results/clientpositive/llap/nullgroup4_multi_distinct.q.out b/ql/src/test/results/clientpositive/llap/nullgroup4_multi_distinct.q.out
index ef63c5f885..837e86db52 100644
--- a/ql/src/test/results/clientpositive/llap/nullgroup4_multi_distinct.q.out
+++ b/ql/src/test/results/clientpositive/llap/nullgroup4_multi_distinct.q.out
@@ -47,7 +47,7 @@ STAGE PLANS:
                           Statistics: Num rows: 125 Data size: 25125 Basic stats: COMPLETE Column stats: COMPLETE
                           value expressions: _col2 (type: bigint)
             Execution mode: vectorized, llap
-            LLAP IO: no inputs
+            LLAP IO: all inputs
         Reducer 2 
             Execution mode: llap
             Reduce Operator Tree:
@@ -120,7 +120,7 @@ STAGE PLANS:
                         sort order: ++
                         Statistics: Num rows: 250 Data size: 44500 Basic stats: COMPLETE Column stats: COMPLETE
             Execution mode: vectorized, llap
-            LLAP IO: no inputs
+            LLAP IO: all inputs
         Reducer 2 
             Execution mode: llap
             Reduce Operator Tree:
diff --git a/ql/src/test/results/clientpositive/llap/nullgroup5.q.out b/ql/src/test/results/clientpositive/llap/nullgroup5.q.out
index 0c3d506767..85e922624a 100644
--- a/ql/src/test/results/clientpositive/llap/nullgroup5.q.out
+++ b/ql/src/test/results/clientpositive/llap/nullgroup5.q.out
@@ -109,7 +109,7 @@ STAGE PLANS:
                           output format: org.apache.hadoop.hive.ql.io.HiveSequenceFileOutputFormat
                           serde: org.apache.hadoop.hive.serde2.lazy.LazySimpleSerDe
             Execution mode: vectorized, llap
-            LLAP IO: no inputs
+            LLAP IO: all inputs
         Union 2 
             Vertex: Union 2
 
diff --git a/ql/src/test/results/clientpositive/llap/offset_limit.q.out b/ql/src/test/results/clientpositive/llap/offset_limit.q.out
index db69a7c750..1cf1e817da 100644
--- a/ql/src/test/results/clientpositive/llap/offset_limit.q.out
+++ b/ql/src/test/results/clientpositive/llap/offset_limit.q.out
@@ -51,7 +51,7 @@ STAGE PLANS:
                           Statistics: Num rows: 250 Data size: 23750 Basic stats: COMPLETE Column stats: COMPLETE
                           value expressions: _col1 (type: double)
             Execution mode: llap
-            LLAP IO: no inputs
+            LLAP IO: all inputs
         Reducer 2 
             Execution mode: llap
             Reduce Operator Tree:
diff --git a/ql/src/test/results/clientpositive/llap/offset_limit_global_optimizer.q.out b/ql/src/test/results/clientpositive/llap/offset_limit_global_optimizer.q.out
index 7e14fc7988..9fcdc79f23 100644
--- a/ql/src/test/results/clientpositive/llap/offset_limit_global_optimizer.q.out
+++ b/ql/src/test/results/clientpositive/llap/offset_limit_global_optimizer.q.out
@@ -55,7 +55,7 @@ STAGE PLANS:
                       TopN Hash Memory Usage: 0.1
                       auto parallelism: false
             Execution mode: vectorized, llap
-            LLAP IO: no inputs
+            LLAP IO: all inputs
             Path -> Alias:
 #### A masked pattern was here ####
             Path -> Partition:
@@ -338,7 +338,7 @@ STAGE PLANS:
                       TopN Hash Memory Usage: 0.1
                       auto parallelism: false
             Execution mode: vectorized, llap
-            LLAP IO: no inputs
+            LLAP IO: all inputs
             Path -> Alias:
 #### A masked pattern was here ####
             Path -> Partition:
@@ -621,7 +621,7 @@ STAGE PLANS:
                       TopN Hash Memory Usage: 0.1
                       auto parallelism: false
             Execution mode: vectorized, llap
-            LLAP IO: no inputs
+            LLAP IO: all inputs
             Path -> Alias:
 #### A masked pattern was here ####
             Path -> Partition:
@@ -914,7 +914,7 @@ STAGE PLANS:
                       TopN Hash Memory Usage: 0.1
                       auto parallelism: false
             Execution mode: vectorized, llap
-            LLAP IO: no inputs
+            LLAP IO: all inputs
             Path -> Alias:
 #### A masked pattern was here ####
             Path -> Partition:
@@ -1782,7 +1782,7 @@ STAGE PLANS:
                       TopN Hash Memory Usage: 0.1
                       auto parallelism: false
             Execution mode: vectorized, llap
-            LLAP IO: no inputs
+            LLAP IO: all inputs
             Path -> Alias:
 #### A masked pattern was here ####
             Path -> Partition:
@@ -2060,7 +2060,7 @@ STAGE PLANS:
                       TopN Hash Memory Usage: 0.1
                       auto parallelism: false
             Execution mode: vectorized, llap
-            LLAP IO: no inputs
+            LLAP IO: all inputs
             Path -> Alias:
 #### A masked pattern was here ####
             Path -> Partition:
@@ -2338,7 +2338,7 @@ STAGE PLANS:
                       TopN Hash Memory Usage: 0.1
                       auto parallelism: false
             Execution mode: vectorized, llap
-            LLAP IO: no inputs
+            LLAP IO: all inputs
             Path -> Alias:
 #### A masked pattern was here ####
             Path -> Partition:
@@ -2626,7 +2626,7 @@ STAGE PLANS:
                       TopN Hash Memory Usage: 0.1
                       auto parallelism: false
             Execution mode: vectorized, llap
-            LLAP IO: no inputs
+            LLAP IO: all inputs
             Path -> Alias:
 #### A masked pattern was here ####
             Path -> Partition:
diff --git a/ql/src/test/results/clientpositive/llap/offset_limit_ppd_optimizer.q.out b/ql/src/test/results/clientpositive/llap/offset_limit_ppd_optimizer.q.out
index 7b938cb6c8..78a1fb8f95 100644
--- a/ql/src/test/results/clientpositive/llap/offset_limit_ppd_optimizer.q.out
+++ b/ql/src/test/results/clientpositive/llap/offset_limit_ppd_optimizer.q.out
@@ -42,7 +42,7 @@ STAGE PLANS:
                         Statistics: Num rows: 500 Data size: 89000 Basic stats: COMPLETE Column stats: COMPLETE
                         value expressions: _col1 (type: string)
             Execution mode: llap
-            LLAP IO: no inputs
+            LLAP IO: all inputs
         Reducer 2 
             Execution mode: llap
             Reduce Operator Tree:
@@ -140,7 +140,7 @@ STAGE PLANS:
                         Statistics: Num rows: 500 Data size: 89000 Basic stats: COMPLETE Column stats: COMPLETE
                         value expressions: _col1 (type: string)
             Execution mode: llap
-            LLAP IO: no inputs
+            LLAP IO: all inputs
         Reducer 2 
             Execution mode: llap
             Reduce Operator Tree:
@@ -246,7 +246,7 @@ STAGE PLANS:
                           Statistics: Num rows: 250 Data size: 24750 Basic stats: COMPLETE Column stats: COMPLETE
                           value expressions: _col1 (type: double)
             Execution mode: llap
-            LLAP IO: no inputs
+            LLAP IO: all inputs
         Reducer 2 
             Execution mode: llap
             Reduce Operator Tree:
@@ -357,7 +357,7 @@ STAGE PLANS:
                           Statistics: Num rows: 250 Data size: 26750 Basic stats: COMPLETE Column stats: COMPLETE
                           value expressions: _col1 (type: double), _col2 (type: bigint)
             Execution mode: llap
-            LLAP IO: no inputs
+            LLAP IO: all inputs
         Reducer 2 
             Execution mode: llap
             Reduce Operator Tree:
@@ -946,7 +946,7 @@ STAGE PLANS:
                         Statistics: Num rows: 250 Data size: 24750 Basic stats: COMPLETE Column stats: COMPLETE
                         value expressions: _col1 (type: double)
             Execution mode: llap
-            LLAP IO: no inputs
+            LLAP IO: all inputs
         Reducer 2 
             Execution mode: llap
             Reduce Operator Tree:
@@ -1065,7 +1065,7 @@ STAGE PLANS:
                         Statistics: Num rows: 500 Data size: 89000 Basic stats: COMPLETE Column stats: COMPLETE
                         value expressions: key (type: string)
             Execution mode: llap
-            LLAP IO: no inputs
+            LLAP IO: all inputs
         Reducer 2 
             Execution mode: llap
             Reduce Operator Tree:
@@ -1168,7 +1168,7 @@ STAGE PLANS:
                         Statistics: Num rows: 500 Data size: 407500 Basic stats: COMPLETE Column stats: COMPLETE
                         value expressions: _col1 (type: string)
             Execution mode: llap
-            LLAP IO: no inputs
+            LLAP IO: all inputs
         Reducer 2 
             Execution mode: llap
             Reduce Operator Tree:
@@ -1312,7 +1312,7 @@ STAGE PLANS:
                       Statistics: Num rows: 500 Data size: 89000 Basic stats: COMPLETE Column stats: COMPLETE
                       value expressions: _col1 (type: string)
             Execution mode: llap
-            LLAP IO: no inputs
+            LLAP IO: all inputs
         Reducer 2 
             Execution mode: llap
             Reduce Operator Tree:
@@ -1511,7 +1511,7 @@ STAGE PLANS:
                         Map-reduce partition columns: key (type: string)
                         Statistics: Num rows: 500 Data size: 43500 Basic stats: COMPLETE Column stats: COMPLETE
             Execution mode: llap
-            LLAP IO: no inputs
+            LLAP IO: all inputs
         Reducer 2 
             Execution mode: llap
             Reduce Operator Tree:
diff --git a/ql/src/test/results/clientpositive/llap/optimize_join_ptp.q.out b/ql/src/test/results/clientpositive/llap/optimize_join_ptp.q.out
index dd6f47b683..aa6b25e6b6 100644
--- a/ql/src/test/results/clientpositive/llap/optimize_join_ptp.q.out
+++ b/ql/src/test/results/clientpositive/llap/optimize_join_ptp.q.out
@@ -79,7 +79,7 @@ STAGE PLANS:
                         Statistics: Num rows: 1 Data size: 95 Basic stats: COMPLETE Column stats: COMPLETE
                         value expressions: _col0 (type: string), _col1 (type: int)
             Execution mode: vectorized, llap
-            LLAP IO: no inputs
+            LLAP IO: all inputs
         Map 3 
             Map Operator Tree:
                 TableScan
@@ -106,7 +106,7 @@ STAGE PLANS:
                           Map-reduce partition columns: _col0 (type: double)
                           Statistics: Num rows: 1 Data size: 8 Basic stats: COMPLETE Column stats: COMPLETE
             Execution mode: vectorized, llap
-            LLAP IO: no inputs
+            LLAP IO: all inputs
         Reducer 2 
             Execution mode: llap
             Reduce Operator Tree:
diff --git a/ql/src/test/results/clientpositive/llap/optimize_nullscan.q.out b/ql/src/test/results/clientpositive/llap/optimize_nullscan.q.out
index b1a46e995a..17a7572781 100644
--- a/ql/src/test/results/clientpositive/llap/optimize_nullscan.q.out
+++ b/ql/src/test/results/clientpositive/llap/optimize_nullscan.q.out
@@ -598,7 +598,7 @@ STAGE PLANS:
                         value expressions: _col0 (type: bigint)
                         auto parallelism: false
             Execution mode: vectorized, llap
-            LLAP IO: no inputs
+            LLAP IO: all inputs
             Path -> Alias:
 #### A masked pattern was here ####
             Path -> Partition:
@@ -1250,7 +1250,7 @@ STAGE PLANS:
                         GatherStats: false
                         MultiFileSpray: false
             Execution mode: vectorized, llap
-            LLAP IO: no inputs
+            LLAP IO: all inputs
             Path -> Alias:
 #### A masked pattern was here ####
             Path -> Partition:
diff --git a/ql/src/test/results/clientpositive/llap/optional_outer.q.out b/ql/src/test/results/clientpositive/llap/optional_outer.q.out
index 4908f76f32..16acd1daab 100644
--- a/ql/src/test/results/clientpositive/llap/optional_outer.q.out
+++ b/ql/src/test/results/clientpositive/llap/optional_outer.q.out
@@ -35,7 +35,7 @@ STAGE PLANS:
                       Statistics: Num rows: 500 Data size: 89000 Basic stats: COMPLETE Column stats: COMPLETE
                       value expressions: _col1 (type: string)
             Execution mode: vectorized, llap
-            LLAP IO: no inputs
+            LLAP IO: all inputs
         Map 3 
             Map Operator Tree:
                 TableScan
@@ -57,7 +57,7 @@ STAGE PLANS:
                         Statistics: Num rows: 500 Data size: 89000 Basic stats: COMPLETE Column stats: COMPLETE
                         value expressions: _col1 (type: string)
             Execution mode: vectorized, llap
-            LLAP IO: no inputs
+            LLAP IO: all inputs
         Reducer 2 
             Execution mode: llap
             Reduce Operator Tree:
@@ -120,7 +120,7 @@ STAGE PLANS:
                       Statistics: Num rows: 500 Data size: 89000 Basic stats: COMPLETE Column stats: COMPLETE
                       value expressions: _col1 (type: string)
             Execution mode: vectorized, llap
-            LLAP IO: no inputs
+            LLAP IO: all inputs
         Map 3 
             Map Operator Tree:
                 TableScan
@@ -142,7 +142,7 @@ STAGE PLANS:
                         Statistics: Num rows: 500 Data size: 89000 Basic stats: COMPLETE Column stats: COMPLETE
                         value expressions: _col1 (type: string)
             Execution mode: vectorized, llap
-            LLAP IO: no inputs
+            LLAP IO: all inputs
         Reducer 2 
             Execution mode: llap
             Reduce Operator Tree:
@@ -209,7 +209,7 @@ STAGE PLANS:
                         Statistics: Num rows: 500 Data size: 89000 Basic stats: COMPLETE Column stats: COMPLETE
                         value expressions: _col1 (type: string)
             Execution mode: vectorized, llap
-            LLAP IO: no inputs
+            LLAP IO: all inputs
         Map 3 
             Map Operator Tree:
                 TableScan
@@ -227,7 +227,7 @@ STAGE PLANS:
                       Statistics: Num rows: 500 Data size: 89000 Basic stats: COMPLETE Column stats: COMPLETE
                       value expressions: _col1 (type: string)
             Execution mode: vectorized, llap
-            LLAP IO: no inputs
+            LLAP IO: all inputs
         Reducer 2 
             Execution mode: llap
             Reduce Operator Tree:
@@ -294,7 +294,7 @@ STAGE PLANS:
                         Statistics: Num rows: 500 Data size: 89000 Basic stats: COMPLETE Column stats: COMPLETE
                         value expressions: _col1 (type: string)
             Execution mode: vectorized, llap
-            LLAP IO: no inputs
+            LLAP IO: all inputs
         Map 3 
             Map Operator Tree:
                 TableScan
@@ -312,7 +312,7 @@ STAGE PLANS:
                       Statistics: Num rows: 500 Data size: 89000 Basic stats: COMPLETE Column stats: COMPLETE
                       value expressions: _col1 (type: string)
             Execution mode: vectorized, llap
-            LLAP IO: no inputs
+            LLAP IO: all inputs
         Reducer 2 
             Execution mode: llap
             Reduce Operator Tree:
@@ -375,7 +375,7 @@ STAGE PLANS:
                       Statistics: Num rows: 500 Data size: 89000 Basic stats: COMPLETE Column stats: COMPLETE
                       value expressions: _col1 (type: string)
             Execution mode: vectorized, llap
-            LLAP IO: no inputs
+            LLAP IO: all inputs
         Map 3 
             Map Operator Tree:
                 TableScan
@@ -393,7 +393,7 @@ STAGE PLANS:
                       Statistics: Num rows: 500 Data size: 89000 Basic stats: COMPLETE Column stats: COMPLETE
                       value expressions: _col1 (type: string)
             Execution mode: vectorized, llap
-            LLAP IO: no inputs
+            LLAP IO: all inputs
         Reducer 2 
             Execution mode: llap
             Reduce Operator Tree:
@@ -456,7 +456,7 @@ STAGE PLANS:
                       Statistics: Num rows: 500 Data size: 89000 Basic stats: COMPLETE Column stats: COMPLETE
                       value expressions: _col1 (type: string)
             Execution mode: vectorized, llap
-            LLAP IO: no inputs
+            LLAP IO: all inputs
         Map 3 
             Map Operator Tree:
                 TableScan
@@ -474,7 +474,7 @@ STAGE PLANS:
                       Statistics: Num rows: 500 Data size: 89000 Basic stats: COMPLETE Column stats: COMPLETE
                       value expressions: _col1 (type: string)
             Execution mode: vectorized, llap
-            LLAP IO: no inputs
+            LLAP IO: all inputs
         Reducer 2 
             Execution mode: llap
             Reduce Operator Tree:
diff --git a/ql/src/test/results/clientpositive/llap/orc_createas1.q.out b/ql/src/test/results/clientpositive/llap/orc_createas1.q.out
index a6d95f6663..d0729c035f 100644
--- a/ql/src/test/results/clientpositive/llap/orc_createas1.q.out
+++ b/ql/src/test/results/clientpositive/llap/orc_createas1.q.out
@@ -106,7 +106,7 @@ STAGE PLANS:
                           Statistics: Num rows: 1 Data size: 472 Basic stats: COMPLETE Column stats: COMPLETE
                           value expressions: _col0 (type: int), _col1 (type: struct<count:bigint,sum:double,input:int>), _col2 (type: bigint), _col3 (type: bigint), _col4 (type: binary), _col5 (type: int), _col6 (type: struct<count:bigint,sum:double,input:int>), _col7 (type: bigint), _col8 (type: binary)
             Execution mode: llap
-            LLAP IO: no inputs
+            LLAP IO: all inputs
         Reducer 2 
             Execution mode: llap
             Reduce Operator Tree:
@@ -318,7 +318,7 @@ STAGE PLANS:
                           Statistics: Num rows: 1 Data size: 560 Basic stats: COMPLETE Column stats: COMPLETE
                           value expressions: _col0 (type: int), _col1 (type: int), _col2 (type: bigint), _col3 (type: bigint), _col4 (type: binary), _col5 (type: int), _col6 (type: struct<count:bigint,sum:double,input:int>), _col7 (type: bigint), _col8 (type: binary), _col9 (type: int), _col10 (type: int), _col11 (type: bigint), _col12 (type: binary)
             Execution mode: llap
-            LLAP IO: no inputs
+            LLAP IO: all inputs
         Reducer 2 
             Execution mode: llap
             Reduce Operator Tree:
diff --git a/ql/src/test/results/clientpositive/llap/orc_merge1.q.out b/ql/src/test/results/clientpositive/llap/orc_merge1.q.out
index 5e40be5421..3dab6ec4fc 100644
--- a/ql/src/test/results/clientpositive/llap/orc_merge1.q.out
+++ b/ql/src/test/results/clientpositive/llap/orc_merge1.q.out
@@ -103,7 +103,7 @@ STAGE PLANS:
                           Statistics: Num rows: 250 Data size: 167250 Basic stats: COMPLETE Column stats: COMPLETE
                           value expressions: _col2 (type: int), _col3 (type: int), _col4 (type: bigint), _col5 (type: bigint), _col6 (type: binary), _col7 (type: int), _col8 (type: struct<count:bigint,sum:double,input:int>), _col9 (type: bigint), _col10 (type: binary)
             Execution mode: llap
-            LLAP IO: no inputs
+            LLAP IO: all inputs
         Reducer 2 
             Execution mode: llap
             Reduce Operator Tree:
@@ -241,7 +241,7 @@ STAGE PLANS:
                           Statistics: Num rows: 250 Data size: 167250 Basic stats: COMPLETE Column stats: COMPLETE
                           value expressions: _col2 (type: int), _col3 (type: int), _col4 (type: bigint), _col5 (type: bigint), _col6 (type: binary), _col7 (type: int), _col8 (type: struct<count:bigint,sum:double,input:int>), _col9 (type: bigint), _col10 (type: binary)
             Execution mode: llap
-            LLAP IO: no inputs
+            LLAP IO: all inputs
         Reducer 2 
             Execution mode: llap
             Reduce Operator Tree:
@@ -419,7 +419,7 @@ STAGE PLANS:
                           Statistics: Num rows: 250 Data size: 167250 Basic stats: COMPLETE Column stats: COMPLETE
                           value expressions: _col2 (type: int), _col3 (type: int), _col4 (type: bigint), _col5 (type: bigint), _col6 (type: binary), _col7 (type: int), _col8 (type: struct<count:bigint,sum:double,input:int>), _col9 (type: bigint), _col10 (type: binary)
             Execution mode: llap
-            LLAP IO: no inputs
+            LLAP IO: all inputs
         Reducer 2 
             Execution mode: llap
             Reduce Operator Tree:
diff --git a/ql/src/test/results/clientpositive/llap/orc_merge10.q.out b/ql/src/test/results/clientpositive/llap/orc_merge10.q.out
index ad9fb69aac..0b47c07ae0 100644
--- a/ql/src/test/results/clientpositive/llap/orc_merge10.q.out
+++ b/ql/src/test/results/clientpositive/llap/orc_merge10.q.out
@@ -103,7 +103,7 @@ STAGE PLANS:
                       Statistics: Num rows: 500 Data size: 139500 Basic stats: COMPLETE Column stats: COMPLETE
                       value expressions: _col0 (type: int), _col1 (type: string)
             Execution mode: llap
-            LLAP IO: no inputs
+            LLAP IO: all inputs
         Reducer 2 
             Execution mode: llap
             Reduce Operator Tree:
@@ -251,7 +251,7 @@ STAGE PLANS:
                       Statistics: Num rows: 500 Data size: 139500 Basic stats: COMPLETE Column stats: COMPLETE
                       value expressions: _col0 (type: int), _col1 (type: string)
             Execution mode: llap
-            LLAP IO: no inputs
+            LLAP IO: all inputs
         Reducer 2 
             Execution mode: llap
             Reduce Operator Tree:
@@ -444,7 +444,7 @@ STAGE PLANS:
                       Statistics: Num rows: 500 Data size: 139500 Basic stats: COMPLETE Column stats: COMPLETE
                       value expressions: _col0 (type: int), _col1 (type: string)
             Execution mode: llap
-            LLAP IO: no inputs
+            LLAP IO: all inputs
         Reducer 2 
             Execution mode: llap
             Reduce Operator Tree:
diff --git a/ql/src/test/results/clientpositive/llap/orc_merge2.q.out b/ql/src/test/results/clientpositive/llap/orc_merge2.q.out
index cb384b3735..bd710d35d6 100644
--- a/ql/src/test/results/clientpositive/llap/orc_merge2.q.out
+++ b/ql/src/test/results/clientpositive/llap/orc_merge2.q.out
@@ -77,7 +77,7 @@ STAGE PLANS:
                       Statistics: Num rows: 500 Data size: 231500 Basic stats: COMPLETE Column stats: COMPLETE
                       value expressions: _col0 (type: int), _col1 (type: string)
             Execution mode: llap
-            LLAP IO: no inputs
+            LLAP IO: all inputs
         Reducer 2 
             Execution mode: llap
             Reduce Operator Tree:
diff --git a/ql/src/test/results/clientpositive/llap/orc_merge3.q.out b/ql/src/test/results/clientpositive/llap/orc_merge3.q.out
index 430ca54bf7..735c7c8d93 100644
--- a/ql/src/test/results/clientpositive/llap/orc_merge3.q.out
+++ b/ql/src/test/results/clientpositive/llap/orc_merge3.q.out
@@ -109,7 +109,7 @@ STAGE PLANS:
                           Statistics: Num rows: 1 Data size: 400 Basic stats: COMPLETE Column stats: COMPLETE
                           value expressions: _col0 (type: int), _col1 (type: int), _col2 (type: bigint), _col3 (type: bigint), _col4 (type: binary), _col5 (type: int), _col6 (type: struct<count:bigint,sum:double,input:int>), _col7 (type: bigint), _col8 (type: binary)
             Execution mode: llap
-            LLAP IO: no inputs
+            LLAP IO: all inputs
         Reducer 2 
             Execution mode: llap
             Reduce Operator Tree:
diff --git a/ql/src/test/results/clientpositive/llap/orc_merge_diff_fs.q.out b/ql/src/test/results/clientpositive/llap/orc_merge_diff_fs.q.out
index 6fd9638ee0..d5f80197ba 100644
--- a/ql/src/test/results/clientpositive/llap/orc_merge_diff_fs.q.out
+++ b/ql/src/test/results/clientpositive/llap/orc_merge_diff_fs.q.out
@@ -103,7 +103,7 @@ STAGE PLANS:
                       Statistics: Num rows: 500 Data size: 139500 Basic stats: COMPLETE Column stats: COMPLETE
                       value expressions: _col0 (type: int), _col1 (type: string)
             Execution mode: llap
-            LLAP IO: no inputs
+            LLAP IO: all inputs
         Reducer 2 
             Execution mode: llap
             Reduce Operator Tree:
@@ -251,7 +251,7 @@ STAGE PLANS:
                       Statistics: Num rows: 500 Data size: 139500 Basic stats: COMPLETE Column stats: COMPLETE
                       value expressions: _col0 (type: int), _col1 (type: string)
             Execution mode: llap
-            LLAP IO: no inputs
+            LLAP IO: all inputs
         Reducer 2 
             Execution mode: llap
             Reduce Operator Tree:
@@ -444,7 +444,7 @@ STAGE PLANS:
                       Statistics: Num rows: 500 Data size: 139500 Basic stats: COMPLETE Column stats: COMPLETE
                       value expressions: _col0 (type: int), _col1 (type: string)
             Execution mode: llap
-            LLAP IO: no inputs
+            LLAP IO: all inputs
         Reducer 2 
             Execution mode: llap
             Reduce Operator Tree:
diff --git a/ql/src/test/results/clientpositive/llap/order.q.out b/ql/src/test/results/clientpositive/llap/order.q.out
index 87dfbca0ae..03000ed7c7 100644
--- a/ql/src/test/results/clientpositive/llap/order.q.out
+++ b/ql/src/test/results/clientpositive/llap/order.q.out
@@ -42,7 +42,7 @@ STAGE PLANS:
                         Statistics: Num rows: 500 Data size: 89000 Basic stats: COMPLETE Column stats: COMPLETE
                         value expressions: _col1 (type: string)
             Execution mode: vectorized, llap
-            LLAP IO: no inputs
+            LLAP IO: all inputs
         Reducer 2 
             Execution mode: vectorized, llap
             Reduce Operator Tree:
@@ -129,7 +129,7 @@ STAGE PLANS:
                         Statistics: Num rows: 500 Data size: 89000 Basic stats: COMPLETE Column stats: COMPLETE
                         value expressions: _col1 (type: string)
             Execution mode: vectorized, llap
-            LLAP IO: no inputs
+            LLAP IO: all inputs
         Reducer 2 
             Execution mode: vectorized, llap
             Reduce Operator Tree:
diff --git a/ql/src/test/results/clientpositive/llap/order3.q.out b/ql/src/test/results/clientpositive/llap/order3.q.out
index d527880345..abf64b17e3 100644
--- a/ql/src/test/results/clientpositive/llap/order3.q.out
+++ b/ql/src/test/results/clientpositive/llap/order3.q.out
@@ -72,7 +72,7 @@ STAGE PLANS:
                           Map-reduce partition columns: _col0 (type: int)
                           Statistics: Num rows: 4 Data size: 16 Basic stats: COMPLETE Column stats: COMPLETE
             Execution mode: vectorized, llap
-            LLAP IO: no inputs
+            LLAP IO: all inputs
         Reducer 2 
             Execution mode: vectorized, llap
             Reduce Operator Tree:
@@ -176,7 +176,7 @@ STAGE PLANS:
                           Statistics: Num rows: 4 Data size: 32 Basic stats: COMPLETE Column stats: COMPLETE
                           value expressions: _col1 (type: int)
             Execution mode: vectorized, llap
-            LLAP IO: no inputs
+            LLAP IO: all inputs
         Reducer 2 
             Execution mode: vectorized, llap
             Reduce Operator Tree:
@@ -282,7 +282,7 @@ STAGE PLANS:
                           Statistics: Num rows: 4 Data size: 48 Basic stats: COMPLETE Column stats: COMPLETE
                           value expressions: _col1 (type: bigint)
             Execution mode: vectorized, llap
-            LLAP IO: no inputs
+            LLAP IO: all inputs
         Reducer 2 
             Execution mode: vectorized, llap
             Reduce Operator Tree:
@@ -386,7 +386,7 @@ STAGE PLANS:
                           Map-reduce partition columns: _col0 (type: int)
                           Statistics: Num rows: 4 Data size: 16 Basic stats: COMPLETE Column stats: COMPLETE
             Execution mode: vectorized, llap
-            LLAP IO: no inputs
+            LLAP IO: all inputs
         Reducer 2 
             Execution mode: vectorized, llap
             Reduce Operator Tree:
@@ -486,7 +486,7 @@ STAGE PLANS:
                           Statistics: Num rows: 4 Data size: 32 Basic stats: COMPLETE Column stats: COMPLETE
                           value expressions: _col1 (type: int)
             Execution mode: vectorized, llap
-            LLAP IO: no inputs
+            LLAP IO: all inputs
         Reducer 2 
             Execution mode: vectorized, llap
             Reduce Operator Tree:
@@ -588,7 +588,7 @@ STAGE PLANS:
                           Statistics: Num rows: 4 Data size: 396 Basic stats: COMPLETE Column stats: COMPLETE
                           value expressions: _col2 (type: bigint)
             Execution mode: vectorized, llap
-            LLAP IO: no inputs
+            LLAP IO: all inputs
         Reducer 2 
             Execution mode: vectorized, llap
             Reduce Operator Tree:
diff --git a/ql/src/test/results/clientpositive/llap/order_by_expr_1.q.out b/ql/src/test/results/clientpositive/llap/order_by_expr_1.q.out
index b6462a7b69..a94dd50ff6 100644
--- a/ql/src/test/results/clientpositive/llap/order_by_expr_1.q.out
+++ b/ql/src/test/results/clientpositive/llap/order_by_expr_1.q.out
@@ -80,7 +80,7 @@ STAGE PLANS:
                             output format: org.apache.hadoop.hive.ql.io.HiveSequenceFileOutputFormat
                             serde: org.apache.hadoop.hive.serde2.lazy.LazySimpleSerDe
             Execution mode: vectorized, llap
-            LLAP IO: no inputs
+            LLAP IO: all inputs
 
   Stage: Stage-0
     Fetch Operator
@@ -343,7 +343,7 @@ STAGE PLANS:
                       Statistics: Num rows: 9 Data size: 108 Basic stats: COMPLETE Column stats: COMPLETE
                       value expressions: _col0 (type: int)
             Execution mode: vectorized, llap
-            LLAP IO: no inputs
+            LLAP IO: all inputs
         Reducer 2 
             Execution mode: vectorized, llap
             Reduce Operator Tree:
@@ -520,7 +520,7 @@ STAGE PLANS:
                       Statistics: Num rows: 9 Data size: 216 Basic stats: COMPLETE Column stats: COMPLETE
                       value expressions: _col2 (type: int), _col3 (type: int)
             Execution mode: vectorized, llap
-            LLAP IO: no inputs
+            LLAP IO: all inputs
         Reducer 2 
             Execution mode: vectorized, llap
             Reduce Operator Tree:
diff --git a/ql/src/test/results/clientpositive/llap/outer_join_ppr.q.out b/ql/src/test/results/clientpositive/llap/outer_join_ppr.q.out
index 13bfa0fb2d..abb26cab23 100644
--- a/ql/src/test/results/clientpositive/llap/outer_join_ppr.q.out
+++ b/ql/src/test/results/clientpositive/llap/outer_join_ppr.q.out
@@ -72,7 +72,7 @@ STAGE PLANS:
                         value expressions: _col1 (type: string)
                         auto parallelism: true
             Execution mode: vectorized, llap
-            LLAP IO: no inputs
+            LLAP IO: all inputs
             Path -> Alias:
 #### A masked pattern was here ####
             Path -> Partition:
@@ -137,7 +137,7 @@ STAGE PLANS:
                         value expressions: _col1 (type: string)
                         auto parallelism: true
             Execution mode: vectorized, llap
-            LLAP IO: no inputs
+            LLAP IO: all inputs
             Path -> Alias:
 #### A masked pattern was here ####
             Path -> Partition:
@@ -374,7 +374,7 @@ STAGE PLANS:
                         value expressions: _col1 (type: string)
                         auto parallelism: true
             Execution mode: vectorized, llap
-            LLAP IO: no inputs
+            LLAP IO: all inputs
             Path -> Alias:
 #### A masked pattern was here ####
             Path -> Partition:
@@ -439,7 +439,7 @@ STAGE PLANS:
                         value expressions: _col1 (type: string)
                         auto parallelism: true
             Execution mode: vectorized, llap
-            LLAP IO: no inputs
+            LLAP IO: all inputs
             Path -> Alias:
 #### A masked pattern was here ####
             Path -> Partition:
diff --git a/ql/src/test/results/clientpositive/llap/outer_reference_windowed.q.out b/ql/src/test/results/clientpositive/llap/outer_reference_windowed.q.out
index d3d8d820eb..e5b4f32a1c 100644
--- a/ql/src/test/results/clientpositive/llap/outer_reference_windowed.q.out
+++ b/ql/src/test/results/clientpositive/llap/outer_reference_windowed.q.out
@@ -197,7 +197,7 @@ STAGE PLANS:
                         Statistics: Num rows: 1 Data size: 112 Basic stats: COMPLETE Column stats: COMPLETE
                         value expressions: _col0 (type: decimal(25,2))
             Execution mode: vectorized, llap
-            LLAP IO: no inputs
+            LLAP IO: all inputs
         Reducer 2 
             Execution mode: vectorized, llap
             Reduce Operator Tree:
@@ -318,7 +318,7 @@ STAGE PLANS:
                         Statistics: Num rows: 2 Data size: 672 Basic stats: COMPLETE Column stats: COMPLETE
                         value expressions: _col2 (type: decimal(25,2))
             Execution mode: vectorized, llap
-            LLAP IO: no inputs
+            LLAP IO: all inputs
         Reducer 2 
             Execution mode: vectorized, llap
             Reduce Operator Tree:
@@ -451,7 +451,7 @@ STAGE PLANS:
                         Statistics: Num rows: 4 Data size: 896 Basic stats: COMPLETE Column stats: COMPLETE
                         value expressions: _col1 (type: decimal(15,2))
             Execution mode: vectorized, llap
-            LLAP IO: no inputs
+            LLAP IO: all inputs
         Map 5 
             Map Operator Tree:
                 TableScan
@@ -472,7 +472,7 @@ STAGE PLANS:
                         Map-reduce partition columns: _col0 (type: decimal(15,2))
                         Statistics: Num rows: 4 Data size: 448 Basic stats: COMPLETE Column stats: COMPLETE
             Execution mode: vectorized, llap
-            LLAP IO: no inputs
+            LLAP IO: all inputs
         Reducer 2 
             Execution mode: llap
             Reduce Operator Tree:
@@ -633,7 +633,7 @@ STAGE PLANS:
                         Map-reduce partition columns: _col0 (type: decimal(15,2))
                         Statistics: Num rows: 4 Data size: 448 Basic stats: COMPLETE Column stats: COMPLETE
             Execution mode: vectorized, llap
-            LLAP IO: no inputs
+            LLAP IO: all inputs
         Map 5 
             Map Operator Tree:
                 TableScan
@@ -655,7 +655,7 @@ STAGE PLANS:
                         Statistics: Num rows: 4 Data size: 896 Basic stats: COMPLETE Column stats: COMPLETE
                         value expressions: _col1 (type: decimal(15,2))
             Execution mode: vectorized, llap
-            LLAP IO: no inputs
+            LLAP IO: all inputs
         Reducer 2 
             Execution mode: llap
             Reduce Operator Tree:
@@ -816,7 +816,7 @@ STAGE PLANS:
                         Statistics: Num rows: 4 Data size: 896 Basic stats: COMPLETE Column stats: COMPLETE
                         value expressions: _col1 (type: decimal(15,2))
             Execution mode: vectorized, llap
-            LLAP IO: no inputs
+            LLAP IO: all inputs
         Map 4 
             Map Operator Tree:
                 TableScan
@@ -838,7 +838,7 @@ STAGE PLANS:
                         Statistics: Num rows: 4 Data size: 896 Basic stats: COMPLETE Column stats: COMPLETE
                         value expressions: _col1 (type: decimal(15,2))
             Execution mode: vectorized, llap
-            LLAP IO: no inputs
+            LLAP IO: all inputs
         Reducer 2 
             Execution mode: llap
             Reduce Operator Tree:
diff --git a/ql/src/test/results/clientpositive/llap/parallel.q.out b/ql/src/test/results/clientpositive/llap/parallel.q.out
index 8aa2d03d7f..44361e684c 100644
--- a/ql/src/test/results/clientpositive/llap/parallel.q.out
+++ b/ql/src/test/results/clientpositive/llap/parallel.q.out
@@ -71,7 +71,7 @@ STAGE PLANS:
                         Map-reduce partition columns: _col0 (type: string), _col1 (type: string)
                         Statistics: Num rows: 250 Data size: 44500 Basic stats: COMPLETE Column stats: COMPLETE
             Execution mode: vectorized, llap
-            LLAP IO: no inputs
+            LLAP IO: all inputs
         Reducer 2 
             Execution mode: vectorized, llap
             Reduce Operator Tree:
diff --git a/ql/src/test/results/clientpositive/llap/parallel_colstats.q.out b/ql/src/test/results/clientpositive/llap/parallel_colstats.q.out
index 07a73191ed..493aee8515 100644
--- a/ql/src/test/results/clientpositive/llap/parallel_colstats.q.out
+++ b/ql/src/test/results/clientpositive/llap/parallel_colstats.q.out
@@ -71,7 +71,7 @@ STAGE PLANS:
                         Map-reduce partition columns: _col0 (type: string), _col1 (type: string)
                         Statistics: Num rows: 250 Data size: 44500 Basic stats: COMPLETE Column stats: COMPLETE
             Execution mode: vectorized, llap
-            LLAP IO: no inputs
+            LLAP IO: all inputs
         Reducer 2 
             Execution mode: vectorized, llap
             Reduce Operator Tree:
diff --git a/ql/src/test/results/clientpositive/llap/parallel_join0.q.out b/ql/src/test/results/clientpositive/llap/parallel_join0.q.out
index 2abc85396e..e9051a389e 100644
--- a/ql/src/test/results/clientpositive/llap/parallel_join0.q.out
+++ b/ql/src/test/results/clientpositive/llap/parallel_join0.q.out
@@ -51,7 +51,7 @@ STAGE PLANS:
                         Statistics: Num rows: 166 Data size: 29548 Basic stats: COMPLETE Column stats: COMPLETE
                         value expressions: _col0 (type: string), _col1 (type: string)
             Execution mode: llap
-            LLAP IO: no inputs
+            LLAP IO: all inputs
         Map 4 
             Map Operator Tree:
                 TableScan
@@ -71,7 +71,7 @@ STAGE PLANS:
                         Statistics: Num rows: 166 Data size: 29548 Basic stats: COMPLETE Column stats: COMPLETE
                         value expressions: _col0 (type: string), _col1 (type: string)
             Execution mode: llap
-            LLAP IO: no inputs
+            LLAP IO: all inputs
         Reducer 2 
             Execution mode: llap
             Reduce Operator Tree:
diff --git a/ql/src/test/results/clientpositive/llap/parallel_join1.q.out b/ql/src/test/results/clientpositive/llap/parallel_join1.q.out
index 09cc09f75a..80cd5c3d04 100644
--- a/ql/src/test/results/clientpositive/llap/parallel_join1.q.out
+++ b/ql/src/test/results/clientpositive/llap/parallel_join1.q.out
@@ -53,7 +53,7 @@ STAGE PLANS:
                         Map-reduce partition columns: _col0 (type: string)
                         Statistics: Num rows: 500 Data size: 43500 Basic stats: COMPLETE Column stats: COMPLETE
             Execution mode: vectorized, llap
-            LLAP IO: no inputs
+            LLAP IO: all inputs
         Map 4 
             Map Operator Tree:
                 TableScan
@@ -75,7 +75,7 @@ STAGE PLANS:
                         Statistics: Num rows: 500 Data size: 89000 Basic stats: COMPLETE Column stats: COMPLETE
                         value expressions: _col1 (type: string)
             Execution mode: vectorized, llap
-            LLAP IO: no inputs
+            LLAP IO: all inputs
         Reducer 2 
             Execution mode: llap
             Reduce Operator Tree:
diff --git a/ql/src/test/results/clientpositive/llap/parallel_orderby.q.out b/ql/src/test/results/clientpositive/llap/parallel_orderby.q.out
index 6dfd711895..674c05c6af 100644
--- a/ql/src/test/results/clientpositive/llap/parallel_orderby.q.out
+++ b/ql/src/test/results/clientpositive/llap/parallel_orderby.q.out
@@ -64,7 +64,7 @@ STAGE PLANS:
                       sort order: ++
                       Statistics: Num rows: 1 Data size: 368 Basic stats: COMPLETE Column stats: NONE
             Execution mode: vectorized, llap
-            LLAP IO: no inputs
+            LLAP IO: all inputs
         Reducer 2 
             Execution mode: llap
             Reduce Operator Tree:
diff --git a/ql/src/test/results/clientpositive/llap/partial_column_stats.q.out b/ql/src/test/results/clientpositive/llap/partial_column_stats.q.out
index 74aaf42903..a5f3d376b8 100644
--- a/ql/src/test/results/clientpositive/llap/partial_column_stats.q.out
+++ b/ql/src/test/results/clientpositive/llap/partial_column_stats.q.out
@@ -49,7 +49,7 @@ STAGE PLANS:
                         Statistics: Num rows: 1 Data size: 588 Basic stats: COMPLETE Column stats: NONE
                         value expressions: _col0 (type: int), _col1 (type: int), _col2 (type: bigint), _col3 (type: bigint), _col4 (type: binary), _col5 (type: int), _col6 (type: struct<count:bigint,sum:double,input:int>), _col7 (type: bigint), _col8 (type: binary)
             Execution mode: llap
-            LLAP IO: no inputs
+            LLAP IO: all inputs
         Reducer 2 
             Execution mode: llap
             Reduce Operator Tree:
diff --git a/ql/src/test/results/clientpositive/llap/partialdhj.q.out b/ql/src/test/results/clientpositive/llap/partialdhj.q.out
index 9b62e7a5c5..376873a65a 100644
--- a/ql/src/test/results/clientpositive/llap/partialdhj.q.out
+++ b/ql/src/test/results/clientpositive/llap/partialdhj.q.out
@@ -62,7 +62,7 @@ STAGE PLANS:
                         Map-reduce partition columns: _col0 (type: string)
                         Statistics: Num rows: 25 Data size: 2225 Basic stats: COMPLETE Column stats: COMPLETE
             Execution mode: vectorized, llap
-            LLAP IO: no inputs
+            LLAP IO: all inputs
         Map 4 
             Map Operator Tree:
                 TableScan
@@ -83,7 +83,7 @@ STAGE PLANS:
                         Map-reduce partition columns: _col0 (type: string)
                         Statistics: Num rows: 25 Data size: 2225 Basic stats: COMPLETE Column stats: COMPLETE
             Execution mode: vectorized, llap
-            LLAP IO: no inputs
+            LLAP IO: all inputs
         Map 5 
             Map Operator Tree:
                 TableScan
@@ -105,7 +105,7 @@ STAGE PLANS:
                         Statistics: Num rows: 500 Data size: 89000 Basic stats: COMPLETE Column stats: COMPLETE
                         value expressions: _col0 (type: string)
             Execution mode: vectorized, llap
-            LLAP IO: no inputs
+            LLAP IO: all inputs
         Reducer 2 
             Execution mode: vectorized, llap
             Reduce Operator Tree:
@@ -308,7 +308,7 @@ STAGE PLANS:
                         Statistics: Num rows: 500 Data size: 89000 Basic stats: COMPLETE Column stats: COMPLETE
                         value expressions: _col0 (type: string)
             Execution mode: vectorized, llap
-            LLAP IO: no inputs
+            LLAP IO: all inputs
         Map 3 
             Map Operator Tree:
                 TableScan
@@ -329,7 +329,7 @@ STAGE PLANS:
                         Map-reduce partition columns: _col0 (type: string)
                         Statistics: Num rows: 25 Data size: 2225 Basic stats: COMPLETE Column stats: COMPLETE
             Execution mode: vectorized, llap
-            LLAP IO: no inputs
+            LLAP IO: all inputs
         Map 6 
             Map Operator Tree:
                 TableScan
@@ -350,7 +350,7 @@ STAGE PLANS:
                         Map-reduce partition columns: _col0 (type: string)
                         Statistics: Num rows: 25 Data size: 2225 Basic stats: COMPLETE Column stats: COMPLETE
             Execution mode: vectorized, llap
-            LLAP IO: no inputs
+            LLAP IO: all inputs
         Reducer 2 
             Execution mode: vectorized, llap
             Reduce Operator Tree:
diff --git a/ql/src/test/results/clientpositive/llap/partition_boolexpr.q.out b/ql/src/test/results/clientpositive/llap/partition_boolexpr.q.out
index 101079dd50..b19dba1dc3 100644
--- a/ql/src/test/results/clientpositive/llap/partition_boolexpr.q.out
+++ b/ql/src/test/results/clientpositive/llap/partition_boolexpr.q.out
@@ -292,7 +292,7 @@ STAGE PLANS:
                           Statistics: Num rows: 1 Data size: 8 Basic stats: COMPLETE Column stats: NONE
                           value expressions: _col0 (type: bigint)
             Execution mode: llap
-            LLAP IO: no inputs
+            LLAP IO: all inputs
         Reducer 2 
             Execution mode: vectorized, llap
             Reduce Operator Tree:
diff --git a/ql/src/test/results/clientpositive/llap/partition_ctas.q.out b/ql/src/test/results/clientpositive/llap/partition_ctas.q.out
index 2c5250622a..05451032c2 100644
--- a/ql/src/test/results/clientpositive/llap/partition_ctas.q.out
+++ b/ql/src/test/results/clientpositive/llap/partition_ctas.q.out
@@ -69,7 +69,7 @@ STAGE PLANS:
                         Statistics: Num rows: 55 Data size: 9790 Basic stats: COMPLETE Column stats: COMPLETE
                         value expressions: _col0 (type: string)
             Execution mode: llap
-            LLAP IO: no inputs
+            LLAP IO: all inputs
         Reducer 2 
             Execution mode: llap
             Reduce Operator Tree:
diff --git a/ql/src/test/results/clientpositive/llap/partition_multilevels.q.out b/ql/src/test/results/clientpositive/llap/partition_multilevels.q.out
index 44f920b496..5015d1b643 100644
--- a/ql/src/test/results/clientpositive/llap/partition_multilevels.q.out
+++ b/ql/src/test/results/clientpositive/llap/partition_multilevels.q.out
@@ -1019,7 +1019,7 @@ STAGE PLANS:
                         Statistics: Num rows: 6 Data size: 2256 Basic stats: COMPLETE Column stats: COMPLETE
                         value expressions: _col2 (type: bigint)
             Execution mode: vectorized, llap
-            LLAP IO: no inputs
+            LLAP IO: all inputs
         Reducer 2 
             Execution mode: vectorized, llap
             Reduce Operator Tree:
@@ -1628,7 +1628,7 @@ STAGE PLANS:
                         Statistics: Num rows: 6 Data size: 2256 Basic stats: COMPLETE Column stats: COMPLETE
                         value expressions: _col2 (type: bigint)
             Execution mode: vectorized, llap
-            LLAP IO: no inputs
+            LLAP IO: all inputs
         Reducer 2 
             Execution mode: vectorized, llap
             Reduce Operator Tree:
diff --git a/ql/src/test/results/clientpositive/llap/partition_shared_scan.q.out b/ql/src/test/results/clientpositive/llap/partition_shared_scan.q.out
index 4b369ce404..894d1dbfe6 100644
--- a/ql/src/test/results/clientpositive/llap/partition_shared_scan.q.out
+++ b/ql/src/test/results/clientpositive/llap/partition_shared_scan.q.out
@@ -86,7 +86,7 @@ STAGE PLANS:
                         Statistics: Num rows: 26 Data size: 16094 Basic stats: COMPLETE Column stats: COMPLETE
                         value expressions: _col1 (type: string), _col2 (type: string), _col3 (type: string), _col4 (type: string), _col5 (type: int), _col6 (type: string), _col7 (type: double), _col8 (type: string)
             Execution mode: vectorized, llap
-            LLAP IO: no inputs
+            LLAP IO: all inputs
         Map 4 
             Map Operator Tree:
                 TableScan
@@ -107,7 +107,7 @@ STAGE PLANS:
                         Map-reduce partition columns: _col0 (type: int)
                         Statistics: Num rows: 10 Data size: 40 Basic stats: COMPLETE Column stats: COMPLETE
             Execution mode: vectorized, llap
-            LLAP IO: no inputs
+            LLAP IO: all inputs
         Map 5 
             Map Operator Tree:
                 TableScan
@@ -128,7 +128,7 @@ STAGE PLANS:
                         Map-reduce partition columns: _col0 (type: int)
                         Statistics: Num rows: 10 Data size: 40 Basic stats: COMPLETE Column stats: COMPLETE
             Execution mode: vectorized, llap
-            LLAP IO: no inputs
+            LLAP IO: all inputs
         Reducer 2 
             Execution mode: llap
             Reduce Operator Tree:
@@ -232,7 +232,7 @@ STAGE PLANS:
                         Statistics: Num rows: 26 Data size: 16094 Basic stats: COMPLETE Column stats: COMPLETE
                         value expressions: _col1 (type: string), _col2 (type: string), _col3 (type: string), _col4 (type: string), _col5 (type: int), _col6 (type: string), _col7 (type: double), _col8 (type: string)
             Execution mode: vectorized, llap
-            LLAP IO: no inputs
+            LLAP IO: all inputs
         Map 4 
             Map Operator Tree:
                 TableScan
@@ -259,7 +259,7 @@ STAGE PLANS:
                         Map-reduce partition columns: _col0 (type: int)
                         Statistics: Num rows: 10 Data size: 40 Basic stats: COMPLETE Column stats: COMPLETE
             Execution mode: vectorized, llap
-            LLAP IO: no inputs
+            LLAP IO: all inputs
         Reducer 2 
             Execution mode: llap
             Reduce Operator Tree:
diff --git a/ql/src/test/results/clientpositive/llap/pcr.q.out b/ql/src/test/results/clientpositive/llap/pcr.q.out
index b81c1e97b0..0fdcfbe680 100644
--- a/ql/src/test/results/clientpositive/llap/pcr.q.out
+++ b/ql/src/test/results/clientpositive/llap/pcr.q.out
@@ -102,7 +102,7 @@ STAGE PLANS:
                         value expressions: _col1 (type: string)
                         auto parallelism: false
             Execution mode: vectorized, llap
-            LLAP IO: no inputs
+            LLAP IO: all inputs
             Path -> Alias:
 #### A masked pattern was here ####
             Path -> Partition:
@@ -298,7 +298,7 @@ STAGE PLANS:
                         value expressions: _col1 (type: string)
                         auto parallelism: false
             Execution mode: vectorized, llap
-            LLAP IO: no inputs
+            LLAP IO: all inputs
             Path -> Alias:
 #### A masked pattern was here ####
             Path -> Partition:
@@ -566,7 +566,7 @@ STAGE PLANS:
                         value expressions: _col1 (type: string)
                         auto parallelism: false
             Execution mode: vectorized, llap
-            LLAP IO: no inputs
+            LLAP IO: all inputs
             Path -> Alias:
 #### A masked pattern was here ####
             Path -> Partition:
@@ -762,7 +762,7 @@ STAGE PLANS:
                         value expressions: _col1 (type: string)
                         auto parallelism: false
             Execution mode: vectorized, llap
-            LLAP IO: no inputs
+            LLAP IO: all inputs
             Path -> Alias:
 #### A masked pattern was here ####
             Path -> Partition:
@@ -962,7 +962,7 @@ STAGE PLANS:
                         value expressions: _col1 (type: string)
                         auto parallelism: false
             Execution mode: vectorized, llap
-            LLAP IO: no inputs
+            LLAP IO: all inputs
             Path -> Alias:
 #### A masked pattern was here ####
             Path -> Partition:
@@ -1209,7 +1209,7 @@ STAGE PLANS:
                         value expressions: _col1 (type: string)
                         auto parallelism: false
             Execution mode: vectorized, llap
-            LLAP IO: no inputs
+            LLAP IO: all inputs
             Path -> Alias:
 #### A masked pattern was here ####
             Path -> Partition:
@@ -1462,7 +1462,7 @@ STAGE PLANS:
                         tag: -1
                         auto parallelism: false
             Execution mode: vectorized, llap
-            LLAP IO: no inputs
+            LLAP IO: all inputs
             Path -> Alias:
 #### A masked pattern was here ####
             Path -> Partition:
@@ -1641,7 +1641,7 @@ STAGE PLANS:
                       tag: -1
                       auto parallelism: false
             Execution mode: vectorized, llap
-            LLAP IO: no inputs
+            LLAP IO: all inputs
             Path -> Alias:
 #### A masked pattern was here ####
             Path -> Partition:
@@ -1862,7 +1862,7 @@ STAGE PLANS:
                       tag: -1
                       auto parallelism: false
             Execution mode: vectorized, llap
-            LLAP IO: no inputs
+            LLAP IO: all inputs
             Path -> Alias:
 #### A masked pattern was here ####
             Path -> Partition:
@@ -2144,7 +2144,7 @@ STAGE PLANS:
                         tag: -1
                         auto parallelism: false
             Execution mode: vectorized, llap
-            LLAP IO: no inputs
+            LLAP IO: all inputs
             Path -> Alias:
 #### A masked pattern was here ####
             Path -> Partition:
@@ -2334,7 +2334,7 @@ STAGE PLANS:
                         value expressions: _col1 (type: string)
                         auto parallelism: true
             Execution mode: vectorized, llap
-            LLAP IO: no inputs
+            LLAP IO: all inputs
             Path -> Alias:
 #### A masked pattern was here ####
             Path -> Partition:
@@ -2403,7 +2403,7 @@ STAGE PLANS:
                         value expressions: _col1 (type: string)
                         auto parallelism: true
             Execution mode: vectorized, llap
-            LLAP IO: no inputs
+            LLAP IO: all inputs
             Path -> Alias:
 #### A masked pattern was here ####
             Path -> Partition:
@@ -2616,7 +2616,7 @@ STAGE PLANS:
                         value expressions: _col1 (type: string)
                         auto parallelism: true
             Execution mode: vectorized, llap
-            LLAP IO: no inputs
+            LLAP IO: all inputs
             Path -> Alias:
 #### A masked pattern was here ####
             Path -> Partition:
@@ -2685,7 +2685,7 @@ STAGE PLANS:
                         value expressions: _col1 (type: string)
                         auto parallelism: true
             Execution mode: vectorized, llap
-            LLAP IO: no inputs
+            LLAP IO: all inputs
             Path -> Alias:
 #### A masked pattern was here ####
             Path -> Partition:
@@ -2906,7 +2906,7 @@ STAGE PLANS:
                         tag: -1
                         auto parallelism: false
             Execution mode: vectorized, llap
-            LLAP IO: no inputs
+            LLAP IO: all inputs
             Path -> Alias:
 #### A masked pattern was here ####
             Path -> Partition:
@@ -3211,7 +3211,7 @@ STAGE PLANS:
                         tag: -1
                         auto parallelism: false
             Execution mode: vectorized, llap
-            LLAP IO: no inputs
+            LLAP IO: all inputs
             Path -> Alias:
 #### A masked pattern was here ####
             Path -> Partition:
@@ -3577,7 +3577,7 @@ STAGE PLANS:
                           value expressions: _col0 (type: int), _col1 (type: int), _col2 (type: bigint), _col3 (type: bigint), _col4 (type: binary), _col5 (type: int), _col6 (type: struct<count:bigint,sum:double,input:int>), _col7 (type: bigint), _col8 (type: binary)
                           auto parallelism: false
             Execution mode: llap
-            LLAP IO: no inputs
+            LLAP IO: all inputs
             Path -> Alias:
 #### A masked pattern was here ####
             Path -> Partition:
@@ -3927,7 +3927,7 @@ STAGE PLANS:
                             value expressions: _col0 (type: int), _col1 (type: int), _col2 (type: bigint), _col3 (type: bigint), _col4 (type: binary), _col5 (type: int), _col6 (type: struct<count:bigint,sum:double,input:int>), _col7 (type: bigint), _col8 (type: binary)
                             auto parallelism: false
             Execution mode: llap
-            LLAP IO: no inputs
+            LLAP IO: all inputs
             Path -> Alias:
 #### A masked pattern was here ####
             Path -> Partition:
@@ -4184,7 +4184,7 @@ STAGE PLANS:
                         value expressions: _col1 (type: string)
                         auto parallelism: false
             Execution mode: vectorized, llap
-            LLAP IO: no inputs
+            LLAP IO: all inputs
             Path -> Alias:
 #### A masked pattern was here ####
             Path -> Partition:
@@ -4332,7 +4332,7 @@ STAGE PLANS:
                         value expressions: _col1 (type: string)
                         auto parallelism: false
             Execution mode: vectorized, llap
-            LLAP IO: no inputs
+            LLAP IO: all inputs
             Path -> Alias:
 #### A masked pattern was here ####
             Path -> Partition:
@@ -4521,7 +4521,7 @@ STAGE PLANS:
                         value expressions: _col1 (type: string)
                         auto parallelism: false
             Execution mode: vectorized, llap
-            LLAP IO: no inputs
+            LLAP IO: all inputs
             Path -> Alias:
 #### A masked pattern was here ####
             Path -> Partition:
diff --git a/ql/src/test/results/clientpositive/llap/pcs.q.out b/ql/src/test/results/clientpositive/llap/pcs.q.out
index c20618e28e..f09d61ccfb 100644
--- a/ql/src/test/results/clientpositive/llap/pcs.q.out
+++ b/ql/src/test/results/clientpositive/llap/pcs.q.out
@@ -139,7 +139,7 @@ STAGE PLANS:
                         tag: -1
                         auto parallelism: false
             Execution mode: vectorized, llap
-            LLAP IO: no inputs
+            LLAP IO: all inputs
             Path -> Alias:
 #### A masked pattern was here ####
             Path -> Partition:
@@ -571,7 +571,7 @@ STAGE PLANS:
                             Statistics: Num rows: 2 Data size: 368 Basic stats: COMPLETE Column stats: COMPLETE
                             Target Vertex: Map 3
             Execution mode: vectorized, llap
-            LLAP IO: no inputs
+            LLAP IO: all inputs
             Path -> Alias:
 #### A masked pattern was here ####
             Path -> Partition:
@@ -673,7 +673,7 @@ STAGE PLANS:
                       value expressions: _col0 (type: int)
                       auto parallelism: true
             Execution mode: vectorized, llap
-            LLAP IO: no inputs
+            LLAP IO: all inputs
             Path -> Alias:
 #### A masked pattern was here ####
             Path -> Partition:
@@ -971,7 +971,7 @@ STAGE PLANS:
                       Map-reduce partition columns: key (type: int)
                       Statistics: Num rows: 20 Data size: 3760 Basic stats: COMPLETE Column stats: COMPLETE
             Execution mode: vectorized, llap
-            LLAP IO: no inputs
+            LLAP IO: all inputs
         Reducer 2 
             Execution mode: llap
             Reduce Operator Tree:
diff --git a/ql/src/test/results/clientpositive/llap/pointlookup2.q.out b/ql/src/test/results/clientpositive/llap/pointlookup2.q.out
index ef413831e3..a4b521be3d 100644
--- a/ql/src/test/results/clientpositive/llap/pointlookup2.q.out
+++ b/ql/src/test/results/clientpositive/llap/pointlookup2.q.out
@@ -147,7 +147,7 @@ STAGE PLANS:
                         tag: -1
                         auto parallelism: false
             Execution mode: vectorized, llap
-            LLAP IO: no inputs
+            LLAP IO: all inputs
             Path -> Alias:
 #### A masked pattern was here ####
             Path -> Partition:
@@ -332,7 +332,7 @@ STAGE PLANS:
                         value expressions: _col1 (type: string)
                         auto parallelism: true
             Execution mode: vectorized, llap
-            LLAP IO: no inputs
+            LLAP IO: all inputs
             Path -> Alias:
 #### A masked pattern was here ####
             Path -> Partition:
@@ -401,7 +401,7 @@ STAGE PLANS:
                         value expressions: _col1 (type: string)
                         auto parallelism: true
             Execution mode: vectorized, llap
-            LLAP IO: no inputs
+            LLAP IO: all inputs
             Path -> Alias:
 #### A masked pattern was here ####
             Path -> Partition:
@@ -574,7 +574,7 @@ STAGE PLANS:
                         value expressions: _col1 (type: string)
                         auto parallelism: true
             Execution mode: vectorized, llap
-            LLAP IO: no inputs
+            LLAP IO: all inputs
             Path -> Alias:
 #### A masked pattern was here ####
             Path -> Partition:
@@ -643,7 +643,7 @@ STAGE PLANS:
                         value expressions: _col1 (type: string)
                         auto parallelism: true
             Execution mode: vectorized, llap
-            LLAP IO: no inputs
+            LLAP IO: all inputs
             Path -> Alias:
 #### A masked pattern was here ####
             Path -> Partition:
@@ -812,7 +812,7 @@ STAGE PLANS:
                       value expressions: _col0 (type: int), _col1 (type: string), _col2 (type: string), _col3 (type: boolean), _col4 (type: boolean)
                       auto parallelism: false
             Execution mode: vectorized, llap
-            LLAP IO: no inputs
+            LLAP IO: all inputs
             Path -> Alias:
 #### A masked pattern was here ####
             Path -> Partition:
@@ -916,7 +916,7 @@ STAGE PLANS:
                         value expressions: _col0 (type: string), _col1 (type: int), _col2 (type: string), _col3 (type: boolean), _col4 (type: boolean)
                         auto parallelism: false
             Execution mode: vectorized, llap
-            LLAP IO: no inputs
+            LLAP IO: all inputs
             Path -> Alias:
 #### A masked pattern was here ####
             Path -> Partition:
@@ -1092,7 +1092,7 @@ STAGE PLANS:
                         value expressions: _col0 (type: int), _col1 (type: string), _col2 (type: string), _col3 (type: boolean), _col4 (type: boolean)
                         auto parallelism: false
             Execution mode: vectorized, llap
-            LLAP IO: no inputs
+            LLAP IO: all inputs
             Path -> Alias:
 #### A masked pattern was here ####
             Path -> Partition:
@@ -1233,7 +1233,7 @@ STAGE PLANS:
                         value expressions: _col0 (type: string), _col1 (type: int), _col2 (type: string), _col3 (type: boolean), _col4 (type: boolean)
                         auto parallelism: false
             Execution mode: vectorized, llap
-            LLAP IO: no inputs
+            LLAP IO: all inputs
             Path -> Alias:
 #### A masked pattern was here ####
             Path -> Partition:
@@ -1577,7 +1577,7 @@ STAGE PLANS:
                         tag: -1
                         auto parallelism: false
             Execution mode: vectorized, llap
-            LLAP IO: no inputs
+            LLAP IO: all inputs
             Path -> Alias:
 #### A masked pattern was here ####
             Path -> Partition:
@@ -1762,7 +1762,7 @@ STAGE PLANS:
                         value expressions: _col1 (type: string)
                         auto parallelism: true
             Execution mode: vectorized, llap
-            LLAP IO: no inputs
+            LLAP IO: all inputs
             Path -> Alias:
 #### A masked pattern was here ####
             Path -> Partition:
@@ -1831,7 +1831,7 @@ STAGE PLANS:
                         value expressions: _col1 (type: string)
                         auto parallelism: true
             Execution mode: vectorized, llap
-            LLAP IO: no inputs
+            LLAP IO: all inputs
             Path -> Alias:
 #### A masked pattern was here ####
             Path -> Partition:
@@ -2004,7 +2004,7 @@ STAGE PLANS:
                         value expressions: _col1 (type: string)
                         auto parallelism: true
             Execution mode: vectorized, llap
-            LLAP IO: no inputs
+            LLAP IO: all inputs
             Path -> Alias:
 #### A masked pattern was here ####
             Path -> Partition:
@@ -2073,7 +2073,7 @@ STAGE PLANS:
                         value expressions: _col1 (type: string)
                         auto parallelism: true
             Execution mode: vectorized, llap
-            LLAP IO: no inputs
+            LLAP IO: all inputs
             Path -> Alias:
 #### A masked pattern was here ####
             Path -> Partition:
@@ -2234,7 +2234,7 @@ STAGE PLANS:
                       value expressions: _col0 (type: int), _col1 (type: string), _col2 (type: string)
                       auto parallelism: false
             Execution mode: vectorized, llap
-            LLAP IO: no inputs
+            LLAP IO: all inputs
             Path -> Alias:
 #### A masked pattern was here ####
             Path -> Partition:
@@ -2338,7 +2338,7 @@ STAGE PLANS:
                         value expressions: _col0 (type: string), _col1 (type: int), _col2 (type: string)
                         auto parallelism: false
             Execution mode: vectorized, llap
-            LLAP IO: no inputs
+            LLAP IO: all inputs
             Path -> Alias:
 #### A masked pattern was here ####
             Path -> Partition:
@@ -2502,7 +2502,7 @@ STAGE PLANS:
                         value expressions: _col0 (type: int), _col1 (type: string), _col2 (type: string)
                         auto parallelism: false
             Execution mode: vectorized, llap
-            LLAP IO: no inputs
+            LLAP IO: all inputs
             Path -> Alias:
 #### A masked pattern was here ####
             Path -> Partition:
@@ -2643,7 +2643,7 @@ STAGE PLANS:
                         value expressions: _col0 (type: string), _col1 (type: int), _col2 (type: string)
                         auto parallelism: false
             Execution mode: vectorized, llap
-            LLAP IO: no inputs
+            LLAP IO: all inputs
             Path -> Alias:
 #### A masked pattern was here ####
             Path -> Partition:
diff --git a/ql/src/test/results/clientpositive/llap/pointlookup3.q.out b/ql/src/test/results/clientpositive/llap/pointlookup3.q.out
index 7962d3391c..4e9ccd3e5e 100644
--- a/ql/src/test/results/clientpositive/llap/pointlookup3.q.out
+++ b/ql/src/test/results/clientpositive/llap/pointlookup3.q.out
@@ -101,7 +101,7 @@ STAGE PLANS:
                         tag: -1
                         auto parallelism: false
             Execution mode: vectorized, llap
-            LLAP IO: no inputs
+            LLAP IO: all inputs
             Path -> Alias:
 #### A masked pattern was here ####
             Path -> Partition:
@@ -281,7 +281,7 @@ STAGE PLANS:
                         tag: -1
                         auto parallelism: false
             Execution mode: vectorized, llap
-            LLAP IO: no inputs
+            LLAP IO: all inputs
             Path -> Alias:
 #### A masked pattern was here ####
             Path -> Partition:
@@ -430,7 +430,7 @@ STAGE PLANS:
                         value expressions: _col1 (type: string), _col2 (type: string)
                         auto parallelism: true
             Execution mode: vectorized, llap
-            LLAP IO: no inputs
+            LLAP IO: all inputs
             Path -> Alias:
 #### A masked pattern was here ####
             Path -> Partition:
@@ -500,7 +500,7 @@ STAGE PLANS:
                         value expressions: _col1 (type: string), _col2 (type: string)
                         auto parallelism: true
             Execution mode: vectorized, llap
-            LLAP IO: no inputs
+            LLAP IO: all inputs
             Path -> Alias:
 #### A masked pattern was here ####
             Path -> Partition:
@@ -674,7 +674,7 @@ STAGE PLANS:
                         value expressions: _col1 (type: string), _col2 (type: string)
                         auto parallelism: true
             Execution mode: vectorized, llap
-            LLAP IO: no inputs
+            LLAP IO: all inputs
             Path -> Alias:
 #### A masked pattern was here ####
             Path -> Partition:
@@ -744,7 +744,7 @@ STAGE PLANS:
                         value expressions: _col1 (type: string), _col2 (type: string)
                         auto parallelism: true
             Execution mode: vectorized, llap
-            LLAP IO: no inputs
+            LLAP IO: all inputs
             Path -> Alias:
 #### A masked pattern was here ####
             Path -> Partition:
@@ -914,7 +914,7 @@ STAGE PLANS:
                       value expressions: _col0 (type: int), _col1 (type: string), _col2 (type: string), _col3 (type: string), _col4 (type: boolean), _col5 (type: boolean)
                       auto parallelism: false
             Execution mode: vectorized, llap
-            LLAP IO: no inputs
+            LLAP IO: all inputs
             Path -> Alias:
 #### A masked pattern was here ####
             Path -> Partition:
@@ -1020,7 +1020,7 @@ STAGE PLANS:
                         value expressions: _col0 (type: int), _col1 (type: string), _col2 (type: string), _col3 (type: string), _col4 (type: boolean), _col5 (type: boolean)
                         auto parallelism: false
             Execution mode: vectorized, llap
-            LLAP IO: no inputs
+            LLAP IO: all inputs
             Path -> Alias:
 #### A masked pattern was here ####
             Path -> Partition:
@@ -1493,7 +1493,7 @@ STAGE PLANS:
                         tag: -1
                         auto parallelism: false
             Execution mode: vectorized, llap
-            LLAP IO: no inputs
+            LLAP IO: all inputs
             Path -> Alias:
 #### A masked pattern was here ####
             Path -> Partition:
@@ -1673,7 +1673,7 @@ STAGE PLANS:
                         tag: -1
                         auto parallelism: false
             Execution mode: vectorized, llap
-            LLAP IO: no inputs
+            LLAP IO: all inputs
             Path -> Alias:
 #### A masked pattern was here ####
             Path -> Partition:
@@ -1822,7 +1822,7 @@ STAGE PLANS:
                         value expressions: _col1 (type: string), _col2 (type: string)
                         auto parallelism: true
             Execution mode: vectorized, llap
-            LLAP IO: no inputs
+            LLAP IO: all inputs
             Path -> Alias:
 #### A masked pattern was here ####
             Path -> Partition:
@@ -1892,7 +1892,7 @@ STAGE PLANS:
                         value expressions: _col1 (type: string), _col2 (type: string)
                         auto parallelism: true
             Execution mode: vectorized, llap
-            LLAP IO: no inputs
+            LLAP IO: all inputs
             Path -> Alias:
 #### A masked pattern was here ####
             Path -> Partition:
@@ -2066,7 +2066,7 @@ STAGE PLANS:
                         value expressions: _col1 (type: string), _col2 (type: string)
                         auto parallelism: true
             Execution mode: vectorized, llap
-            LLAP IO: no inputs
+            LLAP IO: all inputs
             Path -> Alias:
 #### A masked pattern was here ####
             Path -> Partition:
@@ -2136,7 +2136,7 @@ STAGE PLANS:
                         value expressions: _col1 (type: string), _col2 (type: string)
                         auto parallelism: true
             Execution mode: vectorized, llap
-            LLAP IO: no inputs
+            LLAP IO: all inputs
             Path -> Alias:
 #### A masked pattern was here ####
             Path -> Partition:
@@ -2298,7 +2298,7 @@ STAGE PLANS:
                       value expressions: _col0 (type: int), _col1 (type: string), _col2 (type: string), _col3 (type: string)
                       auto parallelism: false
             Execution mode: vectorized, llap
-            LLAP IO: no inputs
+            LLAP IO: all inputs
             Path -> Alias:
 #### A masked pattern was here ####
             Path -> Partition:
@@ -2404,7 +2404,7 @@ STAGE PLANS:
                         value expressions: _col0 (type: int), _col1 (type: string), _col2 (type: string), _col3 (type: string)
                         auto parallelism: false
             Execution mode: vectorized, llap
-            LLAP IO: no inputs
+            LLAP IO: all inputs
             Path -> Alias:
 #### A masked pattern was here ####
             Path -> Partition:
diff --git a/ql/src/test/results/clientpositive/llap/pointlookup4.q.out b/ql/src/test/results/clientpositive/llap/pointlookup4.q.out
index 0eb6a5be48..fafc58c92a 100644
--- a/ql/src/test/results/clientpositive/llap/pointlookup4.q.out
+++ b/ql/src/test/results/clientpositive/llap/pointlookup4.q.out
@@ -101,7 +101,7 @@ STAGE PLANS:
                         tag: -1
                         auto parallelism: false
             Execution mode: vectorized, llap
-            LLAP IO: no inputs
+            LLAP IO: all inputs
             Path -> Alias:
 #### A masked pattern was here ####
             Path -> Partition:
@@ -301,7 +301,7 @@ STAGE PLANS:
                         tag: -1
                         auto parallelism: false
             Execution mode: vectorized, llap
-            LLAP IO: no inputs
+            LLAP IO: all inputs
             Path -> Alias:
 #### A masked pattern was here ####
             Path -> Partition:
diff --git a/ql/src/test/results/clientpositive/llap/pointlookup5.q.out b/ql/src/test/results/clientpositive/llap/pointlookup5.q.out
index d5d2a2affd..bbe6d5d0ff 100644
--- a/ql/src/test/results/clientpositive/llap/pointlookup5.q.out
+++ b/ql/src/test/results/clientpositive/llap/pointlookup5.q.out
@@ -97,7 +97,7 @@ STAGE PLANS:
                         Statistics: Num rows: 3 Data size: 48 Basic stats: COMPLETE Column stats: COMPLETE
                         value expressions: _col0 (type: int), _col2 (type: boolean), _col3 (type: boolean)
             Execution mode: vectorized, llap
-            LLAP IO: no inputs
+            LLAP IO: all inputs
         Map 3 
             Map Operator Tree:
                 TableScan
@@ -119,7 +119,7 @@ STAGE PLANS:
                         Statistics: Num rows: 3 Data size: 48 Basic stats: COMPLETE Column stats: COMPLETE
                         value expressions: _col0 (type: int), _col2 (type: boolean), _col3 (type: boolean)
             Execution mode: vectorized, llap
-            LLAP IO: no inputs
+            LLAP IO: all inputs
         Reducer 2 
             Execution mode: llap
             Reduce Operator Tree:
diff --git a/ql/src/test/results/clientpositive/llap/position_alias_test_1.q.out b/ql/src/test/results/clientpositive/llap/position_alias_test_1.q.out
index 043c18e212..a7aa3a22f5 100644
--- a/ql/src/test/results/clientpositive/llap/position_alias_test_1.q.out
+++ b/ql/src/test/results/clientpositive/llap/position_alias_test_1.q.out
@@ -84,7 +84,7 @@ STAGE PLANS:
                       Statistics: Num rows: 1 Data size: 188 Basic stats: COMPLETE Column stats: NONE
                       value expressions: _col0 (type: int), _col1 (type: string), _col2 (type: boolean)
             Execution mode: vectorized, llap
-            LLAP IO: no inputs
+            LLAP IO: all inputs
         Map 4 
             Map Operator Tree:
                 TableScan
@@ -107,7 +107,7 @@ STAGE PLANS:
                         Map-reduce partition columns: _col0 (type: string)
                         Statistics: Num rows: 1 Data size: 184 Basic stats: COMPLETE Column stats: NONE
             Execution mode: vectorized, llap
-            LLAP IO: no inputs
+            LLAP IO: all inputs
         Map 6 
             Map Operator Tree:
                 TableScan
@@ -129,7 +129,7 @@ STAGE PLANS:
                         Statistics: Num rows: 1 Data size: 188 Basic stats: COMPLETE Column stats: NONE
                         value expressions: _col1 (type: string)
             Execution mode: vectorized, llap
-            LLAP IO: no inputs
+            LLAP IO: all inputs
         Reducer 2 
             Execution mode: llap
             Reduce Operator Tree:
diff --git a/ql/src/test/results/clientpositive/llap/ppd2.q.out b/ql/src/test/results/clientpositive/llap/ppd2.q.out
index faa10a5771..184c580786 100644
--- a/ql/src/test/results/clientpositive/llap/ppd2.q.out
+++ b/ql/src/test/results/clientpositive/llap/ppd2.q.out
@@ -69,7 +69,7 @@ STAGE PLANS:
                         Statistics: Num rows: 250 Data size: 23750 Basic stats: COMPLETE Column stats: COMPLETE
                         value expressions: _col1 (type: bigint)
             Execution mode: vectorized, llap
-            LLAP IO: no inputs
+            LLAP IO: all inputs
         Reducer 2 
             Execution mode: vectorized, llap
             Reduce Operator Tree:
@@ -361,7 +361,7 @@ STAGE PLANS:
                       Statistics: Num rows: 2 Data size: 356 Basic stats: COMPLETE Column stats: COMPLETE
                       value expressions: value (type: string)
             Execution mode: vectorized, llap
-            LLAP IO: no inputs
+            LLAP IO: all inputs
         Map 4 
             Map Operator Tree:
                 TableScan
@@ -378,7 +378,7 @@ STAGE PLANS:
                       Map-reduce partition columns: key (type: string)
                       Statistics: Num rows: 2 Data size: 174 Basic stats: COMPLETE Column stats: COMPLETE
             Execution mode: vectorized, llap
-            LLAP IO: no inputs
+            LLAP IO: all inputs
         Reducer 2 
             Execution mode: llap
             Reduce Operator Tree:
@@ -493,7 +493,7 @@ STAGE PLANS:
                         Statistics: Num rows: 250 Data size: 23750 Basic stats: COMPLETE Column stats: COMPLETE
                         value expressions: _col1 (type: bigint)
             Execution mode: vectorized, llap
-            LLAP IO: no inputs
+            LLAP IO: all inputs
         Reducer 2 
             Execution mode: vectorized, llap
             Reduce Operator Tree:
diff --git a/ql/src/test/results/clientpositive/llap/ppd_clusterby.q.out b/ql/src/test/results/clientpositive/llap/ppd_clusterby.q.out
index f1d60992eb..23746987d5 100644
--- a/ql/src/test/results/clientpositive/llap/ppd_clusterby.q.out
+++ b/ql/src/test/results/clientpositive/llap/ppd_clusterby.q.out
@@ -41,7 +41,7 @@ STAGE PLANS:
                         Statistics: Num rows: 2 Data size: 356 Basic stats: COMPLETE Column stats: COMPLETE
                         value expressions: _col1 (type: string)
             Execution mode: vectorized, llap
-            LLAP IO: no inputs
+            LLAP IO: all inputs
         Reducer 2 
             Execution mode: vectorized, llap
             Reduce Operator Tree:
@@ -112,7 +112,7 @@ STAGE PLANS:
                       Statistics: Num rows: 2 Data size: 356 Basic stats: COMPLETE Column stats: COMPLETE
                       value expressions: value (type: string)
             Execution mode: vectorized, llap
-            LLAP IO: no inputs
+            LLAP IO: all inputs
         Map 4 
             Map Operator Tree:
                 TableScan
@@ -129,7 +129,7 @@ STAGE PLANS:
                       Map-reduce partition columns: key (type: string)
                       Statistics: Num rows: 2 Data size: 174 Basic stats: COMPLETE Column stats: COMPLETE
             Execution mode: vectorized, llap
-            LLAP IO: no inputs
+            LLAP IO: all inputs
         Reducer 2 
             Execution mode: llap
             Reduce Operator Tree:
@@ -228,7 +228,7 @@ STAGE PLANS:
                         Statistics: Num rows: 2 Data size: 356 Basic stats: COMPLETE Column stats: COMPLETE
                         value expressions: _col1 (type: string)
             Execution mode: vectorized, llap
-            LLAP IO: no inputs
+            LLAP IO: all inputs
         Reducer 2 
             Execution mode: vectorized, llap
             Reduce Operator Tree:
@@ -299,7 +299,7 @@ STAGE PLANS:
                       Statistics: Num rows: 2 Data size: 356 Basic stats: COMPLETE Column stats: COMPLETE
                       value expressions: value (type: string)
             Execution mode: vectorized, llap
-            LLAP IO: no inputs
+            LLAP IO: all inputs
         Map 4 
             Map Operator Tree:
                 TableScan
@@ -316,7 +316,7 @@ STAGE PLANS:
                       Map-reduce partition columns: key (type: string)
                       Statistics: Num rows: 2 Data size: 174 Basic stats: COMPLETE Column stats: COMPLETE
             Execution mode: vectorized, llap
-            LLAP IO: no inputs
+            LLAP IO: all inputs
         Reducer 2 
             Execution mode: llap
             Reduce Operator Tree:
diff --git a/ql/src/test/results/clientpositive/llap/ppd_constant_expr.q.out b/ql/src/test/results/clientpositive/llap/ppd_constant_expr.q.out
index 866b924bd8..f73fe368b5 100644
--- a/ql/src/test/results/clientpositive/llap/ppd_constant_expr.q.out
+++ b/ql/src/test/results/clientpositive/llap/ppd_constant_expr.q.out
@@ -65,7 +65,7 @@ STAGE PLANS:
                           Statistics: Num rows: 1 Data size: 568 Basic stats: COMPLETE Column stats: COMPLETE
                           value expressions: _col0 (type: int), _col1 (type: struct<count:bigint,sum:double,input:int>), _col2 (type: bigint), _col3 (type: bigint), _col4 (type: binary), _col5 (type: int), _col6 (type: int), _col7 (type: bigint), _col8 (type: binary), _col9 (type: double), _col10 (type: double), _col11 (type: bigint), _col12 (type: binary)
             Execution mode: llap
-            LLAP IO: no inputs
+            LLAP IO: all inputs
         Reducer 2 
             Execution mode: llap
             Reduce Operator Tree:
@@ -212,7 +212,7 @@ STAGE PLANS:
                           Statistics: Num rows: 1 Data size: 568 Basic stats: COMPLETE Column stats: COMPLETE
                           value expressions: _col0 (type: int), _col1 (type: struct<count:bigint,sum:double,input:int>), _col2 (type: bigint), _col3 (type: bigint), _col4 (type: binary), _col5 (type: int), _col6 (type: int), _col7 (type: bigint), _col8 (type: binary), _col9 (type: double), _col10 (type: double), _col11 (type: bigint), _col12 (type: binary)
             Execution mode: llap
-            LLAP IO: no inputs
+            LLAP IO: all inputs
         Reducer 2 
             Execution mode: llap
             Reduce Operator Tree:
diff --git a/ql/src/test/results/clientpositive/llap/ppd_gby.q.out b/ql/src/test/results/clientpositive/llap/ppd_gby.q.out
index af5537f19d..e23401431c 100644
--- a/ql/src/test/results/clientpositive/llap/ppd_gby.q.out
+++ b/ql/src/test/results/clientpositive/llap/ppd_gby.q.out
@@ -50,7 +50,7 @@ STAGE PLANS:
                         Statistics: Num rows: 83 Data size: 8217 Basic stats: COMPLETE Column stats: COMPLETE
                         value expressions: _col1 (type: bigint)
             Execution mode: vectorized, llap
-            LLAP IO: no inputs
+            LLAP IO: all inputs
         Reducer 2 
             Execution mode: vectorized, llap
             Reduce Operator Tree:
@@ -276,7 +276,7 @@ STAGE PLANS:
                         Statistics: Num rows: 83 Data size: 8217 Basic stats: COMPLETE Column stats: COMPLETE
                         value expressions: _col1 (type: bigint)
             Execution mode: vectorized, llap
-            LLAP IO: no inputs
+            LLAP IO: all inputs
         Reducer 2 
             Execution mode: vectorized, llap
             Reduce Operator Tree:
diff --git a/ql/src/test/results/clientpositive/llap/ppd_gby2.q.out b/ql/src/test/results/clientpositive/llap/ppd_gby2.q.out
index 007b434258..1e9c8eab95 100644
--- a/ql/src/test/results/clientpositive/llap/ppd_gby2.q.out
+++ b/ql/src/test/results/clientpositive/llap/ppd_gby2.q.out
@@ -53,7 +53,7 @@ STAGE PLANS:
                         Statistics: Num rows: 83 Data size: 8217 Basic stats: COMPLETE Column stats: COMPLETE
                         value expressions: _col1 (type: bigint)
             Execution mode: vectorized, llap
-            LLAP IO: no inputs
+            LLAP IO: all inputs
         Reducer 2 
             Execution mode: vectorized, llap
             Reduce Operator Tree:
@@ -183,7 +183,7 @@ STAGE PLANS:
                         Statistics: Num rows: 83 Data size: 8217 Basic stats: COMPLETE Column stats: COMPLETE
                         value expressions: _col1 (type: bigint)
             Execution mode: vectorized, llap
-            LLAP IO: no inputs
+            LLAP IO: all inputs
         Reducer 2 
             Execution mode: vectorized, llap
             Reduce Operator Tree:
diff --git a/ql/src/test/results/clientpositive/llap/ppd_gby_join.q.out b/ql/src/test/results/clientpositive/llap/ppd_gby_join.q.out
index b9081e10bc..a667bb8e70 100644
--- a/ql/src/test/results/clientpositive/llap/ppd_gby_join.q.out
+++ b/ql/src/test/results/clientpositive/llap/ppd_gby_join.q.out
@@ -55,7 +55,7 @@ STAGE PLANS:
                         Map-reduce partition columns: _col0 (type: string)
                         Statistics: Num rows: 36 Data size: 3132 Basic stats: COMPLETE Column stats: COMPLETE
             Execution mode: vectorized, llap
-            LLAP IO: no inputs
+            LLAP IO: all inputs
         Map 4 
             Map Operator Tree:
                 TableScan
@@ -76,7 +76,7 @@ STAGE PLANS:
                         Map-reduce partition columns: _col0 (type: string)
                         Statistics: Num rows: 55 Data size: 4785 Basic stats: COMPLETE Column stats: COMPLETE
             Execution mode: vectorized, llap
-            LLAP IO: no inputs
+            LLAP IO: all inputs
         Reducer 2 
             Execution mode: llap
             Reduce Operator Tree:
@@ -333,7 +333,7 @@ STAGE PLANS:
                         Map-reduce partition columns: _col0 (type: string)
                         Statistics: Num rows: 36 Data size: 3132 Basic stats: COMPLETE Column stats: COMPLETE
             Execution mode: vectorized, llap
-            LLAP IO: no inputs
+            LLAP IO: all inputs
         Map 4 
             Map Operator Tree:
                 TableScan
@@ -354,7 +354,7 @@ STAGE PLANS:
                         Map-reduce partition columns: _col0 (type: string)
                         Statistics: Num rows: 55 Data size: 4785 Basic stats: COMPLETE Column stats: COMPLETE
             Execution mode: vectorized, llap
-            LLAP IO: no inputs
+            LLAP IO: all inputs
         Reducer 2 
             Execution mode: llap
             Reduce Operator Tree:
diff --git a/ql/src/test/results/clientpositive/llap/ppd_join.q.out b/ql/src/test/results/clientpositive/llap/ppd_join.q.out
index 86f9b5ec57..4a61ca1a41 100644
--- a/ql/src/test/results/clientpositive/llap/ppd_join.q.out
+++ b/ql/src/test/results/clientpositive/llap/ppd_join.q.out
@@ -52,7 +52,7 @@ STAGE PLANS:
                         Map-reduce partition columns: _col0 (type: string)
                         Statistics: Num rows: 36 Data size: 3132 Basic stats: COMPLETE Column stats: COMPLETE
             Execution mode: vectorized, llap
-            LLAP IO: no inputs
+            LLAP IO: all inputs
         Map 3 
             Map Operator Tree:
                 TableScan
@@ -74,7 +74,7 @@ STAGE PLANS:
                         Statistics: Num rows: 55 Data size: 9790 Basic stats: COMPLETE Column stats: COMPLETE
                         value expressions: _col1 (type: string)
             Execution mode: vectorized, llap
-            LLAP IO: no inputs
+            LLAP IO: all inputs
         Reducer 2 
             Execution mode: llap
             Reduce Operator Tree:
@@ -596,7 +596,7 @@ STAGE PLANS:
                         Map-reduce partition columns: _col0 (type: string)
                         Statistics: Num rows: 36 Data size: 3132 Basic stats: COMPLETE Column stats: COMPLETE
             Execution mode: vectorized, llap
-            LLAP IO: no inputs
+            LLAP IO: all inputs
         Map 3 
             Map Operator Tree:
                 TableScan
@@ -618,7 +618,7 @@ STAGE PLANS:
                         Statistics: Num rows: 55 Data size: 9790 Basic stats: COMPLETE Column stats: COMPLETE
                         value expressions: _col1 (type: string)
             Execution mode: vectorized, llap
-            LLAP IO: no inputs
+            LLAP IO: all inputs
         Reducer 2 
             Execution mode: llap
             Reduce Operator Tree:
diff --git a/ql/src/test/results/clientpositive/llap/ppd_join2.q.out b/ql/src/test/results/clientpositive/llap/ppd_join2.q.out
index 28289eac59..6c4be0aa97 100644
--- a/ql/src/test/results/clientpositive/llap/ppd_join2.q.out
+++ b/ql/src/test/results/clientpositive/llap/ppd_join2.q.out
@@ -60,7 +60,7 @@ STAGE PLANS:
                         Statistics: Num rows: 166 Data size: 29548 Basic stats: COMPLETE Column stats: COMPLETE
                         value expressions: _col1 (type: string)
             Execution mode: vectorized, llap
-            LLAP IO: no inputs
+            LLAP IO: all inputs
         Map 4 
             Map Operator Tree:
                 TableScan
@@ -95,7 +95,7 @@ STAGE PLANS:
                         Statistics: Num rows: 166 Data size: 29548 Basic stats: COMPLETE Column stats: COMPLETE
                         value expressions: _col1 (type: string)
             Execution mode: vectorized, llap
-            LLAP IO: no inputs
+            LLAP IO: all inputs
         Reducer 2 
             Execution mode: llap
             Reduce Operator Tree:
@@ -1750,7 +1750,7 @@ STAGE PLANS:
                         Statistics: Num rows: 166 Data size: 29548 Basic stats: COMPLETE Column stats: COMPLETE
                         value expressions: _col1 (type: string)
             Execution mode: vectorized, llap
-            LLAP IO: no inputs
+            LLAP IO: all inputs
         Map 4 
             Map Operator Tree:
                 TableScan
@@ -1785,7 +1785,7 @@ STAGE PLANS:
                         Statistics: Num rows: 166 Data size: 29548 Basic stats: COMPLETE Column stats: COMPLETE
                         value expressions: _col1 (type: string)
             Execution mode: vectorized, llap
-            LLAP IO: no inputs
+            LLAP IO: all inputs
         Reducer 2 
             Execution mode: llap
             Reduce Operator Tree:
diff --git a/ql/src/test/results/clientpositive/llap/ppd_join3.q.out b/ql/src/test/results/clientpositive/llap/ppd_join3.q.out
index 8f09bfc0d5..50f9b2c400 100644
--- a/ql/src/test/results/clientpositive/llap/ppd_join3.q.out
+++ b/ql/src/test/results/clientpositive/llap/ppd_join3.q.out
@@ -59,7 +59,7 @@ STAGE PLANS:
                         Map-reduce partition columns: _col0 (type: string)
                         Statistics: Num rows: 55 Data size: 4785 Basic stats: COMPLETE Column stats: COMPLETE
             Execution mode: vectorized, llap
-            LLAP IO: no inputs
+            LLAP IO: all inputs
         Map 4 
             Map Operator Tree:
                 TableScan
@@ -94,7 +94,7 @@ STAGE PLANS:
                         Map-reduce partition columns: _col0 (type: string)
                         Statistics: Num rows: 55 Data size: 4785 Basic stats: COMPLETE Column stats: COMPLETE
             Execution mode: vectorized, llap
-            LLAP IO: no inputs
+            LLAP IO: all inputs
         Reducer 2 
             Execution mode: llap
             Reduce Operator Tree:
@@ -1804,7 +1804,7 @@ STAGE PLANS:
                         Map-reduce partition columns: _col0 (type: string)
                         Statistics: Num rows: 55 Data size: 4785 Basic stats: COMPLETE Column stats: COMPLETE
             Execution mode: vectorized, llap
-            LLAP IO: no inputs
+            LLAP IO: all inputs
         Map 4 
             Map Operator Tree:
                 TableScan
@@ -1839,7 +1839,7 @@ STAGE PLANS:
                         Map-reduce partition columns: _col0 (type: string)
                         Statistics: Num rows: 55 Data size: 4785 Basic stats: COMPLETE Column stats: COMPLETE
             Execution mode: vectorized, llap
-            LLAP IO: no inputs
+            LLAP IO: all inputs
         Reducer 2 
             Execution mode: llap
             Reduce Operator Tree:
diff --git a/ql/src/test/results/clientpositive/llap/ppd_join4.q.out b/ql/src/test/results/clientpositive/llap/ppd_join4.q.out
index b8f896f6df..2b07a3ba5b 100644
--- a/ql/src/test/results/clientpositive/llap/ppd_join4.q.out
+++ b/ql/src/test/results/clientpositive/llap/ppd_join4.q.out
@@ -77,7 +77,7 @@ STAGE PLANS:
                         sort order: 
                         Statistics: Num rows: 1 Data size: 4 Basic stats: COMPLETE Column stats: COMPLETE
             Execution mode: vectorized, llap
-            LLAP IO: no inputs
+            LLAP IO: all inputs
         Map 3 
             Map Operator Tree:
                 TableScan
@@ -94,7 +94,7 @@ STAGE PLANS:
                         sort order: 
                         Statistics: Num rows: 1 Data size: 85 Basic stats: COMPLETE Column stats: COMPLETE
             Execution mode: vectorized, llap
-            LLAP IO: no inputs
+            LLAP IO: all inputs
         Reducer 2 
             Execution mode: llap
             Reduce Operator Tree:
diff --git a/ql/src/test/results/clientpositive/llap/ppd_join5.q.out b/ql/src/test/results/clientpositive/llap/ppd_join5.q.out
index 91d8787cbe..c27f23e6c3 100644
--- a/ql/src/test/results/clientpositive/llap/ppd_join5.q.out
+++ b/ql/src/test/results/clientpositive/llap/ppd_join5.q.out
@@ -81,7 +81,7 @@ STAGE PLANS:
                         Statistics: Num rows: 1 Data size: 170 Basic stats: COMPLETE Column stats: COMPLETE
                         value expressions: _col0 (type: string), _col1 (type: string)
             Execution mode: vectorized, llap
-            LLAP IO: no inputs
+            LLAP IO: all inputs
         Map 4 
             Map Operator Tree:
                 TableScan
@@ -115,7 +115,7 @@ STAGE PLANS:
                         Statistics: Num rows: 1 Data size: 89 Basic stats: COMPLETE Column stats: COMPLETE
                         value expressions: _col1 (type: int)
             Execution mode: vectorized, llap
-            LLAP IO: no inputs
+            LLAP IO: all inputs
         Reducer 2 
             Execution mode: llap
             Reduce Operator Tree:
@@ -217,7 +217,7 @@ STAGE PLANS:
                         Map-reduce partition columns: _col0 (type: string), _col1 (type: string)
                         Statistics: Num rows: 1 Data size: 170 Basic stats: COMPLETE Column stats: COMPLETE
             Execution mode: vectorized, llap
-            LLAP IO: no inputs
+            LLAP IO: all inputs
         Map 4 
             Map Operator Tree:
                 TableScan
@@ -251,7 +251,7 @@ STAGE PLANS:
                         Statistics: Num rows: 1 Data size: 4 Basic stats: COMPLETE Column stats: COMPLETE
                         value expressions: _col0 (type: int)
             Execution mode: vectorized, llap
-            LLAP IO: no inputs
+            LLAP IO: all inputs
         Reducer 2 
             Execution mode: llap
             Reduce Operator Tree:
diff --git a/ql/src/test/results/clientpositive/llap/ppd_join_filter.q.out b/ql/src/test/results/clientpositive/llap/ppd_join_filter.q.out
index 52db4aaa1c..98a8f9084a 100644
--- a/ql/src/test/results/clientpositive/llap/ppd_join_filter.q.out
+++ b/ql/src/test/results/clientpositive/llap/ppd_join_filter.q.out
@@ -94,7 +94,7 @@ STAGE PLANS:
                         value expressions: _col1 (type: string)
                         auto parallelism: true
             Execution mode: vectorized, llap
-            LLAP IO: no inputs
+            LLAP IO: all inputs
             Path -> Alias:
 #### A masked pattern was here ####
             Path -> Partition:
@@ -339,7 +339,7 @@ STAGE PLANS:
                         value expressions: _col1 (type: string)
                         auto parallelism: true
             Execution mode: vectorized, llap
-            LLAP IO: no inputs
+            LLAP IO: all inputs
             Path -> Alias:
 #### A masked pattern was here ####
             Path -> Partition:
@@ -583,7 +583,7 @@ STAGE PLANS:
                         value expressions: _col1 (type: string)
                         auto parallelism: true
             Execution mode: vectorized, llap
-            LLAP IO: no inputs
+            LLAP IO: all inputs
             Path -> Alias:
 #### A masked pattern was here ####
             Path -> Partition:
@@ -828,7 +828,7 @@ STAGE PLANS:
                         value expressions: _col1 (type: string)
                         auto parallelism: true
             Execution mode: vectorized, llap
-            LLAP IO: no inputs
+            LLAP IO: all inputs
             Path -> Alias:
 #### A masked pattern was here ####
             Path -> Partition:
diff --git a/ql/src/test/results/clientpositive/llap/ppd_multi_insert.q.out b/ql/src/test/results/clientpositive/llap/ppd_multi_insert.q.out
index d1b71afb93..23f558b451 100644
--- a/ql/src/test/results/clientpositive/llap/ppd_multi_insert.q.out
+++ b/ql/src/test/results/clientpositive/llap/ppd_multi_insert.q.out
@@ -93,7 +93,7 @@ STAGE PLANS:
                       Statistics: Num rows: 500 Data size: 89000 Basic stats: COMPLETE Column stats: COMPLETE
                       value expressions: value (type: string)
             Execution mode: vectorized, llap
-            LLAP IO: no inputs
+            LLAP IO: all inputs
         Map 6 
             Map Operator Tree:
                 TableScan
@@ -110,7 +110,7 @@ STAGE PLANS:
                       Map-reduce partition columns: key (type: string)
                       Statistics: Num rows: 500 Data size: 43500 Basic stats: COMPLETE Column stats: COMPLETE
             Execution mode: vectorized, llap
-            LLAP IO: no inputs
+            LLAP IO: all inputs
         Reducer 2 
             Execution mode: llap
             Reduce Operator Tree:
@@ -1514,7 +1514,7 @@ STAGE PLANS:
                       Statistics: Num rows: 500 Data size: 89000 Basic stats: COMPLETE Column stats: COMPLETE
                       value expressions: value (type: string)
             Execution mode: vectorized, llap
-            LLAP IO: no inputs
+            LLAP IO: all inputs
         Map 6 
             Map Operator Tree:
                 TableScan
@@ -1531,7 +1531,7 @@ STAGE PLANS:
                       Map-reduce partition columns: key (type: string)
                       Statistics: Num rows: 500 Data size: 43500 Basic stats: COMPLETE Column stats: COMPLETE
             Execution mode: vectorized, llap
-            LLAP IO: no inputs
+            LLAP IO: all inputs
         Reducer 2 
             Execution mode: llap
             Reduce Operator Tree:
diff --git a/ql/src/test/results/clientpositive/llap/ppd_outer_join1.q.out b/ql/src/test/results/clientpositive/llap/ppd_outer_join1.q.out
index 8aca42d17b..0d3968ab46 100644
--- a/ql/src/test/results/clientpositive/llap/ppd_outer_join1.q.out
+++ b/ql/src/test/results/clientpositive/llap/ppd_outer_join1.q.out
@@ -53,7 +53,7 @@ STAGE PLANS:
                         Statistics: Num rows: 55 Data size: 9790 Basic stats: COMPLETE Column stats: COMPLETE
                         value expressions: _col1 (type: string)
             Execution mode: vectorized, llap
-            LLAP IO: no inputs
+            LLAP IO: all inputs
         Map 3 
             Map Operator Tree:
                 TableScan
@@ -75,7 +75,7 @@ STAGE PLANS:
                         Statistics: Num rows: 55 Data size: 9790 Basic stats: COMPLETE Column stats: COMPLETE
                         value expressions: _col1 (type: string)
             Execution mode: vectorized, llap
-            LLAP IO: no inputs
+            LLAP IO: all inputs
         Reducer 2 
             Execution mode: llap
             Reduce Operator Tree:
@@ -182,7 +182,7 @@ STAGE PLANS:
                         Statistics: Num rows: 55 Data size: 9790 Basic stats: COMPLETE Column stats: COMPLETE
                         value expressions: _col1 (type: string)
             Execution mode: vectorized, llap
-            LLAP IO: no inputs
+            LLAP IO: all inputs
         Map 3 
             Map Operator Tree:
                 TableScan
@@ -204,7 +204,7 @@ STAGE PLANS:
                         Statistics: Num rows: 55 Data size: 9790 Basic stats: COMPLETE Column stats: COMPLETE
                         value expressions: _col1 (type: string)
             Execution mode: vectorized, llap
-            LLAP IO: no inputs
+            LLAP IO: all inputs
         Reducer 2 
             Execution mode: llap
             Reduce Operator Tree:
diff --git a/ql/src/test/results/clientpositive/llap/ppd_outer_join2.q.out b/ql/src/test/results/clientpositive/llap/ppd_outer_join2.q.out
index 297ad94bcf..85f14e5b09 100644
--- a/ql/src/test/results/clientpositive/llap/ppd_outer_join2.q.out
+++ b/ql/src/test/results/clientpositive/llap/ppd_outer_join2.q.out
@@ -53,7 +53,7 @@ STAGE PLANS:
                         Statistics: Num rows: 55 Data size: 9790 Basic stats: COMPLETE Column stats: COMPLETE
                         value expressions: _col1 (type: string)
             Execution mode: vectorized, llap
-            LLAP IO: no inputs
+            LLAP IO: all inputs
         Map 3 
             Map Operator Tree:
                 TableScan
@@ -75,7 +75,7 @@ STAGE PLANS:
                         Statistics: Num rows: 55 Data size: 9790 Basic stats: COMPLETE Column stats: COMPLETE
                         value expressions: _col1 (type: string)
             Execution mode: vectorized, llap
-            LLAP IO: no inputs
+            LLAP IO: all inputs
         Reducer 2 
             Execution mode: llap
             Reduce Operator Tree:
@@ -302,7 +302,7 @@ STAGE PLANS:
                         Statistics: Num rows: 55 Data size: 9790 Basic stats: COMPLETE Column stats: COMPLETE
                         value expressions: _col1 (type: string)
             Execution mode: vectorized, llap
-            LLAP IO: no inputs
+            LLAP IO: all inputs
         Map 3 
             Map Operator Tree:
                 TableScan
@@ -324,7 +324,7 @@ STAGE PLANS:
                         Statistics: Num rows: 55 Data size: 9790 Basic stats: COMPLETE Column stats: COMPLETE
                         value expressions: _col1 (type: string)
             Execution mode: vectorized, llap
-            LLAP IO: no inputs
+            LLAP IO: all inputs
         Reducer 2 
             Execution mode: llap
             Reduce Operator Tree:
diff --git a/ql/src/test/results/clientpositive/llap/ppd_outer_join3.q.out b/ql/src/test/results/clientpositive/llap/ppd_outer_join3.q.out
index fe06614499..4566700e2b 100644
--- a/ql/src/test/results/clientpositive/llap/ppd_outer_join3.q.out
+++ b/ql/src/test/results/clientpositive/llap/ppd_outer_join3.q.out
@@ -53,7 +53,7 @@ STAGE PLANS:
                         Statistics: Num rows: 55 Data size: 9790 Basic stats: COMPLETE Column stats: COMPLETE
                         value expressions: _col1 (type: string)
             Execution mode: vectorized, llap
-            LLAP IO: no inputs
+            LLAP IO: all inputs
         Map 3 
             Map Operator Tree:
                 TableScan
@@ -75,7 +75,7 @@ STAGE PLANS:
                         Statistics: Num rows: 55 Data size: 9790 Basic stats: COMPLETE Column stats: COMPLETE
                         value expressions: _col1 (type: string)
             Execution mode: vectorized, llap
-            LLAP IO: no inputs
+            LLAP IO: all inputs
         Reducer 2 
             Execution mode: llap
             Reduce Operator Tree:
@@ -302,7 +302,7 @@ STAGE PLANS:
                         Statistics: Num rows: 55 Data size: 9790 Basic stats: COMPLETE Column stats: COMPLETE
                         value expressions: _col1 (type: string)
             Execution mode: vectorized, llap
-            LLAP IO: no inputs
+            LLAP IO: all inputs
         Map 3 
             Map Operator Tree:
                 TableScan
@@ -324,7 +324,7 @@ STAGE PLANS:
                         Statistics: Num rows: 55 Data size: 9790 Basic stats: COMPLETE Column stats: COMPLETE
                         value expressions: _col1 (type: string)
             Execution mode: vectorized, llap
-            LLAP IO: no inputs
+            LLAP IO: all inputs
         Reducer 2 
             Execution mode: llap
             Reduce Operator Tree:
diff --git a/ql/src/test/results/clientpositive/llap/ppd_outer_join4.q.out b/ql/src/test/results/clientpositive/llap/ppd_outer_join4.q.out
index c50e8306b2..cfca7afd39 100644
--- a/ql/src/test/results/clientpositive/llap/ppd_outer_join4.q.out
+++ b/ql/src/test/results/clientpositive/llap/ppd_outer_join4.q.out
@@ -59,7 +59,7 @@ STAGE PLANS:
                         Map-reduce partition columns: _col0 (type: string)
                         Statistics: Num rows: 55 Data size: 4785 Basic stats: COMPLETE Column stats: COMPLETE
             Execution mode: vectorized, llap
-            LLAP IO: no inputs
+            LLAP IO: all inputs
         Map 4 
             Map Operator Tree:
                 TableScan
@@ -88,7 +88,7 @@ STAGE PLANS:
                         Statistics: Num rows: 55 Data size: 9790 Basic stats: COMPLETE Column stats: COMPLETE
                         value expressions: _col1 (type: string)
             Execution mode: vectorized, llap
-            LLAP IO: no inputs
+            LLAP IO: all inputs
         Reducer 2 
             Execution mode: llap
             Reduce Operator Tree:
@@ -453,7 +453,7 @@ STAGE PLANS:
                         Map-reduce partition columns: _col0 (type: string)
                         Statistics: Num rows: 55 Data size: 4785 Basic stats: COMPLETE Column stats: COMPLETE
             Execution mode: vectorized, llap
-            LLAP IO: no inputs
+            LLAP IO: all inputs
         Map 4 
             Map Operator Tree:
                 TableScan
@@ -482,7 +482,7 @@ STAGE PLANS:
                         Statistics: Num rows: 55 Data size: 9790 Basic stats: COMPLETE Column stats: COMPLETE
                         value expressions: _col1 (type: string)
             Execution mode: vectorized, llap
-            LLAP IO: no inputs
+            LLAP IO: all inputs
         Reducer 2 
             Execution mode: llap
             Reduce Operator Tree:
diff --git a/ql/src/test/results/clientpositive/llap/ppd_outer_join5.q.out b/ql/src/test/results/clientpositive/llap/ppd_outer_join5.q.out
index 49c0f44c5a..b7b204e4ce 100644
--- a/ql/src/test/results/clientpositive/llap/ppd_outer_join5.q.out
+++ b/ql/src/test/results/clientpositive/llap/ppd_outer_join5.q.out
@@ -76,7 +76,7 @@ STAGE PLANS:
                         Statistics: Num rows: 1 Data size: 372 Basic stats: COMPLETE Column stats: NONE
                         value expressions: _col0 (type: int), _col1 (type: string), _col2 (type: string)
             Execution mode: vectorized, llap
-            LLAP IO: no inputs
+            LLAP IO: all inputs
         Map 4 
             Map Operator Tree:
                 TableScan
@@ -96,7 +96,7 @@ STAGE PLANS:
                         Statistics: Num rows: 1 Data size: 372 Basic stats: COMPLETE Column stats: NONE
                         value expressions: _col0 (type: string), _col1 (type: string)
             Execution mode: vectorized, llap
-            LLAP IO: no inputs
+            LLAP IO: all inputs
         Map 5 
             Map Operator Tree:
                 TableScan
@@ -116,7 +116,7 @@ STAGE PLANS:
                         Statistics: Num rows: 1 Data size: 372 Basic stats: COMPLETE Column stats: NONE
                         value expressions: _col0 (type: string), _col1 (type: string)
             Execution mode: vectorized, llap
-            LLAP IO: no inputs
+            LLAP IO: all inputs
         Reducer 2 
             Execution mode: llap
             Reduce Operator Tree:
@@ -211,7 +211,7 @@ STAGE PLANS:
                         Statistics: Num rows: 1 Data size: 372 Basic stats: COMPLETE Column stats: NONE
                         value expressions: _col0 (type: string), _col1 (type: string)
             Execution mode: vectorized, llap
-            LLAP IO: no inputs
+            LLAP IO: all inputs
         Map 4 
             Map Operator Tree:
                 TableScan
@@ -231,7 +231,7 @@ STAGE PLANS:
                         Statistics: Num rows: 1 Data size: 372 Basic stats: COMPLETE Column stats: NONE
                         value expressions: _col0 (type: string), _col1 (type: string)
             Execution mode: vectorized, llap
-            LLAP IO: no inputs
+            LLAP IO: all inputs
         Map 5 
             Map Operator Tree:
                 TableScan
@@ -251,7 +251,7 @@ STAGE PLANS:
                         Statistics: Num rows: 1 Data size: 372 Basic stats: COMPLETE Column stats: NONE
                         value expressions: _col0 (type: int), _col1 (type: string), _col2 (type: string)
             Execution mode: vectorized, llap
-            LLAP IO: no inputs
+            LLAP IO: all inputs
         Reducer 2 
             Execution mode: llap
             Reduce Operator Tree:
@@ -343,7 +343,7 @@ STAGE PLANS:
                         Statistics: Num rows: 1 Data size: 372 Basic stats: COMPLETE Column stats: NONE
                         value expressions: _col0 (type: string), _col1 (type: string)
             Execution mode: vectorized, llap
-            LLAP IO: no inputs
+            LLAP IO: all inputs
         Map 4 
             Map Operator Tree:
                 TableScan
@@ -363,7 +363,7 @@ STAGE PLANS:
                         Statistics: Num rows: 1 Data size: 372 Basic stats: COMPLETE Column stats: NONE
                         value expressions: _col0 (type: string), _col1 (type: string)
             Execution mode: vectorized, llap
-            LLAP IO: no inputs
+            LLAP IO: all inputs
         Map 5 
             Map Operator Tree:
                 TableScan
@@ -383,7 +383,7 @@ STAGE PLANS:
                         Statistics: Num rows: 1 Data size: 372 Basic stats: COMPLETE Column stats: NONE
                         value expressions: _col0 (type: int), _col1 (type: string), _col2 (type: string)
             Execution mode: vectorized, llap
-            LLAP IO: no inputs
+            LLAP IO: all inputs
         Reducer 2 
             Execution mode: llap
             Reduce Operator Tree:
diff --git a/ql/src/test/results/clientpositive/llap/ppd_random.q.out b/ql/src/test/results/clientpositive/llap/ppd_random.q.out
index cf7b0aab60..7a2c0d0a5d 100644
--- a/ql/src/test/results/clientpositive/llap/ppd_random.q.out
+++ b/ql/src/test/results/clientpositive/llap/ppd_random.q.out
@@ -52,7 +52,7 @@ STAGE PLANS:
                         Map-reduce partition columns: _col0 (type: string)
                         Statistics: Num rows: 166 Data size: 14442 Basic stats: COMPLETE Column stats: COMPLETE
             Execution mode: vectorized, llap
-            LLAP IO: no inputs
+            LLAP IO: all inputs
         Map 3 
             Map Operator Tree:
                 TableScan
@@ -74,7 +74,7 @@ STAGE PLANS:
                         Statistics: Num rows: 166 Data size: 29548 Basic stats: COMPLETE Column stats: COMPLETE
                         value expressions: _col1 (type: string)
             Execution mode: vectorized, llap
-            LLAP IO: no inputs
+            LLAP IO: all inputs
         Reducer 2 
             Execution mode: llap
             Reduce Operator Tree:
@@ -161,7 +161,7 @@ STAGE PLANS:
                         Map-reduce partition columns: _col0 (type: string)
                         Statistics: Num rows: 166 Data size: 14442 Basic stats: COMPLETE Column stats: COMPLETE
             Execution mode: vectorized, llap
-            LLAP IO: no inputs
+            LLAP IO: all inputs
         Map 3 
             Map Operator Tree:
                 TableScan
@@ -183,7 +183,7 @@ STAGE PLANS:
                         Statistics: Num rows: 166 Data size: 29548 Basic stats: COMPLETE Column stats: COMPLETE
                         value expressions: _col1 (type: string)
             Execution mode: vectorized, llap
-            LLAP IO: no inputs
+            LLAP IO: all inputs
         Reducer 2 
             Execution mode: llap
             Reduce Operator Tree:
diff --git a/ql/src/test/results/clientpositive/llap/ppd_repeated_alias.q.out b/ql/src/test/results/clientpositive/llap/ppd_repeated_alias.q.out
index 69416a7778..3d383820e9 100644
--- a/ql/src/test/results/clientpositive/llap/ppd_repeated_alias.q.out
+++ b/ql/src/test/results/clientpositive/llap/ppd_repeated_alias.q.out
@@ -72,7 +72,7 @@ STAGE PLANS:
                         Map-reduce partition columns: _col0 (type: int)
                         Statistics: Num rows: 1 Data size: 4 Basic stats: COMPLETE Column stats: NONE
             Execution mode: vectorized, llap
-            LLAP IO: no inputs
+            LLAP IO: all inputs
         Map 3 
             Map Operator Tree:
                 TableScan
@@ -93,7 +93,7 @@ STAGE PLANS:
                         Map-reduce partition columns: _col0 (type: int)
                         Statistics: Num rows: 1 Data size: 8 Basic stats: COMPLETE Column stats: NONE
             Execution mode: vectorized, llap
-            LLAP IO: no inputs
+            LLAP IO: all inputs
         Reducer 2 
             Execution mode: llap
             Reduce Operator Tree:
@@ -175,7 +175,7 @@ STAGE PLANS:
                         Map-reduce partition columns: _col0 (type: int)
                         Statistics: Num rows: 1 Data size: 4 Basic stats: COMPLETE Column stats: NONE
             Execution mode: vectorized, llap
-            LLAP IO: no inputs
+            LLAP IO: all inputs
         Map 3 
             Map Operator Tree:
                 TableScan
@@ -196,7 +196,7 @@ STAGE PLANS:
                         Map-reduce partition columns: _col0 (type: int)
                         Statistics: Num rows: 1 Data size: 8 Basic stats: COMPLETE Column stats: NONE
             Execution mode: vectorized, llap
-            LLAP IO: no inputs
+            LLAP IO: all inputs
         Reducer 2 
             Execution mode: llap
             Reduce Operator Tree:
@@ -278,7 +278,7 @@ STAGE PLANS:
                         Map-reduce partition columns: _col0 (type: int)
                         Statistics: Num rows: 1 Data size: 8 Basic stats: COMPLETE Column stats: NONE
             Execution mode: vectorized, llap
-            LLAP IO: no inputs
+            LLAP IO: all inputs
         Map 3 
             Map Operator Tree:
                 TableScan
@@ -299,7 +299,7 @@ STAGE PLANS:
                         Map-reduce partition columns: _col0 (type: int)
                         Statistics: Num rows: 1 Data size: 4 Basic stats: COMPLETE Column stats: NONE
             Execution mode: vectorized, llap
-            LLAP IO: no inputs
+            LLAP IO: all inputs
         Reducer 2 
             Execution mode: llap
             Reduce Operator Tree:
@@ -371,7 +371,7 @@ STAGE PLANS:
                         Map-reduce partition columns: _col0 (type: int)
                         Statistics: Num rows: 1 Data size: 4 Basic stats: COMPLETE Column stats: NONE
             Execution mode: vectorized, llap
-            LLAP IO: no inputs
+            LLAP IO: all inputs
         Map 4 
             Map Operator Tree:
                 TableScan
@@ -404,7 +404,7 @@ STAGE PLANS:
                         Statistics: Num rows: 1 Data size: 8 Basic stats: COMPLETE Column stats: NONE
                         value expressions: _col0 (type: int)
             Execution mode: vectorized, llap
-            LLAP IO: no inputs
+            LLAP IO: all inputs
         Reducer 2 
             Execution mode: llap
             Reduce Operator Tree:
diff --git a/ql/src/test/results/clientpositive/llap/ppd_udf_case.q.out b/ql/src/test/results/clientpositive/llap/ppd_udf_case.q.out
index cef6977dcd..7d0cb0e4f8 100644
--- a/ql/src/test/results/clientpositive/llap/ppd_udf_case.q.out
+++ b/ql/src/test/results/clientpositive/llap/ppd_udf_case.q.out
@@ -65,7 +65,7 @@ STAGE PLANS:
                         Statistics: Num rows: 3 Data size: 825 Basic stats: COMPLETE Column stats: COMPLETE
                         value expressions: _col0 (type: string), _col1 (type: string)
             Execution mode: vectorized, llap
-            LLAP IO: no inputs
+            LLAP IO: all inputs
         Map 4 
             Map Operator Tree:
                 TableScan
@@ -85,7 +85,7 @@ STAGE PLANS:
                         Statistics: Num rows: 3 Data size: 825 Basic stats: COMPLETE Column stats: COMPLETE
                         value expressions: _col0 (type: string), _col1 (type: string)
             Execution mode: vectorized, llap
-            LLAP IO: no inputs
+            LLAP IO: all inputs
         Reducer 2 
             Execution mode: llap
             Reduce Operator Tree:
@@ -227,7 +227,7 @@ STAGE PLANS:
                         Statistics: Num rows: 3 Data size: 825 Basic stats: COMPLETE Column stats: COMPLETE
                         value expressions: _col0 (type: string), _col1 (type: string)
             Execution mode: vectorized, llap
-            LLAP IO: no inputs
+            LLAP IO: all inputs
         Map 4 
             Map Operator Tree:
                 TableScan
@@ -247,7 +247,7 @@ STAGE PLANS:
                         Statistics: Num rows: 3 Data size: 825 Basic stats: COMPLETE Column stats: COMPLETE
                         value expressions: _col0 (type: string), _col1 (type: string)
             Execution mode: vectorized, llap
-            LLAP IO: no inputs
+            LLAP IO: all inputs
         Reducer 2 
             Execution mode: llap
             Reduce Operator Tree:
diff --git a/ql/src/test/results/clientpositive/llap/ppd_union_view.q.out b/ql/src/test/results/clientpositive/llap/ppd_union_view.q.out
index 036474b446..029b7f09ec 100644
--- a/ql/src/test/results/clientpositive/llap/ppd_union_view.q.out
+++ b/ql/src/test/results/clientpositive/llap/ppd_union_view.q.out
@@ -249,7 +249,7 @@ STAGE PLANS:
                         value expressions: _col1 (type: string)
                         auto parallelism: true
             Execution mode: vectorized, llap
-            LLAP IO: no inputs
+            LLAP IO: all inputs
             Path -> Alias:
 #### A masked pattern was here ####
             Path -> Partition:
@@ -322,7 +322,7 @@ STAGE PLANS:
                         value expressions: _col0 (type: string)
                         auto parallelism: true
             Execution mode: vectorized, llap
-            LLAP IO: no inputs
+            LLAP IO: all inputs
             Path -> Alias:
 #### A masked pattern was here ####
             Path -> Partition:
@@ -541,7 +541,7 @@ STAGE PLANS:
                         GatherStats: false
                         MultiFileSpray: false
             Execution mode: vectorized, llap
-            LLAP IO: no inputs
+            LLAP IO: all inputs
             Path -> Alias:
 #### A masked pattern was here ####
             Path -> Partition:
diff --git a/ql/src/test/results/clientpositive/llap/ppd_vc.q.out b/ql/src/test/results/clientpositive/llap/ppd_vc.q.out
index 8df5077aff..2785cee9c3 100644
--- a/ql/src/test/results/clientpositive/llap/ppd_vc.q.out
+++ b/ql/src/test/results/clientpositive/llap/ppd_vc.q.out
@@ -303,7 +303,7 @@ STAGE PLANS:
                         tag: 0
                         auto parallelism: true
             Execution mode: vectorized, llap
-            LLAP IO: no inputs
+            LLAP IO: all inputs
             Path -> Alias:
 #### A masked pattern was here ####
             Path -> Partition:
@@ -368,7 +368,7 @@ STAGE PLANS:
                         value expressions: _col1 (type: string), _col2 (type: string), _col3 (type: string), _col4 (type: bigint)
                         auto parallelism: true
             Execution mode: llap
-            LLAP IO: no inputs
+            LLAP IO: all inputs
             Path -> Alias:
 #### A masked pattern was here ####
             Path -> Partition:
diff --git a/ql/src/test/results/clientpositive/llap/ppd_windowing1.q.out b/ql/src/test/results/clientpositive/llap/ppd_windowing1.q.out
index cac9b116ca..7268fb0b61 100644
--- a/ql/src/test/results/clientpositive/llap/ppd_windowing1.q.out
+++ b/ql/src/test/results/clientpositive/llap/ppd_windowing1.q.out
@@ -34,7 +34,7 @@ STAGE PLANS:
                       Map-reduce partition columns: key (type: string)
                       Statistics: Num rows: 166 Data size: 14442 Basic stats: COMPLETE Column stats: COMPLETE
             Execution mode: vectorized, llap
-            LLAP IO: no inputs
+            LLAP IO: all inputs
         Reducer 2 
             Execution mode: llap
             Reduce Operator Tree:
@@ -116,7 +116,7 @@ STAGE PLANS:
                       Map-reduce partition columns: key (type: string)
                       Statistics: Num rows: 166 Data size: 14442 Basic stats: COMPLETE Column stats: COMPLETE
             Execution mode: vectorized, llap
-            LLAP IO: no inputs
+            LLAP IO: all inputs
         Reducer 2 
             Execution mode: llap
             Reduce Operator Tree:
@@ -198,7 +198,7 @@ STAGE PLANS:
                       Map-reduce partition columns: key (type: string)
                       Statistics: Num rows: 166 Data size: 14442 Basic stats: COMPLETE Column stats: COMPLETE
             Execution mode: vectorized, llap
-            LLAP IO: no inputs
+            LLAP IO: all inputs
         Reducer 2 
             Execution mode: llap
             Reduce Operator Tree:
@@ -280,7 +280,7 @@ STAGE PLANS:
                       Map-reduce partition columns: key (type: string)
                       Statistics: Num rows: 166 Data size: 14442 Basic stats: COMPLETE Column stats: COMPLETE
             Execution mode: vectorized, llap
-            LLAP IO: no inputs
+            LLAP IO: all inputs
         Reducer 2 
             Execution mode: llap
             Reduce Operator Tree:
@@ -362,7 +362,7 @@ STAGE PLANS:
                       Map-reduce partition columns: key (type: string)
                       Statistics: Num rows: 166 Data size: 14442 Basic stats: COMPLETE Column stats: COMPLETE
             Execution mode: vectorized, llap
-            LLAP IO: no inputs
+            LLAP IO: all inputs
         Reducer 2 
             Execution mode: llap
             Reduce Operator Tree:
@@ -444,7 +444,7 @@ STAGE PLANS:
                       Map-reduce partition columns: key (type: string), value (type: string)
                       Statistics: Num rows: 166 Data size: 29548 Basic stats: COMPLETE Column stats: COMPLETE
             Execution mode: vectorized, llap
-            LLAP IO: no inputs
+            LLAP IO: all inputs
         Reducer 2 
             Execution mode: llap
             Reduce Operator Tree:
@@ -526,7 +526,7 @@ STAGE PLANS:
                       Map-reduce partition columns: key (type: string), value (type: string)
                       Statistics: Num rows: 166 Data size: 29548 Basic stats: COMPLETE Column stats: COMPLETE
             Execution mode: vectorized, llap
-            LLAP IO: no inputs
+            LLAP IO: all inputs
         Reducer 2 
             Execution mode: llap
             Reduce Operator Tree:
@@ -608,7 +608,7 @@ STAGE PLANS:
                       Map-reduce partition columns: key (type: string), value (type: string)
                       Statistics: Num rows: 166 Data size: 29548 Basic stats: COMPLETE Column stats: COMPLETE
             Execution mode: vectorized, llap
-            LLAP IO: no inputs
+            LLAP IO: all inputs
         Reducer 2 
             Execution mode: llap
             Reduce Operator Tree:
@@ -690,7 +690,7 @@ STAGE PLANS:
                       Map-reduce partition columns: key (type: string), value (type: string)
                       Statistics: Num rows: 166 Data size: 29548 Basic stats: COMPLETE Column stats: COMPLETE
             Execution mode: vectorized, llap
-            LLAP IO: no inputs
+            LLAP IO: all inputs
         Reducer 2 
             Execution mode: llap
             Reduce Operator Tree:
@@ -772,7 +772,7 @@ STAGE PLANS:
                       Map-reduce partition columns: key (type: string), value (type: string)
                       Statistics: Num rows: 166 Data size: 29548 Basic stats: COMPLETE Column stats: COMPLETE
             Execution mode: vectorized, llap
-            LLAP IO: no inputs
+            LLAP IO: all inputs
         Reducer 2 
             Execution mode: llap
             Reduce Operator Tree:
@@ -855,7 +855,7 @@ STAGE PLANS:
                       Map-reduce partition columns: key (type: string), value (type: string)
                       Statistics: Num rows: 166 Data size: 29548 Basic stats: COMPLETE Column stats: COMPLETE
             Execution mode: vectorized, llap
-            LLAP IO: no inputs
+            LLAP IO: all inputs
         Reducer 2 
             Execution mode: llap
             Reduce Operator Tree:
@@ -976,7 +976,7 @@ STAGE PLANS:
                       Map-reduce partition columns: key (type: string), value (type: string)
                       Statistics: Num rows: 166 Data size: 29548 Basic stats: COMPLETE Column stats: COMPLETE
             Execution mode: vectorized, llap
-            LLAP IO: no inputs
+            LLAP IO: all inputs
         Reducer 2 
             Execution mode: llap
             Reduce Operator Tree:
@@ -1097,7 +1097,7 @@ STAGE PLANS:
                       Map-reduce partition columns: key (type: string), value (type: string)
                       Statistics: Num rows: 166 Data size: 29548 Basic stats: COMPLETE Column stats: COMPLETE
             Execution mode: vectorized, llap
-            LLAP IO: no inputs
+            LLAP IO: all inputs
         Reducer 2 
             Execution mode: llap
             Reduce Operator Tree:
@@ -1218,7 +1218,7 @@ STAGE PLANS:
                       Map-reduce partition columns: key (type: string), value (type: string)
                       Statistics: Num rows: 166 Data size: 29548 Basic stats: COMPLETE Column stats: COMPLETE
             Execution mode: vectorized, llap
-            LLAP IO: no inputs
+            LLAP IO: all inputs
         Reducer 2 
             Execution mode: llap
             Reduce Operator Tree:
@@ -1339,7 +1339,7 @@ STAGE PLANS:
                       Map-reduce partition columns: key (type: string), value (type: string)
                       Statistics: Num rows: 166 Data size: 29548 Basic stats: COMPLETE Column stats: COMPLETE
             Execution mode: vectorized, llap
-            LLAP IO: no inputs
+            LLAP IO: all inputs
         Reducer 2 
             Execution mode: llap
             Reduce Operator Tree:
@@ -1460,7 +1460,7 @@ STAGE PLANS:
                       Map-reduce partition columns: key (type: string), value (type: string)
                       Statistics: Num rows: 166 Data size: 29548 Basic stats: COMPLETE Column stats: COMPLETE
             Execution mode: vectorized, llap
-            LLAP IO: no inputs
+            LLAP IO: all inputs
         Reducer 2 
             Execution mode: llap
             Reduce Operator Tree:
@@ -1581,7 +1581,7 @@ STAGE PLANS:
                       Map-reduce partition columns: key (type: string), value (type: string)
                       Statistics: Num rows: 166 Data size: 29548 Basic stats: COMPLETE Column stats: COMPLETE
             Execution mode: vectorized, llap
-            LLAP IO: no inputs
+            LLAP IO: all inputs
         Reducer 2 
             Execution mode: llap
             Reduce Operator Tree:
@@ -1702,7 +1702,7 @@ STAGE PLANS:
                       Map-reduce partition columns: key (type: string), value (type: string)
                       Statistics: Num rows: 166 Data size: 29548 Basic stats: COMPLETE Column stats: COMPLETE
             Execution mode: vectorized, llap
-            LLAP IO: no inputs
+            LLAP IO: all inputs
         Reducer 2 
             Execution mode: llap
             Reduce Operator Tree:
@@ -1819,7 +1819,7 @@ STAGE PLANS:
                     Map-reduce partition columns: key (type: string), value (type: string)
                     Statistics: Num rows: 500 Data size: 89000 Basic stats: COMPLETE Column stats: COMPLETE
             Execution mode: vectorized, llap
-            LLAP IO: no inputs
+            LLAP IO: all inputs
         Reducer 2 
             Execution mode: llap
             Reduce Operator Tree:
@@ -1939,7 +1939,7 @@ STAGE PLANS:
                     Statistics: Num rows: 500 Data size: 43500 Basic stats: COMPLETE Column stats: COMPLETE
                     value expressions: key (type: string)
             Execution mode: vectorized, llap
-            LLAP IO: no inputs
+            LLAP IO: all inputs
         Reducer 2 
             Execution mode: llap
             Reduce Operator Tree:
@@ -2021,7 +2021,7 @@ STAGE PLANS:
                     Statistics: Num rows: 500 Data size: 89000 Basic stats: COMPLETE Column stats: COMPLETE
                     value expressions: key (type: string), value (type: string)
             Execution mode: vectorized, llap
-            LLAP IO: no inputs
+            LLAP IO: all inputs
         Reducer 2 
             Execution mode: llap
             Reduce Operator Tree:
@@ -2102,7 +2102,7 @@ STAGE PLANS:
                     Map-reduce partition columns: key (type: string), value (type: string)
                     Statistics: Num rows: 500 Data size: 89000 Basic stats: COMPLETE Column stats: COMPLETE
             Execution mode: vectorized, llap
-            LLAP IO: no inputs
+            LLAP IO: all inputs
         Reducer 2 
             Execution mode: llap
             Reduce Operator Tree:
@@ -2184,7 +2184,7 @@ STAGE PLANS:
                     Statistics: Num rows: 500 Data size: 89000 Basic stats: COMPLETE Column stats: COMPLETE
                     value expressions: key (type: string), value (type: string)
             Execution mode: vectorized, llap
-            LLAP IO: no inputs
+            LLAP IO: all inputs
         Reducer 2 
             Execution mode: llap
             Reduce Operator Tree:
@@ -2266,7 +2266,7 @@ STAGE PLANS:
                     Statistics: Num rows: 500 Data size: 89000 Basic stats: COMPLETE Column stats: COMPLETE
                     value expressions: value (type: string)
             Execution mode: vectorized, llap
-            LLAP IO: no inputs
+            LLAP IO: all inputs
         Reducer 2 
             Execution mode: llap
             Reduce Operator Tree:
diff --git a/ql/src/test/results/clientpositive/llap/ptf.q.out b/ql/src/test/results/clientpositive/llap/ptf.q.out
index 37f838c3e6..d083bdcf59 100644
--- a/ql/src/test/results/clientpositive/llap/ptf.q.out
+++ b/ql/src/test/results/clientpositive/llap/ptf.q.out
@@ -48,7 +48,7 @@ STAGE PLANS:
                     Statistics: Num rows: 26 Data size: 6006 Basic stats: COMPLETE Column stats: COMPLETE
                     value expressions: p_size (type: int), p_retailprice (type: double)
             Execution mode: vectorized, llap
-            LLAP IO: no inputs
+            LLAP IO: all inputs
         Reducer 2 
             Execution mode: llap
             Reduce Operator Tree:
@@ -233,7 +233,7 @@ STAGE PLANS:
                       Statistics: Num rows: 26 Data size: 5902 Basic stats: COMPLETE Column stats: COMPLETE
                       value expressions: p_name (type: string), p_mfgr (type: string), p_size (type: int)
             Execution mode: vectorized, llap
-            LLAP IO: no inputs
+            LLAP IO: all inputs
         Map 5 
             Map Operator Tree:
                 TableScan
@@ -250,7 +250,7 @@ STAGE PLANS:
                       Map-reduce partition columns: p_partkey (type: int)
                       Statistics: Num rows: 26 Data size: 104 Basic stats: COMPLETE Column stats: COMPLETE
             Execution mode: vectorized, llap
-            LLAP IO: no inputs
+            LLAP IO: all inputs
         Reducer 2 
             Execution mode: llap
             Reduce Operator Tree:
@@ -428,7 +428,7 @@ STAGE PLANS:
                     Statistics: Num rows: 26 Data size: 5798 Basic stats: COMPLETE Column stats: COMPLETE
                     value expressions: p_size (type: int)
             Execution mode: vectorized, llap
-            LLAP IO: no inputs
+            LLAP IO: all inputs
         Reducer 2 
             Execution mode: llap
             Reduce Operator Tree:
@@ -558,7 +558,7 @@ STAGE PLANS:
                     Statistics: Num rows: 26 Data size: 6006 Basic stats: COMPLETE Column stats: COMPLETE
                     value expressions: p_size (type: int), p_retailprice (type: double)
             Execution mode: vectorized, llap
-            LLAP IO: no inputs
+            LLAP IO: all inputs
         Reducer 2 
             Execution mode: llap
             Reduce Operator Tree:
@@ -744,7 +744,7 @@ STAGE PLANS:
                     Statistics: Num rows: 26 Data size: 5798 Basic stats: COMPLETE Column stats: COMPLETE
                     value expressions: p_size (type: int)
             Execution mode: vectorized, llap
-            LLAP IO: no inputs
+            LLAP IO: all inputs
         Reducer 2 
             Execution mode: llap
             Reduce Operator Tree:
@@ -933,7 +933,7 @@ STAGE PLANS:
                     Statistics: Num rows: 26 Data size: 5798 Basic stats: COMPLETE Column stats: COMPLETE
                     value expressions: p_size (type: int)
             Execution mode: vectorized, llap
-            LLAP IO: no inputs
+            LLAP IO: all inputs
         Reducer 2 
             Execution mode: llap
             Reduce Operator Tree:
@@ -1137,7 +1137,7 @@ STAGE PLANS:
                     Statistics: Num rows: 26 Data size: 16094 Basic stats: COMPLETE Column stats: COMPLETE
                     value expressions: p_partkey (type: int), p_brand (type: string), p_type (type: string), p_size (type: int), p_container (type: string), p_retailprice (type: double), p_comment (type: string)
             Execution mode: vectorized, llap
-            LLAP IO: no inputs
+            LLAP IO: all inputs
         Reducer 2 
             Execution mode: llap
             Reduce Operator Tree:
@@ -1291,7 +1291,7 @@ STAGE PLANS:
                     Statistics: Num rows: 26 Data size: 16094 Basic stats: COMPLETE Column stats: COMPLETE
                     value expressions: p_partkey (type: int), p_brand (type: string), p_type (type: string), p_size (type: int), p_container (type: string), p_retailprice (type: double), p_comment (type: string)
             Execution mode: vectorized, llap
-            LLAP IO: no inputs
+            LLAP IO: all inputs
         Reducer 2 
             Execution mode: llap
             Reduce Operator Tree:
@@ -1455,7 +1455,7 @@ STAGE PLANS:
                       Map-reduce partition columns: p_mfgr (type: string)
                       Statistics: Num rows: 26 Data size: 5798 Basic stats: COMPLETE Column stats: COMPLETE
             Execution mode: llap
-            LLAP IO: no inputs
+            LLAP IO: all inputs
         Reducer 2 
             Execution mode: llap
             Reduce Operator Tree:
@@ -1636,7 +1636,7 @@ STAGE PLANS:
                       Statistics: Num rows: 26 Data size: 6006 Basic stats: COMPLETE Column stats: COMPLETE
                       value expressions: p_size (type: int), p_retailprice (type: double)
             Execution mode: llap
-            LLAP IO: no inputs
+            LLAP IO: all inputs
         Reducer 2 
             Execution mode: llap
             Reduce Operator Tree:
@@ -1819,7 +1819,7 @@ STAGE PLANS:
                     Statistics: Num rows: 26 Data size: 6006 Basic stats: COMPLETE Column stats: COMPLETE
                     value expressions: p_size (type: int), p_retailprice (type: double)
             Execution mode: vectorized, llap
-            LLAP IO: no inputs
+            LLAP IO: all inputs
         Reducer 2 
             Execution mode: llap
             Reduce Operator Tree:
@@ -2004,7 +2004,7 @@ STAGE PLANS:
                     Statistics: Num rows: 26 Data size: 6006 Basic stats: COMPLETE Column stats: COMPLETE
                     value expressions: p_size (type: int), p_retailprice (type: double)
             Execution mode: vectorized, llap
-            LLAP IO: no inputs
+            LLAP IO: all inputs
         Reducer 2 
             Execution mode: llap
             Reduce Operator Tree:
@@ -2255,7 +2255,7 @@ STAGE PLANS:
                     Statistics: Num rows: 26 Data size: 6006 Basic stats: COMPLETE Column stats: COMPLETE
                     value expressions: p_size (type: int), p_retailprice (type: double)
             Execution mode: vectorized, llap
-            LLAP IO: no inputs
+            LLAP IO: all inputs
         Reducer 2 
             Execution mode: llap
             Reduce Operator Tree:
@@ -2453,7 +2453,7 @@ STAGE PLANS:
                     Statistics: Num rows: 26 Data size: 6110 Basic stats: COMPLETE Column stats: COMPLETE
                     value expressions: p_partkey (type: int), p_size (type: int), p_retailprice (type: double)
             Execution mode: vectorized, llap
-            LLAP IO: no inputs
+            LLAP IO: all inputs
         Reducer 2 
             Execution mode: llap
             Reduce Operator Tree:
@@ -2671,7 +2671,7 @@ STAGE PLANS:
                     Statistics: Num rows: 26 Data size: 5798 Basic stats: COMPLETE Column stats: COMPLETE
                     value expressions: p_size (type: int)
             Execution mode: vectorized, llap
-            LLAP IO: no inputs
+            LLAP IO: all inputs
         Reducer 2 
             Execution mode: llap
             Reduce Operator Tree:
@@ -2850,7 +2850,7 @@ STAGE PLANS:
                         Statistics: Num rows: 13 Data size: 2574 Basic stats: COMPLETE Column stats: COMPLETE
                         value expressions: _col2 (type: double)
             Execution mode: vectorized, llap
-            LLAP IO: no inputs
+            LLAP IO: all inputs
         Reducer 2 
             Execution mode: llap
             Reduce Operator Tree:
@@ -3082,7 +3082,7 @@ STAGE PLANS:
                     Statistics: Num rows: 26 Data size: 6006 Basic stats: COMPLETE Column stats: COMPLETE
                     value expressions: p_size (type: int), p_retailprice (type: double)
             Execution mode: vectorized, llap
-            LLAP IO: no inputs
+            LLAP IO: all inputs
         Reducer 2 
             Execution mode: llap
             Reduce Operator Tree:
@@ -3560,7 +3560,7 @@ STAGE PLANS:
                     Statistics: Num rows: 26 Data size: 5798 Basic stats: COMPLETE Column stats: COMPLETE
                     value expressions: p_name (type: string), p_size (type: int)
             Execution mode: vectorized, llap
-            LLAP IO: no inputs
+            LLAP IO: all inputs
         Reducer 2 
             Execution mode: llap
             Reduce Operator Tree:
@@ -3842,7 +3842,7 @@ STAGE PLANS:
                     Statistics: Num rows: 26 Data size: 5798 Basic stats: COMPLETE Column stats: COMPLETE
                     value expressions: p_name (type: string), p_size (type: int)
             Execution mode: vectorized, llap
-            LLAP IO: no inputs
+            LLAP IO: all inputs
         Reducer 2 
             Execution mode: llap
             Reduce Operator Tree:
@@ -4116,7 +4116,7 @@ STAGE PLANS:
                     Statistics: Num rows: 26 Data size: 5798 Basic stats: COMPLETE Column stats: COMPLETE
                     value expressions: p_size (type: int)
             Execution mode: vectorized, llap
-            LLAP IO: no inputs
+            LLAP IO: all inputs
         Reducer 2 
             Execution mode: llap
             Reduce Operator Tree:
@@ -4370,7 +4370,7 @@ STAGE PLANS:
                     Statistics: Num rows: 26 Data size: 5798 Basic stats: COMPLETE Column stats: COMPLETE
                     value expressions: p_size (type: int)
             Execution mode: vectorized, llap
-            LLAP IO: no inputs
+            LLAP IO: all inputs
         Reducer 2 
             Execution mode: llap
             Reduce Operator Tree:
@@ -4663,7 +4663,7 @@ STAGE PLANS:
                     Statistics: Num rows: 26 Data size: 5798 Basic stats: COMPLETE Column stats: COMPLETE
                     value expressions: p_size (type: int)
             Execution mode: vectorized, llap
-            LLAP IO: no inputs
+            LLAP IO: all inputs
         Reducer 2 
             Execution mode: llap
             Reduce Operator Tree:
@@ -4929,7 +4929,7 @@ STAGE PLANS:
                     Statistics: Num rows: 26 Data size: 5798 Basic stats: COMPLETE Column stats: COMPLETE
                     value expressions: p_size (type: int)
             Execution mode: vectorized, llap
-            LLAP IO: no inputs
+            LLAP IO: all inputs
         Reducer 2 
             Execution mode: llap
             Reduce Operator Tree:
diff --git a/ql/src/test/results/clientpositive/llap/ptf_matchpath.q.out b/ql/src/test/results/clientpositive/llap/ptf_matchpath.q.out
index 0187745630..a3ccbe42b5 100644
--- a/ql/src/test/results/clientpositive/llap/ptf_matchpath.q.out
+++ b/ql/src/test/results/clientpositive/llap/ptf_matchpath.q.out
@@ -85,7 +85,7 @@ STAGE PLANS:
                     Statistics: Num rows: 1 Data size: 384 Basic stats: COMPLETE Column stats: NONE
                     value expressions: origin_city_name (type: string), arr_delay (type: float)
             Execution mode: llap
-            LLAP IO: no inputs
+            LLAP IO: all inputs
         Reducer 2 
             Execution mode: llap
             Reduce Operator Tree:
@@ -218,7 +218,7 @@ STAGE PLANS:
                     Statistics: Num rows: 1 Data size: 384 Basic stats: COMPLETE Column stats: NONE
                     value expressions: origin_city_name (type: string), arr_delay (type: float)
             Execution mode: llap
-            LLAP IO: no inputs
+            LLAP IO: all inputs
         Reducer 2 
             Execution mode: llap
             Reduce Operator Tree:
@@ -349,7 +349,7 @@ STAGE PLANS:
                         Statistics: Num rows: 1 Data size: 384 Basic stats: COMPLETE Column stats: NONE
                         value expressions: _col0 (type: string), _col5 (type: float)
             Execution mode: llap
-            LLAP IO: no inputs
+            LLAP IO: all inputs
         Reducer 2 
             Execution mode: llap
             Reduce Operator Tree:
diff --git a/ql/src/test/results/clientpositive/llap/ptf_streaming.q.out b/ql/src/test/results/clientpositive/llap/ptf_streaming.q.out
index 65802618c8..6e3ad1e3b8 100644
--- a/ql/src/test/results/clientpositive/llap/ptf_streaming.q.out
+++ b/ql/src/test/results/clientpositive/llap/ptf_streaming.q.out
@@ -48,7 +48,7 @@ STAGE PLANS:
                     Statistics: Num rows: 26 Data size: 6006 Basic stats: COMPLETE Column stats: COMPLETE
                     value expressions: p_size (type: int), p_retailprice (type: double)
             Execution mode: llap
-            LLAP IO: no inputs
+            LLAP IO: all inputs
         Reducer 2 
             Execution mode: llap
             Reduce Operator Tree:
@@ -233,7 +233,7 @@ STAGE PLANS:
                       Statistics: Num rows: 26 Data size: 5902 Basic stats: COMPLETE Column stats: COMPLETE
                       value expressions: p_name (type: string), p_mfgr (type: string), p_size (type: int)
             Execution mode: llap
-            LLAP IO: no inputs
+            LLAP IO: all inputs
         Map 5 
             Map Operator Tree:
                 TableScan
@@ -250,7 +250,7 @@ STAGE PLANS:
                       Map-reduce partition columns: p_partkey (type: int)
                       Statistics: Num rows: 26 Data size: 104 Basic stats: COMPLETE Column stats: COMPLETE
             Execution mode: llap
-            LLAP IO: no inputs
+            LLAP IO: all inputs
         Reducer 2 
             Execution mode: llap
             Reduce Operator Tree:
@@ -440,7 +440,7 @@ STAGE PLANS:
                     Statistics: Num rows: 26 Data size: 16094 Basic stats: COMPLETE Column stats: COMPLETE
                     value expressions: p_partkey (type: int), p_brand (type: string), p_type (type: string), p_size (type: int), p_container (type: string), p_retailprice (type: double), p_comment (type: string)
             Execution mode: llap
-            LLAP IO: no inputs
+            LLAP IO: all inputs
         Reducer 2 
             Execution mode: llap
             Reduce Operator Tree:
@@ -600,7 +600,7 @@ STAGE PLANS:
                       Map-reduce partition columns: p_mfgr (type: string)
                       Statistics: Num rows: 26 Data size: 5798 Basic stats: COMPLETE Column stats: COMPLETE
             Execution mode: llap
-            LLAP IO: no inputs
+            LLAP IO: all inputs
         Reducer 2 
             Execution mode: llap
             Reduce Operator Tree:
@@ -781,7 +781,7 @@ STAGE PLANS:
                       Statistics: Num rows: 26 Data size: 6006 Basic stats: COMPLETE Column stats: COMPLETE
                       value expressions: p_size (type: int), p_retailprice (type: double)
             Execution mode: llap
-            LLAP IO: no inputs
+            LLAP IO: all inputs
         Reducer 2 
             Execution mode: llap
             Reduce Operator Tree:
@@ -967,7 +967,7 @@ STAGE PLANS:
                     Statistics: Num rows: 26 Data size: 6006 Basic stats: COMPLETE Column stats: COMPLETE
                     value expressions: p_size (type: int), p_retailprice (type: double)
             Execution mode: llap
-            LLAP IO: no inputs
+            LLAP IO: all inputs
         Reducer 2 
             Execution mode: llap
             Reduce Operator Tree:
@@ -1213,7 +1213,7 @@ STAGE PLANS:
                     Statistics: Num rows: 26 Data size: 6006 Basic stats: COMPLETE Column stats: COMPLETE
                     value expressions: p_size (type: int), p_retailprice (type: double)
             Execution mode: llap
-            LLAP IO: no inputs
+            LLAP IO: all inputs
         Reducer 2 
             Execution mode: llap
             Reduce Operator Tree:
@@ -1459,7 +1459,7 @@ STAGE PLANS:
                     Statistics: Num rows: 26 Data size: 6006 Basic stats: COMPLETE Column stats: COMPLETE
                     value expressions: p_size (type: int), p_retailprice (type: double)
             Execution mode: llap
-            LLAP IO: no inputs
+            LLAP IO: all inputs
         Reducer 2 
             Execution mode: llap
             Reduce Operator Tree:
@@ -1718,7 +1718,7 @@ STAGE PLANS:
                     Statistics: Num rows: 26 Data size: 6110 Basic stats: COMPLETE Column stats: COMPLETE
                     value expressions: p_partkey (type: int), p_size (type: int), p_retailprice (type: double)
             Execution mode: llap
-            LLAP IO: no inputs
+            LLAP IO: all inputs
         Reducer 2 
             Execution mode: llap
             Reduce Operator Tree:
@@ -1959,7 +1959,7 @@ STAGE PLANS:
                     Statistics: Num rows: 26 Data size: 5798 Basic stats: COMPLETE Column stats: COMPLETE
                     value expressions: p_name (type: string), p_size (type: int)
             Execution mode: llap
-            LLAP IO: no inputs
+            LLAP IO: all inputs
         Reducer 2 
             Execution mode: llap
             Reduce Operator Tree:
@@ -2241,7 +2241,7 @@ STAGE PLANS:
                     Statistics: Num rows: 26 Data size: 5798 Basic stats: COMPLETE Column stats: COMPLETE
                     value expressions: p_name (type: string), p_size (type: int)
             Execution mode: llap
-            LLAP IO: no inputs
+            LLAP IO: all inputs
         Reducer 2 
             Execution mode: llap
             Reduce Operator Tree:
@@ -2513,7 +2513,7 @@ STAGE PLANS:
                     Statistics: Num rows: 26 Data size: 5798 Basic stats: COMPLETE Column stats: COMPLETE
                     value expressions: p_size (type: int)
             Execution mode: llap
-            LLAP IO: no inputs
+            LLAP IO: all inputs
         Reducer 2 
             Execution mode: llap
             Reduce Operator Tree:
diff --git a/ql/src/test/results/clientpositive/llap/ptfgroupbyjoin.q.out b/ql/src/test/results/clientpositive/llap/ptfgroupbyjoin.q.out
index 191f75ab8b..6dcba68f80 100644
--- a/ql/src/test/results/clientpositive/llap/ptfgroupbyjoin.q.out
+++ b/ql/src/test/results/clientpositive/llap/ptfgroupbyjoin.q.out
@@ -105,7 +105,7 @@ STAGE PLANS:
                         Map-reduce partition columns: _col0 (type: int), _col1 (type: int)
                         Statistics: Num rows: 1 Data size: 8 Basic stats: COMPLETE Column stats: COMPLETE
             Execution mode: vectorized, llap
-            LLAP IO: no inputs
+            LLAP IO: all inputs
         Map 4 
             Map Operator Tree:
                 TableScan
@@ -127,7 +127,7 @@ STAGE PLANS:
                         Statistics: Num rows: 1 Data size: 92 Basic stats: COMPLETE Column stats: COMPLETE
                         value expressions: _col1 (type: string)
             Execution mode: vectorized, llap
-            LLAP IO: no inputs
+            LLAP IO: all inputs
         Reducer 2 
             Execution mode: vectorized, llap
             Reduce Operator Tree:
@@ -259,7 +259,7 @@ STAGE PLANS:
                         Map-reduce partition columns: _col0 (type: int), _col1 (type: int)
                         Statistics: Num rows: 1 Data size: 8 Basic stats: COMPLETE Column stats: COMPLETE
             Execution mode: vectorized, llap
-            LLAP IO: no inputs
+            LLAP IO: all inputs
         Map 4 
             Map Operator Tree:
                 TableScan
@@ -281,7 +281,7 @@ STAGE PLANS:
                         Statistics: Num rows: 1 Data size: 92 Basic stats: COMPLETE Column stats: COMPLETE
                         value expressions: _col1 (type: string)
             Execution mode: vectorized, llap
-            LLAP IO: no inputs
+            LLAP IO: all inputs
         Reducer 2 
             Execution mode: llap
             Reduce Operator Tree:
@@ -435,7 +435,7 @@ STAGE PLANS:
                         Map-reduce partition columns: _col0 (type: int), _col1 (type: int)
                         Statistics: Num rows: 1 Data size: 8 Basic stats: COMPLETE Column stats: COMPLETE
             Execution mode: vectorized, llap
-            LLAP IO: no inputs
+            LLAP IO: all inputs
         Map 4 
             Map Operator Tree:
                 TableScan
@@ -456,7 +456,7 @@ STAGE PLANS:
                         Statistics: Num rows: 1 Data size: 92 Basic stats: COMPLETE Column stats: COMPLETE
                         value expressions: _col1 (type: string)
             Execution mode: vectorized, llap
-            LLAP IO: no inputs
+            LLAP IO: all inputs
         Reducer 2 
             Execution mode: vectorized, llap
             Reduce Operator Tree:
diff --git a/ql/src/test/results/clientpositive/llap/push_or.q.out b/ql/src/test/results/clientpositive/llap/push_or.q.out
index 9df0ab7239..df118ee77e 100644
--- a/ql/src/test/results/clientpositive/llap/push_or.q.out
+++ b/ql/src/test/results/clientpositive/llap/push_or.q.out
@@ -84,7 +84,7 @@ STAGE PLANS:
                         value expressions: _col1 (type: string)
                         auto parallelism: false
             Execution mode: vectorized, llap
-            LLAP IO: no inputs
+            LLAP IO: all inputs
             Path -> Alias:
 #### A masked pattern was here ####
             Path -> Partition:
diff --git a/ql/src/test/results/clientpositive/llap/quote1.q.out b/ql/src/test/results/clientpositive/llap/quote1.q.out
index c5de7314bd..10b6d3cfa6 100644
--- a/ql/src/test/results/clientpositive/llap/quote1.q.out
+++ b/ql/src/test/results/clientpositive/llap/quote1.q.out
@@ -72,7 +72,7 @@ STAGE PLANS:
                             Statistics: Num rows: 1 Data size: 494 Basic stats: COMPLETE Column stats: COMPLETE
                             value expressions: _col1 (type: int), _col2 (type: int), _col3 (type: bigint), _col4 (type: bigint), _col5 (type: binary), _col6 (type: int), _col7 (type: struct<count:bigint,sum:double,input:int>), _col8 (type: bigint), _col9 (type: binary)
             Execution mode: llap
-            LLAP IO: no inputs
+            LLAP IO: all inputs
         Reducer 2 
             Execution mode: llap
             Reduce Operator Tree:
diff --git a/ql/src/test/results/clientpositive/llap/quotedid_basic.q.out b/ql/src/test/results/clientpositive/llap/quotedid_basic.q.out
index edf09129f9..622ceb4ddb 100644
--- a/ql/src/test/results/clientpositive/llap/quotedid_basic.q.out
+++ b/ql/src/test/results/clientpositive/llap/quotedid_basic.q.out
@@ -118,7 +118,7 @@ STAGE PLANS:
                           Map-reduce partition columns: _col0 (type: string), _col1 (type: string)
                           Statistics: Num rows: 1 Data size: 552 Basic stats: COMPLETE Column stats: NONE
             Execution mode: vectorized, llap
-            LLAP IO: no inputs
+            LLAP IO: all inputs
         Reducer 2 
             Execution mode: vectorized, llap
             Reduce Operator Tree:
@@ -194,7 +194,7 @@ STAGE PLANS:
                           Map-reduce partition columns: _col0 (type: string), _col1 (type: string)
                           Statistics: Num rows: 1 Data size: 552 Basic stats: COMPLETE Column stats: NONE
             Execution mode: vectorized, llap
-            LLAP IO: no inputs
+            LLAP IO: all inputs
         Reducer 2 
             Execution mode: vectorized, llap
             Reduce Operator Tree:
@@ -347,7 +347,7 @@ STAGE PLANS:
                           Map-reduce partition columns: _col0 (type: string), _col1 (type: string)
                           Statistics: Num rows: 1 Data size: 552 Basic stats: COMPLETE Column stats: NONE
             Execution mode: vectorized, llap
-            LLAP IO: no inputs
+            LLAP IO: all inputs
         Reducer 2 
             Execution mode: vectorized, llap
             Reduce Operator Tree:
diff --git a/ql/src/test/results/clientpositive/llap/quotedid_basic_standard.q.out b/ql/src/test/results/clientpositive/llap/quotedid_basic_standard.q.out
index c6abd2503f..9d4a01fe55 100644
--- a/ql/src/test/results/clientpositive/llap/quotedid_basic_standard.q.out
+++ b/ql/src/test/results/clientpositive/llap/quotedid_basic_standard.q.out
@@ -135,7 +135,7 @@ STAGE PLANS:
                           Map-reduce partition columns: _col0 (type: string), _col1 (type: string)
                           Statistics: Num rows: 1 Data size: 552 Basic stats: COMPLETE Column stats: NONE
             Execution mode: vectorized, llap
-            LLAP IO: no inputs
+            LLAP IO: all inputs
         Reducer 2 
             Execution mode: vectorized, llap
             Reduce Operator Tree:
@@ -211,7 +211,7 @@ STAGE PLANS:
                           Map-reduce partition columns: _col0 (type: string), _col1 (type: string)
                           Statistics: Num rows: 1 Data size: 552 Basic stats: COMPLETE Column stats: NONE
             Execution mode: vectorized, llap
-            LLAP IO: no inputs
+            LLAP IO: all inputs
         Reducer 2 
             Execution mode: vectorized, llap
             Reduce Operator Tree:
@@ -414,7 +414,7 @@ STAGE PLANS:
                           Map-reduce partition columns: _col0 (type: string), _col1 (type: string)
                           Statistics: Num rows: 1 Data size: 552 Basic stats: COMPLETE Column stats: NONE
             Execution mode: vectorized, llap
-            LLAP IO: no inputs
+            LLAP IO: all inputs
         Reducer 2 
             Execution mode: vectorized, llap
             Reduce Operator Tree:
diff --git a/ql/src/test/results/clientpositive/llap/quotedid_partition.q.out b/ql/src/test/results/clientpositive/llap/quotedid_partition.q.out
index 275912ceff..75453c39ea 100644
--- a/ql/src/test/results/clientpositive/llap/quotedid_partition.q.out
+++ b/ql/src/test/results/clientpositive/llap/quotedid_partition.q.out
@@ -75,7 +75,7 @@ STAGE PLANS:
                           Map-reduce partition columns: _col0 (type: string)
                           Statistics: Num rows: 1 Data size: 91 Basic stats: COMPLETE Column stats: COMPLETE
             Execution mode: vectorized, llap
-            LLAP IO: no inputs
+            LLAP IO: all inputs
         Reducer 2 
             Execution mode: vectorized, llap
             Reduce Operator Tree:
diff --git a/ql/src/test/results/clientpositive/llap/quotedid_skew.q.out b/ql/src/test/results/clientpositive/llap/quotedid_skew.q.out
index 40bcc0fd35..5d887f888e 100644
--- a/ql/src/test/results/clientpositive/llap/quotedid_skew.q.out
+++ b/ql/src/test/results/clientpositive/llap/quotedid_skew.q.out
@@ -79,7 +79,7 @@ STAGE PLANS:
                         Statistics: Num rows: 1 Data size: 368 Basic stats: COMPLETE Column stats: NONE
                         value expressions: _col1 (type: string)
             Execution mode: vectorized, llap
-            LLAP IO: no inputs
+            LLAP IO: all inputs
         Map 3 
             Map Operator Tree:
                 TableScan
@@ -101,7 +101,7 @@ STAGE PLANS:
                         Statistics: Num rows: 1 Data size: 368 Basic stats: COMPLETE Column stats: NONE
                         value expressions: _col1 (type: string)
             Execution mode: vectorized, llap
-            LLAP IO: no inputs
+            LLAP IO: all inputs
         Reducer 2 
             Execution mode: llap
             Reduce Operator Tree:
diff --git a/ql/src/test/results/clientpositive/llap/rand_partitionpruner2.q.out b/ql/src/test/results/clientpositive/llap/rand_partitionpruner2.q.out
index 514a1cd7a8..5f4cc0c50a 100644
--- a/ql/src/test/results/clientpositive/llap/rand_partitionpruner2.q.out
+++ b/ql/src/test/results/clientpositive/llap/rand_partitionpruner2.q.out
@@ -99,7 +99,7 @@ STAGE PLANS:
                             value expressions: _col0 (type: int), _col1 (type: struct<count:bigint,sum:double,input:int>), _col2 (type: bigint), _col3 (type: bigint), _col4 (type: binary), _col5 (type: int), _col6 (type: struct<count:bigint,sum:double,input:int>), _col7 (type: bigint), _col8 (type: binary), _col9 (type: int), _col10 (type: struct<count:bigint,sum:double,input:int>), _col11 (type: bigint), _col12 (type: binary), _col13 (type: int), _col14 (type: struct<count:bigint,sum:double,input:int>), _col15 (type: bigint), _col16 (type: binary)
                             auto parallelism: false
             Execution mode: llap
-            LLAP IO: no inputs
+            LLAP IO: all inputs
             Path -> Alias:
 #### A masked pattern was here ####
             Path -> Partition:
diff --git a/ql/src/test/results/clientpositive/llap/rcfile_createas1.q.out b/ql/src/test/results/clientpositive/llap/rcfile_createas1.q.out
index 8426bc1e2b..4544eeee43 100644
--- a/ql/src/test/results/clientpositive/llap/rcfile_createas1.q.out
+++ b/ql/src/test/results/clientpositive/llap/rcfile_createas1.q.out
@@ -110,7 +110,7 @@ STAGE PLANS:
                           Statistics: Num rows: 1 Data size: 560 Basic stats: COMPLETE Column stats: COMPLETE
                           value expressions: _col0 (type: int), _col1 (type: int), _col2 (type: bigint), _col3 (type: bigint), _col4 (type: binary), _col5 (type: int), _col6 (type: struct<count:bigint,sum:double,input:int>), _col7 (type: bigint), _col8 (type: binary), _col9 (type: int), _col10 (type: int), _col11 (type: bigint), _col12 (type: binary)
             Execution mode: llap
-            LLAP IO: no inputs
+            LLAP IO: all inputs
         Reducer 2 
             Execution mode: llap
             Reduce Operator Tree:
diff --git a/ql/src/test/results/clientpositive/llap/rcfile_merge2.q.out b/ql/src/test/results/clientpositive/llap/rcfile_merge2.q.out
index eb2c9126e9..dd8e35fe0b 100644
--- a/ql/src/test/results/clientpositive/llap/rcfile_merge2.q.out
+++ b/ql/src/test/results/clientpositive/llap/rcfile_merge2.q.out
@@ -77,7 +77,7 @@ STAGE PLANS:
                       Statistics: Num rows: 500 Data size: 231500 Basic stats: COMPLETE Column stats: COMPLETE
                       value expressions: _col0 (type: int), _col1 (type: string)
             Execution mode: llap
-            LLAP IO: no inputs
+            LLAP IO: all inputs
         Reducer 2 
             Execution mode: llap
             Reduce Operator Tree:
diff --git a/ql/src/test/results/clientpositive/llap/rcfile_merge3.q.out b/ql/src/test/results/clientpositive/llap/rcfile_merge3.q.out
index 83bb0936b9..78beb90477 100644
--- a/ql/src/test/results/clientpositive/llap/rcfile_merge3.q.out
+++ b/ql/src/test/results/clientpositive/llap/rcfile_merge3.q.out
@@ -109,7 +109,7 @@ STAGE PLANS:
                           Statistics: Num rows: 1 Data size: 400 Basic stats: COMPLETE Column stats: COMPLETE
                           value expressions: _col0 (type: int), _col1 (type: int), _col2 (type: bigint), _col3 (type: bigint), _col4 (type: binary), _col5 (type: int), _col6 (type: struct<count:bigint,sum:double,input:int>), _col7 (type: bigint), _col8 (type: binary)
             Execution mode: llap
-            LLAP IO: no inputs
+            LLAP IO: all inputs
         Reducer 2 
             Execution mode: llap
             Reduce Operator Tree:
diff --git a/ql/src/test/results/clientpositive/llap/rcfile_null_value.q.out b/ql/src/test/results/clientpositive/llap/rcfile_null_value.q.out
index 545f9f9d6a..6d48297ff3 100644
--- a/ql/src/test/results/clientpositive/llap/rcfile_null_value.q.out
+++ b/ql/src/test/results/clientpositive/llap/rcfile_null_value.q.out
@@ -127,7 +127,7 @@ STAGE PLANS:
                         Statistics: Num rows: 55 Data size: 9790 Basic stats: COMPLETE Column stats: COMPLETE
                         value expressions: _col1 (type: string)
             Execution mode: vectorized, llap
-            LLAP IO: no inputs
+            LLAP IO: all inputs
         Map 4 
             Map Operator Tree:
                 TableScan
@@ -149,7 +149,7 @@ STAGE PLANS:
                         Statistics: Num rows: 55 Data size: 9790 Basic stats: COMPLETE Column stats: COMPLETE
                         value expressions: _col1 (type: string)
             Execution mode: vectorized, llap
-            LLAP IO: no inputs
+            LLAP IO: all inputs
         Reducer 2 
             Execution mode: llap
             Reduce Operator Tree:
diff --git a/ql/src/test/results/clientpositive/llap/reduceSinkDeDuplication_pRS_key_empty.q.out b/ql/src/test/results/clientpositive/llap/reduceSinkDeDuplication_pRS_key_empty.q.out
index 610358f4da..fc1a41d18a 100644
--- a/ql/src/test/results/clientpositive/llap/reduceSinkDeDuplication_pRS_key_empty.q.out
+++ b/ql/src/test/results/clientpositive/llap/reduceSinkDeDuplication_pRS_key_empty.q.out
@@ -74,7 +74,7 @@ STAGE PLANS:
                       sort order: +
                       Statistics: Num rows: 500 Data size: 45500 Basic stats: COMPLETE Column stats: COMPLETE
             Execution mode: vectorized, llap
-            LLAP IO: no inputs
+            LLAP IO: all inputs
         Reducer 2 
             Execution mode: llap
             Reduce Operator Tree:
@@ -179,7 +179,7 @@ STAGE PLANS:
                       sort order: +
                       Statistics: Num rows: 500 Data size: 45500 Basic stats: COMPLETE Column stats: COMPLETE
             Execution mode: vectorized, llap
-            LLAP IO: no inputs
+            LLAP IO: all inputs
         Reducer 2 
             Execution mode: llap
             Reduce Operator Tree:
diff --git a/ql/src/test/results/clientpositive/llap/reduce_deduplicate.q.out b/ql/src/test/results/clientpositive/llap/reduce_deduplicate.q.out
index 3b60d8a1b1..bb7c90e80e 100644
--- a/ql/src/test/results/clientpositive/llap/reduce_deduplicate.q.out
+++ b/ql/src/test/results/clientpositive/llap/reduce_deduplicate.q.out
@@ -54,7 +54,7 @@ STAGE PLANS:
                       value expressions: _col1 (type: string)
                       auto parallelism: false
             Execution mode: vectorized, llap
-            LLAP IO: no inputs
+            LLAP IO: all inputs
             Path -> Alias:
               hdfs://### HDFS PATH ### [src]
             Path -> Partition:
diff --git a/ql/src/test/results/clientpositive/llap/reduce_deduplicate_distinct.q.out b/ql/src/test/results/clientpositive/llap/reduce_deduplicate_distinct.q.out
index 1456fe9f18..fa2a67f155 100644
--- a/ql/src/test/results/clientpositive/llap/reduce_deduplicate_distinct.q.out
+++ b/ql/src/test/results/clientpositive/llap/reduce_deduplicate_distinct.q.out
@@ -63,7 +63,7 @@ STAGE PLANS:
                         Map-reduce partition columns: _col0 (type: int)
                         Statistics: Num rows: 5 Data size: 100 Basic stats: COMPLETE Column stats: COMPLETE
             Execution mode: vectorized, llap
-            LLAP IO: no inputs
+            LLAP IO: all inputs
         Reducer 2 
             Execution mode: vectorized, llap
             Reduce Operator Tree:
@@ -156,7 +156,7 @@ STAGE PLANS:
                         Map-reduce partition columns: _col0 (type: int), _col1 (type: int), _col2 (type: int)
                         Statistics: Num rows: 2 Data size: 24 Basic stats: COMPLETE Column stats: COMPLETE
             Execution mode: vectorized, llap
-            LLAP IO: no inputs
+            LLAP IO: all inputs
         Reducer 2 
             Execution mode: vectorized, llap
             Reduce Operator Tree:
@@ -269,7 +269,7 @@ STAGE PLANS:
                         Map-reduce partition columns: _col0 (type: int), _col1 (type: int), _col2 (type: int)
                         Statistics: Num rows: 2 Data size: 24 Basic stats: COMPLETE Column stats: COMPLETE
             Execution mode: vectorized, llap
-            LLAP IO: no inputs
+            LLAP IO: all inputs
         Reducer 2 
             Execution mode: vectorized, llap
             Reduce Operator Tree:
@@ -383,7 +383,7 @@ STAGE PLANS:
                         Map-reduce partition columns: _col0 (type: int), _col1 (type: int), _col2 (type: int)
                         Statistics: Num rows: 2 Data size: 24 Basic stats: COMPLETE Column stats: COMPLETE
             Execution mode: vectorized, llap
-            LLAP IO: no inputs
+            LLAP IO: all inputs
         Reducer 2 
             Execution mode: vectorized, llap
             Reduce Operator Tree:
@@ -514,7 +514,7 @@ STAGE PLANS:
                         Map-reduce partition columns: _col0 (type: int), _col1 (type: int), _col2 (type: int)
                         Statistics: Num rows: 2 Data size: 24 Basic stats: COMPLETE Column stats: COMPLETE
             Execution mode: vectorized, llap
-            LLAP IO: no inputs
+            LLAP IO: all inputs
         Reducer 2 
             Execution mode: vectorized, llap
             Reduce Operator Tree:
diff --git a/ql/src/test/results/clientpositive/llap/reduce_deduplicate_exclude_join.q.out b/ql/src/test/results/clientpositive/llap/reduce_deduplicate_exclude_join.q.out
index b89a4d7473..10add7231b 100644
--- a/ql/src/test/results/clientpositive/llap/reduce_deduplicate_exclude_join.q.out
+++ b/ql/src/test/results/clientpositive/llap/reduce_deduplicate_exclude_join.q.out
@@ -39,7 +39,7 @@ STAGE PLANS:
                         Statistics: Num rows: 500 Data size: 89000 Basic stats: COMPLETE Column stats: COMPLETE
                         value expressions: _col1 (type: string)
             Execution mode: vectorized, llap
-            LLAP IO: no inputs
+            LLAP IO: all inputs
         Map 3 
             Map Operator Tree:
                 TableScan
@@ -57,7 +57,7 @@ STAGE PLANS:
                       Statistics: Num rows: 500 Data size: 89000 Basic stats: COMPLETE Column stats: COMPLETE
                       value expressions: value (type: string)
             Execution mode: vectorized, llap
-            LLAP IO: no inputs
+            LLAP IO: all inputs
         Reducer 2 
             Execution mode: vectorized, llap
             Reduce Operator Tree:
diff --git a/ql/src/test/results/clientpositive/llap/reduce_deduplicate_extended.q.out b/ql/src/test/results/clientpositive/llap/reduce_deduplicate_extended.q.out
index 1f982914cf..1a3658d4ac 100644
--- a/ql/src/test/results/clientpositive/llap/reduce_deduplicate_extended.q.out
+++ b/ql/src/test/results/clientpositive/llap/reduce_deduplicate_extended.q.out
@@ -34,7 +34,7 @@ STAGE PLANS:
                       Map-reduce partition columns: _col0 (type: string)
                       Statistics: Num rows: 500 Data size: 89000 Basic stats: COMPLETE Column stats: COMPLETE
             Execution mode: vectorized, llap
-            LLAP IO: no inputs
+            LLAP IO: all inputs
         Reducer 2 
             Execution mode: llap
             Reduce Operator Tree:
@@ -99,7 +99,7 @@ STAGE PLANS:
                       Statistics: Num rows: 500 Data size: 89000 Basic stats: COMPLETE Column stats: COMPLETE
                       value expressions: _col1 (type: string)
             Execution mode: vectorized, llap
-            LLAP IO: no inputs
+            LLAP IO: all inputs
         Reducer 2 
             Execution mode: llap
             Reduce Operator Tree:
@@ -168,7 +168,7 @@ STAGE PLANS:
                       Statistics: Num rows: 500 Data size: 47500 Basic stats: COMPLETE Column stats: COMPLETE
                       value expressions: _col1 (type: double)
             Execution mode: vectorized, llap
-            LLAP IO: no inputs
+            LLAP IO: all inputs
         Reducer 2 
             Execution mode: llap
             Reduce Operator Tree:
@@ -244,7 +244,7 @@ STAGE PLANS:
                         Statistics: Num rows: 250 Data size: 23750 Basic stats: COMPLETE Column stats: COMPLETE
                         value expressions: _col1 (type: double)
             Execution mode: llap
-            LLAP IO: no inputs
+            LLAP IO: all inputs
         Reducer 2 
             Execution mode: vectorized, llap
             Reduce Operator Tree:
@@ -315,7 +315,7 @@ STAGE PLANS:
                         Statistics: Num rows: 500 Data size: 89000 Basic stats: COMPLETE Column stats: COMPLETE
                         value expressions: _col1 (type: string)
             Execution mode: vectorized, llap
-            LLAP IO: no inputs
+            LLAP IO: all inputs
         Map 4 
             Map Operator Tree:
                 TableScan
@@ -336,7 +336,7 @@ STAGE PLANS:
                         Map-reduce partition columns: _col0 (type: string)
                         Statistics: Num rows: 25 Data size: 2150 Basic stats: COMPLETE Column stats: COMPLETE
             Execution mode: vectorized, llap
-            LLAP IO: no inputs
+            LLAP IO: all inputs
         Reducer 2 
             Execution mode: llap
             Reduce Operator Tree:
@@ -433,7 +433,7 @@ STAGE PLANS:
                         Statistics: Num rows: 500 Data size: 89000 Basic stats: COMPLETE Column stats: COMPLETE
                         value expressions: _col1 (type: string)
             Execution mode: vectorized, llap
-            LLAP IO: no inputs
+            LLAP IO: all inputs
         Map 4 
             Map Operator Tree:
                 TableScan
@@ -454,7 +454,7 @@ STAGE PLANS:
                         Map-reduce partition columns: _col0 (type: string)
                         Statistics: Num rows: 25 Data size: 2150 Basic stats: COMPLETE Column stats: COMPLETE
             Execution mode: vectorized, llap
-            LLAP IO: no inputs
+            LLAP IO: all inputs
         Reducer 2 
             Execution mode: llap
             Reduce Operator Tree:
@@ -534,7 +534,7 @@ STAGE PLANS:
                         Map-reduce partition columns: _col0 (type: string)
                         Statistics: Num rows: 250 Data size: 44500 Basic stats: COMPLETE Column stats: COMPLETE
             Execution mode: vectorized, llap
-            LLAP IO: no inputs
+            LLAP IO: all inputs
         Reducer 2 
             Execution mode: vectorized, llap
             Reduce Operator Tree:
@@ -608,7 +608,7 @@ STAGE PLANS:
                         Map-reduce partition columns: _col0 (type: string)
                         Statistics: Num rows: 250 Data size: 44500 Basic stats: COMPLETE Column stats: COMPLETE
             Execution mode: vectorized, llap
-            LLAP IO: no inputs
+            LLAP IO: all inputs
         Reducer 2 
             Execution mode: vectorized, llap
             Reduce Operator Tree:
@@ -2647,7 +2647,7 @@ STAGE PLANS:
                       Map-reduce partition columns: _col0 (type: string)
                       Statistics: Num rows: 500 Data size: 89000 Basic stats: COMPLETE Column stats: COMPLETE
             Execution mode: vectorized, llap
-            LLAP IO: no inputs
+            LLAP IO: all inputs
         Reducer 2 
             Execution mode: llap
             Reduce Operator Tree:
@@ -2712,7 +2712,7 @@ STAGE PLANS:
                       Statistics: Num rows: 500 Data size: 89000 Basic stats: COMPLETE Column stats: COMPLETE
                       value expressions: _col1 (type: string)
             Execution mode: vectorized, llap
-            LLAP IO: no inputs
+            LLAP IO: all inputs
         Reducer 2 
             Execution mode: llap
             Reduce Operator Tree:
@@ -2781,7 +2781,7 @@ STAGE PLANS:
                       Statistics: Num rows: 500 Data size: 47500 Basic stats: COMPLETE Column stats: COMPLETE
                       value expressions: _col1 (type: double)
             Execution mode: vectorized, llap
-            LLAP IO: no inputs
+            LLAP IO: all inputs
         Reducer 2 
             Execution mode: llap
             Reduce Operator Tree:
@@ -2849,7 +2849,7 @@ STAGE PLANS:
                       Map-reduce partition columns: key (type: string)
                       Statistics: Num rows: 500 Data size: 43500 Basic stats: COMPLETE Column stats: COMPLETE
             Execution mode: vectorized, llap
-            LLAP IO: no inputs
+            LLAP IO: all inputs
         Reducer 2 
             Execution mode: llap
             Reduce Operator Tree:
@@ -2920,7 +2920,7 @@ STAGE PLANS:
                         Statistics: Num rows: 500 Data size: 89000 Basic stats: COMPLETE Column stats: COMPLETE
                         value expressions: _col1 (type: string)
             Execution mode: vectorized, llap
-            LLAP IO: no inputs
+            LLAP IO: all inputs
         Map 4 
             Map Operator Tree:
                 TableScan
@@ -2941,7 +2941,7 @@ STAGE PLANS:
                         Map-reduce partition columns: _col0 (type: string)
                         Statistics: Num rows: 25 Data size: 2150 Basic stats: COMPLETE Column stats: COMPLETE
             Execution mode: vectorized, llap
-            LLAP IO: no inputs
+            LLAP IO: all inputs
         Reducer 2 
             Execution mode: llap
             Reduce Operator Tree:
@@ -3030,7 +3030,7 @@ STAGE PLANS:
                         Statistics: Num rows: 500 Data size: 89000 Basic stats: COMPLETE Column stats: COMPLETE
                         value expressions: _col1 (type: string)
             Execution mode: vectorized, llap
-            LLAP IO: no inputs
+            LLAP IO: all inputs
         Map 4 
             Map Operator Tree:
                 TableScan
@@ -3051,7 +3051,7 @@ STAGE PLANS:
                         Map-reduce partition columns: _col0 (type: string)
                         Statistics: Num rows: 25 Data size: 2150 Basic stats: COMPLETE Column stats: COMPLETE
             Execution mode: vectorized, llap
-            LLAP IO: no inputs
+            LLAP IO: all inputs
         Reducer 2 
             Execution mode: llap
             Reduce Operator Tree:
@@ -3125,7 +3125,7 @@ STAGE PLANS:
                       Map-reduce partition columns: key (type: string)
                       Statistics: Num rows: 500 Data size: 89000 Basic stats: COMPLETE Column stats: COMPLETE
             Execution mode: vectorized, llap
-            LLAP IO: no inputs
+            LLAP IO: all inputs
         Reducer 2 
             Execution mode: vectorized, llap
             Reduce Operator Tree:
@@ -3193,7 +3193,7 @@ STAGE PLANS:
                       Map-reduce partition columns: key (type: string)
                       Statistics: Num rows: 500 Data size: 89000 Basic stats: COMPLETE Column stats: COMPLETE
             Execution mode: vectorized, llap
-            LLAP IO: no inputs
+            LLAP IO: all inputs
         Reducer 2 
             Execution mode: vectorized, llap
             Reduce Operator Tree:
diff --git a/ql/src/test/results/clientpositive/llap/reduce_deduplicate_extended2.q.out b/ql/src/test/results/clientpositive/llap/reduce_deduplicate_extended2.q.out
index c985276b17..fc5da1abfb 100644
--- a/ql/src/test/results/clientpositive/llap/reduce_deduplicate_extended2.q.out
+++ b/ql/src/test/results/clientpositive/llap/reduce_deduplicate_extended2.q.out
@@ -47,7 +47,7 @@ STAGE PLANS:
                         Map-reduce partition columns: _col0 (type: string), _col1 (type: string)
                         Statistics: Num rows: 500 Data size: 89000 Basic stats: COMPLETE Column stats: COMPLETE
             Execution mode: vectorized, llap
-            LLAP IO: no inputs
+            LLAP IO: all inputs
         Map 4 
             Map Operator Tree:
                 TableScan
@@ -68,7 +68,7 @@ STAGE PLANS:
                         Map-reduce partition columns: _col0 (type: string), _col1 (type: string)
                         Statistics: Num rows: 500 Data size: 89000 Basic stats: COMPLETE Column stats: COMPLETE
             Execution mode: vectorized, llap
-            LLAP IO: no inputs
+            LLAP IO: all inputs
         Reducer 2 
             Execution mode: llap
             Reduce Operator Tree:
@@ -165,7 +165,7 @@ STAGE PLANS:
                         Map-reduce partition columns: _col1 (type: string), _col0 (type: string)
                         Statistics: Num rows: 500 Data size: 89000 Basic stats: COMPLETE Column stats: COMPLETE
             Execution mode: vectorized, llap
-            LLAP IO: no inputs
+            LLAP IO: all inputs
         Map 4 
             Map Operator Tree:
                 TableScan
@@ -186,7 +186,7 @@ STAGE PLANS:
                         Map-reduce partition columns: _col1 (type: string), _col0 (type: string)
                         Statistics: Num rows: 500 Data size: 89000 Basic stats: COMPLETE Column stats: COMPLETE
             Execution mode: vectorized, llap
-            LLAP IO: no inputs
+            LLAP IO: all inputs
         Reducer 2 
             Execution mode: llap
             Reduce Operator Tree:
@@ -306,7 +306,7 @@ STAGE PLANS:
                         Map-reduce partition columns: _col0 (type: string), _col1 (type: string)
                         Statistics: Num rows: 250 Data size: 44500 Basic stats: COMPLETE Column stats: COMPLETE
             Execution mode: vectorized, llap
-            LLAP IO: no inputs
+            LLAP IO: all inputs
         Reducer 2 
             Execution mode: llap
             Reduce Operator Tree:
@@ -431,7 +431,7 @@ STAGE PLANS:
                         Map-reduce partition columns: _col0 (type: string), _col1 (type: string)
                         Statistics: Num rows: 250 Data size: 44500 Basic stats: COMPLETE Column stats: COMPLETE
             Execution mode: vectorized, llap
-            LLAP IO: no inputs
+            LLAP IO: all inputs
         Map 4 
             Map Operator Tree:
                 TableScan
@@ -454,7 +454,7 @@ STAGE PLANS:
                         Map-reduce partition columns: _col0 (type: string), _col1 (type: string)
                         Statistics: Num rows: 250 Data size: 44500 Basic stats: COMPLETE Column stats: COMPLETE
             Execution mode: vectorized, llap
-            LLAP IO: no inputs
+            LLAP IO: all inputs
         Reducer 2 
             Reduce Operator Tree:
               Group By Operator
@@ -596,7 +596,7 @@ STAGE PLANS:
                         Map-reduce partition columns: _col0 (type: string)
                         Statistics: Num rows: 250 Data size: 22750 Basic stats: COMPLETE Column stats: COMPLETE
             Execution mode: vectorized, llap
-            LLAP IO: no inputs
+            LLAP IO: all inputs
         Reducer 2 
             Execution mode: vectorized, llap
             Reduce Operator Tree:
@@ -806,7 +806,7 @@ STAGE PLANS:
                           Map-reduce partition columns: _col0 (type: string), _col1 (type: string)
                           Statistics: Num rows: 250 Data size: 44500 Basic stats: COMPLETE Column stats: COMPLETE
             Execution mode: vectorized, llap
-            LLAP IO: no inputs
+            LLAP IO: all inputs
         Reducer 2 
             Execution mode: vectorized, llap
             Reduce Operator Tree:
diff --git a/ql/src/test/results/clientpositive/llap/reduce_deduplicate_stat_based.q.out b/ql/src/test/results/clientpositive/llap/reduce_deduplicate_stat_based.q.out
index 2d44892ca0..46ba10cf8b 100644
--- a/ql/src/test/results/clientpositive/llap/reduce_deduplicate_stat_based.q.out
+++ b/ql/src/test/results/clientpositive/llap/reduce_deduplicate_stat_based.q.out
@@ -89,7 +89,7 @@ STAGE PLANS:
                       Statistics: Num rows: 741000000 Data size: 72617060094 Basic stats: COMPLETE Column stats: COMPLETE
                       value expressions: _col0 (type: int), _col1 (type: string)
             Execution mode: vectorized, llap
-            LLAP IO: no inputs
+            LLAP IO: all inputs
         Reducer 2 
             Execution mode: vectorized, llap
             Reduce Operator Tree:
@@ -154,7 +154,7 @@ STAGE PLANS:
                       Statistics: Num rows: 741000000 Data size: 5927996004 Basic stats: COMPLETE Column stats: COMPLETE
                       value expressions: _col0 (type: int), _col3 (type: int)
             Execution mode: vectorized, llap
-            LLAP IO: no inputs
+            LLAP IO: all inputs
         Reducer 2 
             Execution mode: vectorized, llap
             Reduce Operator Tree:
@@ -236,7 +236,7 @@ STAGE PLANS:
                       Statistics: Num rows: 741000000 Data size: 65864000085 Basic stats: COMPLETE Column stats: COMPLETE
                       value expressions: _col0 (type: int), _col2 (type: string)
             Execution mode: vectorized, llap
-            LLAP IO: no inputs
+            LLAP IO: all inputs
         Reducer 2 
             Execution mode: vectorized, llap
             Reduce Operator Tree:
@@ -323,7 +323,7 @@ STAGE PLANS:
                         Map-reduce partition columns: _col0 (type: string)
                         Statistics: Num rows: 741000000 Data size: 72617060094 Basic stats: COMPLETE Column stats: COMPLETE
             Execution mode: vectorized, llap
-            LLAP IO: no inputs
+            LLAP IO: all inputs
         Reducer 2 
             Execution mode: vectorized, llap
             Reduce Operator Tree:
@@ -399,7 +399,7 @@ STAGE PLANS:
                         Map-reduce partition columns: _col0 (type: int), _col1 (type: int)
                         Statistics: Num rows: 741000000 Data size: 5927996004 Basic stats: COMPLETE Column stats: COMPLETE
             Execution mode: vectorized, llap
-            LLAP IO: no inputs
+            LLAP IO: all inputs
         Reducer 2 
             Execution mode: vectorized, llap
             Reduce Operator Tree:
@@ -492,7 +492,7 @@ STAGE PLANS:
                         Map-reduce partition columns: _col0 (type: string), _col1 (type: int)
                         Statistics: Num rows: 741000000 Data size: 65864000085 Basic stats: COMPLETE Column stats: COMPLETE
             Execution mode: vectorized, llap
-            LLAP IO: no inputs
+            LLAP IO: all inputs
         Reducer 2 
             Execution mode: vectorized, llap
             Reduce Operator Tree:
@@ -578,7 +578,7 @@ STAGE PLANS:
                       Map-reduce partition columns: _col1 (type: string)
                       Statistics: Num rows: 741000000 Data size: 72617060094 Basic stats: COMPLETE Column stats: COMPLETE
             Execution mode: vectorized, llap
-            LLAP IO: no inputs
+            LLAP IO: all inputs
         Reducer 2 
             Execution mode: vectorized, llap
             Reduce Operator Tree:
@@ -642,7 +642,7 @@ STAGE PLANS:
                       sort order: ++
                       Statistics: Num rows: 741000000 Data size: 5927996004 Basic stats: COMPLETE Column stats: COMPLETE
             Execution mode: vectorized, llap
-            LLAP IO: no inputs
+            LLAP IO: all inputs
         Reducer 2 
             Execution mode: vectorized, llap
             Reduce Operator Tree:
@@ -723,7 +723,7 @@ STAGE PLANS:
                       sort order: ++
                       Statistics: Num rows: 741000000 Data size: 65864000085 Basic stats: COMPLETE Column stats: COMPLETE
             Execution mode: vectorized, llap
-            LLAP IO: no inputs
+            LLAP IO: all inputs
         Reducer 2 
             Execution mode: vectorized, llap
             Reduce Operator Tree:
diff --git a/ql/src/test/results/clientpositive/llap/reducesink_dedup.q.out b/ql/src/test/results/clientpositive/llap/reducesink_dedup.q.out
index d7ed6f0a35..1b661ebff2 100644
--- a/ql/src/test/results/clientpositive/llap/reducesink_dedup.q.out
+++ b/ql/src/test/results/clientpositive/llap/reducesink_dedup.q.out
@@ -98,7 +98,7 @@ STAGE PLANS:
                       Map-reduce partition columns: _col0 (type: string)
                       Statistics: Num rows: 500 Data size: 43500 Basic stats: COMPLETE Column stats: COMPLETE
             Execution mode: vectorized, llap
-            LLAP IO: no inputs
+            LLAP IO: all inputs
         Reducer 2 
             Execution mode: vectorized, llap
             Reduce Operator Tree:
diff --git a/ql/src/test/results/clientpositive/llap/regex_col.q.out b/ql/src/test/results/clientpositive/llap/regex_col.q.out
index 8fc8672fcd..cde71d60a6 100644
--- a/ql/src/test/results/clientpositive/llap/regex_col.q.out
+++ b/ql/src/test/results/clientpositive/llap/regex_col.q.out
@@ -150,7 +150,7 @@ STAGE PLANS:
                         Statistics: Num rows: 2000 Data size: 1092000 Basic stats: COMPLETE Column stats: COMPLETE
                         value expressions: _col2 (type: string), _col3 (type: string)
             Execution mode: vectorized, llap
-            LLAP IO: no inputs
+            LLAP IO: all inputs
         Map 3 
             Map Operator Tree:
                 TableScan
@@ -172,7 +172,7 @@ STAGE PLANS:
                         Statistics: Num rows: 2000 Data size: 1092000 Basic stats: COMPLETE Column stats: COMPLETE
                         value expressions: _col2 (type: string), _col3 (type: string)
             Execution mode: vectorized, llap
-            LLAP IO: no inputs
+            LLAP IO: all inputs
         Reducer 2 
             Execution mode: llap
             Reduce Operator Tree:
@@ -273,7 +273,7 @@ STAGE PLANS:
                             Statistics: Num rows: 2 Data size: 368 Basic stats: COMPLETE Column stats: COMPLETE
                             Target Vertex: Map 4
             Execution mode: vectorized, llap
-            LLAP IO: no inputs
+            LLAP IO: all inputs
         Map 4 
             Map Operator Tree:
                 TableScan
@@ -294,7 +294,7 @@ STAGE PLANS:
                         Map-reduce partition columns: _col1 (type: string), _col2 (type: string), _col0 (type: string)
                         Statistics: Num rows: 1000 Data size: 455000 Basic stats: COMPLETE Column stats: COMPLETE
             Execution mode: vectorized, llap
-            LLAP IO: no inputs
+            LLAP IO: all inputs
         Reducer 2 
             Execution mode: llap
             Reduce Operator Tree:
@@ -522,7 +522,7 @@ STAGE PLANS:
                         sort order: ++
                         Statistics: Num rows: 2000 Data size: 356000 Basic stats: COMPLETE Column stats: COMPLETE
             Execution mode: vectorized, llap
-            LLAP IO: no inputs
+            LLAP IO: all inputs
         Reducer 2 
             Execution mode: vectorized, llap
             Reduce Operator Tree:
diff --git a/ql/src/test/results/clientpositive/llap/results_cache_1.q.out b/ql/src/test/results/clientpositive/llap/results_cache_1.q.out
index 6222e2cf05..a871491531 100644
--- a/ql/src/test/results/clientpositive/llap/results_cache_1.q.out
+++ b/ql/src/test/results/clientpositive/llap/results_cache_1.q.out
@@ -41,7 +41,7 @@ STAGE PLANS:
                         Map-reduce partition columns: _col0 (type: string)
                         Statistics: Num rows: 500 Data size: 43500 Basic stats: COMPLETE Column stats: COMPLETE
             Execution mode: vectorized, llap
-            LLAP IO: no inputs
+            LLAP IO: all inputs
         Map 4 
             Map Operator Tree:
                 TableScan
@@ -62,7 +62,7 @@ STAGE PLANS:
                         Map-reduce partition columns: _col0 (type: string)
                         Statistics: Num rows: 500 Data size: 43500 Basic stats: COMPLETE Column stats: COMPLETE
             Execution mode: vectorized, llap
-            LLAP IO: no inputs
+            LLAP IO: all inputs
         Reducer 2 
             Execution mode: llap
             Reduce Operator Tree:
@@ -186,7 +186,7 @@ STAGE PLANS:
                         Map-reduce partition columns: _col0 (type: string)
                         Statistics: Num rows: 500 Data size: 43500 Basic stats: COMPLETE Column stats: COMPLETE
             Execution mode: vectorized, llap
-            LLAP IO: no inputs
+            LLAP IO: all inputs
         Map 4 
             Map Operator Tree:
                 TableScan
@@ -207,7 +207,7 @@ STAGE PLANS:
                         Map-reduce partition columns: _col0 (type: string)
                         Statistics: Num rows: 500 Data size: 43500 Basic stats: COMPLETE Column stats: COMPLETE
             Execution mode: vectorized, llap
-            LLAP IO: no inputs
+            LLAP IO: all inputs
         Reducer 2 
             Execution mode: llap
             Reduce Operator Tree:
@@ -319,7 +319,7 @@ STAGE PLANS:
                         Map-reduce partition columns: _col0 (type: string)
                         Statistics: Num rows: 500 Data size: 43500 Basic stats: COMPLETE Column stats: COMPLETE
             Execution mode: vectorized, llap
-            LLAP IO: no inputs
+            LLAP IO: all inputs
         Map 4 
             Map Operator Tree:
                 TableScan
@@ -340,7 +340,7 @@ STAGE PLANS:
                         Map-reduce partition columns: _col0 (type: string)
                         Statistics: Num rows: 500 Data size: 43500 Basic stats: COMPLETE Column stats: COMPLETE
             Execution mode: vectorized, llap
-            LLAP IO: no inputs
+            LLAP IO: all inputs
         Reducer 2 
             Execution mode: llap
             Reduce Operator Tree:
diff --git a/ql/src/test/results/clientpositive/llap/results_cache_2.q.out b/ql/src/test/results/clientpositive/llap/results_cache_2.q.out
index d4104aee9e..7092539ff1 100644
--- a/ql/src/test/results/clientpositive/llap/results_cache_2.q.out
+++ b/ql/src/test/results/clientpositive/llap/results_cache_2.q.out
@@ -169,7 +169,7 @@ STAGE PLANS:
                           Statistics: Num rows: 1 Data size: 12 Basic stats: COMPLETE Column stats: COMPLETE
                           value expressions: _col1 (type: bigint)
             Execution mode: vectorized, llap
-            LLAP IO: no inputs
+            LLAP IO: all inputs
         Reducer 2 
             Execution mode: vectorized, llap
             Reduce Operator Tree:
@@ -264,7 +264,7 @@ STAGE PLANS:
                           Statistics: Num rows: 83/1 Data size: 1328 Basic stats: COMPLETE Column stats: COMPLETE
                           value expressions: _col1 (type: bigint)
             Execution mode: vectorized, llap
-            LLAP IO: no inputs
+            LLAP IO: all inputs
         Reducer 2 
             Execution mode: vectorized, llap
             Reduce Operator Tree:
diff --git a/ql/src/test/results/clientpositive/llap/results_cache_capacity.q.out b/ql/src/test/results/clientpositive/llap/results_cache_capacity.q.out
index 1d27e5046c..37bf97a8e8 100644
--- a/ql/src/test/results/clientpositive/llap/results_cache_capacity.q.out
+++ b/ql/src/test/results/clientpositive/llap/results_cache_capacity.q.out
@@ -172,7 +172,7 @@ STAGE PLANS:
                         Statistics: Num rows: 125 Data size: 11875 Basic stats: COMPLETE Column stats: COMPLETE
                         value expressions: _col1 (type: bigint)
             Execution mode: vectorized, llap
-            LLAP IO: no inputs
+            LLAP IO: all inputs
         Reducer 2 
             Execution mode: vectorized, llap
             Reduce Operator Tree:
@@ -256,7 +256,7 @@ STAGE PLANS:
                         Statistics: Num rows: 83 Data size: 7885 Basic stats: COMPLETE Column stats: COMPLETE
                         value expressions: _col1 (type: bigint)
             Execution mode: vectorized, llap
-            LLAP IO: no inputs
+            LLAP IO: all inputs
         Reducer 2 
             Execution mode: vectorized, llap
             Reduce Operator Tree:
diff --git a/ql/src/test/results/clientpositive/llap/results_cache_diff_fs.q.out b/ql/src/test/results/clientpositive/llap/results_cache_diff_fs.q.out
index bf6cf52126..5023720f05 100644
--- a/ql/src/test/results/clientpositive/llap/results_cache_diff_fs.q.out
+++ b/ql/src/test/results/clientpositive/llap/results_cache_diff_fs.q.out
@@ -42,7 +42,7 @@ STAGE PLANS:
                         Map-reduce partition columns: _col0 (type: string)
                         Statistics: Num rows: 500 Data size: 43500 Basic stats: COMPLETE Column stats: COMPLETE
             Execution mode: vectorized, llap
-            LLAP IO: no inputs
+            LLAP IO: all inputs
         Map 4 
             Map Operator Tree:
                 TableScan
@@ -63,7 +63,7 @@ STAGE PLANS:
                         Map-reduce partition columns: _col0 (type: string)
                         Statistics: Num rows: 500 Data size: 43500 Basic stats: COMPLETE Column stats: COMPLETE
             Execution mode: vectorized, llap
-            LLAP IO: no inputs
+            LLAP IO: all inputs
         Reducer 2 
             Execution mode: llap
             Reduce Operator Tree:
diff --git a/ql/src/test/results/clientpositive/llap/results_cache_empty_result.q.out b/ql/src/test/results/clientpositive/llap/results_cache_empty_result.q.out
index 5695870819..1de87f34ce 100644
--- a/ql/src/test/results/clientpositive/llap/results_cache_empty_result.q.out
+++ b/ql/src/test/results/clientpositive/llap/results_cache_empty_result.q.out
@@ -44,7 +44,7 @@ STAGE PLANS:
                         Statistics: Num rows: 83 Data size: 7885 Basic stats: COMPLETE Column stats: COMPLETE
                         value expressions: _col1 (type: bigint)
             Execution mode: vectorized, llap
-            LLAP IO: no inputs
+            LLAP IO: all inputs
         Reducer 2 
             Execution mode: vectorized, llap
             Reduce Operator Tree:
diff --git a/ql/src/test/results/clientpositive/llap/results_cache_invalidation2.q.out b/ql/src/test/results/clientpositive/llap/results_cache_invalidation2.q.out
index 170fff10f5..ffbcd158da 100644
--- a/ql/src/test/results/clientpositive/llap/results_cache_invalidation2.q.out
+++ b/ql/src/test/results/clientpositive/llap/results_cache_invalidation2.q.out
@@ -226,7 +226,7 @@ STAGE PLANS:
                           Statistics: Num rows: 1 Data size: 8 Basic stats: COMPLETE Column stats: COMPLETE
                           value expressions: _col0 (type: bigint)
             Execution mode: vectorized, llap
-            LLAP IO: no inputs
+            LLAP IO: all inputs
         Reducer 2 
             Execution mode: vectorized, llap
             Reduce Operator Tree:
@@ -304,7 +304,7 @@ STAGE PLANS:
                         Map-reduce partition columns: _col0 (type: string)
                         Statistics: Num rows: 1500 Data size: 130500 Basic stats: COMPLETE Column stats: COMPLETE
             Execution mode: vectorized, llap
-            LLAP IO: no inputs
+            LLAP IO: all inputs
         Map 4 
             Map Operator Tree:
                 TableScan
@@ -325,7 +325,7 @@ STAGE PLANS:
                         Map-reduce partition columns: _col0 (type: string)
                         Statistics: Num rows: 500 Data size: 43500 Basic stats: COMPLETE Column stats: COMPLETE
             Execution mode: vectorized, llap
-            LLAP IO: no inputs
+            LLAP IO: all inputs
         Reducer 2 
             Execution mode: llap
             Reduce Operator Tree:
diff --git a/ql/src/test/results/clientpositive/llap/results_cache_lifetime.q.out b/ql/src/test/results/clientpositive/llap/results_cache_lifetime.q.out
index a64820d80b..c3e66fd914 100644
--- a/ql/src/test/results/clientpositive/llap/results_cache_lifetime.q.out
+++ b/ql/src/test/results/clientpositive/llap/results_cache_lifetime.q.out
@@ -60,7 +60,7 @@ STAGE PLANS:
                         Map-reduce partition columns: _col0 (type: string)
                         Statistics: Num rows: 500 Data size: 43500 Basic stats: COMPLETE Column stats: COMPLETE
             Execution mode: vectorized, llap
-            LLAP IO: no inputs
+            LLAP IO: all inputs
         Map 4 
             Map Operator Tree:
                 TableScan
@@ -81,7 +81,7 @@ STAGE PLANS:
                         Map-reduce partition columns: _col0 (type: string)
                         Statistics: Num rows: 500 Data size: 43500 Basic stats: COMPLETE Column stats: COMPLETE
             Execution mode: vectorized, llap
-            LLAP IO: no inputs
+            LLAP IO: all inputs
         Reducer 2 
             Execution mode: llap
             Reduce Operator Tree:
diff --git a/ql/src/test/results/clientpositive/llap/results_cache_quoted_identifiers.q.out b/ql/src/test/results/clientpositive/llap/results_cache_quoted_identifiers.q.out
index d3c085a114..af0e94015b 100644
--- a/ql/src/test/results/clientpositive/llap/results_cache_quoted_identifiers.q.out
+++ b/ql/src/test/results/clientpositive/llap/results_cache_quoted_identifiers.q.out
@@ -71,7 +71,7 @@ STAGE PLANS:
                         Statistics: Num rows: 1 Data size: 376 Basic stats: COMPLETE Column stats: COMPLETE
                         value expressions: _col0 (type: int), _col1 (type: int), _col2 (type: string), _col3 (type: string)
             Execution mode: vectorized, llap
-            LLAP IO: no inputs
+            LLAP IO: all inputs
         Reducer 2 
             Execution mode: vectorized, llap
             Reduce Operator Tree:
diff --git a/ql/src/test/results/clientpositive/llap/results_cache_temptable.q.out b/ql/src/test/results/clientpositive/llap/results_cache_temptable.q.out
index 4a957f57c0..f129a99c22 100644
--- a/ql/src/test/results/clientpositive/llap/results_cache_temptable.q.out
+++ b/ql/src/test/results/clientpositive/llap/results_cache_temptable.q.out
@@ -105,7 +105,7 @@ STAGE PLANS:
                           Statistics: Num rows: 1 Data size: 192 Basic stats: COMPLETE Column stats: NONE
                           value expressions: _col0 (type: bigint)
             Execution mode: vectorized, llap
-            LLAP IO: no inputs
+            LLAP IO: all inputs
         Reducer 2 
             Execution mode: vectorized, llap
             Reduce Operator Tree:
@@ -213,7 +213,7 @@ STAGE PLANS:
                           Statistics: Num rows: 1 Data size: 192 Basic stats: COMPLETE Column stats: NONE
                           value expressions: _col0 (type: bigint)
             Execution mode: vectorized, llap
-            LLAP IO: no inputs
+            LLAP IO: all inputs
         Reducer 2 
             Execution mode: vectorized, llap
             Reduce Operator Tree:
@@ -325,7 +325,7 @@ STAGE PLANS:
                           Statistics: Num rows: 1 Data size: 376 Basic stats: COMPLETE Column stats: NONE
                           value expressions: _col0 (type: bigint)
             Execution mode: vectorized, llap
-            LLAP IO: no inputs
+            LLAP IO: all inputs
         Reducer 2 
             Execution mode: vectorized, llap
             Reduce Operator Tree:
diff --git a/ql/src/test/results/clientpositive/llap/results_cache_transactional.q.out b/ql/src/test/results/clientpositive/llap/results_cache_transactional.q.out
index 8be5a03216..0e39419733 100644
--- a/ql/src/test/results/clientpositive/llap/results_cache_transactional.q.out
+++ b/ql/src/test/results/clientpositive/llap/results_cache_transactional.q.out
@@ -331,7 +331,7 @@ STAGE PLANS:
                         Statistics: Num rows: 1 Data size: 184 Basic stats: COMPLETE Column stats: COMPLETE
                         value expressions: _col0 (type: string)
             Execution mode: vectorized, llap
-            LLAP IO: no inputs
+            LLAP IO: all inputs
         Reducer 2 
             Execution mode: vectorized, llap
             Reduce Operator Tree:
@@ -407,7 +407,7 @@ STAGE PLANS:
                         Statistics: Num rows: 1 Data size: 184 Basic stats: COMPLETE Column stats: COMPLETE
                         value expressions: _col0 (type: string)
             Execution mode: vectorized, llap
-            LLAP IO: no inputs
+            LLAP IO: all inputs
         Reducer 2 
             Execution mode: vectorized, llap
             Reduce Operator Tree:
@@ -505,7 +505,7 @@ STAGE PLANS:
                         Map-reduce partition columns: _col0 (type: string)
                         Statistics: Num rows: 500 Data size: 43500 Basic stats: COMPLETE Column stats: COMPLETE
             Execution mode: vectorized, llap
-            LLAP IO: no inputs
+            LLAP IO: all inputs
         Reducer 2 
             Execution mode: llap
             Reduce Operator Tree:
@@ -627,7 +627,7 @@ STAGE PLANS:
                         Map-reduce partition columns: _col0 (type: string)
                         Statistics: Num rows: 500 Data size: 43500 Basic stats: COMPLETE Column stats: COMPLETE
             Execution mode: vectorized, llap
-            LLAP IO: no inputs
+            LLAP IO: all inputs
         Reducer 2 
             Execution mode: llap
             Reduce Operator Tree:
diff --git a/ql/src/test/results/clientpositive/llap/results_cache_with_auth.q.out b/ql/src/test/results/clientpositive/llap/results_cache_with_auth.q.out
index 51c0bca40b..056b62c01a 100644
--- a/ql/src/test/results/clientpositive/llap/results_cache_with_auth.q.out
+++ b/ql/src/test/results/clientpositive/llap/results_cache_with_auth.q.out
@@ -56,7 +56,7 @@ STAGE PLANS:
                         Statistics: Num rows: 1 Data size: 8 Basic stats: COMPLETE Column stats: COMPLETE
                         value expressions: _col0 (type: bigint)
             Execution mode: vectorized, llap
-            LLAP IO: no inputs
+            LLAP IO: all inputs
         Reducer 2 
             Execution mode: vectorized, llap
             Reduce Operator Tree:
diff --git a/ql/src/test/results/clientpositive/llap/results_cache_with_masking.q.out b/ql/src/test/results/clientpositive/llap/results_cache_with_masking.q.out
index 22dc4920bd..49877e6fae 100644
--- a/ql/src/test/results/clientpositive/llap/results_cache_with_masking.q.out
+++ b/ql/src/test/results/clientpositive/llap/results_cache_with_masking.q.out
@@ -56,7 +56,7 @@ STAGE PLANS:
                         Statistics: Num rows: 2 Data size: 24 Basic stats: COMPLETE Column stats: COMPLETE
                         value expressions: _col1 (type: bigint)
             Execution mode: vectorized, llap
-            LLAP IO: no inputs
+            LLAP IO: all inputs
         Reducer 2 
             Execution mode: vectorized, llap
             Reduce Operator Tree:
@@ -138,7 +138,7 @@ STAGE PLANS:
                         Statistics: Num rows: 2 Data size: 24 Basic stats: COMPLETE Column stats: COMPLETE
                         value expressions: _col1 (type: bigint)
             Execution mode: vectorized, llap
-            LLAP IO: no inputs
+            LLAP IO: all inputs
         Reducer 2 
             Execution mode: vectorized, llap
             Reduce Operator Tree:
diff --git a/ql/src/test/results/clientpositive/llap/router_join_ppr.q.out b/ql/src/test/results/clientpositive/llap/router_join_ppr.q.out
index 8180eb7759..aa33325efa 100644
--- a/ql/src/test/results/clientpositive/llap/router_join_ppr.q.out
+++ b/ql/src/test/results/clientpositive/llap/router_join_ppr.q.out
@@ -72,7 +72,7 @@ STAGE PLANS:
                         value expressions: _col1 (type: string)
                         auto parallelism: true
             Execution mode: vectorized, llap
-            LLAP IO: no inputs
+            LLAP IO: all inputs
             Path -> Alias:
 #### A masked pattern was here ####
             Path -> Partition:
@@ -137,7 +137,7 @@ STAGE PLANS:
                         value expressions: _col1 (type: string)
                         auto parallelism: true
             Execution mode: vectorized, llap
-            LLAP IO: no inputs
+            LLAP IO: all inputs
             Path -> Alias:
 #### A masked pattern was here ####
             Path -> Partition:
@@ -374,7 +374,7 @@ STAGE PLANS:
                         value expressions: _col1 (type: string)
                         auto parallelism: true
             Execution mode: vectorized, llap
-            LLAP IO: no inputs
+            LLAP IO: all inputs
             Path -> Alias:
 #### A masked pattern was here ####
             Path -> Partition:
@@ -482,7 +482,7 @@ STAGE PLANS:
                         value expressions: _col1 (type: string)
                         auto parallelism: true
             Execution mode: vectorized, llap
-            LLAP IO: no inputs
+            LLAP IO: all inputs
             Path -> Alias:
 #### A masked pattern was here ####
             Path -> Partition:
@@ -676,7 +676,7 @@ STAGE PLANS:
                         value expressions: _col1 (type: string)
                         auto parallelism: true
             Execution mode: vectorized, llap
-            LLAP IO: no inputs
+            LLAP IO: all inputs
             Path -> Alias:
 #### A masked pattern was here ####
             Path -> Partition:
@@ -741,7 +741,7 @@ STAGE PLANS:
                         value expressions: _col1 (type: string)
                         auto parallelism: true
             Execution mode: vectorized, llap
-            LLAP IO: no inputs
+            LLAP IO: all inputs
             Path -> Alias:
 #### A masked pattern was here ####
             Path -> Partition:
@@ -978,7 +978,7 @@ STAGE PLANS:
                         value expressions: _col1 (type: string)
                         auto parallelism: true
             Execution mode: vectorized, llap
-            LLAP IO: no inputs
+            LLAP IO: all inputs
             Path -> Alias:
 #### A masked pattern was here ####
             Path -> Partition:
@@ -1086,7 +1086,7 @@ STAGE PLANS:
                         value expressions: _col1 (type: string)
                         auto parallelism: true
             Execution mode: vectorized, llap
-            LLAP IO: no inputs
+            LLAP IO: all inputs
             Path -> Alias:
 #### A masked pattern was here ####
             Path -> Partition:
diff --git a/ql/src/test/results/clientpositive/llap/runtime_skewjoin_mapjoin_spark.q.out b/ql/src/test/results/clientpositive/llap/runtime_skewjoin_mapjoin_spark.q.out
index b69b0377b0..aa8c82e29f 100644
--- a/ql/src/test/results/clientpositive/llap/runtime_skewjoin_mapjoin_spark.q.out
+++ b/ql/src/test/results/clientpositive/llap/runtime_skewjoin_mapjoin_spark.q.out
@@ -69,7 +69,7 @@ STAGE PLANS:
                         Map-reduce partition columns: _col0 (type: string)
                         Statistics: Num rows: 1 Data size: 184 Basic stats: COMPLETE Column stats: NONE
             Execution mode: vectorized, llap
-            LLAP IO: no inputs
+            LLAP IO: all inputs
         Map 6 
             Map Operator Tree:
                 TableScan
@@ -102,7 +102,7 @@ STAGE PLANS:
                         Map-reduce partition columns: _col0 (type: string)
                         Statistics: Num rows: 500 Data size: 43500 Basic stats: COMPLETE Column stats: COMPLETE
             Execution mode: vectorized, llap
-            LLAP IO: no inputs
+            LLAP IO: all inputs
         Reducer 2 
             Execution mode: llap
             Reduce Operator Tree:
diff --git a/ql/src/test/results/clientpositive/llap/sample1.q.out b/ql/src/test/results/clientpositive/llap/sample1.q.out
index 19c91a057c..80f5d92787 100644
--- a/ql/src/test/results/clientpositive/llap/sample1.q.out
+++ b/ql/src/test/results/clientpositive/llap/sample1.q.out
@@ -97,7 +97,7 @@ STAGE PLANS:
                             value expressions: _col0 (type: int), _col1 (type: int), _col2 (type: bigint), _col3 (type: bigint), _col4 (type: binary), _col5 (type: int), _col6 (type: struct<count:bigint,sum:double,input:int>), _col7 (type: bigint), _col8 (type: binary), _col9 (type: int), _col10 (type: struct<count:bigint,sum:double,input:int>), _col11 (type: bigint), _col12 (type: binary), _col13 (type: int), _col14 (type: struct<count:bigint,sum:double,input:int>), _col15 (type: bigint), _col16 (type: binary)
                             auto parallelism: false
             Execution mode: llap
-            LLAP IO: no inputs
+            LLAP IO: all inputs
             Path -> Alias:
 #### A masked pattern was here ####
             Path -> Partition:
diff --git a/ql/src/test/results/clientpositive/llap/sample5.q.out b/ql/src/test/results/clientpositive/llap/sample5.q.out
index 43361b17d4..842b6b13f8 100644
--- a/ql/src/test/results/clientpositive/llap/sample5.q.out
+++ b/ql/src/test/results/clientpositive/llap/sample5.q.out
@@ -94,7 +94,7 @@ STAGE PLANS:
                             value expressions: _col0 (type: int), _col1 (type: int), _col2 (type: bigint), _col3 (type: bigint), _col4 (type: binary), _col5 (type: int), _col6 (type: struct<count:bigint,sum:double,input:int>), _col7 (type: bigint), _col8 (type: binary)
                             auto parallelism: false
             Execution mode: llap
-            LLAP IO: no inputs
+            LLAP IO: all inputs
             Path -> Alias:
 #### A masked pattern was here ####
             Path -> Partition:
diff --git a/ql/src/test/results/clientpositive/llap/sample6.q.out b/ql/src/test/results/clientpositive/llap/sample6.q.out
index 4738af70fa..c72dabeac0 100644
--- a/ql/src/test/results/clientpositive/llap/sample6.q.out
+++ b/ql/src/test/results/clientpositive/llap/sample6.q.out
@@ -93,7 +93,7 @@ STAGE PLANS:
                             value expressions: _col0 (type: int), _col1 (type: int), _col2 (type: bigint), _col3 (type: bigint), _col4 (type: binary), _col5 (type: int), _col6 (type: struct<count:bigint,sum:double,input:int>), _col7 (type: bigint), _col8 (type: binary)
                             auto parallelism: false
             Execution mode: llap
-            LLAP IO: no inputs
+            LLAP IO: all inputs
             Path -> Alias:
 #### A masked pattern was here ####
             Path -> Partition:
@@ -544,7 +544,7 @@ STAGE PLANS:
                         tag: -1
                         auto parallelism: false
             Execution mode: vectorized, llap
-            LLAP IO: no inputs
+            LLAP IO: all inputs
             Path -> Alias:
 #### A masked pattern was here ####
             Path -> Partition:
@@ -953,7 +953,7 @@ STAGE PLANS:
                         tag: -1
                         auto parallelism: false
             Execution mode: vectorized, llap
-            LLAP IO: no inputs
+            LLAP IO: all inputs
             Path -> Alias:
 #### A masked pattern was here ####
             Path -> Partition:
@@ -1585,7 +1585,7 @@ STAGE PLANS:
                         tag: -1
                         auto parallelism: false
             Execution mode: vectorized, llap
-            LLAP IO: no inputs
+            LLAP IO: all inputs
             Path -> Alias:
 #### A masked pattern was here ####
             Path -> Partition:
@@ -2099,7 +2099,7 @@ STAGE PLANS:
                         tag: -1
                         auto parallelism: false
             Execution mode: vectorized, llap
-            LLAP IO: no inputs
+            LLAP IO: all inputs
             Path -> Alias:
 #### A masked pattern was here ####
             Path -> Partition:
@@ -2553,7 +2553,7 @@ STAGE PLANS:
                         tag: -1
                         auto parallelism: false
             Execution mode: vectorized, llap
-            LLAP IO: no inputs
+            LLAP IO: all inputs
             Path -> Alias:
 #### A masked pattern was here ####
             Path -> Partition:
@@ -2933,7 +2933,7 @@ STAGE PLANS:
                         tag: -1
                         auto parallelism: false
             Execution mode: vectorized, llap
-            LLAP IO: no inputs
+            LLAP IO: all inputs
             Path -> Alias:
 #### A masked pattern was here ####
             Path -> Partition:
@@ -3204,7 +3204,7 @@ STAGE PLANS:
                         tag: -1
                         auto parallelism: false
             Execution mode: vectorized, llap
-            LLAP IO: no inputs
+            LLAP IO: all inputs
             Path -> Alias:
 #### A masked pattern was here ####
             Path -> Partition:
diff --git a/ql/src/test/results/clientpositive/llap/sample7.q.out b/ql/src/test/results/clientpositive/llap/sample7.q.out
index 24114acd85..c9849ed1be 100644
--- a/ql/src/test/results/clientpositive/llap/sample7.q.out
+++ b/ql/src/test/results/clientpositive/llap/sample7.q.out
@@ -95,7 +95,7 @@ STAGE PLANS:
                             value expressions: _col0 (type: int), _col1 (type: int), _col2 (type: bigint), _col3 (type: bigint), _col4 (type: binary), _col5 (type: int), _col6 (type: struct<count:bigint,sum:double,input:int>), _col7 (type: bigint), _col8 (type: binary)
                             auto parallelism: false
             Execution mode: llap
-            LLAP IO: no inputs
+            LLAP IO: all inputs
             Path -> Alias:
 #### A masked pattern was here ####
             Path -> Partition:
diff --git a/ql/src/test/results/clientpositive/llap/sample8.q.out b/ql/src/test/results/clientpositive/llap/sample8.q.out
index 3a1d2376bd..6c63a29630 100644
--- a/ql/src/test/results/clientpositive/llap/sample8.q.out
+++ b/ql/src/test/results/clientpositive/llap/sample8.q.out
@@ -55,7 +55,7 @@ STAGE PLANS:
                       tag: 0
                       auto parallelism: true
             Execution mode: vectorized, llap
-            LLAP IO: no inputs
+            LLAP IO: all inputs
             Path -> Alias:
 #### A masked pattern was here ####
             Path -> Partition:
@@ -119,7 +119,7 @@ STAGE PLANS:
                       tag: 1
                       auto parallelism: true
             Execution mode: vectorized, llap
-            LLAP IO: no inputs
+            LLAP IO: all inputs
             Path -> Alias:
 #### A masked pattern was here ####
             Path -> Partition:
@@ -720,7 +720,7 @@ STAGE PLANS:
                       Statistics: Num rows: 500 Data size: 89000 Basic stats: COMPLETE Column stats: COMPLETE
                       value expressions: value (type: string)
             Execution mode: vectorized, llap
-            LLAP IO: no inputs
+            LLAP IO: all inputs
         Map 3 
             Map Operator Tree:
                 TableScan
@@ -739,7 +739,7 @@ STAGE PLANS:
                       Statistics: Num rows: 25 Data size: 4375 Basic stats: COMPLETE Column stats: COMPLETE
                       value expressions: value (type: string)
             Execution mode: vectorized, llap
-            LLAP IO: no inputs
+            LLAP IO: all inputs
         Reducer 2 
             Execution mode: llap
             Reduce Operator Tree:
@@ -827,7 +827,7 @@ STAGE PLANS:
                       Statistics: Num rows: 500 Data size: 89000 Basic stats: COMPLETE Column stats: COMPLETE
                       value expressions: value (type: string)
             Execution mode: vectorized, llap
-            LLAP IO: no inputs
+            LLAP IO: all inputs
         Map 3 
             Map Operator Tree:
                 TableScan
@@ -846,7 +846,7 @@ STAGE PLANS:
                       Statistics: Num rows: 25 Data size: 4375 Basic stats: COMPLETE Column stats: COMPLETE
                       value expressions: value (type: string)
             Execution mode: vectorized, llap
-            LLAP IO: no inputs
+            LLAP IO: all inputs
         Reducer 2 
             Execution mode: llap
             Reduce Operator Tree:
diff --git a/ql/src/test/results/clientpositive/llap/schema_evol_text_nonvec_part_all_complex_llap_io.q.out b/ql/src/test/results/clientpositive/llap/schema_evol_text_nonvec_part_all_complex_llap_io.q.out
index aa50f3bf1a..655a5e5e34 100644
--- a/ql/src/test/results/clientpositive/llap/schema_evol_text_nonvec_part_all_complex_llap_io.q.out
+++ b/ql/src/test/results/clientpositive/llap/schema_evol_text_nonvec_part_all_complex_llap_io.q.out
@@ -176,7 +176,7 @@ STAGE PLANS:
                           output format: org.apache.hadoop.hive.ql.io.HiveSequenceFileOutputFormat
                           serde: org.apache.hadoop.hive.serde2.lazy.LazySimpleSerDe
             Execution mode: llap
-            LLAP IO: no inputs
+            LLAP IO: all inputs
 
   Stage: Stage-0
     Fetch Operator
@@ -463,7 +463,7 @@ STAGE PLANS:
                           output format: org.apache.hadoop.hive.ql.io.HiveSequenceFileOutputFormat
                           serde: org.apache.hadoop.hive.serde2.lazy.LazySimpleSerDe
             Execution mode: llap
-            LLAP IO: no inputs
+            LLAP IO: all inputs
 
   Stage: Stage-0
     Fetch Operator
@@ -676,7 +676,7 @@ STAGE PLANS:
                           output format: org.apache.hadoop.hive.ql.io.HiveSequenceFileOutputFormat
                           serde: org.apache.hadoop.hive.serde2.lazy.LazySimpleSerDe
             Execution mode: llap
-            LLAP IO: no inputs
+            LLAP IO: all inputs
 
   Stage: Stage-0
     Fetch Operator
diff --git a/ql/src/test/results/clientpositive/llap/schema_evol_text_nonvec_part_all_primitive_llap_io.q.out b/ql/src/test/results/clientpositive/llap/schema_evol_text_nonvec_part_all_primitive_llap_io.q.out
index 41063213ea..5fa21febd5 100644
--- a/ql/src/test/results/clientpositive/llap/schema_evol_text_nonvec_part_all_primitive_llap_io.q.out
+++ b/ql/src/test/results/clientpositive/llap/schema_evol_text_nonvec_part_all_primitive_llap_io.q.out
@@ -173,7 +173,7 @@ STAGE PLANS:
                           output format: org.apache.hadoop.hive.ql.io.HiveSequenceFileOutputFormat
                           serde: org.apache.hadoop.hive.serde2.lazy.LazySimpleSerDe
             Execution mode: llap
-            LLAP IO: no inputs
+            LLAP IO: all inputs
 
   Stage: Stage-0
     Fetch Operator
@@ -336,7 +336,7 @@ STAGE PLANS:
                           output format: org.apache.hadoop.hive.ql.io.HiveSequenceFileOutputFormat
                           serde: org.apache.hadoop.hive.serde2.lazy.LazySimpleSerDe
             Execution mode: llap
-            LLAP IO: no inputs
+            LLAP IO: all inputs
 
   Stage: Stage-0
     Fetch Operator
@@ -484,7 +484,7 @@ STAGE PLANS:
                           output format: org.apache.hadoop.hive.ql.io.HiveSequenceFileOutputFormat
                           serde: org.apache.hadoop.hive.serde2.lazy.LazySimpleSerDe
             Execution mode: llap
-            LLAP IO: no inputs
+            LLAP IO: all inputs
 
   Stage: Stage-0
     Fetch Operator
@@ -619,7 +619,7 @@ STAGE PLANS:
                           output format: org.apache.hadoop.hive.ql.io.HiveSequenceFileOutputFormat
                           serde: org.apache.hadoop.hive.serde2.lazy.LazySimpleSerDe
             Execution mode: llap
-            LLAP IO: no inputs
+            LLAP IO: all inputs
 
   Stage: Stage-0
     Fetch Operator
@@ -726,7 +726,7 @@ STAGE PLANS:
                           output format: org.apache.hadoop.hive.ql.io.HiveSequenceFileOutputFormat
                           serde: org.apache.hadoop.hive.serde2.lazy.LazySimpleSerDe
             Execution mode: llap
-            LLAP IO: no inputs
+            LLAP IO: all inputs
 
   Stage: Stage-0
     Fetch Operator
@@ -824,7 +824,7 @@ STAGE PLANS:
                           output format: org.apache.hadoop.hive.ql.io.HiveSequenceFileOutputFormat
                           serde: org.apache.hadoop.hive.serde2.lazy.LazySimpleSerDe
             Execution mode: llap
-            LLAP IO: no inputs
+            LLAP IO: all inputs
 
   Stage: Stage-0
     Fetch Operator
@@ -923,7 +923,7 @@ STAGE PLANS:
                           output format: org.apache.hadoop.hive.ql.io.HiveSequenceFileOutputFormat
                           serde: org.apache.hadoop.hive.serde2.lazy.LazySimpleSerDe
             Execution mode: llap
-            LLAP IO: no inputs
+            LLAP IO: all inputs
 
   Stage: Stage-0
     Fetch Operator
@@ -1013,7 +1013,7 @@ STAGE PLANS:
                           output format: org.apache.hadoop.hive.ql.io.HiveSequenceFileOutputFormat
                           serde: org.apache.hadoop.hive.serde2.lazy.LazySimpleSerDe
             Execution mode: llap
-            LLAP IO: no inputs
+            LLAP IO: all inputs
 
   Stage: Stage-0
     Fetch Operator
@@ -1134,7 +1134,7 @@ STAGE PLANS:
                           output format: org.apache.hadoop.hive.ql.io.HiveSequenceFileOutputFormat
                           serde: org.apache.hadoop.hive.serde2.lazy.LazySimpleSerDe
             Execution mode: llap
-            LLAP IO: no inputs
+            LLAP IO: all inputs
 
   Stage: Stage-0
     Fetch Operator
@@ -1285,7 +1285,7 @@ STAGE PLANS:
                           output format: org.apache.hadoop.hive.ql.io.HiveSequenceFileOutputFormat
                           serde: org.apache.hadoop.hive.serde2.lazy.LazySimpleSerDe
             Execution mode: llap
-            LLAP IO: no inputs
+            LLAP IO: all inputs
 
   Stage: Stage-0
     Fetch Operator
diff --git a/ql/src/test/results/clientpositive/llap/schema_evol_text_nonvec_part_llap_io.q.out b/ql/src/test/results/clientpositive/llap/schema_evol_text_nonvec_part_llap_io.q.out
index 2605d5dbc8..b98ecdd075 100644
--- a/ql/src/test/results/clientpositive/llap/schema_evol_text_nonvec_part_llap_io.q.out
+++ b/ql/src/test/results/clientpositive/llap/schema_evol_text_nonvec_part_llap_io.q.out
@@ -100,7 +100,7 @@ STAGE PLANS:
                           output format: org.apache.hadoop.hive.ql.io.HiveSequenceFileOutputFormat
                           serde: org.apache.hadoop.hive.serde2.lazy.LazySimpleSerDe
             Execution mode: llap
-            LLAP IO: no inputs
+            LLAP IO: all inputs
 
   Stage: Stage-0
     Fetch Operator
@@ -240,7 +240,7 @@ STAGE PLANS:
                           output format: org.apache.hadoop.hive.ql.io.HiveSequenceFileOutputFormat
                           serde: org.apache.hadoop.hive.serde2.lazy.LazySimpleSerDe
             Execution mode: llap
-            LLAP IO: no inputs
+            LLAP IO: all inputs
 
   Stage: Stage-0
     Fetch Operator
@@ -434,7 +434,7 @@ STAGE PLANS:
                           output format: org.apache.hadoop.hive.ql.io.HiveSequenceFileOutputFormat
                           serde: org.apache.hadoop.hive.serde2.lazy.LazySimpleSerDe
             Execution mode: llap
-            LLAP IO: no inputs
+            LLAP IO: all inputs
 
   Stage: Stage-0
     Fetch Operator
@@ -567,7 +567,7 @@ STAGE PLANS:
                           output format: org.apache.hadoop.hive.ql.io.HiveSequenceFileOutputFormat
                           serde: org.apache.hadoop.hive.serde2.lazy.LazySimpleSerDe
             Execution mode: llap
-            LLAP IO: no inputs
+            LLAP IO: all inputs
 
   Stage: Stage-0
     Fetch Operator
@@ -769,7 +769,7 @@ STAGE PLANS:
                           output format: org.apache.hadoop.hive.ql.io.HiveSequenceFileOutputFormat
                           serde: org.apache.hadoop.hive.serde2.lazy.LazySimpleSerDe
             Execution mode: llap
-            LLAP IO: no inputs
+            LLAP IO: all inputs
 
   Stage: Stage-0
     Fetch Operator
@@ -961,7 +961,7 @@ STAGE PLANS:
                           output format: org.apache.hadoop.hive.ql.io.HiveSequenceFileOutputFormat
                           serde: org.apache.hadoop.hive.serde2.lazy.LazySimpleSerDe
             Execution mode: llap
-            LLAP IO: no inputs
+            LLAP IO: all inputs
 
   Stage: Stage-0
     Fetch Operator
@@ -1139,7 +1139,7 @@ STAGE PLANS:
                           output format: org.apache.hadoop.hive.ql.io.HiveSequenceFileOutputFormat
                           serde: org.apache.hadoop.hive.serde2.lazy.LazySimpleSerDe
             Execution mode: llap
-            LLAP IO: no inputs
+            LLAP IO: all inputs
 
   Stage: Stage-0
     Fetch Operator
@@ -1345,7 +1345,7 @@ STAGE PLANS:
                           output format: org.apache.hadoop.hive.ql.io.HiveSequenceFileOutputFormat
                           serde: org.apache.hadoop.hive.serde2.lazy.LazySimpleSerDe
             Execution mode: llap
-            LLAP IO: no inputs
+            LLAP IO: all inputs
 
   Stage: Stage-0
     Fetch Operator
@@ -1493,7 +1493,7 @@ STAGE PLANS:
                           output format: org.apache.hadoop.hive.ql.io.HiveSequenceFileOutputFormat
                           serde: org.apache.hadoop.hive.serde2.lazy.LazySimpleSerDe
             Execution mode: llap
-            LLAP IO: no inputs
+            LLAP IO: all inputs
 
   Stage: Stage-0
     Fetch Operator
diff --git a/ql/src/test/results/clientpositive/llap/schema_evol_text_nonvec_table_llap_io.q.out b/ql/src/test/results/clientpositive/llap/schema_evol_text_nonvec_table_llap_io.q.out
index 90ff7460e6..d0c6686936 100644
--- a/ql/src/test/results/clientpositive/llap/schema_evol_text_nonvec_table_llap_io.q.out
+++ b/ql/src/test/results/clientpositive/llap/schema_evol_text_nonvec_table_llap_io.q.out
@@ -98,7 +98,7 @@ STAGE PLANS:
                           output format: org.apache.hadoop.hive.ql.io.HiveSequenceFileOutputFormat
                           serde: org.apache.hadoop.hive.serde2.lazy.LazySimpleSerDe
             Execution mode: llap
-            LLAP IO: no inputs
+            LLAP IO: all inputs
 
   Stage: Stage-0
     Fetch Operator
@@ -242,7 +242,7 @@ STAGE PLANS:
                           output format: org.apache.hadoop.hive.ql.io.HiveSequenceFileOutputFormat
                           serde: org.apache.hadoop.hive.serde2.lazy.LazySimpleSerDe
             Execution mode: llap
-            LLAP IO: no inputs
+            LLAP IO: all inputs
 
   Stage: Stage-0
     Fetch Operator
@@ -448,7 +448,7 @@ STAGE PLANS:
                           output format: org.apache.hadoop.hive.ql.io.HiveSequenceFileOutputFormat
                           serde: org.apache.hadoop.hive.serde2.lazy.LazySimpleSerDe
             Execution mode: llap
-            LLAP IO: no inputs
+            LLAP IO: all inputs
 
   Stage: Stage-0
     Fetch Operator
@@ -725,7 +725,7 @@ STAGE PLANS:
                           output format: org.apache.hadoop.hive.ql.io.HiveSequenceFileOutputFormat
                           serde: org.apache.hadoop.hive.serde2.lazy.LazySimpleSerDe
             Execution mode: llap
-            LLAP IO: no inputs
+            LLAP IO: all inputs
 
   Stage: Stage-0
     Fetch Operator
@@ -911,7 +911,7 @@ STAGE PLANS:
                           output format: org.apache.hadoop.hive.ql.io.HiveSequenceFileOutputFormat
                           serde: org.apache.hadoop.hive.serde2.lazy.LazySimpleSerDe
             Execution mode: llap
-            LLAP IO: no inputs
+            LLAP IO: all inputs
 
   Stage: Stage-0
     Fetch Operator
diff --git a/ql/src/test/results/clientpositive/llap/schema_evol_text_vec_part_all_complex_llap_io.q.out b/ql/src/test/results/clientpositive/llap/schema_evol_text_vec_part_all_complex_llap_io.q.out
index 093b460b78..f63f498f1e 100644
--- a/ql/src/test/results/clientpositive/llap/schema_evol_text_vec_part_all_complex_llap_io.q.out
+++ b/ql/src/test/results/clientpositive/llap/schema_evol_text_vec_part_all_complex_llap_io.q.out
@@ -93,7 +93,7 @@ STAGE PLANS:
                           output format: org.apache.hadoop.hive.ql.io.HiveSequenceFileOutputFormat
                           serde: org.apache.hadoop.hive.serde2.lazy.LazySimpleSerDe
             Execution mode: vectorized, llap
-            LLAP IO: no inputs
+            LLAP IO: all inputs
             Map Vectorization:
                 enabled: true
                 enabledConditionsMet: hive.vectorized.use.vector.serde.deserialize IS true
@@ -253,7 +253,7 @@ STAGE PLANS:
                           output format: org.apache.hadoop.hive.ql.io.HiveSequenceFileOutputFormat
                           serde: org.apache.hadoop.hive.serde2.lazy.LazySimpleSerDe
             Execution mode: llap
-            LLAP IO: no inputs
+            LLAP IO: all inputs
             Map Vectorization:
                 enabled: false
                 enabledConditionsMet: hive.vectorized.use.vector.serde.deserialize IS true
@@ -350,7 +350,7 @@ STAGE PLANS:
                           output format: org.apache.hadoop.hive.ql.io.HiveSequenceFileOutputFormat
                           serde: org.apache.hadoop.hive.serde2.lazy.LazySimpleSerDe
             Execution mode: vectorized, llap
-            LLAP IO: no inputs
+            LLAP IO: all inputs
             Map Vectorization:
                 enabled: true
                 enabledConditionsMet: hive.vectorized.use.vector.serde.deserialize IS true
@@ -518,7 +518,7 @@ STAGE PLANS:
                           output format: org.apache.hadoop.hive.ql.io.HiveSequenceFileOutputFormat
                           serde: org.apache.hadoop.hive.serde2.lazy.LazySimpleSerDe
             Execution mode: vectorized, llap
-            LLAP IO: no inputs
+            LLAP IO: all inputs
             Map Vectorization:
                 enabled: true
                 enabledConditionsMet: hive.vectorized.use.vector.serde.deserialize IS true
@@ -663,7 +663,7 @@ STAGE PLANS:
                           output format: org.apache.hadoop.hive.ql.io.HiveSequenceFileOutputFormat
                           serde: org.apache.hadoop.hive.serde2.lazy.LazySimpleSerDe
             Execution mode: llap
-            LLAP IO: no inputs
+            LLAP IO: all inputs
             Map Vectorization:
                 enabled: false
                 enabledConditionsMet: hive.vectorized.use.vector.serde.deserialize IS true
@@ -779,7 +779,7 @@ STAGE PLANS:
                           output format: org.apache.hadoop.hive.ql.io.HiveSequenceFileOutputFormat
                           serde: org.apache.hadoop.hive.serde2.lazy.LazySimpleSerDe
             Execution mode: vectorized, llap
-            LLAP IO: no inputs
+            LLAP IO: all inputs
             Map Vectorization:
                 enabled: true
                 enabledConditionsMet: hive.vectorized.use.vector.serde.deserialize IS true
@@ -937,7 +937,7 @@ STAGE PLANS:
                           output format: org.apache.hadoop.hive.ql.io.HiveSequenceFileOutputFormat
                           serde: org.apache.hadoop.hive.serde2.lazy.LazySimpleSerDe
             Execution mode: llap
-            LLAP IO: no inputs
+            LLAP IO: all inputs
             Map Vectorization:
                 enabled: false
                 enabledConditionsMet: hive.vectorized.use.vector.serde.deserialize IS true
diff --git a/ql/src/test/results/clientpositive/llap/schema_evol_text_vec_part_all_primitive_llap_io.q.out b/ql/src/test/results/clientpositive/llap/schema_evol_text_vec_part_all_primitive_llap_io.q.out
index bad1f3947a..732d008046 100644
--- a/ql/src/test/results/clientpositive/llap/schema_evol_text_vec_part_all_primitive_llap_io.q.out
+++ b/ql/src/test/results/clientpositive/llap/schema_evol_text_vec_part_all_primitive_llap_io.q.out
@@ -183,7 +183,7 @@ STAGE PLANS:
                           output format: org.apache.hadoop.hive.ql.io.HiveSequenceFileOutputFormat
                           serde: org.apache.hadoop.hive.serde2.lazy.LazySimpleSerDe
             Execution mode: vectorized, llap
-            LLAP IO: no inputs
+            LLAP IO: all inputs
             Map Vectorization:
                 enabled: true
                 enabledConditionsMet: hive.vectorized.use.vector.serde.deserialize IS true
@@ -362,7 +362,7 @@ STAGE PLANS:
                           output format: org.apache.hadoop.hive.ql.io.HiveSequenceFileOutputFormat
                           serde: org.apache.hadoop.hive.serde2.lazy.LazySimpleSerDe
             Execution mode: llap
-            LLAP IO: no inputs
+            LLAP IO: all inputs
             Map Vectorization:
                 enabled: false
                 enabledConditionsMet: hive.vectorized.use.vector.serde.deserialize IS true
@@ -525,7 +525,7 @@ STAGE PLANS:
                           output format: org.apache.hadoop.hive.ql.io.HiveSequenceFileOutputFormat
                           serde: org.apache.hadoop.hive.serde2.lazy.LazySimpleSerDe
             Execution mode: vectorized, llap
-            LLAP IO: no inputs
+            LLAP IO: all inputs
             Map Vectorization:
                 enabled: true
                 enabledConditionsMet: hive.vectorized.use.vector.serde.deserialize IS true
@@ -676,7 +676,7 @@ STAGE PLANS:
                           output format: org.apache.hadoop.hive.ql.io.HiveSequenceFileOutputFormat
                           serde: org.apache.hadoop.hive.serde2.lazy.LazySimpleSerDe
             Execution mode: llap
-            LLAP IO: no inputs
+            LLAP IO: all inputs
             Map Vectorization:
                 enabled: false
                 enabledConditionsMet: hive.vectorized.use.vector.serde.deserialize IS true
@@ -798,7 +798,7 @@ STAGE PLANS:
                           output format: org.apache.hadoop.hive.ql.io.HiveSequenceFileOutputFormat
                           serde: org.apache.hadoop.hive.serde2.lazy.LazySimpleSerDe
             Execution mode: vectorized, llap
-            LLAP IO: no inputs
+            LLAP IO: all inputs
             Map Vectorization:
                 enabled: true
                 enabledConditionsMet: hive.vectorized.use.vector.serde.deserialize IS true
@@ -912,7 +912,7 @@ STAGE PLANS:
                           output format: org.apache.hadoop.hive.ql.io.HiveSequenceFileOutputFormat
                           serde: org.apache.hadoop.hive.serde2.lazy.LazySimpleSerDe
             Execution mode: llap
-            LLAP IO: no inputs
+            LLAP IO: all inputs
             Map Vectorization:
                 enabled: false
                 enabledConditionsMet: hive.vectorized.use.vector.serde.deserialize IS true
@@ -1026,7 +1026,7 @@ STAGE PLANS:
                           output format: org.apache.hadoop.hive.ql.io.HiveSequenceFileOutputFormat
                           serde: org.apache.hadoop.hive.serde2.lazy.LazySimpleSerDe
             Execution mode: vectorized, llap
-            LLAP IO: no inputs
+            LLAP IO: all inputs
             Map Vectorization:
                 enabled: true
                 enabledConditionsMet: hive.vectorized.use.vector.serde.deserialize IS true
@@ -1132,7 +1132,7 @@ STAGE PLANS:
                           output format: org.apache.hadoop.hive.ql.io.HiveSequenceFileOutputFormat
                           serde: org.apache.hadoop.hive.serde2.lazy.LazySimpleSerDe
             Execution mode: llap
-            LLAP IO: no inputs
+            LLAP IO: all inputs
             Map Vectorization:
                 enabled: false
                 enabledConditionsMet: hive.vectorized.use.vector.serde.deserialize IS true
@@ -1268,7 +1268,7 @@ STAGE PLANS:
                           output format: org.apache.hadoop.hive.ql.io.HiveSequenceFileOutputFormat
                           serde: org.apache.hadoop.hive.serde2.lazy.LazySimpleSerDe
             Execution mode: vectorized, llap
-            LLAP IO: no inputs
+            LLAP IO: all inputs
             Map Vectorization:
                 enabled: true
                 enabledConditionsMet: hive.vectorized.use.vector.serde.deserialize IS true
@@ -1435,7 +1435,7 @@ STAGE PLANS:
                           output format: org.apache.hadoop.hive.ql.io.HiveSequenceFileOutputFormat
                           serde: org.apache.hadoop.hive.serde2.lazy.LazySimpleSerDe
             Execution mode: llap
-            LLAP IO: no inputs
+            LLAP IO: all inputs
             Map Vectorization:
                 enabled: false
                 enabledConditionsMet: hive.vectorized.use.vector.serde.deserialize IS true
diff --git a/ql/src/test/results/clientpositive/llap/schema_evol_text_vec_part_llap_io.q.out b/ql/src/test/results/clientpositive/llap/schema_evol_text_vec_part_llap_io.q.out
index 169b460752..6678839ce6 100644
--- a/ql/src/test/results/clientpositive/llap/schema_evol_text_vec_part_llap_io.q.out
+++ b/ql/src/test/results/clientpositive/llap/schema_evol_text_vec_part_llap_io.q.out
@@ -89,7 +89,7 @@ STAGE PLANS:
                           output format: org.apache.hadoop.hive.ql.io.HiveSequenceFileOutputFormat
                           serde: org.apache.hadoop.hive.serde2.lazy.LazySimpleSerDe
             Execution mode: vectorized, llap
-            LLAP IO: no inputs
+            LLAP IO: all inputs
             Map Vectorization:
                 enabled: true
                 enabledConditionsMet: hive.vectorized.use.vector.serde.deserialize IS true
@@ -206,7 +206,7 @@ STAGE PLANS:
                           output format: org.apache.hadoop.hive.ql.io.HiveSequenceFileOutputFormat
                           serde: org.apache.hadoop.hive.serde2.lazy.LazySimpleSerDe
             Execution mode: vectorized, llap
-            LLAP IO: no inputs
+            LLAP IO: all inputs
             Map Vectorization:
                 enabled: true
                 enabledConditionsMet: hive.vectorized.use.vector.serde.deserialize IS true
@@ -325,7 +325,7 @@ STAGE PLANS:
                           output format: org.apache.hadoop.hive.ql.io.HiveSequenceFileOutputFormat
                           serde: org.apache.hadoop.hive.serde2.lazy.LazySimpleSerDe
             Execution mode: vectorized, llap
-            LLAP IO: no inputs
+            LLAP IO: all inputs
             Map Vectorization:
                 enabled: true
                 enabledConditionsMet: hive.vectorized.use.vector.serde.deserialize IS true
@@ -455,7 +455,7 @@ STAGE PLANS:
                           output format: org.apache.hadoop.hive.ql.io.HiveSequenceFileOutputFormat
                           serde: org.apache.hadoop.hive.serde2.lazy.LazySimpleSerDe
             Execution mode: vectorized, llap
-            LLAP IO: no inputs
+            LLAP IO: all inputs
             Map Vectorization:
                 enabled: true
                 enabledConditionsMet: hive.vectorized.use.vector.serde.deserialize IS true
@@ -611,7 +611,7 @@ STAGE PLANS:
                           output format: org.apache.hadoop.hive.ql.io.HiveSequenceFileOutputFormat
                           serde: org.apache.hadoop.hive.serde2.lazy.LazySimpleSerDe
             Execution mode: vectorized, llap
-            LLAP IO: no inputs
+            LLAP IO: all inputs
             Map Vectorization:
                 enabled: true
                 enabledConditionsMet: hive.vectorized.use.vector.serde.deserialize IS true
@@ -762,7 +762,7 @@ STAGE PLANS:
                           output format: org.apache.hadoop.hive.ql.io.HiveSequenceFileOutputFormat
                           serde: org.apache.hadoop.hive.serde2.lazy.LazySimpleSerDe
             Execution mode: vectorized, llap
-            LLAP IO: no inputs
+            LLAP IO: all inputs
             Map Vectorization:
                 enabled: true
                 enabledConditionsMet: hive.vectorized.use.vector.serde.deserialize IS true
@@ -906,7 +906,7 @@ STAGE PLANS:
                           output format: org.apache.hadoop.hive.ql.io.HiveSequenceFileOutputFormat
                           serde: org.apache.hadoop.hive.serde2.lazy.LazySimpleSerDe
             Execution mode: vectorized, llap
-            LLAP IO: no inputs
+            LLAP IO: all inputs
             Map Vectorization:
                 enabled: true
                 enabledConditionsMet: hive.vectorized.use.vector.serde.deserialize IS true
@@ -1064,7 +1064,7 @@ STAGE PLANS:
                           output format: org.apache.hadoop.hive.ql.io.HiveSequenceFileOutputFormat
                           serde: org.apache.hadoop.hive.serde2.lazy.LazySimpleSerDe
             Execution mode: vectorized, llap
-            LLAP IO: no inputs
+            LLAP IO: all inputs
             Map Vectorization:
                 enabled: true
                 enabledConditionsMet: hive.vectorized.use.vector.serde.deserialize IS true
@@ -1199,7 +1199,7 @@ STAGE PLANS:
                           output format: org.apache.hadoop.hive.ql.io.HiveSequenceFileOutputFormat
                           serde: org.apache.hadoop.hive.serde2.lazy.LazySimpleSerDe
             Execution mode: vectorized, llap
-            LLAP IO: no inputs
+            LLAP IO: all inputs
             Map Vectorization:
                 enabled: true
                 enabledConditionsMet: hive.vectorized.use.vector.serde.deserialize IS true
diff --git a/ql/src/test/results/clientpositive/llap/schema_evol_text_vec_table_llap_io.q.out b/ql/src/test/results/clientpositive/llap/schema_evol_text_vec_table_llap_io.q.out
index 88856f9db1..d612fbd164 100644
--- a/ql/src/test/results/clientpositive/llap/schema_evol_text_vec_table_llap_io.q.out
+++ b/ql/src/test/results/clientpositive/llap/schema_evol_text_vec_table_llap_io.q.out
@@ -87,7 +87,7 @@ STAGE PLANS:
                           output format: org.apache.hadoop.hive.ql.io.HiveSequenceFileOutputFormat
                           serde: org.apache.hadoop.hive.serde2.lazy.LazySimpleSerDe
             Execution mode: vectorized, llap
-            LLAP IO: no inputs
+            LLAP IO: all inputs
             Map Vectorization:
                 enabled: true
                 enabledConditionsMet: hive.vectorized.use.vector.serde.deserialize IS true
@@ -196,7 +196,7 @@ STAGE PLANS:
                           output format: org.apache.hadoop.hive.ql.io.HiveSequenceFileOutputFormat
                           serde: org.apache.hadoop.hive.serde2.lazy.LazySimpleSerDe
             Execution mode: vectorized, llap
-            LLAP IO: no inputs
+            LLAP IO: all inputs
             Map Vectorization:
                 enabled: true
                 enabledConditionsMet: hive.vectorized.use.vector.serde.deserialize IS true
@@ -298,7 +298,7 @@ STAGE PLANS:
                           output format: org.apache.hadoop.hive.ql.io.HiveSequenceFileOutputFormat
                           serde: org.apache.hadoop.hive.serde2.lazy.LazySimpleSerDe
             Execution mode: vectorized, llap
-            LLAP IO: no inputs
+            LLAP IO: all inputs
             Map Vectorization:
                 enabled: true
                 enabledConditionsMet: hive.vectorized.use.vector.serde.deserialize IS true
@@ -408,7 +408,7 @@ STAGE PLANS:
                           output format: org.apache.hadoop.hive.ql.io.HiveSequenceFileOutputFormat
                           serde: org.apache.hadoop.hive.serde2.lazy.LazySimpleSerDe
             Execution mode: vectorized, llap
-            LLAP IO: no inputs
+            LLAP IO: all inputs
             Map Vectorization:
                 enabled: true
                 enabledConditionsMet: hive.vectorized.use.vector.serde.deserialize IS true
@@ -512,7 +512,7 @@ STAGE PLANS:
                           output format: org.apache.hadoop.hive.ql.io.HiveSequenceFileOutputFormat
                           serde: org.apache.hadoop.hive.serde2.lazy.LazySimpleSerDe
             Execution mode: vectorized, llap
-            LLAP IO: no inputs
+            LLAP IO: all inputs
             Map Vectorization:
                 enabled: true
                 enabledConditionsMet: hive.vectorized.use.vector.serde.deserialize IS true
@@ -622,7 +622,7 @@ STAGE PLANS:
                           output format: org.apache.hadoop.hive.ql.io.HiveSequenceFileOutputFormat
                           serde: org.apache.hadoop.hive.serde2.lazy.LazySimpleSerDe
             Execution mode: vectorized, llap
-            LLAP IO: no inputs
+            LLAP IO: all inputs
             Map Vectorization:
                 enabled: true
                 enabledConditionsMet: hive.vectorized.use.vector.serde.deserialize IS true
@@ -733,7 +733,7 @@ STAGE PLANS:
                           output format: org.apache.hadoop.hive.ql.io.HiveSequenceFileOutputFormat
                           serde: org.apache.hadoop.hive.serde2.lazy.LazySimpleSerDe
             Execution mode: vectorized, llap
-            LLAP IO: no inputs
+            LLAP IO: all inputs
             Map Vectorization:
                 enabled: true
                 enabledConditionsMet: hive.vectorized.use.vector.serde.deserialize IS true
@@ -899,7 +899,7 @@ STAGE PLANS:
                           output format: org.apache.hadoop.hive.ql.io.HiveSequenceFileOutputFormat
                           serde: org.apache.hadoop.hive.serde2.lazy.LazySimpleSerDe
             Execution mode: vectorized, llap
-            LLAP IO: no inputs
+            LLAP IO: all inputs
             Map Vectorization:
                 enabled: true
                 enabledConditionsMet: hive.vectorized.use.vector.serde.deserialize IS true
@@ -1028,7 +1028,7 @@ STAGE PLANS:
                           output format: org.apache.hadoop.hive.ql.io.HiveSequenceFileOutputFormat
                           serde: org.apache.hadoop.hive.serde2.lazy.LazySimpleSerDe
             Execution mode: vectorized, llap
-            LLAP IO: no inputs
+            LLAP IO: all inputs
             Map Vectorization:
                 enabled: true
                 enabledConditionsMet: hive.vectorized.use.vector.serde.deserialize IS true
@@ -1160,7 +1160,7 @@ STAGE PLANS:
                           output format: org.apache.hadoop.hive.ql.io.HiveSequenceFileOutputFormat
                           serde: org.apache.hadoop.hive.serde2.lazy.LazySimpleSerDe
             Execution mode: vectorized, llap
-            LLAP IO: no inputs
+            LLAP IO: all inputs
             Map Vectorization:
                 enabled: true
                 enabledConditionsMet: hive.vectorized.use.vector.serde.deserialize IS true
@@ -1284,7 +1284,7 @@ STAGE PLANS:
                           output format: org.apache.hadoop.hive.ql.io.HiveSequenceFileOutputFormat
                           serde: org.apache.hadoop.hive.serde2.lazy.LazySimpleSerDe
             Execution mode: vectorized, llap
-            LLAP IO: no inputs
+            LLAP IO: all inputs
             Map Vectorization:
                 enabled: true
                 enabledConditionsMet: hive.vectorized.use.vector.serde.deserialize IS true
@@ -1409,7 +1409,7 @@ STAGE PLANS:
                           output format: org.apache.hadoop.hive.ql.io.HiveSequenceFileOutputFormat
                           serde: org.apache.hadoop.hive.serde2.lazy.LazySimpleSerDe
             Execution mode: vectorized, llap
-            LLAP IO: no inputs
+            LLAP IO: all inputs
             Map Vectorization:
                 enabled: true
                 enabledConditionsMet: hive.vectorized.use.vector.serde.deserialize IS true
@@ -1591,7 +1591,7 @@ STAGE PLANS:
                           output format: org.apache.hadoop.hive.ql.io.HiveSequenceFileOutputFormat
                           serde: org.apache.hadoop.hive.serde2.lazy.LazySimpleSerDe
             Execution mode: vectorized, llap
-            LLAP IO: no inputs
+            LLAP IO: all inputs
             Map Vectorization:
                 enabled: true
                 enabledConditionsMet: hive.vectorized.use.vector.serde.deserialize IS true
@@ -1764,7 +1764,7 @@ STAGE PLANS:
                           output format: org.apache.hadoop.hive.ql.io.HiveSequenceFileOutputFormat
                           serde: org.apache.hadoop.hive.serde2.lazy.LazySimpleSerDe
             Execution mode: vectorized, llap
-            LLAP IO: no inputs
+            LLAP IO: all inputs
             Map Vectorization:
                 enabled: true
                 enabledConditionsMet: hive.vectorized.use.vector.serde.deserialize IS true
diff --git a/ql/src/test/results/clientpositive/llap/schema_evol_text_vecrow_part_all_complex_llap_io.q.out b/ql/src/test/results/clientpositive/llap/schema_evol_text_vecrow_part_all_complex_llap_io.q.out
index 90e0c4134e..9b48243c59 100644
--- a/ql/src/test/results/clientpositive/llap/schema_evol_text_vecrow_part_all_complex_llap_io.q.out
+++ b/ql/src/test/results/clientpositive/llap/schema_evol_text_vecrow_part_all_complex_llap_io.q.out
@@ -93,7 +93,7 @@ STAGE PLANS:
                           output format: org.apache.hadoop.hive.ql.io.HiveSequenceFileOutputFormat
                           serde: org.apache.hadoop.hive.serde2.lazy.LazySimpleSerDe
             Execution mode: vectorized, llap
-            LLAP IO: no inputs
+            LLAP IO: all inputs
             Map Vectorization:
                 enabled: true
                 enabledConditionsMet: hive.vectorized.use.row.serde.deserialize IS true
@@ -238,7 +238,7 @@ STAGE PLANS:
                           output format: org.apache.hadoop.hive.ql.io.HiveSequenceFileOutputFormat
                           serde: org.apache.hadoop.hive.serde2.lazy.LazySimpleSerDe
             Execution mode: llap
-            LLAP IO: no inputs
+            LLAP IO: all inputs
             Map Vectorization:
                 enabled: false
                 enabledConditionsMet: hive.vectorized.use.row.serde.deserialize IS true
@@ -335,7 +335,7 @@ STAGE PLANS:
                           output format: org.apache.hadoop.hive.ql.io.HiveSequenceFileOutputFormat
                           serde: org.apache.hadoop.hive.serde2.lazy.LazySimpleSerDe
             Execution mode: vectorized, llap
-            LLAP IO: no inputs
+            LLAP IO: all inputs
             Map Vectorization:
                 enabled: true
                 enabledConditionsMet: hive.vectorized.use.row.serde.deserialize IS true
@@ -556,7 +556,7 @@ STAGE PLANS:
                           output format: org.apache.hadoop.hive.ql.io.HiveSequenceFileOutputFormat
                           serde: org.apache.hadoop.hive.serde2.lazy.LazySimpleSerDe
             Execution mode: llap
-            LLAP IO: no inputs
+            LLAP IO: all inputs
             Map Vectorization:
                 enabled: false
                 enabledConditionsMet: hive.vectorized.use.row.serde.deserialize IS true
@@ -672,7 +672,7 @@ STAGE PLANS:
                           output format: org.apache.hadoop.hive.ql.io.HiveSequenceFileOutputFormat
                           serde: org.apache.hadoop.hive.serde2.lazy.LazySimpleSerDe
             Execution mode: vectorized, llap
-            LLAP IO: no inputs
+            LLAP IO: all inputs
             Map Vectorization:
                 enabled: true
                 enabledConditionsMet: hive.vectorized.use.row.serde.deserialize IS true
@@ -817,7 +817,7 @@ STAGE PLANS:
                           output format: org.apache.hadoop.hive.ql.io.HiveSequenceFileOutputFormat
                           serde: org.apache.hadoop.hive.serde2.lazy.LazySimpleSerDe
             Execution mode: llap
-            LLAP IO: no inputs
+            LLAP IO: all inputs
             Map Vectorization:
                 enabled: false
                 enabledConditionsMet: hive.vectorized.use.row.serde.deserialize IS true
diff --git a/ql/src/test/results/clientpositive/llap/schema_evol_text_vecrow_part_all_primitive_llap_io.q.out b/ql/src/test/results/clientpositive/llap/schema_evol_text_vecrow_part_all_primitive_llap_io.q.out
index 3dc7e540d7..b6a20c39a3 100644
--- a/ql/src/test/results/clientpositive/llap/schema_evol_text_vecrow_part_all_primitive_llap_io.q.out
+++ b/ql/src/test/results/clientpositive/llap/schema_evol_text_vecrow_part_all_primitive_llap_io.q.out
@@ -183,7 +183,7 @@ STAGE PLANS:
                           output format: org.apache.hadoop.hive.ql.io.HiveSequenceFileOutputFormat
                           serde: org.apache.hadoop.hive.serde2.lazy.LazySimpleSerDe
             Execution mode: vectorized, llap
-            LLAP IO: no inputs
+            LLAP IO: all inputs
             Map Vectorization:
                 enabled: true
                 enabledConditionsMet: hive.vectorized.use.row.serde.deserialize IS true
@@ -362,7 +362,7 @@ STAGE PLANS:
                           output format: org.apache.hadoop.hive.ql.io.HiveSequenceFileOutputFormat
                           serde: org.apache.hadoop.hive.serde2.lazy.LazySimpleSerDe
             Execution mode: llap
-            LLAP IO: no inputs
+            LLAP IO: all inputs
             Map Vectorization:
                 enabled: false
                 enabledConditionsMet: hive.vectorized.use.row.serde.deserialize IS true
@@ -504,7 +504,7 @@ STAGE PLANS:
                           output format: org.apache.hadoop.hive.ql.io.HiveSequenceFileOutputFormat
                           serde: org.apache.hadoop.hive.serde2.lazy.LazySimpleSerDe
             Execution mode: vectorized, llap
-            LLAP IO: no inputs
+            LLAP IO: all inputs
             Map Vectorization:
                 enabled: true
                 enabledConditionsMet: hive.vectorized.use.row.serde.deserialize IS true
@@ -655,7 +655,7 @@ STAGE PLANS:
                           output format: org.apache.hadoop.hive.ql.io.HiveSequenceFileOutputFormat
                           serde: org.apache.hadoop.hive.serde2.lazy.LazySimpleSerDe
             Execution mode: llap
-            LLAP IO: no inputs
+            LLAP IO: all inputs
             Map Vectorization:
                 enabled: false
                 enabledConditionsMet: hive.vectorized.use.row.serde.deserialize IS true
@@ -760,7 +760,7 @@ STAGE PLANS:
                           output format: org.apache.hadoop.hive.ql.io.HiveSequenceFileOutputFormat
                           serde: org.apache.hadoop.hive.serde2.lazy.LazySimpleSerDe
             Execution mode: vectorized, llap
-            LLAP IO: no inputs
+            LLAP IO: all inputs
             Map Vectorization:
                 enabled: true
                 enabledConditionsMet: hive.vectorized.use.row.serde.deserialize IS true
@@ -858,7 +858,7 @@ STAGE PLANS:
                           output format: org.apache.hadoop.hive.ql.io.HiveSequenceFileOutputFormat
                           serde: org.apache.hadoop.hive.serde2.lazy.LazySimpleSerDe
             Execution mode: llap
-            LLAP IO: no inputs
+            LLAP IO: all inputs
             Map Vectorization:
                 enabled: false
                 enabledConditionsMet: hive.vectorized.use.row.serde.deserialize IS true
@@ -955,7 +955,7 @@ STAGE PLANS:
                           output format: org.apache.hadoop.hive.ql.io.HiveSequenceFileOutputFormat
                           serde: org.apache.hadoop.hive.serde2.lazy.LazySimpleSerDe
             Execution mode: vectorized, llap
-            LLAP IO: no inputs
+            LLAP IO: all inputs
             Map Vectorization:
                 enabled: true
                 enabledConditionsMet: hive.vectorized.use.row.serde.deserialize IS true
@@ -1045,7 +1045,7 @@ STAGE PLANS:
                           output format: org.apache.hadoop.hive.ql.io.HiveSequenceFileOutputFormat
                           serde: org.apache.hadoop.hive.serde2.lazy.LazySimpleSerDe
             Execution mode: llap
-            LLAP IO: no inputs
+            LLAP IO: all inputs
             Map Vectorization:
                 enabled: false
                 enabledConditionsMet: hive.vectorized.use.row.serde.deserialize IS true
@@ -1164,7 +1164,7 @@ STAGE PLANS:
                           output format: org.apache.hadoop.hive.ql.io.HiveSequenceFileOutputFormat
                           serde: org.apache.hadoop.hive.serde2.lazy.LazySimpleSerDe
             Execution mode: vectorized, llap
-            LLAP IO: no inputs
+            LLAP IO: all inputs
             Map Vectorization:
                 enabled: true
                 enabledConditionsMet: hive.vectorized.use.row.serde.deserialize IS true
@@ -1315,7 +1315,7 @@ STAGE PLANS:
                           output format: org.apache.hadoop.hive.ql.io.HiveSequenceFileOutputFormat
                           serde: org.apache.hadoop.hive.serde2.lazy.LazySimpleSerDe
             Execution mode: llap
-            LLAP IO: no inputs
+            LLAP IO: all inputs
             Map Vectorization:
                 enabled: false
                 enabledConditionsMet: hive.vectorized.use.row.serde.deserialize IS true
diff --git a/ql/src/test/results/clientpositive/llap/schema_evol_text_vecrow_part_llap_io.q.out b/ql/src/test/results/clientpositive/llap/schema_evol_text_vecrow_part_llap_io.q.out
index 01a5ba355d..cbed4b2e61 100644
--- a/ql/src/test/results/clientpositive/llap/schema_evol_text_vecrow_part_llap_io.q.out
+++ b/ql/src/test/results/clientpositive/llap/schema_evol_text_vecrow_part_llap_io.q.out
@@ -89,7 +89,7 @@ STAGE PLANS:
                           output format: org.apache.hadoop.hive.ql.io.HiveSequenceFileOutputFormat
                           serde: org.apache.hadoop.hive.serde2.lazy.LazySimpleSerDe
             Execution mode: vectorized, llap
-            LLAP IO: no inputs
+            LLAP IO: all inputs
             Map Vectorization:
                 enabled: true
                 enabledConditionsMet: hive.vectorized.use.row.serde.deserialize IS true
@@ -199,7 +199,7 @@ STAGE PLANS:
                           output format: org.apache.hadoop.hive.ql.io.HiveSequenceFileOutputFormat
                           serde: org.apache.hadoop.hive.serde2.lazy.LazySimpleSerDe
             Execution mode: vectorized, llap
-            LLAP IO: no inputs
+            LLAP IO: all inputs
             Map Vectorization:
                 enabled: true
                 enabledConditionsMet: hive.vectorized.use.row.serde.deserialize IS true
@@ -304,7 +304,7 @@ STAGE PLANS:
                           output format: org.apache.hadoop.hive.ql.io.HiveSequenceFileOutputFormat
                           serde: org.apache.hadoop.hive.serde2.lazy.LazySimpleSerDe
             Execution mode: vectorized, llap
-            LLAP IO: no inputs
+            LLAP IO: all inputs
             Map Vectorization:
                 enabled: true
                 enabledConditionsMet: hive.vectorized.use.row.serde.deserialize IS true
@@ -415,7 +415,7 @@ STAGE PLANS:
                           output format: org.apache.hadoop.hive.ql.io.HiveSequenceFileOutputFormat
                           serde: org.apache.hadoop.hive.serde2.lazy.LazySimpleSerDe
             Execution mode: vectorized, llap
-            LLAP IO: no inputs
+            LLAP IO: all inputs
             Map Vectorization:
                 enabled: true
                 enabledConditionsMet: hive.vectorized.use.row.serde.deserialize IS true
@@ -522,7 +522,7 @@ STAGE PLANS:
                           output format: org.apache.hadoop.hive.ql.io.HiveSequenceFileOutputFormat
                           serde: org.apache.hadoop.hive.serde2.lazy.LazySimpleSerDe
             Execution mode: vectorized, llap
-            LLAP IO: no inputs
+            LLAP IO: all inputs
             Map Vectorization:
                 enabled: true
                 enabledConditionsMet: hive.vectorized.use.row.serde.deserialize IS true
@@ -627,7 +627,7 @@ STAGE PLANS:
                           output format: org.apache.hadoop.hive.ql.io.HiveSequenceFileOutputFormat
                           serde: org.apache.hadoop.hive.serde2.lazy.LazySimpleSerDe
             Execution mode: llap
-            LLAP IO: no inputs
+            LLAP IO: all inputs
             Map Vectorization:
                 enabled: false
                 enabledConditionsMet: hive.vectorized.use.row.serde.deserialize IS true
@@ -730,7 +730,7 @@ STAGE PLANS:
                           output format: org.apache.hadoop.hive.ql.io.HiveSequenceFileOutputFormat
                           serde: org.apache.hadoop.hive.serde2.lazy.LazySimpleSerDe
             Execution mode: vectorized, llap
-            LLAP IO: no inputs
+            LLAP IO: all inputs
             Map Vectorization:
                 enabled: true
                 enabledConditionsMet: hive.vectorized.use.row.serde.deserialize IS true
@@ -842,7 +842,7 @@ STAGE PLANS:
                           output format: org.apache.hadoop.hive.ql.io.HiveSequenceFileOutputFormat
                           serde: org.apache.hadoop.hive.serde2.lazy.LazySimpleSerDe
             Execution mode: llap
-            LLAP IO: no inputs
+            LLAP IO: all inputs
             Map Vectorization:
                 enabled: false
                 enabledConditionsMet: hive.vectorized.use.row.serde.deserialize IS true
@@ -971,7 +971,7 @@ STAGE PLANS:
                           output format: org.apache.hadoop.hive.ql.io.HiveSequenceFileOutputFormat
                           serde: org.apache.hadoop.hive.serde2.lazy.LazySimpleSerDe
             Execution mode: vectorized, llap
-            LLAP IO: no inputs
+            LLAP IO: all inputs
             Map Vectorization:
                 enabled: true
                 enabledConditionsMet: hive.vectorized.use.row.serde.deserialize IS true
@@ -1109,7 +1109,7 @@ STAGE PLANS:
                           output format: org.apache.hadoop.hive.ql.io.HiveSequenceFileOutputFormat
                           serde: org.apache.hadoop.hive.serde2.lazy.LazySimpleSerDe
             Execution mode: llap
-            LLAP IO: no inputs
+            LLAP IO: all inputs
             Map Vectorization:
                 enabled: false
                 enabledConditionsMet: hive.vectorized.use.row.serde.deserialize IS true
@@ -1233,7 +1233,7 @@ STAGE PLANS:
                           output format: org.apache.hadoop.hive.ql.io.HiveSequenceFileOutputFormat
                           serde: org.apache.hadoop.hive.serde2.lazy.LazySimpleSerDe
             Execution mode: vectorized, llap
-            LLAP IO: no inputs
+            LLAP IO: all inputs
             Map Vectorization:
                 enabled: true
                 enabledConditionsMet: hive.vectorized.use.row.serde.deserialize IS true
@@ -1366,7 +1366,7 @@ STAGE PLANS:
                           output format: org.apache.hadoop.hive.ql.io.HiveSequenceFileOutputFormat
                           serde: org.apache.hadoop.hive.serde2.lazy.LazySimpleSerDe
             Execution mode: llap
-            LLAP IO: no inputs
+            LLAP IO: all inputs
             Map Vectorization:
                 enabled: false
                 enabledConditionsMet: hive.vectorized.use.row.serde.deserialize IS true
@@ -1483,7 +1483,7 @@ STAGE PLANS:
                           output format: org.apache.hadoop.hive.ql.io.HiveSequenceFileOutputFormat
                           serde: org.apache.hadoop.hive.serde2.lazy.LazySimpleSerDe
             Execution mode: vectorized, llap
-            LLAP IO: no inputs
+            LLAP IO: all inputs
             Map Vectorization:
                 enabled: true
                 enabledConditionsMet: hive.vectorized.use.row.serde.deserialize IS true
@@ -1609,7 +1609,7 @@ STAGE PLANS:
                           output format: org.apache.hadoop.hive.ql.io.HiveSequenceFileOutputFormat
                           serde: org.apache.hadoop.hive.serde2.lazy.LazySimpleSerDe
             Execution mode: llap
-            LLAP IO: no inputs
+            LLAP IO: all inputs
             Map Vectorization:
                 enabled: false
                 enabledConditionsMet: hive.vectorized.use.row.serde.deserialize IS true
@@ -1740,7 +1740,7 @@ STAGE PLANS:
                           output format: org.apache.hadoop.hive.ql.io.HiveSequenceFileOutputFormat
                           serde: org.apache.hadoop.hive.serde2.lazy.LazySimpleSerDe
             Execution mode: vectorized, llap
-            LLAP IO: no inputs
+            LLAP IO: all inputs
             Map Vectorization:
                 enabled: true
                 enabledConditionsMet: hive.vectorized.use.row.serde.deserialize IS true
@@ -1880,7 +1880,7 @@ STAGE PLANS:
                           output format: org.apache.hadoop.hive.ql.io.HiveSequenceFileOutputFormat
                           serde: org.apache.hadoop.hive.serde2.lazy.LazySimpleSerDe
             Execution mode: llap
-            LLAP IO: no inputs
+            LLAP IO: all inputs
             Map Vectorization:
                 enabled: false
                 enabledConditionsMet: hive.vectorized.use.row.serde.deserialize IS true
@@ -1988,7 +1988,7 @@ STAGE PLANS:
                           output format: org.apache.hadoop.hive.ql.io.HiveSequenceFileOutputFormat
                           serde: org.apache.hadoop.hive.serde2.lazy.LazySimpleSerDe
             Execution mode: vectorized, llap
-            LLAP IO: no inputs
+            LLAP IO: all inputs
             Map Vectorization:
                 enabled: true
                 enabledConditionsMet: hive.vectorized.use.row.serde.deserialize IS true
@@ -2093,7 +2093,7 @@ STAGE PLANS:
                           output format: org.apache.hadoop.hive.ql.io.HiveSequenceFileOutputFormat
                           serde: org.apache.hadoop.hive.serde2.lazy.LazySimpleSerDe
             Execution mode: llap
-            LLAP IO: no inputs
+            LLAP IO: all inputs
             Map Vectorization:
                 enabled: false
                 enabledConditionsMet: hive.vectorized.use.row.serde.deserialize IS true
diff --git a/ql/src/test/results/clientpositive/llap/schema_evol_text_vecrow_table_llap_io.q.out b/ql/src/test/results/clientpositive/llap/schema_evol_text_vecrow_table_llap_io.q.out
index 4bfe0ab089..f180cbc792 100644
--- a/ql/src/test/results/clientpositive/llap/schema_evol_text_vecrow_table_llap_io.q.out
+++ b/ql/src/test/results/clientpositive/llap/schema_evol_text_vecrow_table_llap_io.q.out
@@ -87,7 +87,7 @@ STAGE PLANS:
                           output format: org.apache.hadoop.hive.ql.io.HiveSequenceFileOutputFormat
                           serde: org.apache.hadoop.hive.serde2.lazy.LazySimpleSerDe
             Execution mode: vectorized, llap
-            LLAP IO: no inputs
+            LLAP IO: all inputs
             Map Vectorization:
                 enabled: true
                 enabledConditionsMet: hive.vectorized.use.row.serde.deserialize IS true
@@ -196,7 +196,7 @@ STAGE PLANS:
                           output format: org.apache.hadoop.hive.ql.io.HiveSequenceFileOutputFormat
                           serde: org.apache.hadoop.hive.serde2.lazy.LazySimpleSerDe
             Execution mode: vectorized, llap
-            LLAP IO: no inputs
+            LLAP IO: all inputs
             Map Vectorization:
                 enabled: true
                 enabledConditionsMet: hive.vectorized.use.row.serde.deserialize IS true
@@ -298,7 +298,7 @@ STAGE PLANS:
                           output format: org.apache.hadoop.hive.ql.io.HiveSequenceFileOutputFormat
                           serde: org.apache.hadoop.hive.serde2.lazy.LazySimpleSerDe
             Execution mode: vectorized, llap
-            LLAP IO: no inputs
+            LLAP IO: all inputs
             Map Vectorization:
                 enabled: true
                 enabledConditionsMet: hive.vectorized.use.row.serde.deserialize IS true
@@ -408,7 +408,7 @@ STAGE PLANS:
                           output format: org.apache.hadoop.hive.ql.io.HiveSequenceFileOutputFormat
                           serde: org.apache.hadoop.hive.serde2.lazy.LazySimpleSerDe
             Execution mode: vectorized, llap
-            LLAP IO: no inputs
+            LLAP IO: all inputs
             Map Vectorization:
                 enabled: true
                 enabledConditionsMet: hive.vectorized.use.row.serde.deserialize IS true
@@ -512,7 +512,7 @@ STAGE PLANS:
                           output format: org.apache.hadoop.hive.ql.io.HiveSequenceFileOutputFormat
                           serde: org.apache.hadoop.hive.serde2.lazy.LazySimpleSerDe
             Execution mode: vectorized, llap
-            LLAP IO: no inputs
+            LLAP IO: all inputs
             Map Vectorization:
                 enabled: true
                 enabledConditionsMet: hive.vectorized.use.row.serde.deserialize IS true
@@ -622,7 +622,7 @@ STAGE PLANS:
                           output format: org.apache.hadoop.hive.ql.io.HiveSequenceFileOutputFormat
                           serde: org.apache.hadoop.hive.serde2.lazy.LazySimpleSerDe
             Execution mode: vectorized, llap
-            LLAP IO: no inputs
+            LLAP IO: all inputs
             Map Vectorization:
                 enabled: true
                 enabledConditionsMet: hive.vectorized.use.row.serde.deserialize IS true
@@ -733,7 +733,7 @@ STAGE PLANS:
                           output format: org.apache.hadoop.hive.ql.io.HiveSequenceFileOutputFormat
                           serde: org.apache.hadoop.hive.serde2.lazy.LazySimpleSerDe
             Execution mode: vectorized, llap
-            LLAP IO: no inputs
+            LLAP IO: all inputs
             Map Vectorization:
                 enabled: true
                 enabledConditionsMet: hive.vectorized.use.row.serde.deserialize IS true
@@ -850,7 +850,7 @@ STAGE PLANS:
                           output format: org.apache.hadoop.hive.ql.io.HiveSequenceFileOutputFormat
                           serde: org.apache.hadoop.hive.serde2.lazy.LazySimpleSerDe
             Execution mode: vectorized, llap
-            LLAP IO: no inputs
+            LLAP IO: all inputs
             Map Vectorization:
                 enabled: true
                 enabledConditionsMet: hive.vectorized.use.row.serde.deserialize IS true
@@ -987,7 +987,7 @@ STAGE PLANS:
                           output format: org.apache.hadoop.hive.ql.io.HiveSequenceFileOutputFormat
                           serde: org.apache.hadoop.hive.serde2.lazy.LazySimpleSerDe
             Execution mode: vectorized, llap
-            LLAP IO: no inputs
+            LLAP IO: all inputs
             Map Vectorization:
                 enabled: true
                 enabledConditionsMet: hive.vectorized.use.row.serde.deserialize IS true
@@ -1130,7 +1130,7 @@ STAGE PLANS:
                           output format: org.apache.hadoop.hive.ql.io.HiveSequenceFileOutputFormat
                           serde: org.apache.hadoop.hive.serde2.lazy.LazySimpleSerDe
             Execution mode: vectorized, llap
-            LLAP IO: no inputs
+            LLAP IO: all inputs
             Map Vectorization:
                 enabled: true
                 enabledConditionsMet: hive.vectorized.use.row.serde.deserialize IS true
@@ -1262,7 +1262,7 @@ STAGE PLANS:
                           output format: org.apache.hadoop.hive.ql.io.HiveSequenceFileOutputFormat
                           serde: org.apache.hadoop.hive.serde2.lazy.LazySimpleSerDe
             Execution mode: vectorized, llap
-            LLAP IO: no inputs
+            LLAP IO: all inputs
             Map Vectorization:
                 enabled: true
                 enabledConditionsMet: hive.vectorized.use.row.serde.deserialize IS true
@@ -1400,7 +1400,7 @@ STAGE PLANS:
                           output format: org.apache.hadoop.hive.ql.io.HiveSequenceFileOutputFormat
                           serde: org.apache.hadoop.hive.serde2.lazy.LazySimpleSerDe
             Execution mode: vectorized, llap
-            LLAP IO: no inputs
+            LLAP IO: all inputs
             Map Vectorization:
                 enabled: true
                 enabledConditionsMet: hive.vectorized.use.row.serde.deserialize IS true
@@ -1525,7 +1525,7 @@ STAGE PLANS:
                           output format: org.apache.hadoop.hive.ql.io.HiveSequenceFileOutputFormat
                           serde: org.apache.hadoop.hive.serde2.lazy.LazySimpleSerDe
             Execution mode: vectorized, llap
-            LLAP IO: no inputs
+            LLAP IO: all inputs
             Map Vectorization:
                 enabled: true
                 enabledConditionsMet: hive.vectorized.use.row.serde.deserialize IS true
@@ -1721,7 +1721,7 @@ STAGE PLANS:
                           output format: org.apache.hadoop.hive.ql.io.HiveSequenceFileOutputFormat
                           serde: org.apache.hadoop.hive.serde2.lazy.LazySimpleSerDe
             Execution mode: vectorized, llap
-            LLAP IO: no inputs
+            LLAP IO: all inputs
             Map Vectorization:
                 enabled: true
                 enabledConditionsMet: hive.vectorized.use.row.serde.deserialize IS true
@@ -1908,7 +1908,7 @@ STAGE PLANS:
                           output format: org.apache.hadoop.hive.ql.io.HiveSequenceFileOutputFormat
                           serde: org.apache.hadoop.hive.serde2.lazy.LazySimpleSerDe
             Execution mode: vectorized, llap
-            LLAP IO: no inputs
+            LLAP IO: all inputs
             Map Vectorization:
                 enabled: true
                 enabledConditionsMet: hive.vectorized.use.row.serde.deserialize IS true
diff --git a/ql/src/test/results/clientpositive/llap/script_pipe.q.out b/ql/src/test/results/clientpositive/llap/script_pipe.q.out
index 26e8ec04ff..2ec6e74a2d 100644
--- a/ql/src/test/results/clientpositive/llap/script_pipe.q.out
+++ b/ql/src/test/results/clientpositive/llap/script_pipe.q.out
@@ -37,7 +37,7 @@ STAGE PLANS:
                         TopN Hash Memory Usage: 0.1
                         value expressions: _col0 (type: string), _col1 (type: string)
             Execution mode: vectorized, llap
-            LLAP IO: no inputs
+            LLAP IO: all inputs
         Reducer 2 
             Reduce Operator Tree:
               Select Operator
diff --git a/ql/src/test/results/clientpositive/llap/selectDistinctStar.q.out b/ql/src/test/results/clientpositive/llap/selectDistinctStar.q.out
index 8f3afe1bec..ad0983cbf5 100644
--- a/ql/src/test/results/clientpositive/llap/selectDistinctStar.q.out
+++ b/ql/src/test/results/clientpositive/llap/selectDistinctStar.q.out
@@ -40,7 +40,7 @@ STAGE PLANS:
                         Map-reduce partition columns: _col0 (type: string), _col1 (type: string)
                         Statistics: Num rows: 250 Data size: 44500 Basic stats: COMPLETE Column stats: COMPLETE
             Execution mode: vectorized, llap
-            LLAP IO: no inputs
+            LLAP IO: all inputs
         Reducer 2 
             Execution mode: vectorized, llap
             Reduce Operator Tree:
@@ -739,7 +739,7 @@ STAGE PLANS:
                         Map-reduce partition columns: _col0 (type: string), _col1 (type: string)
                         Statistics: Num rows: 83 Data size: 14774 Basic stats: COMPLETE Column stats: COMPLETE
             Execution mode: vectorized, llap
-            LLAP IO: no inputs
+            LLAP IO: all inputs
         Reducer 2 
             Execution mode: vectorized, llap
             Reduce Operator Tree:
@@ -974,7 +974,7 @@ STAGE PLANS:
                         Map-reduce partition columns: _col0 (type: string), _col1 (type: string)
                         Statistics: Num rows: 262 Data size: 46636 Basic stats: COMPLETE Column stats: COMPLETE
             Execution mode: vectorized, llap
-            LLAP IO: no inputs
+            LLAP IO: all inputs
         Map 4 
             Map Operator Tree:
                 TableScan
@@ -997,7 +997,7 @@ STAGE PLANS:
                         Map-reduce partition columns: _col0 (type: string), _col1 (type: string)
                         Statistics: Num rows: 262 Data size: 46636 Basic stats: COMPLETE Column stats: COMPLETE
             Execution mode: vectorized, llap
-            LLAP IO: no inputs
+            LLAP IO: all inputs
         Reducer 3 
             Execution mode: vectorized, llap
             Reduce Operator Tree:
@@ -2525,7 +2525,7 @@ STAGE PLANS:
                         Map-reduce partition columns: _col0 (type: string), _col1 (type: string)
                         Statistics: Num rows: 250 Data size: 44500 Basic stats: COMPLETE Column stats: COMPLETE
             Execution mode: vectorized, llap
-            LLAP IO: no inputs
+            LLAP IO: all inputs
         Reducer 2 
             Execution mode: vectorized, llap
             Reduce Operator Tree:
@@ -3224,7 +3224,7 @@ STAGE PLANS:
                         Map-reduce partition columns: _col0 (type: string), _col1 (type: string)
                         Statistics: Num rows: 83 Data size: 14774 Basic stats: COMPLETE Column stats: COMPLETE
             Execution mode: vectorized, llap
-            LLAP IO: no inputs
+            LLAP IO: all inputs
         Reducer 2 
             Execution mode: vectorized, llap
             Reduce Operator Tree:
@@ -3459,7 +3459,7 @@ STAGE PLANS:
                         Map-reduce partition columns: _col0 (type: string), _col1 (type: string)
                         Statistics: Num rows: 262 Data size: 46636 Basic stats: COMPLETE Column stats: COMPLETE
             Execution mode: vectorized, llap
-            LLAP IO: no inputs
+            LLAP IO: all inputs
         Map 4 
             Map Operator Tree:
                 TableScan
@@ -3482,7 +3482,7 @@ STAGE PLANS:
                         Map-reduce partition columns: _col0 (type: string), _col1 (type: string)
                         Statistics: Num rows: 262 Data size: 46636 Basic stats: COMPLETE Column stats: COMPLETE
             Execution mode: vectorized, llap
-            LLAP IO: no inputs
+            LLAP IO: all inputs
         Reducer 3 
             Execution mode: vectorized, llap
             Reduce Operator Tree:
diff --git a/ql/src/test/results/clientpositive/llap/select_as_omitted.q.out b/ql/src/test/results/clientpositive/llap/select_as_omitted.q.out
index 6d8f92f50c..02dd551fe6 100644
--- a/ql/src/test/results/clientpositive/llap/select_as_omitted.q.out
+++ b/ql/src/test/results/clientpositive/llap/select_as_omitted.q.out
@@ -50,7 +50,7 @@ STAGE PLANS:
                         Statistics: Num rows: 500 Data size: 89000 Basic stats: COMPLETE Column stats: COMPLETE
                         value expressions: _col1 (type: string)
             Execution mode: vectorized, llap
-            LLAP IO: no inputs
+            LLAP IO: all inputs
         Reducer 2 
             Execution mode: vectorized, llap
             Reduce Operator Tree:
diff --git a/ql/src/test/results/clientpositive/llap/select_column_pruning.q.out b/ql/src/test/results/clientpositive/llap/select_column_pruning.q.out
index 1aac09116f..b94db679dc 100644
--- a/ql/src/test/results/clientpositive/llap/select_column_pruning.q.out
+++ b/ql/src/test/results/clientpositive/llap/select_column_pruning.q.out
@@ -107,7 +107,7 @@ STAGE PLANS:
                                   Statistics: Num rows: 10 Data size: 16002 Basic stats: COMPLETE Column stats: NONE
                                   value expressions: _col1 (type: array<int>), _col3 (type: char(1)), _col4 (type: string), _col5 (type: string), _col6 (type: string), _col7 (type: string), _col8 (type: string), _col9 (type: string), _col10 (type: string)
             Execution mode: llap
-            LLAP IO: no inputs
+            LLAP IO: all inputs
         Reducer 2 
             Execution mode: vectorized, llap
             Reduce Operator Tree:
diff --git a/ql/src/test/results/clientpositive/llap/select_transform_hint.q.out b/ql/src/test/results/clientpositive/llap/select_transform_hint.q.out
index f044c22c7a..f26b48ef87 100644
--- a/ql/src/test/results/clientpositive/llap/select_transform_hint.q.out
+++ b/ql/src/test/results/clientpositive/llap/select_transform_hint.q.out
@@ -45,7 +45,7 @@ STAGE PLANS:
                       Statistics: Num rows: 500 Data size: 89000 Basic stats: COMPLETE Column stats: COMPLETE
                       value expressions: value (type: string)
             Execution mode: vectorized, llap
-            LLAP IO: no inputs
+            LLAP IO: all inputs
         Map 3 
             Map Operator Tree:
                 TableScan
@@ -62,7 +62,7 @@ STAGE PLANS:
                       Map-reduce partition columns: key (type: string)
                       Statistics: Num rows: 500 Data size: 43500 Basic stats: COMPLETE Column stats: COMPLETE
             Execution mode: vectorized, llap
-            LLAP IO: no inputs
+            LLAP IO: all inputs
         Reducer 2 
             Reduce Operator Tree:
               Merge Join Operator
@@ -1185,7 +1185,7 @@ STAGE PLANS:
                       Statistics: Num rows: 500 Data size: 89000 Basic stats: COMPLETE Column stats: COMPLETE
                       value expressions: value (type: string)
             Execution mode: vectorized, llap
-            LLAP IO: no inputs
+            LLAP IO: all inputs
         Map 3 
             Map Operator Tree:
                 TableScan
@@ -1202,7 +1202,7 @@ STAGE PLANS:
                       Map-reduce partition columns: key (type: string)
                       Statistics: Num rows: 500 Data size: 43500 Basic stats: COMPLETE Column stats: COMPLETE
             Execution mode: vectorized, llap
-            LLAP IO: no inputs
+            LLAP IO: all inputs
         Reducer 2 
             Reduce Operator Tree:
               Merge Join Operator
diff --git a/ql/src/test/results/clientpositive/llap/semijoin.q.out b/ql/src/test/results/clientpositive/llap/semijoin.q.out
index 24f6f5273a..998e975af4 100644
--- a/ql/src/test/results/clientpositive/llap/semijoin.q.out
+++ b/ql/src/test/results/clientpositive/llap/semijoin.q.out
@@ -164,7 +164,7 @@ STAGE PLANS:
                         Statistics: Num rows: 11 Data size: 1023 Basic stats: COMPLETE Column stats: COMPLETE
                         value expressions: _col1 (type: string)
             Execution mode: llap
-            LLAP IO: no inputs
+            LLAP IO: all inputs
         Map 4 
             Map Operator Tree:
                 TableScan
@@ -191,7 +191,7 @@ STAGE PLANS:
                           Map-reduce partition columns: _col0 (type: int)
                           Statistics: Num rows: 5 Data size: 20 Basic stats: COMPLETE Column stats: COMPLETE
             Execution mode: llap
-            LLAP IO: no inputs
+            LLAP IO: all inputs
         Reducer 2 
             Execution mode: llap
             Reduce Operator Tree:
@@ -289,7 +289,7 @@ STAGE PLANS:
                         Statistics: Num rows: 11 Data size: 1023 Basic stats: COMPLETE Column stats: COMPLETE
                         value expressions: _col1 (type: string)
             Execution mode: llap
-            LLAP IO: no inputs
+            LLAP IO: all inputs
         Map 4 
             Map Operator Tree:
                 TableScan
@@ -316,7 +316,7 @@ STAGE PLANS:
                           Map-reduce partition columns: _col0 (type: int)
                           Statistics: Num rows: 5 Data size: 20 Basic stats: COMPLETE Column stats: COMPLETE
             Execution mode: llap
-            LLAP IO: no inputs
+            LLAP IO: all inputs
         Reducer 2 
             Execution mode: llap
             Reduce Operator Tree:
@@ -416,7 +416,7 @@ STAGE PLANS:
                         Statistics: Num rows: 11 Data size: 1023 Basic stats: COMPLETE Column stats: COMPLETE
                         value expressions: _col1 (type: string)
             Execution mode: llap
-            LLAP IO: no inputs
+            LLAP IO: all inputs
         Map 4 
             Map Operator Tree:
                 TableScan
@@ -443,7 +443,7 @@ STAGE PLANS:
                           Map-reduce partition columns: _col0 (type: int)
                           Statistics: Num rows: 1 Data size: 4 Basic stats: COMPLETE Column stats: NONE
             Execution mode: llap
-            LLAP IO: no inputs
+            LLAP IO: all inputs
         Reducer 2 
             Execution mode: llap
             Reduce Operator Tree:
@@ -535,7 +535,7 @@ STAGE PLANS:
                         Statistics: Num rows: 11 Data size: 1067 Basic stats: COMPLETE Column stats: COMPLETE
                         value expressions: _col1 (type: string)
             Execution mode: llap
-            LLAP IO: no inputs
+            LLAP IO: all inputs
         Map 4 
             Map Operator Tree:
                 TableScan
@@ -562,7 +562,7 @@ STAGE PLANS:
                           Map-reduce partition columns: _col0 (type: int), _col1 (type: boolean)
                           Statistics: Num rows: 8 Data size: 64 Basic stats: COMPLETE Column stats: COMPLETE
             Execution mode: llap
-            LLAP IO: no inputs
+            LLAP IO: all inputs
         Reducer 2 
             Execution mode: llap
             Reduce Operator Tree:
@@ -669,7 +669,7 @@ STAGE PLANS:
                         Statistics: Num rows: 11 Data size: 1067 Basic stats: COMPLETE Column stats: COMPLETE
                         value expressions: _col1 (type: string)
             Execution mode: llap
-            LLAP IO: no inputs
+            LLAP IO: all inputs
         Map 4 
             Map Operator Tree:
                 TableScan
@@ -696,7 +696,7 @@ STAGE PLANS:
                           Map-reduce partition columns: _col0 (type: int), _col1 (type: boolean)
                           Statistics: Num rows: 1 Data size: 8 Basic stats: COMPLETE Column stats: COMPLETE
             Execution mode: llap
-            LLAP IO: no inputs
+            LLAP IO: all inputs
         Reducer 2 
             Execution mode: llap
             Reduce Operator Tree:
@@ -791,7 +791,7 @@ STAGE PLANS:
                         Statistics: Num rows: 6 Data size: 558 Basic stats: COMPLETE Column stats: COMPLETE
                         value expressions: _col1 (type: string)
             Execution mode: llap
-            LLAP IO: no inputs
+            LLAP IO: all inputs
         Map 4 
             Map Operator Tree:
                 TableScan
@@ -818,7 +818,7 @@ STAGE PLANS:
                           Map-reduce partition columns: _col0 (type: int)
                           Statistics: Num rows: 8 Data size: 32 Basic stats: COMPLETE Column stats: COMPLETE
             Execution mode: llap
-            LLAP IO: no inputs
+            LLAP IO: all inputs
         Reducer 2 
             Execution mode: llap
             Reduce Operator Tree:
@@ -917,7 +917,7 @@ STAGE PLANS:
                         Statistics: Num rows: 6 Data size: 582 Basic stats: COMPLETE Column stats: COMPLETE
                         value expressions: _col1 (type: string)
             Execution mode: llap
-            LLAP IO: no inputs
+            LLAP IO: all inputs
         Map 4 
             Map Operator Tree:
                 TableScan
@@ -944,7 +944,7 @@ STAGE PLANS:
                           Map-reduce partition columns: _col0 (type: int), _col1 (type: boolean)
                           Statistics: Num rows: 1 Data size: 8 Basic stats: COMPLETE Column stats: COMPLETE
             Execution mode: llap
-            LLAP IO: no inputs
+            LLAP IO: all inputs
         Reducer 2 
             Execution mode: llap
             Reduce Operator Tree:
@@ -1040,7 +1040,7 @@ STAGE PLANS:
                         Statistics: Num rows: 10 Data size: 930 Basic stats: COMPLETE Column stats: COMPLETE
                         value expressions: _col1 (type: string)
             Execution mode: llap
-            LLAP IO: no inputs
+            LLAP IO: all inputs
         Map 4 
             Map Operator Tree:
                 TableScan
@@ -1067,7 +1067,7 @@ STAGE PLANS:
                           Map-reduce partition columns: _col0 (type: int)
                           Statistics: Num rows: 4 Data size: 16 Basic stats: COMPLETE Column stats: COMPLETE
             Execution mode: llap
-            LLAP IO: no inputs
+            LLAP IO: all inputs
         Reducer 2 
             Execution mode: llap
             Reduce Operator Tree:
@@ -1163,7 +1163,7 @@ STAGE PLANS:
                         Map-reduce partition columns: _col0 (type: int)
                         Statistics: Num rows: 22 Data size: 88 Basic stats: COMPLETE Column stats: COMPLETE
             Execution mode: llap
-            LLAP IO: no inputs
+            LLAP IO: all inputs
         Map 4 
             Map Operator Tree:
                 TableScan
@@ -1190,7 +1190,7 @@ STAGE PLANS:
                           Map-reduce partition columns: _col0 (type: int)
                           Statistics: Num rows: 5 Data size: 20 Basic stats: COMPLETE Column stats: COMPLETE
             Execution mode: llap
-            LLAP IO: no inputs
+            LLAP IO: all inputs
         Reducer 2 
             Execution mode: llap
             Reduce Operator Tree:
@@ -1301,7 +1301,7 @@ STAGE PLANS:
                         Statistics: Num rows: 11 Data size: 1067 Basic stats: COMPLETE Column stats: COMPLETE
                         value expressions: _col1 (type: string)
             Execution mode: llap
-            LLAP IO: no inputs
+            LLAP IO: all inputs
         Map 4 
             Map Operator Tree:
                 TableScan
@@ -1328,7 +1328,7 @@ STAGE PLANS:
                           Map-reduce partition columns: _col0 (type: int)
                           Statistics: Num rows: 5 Data size: 20 Basic stats: COMPLETE Column stats: COMPLETE
             Execution mode: llap
-            LLAP IO: no inputs
+            LLAP IO: all inputs
         Reducer 2 
             Execution mode: llap
             Reduce Operator Tree:
@@ -1427,7 +1427,7 @@ STAGE PLANS:
                         Statistics: Num rows: 11 Data size: 1023 Basic stats: COMPLETE Column stats: COMPLETE
                         value expressions: _col1 (type: string)
             Execution mode: llap
-            LLAP IO: no inputs
+            LLAP IO: all inputs
         Map 5 
             Map Operator Tree:
                 TableScan
@@ -1449,7 +1449,7 @@ STAGE PLANS:
                         Statistics: Num rows: 11 Data size: 1023 Basic stats: COMPLETE Column stats: COMPLETE
                         value expressions: _col1 (type: string)
             Execution mode: llap
-            LLAP IO: no inputs
+            LLAP IO: all inputs
         Map 6 
             Map Operator Tree:
                 TableScan
@@ -1476,7 +1476,7 @@ STAGE PLANS:
                           Map-reduce partition columns: _col0 (type: int)
                           Statistics: Num rows: 10 Data size: 40 Basic stats: COMPLETE Column stats: COMPLETE
             Execution mode: llap
-            LLAP IO: no inputs
+            LLAP IO: all inputs
         Reducer 2 
             Execution mode: llap
             Reduce Operator Tree:
@@ -1602,7 +1602,7 @@ STAGE PLANS:
                         Map-reduce partition columns: _col0 (type: int), _col1 (type: string)
                         Statistics: Num rows: 22 Data size: 2046 Basic stats: COMPLETE Column stats: COMPLETE
             Execution mode: llap
-            LLAP IO: no inputs
+            LLAP IO: all inputs
         Map 4 
             Map Operator Tree:
                 TableScan
@@ -1629,7 +1629,7 @@ STAGE PLANS:
                           Map-reduce partition columns: _col0 (type: int), _col1 (type: string)
                           Statistics: Num rows: 5 Data size: 465 Basic stats: COMPLETE Column stats: COMPLETE
             Execution mode: llap
-            LLAP IO: no inputs
+            LLAP IO: all inputs
         Reducer 2 
             Execution mode: llap
             Reduce Operator Tree:
@@ -1737,7 +1737,7 @@ STAGE PLANS:
                         Map-reduce partition columns: _col0 (type: int)
                         Statistics: Num rows: 22 Data size: 88 Basic stats: COMPLETE Column stats: COMPLETE
             Execution mode: llap
-            LLAP IO: no inputs
+            LLAP IO: all inputs
         Map 5 
             Map Operator Tree:
                 TableScan
@@ -1764,7 +1764,7 @@ STAGE PLANS:
                           Map-reduce partition columns: _col0 (type: int)
                           Statistics: Num rows: 5 Data size: 20 Basic stats: COMPLETE Column stats: COMPLETE
             Execution mode: llap
-            LLAP IO: no inputs
+            LLAP IO: all inputs
         Map 6 
             Map Operator Tree:
                 TableScan
@@ -1791,7 +1791,7 @@ STAGE PLANS:
                           Map-reduce partition columns: _col0 (type: int)
                           Statistics: Num rows: 5 Data size: 20 Basic stats: COMPLETE Column stats: COMPLETE
             Execution mode: llap
-            LLAP IO: no inputs
+            LLAP IO: all inputs
         Reducer 2 
             Execution mode: llap
             Reduce Operator Tree:
@@ -1918,7 +1918,7 @@ STAGE PLANS:
                         Map-reduce partition columns: _col0 (type: int)
                         Statistics: Num rows: 22 Data size: 88 Basic stats: COMPLETE Column stats: COMPLETE
             Execution mode: llap
-            LLAP IO: no inputs
+            LLAP IO: all inputs
         Map 5 
             Map Operator Tree:
                 TableScan
@@ -1939,7 +1939,7 @@ STAGE PLANS:
                         Map-reduce partition columns: _col0 (type: int)
                         Statistics: Num rows: 11 Data size: 44 Basic stats: COMPLETE Column stats: COMPLETE
             Execution mode: llap
-            LLAP IO: no inputs
+            LLAP IO: all inputs
         Map 6 
             Map Operator Tree:
                 TableScan
@@ -1966,7 +1966,7 @@ STAGE PLANS:
                           Map-reduce partition columns: _col0 (type: int)
                           Statistics: Num rows: 5 Data size: 20 Basic stats: COMPLETE Column stats: COMPLETE
             Execution mode: llap
-            LLAP IO: no inputs
+            LLAP IO: all inputs
         Reducer 2 
             Execution mode: llap
             Reduce Operator Tree:
@@ -2106,7 +2106,7 @@ STAGE PLANS:
                         Map-reduce partition columns: _col0 (type: int)
                         Statistics: Num rows: 11 Data size: 44 Basic stats: COMPLETE Column stats: COMPLETE
             Execution mode: llap
-            LLAP IO: no inputs
+            LLAP IO: all inputs
         Map 5 
             Map Operator Tree:
                 TableScan
@@ -2127,7 +2127,7 @@ STAGE PLANS:
                         Map-reduce partition columns: _col0 (type: int)
                         Statistics: Num rows: 22 Data size: 88 Basic stats: COMPLETE Column stats: COMPLETE
             Execution mode: llap
-            LLAP IO: no inputs
+            LLAP IO: all inputs
         Map 6 
             Map Operator Tree:
                 TableScan
@@ -2154,7 +2154,7 @@ STAGE PLANS:
                           Map-reduce partition columns: _col0 (type: int)
                           Statistics: Num rows: 5 Data size: 20 Basic stats: COMPLETE Column stats: COMPLETE
             Execution mode: llap
-            LLAP IO: no inputs
+            LLAP IO: all inputs
         Reducer 2 
             Execution mode: llap
             Reduce Operator Tree:
@@ -2297,7 +2297,7 @@ STAGE PLANS:
                         Map-reduce partition columns: _col0 (type: int)
                         Statistics: Num rows: 11 Data size: 44 Basic stats: COMPLETE Column stats: COMPLETE
             Execution mode: llap
-            LLAP IO: no inputs
+            LLAP IO: all inputs
         Map 5 
             Map Operator Tree:
                 TableScan
@@ -2318,7 +2318,7 @@ STAGE PLANS:
                         Map-reduce partition columns: _col0 (type: int)
                         Statistics: Num rows: 22 Data size: 88 Basic stats: COMPLETE Column stats: COMPLETE
             Execution mode: llap
-            LLAP IO: no inputs
+            LLAP IO: all inputs
         Map 6 
             Map Operator Tree:
                 TableScan
@@ -2345,7 +2345,7 @@ STAGE PLANS:
                           Map-reduce partition columns: _col0 (type: int)
                           Statistics: Num rows: 5 Data size: 20 Basic stats: COMPLETE Column stats: COMPLETE
             Execution mode: llap
-            LLAP IO: no inputs
+            LLAP IO: all inputs
         Reducer 2 
             Execution mode: llap
             Reduce Operator Tree:
@@ -2488,7 +2488,7 @@ STAGE PLANS:
                         Map-reduce partition columns: _col0 (type: int)
                         Statistics: Num rows: 22 Data size: 88 Basic stats: COMPLETE Column stats: COMPLETE
             Execution mode: llap
-            LLAP IO: no inputs
+            LLAP IO: all inputs
         Map 5 
             Map Operator Tree:
                 TableScan
@@ -2515,7 +2515,7 @@ STAGE PLANS:
                           Map-reduce partition columns: _col0 (type: int)
                           Statistics: Num rows: 5 Data size: 20 Basic stats: COMPLETE Column stats: COMPLETE
             Execution mode: llap
-            LLAP IO: no inputs
+            LLAP IO: all inputs
         Map 6 
             Map Operator Tree:
                 TableScan
@@ -2536,7 +2536,7 @@ STAGE PLANS:
                         Map-reduce partition columns: _col0 (type: int)
                         Statistics: Num rows: 11 Data size: 44 Basic stats: COMPLETE Column stats: COMPLETE
             Execution mode: llap
-            LLAP IO: no inputs
+            LLAP IO: all inputs
         Reducer 2 
             Execution mode: llap
             Reduce Operator Tree:
@@ -2678,7 +2678,7 @@ STAGE PLANS:
                         Map-reduce partition columns: _col0 (type: int)
                         Statistics: Num rows: 22 Data size: 88 Basic stats: COMPLETE Column stats: COMPLETE
             Execution mode: llap
-            LLAP IO: no inputs
+            LLAP IO: all inputs
         Map 5 
             Map Operator Tree:
                 TableScan
@@ -2705,7 +2705,7 @@ STAGE PLANS:
                           Map-reduce partition columns: _col0 (type: int)
                           Statistics: Num rows: 5 Data size: 20 Basic stats: COMPLETE Column stats: COMPLETE
             Execution mode: llap
-            LLAP IO: no inputs
+            LLAP IO: all inputs
         Map 6 
             Map Operator Tree:
                 TableScan
@@ -2722,7 +2722,7 @@ STAGE PLANS:
                       Map-reduce partition columns: _col0 (type: int)
                       Statistics: Num rows: 11 Data size: 44 Basic stats: COMPLETE Column stats: COMPLETE
             Execution mode: llap
-            LLAP IO: no inputs
+            LLAP IO: all inputs
         Reducer 2 
             Execution mode: llap
             Reduce Operator Tree:
@@ -2866,7 +2866,7 @@ STAGE PLANS:
                         Map-reduce partition columns: _col0 (type: int)
                         Statistics: Num rows: 22 Data size: 88 Basic stats: COMPLETE Column stats: COMPLETE
             Execution mode: llap
-            LLAP IO: no inputs
+            LLAP IO: all inputs
         Map 5 
             Map Operator Tree:
                 TableScan
@@ -2893,7 +2893,7 @@ STAGE PLANS:
                           Map-reduce partition columns: _col0 (type: int)
                           Statistics: Num rows: 5 Data size: 20 Basic stats: COMPLETE Column stats: COMPLETE
             Execution mode: llap
-            LLAP IO: no inputs
+            LLAP IO: all inputs
         Map 6 
             Map Operator Tree:
                 TableScan
@@ -2910,7 +2910,7 @@ STAGE PLANS:
                       Map-reduce partition columns: _col0 (type: int)
                       Statistics: Num rows: 11 Data size: 44 Basic stats: COMPLETE Column stats: COMPLETE
             Execution mode: llap
-            LLAP IO: no inputs
+            LLAP IO: all inputs
         Reducer 2 
             Execution mode: llap
             Reduce Operator Tree:
@@ -3066,7 +3066,7 @@ STAGE PLANS:
                         Statistics: Num rows: 22 Data size: 2046 Basic stats: COMPLETE Column stats: COMPLETE
                         value expressions: _col1 (type: string)
             Execution mode: llap
-            LLAP IO: no inputs
+            LLAP IO: all inputs
         Map 5 
             Map Operator Tree:
                 TableScan
@@ -3093,7 +3093,7 @@ STAGE PLANS:
                           Map-reduce partition columns: _col0 (type: int)
                           Statistics: Num rows: 5 Data size: 20 Basic stats: COMPLETE Column stats: COMPLETE
             Execution mode: llap
-            LLAP IO: no inputs
+            LLAP IO: all inputs
         Map 6 
             Map Operator Tree:
                 TableScan
@@ -3114,7 +3114,7 @@ STAGE PLANS:
                         Map-reduce partition columns: _col0 (type: string)
                         Statistics: Num rows: 11 Data size: 979 Basic stats: COMPLETE Column stats: COMPLETE
             Execution mode: llap
-            LLAP IO: no inputs
+            LLAP IO: all inputs
         Reducer 2 
             Execution mode: llap
             Reduce Operator Tree:
@@ -3260,7 +3260,7 @@ STAGE PLANS:
                         Statistics: Num rows: 1 Data size: 93 Basic stats: COMPLETE Column stats: COMPLETE
                         value expressions: _col0 (type: int)
             Execution mode: llap
-            LLAP IO: no inputs
+            LLAP IO: all inputs
         Map 3 
             Map Operator Tree:
                 TableScan
@@ -3287,7 +3287,7 @@ STAGE PLANS:
                           Map-reduce partition columns: _col0 (type: string)
                           Statistics: Num rows: 5 Data size: 445 Basic stats: COMPLETE Column stats: COMPLETE
             Execution mode: llap
-            LLAP IO: no inputs
+            LLAP IO: all inputs
         Reducer 2 
             Execution mode: llap
             Reduce Operator Tree:
@@ -3390,7 +3390,7 @@ STAGE PLANS:
                         Map-reduce partition columns: _col0 (type: string)
                         Statistics: Num rows: 250 Data size: 22750 Basic stats: COMPLETE Column stats: COMPLETE
             Execution mode: llap
-            LLAP IO: no inputs
+            LLAP IO: all inputs
         Reducer 2 
             Execution mode: llap
             Reduce Operator Tree:
diff --git a/ql/src/test/results/clientpositive/llap/semijoin2.q.out b/ql/src/test/results/clientpositive/llap/semijoin2.q.out
index a3a04a796c..41df0923cc 100644
--- a/ql/src/test/results/clientpositive/llap/semijoin2.q.out
+++ b/ql/src/test/results/clientpositive/llap/semijoin2.q.out
@@ -94,7 +94,7 @@ STAGE PLANS:
                       Statistics: Num rows: 1 Data size: 176 Basic stats: COMPLETE Column stats: NONE
                       value expressions: smallint_col_25 (type: smallint), double_col_61 (type: double), timestamp_col_10 (type: timestamp)
             Execution mode: vectorized, llap
-            LLAP IO: no inputs
+            LLAP IO: all inputs
         Map 7 
             Map Operator Tree:
                 TableScan
@@ -122,7 +122,7 @@ STAGE PLANS:
                       Statistics: Num rows: 1 Data size: 128 Basic stats: COMPLETE Column stats: NONE
                       value expressions: int_col_2 (type: int), smallint_col_38 (type: smallint)
             Execution mode: vectorized, llap
-            LLAP IO: no inputs
+            LLAP IO: all inputs
         Reducer 2 
             Execution mode: llap
             Reduce Operator Tree:
diff --git a/ql/src/test/results/clientpositive/llap/semijoin3.q.out b/ql/src/test/results/clientpositive/llap/semijoin3.q.out
index bb29ae3540..98b046c731 100644
--- a/ql/src/test/results/clientpositive/llap/semijoin3.q.out
+++ b/ql/src/test/results/clientpositive/llap/semijoin3.q.out
@@ -83,7 +83,7 @@ STAGE PLANS:
                         Map-reduce partition columns: 1 (type: int)
                         Statistics: Num rows: 2 Data size: 8 Basic stats: COMPLETE Column stats: COMPLETE
             Execution mode: vectorized, llap
-            LLAP IO: no inputs
+            LLAP IO: all inputs
         Map 4 
             Map Operator Tree:
                 TableScan
@@ -102,7 +102,7 @@ STAGE PLANS:
                         Map-reduce partition columns: 1 (type: int)
                         Statistics: Num rows: 2 Data size: 8 Basic stats: COMPLETE Column stats: COMPLETE
             Execution mode: vectorized, llap
-            LLAP IO: no inputs
+            LLAP IO: all inputs
         Reducer 2 
             Execution mode: llap
             Reduce Operator Tree:
diff --git a/ql/src/test/results/clientpositive/llap/semijoin6.q.out b/ql/src/test/results/clientpositive/llap/semijoin6.q.out
index 0966ed27ba..b204b35e09 100644
--- a/ql/src/test/results/clientpositive/llap/semijoin6.q.out
+++ b/ql/src/test/results/clientpositive/llap/semijoin6.q.out
@@ -79,7 +79,7 @@ STAGE PLANS:
                         Statistics: Num rows: 4 Data size: 32 Basic stats: COMPLETE Column stats: COMPLETE
                         value expressions: _col1 (type: int)
             Execution mode: vectorized, llap
-            LLAP IO: no inputs
+            LLAP IO: all inputs
         Map 3 
             Map Operator Tree:
                 TableScan
@@ -106,7 +106,7 @@ STAGE PLANS:
                           Map-reduce partition columns: _col0 (type: int)
                           Statistics: Num rows: 3 Data size: 12 Basic stats: COMPLETE Column stats: COMPLETE
             Execution mode: vectorized, llap
-            LLAP IO: no inputs
+            LLAP IO: all inputs
         Reducer 2 
             Execution mode: llap
             Reduce Operator Tree:
@@ -182,7 +182,7 @@ STAGE PLANS:
                     Statistics: Num rows: 6 Data size: 44 Basic stats: COMPLETE Column stats: COMPLETE
                     value expressions: a (type: int)
             Execution mode: vectorized, llap
-            LLAP IO: no inputs
+            LLAP IO: all inputs
         Map 3 
             Map Operator Tree:
                 TableScan
@@ -205,7 +205,7 @@ STAGE PLANS:
                         Map-reduce partition columns: _col0 (type: int)
                         Statistics: Num rows: 3 Data size: 12 Basic stats: COMPLETE Column stats: COMPLETE
             Execution mode: vectorized, llap
-            LLAP IO: no inputs
+            LLAP IO: all inputs
         Reducer 2 
             Execution mode: llap
             Reduce Operator Tree:
@@ -286,7 +286,7 @@ STAGE PLANS:
                       Statistics: Num rows: 6 Data size: 44 Basic stats: COMPLETE Column stats: COMPLETE
                       value expressions: _col0 (type: int), _col1 (type: int)
             Execution mode: vectorized, llap
-            LLAP IO: no inputs
+            LLAP IO: all inputs
         Map 3 
             Map Operator Tree:
                 TableScan
@@ -308,7 +308,7 @@ STAGE PLANS:
                         Statistics: Num rows: 3 Data size: 12 Basic stats: COMPLETE Column stats: COMPLETE
                         value expressions: _col0 (type: int)
             Execution mode: vectorized, llap
-            LLAP IO: no inputs
+            LLAP IO: all inputs
         Reducer 2 
             Execution mode: llap
             Reduce Operator Tree:
@@ -400,7 +400,7 @@ STAGE PLANS:
                         Statistics: Num rows: 4 Data size: 32 Basic stats: COMPLETE Column stats: COMPLETE
                         value expressions: _col1 (type: int)
             Execution mode: vectorized, llap
-            LLAP IO: no inputs
+            LLAP IO: all inputs
         Map 3 
             Map Operator Tree:
                 TableScan
@@ -428,7 +428,7 @@ STAGE PLANS:
                           Statistics: Num rows: 3 Data size: 24 Basic stats: COMPLETE Column stats: COMPLETE
                           value expressions: _col1 (type: int)
             Execution mode: vectorized, llap
-            LLAP IO: no inputs
+            LLAP IO: all inputs
         Reducer 2 
             Execution mode: llap
             Reduce Operator Tree:
@@ -511,7 +511,7 @@ STAGE PLANS:
                       Statistics: Num rows: 6 Data size: 44 Basic stats: COMPLETE Column stats: COMPLETE
                       value expressions: _col0 (type: int), _col1 (type: int)
             Execution mode: vectorized, llap
-            LLAP IO: no inputs
+            LLAP IO: all inputs
         Map 3 
             Map Operator Tree:
                 TableScan
@@ -533,7 +533,7 @@ STAGE PLANS:
                         Statistics: Num rows: 3 Data size: 24 Basic stats: COMPLETE Column stats: COMPLETE
                         value expressions: _col0 (type: int), _col1 (type: int)
             Execution mode: vectorized, llap
-            LLAP IO: no inputs
+            LLAP IO: all inputs
         Reducer 2 
             Execution mode: llap
             Reduce Operator Tree:
@@ -623,7 +623,7 @@ STAGE PLANS:
                         Statistics: Num rows: 4 Data size: 32 Basic stats: COMPLETE Column stats: COMPLETE
                         value expressions: _col1 (type: int)
             Execution mode: vectorized, llap
-            LLAP IO: no inputs
+            LLAP IO: all inputs
         Map 3 
             Map Operator Tree:
                 TableScan
@@ -650,7 +650,7 @@ STAGE PLANS:
                           Map-reduce partition columns: _col0 (type: int)
                           Statistics: Num rows: 2 Data size: 8 Basic stats: COMPLETE Column stats: COMPLETE
             Execution mode: vectorized, llap
-            LLAP IO: no inputs
+            LLAP IO: all inputs
         Reducer 2 
             Execution mode: llap
             Reduce Operator Tree:
@@ -741,7 +741,7 @@ STAGE PLANS:
                         Statistics: Num rows: 4 Data size: 32 Basic stats: COMPLETE Column stats: COMPLETE
                         value expressions: _col1 (type: int)
             Execution mode: vectorized, llap
-            LLAP IO: no inputs
+            LLAP IO: all inputs
         Map 3 
             Map Operator Tree:
                 TableScan
@@ -769,7 +769,7 @@ STAGE PLANS:
                           Statistics: Num rows: 3 Data size: 48 Basic stats: COMPLETE Column stats: COMPLETE
                           value expressions: _col1 (type: int)
             Execution mode: vectorized, llap
-            LLAP IO: no inputs
+            LLAP IO: all inputs
         Reducer 2 
             Execution mode: llap
             Reduce Operator Tree:
diff --git a/ql/src/test/results/clientpositive/llap/semijoin7.q.out b/ql/src/test/results/clientpositive/llap/semijoin7.q.out
index f50c97005f..998083ae63 100644
--- a/ql/src/test/results/clientpositive/llap/semijoin7.q.out
+++ b/ql/src/test/results/clientpositive/llap/semijoin7.q.out
@@ -75,7 +75,7 @@ STAGE PLANS:
                       Statistics: Num rows: 4 Data size: 32 Basic stats: COMPLETE Column stats: COMPLETE
                       value expressions: b (type: int)
             Execution mode: vectorized, llap
-            LLAP IO: no inputs
+            LLAP IO: all inputs
         Map 3 
             Map Operator Tree:
                 TableScan
@@ -102,7 +102,7 @@ STAGE PLANS:
                           Map-reduce partition columns: _col0 (type: int)
                           Statistics: Num rows: 3 Data size: 12 Basic stats: COMPLETE Column stats: COMPLETE
             Execution mode: vectorized, llap
-            LLAP IO: no inputs
+            LLAP IO: all inputs
         Reducer 2 
             Execution mode: llap
             Reduce Operator Tree:
@@ -178,7 +178,7 @@ STAGE PLANS:
                     Statistics: Num rows: 6 Data size: 44 Basic stats: COMPLETE Column stats: COMPLETE
                     value expressions: a (type: int)
             Execution mode: vectorized, llap
-            LLAP IO: no inputs
+            LLAP IO: all inputs
         Map 3 
             Map Operator Tree:
                 TableScan
@@ -201,7 +201,7 @@ STAGE PLANS:
                         Map-reduce partition columns: _col0 (type: int)
                         Statistics: Num rows: 3 Data size: 12 Basic stats: COMPLETE Column stats: COMPLETE
             Execution mode: vectorized, llap
-            LLAP IO: no inputs
+            LLAP IO: all inputs
         Reducer 2 
             Execution mode: llap
             Reduce Operator Tree:
@@ -278,7 +278,7 @@ STAGE PLANS:
                     Statistics: Num rows: 6 Data size: 44 Basic stats: COMPLETE Column stats: COMPLETE
                     value expressions: a (type: int), b (type: int)
             Execution mode: vectorized, llap
-            LLAP IO: no inputs
+            LLAP IO: all inputs
         Map 3 
             Map Operator Tree:
                 TableScan
@@ -300,7 +300,7 @@ STAGE PLANS:
                         Statistics: Num rows: 3 Data size: 12 Basic stats: COMPLETE Column stats: COMPLETE
                         value expressions: _col0 (type: int)
             Execution mode: vectorized, llap
-            LLAP IO: no inputs
+            LLAP IO: all inputs
         Reducer 2 
             Execution mode: llap
             Reduce Operator Tree:
@@ -388,7 +388,7 @@ STAGE PLANS:
                       Statistics: Num rows: 4 Data size: 32 Basic stats: COMPLETE Column stats: COMPLETE
                       value expressions: b (type: int)
             Execution mode: vectorized, llap
-            LLAP IO: no inputs
+            LLAP IO: all inputs
         Map 3 
             Map Operator Tree:
                 TableScan
@@ -416,7 +416,7 @@ STAGE PLANS:
                           Statistics: Num rows: 3 Data size: 24 Basic stats: COMPLETE Column stats: COMPLETE
                           value expressions: _col1 (type: int)
             Execution mode: vectorized, llap
-            LLAP IO: no inputs
+            LLAP IO: all inputs
         Reducer 2 
             Execution mode: llap
             Reduce Operator Tree:
@@ -495,7 +495,7 @@ STAGE PLANS:
                     Statistics: Num rows: 6 Data size: 44 Basic stats: COMPLETE Column stats: COMPLETE
                     value expressions: a (type: int), b (type: int)
             Execution mode: vectorized, llap
-            LLAP IO: no inputs
+            LLAP IO: all inputs
         Map 3 
             Map Operator Tree:
                 TableScan
@@ -517,7 +517,7 @@ STAGE PLANS:
                         Statistics: Num rows: 3 Data size: 24 Basic stats: COMPLETE Column stats: COMPLETE
                         value expressions: _col0 (type: int), _col1 (type: int)
             Execution mode: vectorized, llap
-            LLAP IO: no inputs
+            LLAP IO: all inputs
         Reducer 2 
             Execution mode: llap
             Reduce Operator Tree:
@@ -603,7 +603,7 @@ STAGE PLANS:
                       Statistics: Num rows: 4 Data size: 32 Basic stats: COMPLETE Column stats: COMPLETE
                       value expressions: b (type: int)
             Execution mode: vectorized, llap
-            LLAP IO: no inputs
+            LLAP IO: all inputs
         Map 3 
             Map Operator Tree:
                 TableScan
@@ -630,7 +630,7 @@ STAGE PLANS:
                           Map-reduce partition columns: _col0 (type: int)
                           Statistics: Num rows: 2 Data size: 8 Basic stats: COMPLETE Column stats: COMPLETE
             Execution mode: vectorized, llap
-            LLAP IO: no inputs
+            LLAP IO: all inputs
         Reducer 2 
             Execution mode: llap
             Reduce Operator Tree:
@@ -717,7 +717,7 @@ STAGE PLANS:
                       Statistics: Num rows: 4 Data size: 32 Basic stats: COMPLETE Column stats: COMPLETE
                       value expressions: b (type: int)
             Execution mode: vectorized, llap
-            LLAP IO: no inputs
+            LLAP IO: all inputs
         Map 3 
             Map Operator Tree:
                 TableScan
@@ -745,7 +745,7 @@ STAGE PLANS:
                           Statistics: Num rows: 3 Data size: 48 Basic stats: COMPLETE Column stats: COMPLETE
                           value expressions: _col0 (type: int)
             Execution mode: vectorized, llap
-            LLAP IO: no inputs
+            LLAP IO: all inputs
         Reducer 2 
             Execution mode: llap
             Reduce Operator Tree:
diff --git a/ql/src/test/results/clientpositive/llap/setop_subq.q.out b/ql/src/test/results/clientpositive/llap/setop_subq.q.out
index 0e2c05b510..bc77ae0e33 100644
--- a/ql/src/test/results/clientpositive/llap/setop_subq.q.out
+++ b/ql/src/test/results/clientpositive/llap/setop_subq.q.out
@@ -42,7 +42,7 @@ STAGE PLANS:
                         Map-reduce partition columns: _col0 (type: string)
                         Statistics: Num rows: 316 Data size: 27492 Basic stats: COMPLETE Column stats: COMPLETE
             Execution mode: vectorized, llap
-            LLAP IO: no inputs
+            LLAP IO: all inputs
         Map 4 
             Map Operator Tree:
                 TableScan
@@ -65,7 +65,7 @@ STAGE PLANS:
                         Map-reduce partition columns: _col0 (type: string)
                         Statistics: Num rows: 316 Data size: 27492 Basic stats: COMPLETE Column stats: COMPLETE
             Execution mode: vectorized, llap
-            LLAP IO: no inputs
+            LLAP IO: all inputs
         Reducer 3 
             Execution mode: vectorized, llap
             Reduce Operator Tree:
@@ -136,7 +136,7 @@ STAGE PLANS:
                         Statistics: Num rows: 250 Data size: 23750 Basic stats: COMPLETE Column stats: COMPLETE
                         value expressions: _col1 (type: bigint)
             Execution mode: vectorized, llap
-            LLAP IO: no inputs
+            LLAP IO: all inputs
         Map 5 
             Map Operator Tree:
                 TableScan
@@ -161,7 +161,7 @@ STAGE PLANS:
                         Statistics: Num rows: 250 Data size: 23750 Basic stats: COMPLETE Column stats: COMPLETE
                         value expressions: _col1 (type: bigint)
             Execution mode: vectorized, llap
-            LLAP IO: no inputs
+            LLAP IO: all inputs
         Reducer 2 
             Execution mode: vectorized, llap
             Reduce Operator Tree:
@@ -286,7 +286,7 @@ STAGE PLANS:
                         Statistics: Num rows: 250 Data size: 23750 Basic stats: COMPLETE Column stats: COMPLETE
                         value expressions: _col1 (type: bigint)
             Execution mode: vectorized, llap
-            LLAP IO: no inputs
+            LLAP IO: all inputs
         Map 5 
             Map Operator Tree:
                 TableScan
@@ -311,7 +311,7 @@ STAGE PLANS:
                         Statistics: Num rows: 250 Data size: 23750 Basic stats: COMPLETE Column stats: COMPLETE
                         value expressions: _col1 (type: bigint)
             Execution mode: vectorized, llap
-            LLAP IO: no inputs
+            LLAP IO: all inputs
         Reducer 2 
             Execution mode: vectorized, llap
             Reduce Operator Tree:
@@ -436,7 +436,7 @@ STAGE PLANS:
                         Statistics: Num rows: 250 Data size: 23750 Basic stats: COMPLETE Column stats: COMPLETE
                         value expressions: _col1 (type: bigint)
             Execution mode: vectorized, llap
-            LLAP IO: no inputs
+            LLAP IO: all inputs
         Map 5 
             Map Operator Tree:
                 TableScan
@@ -461,7 +461,7 @@ STAGE PLANS:
                         Statistics: Num rows: 250 Data size: 23750 Basic stats: COMPLETE Column stats: COMPLETE
                         value expressions: _col1 (type: bigint)
             Execution mode: vectorized, llap
-            LLAP IO: no inputs
+            LLAP IO: all inputs
         Reducer 2 
             Execution mode: vectorized, llap
             Reduce Operator Tree:
@@ -582,7 +582,7 @@ STAGE PLANS:
                         Map-reduce partition columns: _col0 (type: string)
                         Statistics: Num rows: 500 Data size: 43500 Basic stats: COMPLETE Column stats: COMPLETE
             Execution mode: vectorized, llap
-            LLAP IO: no inputs
+            LLAP IO: all inputs
         Map 3 
             Map Operator Tree:
                 TableScan
@@ -603,7 +603,7 @@ STAGE PLANS:
                         Map-reduce partition columns: _col0 (type: string)
                         Statistics: Num rows: 500 Data size: 45500 Basic stats: COMPLETE Column stats: COMPLETE
             Execution mode: vectorized, llap
-            LLAP IO: no inputs
+            LLAP IO: all inputs
         Reducer 2 
             Execution mode: llap
             Reduce Operator Tree:
diff --git a/ql/src/test/results/clientpositive/llap/sharedwork.q.out b/ql/src/test/results/clientpositive/llap/sharedwork.q.out
index 2d38f733bc..c3f8d78845 100644
--- a/ql/src/test/results/clientpositive/llap/sharedwork.q.out
+++ b/ql/src/test/results/clientpositive/llap/sharedwork.q.out
@@ -158,7 +158,7 @@ STAGE PLANS:
                         value expressions: _col0 (type: string), _col1 (type: string), _col3 (type: date)
                         auto parallelism: true
             Execution mode: vectorized, llap
-            LLAP IO: no inputs
+            LLAP IO: all inputs
             Path -> Alias:
 #### A masked pattern was here ####
             Path -> Partition:
@@ -242,7 +242,7 @@ STAGE PLANS:
                         value expressions: _col1 (type: string)
                         auto parallelism: true
             Execution mode: vectorized, llap
-            LLAP IO: no inputs
+            LLAP IO: all inputs
             Path -> Alias:
 #### A masked pattern was here ####
             Path -> Partition:
@@ -307,7 +307,7 @@ STAGE PLANS:
                         value expressions: _col1 (type: string), _col2 (type: int)
                         auto parallelism: true
             Execution mode: vectorized, llap
-            LLAP IO: no inputs
+            LLAP IO: all inputs
             Path -> Alias:
 #### A masked pattern was here ####
             Path -> Partition:
@@ -371,7 +371,7 @@ STAGE PLANS:
                         tag: 1
                         auto parallelism: true
             Execution mode: vectorized, llap
-            LLAP IO: no inputs
+            LLAP IO: all inputs
             Path -> Alias:
 #### A masked pattern was here ####
             Path -> Partition:
@@ -668,7 +668,7 @@ STAGE PLANS:
                           tag: -1
                           auto parallelism: true
             Execution mode: vectorized, llap
-            LLAP IO: no inputs
+            LLAP IO: all inputs
             Path -> Alias:
 #### A masked pattern was here ####
             Path -> Partition:
@@ -778,7 +778,7 @@ STAGE PLANS:
                           tag: -1
                           auto parallelism: true
             Execution mode: vectorized, llap
-            LLAP IO: no inputs
+            LLAP IO: all inputs
             Path -> Alias:
 #### A masked pattern was here ####
             Path -> Partition:
diff --git a/ql/src/test/results/clientpositive/llap/sharedworkext.q.out b/ql/src/test/results/clientpositive/llap/sharedworkext.q.out
index f474d55da8..b7eb5d99ad 100644
--- a/ql/src/test/results/clientpositive/llap/sharedworkext.q.out
+++ b/ql/src/test/results/clientpositive/llap/sharedworkext.q.out
@@ -64,7 +64,7 @@ STAGE PLANS:
                         Statistics: Num rows: 500 Data size: 89000 Basic stats: COMPLETE Column stats: COMPLETE
                         value expressions: _col1 (type: string)
             Execution mode: vectorized, llap
-            LLAP IO: no inputs
+            LLAP IO: all inputs
         Map 6 
             Map Operator Tree:
                 TableScan
@@ -85,7 +85,7 @@ STAGE PLANS:
                         Map-reduce partition columns: _col0 (type: string)
                         Statistics: Num rows: 500 Data size: 43500 Basic stats: COMPLETE Column stats: COMPLETE
             Execution mode: vectorized, llap
-            LLAP IO: no inputs
+            LLAP IO: all inputs
         Reducer 2 
             Execution mode: llap
             Reduce Operator Tree:
@@ -584,7 +584,7 @@ STAGE PLANS:
                         Statistics: Num rows: 500 Data size: 89000 Basic stats: COMPLETE Column stats: COMPLETE
                         value expressions: _col1 (type: string)
             Execution mode: vectorized, llap
-            LLAP IO: no inputs
+            LLAP IO: all inputs
         Map 7 
             Map Operator Tree:
                 TableScan
@@ -605,7 +605,7 @@ STAGE PLANS:
                         Map-reduce partition columns: _col0 (type: string)
                         Statistics: Num rows: 500 Data size: 43500 Basic stats: COMPLETE Column stats: COMPLETE
             Execution mode: vectorized, llap
-            LLAP IO: no inputs
+            LLAP IO: all inputs
         Reducer 2 
             Execution mode: llap
             Reduce Operator Tree:
diff --git a/ql/src/test/results/clientpositive/llap/sharedworkresidual.q.out b/ql/src/test/results/clientpositive/llap/sharedworkresidual.q.out
index b35d9b885a..c6c9479513 100644
--- a/ql/src/test/results/clientpositive/llap/sharedworkresidual.q.out
+++ b/ql/src/test/results/clientpositive/llap/sharedworkresidual.q.out
@@ -149,7 +149,7 @@ STAGE PLANS:
                         Statistics: Num rows: 1 Data size: 188 Basic stats: COMPLETE Column stats: NONE
                         value expressions: _col0 (type: string)
             Execution mode: vectorized, llap
-            LLAP IO: no inputs
+            LLAP IO: all inputs
         Map 8 
             Map Operator Tree:
                 TableScan
@@ -170,7 +170,7 @@ STAGE PLANS:
                       Statistics: Num rows: 1 Data size: 184 Basic stats: COMPLETE Column stats: NONE
                       value expressions: _col0 (type: string)
             Execution mode: vectorized, llap
-            LLAP IO: no inputs
+            LLAP IO: all inputs
         Reducer 2 
             Execution mode: llap
             Reduce Operator Tree:
diff --git a/ql/src/test/results/clientpositive/llap/skewjoin.q.out b/ql/src/test/results/clientpositive/llap/skewjoin.q.out
index 5ed8d62a3b..56f3ceba45 100644
--- a/ql/src/test/results/clientpositive/llap/skewjoin.q.out
+++ b/ql/src/test/results/clientpositive/llap/skewjoin.q.out
@@ -117,7 +117,7 @@ STAGE PLANS:
                         Map-reduce partition columns: _col0 (type: string)
                         Statistics: Num rows: 500 Data size: 43500 Basic stats: COMPLETE Column stats: COMPLETE
             Execution mode: llap
-            LLAP IO: no inputs
+            LLAP IO: all inputs
         Map 4 
             Map Operator Tree:
                 TableScan
@@ -139,7 +139,7 @@ STAGE PLANS:
                         Statistics: Num rows: 500 Data size: 89000 Basic stats: COMPLETE Column stats: COMPLETE
                         value expressions: _col1 (type: string)
             Execution mode: llap
-            LLAP IO: no inputs
+            LLAP IO: all inputs
         Reducer 2 
             Execution mode: llap
             Reduce Operator Tree:
@@ -293,7 +293,7 @@ STAGE PLANS:
                       Statistics: Num rows: 1 Data size: 368 Basic stats: COMPLETE Column stats: NONE
                       value expressions: val (type: string)
             Execution mode: llap
-            LLAP IO: no inputs
+            LLAP IO: all inputs
         Map 5 
             Map Operator Tree:
                 TableScan
@@ -311,7 +311,7 @@ STAGE PLANS:
                       Statistics: Num rows: 1 Data size: 368 Basic stats: COMPLETE Column stats: NONE
                       value expressions: val (type: string)
             Execution mode: llap
-            LLAP IO: no inputs
+            LLAP IO: all inputs
         Map 6 
             Map Operator Tree:
                 TableScan
@@ -329,7 +329,7 @@ STAGE PLANS:
                       Statistics: Num rows: 1 Data size: 368 Basic stats: COMPLETE Column stats: NONE
                       value expressions: val (type: string)
             Execution mode: llap
-            LLAP IO: no inputs
+            LLAP IO: all inputs
         Map 7 
             Map Operator Tree:
                 TableScan
@@ -347,7 +347,7 @@ STAGE PLANS:
                       Statistics: Num rows: 1 Data size: 368 Basic stats: COMPLETE Column stats: NONE
                       value expressions: val (type: string)
             Execution mode: llap
-            LLAP IO: no inputs
+            LLAP IO: all inputs
         Reducer 2 
             Execution mode: llap
             Reduce Operator Tree:
@@ -487,7 +487,7 @@ STAGE PLANS:
                       Statistics: Num rows: 1 Data size: 368 Basic stats: COMPLETE Column stats: NONE
                       value expressions: val (type: string)
             Execution mode: llap
-            LLAP IO: no inputs
+            LLAP IO: all inputs
         Map 5 
             Map Operator Tree:
                 TableScan
@@ -505,7 +505,7 @@ STAGE PLANS:
                       Statistics: Num rows: 1 Data size: 368 Basic stats: COMPLETE Column stats: NONE
                       value expressions: val (type: string)
             Execution mode: llap
-            LLAP IO: no inputs
+            LLAP IO: all inputs
         Map 6 
             Map Operator Tree:
                 TableScan
@@ -523,7 +523,7 @@ STAGE PLANS:
                       Statistics: Num rows: 1 Data size: 368 Basic stats: COMPLETE Column stats: NONE
                       value expressions: val (type: string)
             Execution mode: llap
-            LLAP IO: no inputs
+            LLAP IO: all inputs
         Map 7 
             Map Operator Tree:
                 TableScan
@@ -541,7 +541,7 @@ STAGE PLANS:
                       Statistics: Num rows: 1 Data size: 368 Basic stats: COMPLETE Column stats: NONE
                       value expressions: val (type: string)
             Execution mode: llap
-            LLAP IO: no inputs
+            LLAP IO: all inputs
         Reducer 2 
             Execution mode: llap
             Reduce Operator Tree:
@@ -668,7 +668,7 @@ STAGE PLANS:
                       Statistics: Num rows: 1 Data size: 368 Basic stats: COMPLETE Column stats: NONE
                       value expressions: key (type: string), val (type: string)
             Execution mode: llap
-            LLAP IO: no inputs
+            LLAP IO: all inputs
         Map 4 
             Map Operator Tree:
                 TableScan
@@ -686,7 +686,7 @@ STAGE PLANS:
                       Statistics: Num rows: 500 Data size: 43500 Basic stats: COMPLETE Column stats: COMPLETE
                       value expressions: key (type: string)
             Execution mode: llap
-            LLAP IO: no inputs
+            LLAP IO: all inputs
         Reducer 2 
             Execution mode: llap
             Reduce Operator Tree:
@@ -793,7 +793,7 @@ STAGE PLANS:
                         Map-reduce partition columns: _col0 (type: string)
                         Statistics: Num rows: 500 Data size: 43500 Basic stats: COMPLETE Column stats: COMPLETE
             Execution mode: llap
-            LLAP IO: no inputs
+            LLAP IO: all inputs
         Map 4 
             Map Operator Tree:
                 TableScan
@@ -815,7 +815,7 @@ STAGE PLANS:
                         Statistics: Num rows: 500 Data size: 89000 Basic stats: COMPLETE Column stats: COMPLETE
                         value expressions: _col1 (type: string)
             Execution mode: llap
-            LLAP IO: no inputs
+            LLAP IO: all inputs
         Reducer 2 
             Execution mode: llap
             Reduce Operator Tree:
@@ -930,7 +930,7 @@ STAGE PLANS:
                         Map-reduce partition columns: _col0 (type: string), UDFToDouble(substring(_col1, 5)) (type: double)
                         Statistics: Num rows: 500 Data size: 89000 Basic stats: COMPLETE Column stats: COMPLETE
             Execution mode: llap
-            LLAP IO: no inputs
+            LLAP IO: all inputs
         Map 4 
             Map Operator Tree:
                 TableScan
@@ -952,7 +952,7 @@ STAGE PLANS:
                         Statistics: Num rows: 500 Data size: 89000 Basic stats: COMPLETE Column stats: COMPLETE
                         value expressions: _col1 (type: string)
             Execution mode: llap
-            LLAP IO: no inputs
+            LLAP IO: all inputs
         Reducer 2 
             Execution mode: llap
             Reduce Operator Tree:
@@ -1089,7 +1089,7 @@ STAGE PLANS:
                         Map-reduce partition columns: _col0 (type: string)
                         Statistics: Num rows: 166 Data size: 14442 Basic stats: COMPLETE Column stats: COMPLETE
             Execution mode: llap
-            LLAP IO: no inputs
+            LLAP IO: all inputs
         Map 5 
             Map Operator Tree:
                 TableScan
@@ -1111,7 +1111,7 @@ STAGE PLANS:
                         Statistics: Num rows: 55 Data size: 9790 Basic stats: COMPLETE Column stats: COMPLETE
                         value expressions: _col1 (type: string)
             Execution mode: llap
-            LLAP IO: no inputs
+            LLAP IO: all inputs
         Reducer 2 
             Execution mode: llap
             Reduce Operator Tree:
@@ -1235,7 +1235,7 @@ STAGE PLANS:
                     Statistics: Num rows: 1 Data size: 184 Basic stats: COMPLETE Column stats: NONE
                     value expressions: key (type: string)
             Execution mode: llap
-            LLAP IO: no inputs
+            LLAP IO: all inputs
         Map 4 
             Map Operator Tree:
                 TableScan
@@ -1249,7 +1249,7 @@ STAGE PLANS:
                     Statistics: Num rows: 1 Data size: 368 Basic stats: COMPLETE Column stats: NONE
                     value expressions: val (type: string)
             Execution mode: llap
-            LLAP IO: no inputs
+            LLAP IO: all inputs
         Reducer 2 
             Execution mode: llap
             Reduce Operator Tree:
diff --git a/ql/src/test/results/clientpositive/llap/skewjoin_mapjoin1.q.out b/ql/src/test/results/clientpositive/llap/skewjoin_mapjoin1.q.out
index 69d765471e..bcb581cca3 100644
--- a/ql/src/test/results/clientpositive/llap/skewjoin_mapjoin1.q.out
+++ b/ql/src/test/results/clientpositive/llap/skewjoin_mapjoin1.q.out
@@ -89,7 +89,7 @@ STAGE PLANS:
                               output format: org.apache.hadoop.hive.ql.io.HiveSequenceFileOutputFormat
                               serde: org.apache.hadoop.hive.serde2.lazy.LazySimpleSerDe
             Execution mode: vectorized, llap
-            LLAP IO: no inputs
+            LLAP IO: all inputs
         Map 2 
             Map Operator Tree:
                 TableScan
@@ -111,7 +111,7 @@ STAGE PLANS:
                         Statistics: Num rows: 1 Data size: 368 Basic stats: COMPLETE Column stats: NONE
                         value expressions: _col1 (type: string)
             Execution mode: vectorized, llap
-            LLAP IO: no inputs
+            LLAP IO: all inputs
 
   Stage: Stage-0
     Fetch Operator
@@ -182,7 +182,7 @@ STAGE PLANS:
                         Statistics: Num rows: 1 Data size: 368 Basic stats: COMPLETE Column stats: NONE
                         value expressions: _col1 (type: string)
             Execution mode: vectorized, llap
-            LLAP IO: no inputs
+            LLAP IO: all inputs
         Map 2 
             Map Operator Tree:
                 TableScan
@@ -210,7 +210,7 @@ STAGE PLANS:
                             output format: org.apache.hadoop.hive.ql.io.HiveSequenceFileOutputFormat
                             serde: org.apache.hadoop.hive.serde2.lazy.LazySimpleSerDe
             Execution mode: vectorized, llap
-            LLAP IO: no inputs
+            LLAP IO: all inputs
 
   Stage: Stage-0
     Fetch Operator
@@ -297,7 +297,7 @@ STAGE PLANS:
                             Statistics: Num rows: 1 Data size: 8 Basic stats: COMPLETE Column stats: NONE
                             value expressions: _col0 (type: bigint)
             Execution mode: vectorized, llap
-            LLAP IO: no inputs
+            LLAP IO: all inputs
         Map 3 
             Map Operator Tree:
                 TableScan
@@ -318,7 +318,7 @@ STAGE PLANS:
                         Map-reduce partition columns: _col0 (type: string)
                         Statistics: Num rows: 1 Data size: 184 Basic stats: COMPLETE Column stats: NONE
             Execution mode: vectorized, llap
-            LLAP IO: no inputs
+            LLAP IO: all inputs
         Reducer 2 
             Execution mode: vectorized, llap
             Reduce Operator Tree:
@@ -397,7 +397,7 @@ STAGE PLANS:
                         Map-reduce partition columns: _col0 (type: string)
                         Statistics: Num rows: 1 Data size: 184 Basic stats: COMPLETE Column stats: NONE
             Execution mode: vectorized, llap
-            LLAP IO: no inputs
+            LLAP IO: all inputs
         Map 2 
             Map Operator Tree:
                 TableScan
@@ -428,7 +428,7 @@ STAGE PLANS:
                           Statistics: Num rows: 1 Data size: 8 Basic stats: COMPLETE Column stats: NONE
                           value expressions: _col0 (type: bigint)
             Execution mode: vectorized, llap
-            LLAP IO: no inputs
+            LLAP IO: all inputs
         Reducer 3 
             Execution mode: vectorized, llap
             Reduce Operator Tree:
diff --git a/ql/src/test/results/clientpositive/llap/skewjoin_mapjoin10.q.out b/ql/src/test/results/clientpositive/llap/skewjoin_mapjoin10.q.out
index e07d166923..3e7c656403 100644
--- a/ql/src/test/results/clientpositive/llap/skewjoin_mapjoin10.q.out
+++ b/ql/src/test/results/clientpositive/llap/skewjoin_mapjoin10.q.out
@@ -122,7 +122,7 @@ STAGE PLANS:
                               output format: org.apache.hadoop.hive.ql.io.HiveSequenceFileOutputFormat
                               serde: org.apache.hadoop.hive.serde2.lazy.LazySimpleSerDe
             Execution mode: vectorized, llap
-            LLAP IO: no inputs
+            LLAP IO: all inputs
         Map 2 
             Map Operator Tree:
                 TableScan
@@ -144,7 +144,7 @@ STAGE PLANS:
                         Statistics: Num rows: 6 Data size: 540 Basic stats: COMPLETE Column stats: COMPLETE
                         value expressions: _col1 (type: string)
             Execution mode: vectorized, llap
-            LLAP IO: no inputs
+            LLAP IO: all inputs
 
   Stage: Stage-0
     Fetch Operator
@@ -215,7 +215,7 @@ STAGE PLANS:
                         Statistics: Num rows: 6 Data size: 540 Basic stats: COMPLETE Column stats: COMPLETE
                         value expressions: _col1 (type: string)
             Execution mode: vectorized, llap
-            LLAP IO: no inputs
+            LLAP IO: all inputs
         Map 2 
             Map Operator Tree:
                 TableScan
@@ -243,7 +243,7 @@ STAGE PLANS:
                             output format: org.apache.hadoop.hive.ql.io.HiveSequenceFileOutputFormat
                             serde: org.apache.hadoop.hive.serde2.lazy.LazySimpleSerDe
             Execution mode: vectorized, llap
-            LLAP IO: no inputs
+            LLAP IO: all inputs
 
   Stage: Stage-0
     Fetch Operator
@@ -331,7 +331,7 @@ STAGE PLANS:
                             Statistics: Num rows: 1 Data size: 8 Basic stats: COMPLETE Column stats: COMPLETE
                             value expressions: _col0 (type: bigint)
             Execution mode: vectorized, llap
-            LLAP IO: no inputs
+            LLAP IO: all inputs
         Map 3 
             Map Operator Tree:
                 TableScan
@@ -352,7 +352,7 @@ STAGE PLANS:
                         Map-reduce partition columns: _col0 (type: int)
                         Statistics: Num rows: 6 Data size: 24 Basic stats: COMPLETE Column stats: COMPLETE
             Execution mode: vectorized, llap
-            LLAP IO: no inputs
+            LLAP IO: all inputs
         Reducer 2 
             Execution mode: vectorized, llap
             Reduce Operator Tree:
@@ -431,7 +431,7 @@ STAGE PLANS:
                         Map-reduce partition columns: _col0 (type: int)
                         Statistics: Num rows: 6 Data size: 24 Basic stats: COMPLETE Column stats: COMPLETE
             Execution mode: vectorized, llap
-            LLAP IO: no inputs
+            LLAP IO: all inputs
         Map 2 
             Map Operator Tree:
                 TableScan
@@ -462,7 +462,7 @@ STAGE PLANS:
                           Statistics: Num rows: 1 Data size: 8 Basic stats: COMPLETE Column stats: COMPLETE
                           value expressions: _col0 (type: bigint)
             Execution mode: vectorized, llap
-            LLAP IO: no inputs
+            LLAP IO: all inputs
         Reducer 3 
             Execution mode: vectorized, llap
             Reduce Operator Tree:
diff --git a/ql/src/test/results/clientpositive/llap/skewjoin_mapjoin11.q.out b/ql/src/test/results/clientpositive/llap/skewjoin_mapjoin11.q.out
index 8114297f7b..cda4284b03 100644
--- a/ql/src/test/results/clientpositive/llap/skewjoin_mapjoin11.q.out
+++ b/ql/src/test/results/clientpositive/llap/skewjoin_mapjoin11.q.out
@@ -89,7 +89,7 @@ STAGE PLANS:
                               output format: org.apache.hadoop.hive.ql.io.HiveSequenceFileOutputFormat
                               serde: org.apache.hadoop.hive.serde2.lazy.LazySimpleSerDe
             Execution mode: vectorized, llap
-            LLAP IO: no inputs
+            LLAP IO: all inputs
         Map 2 
             Map Operator Tree:
                 TableScan
@@ -111,7 +111,7 @@ STAGE PLANS:
                         Statistics: Num rows: 1 Data size: 368 Basic stats: COMPLETE Column stats: NONE
                         value expressions: _col1 (type: string)
             Execution mode: vectorized, llap
-            LLAP IO: no inputs
+            LLAP IO: all inputs
 
   Stage: Stage-0
     Fetch Operator
diff --git a/ql/src/test/results/clientpositive/llap/skewjoin_mapjoin2.q.out b/ql/src/test/results/clientpositive/llap/skewjoin_mapjoin2.q.out
index 6cfdf6540e..23c0b3cac0 100644
--- a/ql/src/test/results/clientpositive/llap/skewjoin_mapjoin2.q.out
+++ b/ql/src/test/results/clientpositive/llap/skewjoin_mapjoin2.q.out
@@ -89,7 +89,7 @@ STAGE PLANS:
                               output format: org.apache.hadoop.hive.ql.io.HiveSequenceFileOutputFormat
                               serde: org.apache.hadoop.hive.serde2.lazy.LazySimpleSerDe
             Execution mode: vectorized, llap
-            LLAP IO: no inputs
+            LLAP IO: all inputs
         Map 2 
             Map Operator Tree:
                 TableScan
@@ -111,7 +111,7 @@ STAGE PLANS:
                         Statistics: Num rows: 1 Data size: 368 Basic stats: COMPLETE Column stats: NONE
                         value expressions: _col1 (type: string)
             Execution mode: vectorized, llap
-            LLAP IO: no inputs
+            LLAP IO: all inputs
 
   Stage: Stage-0
     Fetch Operator
@@ -178,7 +178,7 @@ STAGE PLANS:
                       Statistics: Num rows: 1 Data size: 368 Basic stats: COMPLETE Column stats: NONE
                       value expressions: _col1 (type: string)
             Execution mode: vectorized, llap
-            LLAP IO: no inputs
+            LLAP IO: all inputs
         Map 3 
             Map Operator Tree:
                 TableScan
@@ -196,7 +196,7 @@ STAGE PLANS:
                       Statistics: Num rows: 1 Data size: 368 Basic stats: COMPLETE Column stats: NONE
                       value expressions: _col1 (type: string)
             Execution mode: vectorized, llap
-            LLAP IO: no inputs
+            LLAP IO: all inputs
         Reducer 2 
             Execution mode: llap
             Reduce Operator Tree:
diff --git a/ql/src/test/results/clientpositive/llap/skewjoin_mapjoin3.q.out b/ql/src/test/results/clientpositive/llap/skewjoin_mapjoin3.q.out
index dc8274ce53..64c5131be7 100644
--- a/ql/src/test/results/clientpositive/llap/skewjoin_mapjoin3.q.out
+++ b/ql/src/test/results/clientpositive/llap/skewjoin_mapjoin3.q.out
@@ -89,7 +89,7 @@ STAGE PLANS:
                               output format: org.apache.hadoop.hive.ql.io.HiveSequenceFileOutputFormat
                               serde: org.apache.hadoop.hive.serde2.lazy.LazySimpleSerDe
             Execution mode: vectorized, llap
-            LLAP IO: no inputs
+            LLAP IO: all inputs
         Map 2 
             Map Operator Tree:
                 TableScan
@@ -111,7 +111,7 @@ STAGE PLANS:
                         Statistics: Num rows: 1 Data size: 368 Basic stats: COMPLETE Column stats: NONE
                         value expressions: _col1 (type: string)
             Execution mode: vectorized, llap
-            LLAP IO: no inputs
+            LLAP IO: all inputs
 
   Stage: Stage-0
     Fetch Operator
diff --git a/ql/src/test/results/clientpositive/llap/skewjoin_mapjoin4.q.out b/ql/src/test/results/clientpositive/llap/skewjoin_mapjoin4.q.out
index 8f25e990b4..e229fd7bdd 100644
--- a/ql/src/test/results/clientpositive/llap/skewjoin_mapjoin4.q.out
+++ b/ql/src/test/results/clientpositive/llap/skewjoin_mapjoin4.q.out
@@ -117,7 +117,7 @@ STAGE PLANS:
                                 output format: org.apache.hadoop.hive.ql.io.HiveSequenceFileOutputFormat
                                 serde: org.apache.hadoop.hive.serde2.lazy.LazySimpleSerDe
             Execution mode: vectorized, llap
-            LLAP IO: no inputs
+            LLAP IO: all inputs
         Map 2 
             Map Operator Tree:
                 TableScan
@@ -139,7 +139,7 @@ STAGE PLANS:
                         Statistics: Num rows: 1 Data size: 368 Basic stats: COMPLETE Column stats: NONE
                         value expressions: _col1 (type: string)
             Execution mode: vectorized, llap
-            LLAP IO: no inputs
+            LLAP IO: all inputs
         Map 3 
             Map Operator Tree:
                 TableScan
@@ -161,7 +161,7 @@ STAGE PLANS:
                         Statistics: Num rows: 1 Data size: 368 Basic stats: COMPLETE Column stats: NONE
                         value expressions: _col1 (type: string)
             Execution mode: vectorized, llap
-            LLAP IO: no inputs
+            LLAP IO: all inputs
 
   Stage: Stage-0
     Fetch Operator
diff --git a/ql/src/test/results/clientpositive/llap/skewjoin_mapjoin5.q.out b/ql/src/test/results/clientpositive/llap/skewjoin_mapjoin5.q.out
index cc09233f2b..58be742799 100644
--- a/ql/src/test/results/clientpositive/llap/skewjoin_mapjoin5.q.out
+++ b/ql/src/test/results/clientpositive/llap/skewjoin_mapjoin5.q.out
@@ -100,7 +100,7 @@ STAGE PLANS:
                               output format: org.apache.hadoop.hive.ql.io.HiveSequenceFileOutputFormat
                               serde: org.apache.hadoop.hive.serde2.lazy.LazySimpleSerDe
             Execution mode: vectorized, llap
-            LLAP IO: no inputs
+            LLAP IO: all inputs
         Map 3 
             Map Operator Tree:
                 TableScan
@@ -132,7 +132,7 @@ STAGE PLANS:
                               output format: org.apache.hadoop.hive.ql.io.HiveSequenceFileOutputFormat
                               serde: org.apache.hadoop.hive.serde2.lazy.LazySimpleSerDe
             Execution mode: vectorized, llap
-            LLAP IO: no inputs
+            LLAP IO: all inputs
         Map 4 
             Map Operator Tree:
                 TableScan
@@ -161,7 +161,7 @@ STAGE PLANS:
                         Statistics: Num rows: 1 Data size: 368 Basic stats: COMPLETE Column stats: NONE
                         value expressions: _col1 (type: string)
             Execution mode: vectorized, llap
-            LLAP IO: no inputs
+            LLAP IO: all inputs
         Union 2 
             Vertex: Union 2
 
@@ -263,7 +263,7 @@ STAGE PLANS:
                         Statistics: Num rows: 1 Data size: 184 Basic stats: COMPLETE Column stats: NONE
                         value expressions: _col1 (type: bigint)
             Execution mode: vectorized, llap
-            LLAP IO: no inputs
+            LLAP IO: all inputs
         Map 3 
             Map Operator Tree:
                 TableScan
@@ -285,7 +285,7 @@ STAGE PLANS:
                         Statistics: Num rows: 1 Data size: 368 Basic stats: COMPLETE Column stats: NONE
                         value expressions: _col1 (type: string)
             Execution mode: vectorized, llap
-            LLAP IO: no inputs
+            LLAP IO: all inputs
         Reducer 2 
             Execution mode: vectorized, llap
             Reduce Operator Tree:
diff --git a/ql/src/test/results/clientpositive/llap/skewjoin_mapjoin6.q.out b/ql/src/test/results/clientpositive/llap/skewjoin_mapjoin6.q.out
index 3eea8ad1fc..5de73f0873 100644
--- a/ql/src/test/results/clientpositive/llap/skewjoin_mapjoin6.q.out
+++ b/ql/src/test/results/clientpositive/llap/skewjoin_mapjoin6.q.out
@@ -76,7 +76,7 @@ STAGE PLANS:
                       Map-reduce partition columns: key (type: string)
                       Statistics: Num rows: 1 Data size: 184 Basic stats: COMPLETE Column stats: NONE
             Execution mode: vectorized, llap
-            LLAP IO: no inputs
+            LLAP IO: all inputs
         Map 2 
             Map Operator Tree:
                 TableScan
@@ -134,7 +134,7 @@ STAGE PLANS:
                                       output format: org.apache.hadoop.hive.ql.io.HiveSequenceFileOutputFormat
                                       serde: org.apache.hadoop.hive.serde2.lazy.LazySimpleSerDe
             Execution mode: llap
-            LLAP IO: no inputs
+            LLAP IO: all inputs
 
   Stage: Stage-0
     Fetch Operator
diff --git a/ql/src/test/results/clientpositive/llap/skewjoin_mapjoin7.q.out b/ql/src/test/results/clientpositive/llap/skewjoin_mapjoin7.q.out
index 6b1439c2b8..8fb7e0c6de 100644
--- a/ql/src/test/results/clientpositive/llap/skewjoin_mapjoin7.q.out
+++ b/ql/src/test/results/clientpositive/llap/skewjoin_mapjoin7.q.out
@@ -102,7 +102,7 @@ STAGE PLANS:
                                 output format: org.apache.hadoop.hive.ql.io.HiveSequenceFileOutputFormat
                                 serde: org.apache.hadoop.hive.serde2.lazy.LazySimpleSerDe
             Execution mode: vectorized, llap
-            LLAP IO: no inputs
+            LLAP IO: all inputs
         Map 3 
             Map Operator Tree:
                 TableScan
@@ -124,7 +124,7 @@ STAGE PLANS:
                         Statistics: Num rows: 1 Data size: 368 Basic stats: COMPLETE Column stats: NONE
                         value expressions: _col1 (type: string)
             Execution mode: vectorized, llap
-            LLAP IO: no inputs
+            LLAP IO: all inputs
         Map 4 
             Map Operator Tree:
                 TableScan
@@ -160,7 +160,7 @@ STAGE PLANS:
                                 output format: org.apache.hadoop.hive.ql.io.HiveSequenceFileOutputFormat
                                 serde: org.apache.hadoop.hive.serde2.lazy.LazySimpleSerDe
             Execution mode: vectorized, llap
-            LLAP IO: no inputs
+            LLAP IO: all inputs
         Map 5 
             Map Operator Tree:
                 TableScan
@@ -182,7 +182,7 @@ STAGE PLANS:
                         Statistics: Num rows: 1 Data size: 368 Basic stats: COMPLETE Column stats: NONE
                         value expressions: _col1 (type: string)
             Execution mode: vectorized, llap
-            LLAP IO: no inputs
+            LLAP IO: all inputs
         Union 2 
             Vertex: Union 2
 
diff --git a/ql/src/test/results/clientpositive/llap/skewjoin_mapjoin8.q.out b/ql/src/test/results/clientpositive/llap/skewjoin_mapjoin8.q.out
index 0a99863484..1fe251bfa8 100644
--- a/ql/src/test/results/clientpositive/llap/skewjoin_mapjoin8.q.out
+++ b/ql/src/test/results/clientpositive/llap/skewjoin_mapjoin8.q.out
@@ -121,7 +121,7 @@ STAGE PLANS:
                                 output format: org.apache.hadoop.hive.ql.io.HiveSequenceFileOutputFormat
                                 serde: org.apache.hadoop.hive.serde2.lazy.LazySimpleSerDe
             Execution mode: vectorized, llap
-            LLAP IO: no inputs
+            LLAP IO: all inputs
         Map 2 
             Map Operator Tree:
                 TableScan
@@ -143,7 +143,7 @@ STAGE PLANS:
                         Statistics: Num rows: 1 Data size: 368 Basic stats: COMPLETE Column stats: NONE
                         value expressions: _col1 (type: string)
             Execution mode: vectorized, llap
-            LLAP IO: no inputs
+            LLAP IO: all inputs
         Map 3 
             Map Operator Tree:
                 TableScan
@@ -165,7 +165,7 @@ STAGE PLANS:
                         Statistics: Num rows: 1 Data size: 368 Basic stats: COMPLETE Column stats: NONE
                         value expressions: _col0 (type: string)
             Execution mode: vectorized, llap
-            LLAP IO: no inputs
+            LLAP IO: all inputs
 
   Stage: Stage-0
     Fetch Operator
diff --git a/ql/src/test/results/clientpositive/llap/skewjoin_mapjoin9.q.out b/ql/src/test/results/clientpositive/llap/skewjoin_mapjoin9.q.out
index f9d39b41cf..5b3b4d118f 100644
--- a/ql/src/test/results/clientpositive/llap/skewjoin_mapjoin9.q.out
+++ b/ql/src/test/results/clientpositive/llap/skewjoin_mapjoin9.q.out
@@ -123,7 +123,7 @@ STAGE PLANS:
                                 output format: org.apache.hadoop.hive.ql.io.HiveSequenceFileOutputFormat
                                 serde: org.apache.hadoop.hive.serde2.lazy.LazySimpleSerDe
             Execution mode: vectorized, llap
-            LLAP IO: no inputs
+            LLAP IO: all inputs
         Map 2 
             Map Operator Tree:
                 TableScan
@@ -145,7 +145,7 @@ STAGE PLANS:
                         Statistics: Num rows: 1 Data size: 368 Basic stats: COMPLETE Column stats: NONE
                         value expressions: _col1 (type: string)
             Execution mode: vectorized, llap
-            LLAP IO: no inputs
+            LLAP IO: all inputs
         Map 3 
             Map Operator Tree:
                 TableScan
@@ -167,7 +167,7 @@ STAGE PLANS:
                         Statistics: Num rows: 1 Data size: 368 Basic stats: COMPLETE Column stats: NONE
                         value expressions: _col0 (type: string)
             Execution mode: vectorized, llap
-            LLAP IO: no inputs
+            LLAP IO: all inputs
 
   Stage: Stage-0
     Fetch Operator
diff --git a/ql/src/test/results/clientpositive/llap/skewjoin_noskew.q.out b/ql/src/test/results/clientpositive/llap/skewjoin_noskew.q.out
index d75eeb4a5e..efdd21cd2f 100644
--- a/ql/src/test/results/clientpositive/llap/skewjoin_noskew.q.out
+++ b/ql/src/test/results/clientpositive/llap/skewjoin_noskew.q.out
@@ -48,7 +48,7 @@ STAGE PLANS:
                         Statistics: Num rows: 500 Data size: 89000 Basic stats: COMPLETE Column stats: COMPLETE
                         value expressions: _col1 (type: string)
             Execution mode: vectorized, llap
-            LLAP IO: no inputs
+            LLAP IO: all inputs
         Map 5 
             Map Operator Tree:
                 TableScan
@@ -69,7 +69,7 @@ STAGE PLANS:
                         Map-reduce partition columns: _col0 (type: string)
                         Statistics: Num rows: 500 Data size: 43500 Basic stats: COMPLETE Column stats: COMPLETE
             Execution mode: vectorized, llap
-            LLAP IO: no inputs
+            LLAP IO: all inputs
         Reducer 2 
             Execution mode: llap
             Reduce Operator Tree:
diff --git a/ql/src/test/results/clientpositive/llap/skewjoin_onesideskew.q.out b/ql/src/test/results/clientpositive/llap/skewjoin_onesideskew.q.out
index ec2bed5879..d3a546a51b 100644
--- a/ql/src/test/results/clientpositive/llap/skewjoin_onesideskew.q.out
+++ b/ql/src/test/results/clientpositive/llap/skewjoin_onesideskew.q.out
@@ -123,7 +123,7 @@ STAGE PLANS:
                         Statistics: Num rows: 3 Data size: 522 Basic stats: COMPLETE Column stats: COMPLETE
                         value expressions: _col1 (type: string)
             Execution mode: vectorized, llap
-            LLAP IO: no inputs
+            LLAP IO: all inputs
         Map 4 
             Map Operator Tree:
                 TableScan
@@ -144,7 +144,7 @@ STAGE PLANS:
                         Map-reduce partition columns: _col0 (type: string)
                         Statistics: Num rows: 2 Data size: 170 Basic stats: COMPLETE Column stats: COMPLETE
             Execution mode: vectorized, llap
-            LLAP IO: no inputs
+            LLAP IO: all inputs
         Reducer 2 
             Execution mode: llap
             Reduce Operator Tree:
diff --git a/ql/src/test/results/clientpositive/llap/skewjoin_union_remove_1.q.out b/ql/src/test/results/clientpositive/llap/skewjoin_union_remove_1.q.out
index 327cad8746..eccd3ae532 100644
--- a/ql/src/test/results/clientpositive/llap/skewjoin_union_remove_1.q.out
+++ b/ql/src/test/results/clientpositive/llap/skewjoin_union_remove_1.q.out
@@ -79,7 +79,7 @@ STAGE PLANS:
                         Statistics: Num rows: 1 Data size: 368 Basic stats: COMPLETE Column stats: NONE
                         value expressions: _col1 (type: string)
             Execution mode: vectorized, llap
-            LLAP IO: no inputs
+            LLAP IO: all inputs
         Map 3 
             Map Operator Tree:
                 TableScan
@@ -101,7 +101,7 @@ STAGE PLANS:
                         Statistics: Num rows: 1 Data size: 368 Basic stats: COMPLETE Column stats: NONE
                         value expressions: _col1 (type: string)
             Execution mode: vectorized, llap
-            LLAP IO: no inputs
+            LLAP IO: all inputs
         Reducer 2 
             Execution mode: llap
             Reduce Operator Tree:
@@ -190,7 +190,7 @@ STAGE PLANS:
                         Statistics: Num rows: 1 Data size: 368 Basic stats: COMPLETE Column stats: NONE
                         value expressions: _col1 (type: string)
             Execution mode: vectorized, llap
-            LLAP IO: no inputs
+            LLAP IO: all inputs
         Map 3 
             Map Operator Tree:
                 TableScan
@@ -208,7 +208,7 @@ STAGE PLANS:
                       Statistics: Num rows: 1 Data size: 368 Basic stats: COMPLETE Column stats: NONE
                       value expressions: _col1 (type: string)
             Execution mode: vectorized, llap
-            LLAP IO: no inputs
+            LLAP IO: all inputs
         Reducer 2 
             Execution mode: llap
             Reduce Operator Tree:
@@ -310,7 +310,7 @@ STAGE PLANS:
                         Statistics: Num rows: 1 Data size: 368 Basic stats: COMPLETE Column stats: NONE
                         value expressions: _col1 (type: string)
             Execution mode: vectorized, llap
-            LLAP IO: no inputs
+            LLAP IO: all inputs
         Map 3 
             Map Operator Tree:
                 TableScan
@@ -332,7 +332,7 @@ STAGE PLANS:
                         Statistics: Num rows: 1 Data size: 368 Basic stats: COMPLETE Column stats: NONE
                         value expressions: _col1 (type: string)
             Execution mode: vectorized, llap
-            LLAP IO: no inputs
+            LLAP IO: all inputs
         Reducer 2 
             Execution mode: llap
             Reduce Operator Tree:
@@ -446,7 +446,7 @@ STAGE PLANS:
                         Statistics: Num rows: 1 Data size: 368 Basic stats: COMPLETE Column stats: NONE
                         value expressions: _col1 (type: string)
             Execution mode: vectorized, llap
-            LLAP IO: no inputs
+            LLAP IO: all inputs
         Map 3 
             Map Operator Tree:
                 TableScan
@@ -464,7 +464,7 @@ STAGE PLANS:
                       Statistics: Num rows: 1 Data size: 368 Basic stats: COMPLETE Column stats: NONE
                       value expressions: _col1 (type: string)
             Execution mode: vectorized, llap
-            LLAP IO: no inputs
+            LLAP IO: all inputs
         Reducer 2 
             Execution mode: llap
             Reduce Operator Tree:
diff --git a/ql/src/test/results/clientpositive/llap/skewjoin_union_remove_2.q.out b/ql/src/test/results/clientpositive/llap/skewjoin_union_remove_2.q.out
index 35ca3af9f8..ca0ab7814b 100644
--- a/ql/src/test/results/clientpositive/llap/skewjoin_union_remove_2.q.out
+++ b/ql/src/test/results/clientpositive/llap/skewjoin_union_remove_2.q.out
@@ -98,7 +98,7 @@ STAGE PLANS:
                         Statistics: Num rows: 1 Data size: 368 Basic stats: COMPLETE Column stats: NONE
                         value expressions: _col1 (type: string)
             Execution mode: vectorized, llap
-            LLAP IO: no inputs
+            LLAP IO: all inputs
         Map 4 
             Map Operator Tree:
                 TableScan
@@ -120,7 +120,7 @@ STAGE PLANS:
                         Statistics: Num rows: 1 Data size: 368 Basic stats: COMPLETE Column stats: NONE
                         value expressions: _col1 (type: string)
             Execution mode: vectorized, llap
-            LLAP IO: no inputs
+            LLAP IO: all inputs
         Map 5 
             Map Operator Tree:
                 TableScan
@@ -142,7 +142,7 @@ STAGE PLANS:
                         Statistics: Num rows: 1 Data size: 368 Basic stats: COMPLETE Column stats: NONE
                         value expressions: _col1 (type: string)
             Execution mode: vectorized, llap
-            LLAP IO: no inputs
+            LLAP IO: all inputs
         Reducer 2 
             Execution mode: llap
             Reduce Operator Tree:
diff --git a/ql/src/test/results/clientpositive/llap/skewjoinopt15.q.out b/ql/src/test/results/clientpositive/llap/skewjoinopt15.q.out
index 2288d79244..7029632764 100644
--- a/ql/src/test/results/clientpositive/llap/skewjoinopt15.q.out
+++ b/ql/src/test/results/clientpositive/llap/skewjoinopt15.q.out
@@ -111,7 +111,7 @@ STAGE PLANS:
                         Statistics: Num rows: 6 Data size: 540 Basic stats: COMPLETE Column stats: COMPLETE
                         value expressions: _col1 (type: string)
             Execution mode: vectorized, llap
-            LLAP IO: no inputs
+            LLAP IO: all inputs
         Map 3 
             Map Operator Tree:
                 TableScan
@@ -133,7 +133,7 @@ STAGE PLANS:
                         Statistics: Num rows: 6 Data size: 540 Basic stats: COMPLETE Column stats: COMPLETE
                         value expressions: _col1 (type: string)
             Execution mode: vectorized, llap
-            LLAP IO: no inputs
+            LLAP IO: all inputs
         Reducer 2 
             Execution mode: llap
             Reduce Operator Tree:
@@ -222,7 +222,7 @@ STAGE PLANS:
                         Statistics: Num rows: 6 Data size: 540 Basic stats: COMPLETE Column stats: COMPLETE
                         value expressions: _col1 (type: string)
             Execution mode: vectorized, llap
-            LLAP IO: no inputs
+            LLAP IO: all inputs
         Map 3 
             Map Operator Tree:
                 TableScan
@@ -240,7 +240,7 @@ STAGE PLANS:
                       Statistics: Num rows: 6 Data size: 540 Basic stats: COMPLETE Column stats: COMPLETE
                       value expressions: _col1 (type: string)
             Execution mode: vectorized, llap
-            LLAP IO: no inputs
+            LLAP IO: all inputs
         Reducer 2 
             Execution mode: llap
             Reduce Operator Tree:
@@ -331,7 +331,7 @@ STAGE PLANS:
                         Map-reduce partition columns: _col0 (type: int)
                         Statistics: Num rows: 6 Data size: 24 Basic stats: COMPLETE Column stats: COMPLETE
             Execution mode: vectorized, llap
-            LLAP IO: no inputs
+            LLAP IO: all inputs
         Map 4 
             Map Operator Tree:
                 TableScan
@@ -352,7 +352,7 @@ STAGE PLANS:
                         Map-reduce partition columns: _col0 (type: int)
                         Statistics: Num rows: 6 Data size: 24 Basic stats: COMPLETE Column stats: COMPLETE
             Execution mode: vectorized, llap
-            LLAP IO: no inputs
+            LLAP IO: all inputs
         Reducer 2 
             Execution mode: llap
             Reduce Operator Tree:
@@ -452,7 +452,7 @@ STAGE PLANS:
                         Map-reduce partition columns: _col0 (type: int)
                         Statistics: Num rows: 6 Data size: 24 Basic stats: COMPLETE Column stats: COMPLETE
             Execution mode: vectorized, llap
-            LLAP IO: no inputs
+            LLAP IO: all inputs
         Map 4 
             Map Operator Tree:
                 TableScan
@@ -469,7 +469,7 @@ STAGE PLANS:
                       Map-reduce partition columns: _col0 (type: int)
                       Statistics: Num rows: 6 Data size: 24 Basic stats: COMPLETE Column stats: COMPLETE
             Execution mode: vectorized, llap
-            LLAP IO: no inputs
+            LLAP IO: all inputs
         Reducer 2 
             Execution mode: llap
             Reduce Operator Tree:
diff --git a/ql/src/test/results/clientpositive/llap/smb_mapjoin_14.q.out b/ql/src/test/results/clientpositive/llap/smb_mapjoin_14.q.out
index 7f688c57f1..3842126bce 100644
--- a/ql/src/test/results/clientpositive/llap/smb_mapjoin_14.q.out
+++ b/ql/src/test/results/clientpositive/llap/smb_mapjoin_14.q.out
@@ -1037,7 +1037,7 @@ STAGE PLANS:
                         Map-reduce partition columns: _col0 (type: int)
                         Statistics: Num rows: 10 Data size: 40 Basic stats: COMPLETE Column stats: COMPLETE
             Execution mode: vectorized, llap
-            LLAP IO: no inputs
+            LLAP IO: all inputs
         Map 4 
             Map Operator Tree:
                 TableScan
@@ -1058,7 +1058,7 @@ STAGE PLANS:
                         Map-reduce partition columns: _col0 (type: int)
                         Statistics: Num rows: 10 Data size: 40 Basic stats: COMPLETE Column stats: COMPLETE
             Execution mode: vectorized, llap
-            LLAP IO: no inputs
+            LLAP IO: all inputs
         Reducer 2 
             Execution mode: llap
             Reduce Operator Tree:
@@ -1441,7 +1441,7 @@ STAGE PLANS:
                         Map-reduce partition columns: _col0 (type: int)
                         Statistics: Num rows: 7 Data size: 28 Basic stats: COMPLETE Column stats: COMPLETE
             Execution mode: vectorized, llap
-            LLAP IO: no inputs
+            LLAP IO: all inputs
         Reducer 2 
             Execution mode: llap
             Reduce Operator Tree:
diff --git a/ql/src/test/results/clientpositive/llap/smb_mapjoin_15.q.out b/ql/src/test/results/clientpositive/llap/smb_mapjoin_15.q.out
index 23c3b31a9d..f2a8f8cceb 100644
--- a/ql/src/test/results/clientpositive/llap/smb_mapjoin_15.q.out
+++ b/ql/src/test/results/clientpositive/llap/smb_mapjoin_15.q.out
@@ -378,7 +378,7 @@ STAGE PLANS:
                         value expressions: _col2 (type: string)
                         auto parallelism: true
             Execution mode: vectorized, llap
-            LLAP IO: no inputs
+            LLAP IO: all inputs
             Path -> Alias:
 #### A masked pattern was here ####
             Path -> Partition:
@@ -448,7 +448,7 @@ STAGE PLANS:
                         value expressions: _col2 (type: string)
                         auto parallelism: true
             Execution mode: vectorized, llap
-            LLAP IO: no inputs
+            LLAP IO: all inputs
             Path -> Alias:
 #### A masked pattern was here ####
             Path -> Partition:
@@ -643,7 +643,7 @@ STAGE PLANS:
                         value expressions: _col2 (type: string)
                         auto parallelism: true
             Execution mode: vectorized, llap
-            LLAP IO: no inputs
+            LLAP IO: all inputs
             Path -> Alias:
 #### A masked pattern was here ####
             Path -> Partition:
@@ -713,7 +713,7 @@ STAGE PLANS:
                         value expressions: _col2 (type: string)
                         auto parallelism: true
             Execution mode: vectorized, llap
-            LLAP IO: no inputs
+            LLAP IO: all inputs
             Path -> Alias:
 #### A masked pattern was here ####
             Path -> Partition:
@@ -908,7 +908,7 @@ STAGE PLANS:
                         value expressions: _col1 (type: int)
                         auto parallelism: true
             Execution mode: vectorized, llap
-            LLAP IO: no inputs
+            LLAP IO: all inputs
             Path -> Alias:
 #### A masked pattern was here ####
             Path -> Partition:
@@ -978,7 +978,7 @@ STAGE PLANS:
                         value expressions: _col1 (type: int)
                         auto parallelism: true
             Execution mode: vectorized, llap
-            LLAP IO: no inputs
+            LLAP IO: all inputs
             Path -> Alias:
 #### A masked pattern was here ####
             Path -> Partition:
diff --git a/ql/src/test/results/clientpositive/llap/smb_mapjoin_17.q.out b/ql/src/test/results/clientpositive/llap/smb_mapjoin_17.q.out
index ed70c2ab6a..06766e1b83 100644
--- a/ql/src/test/results/clientpositive/llap/smb_mapjoin_17.q.out
+++ b/ql/src/test/results/clientpositive/llap/smb_mapjoin_17.q.out
@@ -230,7 +230,7 @@ STAGE PLANS:
                         Map-reduce partition columns: _col0 (type: int)
                         Statistics: Num rows: 10 Data size: 40 Basic stats: COMPLETE Column stats: COMPLETE
             Execution mode: vectorized, llap
-            LLAP IO: no inputs
+            LLAP IO: all inputs
         Map 10 
             Map Operator Tree:
                 TableScan
@@ -251,7 +251,7 @@ STAGE PLANS:
                         Map-reduce partition columns: _col0 (type: int)
                         Statistics: Num rows: 10 Data size: 40 Basic stats: COMPLETE Column stats: COMPLETE
             Execution mode: vectorized, llap
-            LLAP IO: no inputs
+            LLAP IO: all inputs
         Map 11 
             Map Operator Tree:
                 TableScan
@@ -272,7 +272,7 @@ STAGE PLANS:
                         Map-reduce partition columns: _col0 (type: int)
                         Statistics: Num rows: 10 Data size: 40 Basic stats: COMPLETE Column stats: COMPLETE
             Execution mode: vectorized, llap
-            LLAP IO: no inputs
+            LLAP IO: all inputs
         Map 12 
             Map Operator Tree:
                 TableScan
@@ -293,7 +293,7 @@ STAGE PLANS:
                         Map-reduce partition columns: _col0 (type: int)
                         Statistics: Num rows: 10 Data size: 40 Basic stats: COMPLETE Column stats: COMPLETE
             Execution mode: vectorized, llap
-            LLAP IO: no inputs
+            LLAP IO: all inputs
         Map 13 
             Map Operator Tree:
                 TableScan
@@ -314,7 +314,7 @@ STAGE PLANS:
                         Map-reduce partition columns: _col0 (type: int)
                         Statistics: Num rows: 10 Data size: 40 Basic stats: COMPLETE Column stats: COMPLETE
             Execution mode: vectorized, llap
-            LLAP IO: no inputs
+            LLAP IO: all inputs
         Map 14 
             Map Operator Tree:
                 TableScan
@@ -335,7 +335,7 @@ STAGE PLANS:
                         Map-reduce partition columns: _col0 (type: int)
                         Statistics: Num rows: 10 Data size: 40 Basic stats: COMPLETE Column stats: COMPLETE
             Execution mode: vectorized, llap
-            LLAP IO: no inputs
+            LLAP IO: all inputs
         Map 9 
             Map Operator Tree:
                 TableScan
@@ -356,7 +356,7 @@ STAGE PLANS:
                         Map-reduce partition columns: _col0 (type: int)
                         Statistics: Num rows: 10 Data size: 40 Basic stats: COMPLETE Column stats: COMPLETE
             Execution mode: vectorized, llap
-            LLAP IO: no inputs
+            LLAP IO: all inputs
         Reducer 2 
             Execution mode: llap
             Reduce Operator Tree:
@@ -645,7 +645,7 @@ STAGE PLANS:
                                     Statistics: Num rows: 1 Data size: 8 Basic stats: COMPLETE Column stats: COMPLETE
                                     value expressions: _col0 (type: bigint)
             Execution mode: vectorized, llap
-            LLAP IO: no inputs
+            LLAP IO: all inputs
         Map 3 
             Map Operator Tree:
                 TableScan
@@ -666,7 +666,7 @@ STAGE PLANS:
                         Map-reduce partition columns: _col0 (type: int)
                         Statistics: Num rows: 10 Data size: 40 Basic stats: COMPLETE Column stats: COMPLETE
             Execution mode: vectorized, llap
-            LLAP IO: no inputs
+            LLAP IO: all inputs
         Map 4 
             Map Operator Tree:
                 TableScan
@@ -687,7 +687,7 @@ STAGE PLANS:
                         Map-reduce partition columns: _col0 (type: int)
                         Statistics: Num rows: 10 Data size: 40 Basic stats: COMPLETE Column stats: COMPLETE
             Execution mode: vectorized, llap
-            LLAP IO: no inputs
+            LLAP IO: all inputs
         Map 5 
             Map Operator Tree:
                 TableScan
@@ -708,7 +708,7 @@ STAGE PLANS:
                         Map-reduce partition columns: _col0 (type: int)
                         Statistics: Num rows: 10 Data size: 40 Basic stats: COMPLETE Column stats: COMPLETE
             Execution mode: vectorized, llap
-            LLAP IO: no inputs
+            LLAP IO: all inputs
         Map 6 
             Map Operator Tree:
                 TableScan
@@ -729,7 +729,7 @@ STAGE PLANS:
                         Map-reduce partition columns: _col0 (type: int)
                         Statistics: Num rows: 10 Data size: 40 Basic stats: COMPLETE Column stats: COMPLETE
             Execution mode: vectorized, llap
-            LLAP IO: no inputs
+            LLAP IO: all inputs
         Map 7 
             Map Operator Tree:
                 TableScan
@@ -750,7 +750,7 @@ STAGE PLANS:
                         Map-reduce partition columns: _col0 (type: int)
                         Statistics: Num rows: 10 Data size: 40 Basic stats: COMPLETE Column stats: COMPLETE
             Execution mode: vectorized, llap
-            LLAP IO: no inputs
+            LLAP IO: all inputs
         Map 8 
             Map Operator Tree:
                 TableScan
@@ -771,7 +771,7 @@ STAGE PLANS:
                         Map-reduce partition columns: _col0 (type: int)
                         Statistics: Num rows: 10 Data size: 40 Basic stats: COMPLETE Column stats: COMPLETE
             Execution mode: vectorized, llap
-            LLAP IO: no inputs
+            LLAP IO: all inputs
         Reducer 2 
             Execution mode: vectorized, llap
             Reduce Operator Tree:
@@ -968,7 +968,7 @@ STAGE PLANS:
                                       Statistics: Num rows: 1 Data size: 8 Basic stats: COMPLETE Column stats: COMPLETE
                                       value expressions: _col0 (type: bigint)
             Execution mode: vectorized, llap
-            LLAP IO: no inputs
+            LLAP IO: all inputs
         Map 3 
             Map Operator Tree:
                 TableScan
@@ -989,7 +989,7 @@ STAGE PLANS:
                         Map-reduce partition columns: _col0 (type: int)
                         Statistics: Num rows: 10 Data size: 40 Basic stats: COMPLETE Column stats: COMPLETE
             Execution mode: vectorized, llap
-            LLAP IO: no inputs
+            LLAP IO: all inputs
         Map 4 
             Map Operator Tree:
                 TableScan
@@ -1010,7 +1010,7 @@ STAGE PLANS:
                         Map-reduce partition columns: _col0 (type: int)
                         Statistics: Num rows: 10 Data size: 40 Basic stats: COMPLETE Column stats: COMPLETE
             Execution mode: vectorized, llap
-            LLAP IO: no inputs
+            LLAP IO: all inputs
         Map 5 
             Map Operator Tree:
                 TableScan
@@ -1031,7 +1031,7 @@ STAGE PLANS:
                         Map-reduce partition columns: _col0 (type: int)
                         Statistics: Num rows: 10 Data size: 40 Basic stats: COMPLETE Column stats: COMPLETE
             Execution mode: vectorized, llap
-            LLAP IO: no inputs
+            LLAP IO: all inputs
         Map 6 
             Map Operator Tree:
                 TableScan
@@ -1052,7 +1052,7 @@ STAGE PLANS:
                         Map-reduce partition columns: _col0 (type: int)
                         Statistics: Num rows: 10 Data size: 40 Basic stats: COMPLETE Column stats: COMPLETE
             Execution mode: vectorized, llap
-            LLAP IO: no inputs
+            LLAP IO: all inputs
         Map 7 
             Map Operator Tree:
                 TableScan
@@ -1073,7 +1073,7 @@ STAGE PLANS:
                         Map-reduce partition columns: _col0 (type: int)
                         Statistics: Num rows: 10 Data size: 40 Basic stats: COMPLETE Column stats: COMPLETE
             Execution mode: vectorized, llap
-            LLAP IO: no inputs
+            LLAP IO: all inputs
         Map 8 
             Map Operator Tree:
                 TableScan
@@ -1094,7 +1094,7 @@ STAGE PLANS:
                         Map-reduce partition columns: _col0 (type: int)
                         Statistics: Num rows: 10 Data size: 40 Basic stats: COMPLETE Column stats: COMPLETE
             Execution mode: vectorized, llap
-            LLAP IO: no inputs
+            LLAP IO: all inputs
         Map 9 
             Map Operator Tree:
                 TableScan
@@ -1115,7 +1115,7 @@ STAGE PLANS:
                         Map-reduce partition columns: _col0 (type: int)
                         Statistics: Num rows: 10 Data size: 40 Basic stats: COMPLETE Column stats: COMPLETE
             Execution mode: vectorized, llap
-            LLAP IO: no inputs
+            LLAP IO: all inputs
         Reducer 2 
             Execution mode: vectorized, llap
             Reduce Operator Tree:
@@ -1458,7 +1458,7 @@ STAGE PLANS:
                                                                 output format: org.apache.hadoop.hive.ql.io.HiveSequenceFileOutputFormat
                                                                 serde: org.apache.hadoop.hive.serde2.lazy.LazySimpleSerDe
             Execution mode: vectorized, llap
-            LLAP IO: no inputs
+            LLAP IO: all inputs
         Map 10 
             Map Operator Tree:
                 TableScan
@@ -1479,7 +1479,7 @@ STAGE PLANS:
                         Map-reduce partition columns: _col0 (type: int)
                         Statistics: Num rows: 10 Data size: 40 Basic stats: COMPLETE Column stats: COMPLETE
             Execution mode: vectorized, llap
-            LLAP IO: no inputs
+            LLAP IO: all inputs
         Map 11 
             Map Operator Tree:
                 TableScan
@@ -1500,7 +1500,7 @@ STAGE PLANS:
                         Map-reduce partition columns: _col0 (type: int)
                         Statistics: Num rows: 10 Data size: 40 Basic stats: COMPLETE Column stats: COMPLETE
             Execution mode: vectorized, llap
-            LLAP IO: no inputs
+            LLAP IO: all inputs
         Map 12 
             Map Operator Tree:
                 TableScan
@@ -1521,7 +1521,7 @@ STAGE PLANS:
                         Map-reduce partition columns: _col0 (type: int)
                         Statistics: Num rows: 10 Data size: 40 Basic stats: COMPLETE Column stats: COMPLETE
             Execution mode: vectorized, llap
-            LLAP IO: no inputs
+            LLAP IO: all inputs
         Map 13 
             Map Operator Tree:
                 TableScan
@@ -1542,7 +1542,7 @@ STAGE PLANS:
                         Map-reduce partition columns: _col0 (type: int)
                         Statistics: Num rows: 10 Data size: 40 Basic stats: COMPLETE Column stats: COMPLETE
             Execution mode: vectorized, llap
-            LLAP IO: no inputs
+            LLAP IO: all inputs
         Map 14 
             Map Operator Tree:
                 TableScan
@@ -1563,7 +1563,7 @@ STAGE PLANS:
                         Map-reduce partition columns: _col0 (type: int)
                         Statistics: Num rows: 10 Data size: 40 Basic stats: COMPLETE Column stats: COMPLETE
             Execution mode: vectorized, llap
-            LLAP IO: no inputs
+            LLAP IO: all inputs
         Map 15 
             Map Operator Tree:
                 TableScan
@@ -1584,7 +1584,7 @@ STAGE PLANS:
                         Map-reduce partition columns: _col0 (type: int)
                         Statistics: Num rows: 10 Data size: 40 Basic stats: COMPLETE Column stats: COMPLETE
             Execution mode: vectorized, llap
-            LLAP IO: no inputs
+            LLAP IO: all inputs
         Map 16 
             Map Operator Tree:
                 TableScan
@@ -1605,7 +1605,7 @@ STAGE PLANS:
                         Map-reduce partition columns: _col0 (type: int)
                         Statistics: Num rows: 10 Data size: 40 Basic stats: COMPLETE Column stats: COMPLETE
             Execution mode: vectorized, llap
-            LLAP IO: no inputs
+            LLAP IO: all inputs
         Map 17 
             Map Operator Tree:
                 TableScan
@@ -1626,7 +1626,7 @@ STAGE PLANS:
                         Map-reduce partition columns: _col0 (type: int)
                         Statistics: Num rows: 10 Data size: 40 Basic stats: COMPLETE Column stats: COMPLETE
             Execution mode: vectorized, llap
-            LLAP IO: no inputs
+            LLAP IO: all inputs
         Map 18 
             Map Operator Tree:
                 TableScan
@@ -1647,7 +1647,7 @@ STAGE PLANS:
                         Map-reduce partition columns: _col0 (type: int)
                         Statistics: Num rows: 10 Data size: 40 Basic stats: COMPLETE Column stats: COMPLETE
             Execution mode: vectorized, llap
-            LLAP IO: no inputs
+            LLAP IO: all inputs
         Map 19 
             Map Operator Tree:
                 TableScan
@@ -1668,7 +1668,7 @@ STAGE PLANS:
                         Map-reduce partition columns: _col0 (type: int)
                         Statistics: Num rows: 10 Data size: 40 Basic stats: COMPLETE Column stats: COMPLETE
             Execution mode: vectorized, llap
-            LLAP IO: no inputs
+            LLAP IO: all inputs
         Map 2 
             Map Operator Tree:
                 TableScan
@@ -1689,7 +1689,7 @@ STAGE PLANS:
                         Map-reduce partition columns: _col0 (type: int)
                         Statistics: Num rows: 10 Data size: 40 Basic stats: COMPLETE Column stats: COMPLETE
             Execution mode: vectorized, llap
-            LLAP IO: no inputs
+            LLAP IO: all inputs
         Map 20 
             Map Operator Tree:
                 TableScan
@@ -1710,7 +1710,7 @@ STAGE PLANS:
                         Map-reduce partition columns: _col0 (type: int)
                         Statistics: Num rows: 10 Data size: 40 Basic stats: COMPLETE Column stats: COMPLETE
             Execution mode: vectorized, llap
-            LLAP IO: no inputs
+            LLAP IO: all inputs
         Map 3 
             Map Operator Tree:
                 TableScan
@@ -1731,7 +1731,7 @@ STAGE PLANS:
                         Map-reduce partition columns: _col0 (type: int)
                         Statistics: Num rows: 10 Data size: 40 Basic stats: COMPLETE Column stats: COMPLETE
             Execution mode: vectorized, llap
-            LLAP IO: no inputs
+            LLAP IO: all inputs
         Map 4 
             Map Operator Tree:
                 TableScan
@@ -1752,7 +1752,7 @@ STAGE PLANS:
                         Map-reduce partition columns: _col0 (type: int)
                         Statistics: Num rows: 10 Data size: 40 Basic stats: COMPLETE Column stats: COMPLETE
             Execution mode: vectorized, llap
-            LLAP IO: no inputs
+            LLAP IO: all inputs
         Map 5 
             Map Operator Tree:
                 TableScan
@@ -1773,7 +1773,7 @@ STAGE PLANS:
                         Map-reduce partition columns: _col0 (type: int)
                         Statistics: Num rows: 10 Data size: 40 Basic stats: COMPLETE Column stats: COMPLETE
             Execution mode: vectorized, llap
-            LLAP IO: no inputs
+            LLAP IO: all inputs
         Map 6 
             Map Operator Tree:
                 TableScan
@@ -1794,7 +1794,7 @@ STAGE PLANS:
                         Map-reduce partition columns: _col0 (type: int)
                         Statistics: Num rows: 10 Data size: 40 Basic stats: COMPLETE Column stats: COMPLETE
             Execution mode: vectorized, llap
-            LLAP IO: no inputs
+            LLAP IO: all inputs
         Map 7 
             Map Operator Tree:
                 TableScan
@@ -1815,7 +1815,7 @@ STAGE PLANS:
                         Map-reduce partition columns: _col0 (type: int)
                         Statistics: Num rows: 10 Data size: 40 Basic stats: COMPLETE Column stats: COMPLETE
             Execution mode: vectorized, llap
-            LLAP IO: no inputs
+            LLAP IO: all inputs
         Map 8 
             Map Operator Tree:
                 TableScan
@@ -1836,7 +1836,7 @@ STAGE PLANS:
                         Map-reduce partition columns: _col0 (type: int)
                         Statistics: Num rows: 10 Data size: 40 Basic stats: COMPLETE Column stats: COMPLETE
             Execution mode: vectorized, llap
-            LLAP IO: no inputs
+            LLAP IO: all inputs
         Map 9 
             Map Operator Tree:
                 TableScan
@@ -1857,7 +1857,7 @@ STAGE PLANS:
                         Map-reduce partition columns: _col0 (type: int)
                         Statistics: Num rows: 10 Data size: 40 Basic stats: COMPLETE Column stats: COMPLETE
             Execution mode: vectorized, llap
-            LLAP IO: no inputs
+            LLAP IO: all inputs
 
   Stage: Stage-0
     Fetch Operator
diff --git a/ql/src/test/results/clientpositive/llap/smb_mapjoin_18.q.out b/ql/src/test/results/clientpositive/llap/smb_mapjoin_18.q.out
index 0a8d50e206..17725db11d 100644
--- a/ql/src/test/results/clientpositive/llap/smb_mapjoin_18.q.out
+++ b/ql/src/test/results/clientpositive/llap/smb_mapjoin_18.q.out
@@ -74,7 +74,7 @@ STAGE PLANS:
                           serde: org.apache.hadoop.hive.serde2.lazy.LazySimpleSerDe
                           name: default.test_table2_n7
             Execution mode: vectorized, llap
-            LLAP IO: no inputs
+            LLAP IO: all inputs
 
   Stage: Stage-2
     Dependency Collection
@@ -269,7 +269,7 @@ STAGE PLANS:
                         Statistics: Num rows: 2 Data size: 190 Basic stats: COMPLETE Column stats: COMPLETE
                         value expressions: _col1 (type: string)
             Execution mode: vectorized, llap
-            LLAP IO: no inputs
+            LLAP IO: all inputs
         Reducer 2 
             Execution mode: llap
             Reduce Operator Tree:
@@ -458,7 +458,7 @@ STAGE PLANS:
                           serde: org.apache.hadoop.hive.serde2.lazy.LazySimpleSerDe
                           name: default.test_table2_n7
             Execution mode: vectorized, llap
-            LLAP IO: no inputs
+            LLAP IO: all inputs
 
   Stage: Stage-2
     Dependency Collection
diff --git a/ql/src/test/results/clientpositive/llap/smb_mapjoin_19.q.out b/ql/src/test/results/clientpositive/llap/smb_mapjoin_19.q.out
index 81c6417354..369ff1f443 100644
--- a/ql/src/test/results/clientpositive/llap/smb_mapjoin_19.q.out
+++ b/ql/src/test/results/clientpositive/llap/smb_mapjoin_19.q.out
@@ -74,7 +74,7 @@ STAGE PLANS:
                           serde: org.apache.hadoop.hive.serde2.lazy.LazySimpleSerDe
                           name: default.test_table2_n11
             Execution mode: vectorized, llap
-            LLAP IO: no inputs
+            LLAP IO: all inputs
 
   Stage: Stage-2
     Dependency Collection
diff --git a/ql/src/test/results/clientpositive/llap/sort.q.out b/ql/src/test/results/clientpositive/llap/sort.q.out
index 7cfa945250..3516759012 100644
--- a/ql/src/test/results/clientpositive/llap/sort.q.out
+++ b/ql/src/test/results/clientpositive/llap/sort.q.out
@@ -36,7 +36,7 @@ STAGE PLANS:
                       Statistics: Num rows: 500 Data size: 89000 Basic stats: COMPLETE Column stats: COMPLETE
                       value expressions: _col1 (type: string)
             Execution mode: vectorized, llap
-            LLAP IO: no inputs
+            LLAP IO: all inputs
         Reducer 2 
             Execution mode: vectorized, llap
             Reduce Operator Tree:
@@ -604,7 +604,7 @@ STAGE PLANS:
                       Statistics: Num rows: 500 Data size: 89000 Basic stats: COMPLETE Column stats: COMPLETE
                       value expressions: _col1 (type: string)
             Execution mode: vectorized, llap
-            LLAP IO: no inputs
+            LLAP IO: all inputs
         Reducer 2 
             Execution mode: vectorized, llap
             Reduce Operator Tree:
diff --git a/ql/src/test/results/clientpositive/llap/special_character_in_tabnames_1.q.out b/ql/src/test/results/clientpositive/llap/special_character_in_tabnames_1.q.out
index 6e185879bb..68f14bb3da 100644
--- a/ql/src/test/results/clientpositive/llap/special_character_in_tabnames_1.q.out
+++ b/ql/src/test/results/clientpositive/llap/special_character_in_tabnames_1.q.out
@@ -303,7 +303,7 @@ STAGE PLANS:
                     Statistics: Num rows: 20 Data size: 1615 Basic stats: COMPLETE Column stats: COMPLETE
                     value expressions: key (type: string)
             Execution mode: vectorized, llap
-            LLAP IO: no inputs
+            LLAP IO: all inputs
         Map 3 
             Map Operator Tree:
                 TableScan
@@ -314,7 +314,7 @@ STAGE PLANS:
                     sort order: 
                     Statistics: Num rows: 20 Data size: 262 Basic stats: COMPLETE Column stats: COMPLETE
             Execution mode: vectorized, llap
-            LLAP IO: no inputs
+            LLAP IO: all inputs
         Reducer 2 
             Execution mode: llap
             Reduce Operator Tree:
@@ -383,7 +383,7 @@ STAGE PLANS:
                       Statistics: Num rows: 18 Data size: 1513 Basic stats: COMPLETE Column stats: COMPLETE
                       value expressions: c_int (type: int)
             Execution mode: vectorized, llap
-            LLAP IO: no inputs
+            LLAP IO: all inputs
         Map 3 
             Map Operator Tree:
                 TableScan
@@ -401,7 +401,7 @@ STAGE PLANS:
                       Statistics: Num rows: 18 Data size: 1581 Basic stats: COMPLETE Column stats: COMPLETE
                       value expressions: c_int (type: int), c_float (type: float)
             Execution mode: vectorized, llap
-            LLAP IO: no inputs
+            LLAP IO: all inputs
         Reducer 2 
             Execution mode: llap
             Reduce Operator Tree:
@@ -481,7 +481,7 @@ STAGE PLANS:
                         Statistics: Num rows: 10 Data size: 1010 Basic stats: COMPLETE Column stats: COMPLETE
                         value expressions: _col3 (type: bigint)
             Execution mode: vectorized, llap
-            LLAP IO: no inputs
+            LLAP IO: all inputs
         Reducer 2 
             Execution mode: vectorized, llap
             Reduce Operator Tree:
@@ -574,7 +574,7 @@ STAGE PLANS:
                       Statistics: Num rows: 18 Data size: 1513 Basic stats: COMPLETE Column stats: COMPLETE
                       value expressions: c_int (type: int)
             Execution mode: vectorized, llap
-            LLAP IO: no inputs
+            LLAP IO: all inputs
         Map 3 
             Map Operator Tree:
                 TableScan
@@ -601,7 +601,7 @@ STAGE PLANS:
                           Map-reduce partition columns: _col0 (type: string)
                           Statistics: Num rows: 6 Data size: 510 Basic stats: COMPLETE Column stats: COMPLETE
             Execution mode: vectorized, llap
-            LLAP IO: no inputs
+            LLAP IO: all inputs
         Reducer 2 
             Execution mode: llap
             Reduce Operator Tree:
@@ -819,7 +819,7 @@ STAGE PLANS:
                         Statistics: Num rows: 1 Data size: 88 Basic stats: COMPLETE Column stats: COMPLETE
                         Target Vertex: Map 4
             Execution mode: vectorized, llap
-            LLAP IO: no inputs
+            LLAP IO: all inputs
         Map 4 
             Map Operator Tree:
                 TableScan
@@ -833,7 +833,7 @@ STAGE PLANS:
                     Map-reduce partition columns: '2014' (type: string)
                     Statistics: Num rows: 20 Data size: 2022 Basic stats: COMPLETE Column stats: COMPLETE
             Execution mode: vectorized, llap
-            LLAP IO: no inputs
+            LLAP IO: all inputs
         Reducer 2 
             Execution mode: llap
             Reduce Operator Tree:
@@ -939,7 +939,7 @@ STAGE PLANS:
                       Map-reduce partition columns: key (type: string)
                       Statistics: Num rows: 18 Data size: 1445 Basic stats: COMPLETE Column stats: COMPLETE
             Execution mode: vectorized, llap
-            LLAP IO: no inputs
+            LLAP IO: all inputs
         Reducer 2 
             Execution mode: llap
             Reduce Operator Tree:
@@ -1042,7 +1042,7 @@ STAGE PLANS:
                         Map-reduce partition columns: _col0 (type: string), _col1 (type: string)
                         Statistics: Num rows: 83 Data size: 14774 Basic stats: COMPLETE Column stats: COMPLETE
             Execution mode: vectorized, llap
-            LLAP IO: no inputs
+            LLAP IO: all inputs
         Reducer 2 
             Execution mode: llap
             Reduce Operator Tree:
@@ -1177,7 +1177,7 @@ STAGE PLANS:
                         Map-reduce partition columns: _col1 (type: string), _col2 (type: string)
                         Statistics: Num rows: 166 Data size: 43990 Basic stats: COMPLETE Column stats: COMPLETE
             Execution mode: vectorized, llap
-            LLAP IO: no inputs
+            LLAP IO: all inputs
         Reducer 2 
             Execution mode: vectorized, llap
             Reduce Operator Tree:
@@ -1345,7 +1345,7 @@ STAGE PLANS:
                       Map-reduce partition columns: value (type: string), key (type: string)
                       Statistics: Num rows: 500 Data size: 89000 Basic stats: COMPLETE Column stats: COMPLETE
             Execution mode: vectorized, llap
-            LLAP IO: no inputs
+            LLAP IO: all inputs
         Map 3 
             Map Operator Tree:
                 TableScan
@@ -1372,7 +1372,7 @@ STAGE PLANS:
                           Map-reduce partition columns: _col0 (type: string), _col1 (type: string)
                           Statistics: Num rows: 83 Data size: 14774 Basic stats: COMPLETE Column stats: COMPLETE
             Execution mode: vectorized, llap
-            LLAP IO: no inputs
+            LLAP IO: all inputs
         Reducer 2 
             Execution mode: llap
             Reduce Operator Tree:
@@ -1498,7 +1498,7 @@ STAGE PLANS:
                           Map-reduce partition columns: _col0 (type: string)
                           Statistics: Num rows: 83 Data size: 7221 Basic stats: COMPLETE Column stats: COMPLETE
             Execution mode: vectorized, llap
-            LLAP IO: no inputs
+            LLAP IO: all inputs
         Reducer 2 
             Execution mode: vectorized, llap
             Reduce Operator Tree:
@@ -1586,7 +1586,7 @@ STAGE PLANS:
                       Statistics: Num rows: 500 Data size: 89000 Basic stats: COMPLETE Column stats: COMPLETE
                       value expressions: value (type: string)
             Execution mode: vectorized, llap
-            LLAP IO: no inputs
+            LLAP IO: all inputs
         Map 4 
             Map Operator Tree:
                 TableScan
@@ -1613,7 +1613,7 @@ STAGE PLANS:
                           Map-reduce partition columns: _col0 (type: string)
                           Statistics: Num rows: 83 Data size: 7221 Basic stats: COMPLETE Column stats: COMPLETE
             Execution mode: vectorized, llap
-            LLAP IO: no inputs
+            LLAP IO: all inputs
         Reducer 2 
             Execution mode: llap
             Reduce Operator Tree:
@@ -1729,7 +1729,7 @@ STAGE PLANS:
                         Map-reduce partition columns: _col0 (type: string), _col1 (type: string)
                         Statistics: Num rows: 83 Data size: 14774 Basic stats: COMPLETE Column stats: COMPLETE
             Execution mode: vectorized, llap
-            LLAP IO: no inputs
+            LLAP IO: all inputs
         Reducer 2 
             Execution mode: llap
             Reduce Operator Tree:
@@ -1878,7 +1878,7 @@ STAGE PLANS:
                           Map-reduce partition columns: _col0 (type: int), 1 (type: int)
                           Statistics: Num rows: 1 Data size: 8 Basic stats: COMPLETE Column stats: COMPLETE
             Execution mode: vectorized, llap
-            LLAP IO: no inputs
+            LLAP IO: all inputs
         Reducer 2 
             Execution mode: llap
             Reduce Operator Tree:
@@ -2010,7 +2010,7 @@ STAGE PLANS:
                       Statistics: Num rows: 500 Data size: 89000 Basic stats: COMPLETE Column stats: COMPLETE
                       value expressions: value (type: string)
             Execution mode: vectorized, llap
-            LLAP IO: no inputs
+            LLAP IO: all inputs
         Map 6 
             Map Operator Tree:
                 TableScan
@@ -2054,7 +2054,7 @@ STAGE PLANS:
                         Statistics: Num rows: 83 Data size: 7885 Basic stats: COMPLETE Column stats: COMPLETE
                         value expressions: _col1 (type: bigint)
             Execution mode: vectorized, llap
-            LLAP IO: no inputs
+            LLAP IO: all inputs
         Reducer 2 
             Execution mode: llap
             Reduce Operator Tree:
@@ -2238,7 +2238,7 @@ STAGE PLANS:
                     Statistics: Num rows: 26 Data size: 5798 Basic stats: COMPLETE Column stats: COMPLETE
                     value expressions: p_name (type: string)
             Execution mode: vectorized, llap
-            LLAP IO: no inputs
+            LLAP IO: all inputs
         Reducer 2 
             Execution mode: vectorized, llap
             Reduce Operator Tree:
@@ -2422,7 +2422,7 @@ STAGE PLANS:
                     Statistics: Num rows: 500 Data size: 89000 Basic stats: COMPLETE Column stats: COMPLETE
                     value expressions: key (type: string), value (type: string)
             Execution mode: vectorized, llap
-            LLAP IO: no inputs
+            LLAP IO: all inputs
         Reducer 2 
             Execution mode: llap
             Reduce Operator Tree:
@@ -2596,7 +2596,7 @@ STAGE PLANS:
                           Statistics: Num rows: 1 Data size: 8 Basic stats: COMPLETE Column stats: COMPLETE
                           value expressions: _col0 (type: bigint)
             Execution mode: vectorized, llap
-            LLAP IO: no inputs
+            LLAP IO: all inputs
         Reducer 2 
             Execution mode: llap
             Reduce Operator Tree:
@@ -2759,7 +2759,7 @@ STAGE PLANS:
                           Statistics: Num rows: 1 Data size: 76 Basic stats: COMPLETE Column stats: COMPLETE
                           value expressions: _col0 (type: struct<count:bigint,sum:double,input:int>)
             Execution mode: vectorized, llap
-            LLAP IO: no inputs
+            LLAP IO: all inputs
         Reducer 2 
             Execution mode: llap
             Reduce Operator Tree:
@@ -2960,7 +2960,7 @@ STAGE PLANS:
                           Statistics: Num rows: 2 Data size: 204 Basic stats: COMPLETE Column stats: COMPLETE
                           value expressions: _col1 (type: int)
             Execution mode: vectorized, llap
-            LLAP IO: no inputs
+            LLAP IO: all inputs
         Reducer 2 
             Execution mode: llap
             Reduce Operator Tree:
@@ -3175,7 +3175,7 @@ STAGE PLANS:
                           Statistics: Num rows: 1 Data size: 8 Basic stats: COMPLETE Column stats: COMPLETE
                           value expressions: _col0 (type: bigint)
             Execution mode: vectorized, llap
-            LLAP IO: no inputs
+            LLAP IO: all inputs
         Reducer 2 
             Execution mode: llap
             Reduce Operator Tree:
@@ -3399,7 +3399,7 @@ STAGE PLANS:
                         Statistics: Num rows: 5 Data size: 970 Basic stats: COMPLETE Column stats: COMPLETE
                         value expressions: _col1 (type: double), _col2 (type: double), _col3 (type: struct<count:bigint,sum:double,input:double>)
             Execution mode: vectorized, llap
-            LLAP IO: no inputs
+            LLAP IO: all inputs
         Reducer 2 
             Execution mode: vectorized, llap
             Reduce Operator Tree:
@@ -3675,7 +3675,7 @@ STAGE PLANS:
                           Statistics: Num rows: 1 Data size: 100 Basic stats: COMPLETE Column stats: COMPLETE
                           value expressions: _col1 (type: double), _col2 (type: double)
             Execution mode: vectorized, llap
-            LLAP IO: no inputs
+            LLAP IO: all inputs
         Reducer 2 
             Execution mode: vectorized, llap
             Reduce Operator Tree:
@@ -3870,7 +3870,7 @@ STAGE PLANS:
                         Statistics: Num rows: 1 Data size: 108 Basic stats: COMPLETE Column stats: COMPLETE
                         value expressions: _col0 (type: bigint), _col1 (type: bigint), _col2 (type: bigint), _col3 (type: struct<count:bigint,sum:double,input:int>), _col4 (type: int), _col5 (type: int)
             Execution mode: vectorized, llap
-            LLAP IO: no inputs
+            LLAP IO: all inputs
         Reducer 2 
             Execution mode: vectorized, llap
             Reduce Operator Tree:
@@ -3940,7 +3940,7 @@ STAGE PLANS:
                       Statistics: Num rows: 20 Data size: 7138 Basic stats: COMPLETE Column stats: COMPLETE
                       value expressions: _col2 (type: int), _col3 (type: float)
             Execution mode: vectorized, llap
-            LLAP IO: no inputs
+            LLAP IO: all inputs
         Map 4 
             Map Operator Tree:
                 TableScan
@@ -3957,7 +3957,7 @@ STAGE PLANS:
                       Statistics: Num rows: 20 Data size: 7138 Basic stats: COMPLETE Column stats: COMPLETE
                       value expressions: _col2 (type: int), _col3 (type: float)
             Execution mode: vectorized, llap
-            LLAP IO: no inputs
+            LLAP IO: all inputs
         Reducer 2 
             Execution mode: vectorized, llap
             Reduce Operator Tree:
@@ -4297,7 +4297,7 @@ STAGE PLANS:
                     Statistics: Num rows: 20 Data size: 1767 Basic stats: COMPLETE Column stats: COMPLETE
                     value expressions: c_int (type: int)
             Execution mode: vectorized, llap
-            LLAP IO: no inputs
+            LLAP IO: all inputs
         Reducer 2 
             Execution mode: llap
             Reduce Operator Tree:
diff --git a/ql/src/test/results/clientpositive/llap/special_character_in_tabnames_quotes_1.q.out b/ql/src/test/results/clientpositive/llap/special_character_in_tabnames_quotes_1.q.out
index a7a9c1d7f4..1be2e32055 100644
--- a/ql/src/test/results/clientpositive/llap/special_character_in_tabnames_quotes_1.q.out
+++ b/ql/src/test/results/clientpositive/llap/special_character_in_tabnames_quotes_1.q.out
@@ -301,7 +301,7 @@ STAGE PLANS:
                         Statistics: Num rows: 1 Data size: 4 Basic stats: COMPLETE Column stats: COMPLETE
                         value expressions: _col0 (type: int)
             Execution mode: vectorized, llap
-            LLAP IO: no inputs
+            LLAP IO: all inputs
         Map 5 
             Map Operator Tree:
                 TableScan
@@ -323,7 +323,7 @@ STAGE PLANS:
                         Statistics: Num rows: 1 Data size: 4 Basic stats: COMPLETE Column stats: COMPLETE
                         value expressions: _col0 (type: int)
             Execution mode: vectorized, llap
-            LLAP IO: no inputs
+            LLAP IO: all inputs
         Map 7 
             Map Operator Tree:
                 TableScan
@@ -345,7 +345,7 @@ STAGE PLANS:
                         Statistics: Num rows: 1 Data size: 76 Basic stats: COMPLETE Column stats: COMPLETE
                         value expressions: _col0 (type: struct<count:bigint,sum:double,input:int>)
             Execution mode: vectorized, llap
-            LLAP IO: no inputs
+            LLAP IO: all inputs
         Reducer 2 
             Execution mode: vectorized, llap
             Reduce Operator Tree:
@@ -475,7 +475,7 @@ STAGE PLANS:
                     Statistics: Num rows: 20 Data size: 1615 Basic stats: COMPLETE Column stats: COMPLETE
                     value expressions: key (type: string)
             Execution mode: vectorized, llap
-            LLAP IO: no inputs
+            LLAP IO: all inputs
         Map 3 
             Map Operator Tree:
                 TableScan
@@ -486,7 +486,7 @@ STAGE PLANS:
                     sort order: 
                     Statistics: Num rows: 20 Data size: 262 Basic stats: COMPLETE Column stats: COMPLETE
             Execution mode: vectorized, llap
-            LLAP IO: no inputs
+            LLAP IO: all inputs
         Reducer 2 
             Execution mode: llap
             Reduce Operator Tree:
@@ -555,7 +555,7 @@ STAGE PLANS:
                       Statistics: Num rows: 18 Data size: 1513 Basic stats: COMPLETE Column stats: COMPLETE
                       value expressions: c_int (type: int)
             Execution mode: vectorized, llap
-            LLAP IO: no inputs
+            LLAP IO: all inputs
         Map 3 
             Map Operator Tree:
                 TableScan
@@ -573,7 +573,7 @@ STAGE PLANS:
                       Statistics: Num rows: 18 Data size: 1581 Basic stats: COMPLETE Column stats: COMPLETE
                       value expressions: c_int (type: int), c_float (type: float)
             Execution mode: vectorized, llap
-            LLAP IO: no inputs
+            LLAP IO: all inputs
         Reducer 2 
             Execution mode: llap
             Reduce Operator Tree:
@@ -653,7 +653,7 @@ STAGE PLANS:
                         Statistics: Num rows: 10 Data size: 1010 Basic stats: COMPLETE Column stats: COMPLETE
                         value expressions: _col3 (type: bigint)
             Execution mode: vectorized, llap
-            LLAP IO: no inputs
+            LLAP IO: all inputs
         Reducer 2 
             Execution mode: vectorized, llap
             Reduce Operator Tree:
@@ -746,7 +746,7 @@ STAGE PLANS:
                       Statistics: Num rows: 18 Data size: 1513 Basic stats: COMPLETE Column stats: COMPLETE
                       value expressions: c_int (type: int)
             Execution mode: vectorized, llap
-            LLAP IO: no inputs
+            LLAP IO: all inputs
         Map 3 
             Map Operator Tree:
                 TableScan
@@ -773,7 +773,7 @@ STAGE PLANS:
                           Map-reduce partition columns: _col0 (type: string)
                           Statistics: Num rows: 6 Data size: 510 Basic stats: COMPLETE Column stats: COMPLETE
             Execution mode: vectorized, llap
-            LLAP IO: no inputs
+            LLAP IO: all inputs
         Reducer 2 
             Execution mode: llap
             Reduce Operator Tree:
@@ -991,7 +991,7 @@ STAGE PLANS:
                         Statistics: Num rows: 1 Data size: 88 Basic stats: COMPLETE Column stats: COMPLETE
                         Target Vertex: Map 4
             Execution mode: vectorized, llap
-            LLAP IO: no inputs
+            LLAP IO: all inputs
         Map 4 
             Map Operator Tree:
                 TableScan
@@ -1005,7 +1005,7 @@ STAGE PLANS:
                     Map-reduce partition columns: '2014' (type: string)
                     Statistics: Num rows: 20 Data size: 2022 Basic stats: COMPLETE Column stats: COMPLETE
             Execution mode: vectorized, llap
-            LLAP IO: no inputs
+            LLAP IO: all inputs
         Reducer 2 
             Execution mode: llap
             Reduce Operator Tree:
@@ -1111,7 +1111,7 @@ STAGE PLANS:
                       Map-reduce partition columns: key (type: string)
                       Statistics: Num rows: 18 Data size: 1445 Basic stats: COMPLETE Column stats: COMPLETE
             Execution mode: vectorized, llap
-            LLAP IO: no inputs
+            LLAP IO: all inputs
         Reducer 2 
             Execution mode: llap
             Reduce Operator Tree:
@@ -1214,7 +1214,7 @@ STAGE PLANS:
                         Map-reduce partition columns: _col0 (type: string), _col1 (type: string)
                         Statistics: Num rows: 83 Data size: 14774 Basic stats: COMPLETE Column stats: COMPLETE
             Execution mode: vectorized, llap
-            LLAP IO: no inputs
+            LLAP IO: all inputs
         Reducer 2 
             Execution mode: llap
             Reduce Operator Tree:
@@ -1349,7 +1349,7 @@ STAGE PLANS:
                         Map-reduce partition columns: _col1 (type: string), _col2 (type: string)
                         Statistics: Num rows: 166 Data size: 43990 Basic stats: COMPLETE Column stats: COMPLETE
             Execution mode: vectorized, llap
-            LLAP IO: no inputs
+            LLAP IO: all inputs
         Reducer 2 
             Execution mode: vectorized, llap
             Reduce Operator Tree:
@@ -1517,7 +1517,7 @@ STAGE PLANS:
                       Map-reduce partition columns: value (type: string), key (type: string)
                       Statistics: Num rows: 500 Data size: 89000 Basic stats: COMPLETE Column stats: COMPLETE
             Execution mode: vectorized, llap
-            LLAP IO: no inputs
+            LLAP IO: all inputs
         Map 3 
             Map Operator Tree:
                 TableScan
@@ -1544,7 +1544,7 @@ STAGE PLANS:
                           Map-reduce partition columns: _col0 (type: string), _col1 (type: string)
                           Statistics: Num rows: 83 Data size: 14774 Basic stats: COMPLETE Column stats: COMPLETE
             Execution mode: vectorized, llap
-            LLAP IO: no inputs
+            LLAP IO: all inputs
         Reducer 2 
             Execution mode: llap
             Reduce Operator Tree:
@@ -1670,7 +1670,7 @@ STAGE PLANS:
                           Map-reduce partition columns: _col0 (type: string)
                           Statistics: Num rows: 83 Data size: 7221 Basic stats: COMPLETE Column stats: COMPLETE
             Execution mode: vectorized, llap
-            LLAP IO: no inputs
+            LLAP IO: all inputs
         Reducer 2 
             Execution mode: vectorized, llap
             Reduce Operator Tree:
@@ -1758,7 +1758,7 @@ STAGE PLANS:
                       Statistics: Num rows: 500 Data size: 89000 Basic stats: COMPLETE Column stats: COMPLETE
                       value expressions: value (type: string)
             Execution mode: vectorized, llap
-            LLAP IO: no inputs
+            LLAP IO: all inputs
         Map 4 
             Map Operator Tree:
                 TableScan
@@ -1785,7 +1785,7 @@ STAGE PLANS:
                           Map-reduce partition columns: _col0 (type: string)
                           Statistics: Num rows: 83 Data size: 7221 Basic stats: COMPLETE Column stats: COMPLETE
             Execution mode: vectorized, llap
-            LLAP IO: no inputs
+            LLAP IO: all inputs
         Reducer 2 
             Execution mode: llap
             Reduce Operator Tree:
@@ -1901,7 +1901,7 @@ STAGE PLANS:
                         Map-reduce partition columns: _col0 (type: string), _col1 (type: string)
                         Statistics: Num rows: 83 Data size: 14774 Basic stats: COMPLETE Column stats: COMPLETE
             Execution mode: vectorized, llap
-            LLAP IO: no inputs
+            LLAP IO: all inputs
         Reducer 2 
             Execution mode: llap
             Reduce Operator Tree:
@@ -2050,7 +2050,7 @@ STAGE PLANS:
                           Map-reduce partition columns: _col0 (type: int), 1 (type: int)
                           Statistics: Num rows: 1 Data size: 8 Basic stats: COMPLETE Column stats: COMPLETE
             Execution mode: vectorized, llap
-            LLAP IO: no inputs
+            LLAP IO: all inputs
         Reducer 2 
             Execution mode: llap
             Reduce Operator Tree:
@@ -2182,7 +2182,7 @@ STAGE PLANS:
                       Statistics: Num rows: 500 Data size: 89000 Basic stats: COMPLETE Column stats: COMPLETE
                       value expressions: value (type: string)
             Execution mode: vectorized, llap
-            LLAP IO: no inputs
+            LLAP IO: all inputs
         Map 6 
             Map Operator Tree:
                 TableScan
@@ -2226,7 +2226,7 @@ STAGE PLANS:
                         Statistics: Num rows: 83 Data size: 7885 Basic stats: COMPLETE Column stats: COMPLETE
                         value expressions: _col1 (type: bigint)
             Execution mode: vectorized, llap
-            LLAP IO: no inputs
+            LLAP IO: all inputs
         Reducer 2 
             Execution mode: llap
             Reduce Operator Tree:
@@ -2410,7 +2410,7 @@ STAGE PLANS:
                     Statistics: Num rows: 26 Data size: 5798 Basic stats: COMPLETE Column stats: COMPLETE
                     value expressions: p_name (type: string)
             Execution mode: vectorized, llap
-            LLAP IO: no inputs
+            LLAP IO: all inputs
         Reducer 2 
             Execution mode: vectorized, llap
             Reduce Operator Tree:
@@ -2594,7 +2594,7 @@ STAGE PLANS:
                     Statistics: Num rows: 500 Data size: 89000 Basic stats: COMPLETE Column stats: COMPLETE
                     value expressions: key (type: string), value (type: string)
             Execution mode: vectorized, llap
-            LLAP IO: no inputs
+            LLAP IO: all inputs
         Reducer 2 
             Execution mode: llap
             Reduce Operator Tree:
@@ -2768,7 +2768,7 @@ STAGE PLANS:
                           Statistics: Num rows: 1 Data size: 8 Basic stats: COMPLETE Column stats: COMPLETE
                           value expressions: _col0 (type: bigint)
             Execution mode: vectorized, llap
-            LLAP IO: no inputs
+            LLAP IO: all inputs
         Reducer 2 
             Execution mode: llap
             Reduce Operator Tree:
@@ -2931,7 +2931,7 @@ STAGE PLANS:
                           Statistics: Num rows: 1 Data size: 76 Basic stats: COMPLETE Column stats: COMPLETE
                           value expressions: _col0 (type: struct<count:bigint,sum:double,input:int>)
             Execution mode: vectorized, llap
-            LLAP IO: no inputs
+            LLAP IO: all inputs
         Reducer 2 
             Execution mode: llap
             Reduce Operator Tree:
@@ -3132,7 +3132,7 @@ STAGE PLANS:
                           Statistics: Num rows: 2 Data size: 204 Basic stats: COMPLETE Column stats: COMPLETE
                           value expressions: _col1 (type: int)
             Execution mode: vectorized, llap
-            LLAP IO: no inputs
+            LLAP IO: all inputs
         Reducer 2 
             Execution mode: llap
             Reduce Operator Tree:
@@ -3347,7 +3347,7 @@ STAGE PLANS:
                           Statistics: Num rows: 1 Data size: 8 Basic stats: COMPLETE Column stats: COMPLETE
                           value expressions: _col0 (type: bigint)
             Execution mode: vectorized, llap
-            LLAP IO: no inputs
+            LLAP IO: all inputs
         Reducer 2 
             Execution mode: llap
             Reduce Operator Tree:
@@ -3571,7 +3571,7 @@ STAGE PLANS:
                         Statistics: Num rows: 5 Data size: 970 Basic stats: COMPLETE Column stats: COMPLETE
                         value expressions: _col1 (type: double), _col2 (type: double), _col3 (type: struct<count:bigint,sum:double,input:double>)
             Execution mode: vectorized, llap
-            LLAP IO: no inputs
+            LLAP IO: all inputs
         Reducer 2 
             Execution mode: vectorized, llap
             Reduce Operator Tree:
@@ -3847,7 +3847,7 @@ STAGE PLANS:
                           Statistics: Num rows: 1 Data size: 100 Basic stats: COMPLETE Column stats: COMPLETE
                           value expressions: _col1 (type: double), _col2 (type: double)
             Execution mode: vectorized, llap
-            LLAP IO: no inputs
+            LLAP IO: all inputs
         Reducer 2 
             Execution mode: vectorized, llap
             Reduce Operator Tree:
@@ -4042,7 +4042,7 @@ STAGE PLANS:
                         Statistics: Num rows: 1 Data size: 108 Basic stats: COMPLETE Column stats: COMPLETE
                         value expressions: _col0 (type: bigint), _col1 (type: bigint), _col2 (type: bigint), _col3 (type: struct<count:bigint,sum:double,input:int>), _col4 (type: int), _col5 (type: int)
             Execution mode: vectorized, llap
-            LLAP IO: no inputs
+            LLAP IO: all inputs
         Reducer 2 
             Execution mode: vectorized, llap
             Reduce Operator Tree:
@@ -4112,7 +4112,7 @@ STAGE PLANS:
                       Statistics: Num rows: 20 Data size: 7138 Basic stats: COMPLETE Column stats: COMPLETE
                       value expressions: _col2 (type: int), _col3 (type: float)
             Execution mode: vectorized, llap
-            LLAP IO: no inputs
+            LLAP IO: all inputs
         Map 4 
             Map Operator Tree:
                 TableScan
@@ -4129,7 +4129,7 @@ STAGE PLANS:
                       Statistics: Num rows: 20 Data size: 7138 Basic stats: COMPLETE Column stats: COMPLETE
                       value expressions: _col2 (type: int), _col3 (type: float)
             Execution mode: vectorized, llap
-            LLAP IO: no inputs
+            LLAP IO: all inputs
         Reducer 2 
             Execution mode: vectorized, llap
             Reduce Operator Tree:
@@ -4469,7 +4469,7 @@ STAGE PLANS:
                     Statistics: Num rows: 20 Data size: 1767 Basic stats: COMPLETE Column stats: COMPLETE
                     value expressions: c_int (type: int)
             Execution mode: vectorized, llap
-            LLAP IO: no inputs
+            LLAP IO: all inputs
         Reducer 2 
             Execution mode: llap
             Reduce Operator Tree:
diff --git a/ql/src/test/results/clientpositive/llap/stats0.q.out b/ql/src/test/results/clientpositive/llap/stats0.q.out
index 6be81cfce3..97a2eb0ea5 100644
--- a/ql/src/test/results/clientpositive/llap/stats0.q.out
+++ b/ql/src/test/results/clientpositive/llap/stats0.q.out
@@ -90,7 +90,7 @@ STAGE PLANS:
                           value expressions: _col0 (type: int), _col1 (type: struct<count:bigint,sum:double,input:int>), _col2 (type: bigint), _col3 (type: bigint), _col4 (type: binary), _col5 (type: int), _col6 (type: struct<count:bigint,sum:double,input:int>), _col7 (type: bigint), _col8 (type: binary)
                           auto parallelism: false
             Execution mode: llap
-            LLAP IO: no inputs
+            LLAP IO: all inputs
             Path -> Alias:
 #### A masked pattern was here ####
             Path -> Partition:
@@ -800,7 +800,7 @@ STAGE PLANS:
                           Statistics: Num rows: 1 Data size: 557 Basic stats: COMPLETE Column stats: COMPLETE
                           value expressions: _col1 (type: int), _col2 (type: struct<count:bigint,sum:double,input:int>), _col3 (type: bigint), _col4 (type: bigint), _col5 (type: binary), _col6 (type: int), _col7 (type: struct<count:bigint,sum:double,input:int>), _col8 (type: bigint), _col9 (type: binary)
             Execution mode: llap
-            LLAP IO: no inputs
+            LLAP IO: all inputs
         Reducer 2 
             Execution mode: llap
             Reduce Operator Tree:
@@ -1512,7 +1512,7 @@ STAGE PLANS:
                           value expressions: _col0 (type: int), _col1 (type: struct<count:bigint,sum:double,input:int>), _col2 (type: bigint), _col3 (type: bigint), _col4 (type: binary), _col5 (type: int), _col6 (type: struct<count:bigint,sum:double,input:int>), _col7 (type: bigint), _col8 (type: binary)
                           auto parallelism: false
             Execution mode: llap
-            LLAP IO: no inputs
+            LLAP IO: all inputs
             Path -> Alias:
 #### A masked pattern was here ####
             Path -> Partition:
@@ -2222,7 +2222,7 @@ STAGE PLANS:
                           Statistics: Num rows: 1 Data size: 557 Basic stats: COMPLETE Column stats: COMPLETE
                           value expressions: _col1 (type: int), _col2 (type: struct<count:bigint,sum:double,input:int>), _col3 (type: bigint), _col4 (type: bigint), _col5 (type: binary), _col6 (type: int), _col7 (type: struct<count:bigint,sum:double,input:int>), _col8 (type: bigint), _col9 (type: binary)
             Execution mode: llap
-            LLAP IO: no inputs
+            LLAP IO: all inputs
         Reducer 2 
             Execution mode: llap
             Reduce Operator Tree:
diff --git a/ql/src/test/results/clientpositive/llap/stats1.q.out b/ql/src/test/results/clientpositive/llap/stats1.q.out
index 25367f5a31..6af93c3850 100644
--- a/ql/src/test/results/clientpositive/llap/stats1.q.out
+++ b/ql/src/test/results/clientpositive/llap/stats1.q.out
@@ -61,7 +61,7 @@ STAGE PLANS:
                         Statistics: Num rows: 1 Data size: 8 Basic stats: COMPLETE Column stats: COMPLETE
                         value expressions: _col0 (type: bigint)
             Execution mode: vectorized, llap
-            LLAP IO: no inputs
+            LLAP IO: all inputs
         Map 5 
             Map Operator Tree:
                 TableScan
@@ -95,7 +95,7 @@ STAGE PLANS:
                           Statistics: Num rows: 1 Data size: 472 Basic stats: COMPLETE Column stats: COMPLETE
                           value expressions: _col0 (type: int), _col1 (type: struct<count:bigint,sum:double,input:int>), _col2 (type: bigint), _col3 (type: bigint), _col4 (type: binary), _col5 (type: int), _col6 (type: struct<count:bigint,sum:double,input:int>), _col7 (type: bigint), _col8 (type: binary)
             Execution mode: llap
-            LLAP IO: no inputs
+            LLAP IO: all inputs
         Reducer 2 
             Execution mode: llap
             Reduce Operator Tree:
diff --git a/ql/src/test/results/clientpositive/llap/stats10.q.out b/ql/src/test/results/clientpositive/llap/stats10.q.out
index 58b83994f4..6af2e7be26 100644
--- a/ql/src/test/results/clientpositive/llap/stats10.q.out
+++ b/ql/src/test/results/clientpositive/llap/stats10.q.out
@@ -50,7 +50,7 @@ STAGE PLANS:
                       Statistics: Num rows: 500 Data size: 47500 Basic stats: COMPLETE Column stats: COMPLETE
                       value expressions: _col1 (type: string)
             Execution mode: vectorized, llap
-            LLAP IO: no inputs
+            LLAP IO: all inputs
         Reducer 2 
             Execution mode: llap
             Reduce Operator Tree:
@@ -447,7 +447,7 @@ STAGE PLANS:
                 TableScan
                   alias: bucket3_1_n0
             Execution mode: llap
-            LLAP IO: no inputs
+            LLAP IO: all inputs
 
   Stage: Stage-2
     Stats Work
diff --git a/ql/src/test/results/clientpositive/llap/stats11.q.out b/ql/src/test/results/clientpositive/llap/stats11.q.out
index 40836268c5..72040dd64b 100644
--- a/ql/src/test/results/clientpositive/llap/stats11.q.out
+++ b/ql/src/test/results/clientpositive/llap/stats11.q.out
@@ -356,7 +356,7 @@ STAGE PLANS:
                         value expressions: _col1 (type: string)
                         auto parallelism: true
             Execution mode: vectorized, llap
-            LLAP IO: no inputs
+            LLAP IO: all inputs
             Path -> Alias:
 #### A masked pattern was here ####
             Path -> Partition:
@@ -424,7 +424,7 @@ STAGE PLANS:
                         value expressions: _col1 (type: string)
                         auto parallelism: true
             Execution mode: vectorized, llap
-            LLAP IO: no inputs
+            LLAP IO: all inputs
             Path -> Alias:
 #### A masked pattern was here ####
             Path -> Partition:
@@ -774,7 +774,7 @@ STAGE PLANS:
                         value expressions: _col1 (type: string)
                         auto parallelism: true
             Execution mode: vectorized, llap
-            LLAP IO: no inputs
+            LLAP IO: all inputs
             Path -> Alias:
 #### A masked pattern was here ####
             Path -> Partition:
@@ -842,7 +842,7 @@ STAGE PLANS:
                         value expressions: _col1 (type: string)
                         auto parallelism: true
             Execution mode: vectorized, llap
-            LLAP IO: no inputs
+            LLAP IO: all inputs
             Path -> Alias:
 #### A masked pattern was here ####
             Path -> Partition:
diff --git a/ql/src/test/results/clientpositive/llap/stats12.q.out b/ql/src/test/results/clientpositive/llap/stats12.q.out
index c99a3d5706..87c9856a99 100644
--- a/ql/src/test/results/clientpositive/llap/stats12.q.out
+++ b/ql/src/test/results/clientpositive/llap/stats12.q.out
@@ -68,7 +68,7 @@ STAGE PLANS:
                   Statistics Aggregation Key Prefix: default.analyze_srcpart_n3/
                   GatherStats: true
             Execution mode: llap
-            LLAP IO: no inputs
+            LLAP IO: all inputs
             Path -> Alias:
 #### A masked pattern was here ####
             Path -> Partition:
diff --git a/ql/src/test/results/clientpositive/llap/stats13.q.out b/ql/src/test/results/clientpositive/llap/stats13.q.out
index a28ef233c6..9b40c9529a 100644
--- a/ql/src/test/results/clientpositive/llap/stats13.q.out
+++ b/ql/src/test/results/clientpositive/llap/stats13.q.out
@@ -64,7 +64,7 @@ STAGE PLANS:
                   Statistics Aggregation Key Prefix: default.analyze_srcpart/
                   GatherStats: true
             Execution mode: llap
-            LLAP IO: no inputs
+            LLAP IO: all inputs
             Path -> Alias:
 #### A masked pattern was here ####
             Path -> Partition:
diff --git a/ql/src/test/results/clientpositive/llap/stats2.q.out b/ql/src/test/results/clientpositive/llap/stats2.q.out
index d0114192d8..99f354dc5f 100644
--- a/ql/src/test/results/clientpositive/llap/stats2.q.out
+++ b/ql/src/test/results/clientpositive/llap/stats2.q.out
@@ -53,7 +53,7 @@ STAGE PLANS:
                           serde: org.apache.hadoop.hive.serde2.lazy.LazySimpleSerDe
                           name: default.analyze_t1
             Execution mode: vectorized, llap
-            LLAP IO: no inputs
+            LLAP IO: all inputs
 
   Stage: Stage-2
     Dependency Collection
@@ -177,7 +177,7 @@ STAGE PLANS:
                 TableScan
                   alias: analyze_t1
             Execution mode: llap
-            LLAP IO: no inputs
+            LLAP IO: all inputs
 
   Stage: Stage-2
     Stats Work
diff --git a/ql/src/test/results/clientpositive/llap/stats4.q.out b/ql/src/test/results/clientpositive/llap/stats4.q.out
index 48f1a356c3..17c3270f5e 100644
--- a/ql/src/test/results/clientpositive/llap/stats4.q.out
+++ b/ql/src/test/results/clientpositive/llap/stats4.q.out
@@ -144,7 +144,7 @@ STAGE PLANS:
                             Statistics: Num rows: 2 Data size: 1500 Basic stats: COMPLETE Column stats: COMPLETE
                             value expressions: _col2 (type: int), _col3 (type: struct<count:bigint,sum:double,input:int>), _col4 (type: bigint), _col5 (type: bigint), _col6 (type: binary), _col7 (type: int), _col8 (type: struct<count:bigint,sum:double,input:int>), _col9 (type: bigint), _col10 (type: binary)
             Execution mode: llap
-            LLAP IO: no inputs
+            LLAP IO: all inputs
         Reducer 2 
             Execution mode: llap
             Reduce Operator Tree:
diff --git a/ql/src/test/results/clientpositive/llap/stats5.q.out b/ql/src/test/results/clientpositive/llap/stats5.q.out
index 362f44e162..5f5789b586 100644
--- a/ql/src/test/results/clientpositive/llap/stats5.q.out
+++ b/ql/src/test/results/clientpositive/llap/stats5.q.out
@@ -32,7 +32,7 @@ STAGE PLANS:
                 TableScan
                   alias: analyze_src
             Execution mode: llap
-            LLAP IO: no inputs
+            LLAP IO: all inputs
 
   Stage: Stage-2
     Stats Work
diff --git a/ql/src/test/results/clientpositive/llap/stats7.q.out b/ql/src/test/results/clientpositive/llap/stats7.q.out
index 7fb254aab4..661d98a09a 100644
--- a/ql/src/test/results/clientpositive/llap/stats7.q.out
+++ b/ql/src/test/results/clientpositive/llap/stats7.q.out
@@ -64,7 +64,7 @@ STAGE PLANS:
                 TableScan
                   alias: analyze_srcpart_n4
             Execution mode: llap
-            LLAP IO: no inputs
+            LLAP IO: all inputs
 
   Stage: Stage-2
     Stats Work
diff --git a/ql/src/test/results/clientpositive/llap/stats8.q.out b/ql/src/test/results/clientpositive/llap/stats8.q.out
index 9d41fd0cae..2481af8b35 100644
--- a/ql/src/test/results/clientpositive/llap/stats8.q.out
+++ b/ql/src/test/results/clientpositive/llap/stats8.q.out
@@ -95,7 +95,7 @@ STAGE PLANS:
                 TableScan
                   alias: analyze_srcpart_n1
             Execution mode: llap
-            LLAP IO: no inputs
+            LLAP IO: all inputs
 
   Stage: Stage-2
     Stats Work
@@ -252,7 +252,7 @@ STAGE PLANS:
                 TableScan
                   alias: analyze_srcpart_n1
             Execution mode: llap
-            LLAP IO: no inputs
+            LLAP IO: all inputs
 
   Stage: Stage-2
     Stats Work
@@ -334,7 +334,7 @@ STAGE PLANS:
                 TableScan
                   alias: analyze_srcpart_n1
             Execution mode: llap
-            LLAP IO: no inputs
+            LLAP IO: all inputs
 
   Stage: Stage-2
     Stats Work
@@ -416,7 +416,7 @@ STAGE PLANS:
                 TableScan
                   alias: analyze_srcpart_n1
             Execution mode: llap
-            LLAP IO: no inputs
+            LLAP IO: all inputs
 
   Stage: Stage-2
     Stats Work
@@ -510,7 +510,7 @@ STAGE PLANS:
                 TableScan
                   alias: analyze_srcpart_n1
             Execution mode: llap
-            LLAP IO: no inputs
+            LLAP IO: all inputs
 
   Stage: Stage-2
     Stats Work
diff --git a/ql/src/test/results/clientpositive/llap/stats9.q.out b/ql/src/test/results/clientpositive/llap/stats9.q.out
index dabeeaf03d..ce1cd6a229 100644
--- a/ql/src/test/results/clientpositive/llap/stats9.q.out
+++ b/ql/src/test/results/clientpositive/llap/stats9.q.out
@@ -38,7 +38,7 @@ STAGE PLANS:
                 TableScan
                   alias: analyze_srcbucket
             Execution mode: llap
-            LLAP IO: no inputs
+            LLAP IO: all inputs
 
   Stage: Stage-2
     Stats Work
diff --git a/ql/src/test/results/clientpositive/llap/stats_based_fetch_decision.q.out b/ql/src/test/results/clientpositive/llap/stats_based_fetch_decision.q.out
index 62a569d5a8..865b211bcd 100644
--- a/ql/src/test/results/clientpositive/llap/stats_based_fetch_decision.q.out
+++ b/ql/src/test/results/clientpositive/llap/stats_based_fetch_decision.q.out
@@ -144,7 +144,7 @@ STAGE PLANS:
                             output format: org.apache.hadoop.hive.ql.io.HiveSequenceFileOutputFormat
                             serde: org.apache.hadoop.hive.serde2.lazy.LazySimpleSerDe
             Execution mode: vectorized, llap
-            LLAP IO: no inputs
+            LLAP IO: all inputs
 
   Stage: Stage-0
     Fetch Operator
@@ -198,7 +198,7 @@ STAGE PLANS:
                             output format: org.apache.hadoop.hive.ql.io.HiveSequenceFileOutputFormat
                             serde: org.apache.hadoop.hive.serde2.lazy.LazySimpleSerDe
             Execution mode: vectorized, llap
-            LLAP IO: no inputs
+            LLAP IO: all inputs
 
   Stage: Stage-0
     Fetch Operator
diff --git a/ql/src/test/results/clientpositive/llap/stats_empty_dyn_part.q.out b/ql/src/test/results/clientpositive/llap/stats_empty_dyn_part.q.out
index 73f65cd64a..5280908b20 100644
--- a/ql/src/test/results/clientpositive/llap/stats_empty_dyn_part.q.out
+++ b/ql/src/test/results/clientpositive/llap/stats_empty_dyn_part.q.out
@@ -68,7 +68,7 @@ STAGE PLANS:
                             Statistics: Num rows: 1 Data size: 331 Basic stats: COMPLETE Column stats: COMPLETE
                             value expressions: _col1 (type: int), _col2 (type: struct<count:bigint,sum:double,input:int>), _col3 (type: bigint), _col4 (type: bigint), _col5 (type: binary)
             Execution mode: llap
-            LLAP IO: no inputs
+            LLAP IO: all inputs
         Reducer 2 
             Execution mode: llap
             Reduce Operator Tree:
diff --git a/ql/src/test/results/clientpositive/llap/stats_empty_partition2.q.out b/ql/src/test/results/clientpositive/llap/stats_empty_partition2.q.out
index 27e8e4ac7b..b0a5929645 100644
--- a/ql/src/test/results/clientpositive/llap/stats_empty_partition2.q.out
+++ b/ql/src/test/results/clientpositive/llap/stats_empty_partition2.q.out
@@ -115,7 +115,7 @@ STAGE PLANS:
                         Statistics: Num rows: 1 Data size: 8 Basic stats: PARTIAL Column stats: COMPLETE
                         value expressions: _col1 (type: int)
             Execution mode: vectorized, llap
-            LLAP IO: no inputs
+            LLAP IO: all inputs
         Map 3 
             Map Operator Tree:
                 TableScan
@@ -136,7 +136,7 @@ STAGE PLANS:
                         Map-reduce partition columns: _col0 (type: int)
                         Statistics: Num rows: 1 Data size: 4 Basic stats: COMPLETE Column stats: COMPLETE
             Execution mode: vectorized, llap
-            LLAP IO: no inputs
+            LLAP IO: all inputs
         Reducer 2 
             Execution mode: llap
             Reduce Operator Tree:
diff --git a/ql/src/test/results/clientpositive/llap/stats_nonpart.q.out b/ql/src/test/results/clientpositive/llap/stats_nonpart.q.out
index 1dda9463b5..040726f9f0 100644
--- a/ql/src/test/results/clientpositive/llap/stats_nonpart.q.out
+++ b/ql/src/test/results/clientpositive/llap/stats_nonpart.q.out
@@ -164,7 +164,7 @@ STAGE PLANS:
                             Statistics: Num rows: 1 Data size: 328 Basic stats: COMPLETE Column stats: COMPLETE
                             value expressions: _col0 (type: int), _col1 (type: int), _col2 (type: bigint), _col3 (type: bigint), _col4 (type: binary), _col5 (type: int), _col6 (type: int), _col7 (type: bigint), _col8 (type: binary)
             Execution mode: llap
-            LLAP IO: no inputs
+            LLAP IO: all inputs
         Reducer 2 
             Execution mode: llap
             Reduce Operator Tree:
diff --git a/ql/src/test/results/clientpositive/llap/stats_only_null.q.out b/ql/src/test/results/clientpositive/llap/stats_only_null.q.out
index bf4010ac2f..a7dc24af5b 100644
--- a/ql/src/test/results/clientpositive/llap/stats_only_null.q.out
+++ b/ql/src/test/results/clientpositive/llap/stats_only_null.q.out
@@ -109,7 +109,7 @@ STAGE PLANS:
                         Statistics: Num rows: 1 Data size: 240 Basic stats: COMPLETE Column stats: NONE
                         value expressions: _col0 (type: bigint), _col1 (type: bigint), _col2 (type: bigint), _col3 (type: bigint), _col4 (type: bigint)
             Execution mode: vectorized, llap
-            LLAP IO: no inputs
+            LLAP IO: all inputs
         Reducer 2 
             Execution mode: vectorized, llap
             Reduce Operator Tree:
@@ -179,7 +179,7 @@ STAGE PLANS:
                         Statistics: Num rows: 1 Data size: 240 Basic stats: COMPLETE Column stats: NONE
                         value expressions: _col0 (type: bigint), _col1 (type: bigint), _col2 (type: bigint), _col3 (type: bigint), _col4 (type: bigint)
             Execution mode: vectorized, llap
-            LLAP IO: no inputs
+            LLAP IO: all inputs
         Reducer 2 
             Execution mode: vectorized, llap
             Reduce Operator Tree:
diff --git a/ql/src/test/results/clientpositive/llap/stats_partial_size.q.out b/ql/src/test/results/clientpositive/llap/stats_partial_size.q.out
index c2b836ac70..7ca6fbdbc4 100644
--- a/ql/src/test/results/clientpositive/llap/stats_partial_size.q.out
+++ b/ql/src/test/results/clientpositive/llap/stats_partial_size.q.out
@@ -79,7 +79,7 @@ STAGE PLANS:
                       Statistics: Num rows: 2 Data size: 16 Basic stats: COMPLETE Column stats: COMPLETE
                       value expressions: _col0 (type: int)
             Execution mode: vectorized, llap
-            LLAP IO: no inputs
+            LLAP IO: all inputs
         Map 3 
             Map Operator Tree:
                 TableScan
@@ -116,7 +116,7 @@ STAGE PLANS:
                             Statistics: Num rows: 1 Data size: 4 Basic stats: COMPLETE Column stats: COMPLETE
                             Target Vertex: Map 1
             Execution mode: vectorized, llap
-            LLAP IO: no inputs
+            LLAP IO: all inputs
         Reducer 2 
             Execution mode: llap
             Reduce Operator Tree:
diff --git a/ql/src/test/results/clientpositive/llap/stats_sizebug.q.out b/ql/src/test/results/clientpositive/llap/stats_sizebug.q.out
index 473adabfc6..0ef6a9735d 100644
--- a/ql/src/test/results/clientpositive/llap/stats_sizebug.q.out
+++ b/ql/src/test/results/clientpositive/llap/stats_sizebug.q.out
@@ -102,7 +102,7 @@ STAGE PLANS:
                             Statistics: Num rows: 1 Data size: 328 Basic stats: COMPLETE Column stats: COMPLETE
                             value expressions: _col0 (type: int), _col1 (type: int), _col2 (type: bigint), _col3 (type: bigint), _col4 (type: binary), _col5 (type: int), _col6 (type: int), _col7 (type: bigint), _col8 (type: binary)
             Execution mode: llap
-            LLAP IO: no inputs
+            LLAP IO: all inputs
         Reducer 2 
             Execution mode: llap
             Reduce Operator Tree:
diff --git a/ql/src/test/results/clientpositive/llap/structin.q.out b/ql/src/test/results/clientpositive/llap/structin.q.out
index 2cc570b746..f586be698c 100644
--- a/ql/src/test/results/clientpositive/llap/structin.q.out
+++ b/ql/src/test/results/clientpositive/llap/structin.q.out
@@ -181,7 +181,7 @@ STAGE PLANS:
                         Statistics: Num rows: 3 Data size: 2658 Basic stats: COMPLETE Column stats: NONE
                         value expressions: _col1 (type: struct<f1:string,f2:string,f3:string>)
             Execution mode: vectorized, llap
-            LLAP IO: no inputs
+            LLAP IO: all inputs
         Reducer 2 
             Execution mode: vectorized, llap
             Reduce Operator Tree:
diff --git a/ql/src/test/results/clientpositive/llap/subq.q.out b/ql/src/test/results/clientpositive/llap/subq.q.out
index b68571b6e9..6c2d37b928 100644
--- a/ql/src/test/results/clientpositive/llap/subq.q.out
+++ b/ql/src/test/results/clientpositive/llap/subq.q.out
@@ -45,7 +45,7 @@ STAGE PLANS:
                             output format: org.apache.hadoop.hive.ql.io.HiveIgnoreKeyTextOutputFormat
                             serde: org.apache.hadoop.hive.serde2.lazy.LazySimpleSerDe
             Execution mode: vectorized, llap
-            LLAP IO: no inputs
+            LLAP IO: all inputs
 
   Stage: Stage-2
     Dependency Collection
diff --git a/ql/src/test/results/clientpositive/llap/subq2.q.out b/ql/src/test/results/clientpositive/llap/subq2.q.out
index edf93e17ee..480a669014 100644
--- a/ql/src/test/results/clientpositive/llap/subq2.q.out
+++ b/ql/src/test/results/clientpositive/llap/subq2.q.out
@@ -48,7 +48,7 @@ STAGE PLANS:
                         Statistics: Num rows: 83 Data size: 7885 Basic stats: COMPLETE Column stats: COMPLETE
                         value expressions: _col1 (type: bigint)
             Execution mode: vectorized, llap
-            LLAP IO: no inputs
+            LLAP IO: all inputs
         Reducer 2 
             Execution mode: vectorized, llap
             Reduce Operator Tree:
diff --git a/ql/src/test/results/clientpositive/llap/subq_where_serialization.q.out b/ql/src/test/results/clientpositive/llap/subq_where_serialization.q.out
index bb3084386c..0f79bc6ba3 100644
--- a/ql/src/test/results/clientpositive/llap/subq_where_serialization.q.out
+++ b/ql/src/test/results/clientpositive/llap/subq_where_serialization.q.out
@@ -49,7 +49,7 @@ STAGE PLANS:
                               output format: org.apache.hadoop.hive.ql.io.HiveSequenceFileOutputFormat
                               serde: org.apache.hadoop.hive.serde2.lazy.LazySimpleSerDe
             Execution mode: vectorized, llap
-            LLAP IO: no inputs
+            LLAP IO: all inputs
         Map 2 
             Map Operator Tree:
                 TableScan
@@ -76,7 +76,7 @@ STAGE PLANS:
                           Map-reduce partition columns: _col0 (type: string)
                           Statistics: Num rows: 250 Data size: 21750 Basic stats: COMPLETE Column stats: COMPLETE
             Execution mode: vectorized, llap
-            LLAP IO: no inputs
+            LLAP IO: all inputs
 
   Stage: Stage-0
     Fetch Operator
diff --git a/ql/src/test/results/clientpositive/llap/subquery_ALL.q.out b/ql/src/test/results/clientpositive/llap/subquery_ALL.q.out
index 3f548d7b2a..86c85caa19 100644
--- a/ql/src/test/results/clientpositive/llap/subquery_ALL.q.out
+++ b/ql/src/test/results/clientpositive/llap/subquery_ALL.q.out
@@ -113,7 +113,7 @@ STAGE PLANS:
                         Statistics: Num rows: 1 Data size: 16 Basic stats: COMPLETE Column stats: COMPLETE
                         value expressions: _col0 (type: bigint), _col1 (type: bigint)
             Execution mode: vectorized, llap
-            LLAP IO: no inputs
+            LLAP IO: all inputs
         Reducer 2 
             Execution mode: llap
             Reduce Operator Tree:
@@ -563,7 +563,7 @@ STAGE PLANS:
                         Statistics: Num rows: 1 Data size: 20 Basic stats: COMPLETE Column stats: COMPLETE
                         value expressions: _col0 (type: int), _col1 (type: bigint), _col2 (type: bigint)
             Execution mode: vectorized, llap
-            LLAP IO: no inputs
+            LLAP IO: all inputs
         Reducer 2 
             Execution mode: llap
             Reduce Operator Tree:
diff --git a/ql/src/test/results/clientpositive/llap/subquery_ANY.q.out b/ql/src/test/results/clientpositive/llap/subquery_ANY.q.out
index 2797890058..f7df5e7f68 100644
--- a/ql/src/test/results/clientpositive/llap/subquery_ANY.q.out
+++ b/ql/src/test/results/clientpositive/llap/subquery_ANY.q.out
@@ -659,7 +659,7 @@ STAGE PLANS:
                         Statistics: Num rows: 13 Data size: 1612 Basic stats: COMPLETE Column stats: COMPLETE
                         value expressions: _col1 (type: int), _col2 (type: bigint), _col3 (type: bigint)
             Execution mode: vectorized, llap
-            LLAP IO: no inputs
+            LLAP IO: all inputs
         Reducer 2 
             Execution mode: llap
             Reduce Operator Tree:
@@ -776,7 +776,7 @@ STAGE PLANS:
                         Statistics: Num rows: 13 Data size: 1612 Basic stats: COMPLETE Column stats: COMPLETE
                         value expressions: _col1 (type: int), _col2 (type: bigint), _col3 (type: bigint)
             Execution mode: vectorized, llap
-            LLAP IO: no inputs
+            LLAP IO: all inputs
         Reducer 2 
             Execution mode: llap
             Reduce Operator Tree:
@@ -915,7 +915,7 @@ STAGE PLANS:
                         Statistics: Num rows: 1 Data size: 124 Basic stats: COMPLETE Column stats: COMPLETE
                         value expressions: _col1 (type: int), _col2 (type: bigint), _col3 (type: bigint)
             Execution mode: vectorized, llap
-            LLAP IO: no inputs
+            LLAP IO: all inputs
         Reducer 2 
             Execution mode: llap
             Reduce Operator Tree:
@@ -1054,7 +1054,7 @@ STAGE PLANS:
                         Statistics: Num rows: 13 Data size: 1612 Basic stats: COMPLETE Column stats: COMPLETE
                         value expressions: _col1 (type: int), _col2 (type: bigint), _col3 (type: bigint)
             Execution mode: vectorized, llap
-            LLAP IO: no inputs
+            LLAP IO: all inputs
         Reducer 2 
             Execution mode: llap
             Reduce Operator Tree:
@@ -1178,7 +1178,7 @@ STAGE PLANS:
                       Statistics: Num rows: 26 Data size: 208 Basic stats: COMPLETE Column stats: COMPLETE
                       value expressions: _col1 (type: int)
             Execution mode: vectorized, llap
-            LLAP IO: no inputs
+            LLAP IO: all inputs
         Map 3 
             Map Operator Tree:
                 TableScan
@@ -1207,7 +1207,7 @@ STAGE PLANS:
                           Statistics: Num rows: 13 Data size: 312 Basic stats: COMPLETE Column stats: COMPLETE
                           value expressions: _col1 (type: int), _col2 (type: bigint), _col3 (type: bigint)
             Execution mode: vectorized, llap
-            LLAP IO: no inputs
+            LLAP IO: all inputs
         Reducer 2 
             Execution mode: llap
             Reduce Operator Tree:
@@ -1348,7 +1348,7 @@ STAGE PLANS:
                         Statistics: Num rows: 13 Data size: 1456 Basic stats: COMPLETE Column stats: COMPLETE
                         value expressions: _col2 (type: int)
             Execution mode: vectorized, llap
-            LLAP IO: no inputs
+            LLAP IO: all inputs
         Reducer 2 
             Execution mode: llap
             Reduce Operator Tree:
@@ -1489,7 +1489,7 @@ STAGE PLANS:
                         Statistics: Num rows: 25 Data size: 15475 Basic stats: COMPLETE Column stats: COMPLETE
                         value expressions: _col0 (type: int), _col2 (type: string), _col3 (type: string), _col5 (type: int), _col6 (type: string), _col7 (type: double), _col8 (type: string)
             Execution mode: vectorized, llap
-            LLAP IO: no inputs
+            LLAP IO: all inputs
         Map 3 
             Map Operator Tree:
                 TableScan
@@ -1528,7 +1528,7 @@ STAGE PLANS:
                         Statistics: Num rows: 13 Data size: 1612 Basic stats: COMPLETE Column stats: COMPLETE
                         value expressions: _col1 (type: int), _col2 (type: bigint), _col3 (type: bigint)
             Execution mode: vectorized, llap
-            LLAP IO: no inputs
+            LLAP IO: all inputs
         Reducer 2 
             Execution mode: llap
             Reduce Operator Tree:
@@ -1689,7 +1689,7 @@ STAGE PLANS:
                         Statistics: Num rows: 25 Data size: 15475 Basic stats: COMPLETE Column stats: COMPLETE
                         value expressions: _col0 (type: int), _col2 (type: string), _col3 (type: string), _col5 (type: int), _col6 (type: string), _col7 (type: double), _col8 (type: string)
             Execution mode: vectorized, llap
-            LLAP IO: no inputs
+            LLAP IO: all inputs
         Map 4 
             Map Operator Tree:
                 TableScan
@@ -1733,7 +1733,7 @@ STAGE PLANS:
                         Statistics: Num rows: 13 Data size: 1612 Basic stats: COMPLETE Column stats: COMPLETE
                         value expressions: _col1 (type: int), _col2 (type: bigint), _col3 (type: bigint)
             Execution mode: vectorized, llap
-            LLAP IO: no inputs
+            LLAP IO: all inputs
         Reducer 2 
             Execution mode: llap
             Reduce Operator Tree:
diff --git a/ql/src/test/results/clientpositive/llap/subquery_alias.q.out b/ql/src/test/results/clientpositive/llap/subquery_alias.q.out
index c4411ab58b..2be5b37823 100644
--- a/ql/src/test/results/clientpositive/llap/subquery_alias.q.out
+++ b/ql/src/test/results/clientpositive/llap/subquery_alias.q.out
@@ -45,7 +45,7 @@ STAGE PLANS:
                             output format: org.apache.hadoop.hive.ql.io.HiveIgnoreKeyTextOutputFormat
                             serde: org.apache.hadoop.hive.serde2.lazy.LazySimpleSerDe
             Execution mode: vectorized, llap
-            LLAP IO: no inputs
+            LLAP IO: all inputs
 
   Stage: Stage-2
     Dependency Collection
diff --git a/ql/src/test/results/clientpositive/llap/subquery_corr.q.out b/ql/src/test/results/clientpositive/llap/subquery_corr.q.out
index fd11308e7d..35731ce2b2 100644
--- a/ql/src/test/results/clientpositive/llap/subquery_corr.q.out
+++ b/ql/src/test/results/clientpositive/llap/subquery_corr.q.out
@@ -39,7 +39,7 @@ STAGE PLANS:
                         Statistics: Num rows: 500 Data size: 89000 Basic stats: COMPLETE Column stats: COMPLETE
                         value expressions: _col1 (type: string)
             Execution mode: vectorized, llap
-            LLAP IO: no inputs
+            LLAP IO: all inputs
         Map 3 
             Map Operator Tree:
                 TableScan
@@ -67,7 +67,7 @@ STAGE PLANS:
                           Statistics: Num rows: 250 Data size: 44500 Basic stats: COMPLETE Column stats: COMPLETE
                           value expressions: _col1 (type: string)
             Execution mode: vectorized, llap
-            LLAP IO: no inputs
+            LLAP IO: all inputs
         Reducer 2 
             Execution mode: llap
             Reduce Operator Tree:
@@ -147,7 +147,7 @@ STAGE PLANS:
                         Statistics: Num rows: 500 Data size: 89000 Basic stats: COMPLETE Column stats: COMPLETE
                         value expressions: _col1 (type: string)
             Execution mode: vectorized, llap
-            LLAP IO: no inputs
+            LLAP IO: all inputs
         Map 3 
             Map Operator Tree:
                 TableScan
@@ -175,7 +175,7 @@ STAGE PLANS:
                           Statistics: Num rows: 250 Data size: 44500 Basic stats: COMPLETE Column stats: COMPLETE
                           value expressions: _col1 (type: string)
             Execution mode: vectorized, llap
-            LLAP IO: no inputs
+            LLAP IO: all inputs
         Reducer 2 
             Execution mode: llap
             Reduce Operator Tree:
@@ -755,7 +755,7 @@ STAGE PLANS:
                         Statistics: Num rows: 500 Data size: 89000 Basic stats: COMPLETE Column stats: COMPLETE
                         value expressions: _col1 (type: string)
             Execution mode: vectorized, llap
-            LLAP IO: no inputs
+            LLAP IO: all inputs
         Map 3 
             Map Operator Tree:
                 TableScan
@@ -783,7 +783,7 @@ STAGE PLANS:
                           Statistics: Num rows: 500 Data size: 132500 Basic stats: COMPLETE Column stats: COMPLETE
                           value expressions: _col1 (type: string), _col2 (type: string)
             Execution mode: vectorized, llap
-            LLAP IO: no inputs
+            LLAP IO: all inputs
         Reducer 2 
             Execution mode: llap
             Reduce Operator Tree:
diff --git a/ql/src/test/results/clientpositive/llap/subquery_exists.q.out b/ql/src/test/results/clientpositive/llap/subquery_exists.q.out
index 22013c47e5..d5dc2f9219 100644
--- a/ql/src/test/results/clientpositive/llap/subquery_exists.q.out
+++ b/ql/src/test/results/clientpositive/llap/subquery_exists.q.out
@@ -52,7 +52,7 @@ STAGE PLANS:
                         Map-reduce partition columns: _col0 (type: string), _col1 (type: string)
                         Statistics: Num rows: 166 Data size: 29548 Basic stats: COMPLETE Column stats: COMPLETE
             Execution mode: vectorized, llap
-            LLAP IO: no inputs
+            LLAP IO: all inputs
         Map 3 
             Map Operator Tree:
                 TableScan
@@ -79,7 +79,7 @@ STAGE PLANS:
                           Map-reduce partition columns: _col0 (type: string), _col1 (type: string)
                           Statistics: Num rows: 83 Data size: 14774 Basic stats: COMPLETE Column stats: COMPLETE
             Execution mode: vectorized, llap
-            LLAP IO: no inputs
+            LLAP IO: all inputs
         Reducer 2 
             Execution mode: llap
             Reduce Operator Tree:
@@ -269,7 +269,7 @@ STAGE PLANS:
                         Statistics: Num rows: 500 Data size: 89000 Basic stats: COMPLETE Column stats: COMPLETE
                         value expressions: _col0 (type: string)
             Execution mode: vectorized, llap
-            LLAP IO: no inputs
+            LLAP IO: all inputs
         Map 3 
             Map Operator Tree:
                 TableScan
@@ -296,7 +296,7 @@ STAGE PLANS:
                           Map-reduce partition columns: _col0 (type: string)
                           Statistics: Num rows: 250 Data size: 22750 Basic stats: COMPLETE Column stats: COMPLETE
             Execution mode: vectorized, llap
-            LLAP IO: no inputs
+            LLAP IO: all inputs
         Reducer 2 
             Execution mode: llap
             Reduce Operator Tree:
@@ -390,7 +390,7 @@ STAGE PLANS:
                           Map-reduce partition columns: _col0 (type: boolean)
                           Statistics: Num rows: 1 Data size: 4 Basic stats: COMPLETE Column stats: COMPLETE
             Execution mode: vectorized, llap
-            LLAP IO: no inputs
+            LLAP IO: all inputs
         Reducer 2 
             Execution mode: llap
             Reduce Operator Tree:
@@ -1016,7 +1016,7 @@ STAGE PLANS:
                       Statistics: Num rows: 2 Data size: 8 Basic stats: COMPLETE Column stats: COMPLETE
                       value expressions: _col0 (type: int)
             Execution mode: vectorized, llap
-            LLAP IO: no inputs
+            LLAP IO: all inputs
         Map 3 
             Map Operator Tree:
                 TableScan
@@ -1181,7 +1181,7 @@ STAGE PLANS:
                         Statistics: Num rows: 3 Data size: 24 Basic stats: COMPLETE Column stats: COMPLETE
                         value expressions: _col1 (type: int)
             Execution mode: vectorized, llap
-            LLAP IO: no inputs
+            LLAP IO: all inputs
         Map 4 
             Map Operator Tree:
                 TableScan
@@ -1209,7 +1209,7 @@ STAGE PLANS:
                           Statistics: Num rows: 1 Data size: 8 Basic stats: COMPLETE Column stats: COMPLETE
                           value expressions: _col1 (type: int)
             Execution mode: vectorized, llap
-            LLAP IO: no inputs
+            LLAP IO: all inputs
         Reducer 2 
             Execution mode: llap
             Reduce Operator Tree:
@@ -1348,7 +1348,7 @@ STAGE PLANS:
                         Statistics: Num rows: 1 Data size: 8 Basic stats: COMPLETE Column stats: COMPLETE
                         value expressions: _col1 (type: int)
             Execution mode: vectorized, llap
-            LLAP IO: no inputs
+            LLAP IO: all inputs
         Map 3 
             Map Operator Tree:
                 TableScan
@@ -1376,7 +1376,7 @@ STAGE PLANS:
                           Statistics: Num rows: 1 Data size: 8 Basic stats: COMPLETE Column stats: COMPLETE
                           value expressions: _col1 (type: int)
             Execution mode: vectorized, llap
-            LLAP IO: no inputs
+            LLAP IO: all inputs
         Reducer 2 
             Execution mode: llap
             Reduce Operator Tree:
diff --git a/ql/src/test/results/clientpositive/llap/subquery_exists_having.q.out b/ql/src/test/results/clientpositive/llap/subquery_exists_having.q.out
index 9e5e354d3a..0bf4ac0176 100644
--- a/ql/src/test/results/clientpositive/llap/subquery_exists_having.q.out
+++ b/ql/src/test/results/clientpositive/llap/subquery_exists_having.q.out
@@ -78,7 +78,7 @@ STAGE PLANS:
                           Map-reduce partition columns: _col0 (type: string)
                           Statistics: Num rows: 83 Data size: 7221 Basic stats: COMPLETE Column stats: COMPLETE
             Execution mode: vectorized, llap
-            LLAP IO: no inputs
+            LLAP IO: all inputs
         Reducer 2 
             Execution mode: vectorized, llap
             Reduce Operator Tree:
@@ -228,7 +228,7 @@ STAGE PLANS:
                           Map-reduce partition columns: _col0 (type: string)
                           Statistics: Num rows: 83 Data size: 7221 Basic stats: COMPLETE Column stats: COMPLETE
             Execution mode: vectorized, llap
-            LLAP IO: no inputs
+            LLAP IO: all inputs
         Reducer 2 
             Execution mode: vectorized, llap
             Reduce Operator Tree:
diff --git a/ql/src/test/results/clientpositive/llap/subquery_in.q.out b/ql/src/test/results/clientpositive/llap/subquery_in.q.out
index 8ec86d045c..197ffed3f9 100644
--- a/ql/src/test/results/clientpositive/llap/subquery_in.q.out
+++ b/ql/src/test/results/clientpositive/llap/subquery_in.q.out
@@ -45,7 +45,7 @@ STAGE PLANS:
                         Statistics: Num rows: 166 Data size: 29548 Basic stats: COMPLETE Column stats: COMPLETE
                         value expressions: _col1 (type: string)
             Execution mode: vectorized, llap
-            LLAP IO: no inputs
+            LLAP IO: all inputs
         Map 3 
             Map Operator Tree:
                 TableScan
@@ -72,7 +72,7 @@ STAGE PLANS:
                           Map-reduce partition columns: _col0 (type: string)
                           Statistics: Num rows: 83 Data size: 7221 Basic stats: COMPLETE Column stats: COMPLETE
             Execution mode: vectorized, llap
-            LLAP IO: no inputs
+            LLAP IO: all inputs
         Reducer 2 
             Execution mode: llap
             Reduce Operator Tree:
@@ -175,7 +175,7 @@ STAGE PLANS:
                         Map-reduce partition columns: _col0 (type: string), _col1 (type: string)
                         Statistics: Num rows: 166 Data size: 29548 Basic stats: COMPLETE Column stats: COMPLETE
             Execution mode: vectorized, llap
-            LLAP IO: no inputs
+            LLAP IO: all inputs
         Map 3 
             Map Operator Tree:
                 TableScan
@@ -202,7 +202,7 @@ STAGE PLANS:
                           Map-reduce partition columns: _col0 (type: string), _col1 (type: string)
                           Statistics: Num rows: 83 Data size: 14774 Basic stats: COMPLETE Column stats: COMPLETE
             Execution mode: vectorized, llap
-            LLAP IO: no inputs
+            LLAP IO: all inputs
         Reducer 2 
             Execution mode: llap
             Reduce Operator Tree:
@@ -328,7 +328,7 @@ STAGE PLANS:
                       Map-reduce partition columns: p_mfgr (type: string)
                       Statistics: Num rows: 26 Data size: 2652 Basic stats: COMPLETE Column stats: COMPLETE
             Execution mode: vectorized, llap
-            LLAP IO: no inputs
+            LLAP IO: all inputs
         Reducer 2 
             Execution mode: llap
             Reduce Operator Tree:
@@ -514,7 +514,7 @@ STAGE PLANS:
                         Map-reduce partition columns: p_mfgr (type: string)
                         Statistics: Num rows: 26 Data size: 2652 Basic stats: COMPLETE Column stats: COMPLETE
             Execution mode: vectorized, llap
-            LLAP IO: no inputs
+            LLAP IO: all inputs
         Reducer 2 
             Execution mode: llap
             Reduce Operator Tree:
@@ -695,7 +695,7 @@ STAGE PLANS:
                         Map-reduce partition columns: _col0 (type: string), _col1 (type: string)
                         Statistics: Num rows: 166 Data size: 29548 Basic stats: COMPLETE Column stats: COMPLETE
             Execution mode: vectorized, llap
-            LLAP IO: no inputs
+            LLAP IO: all inputs
         Map 3 
             Map Operator Tree:
                 TableScan
@@ -722,7 +722,7 @@ STAGE PLANS:
                           Map-reduce partition columns: _col0 (type: string), _col1 (type: string)
                           Statistics: Num rows: 83 Data size: 14774 Basic stats: COMPLETE Column stats: COMPLETE
             Execution mode: vectorized, llap
-            LLAP IO: no inputs
+            LLAP IO: all inputs
         Reducer 2 
             Execution mode: llap
             Reduce Operator Tree:
@@ -850,7 +850,7 @@ STAGE PLANS:
                         Map-reduce partition columns: _col0 (type: string)
                         Statistics: Num rows: 83 Data size: 7221 Basic stats: COMPLETE Column stats: COMPLETE
             Execution mode: vectorized, llap
-            LLAP IO: no inputs
+            LLAP IO: all inputs
         Reducer 2 
             Execution mode: llap
             Reduce Operator Tree:
@@ -991,7 +991,7 @@ STAGE PLANS:
                         Map-reduce partition columns: _col0 (type: string), _col1 (type: string)
                         Statistics: Num rows: 250 Data size: 44500 Basic stats: COMPLETE Column stats: COMPLETE
             Execution mode: vectorized, llap
-            LLAP IO: no inputs
+            LLAP IO: all inputs
         Reducer 2 
             Execution mode: llap
             Reduce Operator Tree:
@@ -1156,7 +1156,7 @@ STAGE PLANS:
                           Map-reduce partition columns: _col0 (type: int)
                           Statistics: Num rows: 7 Data size: 28 Basic stats: COMPLETE Column stats: COMPLETE
             Execution mode: vectorized, llap
-            LLAP IO: no inputs
+            LLAP IO: all inputs
         Reducer 2 
             Execution mode: llap
             Reduce Operator Tree:
@@ -1321,7 +1321,7 @@ STAGE PLANS:
                         Statistics: Num rows: 50 Data size: 1000 Basic stats: COMPLETE Column stats: COMPLETE
                         value expressions: _col1 (type: double), _col2 (type: bigint)
             Execution mode: vectorized, llap
-            LLAP IO: no inputs
+            LLAP IO: all inputs
         Map 6 
             Map Operator Tree:
                 TableScan
@@ -1342,7 +1342,7 @@ STAGE PLANS:
                         Map-reduce partition columns: _col0 (type: int)
                         Statistics: Num rows: 26 Data size: 104 Basic stats: COMPLETE Column stats: COMPLETE
             Execution mode: vectorized, llap
-            LLAP IO: no inputs
+            LLAP IO: all inputs
         Reducer 2 
             Execution mode: llap
             Reduce Operator Tree:
@@ -1501,7 +1501,7 @@ STAGE PLANS:
                         Map-reduce partition columns: _col0 (type: string), _col1 (type: int)
                         Statistics: Num rows: 13 Data size: 1404 Basic stats: COMPLETE Column stats: COMPLETE
             Execution mode: vectorized, llap
-            LLAP IO: no inputs
+            LLAP IO: all inputs
         Reducer 2 
             Execution mode: llap
             Reduce Operator Tree:
@@ -1638,7 +1638,7 @@ STAGE PLANS:
                         Statistics: Num rows: 13 Data size: 1404 Basic stats: COMPLETE Column stats: COMPLETE
                         value expressions: _col1 (type: int)
             Execution mode: vectorized, llap
-            LLAP IO: no inputs
+            LLAP IO: all inputs
         Reducer 2 
             Execution mode: llap
             Reduce Operator Tree:
@@ -1773,7 +1773,7 @@ STAGE PLANS:
                         Statistics: Num rows: 13 Data size: 1404 Basic stats: COMPLETE Column stats: COMPLETE
                         value expressions: _col1 (type: int)
             Execution mode: vectorized, llap
-            LLAP IO: no inputs
+            LLAP IO: all inputs
         Reducer 2 
             Execution mode: llap
             Reduce Operator Tree:
@@ -1881,7 +1881,7 @@ STAGE PLANS:
                         Map-reduce partition columns: _col0 (type: string), (_col1 + 100) (type: int)
                         Statistics: Num rows: 26 Data size: 3250 Basic stats: COMPLETE Column stats: COMPLETE
             Execution mode: vectorized, llap
-            LLAP IO: no inputs
+            LLAP IO: all inputs
         Map 4 
             Map Operator Tree:
                 TableScan
@@ -1908,7 +1908,7 @@ STAGE PLANS:
                           Map-reduce partition columns: _col0 (type: string), _col1 (type: int)
                           Statistics: Num rows: 13 Data size: 1625 Basic stats: COMPLETE Column stats: COMPLETE
             Execution mode: vectorized, llap
-            LLAP IO: no inputs
+            LLAP IO: all inputs
         Reducer 2 
             Execution mode: llap
             Reduce Operator Tree:
@@ -2020,7 +2020,7 @@ STAGE PLANS:
                         Statistics: Num rows: 13 Data size: 1456 Basic stats: COMPLETE Column stats: COMPLETE
                         value expressions: _col1 (type: double)
             Execution mode: vectorized, llap
-            LLAP IO: no inputs
+            LLAP IO: all inputs
         Reducer 2 
             Execution mode: llap
             Reduce Operator Tree:
@@ -2152,7 +2152,7 @@ STAGE PLANS:
                         Statistics: Num rows: 26 Data size: 16094 Basic stats: COMPLETE Column stats: COMPLETE
                         value expressions: _col0 (type: int), _col2 (type: string), _col3 (type: string), _col4 (type: string), _col6 (type: string), _col7 (type: double), _col8 (type: string)
             Execution mode: vectorized, llap
-            LLAP IO: no inputs
+            LLAP IO: all inputs
         Map 3 
             Map Operator Tree:
                 TableScan
@@ -2179,7 +2179,7 @@ STAGE PLANS:
                           Map-reduce partition columns: _col0 (type: string), _col1 (type: int)
                           Statistics: Num rows: 6 Data size: 750 Basic stats: COMPLETE Column stats: COMPLETE
             Execution mode: vectorized, llap
-            LLAP IO: no inputs
+            LLAP IO: all inputs
         Reducer 2 
             Execution mode: llap
             Reduce Operator Tree:
@@ -2256,7 +2256,7 @@ STAGE PLANS:
                         Statistics: Num rows: 26 Data size: 16094 Basic stats: COMPLETE Column stats: COMPLETE
                         value expressions: _col2 (type: string), _col3 (type: string), _col4 (type: string), _col6 (type: string), _col7 (type: double), _col8 (type: string)
             Execution mode: vectorized, llap
-            LLAP IO: no inputs
+            LLAP IO: all inputs
         Map 3 
             Map Operator Tree:
                 TableScan
@@ -2283,7 +2283,7 @@ STAGE PLANS:
                           Map-reduce partition columns: _col0 (type: int), _col1 (type: string), _col2 (type: int)
                           Statistics: Num rows: 13 Data size: 1677 Basic stats: COMPLETE Column stats: COMPLETE
             Execution mode: vectorized, llap
-            LLAP IO: no inputs
+            LLAP IO: all inputs
         Reducer 2 
             Execution mode: llap
             Reduce Operator Tree:
@@ -2384,7 +2384,7 @@ STAGE PLANS:
                         Statistics: Num rows: 26 Data size: 8242 Basic stats: COMPLETE Column stats: COMPLETE
                         value expressions: _col0 (type: string)
             Execution mode: vectorized, llap
-            LLAP IO: no inputs
+            LLAP IO: all inputs
         Map 3 
             Map Operator Tree:
                 TableScan
@@ -2411,7 +2411,7 @@ STAGE PLANS:
                           Map-reduce partition columns: _col0 (type: string), _col1 (type: string)
                           Statistics: Num rows: 13 Data size: 2548 Basic stats: COMPLETE Column stats: COMPLETE
             Execution mode: vectorized, llap
-            LLAP IO: no inputs
+            LLAP IO: all inputs
         Reducer 2 
             Execution mode: llap
             Reduce Operator Tree:
@@ -2544,7 +2544,7 @@ STAGE PLANS:
                           Map-reduce partition columns: _col0 (type: int)
                           Statistics: Num rows: 13 Data size: 52 Basic stats: COMPLETE Column stats: COMPLETE
             Execution mode: vectorized, llap
-            LLAP IO: no inputs
+            LLAP IO: all inputs
         Reducer 2 
             Execution mode: llap
             Reduce Operator Tree:
@@ -2708,7 +2708,7 @@ STAGE PLANS:
                           Statistics: Num rows: 1 Data size: 12 Basic stats: COMPLETE Column stats: COMPLETE
                           value expressions: _col1 (type: bigint)
             Execution mode: vectorized, llap
-            LLAP IO: no inputs
+            LLAP IO: all inputs
         Map 6 
             Map Operator Tree:
                 TableScan
@@ -2735,7 +2735,7 @@ STAGE PLANS:
                           Map-reduce partition columns: _col0 (type: string)
                           Statistics: Num rows: 250 Data size: 22750 Basic stats: COMPLETE Column stats: COMPLETE
             Execution mode: vectorized, llap
-            LLAP IO: no inputs
+            LLAP IO: all inputs
         Reducer 2 
             Execution mode: llap
             Reduce Operator Tree:
@@ -2932,7 +2932,7 @@ STAGE PLANS:
                           Statistics: Num rows: 1 Data size: 12 Basic stats: COMPLETE Column stats: COMPLETE
                           value expressions: _col1 (type: bigint)
             Execution mode: vectorized, llap
-            LLAP IO: no inputs
+            LLAP IO: all inputs
         Map 6 
             Map Operator Tree:
                 TableScan
@@ -2959,7 +2959,7 @@ STAGE PLANS:
                           Map-reduce partition columns: _col0 (type: string), _col1 (type: string)
                           Statistics: Num rows: 250 Data size: 44500 Basic stats: COMPLETE Column stats: COMPLETE
             Execution mode: vectorized, llap
-            LLAP IO: no inputs
+            LLAP IO: all inputs
         Reducer 2 
             Execution mode: llap
             Reduce Operator Tree:
@@ -3154,7 +3154,7 @@ STAGE PLANS:
                         Statistics: Num rows: 13 Data size: 1404 Basic stats: COMPLETE Column stats: COMPLETE
                         value expressions: _col1 (type: int)
             Execution mode: vectorized, llap
-            LLAP IO: no inputs
+            LLAP IO: all inputs
         Reducer 2 
             Execution mode: llap
             Reduce Operator Tree:
@@ -3303,7 +3303,7 @@ STAGE PLANS:
                         Statistics: Num rows: 13 Data size: 1404 Basic stats: COMPLETE Column stats: COMPLETE
                         value expressions: _col1 (type: int)
             Execution mode: vectorized, llap
-            LLAP IO: no inputs
+            LLAP IO: all inputs
         Reducer 2 
             Execution mode: llap
             Reduce Operator Tree:
@@ -3440,7 +3440,7 @@ STAGE PLANS:
                         Statistics: Num rows: 500 Data size: 89000 Basic stats: COMPLETE Column stats: COMPLETE
                         value expressions: _col1 (type: string)
             Execution mode: vectorized, llap
-            LLAP IO: no inputs
+            LLAP IO: all inputs
         Map 3 
             Map Operator Tree:
                 TableScan
@@ -3467,7 +3467,7 @@ STAGE PLANS:
                           Map-reduce partition columns: _col0 (type: string)
                           Statistics: Num rows: 25 Data size: 3025 Basic stats: COMPLETE Column stats: COMPLETE
             Execution mode: vectorized, llap
-            LLAP IO: no inputs
+            LLAP IO: all inputs
         Map 5 
             Map Operator Tree:
                 TableScan
@@ -3494,7 +3494,7 @@ STAGE PLANS:
                           Map-reduce partition columns: _col0 (type: string)
                           Statistics: Num rows: 25 Data size: 3025 Basic stats: COMPLETE Column stats: COMPLETE
             Execution mode: vectorized, llap
-            LLAP IO: no inputs
+            LLAP IO: all inputs
         Reducer 2 
             Execution mode: llap
             Reduce Operator Tree:
@@ -3576,7 +3576,7 @@ STAGE PLANS:
                         Statistics: Num rows: 26 Data size: 5798 Basic stats: COMPLETE Column stats: COMPLETE
                         value expressions: _col2 (type: int)
             Execution mode: vectorized, llap
-            LLAP IO: no inputs
+            LLAP IO: all inputs
         Map 4 
             Map Operator Tree:
                 TableScan
@@ -3603,7 +3603,7 @@ STAGE PLANS:
                           Map-reduce partition columns: _col0 (type: string), _col1 (type: string)
                           Statistics: Num rows: 2 Data size: 438 Basic stats: COMPLETE Column stats: COMPLETE
             Execution mode: vectorized, llap
-            LLAP IO: no inputs
+            LLAP IO: all inputs
         Reducer 2 
             Execution mode: llap
             Reduce Operator Tree:
@@ -3720,7 +3720,7 @@ STAGE PLANS:
                         Statistics: Num rows: 26 Data size: 5850 Basic stats: COMPLETE Column stats: COMPLETE
                         value expressions: _col0 (type: string)
             Execution mode: vectorized, llap
-            LLAP IO: no inputs
+            LLAP IO: all inputs
         Map 4 
             Map Operator Tree:
                 TableScan
@@ -3742,7 +3742,7 @@ STAGE PLANS:
                         Statistics: Num rows: 26 Data size: 2808 Basic stats: COMPLETE Column stats: COMPLETE
                         value expressions: _col1 (type: int)
             Execution mode: vectorized, llap
-            LLAP IO: no inputs
+            LLAP IO: all inputs
         Reducer 2 
             Execution mode: llap
             Reduce Operator Tree:
@@ -3887,7 +3887,7 @@ STAGE PLANS:
                         Statistics: Num rows: 26 Data size: 5850 Basic stats: COMPLETE Column stats: COMPLETE
                         value expressions: _col0 (type: string)
             Execution mode: vectorized, llap
-            LLAP IO: no inputs
+            LLAP IO: all inputs
         Map 4 
             Map Operator Tree:
                 TableScan
@@ -3909,7 +3909,7 @@ STAGE PLANS:
                         Statistics: Num rows: 26 Data size: 2808 Basic stats: COMPLETE Column stats: COMPLETE
                         value expressions: _col1 (type: int)
             Execution mode: vectorized, llap
-            LLAP IO: no inputs
+            LLAP IO: all inputs
         Reducer 2 
             Execution mode: llap
             Reduce Operator Tree:
@@ -4056,7 +4056,7 @@ STAGE PLANS:
                         Statistics: Num rows: 26 Data size: 5850 Basic stats: COMPLETE Column stats: COMPLETE
                         value expressions: _col0 (type: string)
             Execution mode: vectorized, llap
-            LLAP IO: no inputs
+            LLAP IO: all inputs
         Map 4 
             Map Operator Tree:
                 TableScan
@@ -4078,7 +4078,7 @@ STAGE PLANS:
                         Statistics: Num rows: 26 Data size: 2808 Basic stats: COMPLETE Column stats: COMPLETE
                         value expressions: _col1 (type: int)
             Execution mode: vectorized, llap
-            LLAP IO: no inputs
+            LLAP IO: all inputs
         Reducer 2 
             Execution mode: llap
             Reduce Operator Tree:
@@ -4189,7 +4189,7 @@ STAGE PLANS:
                         Statistics: Num rows: 26 Data size: 5850 Basic stats: COMPLETE Column stats: COMPLETE
                         value expressions: _col0 (type: string)
             Execution mode: vectorized, llap
-            LLAP IO: no inputs
+            LLAP IO: all inputs
         Map 4 
             Map Operator Tree:
                 TableScan
@@ -4211,7 +4211,7 @@ STAGE PLANS:
                         Statistics: Num rows: 26 Data size: 2808 Basic stats: COMPLETE Column stats: COMPLETE
                         value expressions: _col1 (type: int)
             Execution mode: vectorized, llap
-            LLAP IO: no inputs
+            LLAP IO: all inputs
         Reducer 2 
             Execution mode: llap
             Reduce Operator Tree:
@@ -4373,7 +4373,7 @@ STAGE PLANS:
                         Statistics: Num rows: 13 Data size: 1456 Basic stats: COMPLETE Column stats: COMPLETE
                         value expressions: _col1 (type: bigint)
             Execution mode: vectorized, llap
-            LLAP IO: no inputs
+            LLAP IO: all inputs
         Reducer 2 
             Execution mode: llap
             Reduce Operator Tree:
@@ -4539,7 +4539,7 @@ STAGE PLANS:
                         Statistics: Num rows: 13 Data size: 260 Basic stats: COMPLETE Column stats: COMPLETE
                         value expressions: _col1 (type: bigint), _col2 (type: bigint)
             Execution mode: vectorized, llap
-            LLAP IO: no inputs
+            LLAP IO: all inputs
         Reducer 2 
             Execution mode: llap
             Reduce Operator Tree:
@@ -4699,7 +4699,7 @@ STAGE PLANS:
                         Map-reduce partition columns: _col0 (type: int)
                         Statistics: Num rows: 13 Data size: 52 Basic stats: COMPLETE Column stats: COMPLETE
             Execution mode: vectorized, llap
-            LLAP IO: no inputs
+            LLAP IO: all inputs
         Reducer 2 
             Execution mode: llap
             Reduce Operator Tree:
@@ -4889,7 +4889,7 @@ STAGE PLANS:
                         Statistics: Num rows: 13 Data size: 1456 Basic stats: COMPLETE Column stats: COMPLETE
                         value expressions: _col1 (type: bigint)
             Execution mode: vectorized, llap
-            LLAP IO: no inputs
+            LLAP IO: all inputs
         Reducer 2 
             Execution mode: llap
             Reduce Operator Tree:
@@ -5135,7 +5135,7 @@ STAGE PLANS:
                         Statistics: Num rows: 13 Data size: 260 Basic stats: COMPLETE Column stats: COMPLETE
                         value expressions: _col1 (type: bigint), _col2 (type: bigint)
             Execution mode: vectorized, llap
-            LLAP IO: no inputs
+            LLAP IO: all inputs
         Reducer 2 
             Execution mode: llap
             Reduce Operator Tree:
@@ -5358,7 +5358,7 @@ STAGE PLANS:
                         Statistics: Num rows: 2 Data size: 8 Basic stats: COMPLETE Column stats: COMPLETE
                         value expressions: _col0 (type: int)
             Execution mode: vectorized, llap
-            LLAP IO: no inputs
+            LLAP IO: all inputs
         Map 3 
             Map Operator Tree:
                 TableScan
@@ -5378,7 +5378,7 @@ STAGE PLANS:
                         Statistics: Num rows: 1 Data size: 8 Basic stats: PARTIAL Column stats: COMPLETE
                         value expressions: _col0 (type: bigint)
             Execution mode: vectorized, llap
-            LLAP IO: no inputs
+            LLAP IO: all inputs
         Reducer 2 
             Execution mode: llap
             Reduce Operator Tree:
@@ -5583,7 +5583,7 @@ STAGE PLANS:
                         Statistics: Num rows: 2 Data size: 16 Basic stats: COMPLETE Column stats: COMPLETE
                         value expressions: _col0 (type: int)
             Execution mode: vectorized, llap
-            LLAP IO: no inputs
+            LLAP IO: all inputs
         Map 3 
             Map Operator Tree:
                 TableScan
@@ -5608,7 +5608,7 @@ STAGE PLANS:
                         Statistics: Num rows: 1 Data size: 12 Basic stats: COMPLETE Column stats: COMPLETE
                         value expressions: _col1 (type: bigint)
             Execution mode: vectorized, llap
-            LLAP IO: no inputs
+            LLAP IO: all inputs
         Reducer 2 
             Execution mode: llap
             Reduce Operator Tree:
@@ -5756,7 +5756,7 @@ STAGE PLANS:
                         Map-reduce partition columns: _col0 (type: string)
                         Statistics: Num rows: 13 Data size: 1573 Basic stats: COMPLETE Column stats: COMPLETE
             Execution mode: vectorized, llap
-            LLAP IO: no inputs
+            LLAP IO: all inputs
         Reducer 2 
             Execution mode: llap
             Reduce Operator Tree:
@@ -5933,7 +5933,7 @@ STAGE PLANS:
                         Map-reduce partition columns: _col0 (type: string)
                         Statistics: Num rows: 13 Data size: 1352 Basic stats: COMPLETE Column stats: COMPLETE
             Execution mode: vectorized, llap
-            LLAP IO: no inputs
+            LLAP IO: all inputs
         Map 6 
             Map Operator Tree:
                 TableScan
@@ -5955,7 +5955,7 @@ STAGE PLANS:
                         Statistics: Num rows: 26 Data size: 2808 Basic stats: COMPLETE Column stats: COMPLETE
                         value expressions: _col1 (type: int)
             Execution mode: vectorized, llap
-            LLAP IO: no inputs
+            LLAP IO: all inputs
         Reducer 2 
             Execution mode: llap
             Reduce Operator Tree:
diff --git a/ql/src/test/results/clientpositive/llap/subquery_in_having.q.out b/ql/src/test/results/clientpositive/llap/subquery_in_having.q.out
index bf8c1974ab..68c9924454 100644
--- a/ql/src/test/results/clientpositive/llap/subquery_in_having.q.out
+++ b/ql/src/test/results/clientpositive/llap/subquery_in_having.q.out
@@ -109,7 +109,7 @@ STAGE PLANS:
                         Statistics: Num rows: 83 Data size: 7885 Basic stats: COMPLETE Column stats: COMPLETE
                         value expressions: _col1 (type: bigint)
             Execution mode: vectorized, llap
-            LLAP IO: no inputs
+            LLAP IO: all inputs
         Reducer 2 
             Execution mode: vectorized, llap
             Reduce Operator Tree:
@@ -307,7 +307,7 @@ STAGE PLANS:
                         Statistics: Num rows: 1 Data size: 188 Basic stats: COMPLETE Column stats: NONE
                         value expressions: _col1 (type: bigint), _col2 (type: bigint)
             Execution mode: vectorized, llap
-            LLAP IO: no inputs
+            LLAP IO: all inputs
         Map 3 
             Map Operator Tree:
                 TableScan
@@ -332,7 +332,7 @@ STAGE PLANS:
                         Statistics: Num rows: 1 Data size: 188 Basic stats: COMPLETE Column stats: NONE
                         value expressions: _col1 (type: int), _col2 (type: int)
             Execution mode: vectorized, llap
-            LLAP IO: no inputs
+            LLAP IO: all inputs
         Reducer 2 
             Reduce Operator Tree:
               Group By Operator
@@ -445,7 +445,7 @@ STAGE PLANS:
                         Statistics: Num rows: 1 Data size: 188 Basic stats: COMPLETE Column stats: NONE
                         value expressions: _col1 (type: bigint), _col2 (type: bigint)
             Execution mode: vectorized, llap
-            LLAP IO: no inputs
+            LLAP IO: all inputs
         Map 3 
             Map Operator Tree:
                 TableScan
@@ -470,7 +470,7 @@ STAGE PLANS:
                         Statistics: Num rows: 1 Data size: 188 Basic stats: COMPLETE Column stats: NONE
                         value expressions: _col1 (type: int), _col2 (type: int)
             Execution mode: vectorized, llap
-            LLAP IO: no inputs
+            LLAP IO: all inputs
         Reducer 2 
             Reduce Operator Tree:
               Group By Operator
@@ -634,7 +634,7 @@ STAGE PLANS:
                         Statistics: Num rows: 166 Data size: 29548 Basic stats: COMPLETE Column stats: COMPLETE
                         value expressions: _col1 (type: string)
             Execution mode: vectorized, llap
-            LLAP IO: no inputs
+            LLAP IO: all inputs
         Reducer 2 
             Execution mode: vectorized, llap
             Reduce Operator Tree:
@@ -852,7 +852,7 @@ STAGE PLANS:
                         Statistics: Num rows: 83 Data size: 7885 Basic stats: COMPLETE Column stats: COMPLETE
                         value expressions: _col1 (type: bigint)
             Execution mode: vectorized, llap
-            LLAP IO: no inputs
+            LLAP IO: all inputs
         Map 4 
             Map Operator Tree:
                 TableScan
@@ -891,7 +891,7 @@ STAGE PLANS:
                             Statistics: Num rows: 65 Data size: 12090 Basic stats: COMPLETE Column stats: COMPLETE
                             value expressions: _col2 (type: bigint)
             Execution mode: vectorized, llap
-            LLAP IO: no inputs
+            LLAP IO: all inputs
         Reducer 2 
             Execution mode: vectorized, llap
             Reduce Operator Tree:
@@ -1061,7 +1061,7 @@ STAGE PLANS:
                         Statistics: Num rows: 83 Data size: 7885 Basic stats: COMPLETE Column stats: COMPLETE
                         value expressions: _col1 (type: bigint)
             Execution mode: vectorized, llap
-            LLAP IO: no inputs
+            LLAP IO: all inputs
         Map 4 
             Map Operator Tree:
                 TableScan
@@ -1088,7 +1088,7 @@ STAGE PLANS:
                           Map-reduce partition columns: _col0 (type: string), _col1 (type: string)
                           Statistics: Num rows: 250 Data size: 44500 Basic stats: COMPLETE Column stats: COMPLETE
             Execution mode: vectorized, llap
-            LLAP IO: no inputs
+            LLAP IO: all inputs
         Reducer 2 
             Execution mode: vectorized, llap
             Reduce Operator Tree:
@@ -1533,7 +1533,7 @@ STAGE PLANS:
                     Statistics: Num rows: 1 Data size: 372 Basic stats: COMPLETE Column stats: NONE
                     value expressions: p_name (type: string)
             Execution mode: vectorized, llap
-            LLAP IO: no inputs
+            LLAP IO: all inputs
         Reducer 2 
             Execution mode: vectorized, llap
             Reduce Operator Tree:
@@ -1737,7 +1737,7 @@ STAGE PLANS:
                         Statistics: Num rows: 1 Data size: 368 Basic stats: COMPLETE Column stats: NONE
                         value expressions: _col0 (type: string), _col1 (type: string)
             Execution mode: llap
-            LLAP IO: no inputs
+            LLAP IO: all inputs
         Map 3 
             Map Operator Tree:
                 TableScan
@@ -1760,7 +1760,7 @@ STAGE PLANS:
                         Map-reduce partition columns: _col0 (type: string)
                         Statistics: Num rows: 1 Data size: 184 Basic stats: COMPLETE Column stats: NONE
             Execution mode: vectorized, llap
-            LLAP IO: no inputs
+            LLAP IO: all inputs
         Map 5 
             Map Operator Tree:
                 TableScan
@@ -1805,7 +1805,7 @@ STAGE PLANS:
                                 Map-reduce partition columns: _col0 (type: string)
                                 Statistics: Num rows: 1 Data size: 553 Basic stats: COMPLETE Column stats: NONE
             Execution mode: llap
-            LLAP IO: no inputs
+            LLAP IO: all inputs
         Reducer 2 
             Execution mode: vectorized, llap
             Reduce Operator Tree:
diff --git a/ql/src/test/results/clientpositive/llap/subquery_multi.q.out b/ql/src/test/results/clientpositive/llap/subquery_multi.q.out
index 996d4dc397..95539e5544 100644
--- a/ql/src/test/results/clientpositive/llap/subquery_multi.q.out
+++ b/ql/src/test/results/clientpositive/llap/subquery_multi.q.out
@@ -156,7 +156,7 @@ STAGE PLANS:
                           Map-reduce partition columns: _col0 (type: string)
                           Statistics: Num rows: 1 Data size: 184 Basic stats: COMPLETE Column stats: NONE
             Execution mode: vectorized, llap
-            LLAP IO: no inputs
+            LLAP IO: all inputs
         Reducer 2 
             Execution mode: llap
             Reduce Operator Tree:
@@ -340,7 +340,7 @@ STAGE PLANS:
                         Map-reduce partition columns: _col0 (type: string)
                         Statistics: Num rows: 1 Data size: 184 Basic stats: COMPLETE Column stats: NONE
             Execution mode: vectorized, llap
-            LLAP IO: no inputs
+            LLAP IO: all inputs
         Reducer 2 
             Execution mode: llap
             Reduce Operator Tree:
@@ -558,7 +558,7 @@ STAGE PLANS:
                         Map-reduce partition columns: _col0 (type: string)
                         Statistics: Num rows: 1 Data size: 184 Basic stats: COMPLETE Column stats: NONE
             Execution mode: vectorized, llap
-            LLAP IO: no inputs
+            LLAP IO: all inputs
         Reducer 2 
             Execution mode: llap
             Reduce Operator Tree:
@@ -802,7 +802,7 @@ STAGE PLANS:
                         Map-reduce partition columns: _col0 (type: string)
                         Statistics: Num rows: 1 Data size: 184 Basic stats: COMPLETE Column stats: NONE
             Execution mode: vectorized, llap
-            LLAP IO: no inputs
+            LLAP IO: all inputs
         Reducer 2 
             Execution mode: llap
             Reduce Operator Tree:
@@ -993,7 +993,7 @@ STAGE PLANS:
                           Map-reduce partition columns: _col0 (type: string)
                           Statistics: Num rows: 1 Data size: 184 Basic stats: COMPLETE Column stats: NONE
             Execution mode: vectorized, llap
-            LLAP IO: no inputs
+            LLAP IO: all inputs
         Map 5 
             Map Operator Tree:
                 TableScan
@@ -1030,7 +1030,7 @@ STAGE PLANS:
                         Statistics: Num rows: 1 Data size: 102 Basic stats: COMPLETE Column stats: NONE
                         value expressions: _col0 (type: bigint), _col1 (type: bigint)
             Execution mode: vectorized, llap
-            LLAP IO: no inputs
+            LLAP IO: all inputs
         Reducer 2 
             Execution mode: llap
             Reduce Operator Tree:
@@ -1230,7 +1230,7 @@ STAGE PLANS:
                         Map-reduce partition columns: _col0 (type: string)
                         Statistics: Num rows: 1 Data size: 184 Basic stats: COMPLETE Column stats: NONE
             Execution mode: vectorized, llap
-            LLAP IO: no inputs
+            LLAP IO: all inputs
         Map 5 
             Map Operator Tree:
                 TableScan
@@ -1251,7 +1251,7 @@ STAGE PLANS:
                         Map-reduce partition columns: _col0 (type: boolean)
                         Statistics: Num rows: 1 Data size: 4 Basic stats: COMPLETE Column stats: COMPLETE
             Execution mode: vectorized, llap
-            LLAP IO: no inputs
+            LLAP IO: all inputs
         Reducer 2 
             Execution mode: llap
             Reduce Operator Tree:
@@ -1417,7 +1417,7 @@ STAGE PLANS:
                         Map-reduce partition columns: _col0 (type: int)
                         Statistics: Num rows: 1 Data size: 4 Basic stats: COMPLETE Column stats: NONE
             Execution mode: vectorized, llap
-            LLAP IO: no inputs
+            LLAP IO: all inputs
         Map 5 
             Map Operator Tree:
                 TableScan
@@ -1438,7 +1438,7 @@ STAGE PLANS:
                         Map-reduce partition columns: _col0 (type: boolean)
                         Statistics: Num rows: 1 Data size: 0 Basic stats: PARTIAL Column stats: COMPLETE
             Execution mode: vectorized, llap
-            LLAP IO: no inputs
+            LLAP IO: all inputs
         Reducer 2 
             Execution mode: llap
             Reduce Operator Tree:
@@ -1578,7 +1578,7 @@ STAGE PLANS:
                         Map-reduce partition columns: _col0 (type: string)
                         Statistics: Num rows: 1 Data size: 184 Basic stats: COMPLETE Column stats: NONE
             Execution mode: vectorized, llap
-            LLAP IO: no inputs
+            LLAP IO: all inputs
         Map 5 
             Map Operator Tree:
                 TableScan
@@ -1599,7 +1599,7 @@ STAGE PLANS:
                         Map-reduce partition columns: _col0 (type: boolean)
                         Statistics: Num rows: 1 Data size: 0 Basic stats: PARTIAL Column stats: COMPLETE
             Execution mode: vectorized, llap
-            LLAP IO: no inputs
+            LLAP IO: all inputs
         Reducer 2 
             Execution mode: llap
             Reduce Operator Tree:
@@ -1805,7 +1805,7 @@ STAGE PLANS:
                         Statistics: Num rows: 1 Data size: 1120 Basic stats: COMPLETE Column stats: NONE
                         value expressions: _col0 (type: int), _col2 (type: string), _col3 (type: string), _col5 (type: int), _col6 (type: string), _col7 (type: double), _col8 (type: string)
             Execution mode: vectorized, llap
-            LLAP IO: no inputs
+            LLAP IO: all inputs
         Map 10 
             Map Operator Tree:
                 TableScan
@@ -1838,7 +1838,7 @@ STAGE PLANS:
                           Map-reduce partition columns: _col0 (type: string), _col1 (type: string)
                           Statistics: Num rows: 13 Data size: 2548 Basic stats: COMPLETE Column stats: COMPLETE
             Execution mode: vectorized, llap
-            LLAP IO: no inputs
+            LLAP IO: all inputs
         Map 5 
             Map Operator Tree:
                 TableScan
@@ -1893,7 +1893,7 @@ STAGE PLANS:
                         Statistics: Num rows: 26 Data size: 7488 Basic stats: COMPLETE Column stats: COMPLETE
                         value expressions: _col2 (type: string)
             Execution mode: vectorized, llap
-            LLAP IO: no inputs
+            LLAP IO: all inputs
         Reducer 2 
             Execution mode: llap
             Reduce Operator Tree:
@@ -2130,7 +2130,7 @@ STAGE PLANS:
                         Statistics: Num rows: 1 Data size: 1120 Basic stats: COMPLETE Column stats: NONE
                         value expressions: _col0 (type: int), _col2 (type: string), _col3 (type: string), _col4 (type: string), _col5 (type: int), _col6 (type: string), _col7 (type: double), _col8 (type: string)
             Execution mode: vectorized, llap
-            LLAP IO: no inputs
+            LLAP IO: all inputs
         Map 4 
             Map Operator Tree:
                 TableScan
@@ -2172,7 +2172,7 @@ STAGE PLANS:
                           Map-reduce partition columns: _col0 (type: string), _col1 (type: string)
                           Statistics: Num rows: 13 Data size: 2548 Basic stats: COMPLETE Column stats: COMPLETE
             Execution mode: vectorized, llap
-            LLAP IO: no inputs
+            LLAP IO: all inputs
         Reducer 2 
             Execution mode: llap
             Reduce Operator Tree:
@@ -2315,7 +2315,7 @@ STAGE PLANS:
                         Statistics: Num rows: 1 Data size: 1120 Basic stats: COMPLETE Column stats: NONE
                         value expressions: _col0 (type: int), _col2 (type: string), _col3 (type: string), _col5 (type: int), _col7 (type: double), _col8 (type: string)
             Execution mode: vectorized, llap
-            LLAP IO: no inputs
+            LLAP IO: all inputs
         Map 10 
             Map Operator Tree:
                 TableScan
@@ -2348,7 +2348,7 @@ STAGE PLANS:
                           Map-reduce partition columns: _col0 (type: string), _col1 (type: string)
                           Statistics: Num rows: 13 Data size: 2548 Basic stats: COMPLETE Column stats: COMPLETE
             Execution mode: vectorized, llap
-            LLAP IO: no inputs
+            LLAP IO: all inputs
         Map 5 
             Map Operator Tree:
                 TableScan
@@ -2403,7 +2403,7 @@ STAGE PLANS:
                         Statistics: Num rows: 26 Data size: 7488 Basic stats: COMPLETE Column stats: COMPLETE
                         value expressions: _col2 (type: string)
             Execution mode: vectorized, llap
-            LLAP IO: no inputs
+            LLAP IO: all inputs
         Reducer 2 
             Execution mode: llap
             Reduce Operator Tree:
@@ -2638,7 +2638,7 @@ STAGE PLANS:
                         Statistics: Num rows: 1 Data size: 1120 Basic stats: COMPLETE Column stats: NONE
                         value expressions: _col0 (type: int), _col2 (type: string), _col3 (type: string), _col5 (type: int), _col6 (type: string), _col7 (type: double), _col8 (type: string)
             Execution mode: vectorized, llap
-            LLAP IO: no inputs
+            LLAP IO: all inputs
         Map 5 
             Map Operator Tree:
                 TableScan
@@ -2697,7 +2697,7 @@ STAGE PLANS:
                         Map-reduce partition columns: _col0 (type: string), _col1 (type: int)
                         Statistics: Num rows: 13 Data size: 1404 Basic stats: COMPLETE Column stats: COMPLETE
             Execution mode: vectorized, llap
-            LLAP IO: no inputs
+            LLAP IO: all inputs
         Reducer 2 
             Execution mode: llap
             Reduce Operator Tree:
@@ -2881,7 +2881,7 @@ STAGE PLANS:
                         Statistics: Num rows: 1 Data size: 1120 Basic stats: COMPLETE Column stats: NONE
                         value expressions: _col0 (type: int), _col2 (type: string), _col3 (type: string), _col5 (type: int), _col6 (type: string), _col7 (type: double), _col8 (type: string)
             Execution mode: vectorized, llap
-            LLAP IO: no inputs
+            LLAP IO: all inputs
         Map 3 
             Map Operator Tree:
                 TableScan
@@ -2903,7 +2903,7 @@ STAGE PLANS:
                         Statistics: Num rows: 26 Data size: 8242 Basic stats: COMPLETE Column stats: COMPLETE
                         value expressions: _col0 (type: string)
             Execution mode: vectorized, llap
-            LLAP IO: no inputs
+            LLAP IO: all inputs
         Map 5 
             Map Operator Tree:
                 TableScan
@@ -2930,7 +2930,7 @@ STAGE PLANS:
                           Map-reduce partition columns: _col0 (type: string), _col1 (type: string)
                           Statistics: Num rows: 13 Data size: 2548 Basic stats: COMPLETE Column stats: COMPLETE
             Execution mode: vectorized, llap
-            LLAP IO: no inputs
+            LLAP IO: all inputs
         Reducer 2 
             Execution mode: llap
             Reduce Operator Tree:
@@ -3099,7 +3099,7 @@ STAGE PLANS:
                         Statistics: Num rows: 1 Data size: 16 Basic stats: COMPLETE Column stats: COMPLETE
                         value expressions: _col0 (type: double), _col1 (type: bigint)
             Execution mode: vectorized, llap
-            LLAP IO: no inputs
+            LLAP IO: all inputs
         Map 7 
             Map Operator Tree:
                 TableScan
@@ -3126,7 +3126,7 @@ STAGE PLANS:
                           Map-reduce partition columns: _col0 (type: int)
                           Statistics: Num rows: 50 Data size: 200 Basic stats: COMPLETE Column stats: COMPLETE
             Execution mode: vectorized, llap
-            LLAP IO: no inputs
+            LLAP IO: all inputs
         Reducer 2 
             Execution mode: llap
             Reduce Operator Tree:
@@ -3349,7 +3349,7 @@ STAGE PLANS:
                         Statistics: Num rows: 166 Data size: 29548 Basic stats: COMPLETE Column stats: COMPLETE
                         value expressions: _col0 (type: string)
             Execution mode: vectorized, llap
-            LLAP IO: no inputs
+            LLAP IO: all inputs
         Map 7 
             Map Operator Tree:
                 TableScan
@@ -3395,7 +3395,7 @@ STAGE PLANS:
                           Map-reduce partition columns: _col0 (type: string)
                           Statistics: Num rows: 250 Data size: 22750 Basic stats: COMPLETE Column stats: COMPLETE
             Execution mode: vectorized, llap
-            LLAP IO: no inputs
+            LLAP IO: all inputs
         Reducer 2 
             Execution mode: llap
             Reduce Operator Tree:
@@ -3908,7 +3908,7 @@ STAGE PLANS:
                         Map-reduce partition columns: _col0 (type: string)
                         Statistics: Num rows: 13 Data size: 1352 Basic stats: COMPLETE Column stats: COMPLETE
             Execution mode: vectorized, llap
-            LLAP IO: no inputs
+            LLAP IO: all inputs
         Reducer 2 
             Execution mode: llap
             Reduce Operator Tree:
@@ -4058,7 +4058,7 @@ STAGE PLANS:
                       Statistics: Num rows: 26 Data size: 16094 Basic stats: COMPLETE Column stats: COMPLETE
                       value expressions: _col0 (type: int), _col1 (type: string), _col2 (type: string), _col3 (type: string), _col4 (type: string), _col6 (type: string), _col7 (type: double), _col8 (type: string)
             Execution mode: vectorized, llap
-            LLAP IO: no inputs
+            LLAP IO: all inputs
         Map 4 
             Map Operator Tree:
                 TableScan
@@ -4095,7 +4095,7 @@ STAGE PLANS:
                         Statistics: Num rows: 1 Data size: 16 Basic stats: COMPLETE Column stats: COMPLETE
                         value expressions: _col0 (type: bigint), _col1 (type: bigint)
             Execution mode: vectorized, llap
-            LLAP IO: no inputs
+            LLAP IO: all inputs
         Reducer 2 
             Execution mode: llap
             Reduce Operator Tree:
@@ -4285,7 +4285,7 @@ STAGE PLANS:
                         Map-reduce partition columns: _col0 (type: boolean)
                         Statistics: Num rows: 1 Data size: 4 Basic stats: COMPLETE Column stats: COMPLETE
             Execution mode: vectorized, llap
-            LLAP IO: no inputs
+            LLAP IO: all inputs
         Reducer 2 
             Execution mode: llap
             Reduce Operator Tree:
@@ -4482,7 +4482,7 @@ STAGE PLANS:
                         Statistics: Num rows: 26 Data size: 16094 Basic stats: COMPLETE Column stats: COMPLETE
                         value expressions: _col0 (type: int), _col1 (type: string), _col2 (type: string), _col3 (type: string), _col5 (type: int), _col6 (type: string), _col7 (type: double), _col8 (type: string)
             Execution mode: vectorized, llap
-            LLAP IO: no inputs
+            LLAP IO: all inputs
         Map 4 
             Map Operator Tree:
                 TableScan
@@ -4510,7 +4510,7 @@ STAGE PLANS:
                           Statistics: Num rows: 13 Data size: 1456 Basic stats: COMPLETE Column stats: COMPLETE
                           value expressions: _col1 (type: double)
             Execution mode: vectorized, llap
-            LLAP IO: no inputs
+            LLAP IO: all inputs
         Map 5 
             Map Operator Tree:
                 TableScan
@@ -4533,7 +4533,7 @@ STAGE PLANS:
                         Map-reduce partition columns: _col0 (type: string)
                         Statistics: Num rows: 1 Data size: 184 Basic stats: COMPLETE Column stats: NONE
             Execution mode: vectorized, llap
-            LLAP IO: no inputs
+            LLAP IO: all inputs
         Reducer 2 
             Execution mode: llap
             Reduce Operator Tree:
diff --git a/ql/src/test/results/clientpositive/llap/subquery_multiinsert.q.out b/ql/src/test/results/clientpositive/llap/subquery_multiinsert.q.out
index cac6cf1559..636701109f 100644
--- a/ql/src/test/results/clientpositive/llap/subquery_multiinsert.q.out
+++ b/ql/src/test/results/clientpositive/llap/subquery_multiinsert.q.out
@@ -133,7 +133,7 @@ STAGE PLANS:
                           Statistics: Num rows: 1 Data size: 8 Basic stats: COMPLETE Column stats: COMPLETE
                           value expressions: _col0 (type: bigint)
             Execution mode: vectorized, llap
-            LLAP IO: no inputs
+            LLAP IO: all inputs
         Map 8 
             Map Operator Tree:
                 TableScan
@@ -160,7 +160,7 @@ STAGE PLANS:
                           Map-reduce partition columns: _col0 (type: string), _col1 (type: string)
                           Statistics: Num rows: 83 Data size: 14774 Basic stats: COMPLETE Column stats: COMPLETE
             Execution mode: vectorized, llap
-            LLAP IO: no inputs
+            LLAP IO: all inputs
         Reducer 2 
             Execution mode: llap
             Reduce Operator Tree:
@@ -672,7 +672,7 @@ STAGE PLANS:
                             Statistics: Num rows: 500 Data size: 104051 Basic stats: COMPLETE Column stats: COMPLETE
                             value expressions: _col1 (type: string)
             Execution mode: llap
-            LLAP IO: no inputs
+            LLAP IO: all inputs
         Map 4 
             Map Operator Tree:
                 TableScan
@@ -699,7 +699,7 @@ STAGE PLANS:
                           Map-reduce partition columns: _col0 (type: string), _col1 (type: string)
                           Statistics: Num rows: 83 Data size: 14774 Basic stats: COMPLETE Column stats: COMPLETE
             Execution mode: vectorized, llap
-            LLAP IO: no inputs
+            LLAP IO: all inputs
         Map 5 
             Map Operator Tree:
                 TableScan
@@ -736,7 +736,7 @@ STAGE PLANS:
                           Statistics: Num rows: 1 Data size: 8 Basic stats: COMPLETE Column stats: COMPLETE
                           value expressions: _col0 (type: bigint)
             Execution mode: vectorized, llap
-            LLAP IO: no inputs
+            LLAP IO: all inputs
         Reducer 2 
             Execution mode: llap
             Reduce Operator Tree:
diff --git a/ql/src/test/results/clientpositive/llap/subquery_notexists.q.out b/ql/src/test/results/clientpositive/llap/subquery_notexists.q.out
index f0ea085be3..226c00b9f7 100644
--- a/ql/src/test/results/clientpositive/llap/subquery_notexists.q.out
+++ b/ql/src/test/results/clientpositive/llap/subquery_notexists.q.out
@@ -64,7 +64,7 @@ STAGE PLANS:
                         Map-reduce partition columns: _col0 (type: string), _col1 (type: string)
                         Statistics: Num rows: 83 Data size: 14774 Basic stats: COMPLETE Column stats: COMPLETE
             Execution mode: vectorized, llap
-            LLAP IO: no inputs
+            LLAP IO: all inputs
         Reducer 2 
             Execution mode: llap
             Reduce Operator Tree:
@@ -322,7 +322,7 @@ STAGE PLANS:
                         Map-reduce partition columns: _col0 (type: string)
                         Statistics: Num rows: 83 Data size: 14774 Basic stats: COMPLETE Column stats: COMPLETE
             Execution mode: vectorized, llap
-            LLAP IO: no inputs
+            LLAP IO: all inputs
         Reducer 2 
             Execution mode: llap
             Reduce Operator Tree:
@@ -588,7 +588,7 @@ STAGE PLANS:
                         Map-reduce partition columns: _col0 (type: string), _col1 (type: string)
                         Statistics: Num rows: 83 Data size: 14774 Basic stats: COMPLETE Column stats: COMPLETE
             Execution mode: vectorized, llap
-            LLAP IO: no inputs
+            LLAP IO: all inputs
         Reducer 2 
             Execution mode: llap
             Reduce Operator Tree:
@@ -725,7 +725,7 @@ STAGE PLANS:
                       sort order: 
                       Statistics: Num rows: 26 Data size: 104 Basic stats: COMPLETE Column stats: COMPLETE
             Execution mode: vectorized, llap
-            LLAP IO: no inputs
+            LLAP IO: all inputs
         Map 8 
             Map Operator Tree:
                 TableScan
@@ -753,7 +753,7 @@ STAGE PLANS:
                         Statistics: Num rows: 26 Data size: 2704 Basic stats: COMPLETE Column stats: COMPLETE
                         value expressions: _col0 (type: string)
             Execution mode: vectorized, llap
-            LLAP IO: no inputs
+            LLAP IO: all inputs
         Reducer 2 
             Execution mode: llap
             Reduce Operator Tree:
diff --git a/ql/src/test/results/clientpositive/llap/subquery_notexists_having.q.out b/ql/src/test/results/clientpositive/llap/subquery_notexists_having.q.out
index ec12ce707b..f24ad4640d 100644
--- a/ql/src/test/results/clientpositive/llap/subquery_notexists_having.q.out
+++ b/ql/src/test/results/clientpositive/llap/subquery_notexists_having.q.out
@@ -56,7 +56,7 @@ STAGE PLANS:
                         Map-reduce partition columns: _col0 (type: string), _col1 (type: string)
                         Statistics: Num rows: 250 Data size: 44500 Basic stats: COMPLETE Column stats: COMPLETE
             Execution mode: vectorized, llap
-            LLAP IO: no inputs
+            LLAP IO: all inputs
         Map 3 
             Map Operator Tree:
                 TableScan
@@ -79,7 +79,7 @@ STAGE PLANS:
                         Map-reduce partition columns: _col0 (type: string), _col1 (type: string)
                         Statistics: Num rows: 83 Data size: 14774 Basic stats: COMPLETE Column stats: COMPLETE
             Execution mode: vectorized, llap
-            LLAP IO: no inputs
+            LLAP IO: all inputs
         Reducer 2 
             Reduce Operator Tree:
               Group By Operator
@@ -239,7 +239,7 @@ STAGE PLANS:
                         Map-reduce partition columns: _col0 (type: string)
                         Statistics: Num rows: 83 Data size: 14774 Basic stats: COMPLETE Column stats: COMPLETE
             Execution mode: vectorized, llap
-            LLAP IO: no inputs
+            LLAP IO: all inputs
         Reducer 2 
             Execution mode: vectorized, llap
             Reduce Operator Tree:
diff --git a/ql/src/test/results/clientpositive/llap/subquery_notin.q.out b/ql/src/test/results/clientpositive/llap/subquery_notin.q.out
index af15f89365..9054dd2216 100644
--- a/ql/src/test/results/clientpositive/llap/subquery_notin.q.out
+++ b/ql/src/test/results/clientpositive/llap/subquery_notin.q.out
@@ -80,7 +80,7 @@ STAGE PLANS:
                         Statistics: Num rows: 1 Data size: 16 Basic stats: COMPLETE Column stats: COMPLETE
                         value expressions: _col0 (type: bigint), _col1 (type: bigint)
             Execution mode: vectorized, llap
-            LLAP IO: no inputs
+            LLAP IO: all inputs
         Reducer 2 
             Execution mode: llap
             Reduce Operator Tree:
@@ -389,7 +389,7 @@ STAGE PLANS:
                         Statistics: Num rows: 26 Data size: 5798 Basic stats: COMPLETE Column stats: COMPLETE
                         value expressions: p_name (type: string)
             Execution mode: vectorized, llap
-            LLAP IO: no inputs
+            LLAP IO: all inputs
         Reducer 2 
             Execution mode: llap
             Reduce Operator Tree:
@@ -678,7 +678,7 @@ STAGE PLANS:
                       Map-reduce partition columns: p_mfgr (type: string)
                       Statistics: Num rows: 26 Data size: 2652 Basic stats: COMPLETE Column stats: COMPLETE
             Execution mode: vectorized, llap
-            LLAP IO: no inputs
+            LLAP IO: all inputs
         Reducer 2 
             Execution mode: llap
             Reduce Operator Tree:
@@ -978,7 +978,7 @@ STAGE PLANS:
                         Map-reduce partition columns: p_mfgr (type: string)
                         Statistics: Num rows: 26 Data size: 2652 Basic stats: COMPLETE Column stats: COMPLETE
             Execution mode: vectorized, llap
-            LLAP IO: no inputs
+            LLAP IO: all inputs
         Reducer 2 
             Execution mode: llap
             Reduce Operator Tree:
@@ -1575,7 +1575,7 @@ STAGE PLANS:
                           Statistics: Num rows: 1 Data size: 16 Basic stats: COMPLETE Column stats: COMPLETE
                           value expressions: _col0 (type: bigint), _col1 (type: bigint)
             Execution mode: vectorized, llap
-            LLAP IO: no inputs
+            LLAP IO: all inputs
         Reducer 2 
             Execution mode: llap
             Reduce Operator Tree:
@@ -1759,7 +1759,7 @@ STAGE PLANS:
                           Map-reduce partition columns: _col0 (type: string), _col1 (type: int)
                           Statistics: Num rows: 13 Data size: 1404 Basic stats: COMPLETE Column stats: COMPLETE
             Execution mode: vectorized, llap
-            LLAP IO: no inputs
+            LLAP IO: all inputs
         Reducer 2 
             Execution mode: llap
             Reduce Operator Tree:
@@ -1937,7 +1937,7 @@ STAGE PLANS:
                         Statistics: Num rows: 13 Data size: 1404 Basic stats: COMPLETE Column stats: COMPLETE
                         value expressions: _col1 (type: int)
             Execution mode: vectorized, llap
-            LLAP IO: no inputs
+            LLAP IO: all inputs
         Reducer 2 
             Execution mode: llap
             Reduce Operator Tree:
@@ -2159,7 +2159,7 @@ STAGE PLANS:
                         Statistics: Num rows: 13 Data size: 1404 Basic stats: COMPLETE Column stats: COMPLETE
                         value expressions: _col1 (type: int)
             Execution mode: vectorized, llap
-            LLAP IO: no inputs
+            LLAP IO: all inputs
         Reducer 2 
             Execution mode: llap
             Reduce Operator Tree:
@@ -2407,7 +2407,7 @@ STAGE PLANS:
                         Map-reduce partition columns: _col0 (type: int)
                         Statistics: Num rows: 13 Data size: 52 Basic stats: COMPLETE Column stats: COMPLETE
             Execution mode: vectorized, llap
-            LLAP IO: no inputs
+            LLAP IO: all inputs
         Reducer 2 
             Execution mode: llap
             Reduce Operator Tree:
@@ -2612,7 +2612,7 @@ STAGE PLANS:
                         Statistics: Num rows: 13 Data size: 1456 Basic stats: COMPLETE Column stats: COMPLETE
                         value expressions: _col1 (type: double)
             Execution mode: vectorized, llap
-            LLAP IO: no inputs
+            LLAP IO: all inputs
         Reducer 2 
             Execution mode: llap
             Reduce Operator Tree:
@@ -2834,7 +2834,7 @@ STAGE PLANS:
                           Map-reduce partition columns: _col0 (type: string), _col1 (type: int)
                           Statistics: Num rows: 6 Data size: 750 Basic stats: COMPLETE Column stats: COMPLETE
             Execution mode: vectorized, llap
-            LLAP IO: no inputs
+            LLAP IO: all inputs
         Reducer 2 
             Execution mode: llap
             Reduce Operator Tree:
@@ -3024,7 +3024,7 @@ STAGE PLANS:
                         Map-reduce partition columns: _col0 (type: int), _col1 (type: int), _col2 (type: string)
                         Statistics: Num rows: 13 Data size: 1677 Basic stats: COMPLETE Column stats: COMPLETE
             Execution mode: vectorized, llap
-            LLAP IO: no inputs
+            LLAP IO: all inputs
         Reducer 2 
             Execution mode: llap
             Reduce Operator Tree:
@@ -3198,7 +3198,7 @@ STAGE PLANS:
                           Map-reduce partition columns: _col0 (type: double), _col1 (type: string)
                           Statistics: Num rows: 13 Data size: 1300 Basic stats: COMPLETE Column stats: COMPLETE
             Execution mode: vectorized, llap
-            LLAP IO: no inputs
+            LLAP IO: all inputs
         Reducer 2 
             Execution mode: llap
             Reduce Operator Tree:
@@ -3402,7 +3402,7 @@ STAGE PLANS:
                           Map-reduce partition columns: _col0 (type: int)
                           Statistics: Num rows: 13 Data size: 52 Basic stats: COMPLETE Column stats: COMPLETE
             Execution mode: vectorized, llap
-            LLAP IO: no inputs
+            LLAP IO: all inputs
         Reducer 2 
             Execution mode: llap
             Reduce Operator Tree:
@@ -3691,7 +3691,7 @@ STAGE PLANS:
                           Statistics: Num rows: 1 Data size: 12 Basic stats: COMPLETE Column stats: COMPLETE
                           value expressions: _col1 (type: bigint)
             Execution mode: vectorized, llap
-            LLAP IO: no inputs
+            LLAP IO: all inputs
         Reducer 2 
             Execution mode: llap
             Reduce Operator Tree:
@@ -3988,7 +3988,7 @@ STAGE PLANS:
                           Statistics: Num rows: 1 Data size: 12 Basic stats: COMPLETE Column stats: COMPLETE
                           value expressions: _col1 (type: bigint)
             Execution mode: vectorized, llap
-            LLAP IO: no inputs
+            LLAP IO: all inputs
         Reducer 2 
             Execution mode: llap
             Reduce Operator Tree:
@@ -4244,7 +4244,7 @@ STAGE PLANS:
                         Statistics: Num rows: 13 Data size: 1404 Basic stats: COMPLETE Column stats: COMPLETE
                         value expressions: _col1 (type: int)
             Execution mode: vectorized, llap
-            LLAP IO: no inputs
+            LLAP IO: all inputs
         Reducer 2 
             Execution mode: llap
             Reduce Operator Tree:
@@ -4467,7 +4467,7 @@ STAGE PLANS:
                         Statistics: Num rows: 13 Data size: 1404 Basic stats: COMPLETE Column stats: COMPLETE
                         value expressions: _col1 (type: int)
             Execution mode: vectorized, llap
-            LLAP IO: no inputs
+            LLAP IO: all inputs
         Reducer 2 
             Execution mode: llap
             Reduce Operator Tree:
@@ -4673,7 +4673,7 @@ STAGE PLANS:
                       Statistics: Num rows: 500 Data size: 89000 Basic stats: COMPLETE Column stats: COMPLETE
                       value expressions: _col1 (type: string)
             Execution mode: vectorized, llap
-            LLAP IO: no inputs
+            LLAP IO: all inputs
         Map 11 
             Map Operator Tree:
                 TableScan
@@ -4695,7 +4695,7 @@ STAGE PLANS:
                         Statistics: Num rows: 1 Data size: 16 Basic stats: COMPLETE Column stats: COMPLETE
                         value expressions: _col0 (type: bigint), _col1 (type: bigint)
             Execution mode: vectorized, llap
-            LLAP IO: no inputs
+            LLAP IO: all inputs
         Map 4 
             Map Operator Tree:
                 TableScan
@@ -4722,7 +4722,7 @@ STAGE PLANS:
                           Map-reduce partition columns: _col0 (type: string)
                           Statistics: Num rows: 25 Data size: 3025 Basic stats: COMPLETE Column stats: COMPLETE
             Execution mode: vectorized, llap
-            LLAP IO: no inputs
+            LLAP IO: all inputs
         Map 7 
             Map Operator Tree:
                 TableScan
@@ -4749,7 +4749,7 @@ STAGE PLANS:
                           Map-reduce partition columns: _col0 (type: string)
                           Statistics: Num rows: 25 Data size: 3025 Basic stats: COMPLETE Column stats: COMPLETE
             Execution mode: vectorized, llap
-            LLAP IO: no inputs
+            LLAP IO: all inputs
         Map 8 
             Map Operator Tree:
                 TableScan
@@ -4771,7 +4771,7 @@ STAGE PLANS:
                         Statistics: Num rows: 1 Data size: 16 Basic stats: COMPLETE Column stats: COMPLETE
                         value expressions: _col0 (type: bigint), _col1 (type: bigint)
             Execution mode: vectorized, llap
-            LLAP IO: no inputs
+            LLAP IO: all inputs
         Reducer 10 
             Execution mode: vectorized, llap
             Reduce Operator Tree:
@@ -5461,7 +5461,7 @@ STAGE PLANS:
                         Map-reduce partition columns: _col0 (type: int)
                         Statistics: Num rows: 13 Data size: 52 Basic stats: COMPLETE Column stats: COMPLETE
             Execution mode: vectorized, llap
-            LLAP IO: no inputs
+            LLAP IO: all inputs
         Reducer 2 
             Execution mode: llap
             Reduce Operator Tree:
@@ -5683,7 +5683,7 @@ STAGE PLANS:
                       Map-reduce partition columns: _col0 (type: int)
                       Statistics: Num rows: 4 Data size: 16 Basic stats: COMPLETE Column stats: COMPLETE
             Execution mode: vectorized, llap
-            LLAP IO: no inputs
+            LLAP IO: all inputs
         Map 4 
             Map Operator Tree:
                 TableScan
@@ -5720,7 +5720,7 @@ STAGE PLANS:
                         Statistics: Num rows: 1 Data size: 16 Basic stats: COMPLETE Column stats: COMPLETE
                         value expressions: _col0 (type: bigint), _col1 (type: bigint)
             Execution mode: vectorized, llap
-            LLAP IO: no inputs
+            LLAP IO: all inputs
         Reducer 2 
             Execution mode: llap
             Reduce Operator Tree:
@@ -5876,7 +5876,7 @@ STAGE PLANS:
                         Map-reduce partition columns: _col0 (type: char(100))
                         Statistics: Num rows: 1 Data size: 88 Basic stats: COMPLETE Column stats: COMPLETE
             Execution mode: vectorized, llap
-            LLAP IO: no inputs
+            LLAP IO: all inputs
         Map 9 
             Map Operator Tree:
                 TableScan
@@ -5912,7 +5912,7 @@ STAGE PLANS:
                         Statistics: Num rows: 1 Data size: 12 Basic stats: COMPLETE Column stats: COMPLETE
                         value expressions: _col0 (type: int)
             Execution mode: vectorized, llap
-            LLAP IO: no inputs
+            LLAP IO: all inputs
         Reducer 2 
             Execution mode: llap
             Reduce Operator Tree:
@@ -6180,7 +6180,7 @@ STAGE PLANS:
                       Statistics: Num rows: 3 Data size: 24 Basic stats: COMPLETE Column stats: COMPLETE
                       value expressions: _col1 (type: int)
             Execution mode: vectorized, llap
-            LLAP IO: no inputs
+            LLAP IO: all inputs
         Map 4 
             Map Operator Tree:
                 TableScan
@@ -6220,7 +6220,7 @@ STAGE PLANS:
                         Map-reduce partition columns: _col0 (type: int), _col1 (type: int)
                         Statistics: Num rows: 1 Data size: 8 Basic stats: COMPLETE Column stats: COMPLETE
             Execution mode: vectorized, llap
-            LLAP IO: no inputs
+            LLAP IO: all inputs
         Reducer 2 
             Execution mode: llap
             Reduce Operator Tree:
@@ -6427,7 +6427,7 @@ STAGE PLANS:
                         Map-reduce partition columns: _col0 (type: int)
                         Statistics: Num rows: 1 Data size: 4 Basic stats: COMPLETE Column stats: COMPLETE
             Execution mode: vectorized, llap
-            LLAP IO: no inputs
+            LLAP IO: all inputs
         Map 6 
             Map Operator Tree:
                 TableScan
@@ -6467,7 +6467,7 @@ STAGE PLANS:
                         Map-reduce partition columns: _col0 (type: int), _col1 (type: int)
                         Statistics: Num rows: 1 Data size: 8 Basic stats: COMPLETE Column stats: COMPLETE
             Execution mode: vectorized, llap
-            LLAP IO: no inputs
+            LLAP IO: all inputs
         Reducer 2 
             Execution mode: llap
             Reduce Operator Tree:
@@ -6719,7 +6719,7 @@ STAGE PLANS:
                         Map-reduce partition columns: _col0 (type: int)
                         Statistics: Num rows: 1 Data size: 4 Basic stats: COMPLETE Column stats: COMPLETE
             Execution mode: vectorized, llap
-            LLAP IO: no inputs
+            LLAP IO: all inputs
         Reducer 2 
             Execution mode: llap
             Reduce Operator Tree:
@@ -6920,7 +6920,7 @@ STAGE PLANS:
                         Map-reduce partition columns: _col0 (type: int), _col1 (type: int)
                         Statistics: Num rows: 1 Data size: 8 Basic stats: COMPLETE Column stats: COMPLETE
             Execution mode: vectorized, llap
-            LLAP IO: no inputs
+            LLAP IO: all inputs
         Reducer 2 
             Execution mode: llap
             Reduce Operator Tree:
@@ -7086,7 +7086,7 @@ STAGE PLANS:
                         Statistics: Num rows: 1 Data size: 16 Basic stats: COMPLETE Column stats: COMPLETE
                         value expressions: _col0 (type: bigint), _col1 (type: bigint)
             Execution mode: vectorized, llap
-            LLAP IO: no inputs
+            LLAP IO: all inputs
         Reducer 2 
             Execution mode: llap
             Reduce Operator Tree:
@@ -7252,7 +7252,7 @@ STAGE PLANS:
                         Statistics: Num rows: 1 Data size: 16 Basic stats: COMPLETE Column stats: COMPLETE
                         value expressions: _col0 (type: bigint), _col1 (type: bigint)
             Execution mode: vectorized, llap
-            LLAP IO: no inputs
+            LLAP IO: all inputs
         Reducer 2 
             Execution mode: vectorized, llap
             Reduce Operator Tree:
@@ -7447,7 +7447,7 @@ STAGE PLANS:
                         Map-reduce partition columns: _col0 (type: string)
                         Statistics: Num rows: 250 Data size: 22750 Basic stats: COMPLETE Column stats: COMPLETE
             Execution mode: vectorized, llap
-            LLAP IO: no inputs
+            LLAP IO: all inputs
         Reducer 2 
             Execution mode: llap
             Reduce Operator Tree:
diff --git a/ql/src/test/results/clientpositive/llap/subquery_notin_having.q.out b/ql/src/test/results/clientpositive/llap/subquery_notin_having.q.out
index ebd6d32616..677d9f4032 100644
--- a/ql/src/test/results/clientpositive/llap/subquery_notin_having.q.out
+++ b/ql/src/test/results/clientpositive/llap/subquery_notin_having.q.out
@@ -73,7 +73,7 @@ STAGE PLANS:
                         Statistics: Num rows: 1 Data size: 16 Basic stats: COMPLETE Column stats: COMPLETE
                         value expressions: _col0 (type: bigint), _col1 (type: bigint)
             Execution mode: vectorized, llap
-            LLAP IO: no inputs
+            LLAP IO: all inputs
         Map 5 
             Map Operator Tree:
                 TableScan
@@ -96,7 +96,7 @@ STAGE PLANS:
                         Map-reduce partition columns: _col0 (type: string)
                         Statistics: Num rows: 83 Data size: 7221 Basic stats: COMPLETE Column stats: COMPLETE
             Execution mode: vectorized, llap
-            LLAP IO: no inputs
+            LLAP IO: all inputs
         Reducer 2 
             Reduce Operator Tree:
               Group By Operator
@@ -275,7 +275,7 @@ STAGE PLANS:
                         Statistics: Num rows: 5 Data size: 570 Basic stats: COMPLETE Column stats: COMPLETE
                         value expressions: _col1 (type: double), _col2 (type: double)
             Execution mode: vectorized, llap
-            LLAP IO: no inputs
+            LLAP IO: all inputs
         Reducer 2 
             Execution mode: vectorized, llap
             Reduce Operator Tree:
@@ -515,7 +515,7 @@ STAGE PLANS:
                         Statistics: Num rows: 5 Data size: 570 Basic stats: COMPLETE Column stats: COMPLETE
                         value expressions: _col1 (type: double), _col2 (type: double)
             Execution mode: vectorized, llap
-            LLAP IO: no inputs
+            LLAP IO: all inputs
         Map 6 
             Map Operator Tree:
                 TableScan
@@ -540,7 +540,7 @@ STAGE PLANS:
                         Statistics: Num rows: 5 Data size: 570 Basic stats: COMPLETE Column stats: COMPLETE
                         value expressions: _col1 (type: double), _col2 (type: double)
             Execution mode: vectorized, llap
-            LLAP IO: no inputs
+            LLAP IO: all inputs
         Reducer 2 
             Reduce Operator Tree:
               Group By Operator
@@ -763,7 +763,7 @@ STAGE PLANS:
                         Map-reduce partition columns: _col0 (type: int)
                         Statistics: Num rows: 2 Data size: 8 Basic stats: COMPLETE Column stats: COMPLETE
             Execution mode: vectorized, llap
-            LLAP IO: no inputs
+            LLAP IO: all inputs
         Map 4 
             Map Operator Tree:
                 TableScan
@@ -800,7 +800,7 @@ STAGE PLANS:
                         Statistics: Num rows: 1 Data size: 16 Basic stats: COMPLETE Column stats: COMPLETE
                         value expressions: _col0 (type: bigint), _col1 (type: bigint)
             Execution mode: vectorized, llap
-            LLAP IO: no inputs
+            LLAP IO: all inputs
         Reducer 2 
             Reduce Operator Tree:
               Group By Operator
@@ -954,7 +954,7 @@ STAGE PLANS:
                         Map-reduce partition columns: _col0 (type: int)
                         Statistics: Num rows: 1 Data size: 4 Basic stats: COMPLETE Column stats: COMPLETE
             Execution mode: vectorized, llap
-            LLAP IO: no inputs
+            LLAP IO: all inputs
         Map 5 
             Map Operator Tree:
                 TableScan
@@ -991,7 +991,7 @@ STAGE PLANS:
                         Map-reduce partition columns: _col0 (type: int)
                         Statistics: Num rows: 1 Data size: 4 Basic stats: COMPLETE Column stats: COMPLETE
             Execution mode: vectorized, llap
-            LLAP IO: no inputs
+            LLAP IO: all inputs
         Reducer 2 
             Reduce Operator Tree:
               Group By Operator
diff --git a/ql/src/test/results/clientpositive/llap/subquery_null_agg.q.out b/ql/src/test/results/clientpositive/llap/subquery_null_agg.q.out
index eb851ca98b..b8e825a624 100644
--- a/ql/src/test/results/clientpositive/llap/subquery_null_agg.q.out
+++ b/ql/src/test/results/clientpositive/llap/subquery_null_agg.q.out
@@ -90,7 +90,7 @@ STAGE PLANS:
                           Statistics: Num rows: 1 Data size: 8 Basic stats: PARTIAL Column stats: COMPLETE
                           value expressions: _col0 (type: bigint)
             Execution mode: vectorized, llap
-            LLAP IO: no inputs
+            LLAP IO: all inputs
         Map 5 
             Map Operator Tree:
                 TableScan
diff --git a/ql/src/test/results/clientpositive/llap/subquery_scalar.q.out b/ql/src/test/results/clientpositive/llap/subquery_scalar.q.out
index 7d35111112..0f166ce07e 100644
--- a/ql/src/test/results/clientpositive/llap/subquery_scalar.q.out
+++ b/ql/src/test/results/clientpositive/llap/subquery_scalar.q.out
@@ -122,7 +122,7 @@ STAGE PLANS:
                         Statistics: Num rows: 26 Data size: 16302 Basic stats: COMPLETE Column stats: COMPLETE
                         value expressions: _col0 (type: int), _col1 (type: string), _col2 (type: string), _col3 (type: string), _col4 (type: string), _col5 (type: int), _col6 (type: string), _col7 (type: double), _col8 (type: string), _col9 (type: double)
             Execution mode: vectorized, llap
-            LLAP IO: no inputs
+            LLAP IO: all inputs
         Map 3 
             Map Operator Tree:
                 TableScan
@@ -144,7 +144,7 @@ STAGE PLANS:
                         Statistics: Num rows: 1 Data size: 20 Basic stats: COMPLETE Column stats: NONE
                         value expressions: _col0 (type: bigint), _col1 (type: bigint)
             Execution mode: vectorized, llap
-            LLAP IO: no inputs
+            LLAP IO: all inputs
         Reducer 2 
             Execution mode: llap
             Reduce Operator Tree:
@@ -286,7 +286,7 @@ STAGE PLANS:
                         Statistics: Num rows: 1 Data size: 86 Basic stats: COMPLETE Column stats: NONE
                         value expressions: _col0 (type: double)
             Execution mode: vectorized, llap
-            LLAP IO: no inputs
+            LLAP IO: all inputs
         Map 5 
             Map Operator Tree:
                 TableScan
@@ -306,7 +306,7 @@ STAGE PLANS:
                         Statistics: Num rows: 26 Data size: 16302 Basic stats: COMPLETE Column stats: COMPLETE
                         value expressions: _col0 (type: int), _col1 (type: string), _col2 (type: string), _col3 (type: string), _col4 (type: string), _col5 (type: int), _col6 (type: string), _col7 (type: double), _col8 (type: string), _col9 (type: double)
             Execution mode: vectorized, llap
-            LLAP IO: no inputs
+            LLAP IO: all inputs
         Reducer 2 
             Execution mode: vectorized, llap
             Reduce Operator Tree:
@@ -449,7 +449,7 @@ STAGE PLANS:
                           sort order: 
                           Statistics: Num rows: 0 Data size: 0 Basic stats: NONE Column stats: NONE
             Execution mode: vectorized, llap
-            LLAP IO: no inputs
+            LLAP IO: all inputs
         Reducer 2 
             Execution mode: llap
             Reduce Operator Tree:
@@ -559,7 +559,7 @@ STAGE PLANS:
                       Statistics: Num rows: 26 Data size: 16094 Basic stats: COMPLETE Column stats: COMPLETE
                       value expressions: _col0 (type: int), _col1 (type: string), _col2 (type: string), _col3 (type: string), _col4 (type: string), _col5 (type: int), _col6 (type: string), _col7 (type: double), _col8 (type: string)
             Execution mode: vectorized, llap
-            LLAP IO: no inputs
+            LLAP IO: all inputs
         Map 3 
             Map Operator Tree:
                 TableScan
@@ -579,7 +579,7 @@ STAGE PLANS:
                         TopN Hash Memory Usage: 0.1
                         value expressions: _col0 (type: int)
             Execution mode: vectorized, llap
-            LLAP IO: no inputs
+            LLAP IO: all inputs
         Reducer 2 
             Execution mode: llap
             Reduce Operator Tree:
@@ -703,7 +703,7 @@ STAGE PLANS:
                       Statistics: Num rows: 26 Data size: 16094 Basic stats: COMPLETE Column stats: COMPLETE
                       value expressions: _col0 (type: int), _col1 (type: string), _col2 (type: string), _col3 (type: string), _col4 (type: string), _col5 (type: int), _col6 (type: string), _col7 (type: double), _col8 (type: string)
             Execution mode: vectorized, llap
-            LLAP IO: no inputs
+            LLAP IO: all inputs
         Map 3 
             Map Operator Tree:
                 TableScan
@@ -725,7 +725,7 @@ STAGE PLANS:
                         Statistics: Num rows: 1 Data size: 368 Basic stats: COMPLETE Column stats: NONE
                         value expressions: _col0 (type: string)
             Execution mode: vectorized, llap
-            LLAP IO: no inputs
+            LLAP IO: all inputs
         Reducer 2 
             Execution mode: llap
             Reduce Operator Tree:
@@ -874,7 +874,7 @@ STAGE PLANS:
                         Statistics: Num rows: 1 Data size: 16 Basic stats: COMPLETE Column stats: COMPLETE
                         value expressions: _col0 (type: bigint), _col1 (type: bigint)
             Execution mode: vectorized, llap
-            LLAP IO: no inputs
+            LLAP IO: all inputs
         Reducer 2 
             Execution mode: llap
             Reduce Operator Tree:
@@ -1038,7 +1038,7 @@ STAGE PLANS:
                     Map-reduce partition columns: p_mfgr (type: string)
                     Statistics: Num rows: 26 Data size: 2652 Basic stats: COMPLETE Column stats: COMPLETE
             Execution mode: vectorized, llap
-            LLAP IO: no inputs
+            LLAP IO: all inputs
         Reducer 2 
             Execution mode: llap
             Reduce Operator Tree:
@@ -1219,7 +1219,7 @@ STAGE PLANS:
                         Statistics: Num rows: 1 Data size: 4 Basic stats: COMPLETE Column stats: COMPLETE
                         value expressions: _col0 (type: int)
             Execution mode: vectorized, llap
-            LLAP IO: no inputs
+            LLAP IO: all inputs
         Reducer 2 
             Execution mode: llap
             Reduce Operator Tree:
@@ -1358,7 +1358,7 @@ STAGE PLANS:
                         Statistics: Num rows: 13 Data size: 1625 Basic stats: COMPLETE Column stats: COMPLETE
                         value expressions: _col1 (type: int)
             Execution mode: vectorized, llap
-            LLAP IO: no inputs
+            LLAP IO: all inputs
         Reducer 2 
             Execution mode: llap
             Reduce Operator Tree:
@@ -1494,7 +1494,7 @@ STAGE PLANS:
                         Statistics: Num rows: 13 Data size: 1625 Basic stats: COMPLETE Column stats: COMPLETE
                         value expressions: _col1 (type: int)
             Execution mode: vectorized, llap
-            LLAP IO: no inputs
+            LLAP IO: all inputs
         Reducer 2 
             Execution mode: llap
             Reduce Operator Tree:
@@ -1613,7 +1613,7 @@ STAGE PLANS:
                         Statistics: Num rows: 26 Data size: 16302 Basic stats: COMPLETE Column stats: COMPLETE
                         value expressions: _col0 (type: int), _col1 (type: string), _col2 (type: string), _col3 (type: string), _col5 (type: int), _col6 (type: string), _col7 (type: double), _col8 (type: string), _col9 (type: double)
             Execution mode: vectorized, llap
-            LLAP IO: no inputs
+            LLAP IO: all inputs
         Map 3 
             Map Operator Tree:
                 TableScan
@@ -1638,7 +1638,7 @@ STAGE PLANS:
                         Statistics: Num rows: 1 Data size: 188 Basic stats: COMPLETE Column stats: NONE
                         value expressions: _col1 (type: bigint), _col2 (type: bigint)
             Execution mode: vectorized, llap
-            LLAP IO: no inputs
+            LLAP IO: all inputs
         Reducer 2 
             Execution mode: llap
             Reduce Operator Tree:
@@ -1750,7 +1750,7 @@ STAGE PLANS:
                         Statistics: Num rows: 26 Data size: 16094 Basic stats: COMPLETE Column stats: COMPLETE
                         value expressions: _col0 (type: int), _col1 (type: string), _col2 (type: string), _col3 (type: string), _col5 (type: int), _col6 (type: string), _col7 (type: double), _col8 (type: string)
             Execution mode: vectorized, llap
-            LLAP IO: no inputs
+            LLAP IO: all inputs
         Map 4 
             Map Operator Tree:
                 TableScan
@@ -1789,7 +1789,7 @@ STAGE PLANS:
                         Statistics: Num rows: 1 Data size: 8 Basic stats: COMPLETE Column stats: NONE
                         value expressions: _col0 (type: int)
             Execution mode: vectorized, llap
-            LLAP IO: no inputs
+            LLAP IO: all inputs
         Reducer 2 
             Execution mode: llap
             Reduce Operator Tree:
@@ -1960,7 +1960,7 @@ STAGE PLANS:
                         Statistics: Num rows: 26 Data size: 16094 Basic stats: COMPLETE Column stats: COMPLETE
                         value expressions: _col0 (type: int), _col1 (type: string), _col2 (type: string), _col3 (type: string), _col5 (type: int), _col6 (type: string), _col7 (type: double), _col8 (type: string)
             Execution mode: vectorized, llap
-            LLAP IO: no inputs
+            LLAP IO: all inputs
         Map 4 
             Map Operator Tree:
                 TableScan
@@ -1999,7 +1999,7 @@ STAGE PLANS:
                         Statistics: Num rows: 1 Data size: 16 Basic stats: COMPLETE Column stats: NONE
                         value expressions: _col0 (type: double)
             Execution mode: vectorized, llap
-            LLAP IO: no inputs
+            LLAP IO: all inputs
         Reducer 2 
             Execution mode: llap
             Reduce Operator Tree:
@@ -2198,7 +2198,7 @@ STAGE PLANS:
                           Map-reduce partition columns: _col0 (type: string), _col1 (type: int)
                           Statistics: Num rows: 13 Data size: 1404 Basic stats: COMPLETE Column stats: COMPLETE
             Execution mode: vectorized, llap
-            LLAP IO: no inputs
+            LLAP IO: all inputs
         Reducer 2 
             Execution mode: llap
             Reduce Operator Tree:
@@ -2343,7 +2343,7 @@ STAGE PLANS:
                         Statistics: Num rows: 13 Data size: 208 Basic stats: COMPLETE Column stats: COMPLETE
                         value expressions: _col2 (type: bigint)
             Execution mode: vectorized, llap
-            LLAP IO: no inputs
+            LLAP IO: all inputs
         Reducer 2 
             Execution mode: llap
             Reduce Operator Tree:
@@ -2502,7 +2502,7 @@ STAGE PLANS:
                           Statistics: Num rows: 1 Data size: 12 Basic stats: COMPLETE Column stats: COMPLETE
                           value expressions: _col1 (type: bigint)
             Execution mode: vectorized, llap
-            LLAP IO: no inputs
+            LLAP IO: all inputs
         Reducer 2 
             Execution mode: llap
             Reduce Operator Tree:
@@ -2700,7 +2700,7 @@ STAGE PLANS:
                         Statistics: Num rows: 1 Data size: 8 Basic stats: COMPLETE Column stats: COMPLETE
                         value expressions: _col0 (type: double)
             Execution mode: vectorized, llap
-            LLAP IO: no inputs
+            LLAP IO: all inputs
         Reducer 2 
             Execution mode: vectorized, llap
             Reduce Operator Tree:
@@ -2853,7 +2853,7 @@ STAGE PLANS:
                         Statistics: Num rows: 1 Data size: 8 Basic stats: COMPLETE Column stats: COMPLETE
                         value expressions: _col0 (type: bigint)
             Execution mode: vectorized, llap
-            LLAP IO: no inputs
+            LLAP IO: all inputs
         Reducer 2 
             Execution mode: llap
             Reduce Operator Tree:
@@ -3078,7 +3078,7 @@ STAGE PLANS:
                         Statistics: Num rows: 26 Data size: 5850 Basic stats: COMPLETE Column stats: COMPLETE
                         value expressions: _col0 (type: string)
             Execution mode: vectorized, llap
-            LLAP IO: no inputs
+            LLAP IO: all inputs
         Map 5 
             Map Operator Tree:
                 TableScan
@@ -3100,7 +3100,7 @@ STAGE PLANS:
                         Statistics: Num rows: 26 Data size: 2808 Basic stats: COMPLETE Column stats: COMPLETE
                         value expressions: _col1 (type: int)
             Execution mode: vectorized, llap
-            LLAP IO: no inputs
+            LLAP IO: all inputs
         Reducer 2 
             Execution mode: llap
             Reduce Operator Tree:
@@ -3269,7 +3269,7 @@ STAGE PLANS:
                         Statistics: Num rows: 1 Data size: 16 Basic stats: COMPLETE Column stats: COMPLETE
                         value expressions: _col0 (type: bigint), _col1 (type: bigint)
             Execution mode: vectorized, llap
-            LLAP IO: no inputs
+            LLAP IO: all inputs
         Map 7 
             Map Operator Tree:
                 TableScan
@@ -3302,7 +3302,7 @@ STAGE PLANS:
                         Statistics: Num rows: 1 Data size: 368 Basic stats: COMPLETE Column stats: NONE
                         value expressions: _col0 (type: string)
             Execution mode: vectorized, llap
-            LLAP IO: no inputs
+            LLAP IO: all inputs
         Reducer 2 
             Execution mode: vectorized, llap
             Reduce Operator Tree:
@@ -3518,7 +3518,7 @@ STAGE PLANS:
                         Statistics: Num rows: 1 Data size: 16 Basic stats: COMPLETE Column stats: COMPLETE
                         value expressions: _col0 (type: bigint), _col1 (type: bigint)
             Execution mode: vectorized, llap
-            LLAP IO: no inputs
+            LLAP IO: all inputs
         Map 7 
             Map Operator Tree:
                 TableScan
@@ -3554,7 +3554,7 @@ STAGE PLANS:
                         Statistics: Num rows: 1 Data size: 368 Basic stats: COMPLETE Column stats: NONE
                         value expressions: _col1 (type: string)
             Execution mode: vectorized, llap
-            LLAP IO: no inputs
+            LLAP IO: all inputs
         Reducer 2 
             Execution mode: vectorized, llap
             Reduce Operator Tree:
@@ -3781,7 +3781,7 @@ STAGE PLANS:
                           Statistics: Num rows: 1 Data size: 8 Basic stats: COMPLETE Column stats: COMPLETE
                           value expressions: _col1 (type: int)
             Execution mode: vectorized, llap
-            LLAP IO: no inputs
+            LLAP IO: all inputs
         Reducer 2 
             Execution mode: llap
             Reduce Operator Tree:
@@ -3987,7 +3987,7 @@ STAGE PLANS:
                           Statistics: Num rows: 1 Data size: 8 Basic stats: COMPLETE Column stats: COMPLETE
                           value expressions: _col1 (type: int)
             Execution mode: vectorized, llap
-            LLAP IO: no inputs
+            LLAP IO: all inputs
         Reducer 2 
             Execution mode: llap
             Reduce Operator Tree:
@@ -4151,7 +4151,7 @@ STAGE PLANS:
                         Map-reduce partition columns: _col0 (type: int)
                         Statistics: Num rows: 26 Data size: 104 Basic stats: COMPLETE Column stats: COMPLETE
             Execution mode: vectorized, llap
-            LLAP IO: no inputs
+            LLAP IO: all inputs
         Map 5 
             Map Operator Tree:
                 TableScan
@@ -4190,7 +4190,7 @@ STAGE PLANS:
                         Statistics: Num rows: 100 Data size: 2000 Basic stats: COMPLETE Column stats: COMPLETE
                         value expressions: _col1 (type: double), _col2 (type: double)
             Execution mode: vectorized, llap
-            LLAP IO: no inputs
+            LLAP IO: all inputs
         Reducer 2 
             Execution mode: llap
             Reduce Operator Tree:
@@ -4337,7 +4337,7 @@ STAGE PLANS:
                         Statistics: Num rows: 1 Data size: 1120 Basic stats: COMPLETE Column stats: NONE
                         value expressions: _col0 (type: int), _col2 (type: string), _col3 (type: string), _col5 (type: int), _col6 (type: string), _col7 (type: double), _col8 (type: string)
             Execution mode: vectorized, llap
-            LLAP IO: no inputs
+            LLAP IO: all inputs
         Map 3 
             Map Operator Tree:
                 TableScan
@@ -4376,7 +4376,7 @@ STAGE PLANS:
                         Statistics: Num rows: 13 Data size: 3744 Basic stats: COMPLETE Column stats: COMPLETE
                         value expressions: _col1 (type: string)
             Execution mode: vectorized, llap
-            LLAP IO: no inputs
+            LLAP IO: all inputs
         Reducer 2 
             Execution mode: llap
             Reduce Operator Tree:
@@ -4661,7 +4661,7 @@ STAGE PLANS:
                       Statistics: Num rows: 5 Data size: 1650 Basic stats: COMPLETE Column stats: COMPLETE
                       value expressions: _col0 (type: int), _col2 (type: int), _col3 (type: string), _col4 (type: string), _col5 (type: int), _col6 (type: int), _col7 (type: boolean), _col8 (type: boolean), _col9 (type: date)
             Execution mode: vectorized, llap
-            LLAP IO: no inputs
+            LLAP IO: all inputs
         Map 3 
             Map Operator Tree:
                 TableScan
@@ -4686,7 +4686,7 @@ STAGE PLANS:
                         Statistics: Num rows: 1 Data size: 101 Basic stats: COMPLETE Column stats: COMPLETE
                         value expressions: _col1 (type: bigint)
             Execution mode: vectorized, llap
-            LLAP IO: no inputs
+            LLAP IO: all inputs
         Reducer 2 
             Execution mode: llap
             Reduce Operator Tree:
@@ -4798,7 +4798,7 @@ STAGE PLANS:
                         Statistics: Num rows: 5 Data size: 1650 Basic stats: COMPLETE Column stats: COMPLETE
                         value expressions: _col0 (type: int), _col1 (type: string), _col3 (type: string), _col4 (type: string), _col5 (type: int), _col6 (type: int), _col7 (type: boolean), _col8 (type: boolean), _col9 (type: date)
             Execution mode: vectorized, llap
-            LLAP IO: no inputs
+            LLAP IO: all inputs
         Map 3 
             Map Operator Tree:
                 TableScan
@@ -4823,7 +4823,7 @@ STAGE PLANS:
                         Statistics: Num rows: 1 Data size: 188 Basic stats: COMPLETE Column stats: COMPLETE
                         value expressions: _col1 (type: string)
             Execution mode: vectorized, llap
-            LLAP IO: no inputs
+            LLAP IO: all inputs
         Reducer 2 
             Execution mode: llap
             Reduce Operator Tree:
@@ -4930,7 +4930,7 @@ STAGE PLANS:
                       Statistics: Num rows: 5 Data size: 1650 Basic stats: COMPLETE Column stats: COMPLETE
                       value expressions: _col0 (type: int), _col2 (type: int), _col3 (type: string), _col4 (type: string), _col5 (type: int), _col6 (type: int), _col7 (type: boolean), _col8 (type: boolean), _col9 (type: date)
             Execution mode: vectorized, llap
-            LLAP IO: no inputs
+            LLAP IO: all inputs
         Map 4 
             Map Operator Tree:
                 TableScan
@@ -4972,7 +4972,7 @@ STAGE PLANS:
                         Statistics: Num rows: 1 Data size: 12 Basic stats: COMPLETE Column stats: COMPLETE
                         value expressions: _col1 (type: bigint)
             Execution mode: vectorized, llap
-            LLAP IO: no inputs
+            LLAP IO: all inputs
         Reducer 2 
             Execution mode: llap
             Reduce Operator Tree:
@@ -5132,7 +5132,7 @@ STAGE PLANS:
                         Statistics: Num rows: 5 Data size: 1690 Basic stats: COMPLETE Column stats: COMPLETE
                         value expressions: _col0 (type: int), _col2 (type: int), _col3 (type: string), _col4 (type: string), _col5 (type: int), _col6 (type: int), _col7 (type: boolean), _col8 (type: boolean), _col9 (type: date), _col10 (type: bigint)
             Execution mode: vectorized, llap
-            LLAP IO: no inputs
+            LLAP IO: all inputs
         Map 4 
             Map Operator Tree:
                 TableScan
@@ -5171,7 +5171,7 @@ STAGE PLANS:
                         Statistics: Num rows: 1 Data size: 8 Basic stats: COMPLETE Column stats: COMPLETE
                         value expressions: _col0 (type: bigint)
             Execution mode: vectorized, llap
-            LLAP IO: no inputs
+            LLAP IO: all inputs
         Reducer 2 
             Execution mode: llap
             Reduce Operator Tree:
@@ -5358,7 +5358,7 @@ STAGE PLANS:
                           Statistics: Num rows: 1 Data size: 8 Basic stats: COMPLETE Column stats: COMPLETE
                           value expressions: _col0 (type: bigint)
             Execution mode: vectorized, llap
-            LLAP IO: no inputs
+            LLAP IO: all inputs
         Reducer 2 
             Execution mode: vectorized, llap
             Reduce Operator Tree:
@@ -5534,7 +5534,7 @@ STAGE PLANS:
                         Statistics: Num rows: 166 Data size: 29548 Basic stats: COMPLETE Column stats: COMPLETE
                         value expressions: _col1 (type: string)
             Execution mode: vectorized, llap
-            LLAP IO: no inputs
+            LLAP IO: all inputs
         Reducer 2 
             Execution mode: vectorized, llap
             Reduce Operator Tree:
@@ -5732,7 +5732,7 @@ STAGE PLANS:
                         Map-reduce partition columns: _col0 (type: string)
                         Statistics: Num rows: 13 Data size: 1352 Basic stats: COMPLETE Column stats: COMPLETE
             Execution mode: vectorized, llap
-            LLAP IO: no inputs
+            LLAP IO: all inputs
         Reducer 2 
             Execution mode: llap
             Reduce Operator Tree:
@@ -5918,7 +5918,7 @@ STAGE PLANS:
                         Statistics: Num rows: 13 Data size: 1404 Basic stats: COMPLETE Column stats: COMPLETE
                         value expressions: _col1 (type: int)
             Execution mode: vectorized, llap
-            LLAP IO: no inputs
+            LLAP IO: all inputs
         Reducer 2 
             Execution mode: llap
             Reduce Operator Tree:
@@ -6088,7 +6088,7 @@ STAGE PLANS:
                         Map-reduce partition columns: _col0 (type: string)
                         Statistics: Num rows: 13 Data size: 1352 Basic stats: COMPLETE Column stats: COMPLETE
             Execution mode: vectorized, llap
-            LLAP IO: no inputs
+            LLAP IO: all inputs
         Reducer 2 
             Execution mode: llap
             Reduce Operator Tree:
@@ -6303,7 +6303,7 @@ STAGE PLANS:
                         Map-reduce partition columns: _col0 (type: int)
                         Statistics: Num rows: 1 Data size: 4 Basic stats: COMPLETE Column stats: COMPLETE
             Execution mode: vectorized, llap
-            LLAP IO: no inputs
+            LLAP IO: all inputs
         Reducer 2 
             Execution mode: llap
             Reduce Operator Tree:
@@ -6477,7 +6477,7 @@ STAGE PLANS:
                         Map-reduce partition columns: _col0 (type: int)
                         Statistics: Num rows: 1 Data size: 4 Basic stats: COMPLETE Column stats: COMPLETE
             Execution mode: vectorized, llap
-            LLAP IO: no inputs
+            LLAP IO: all inputs
         Reducer 2 
             Execution mode: llap
             Reduce Operator Tree:
@@ -6625,7 +6625,7 @@ STAGE PLANS:
                       Statistics: Num rows: 2 Data size: 16 Basic stats: COMPLETE Column stats: COMPLETE
                       value expressions: _col1 (type: int)
             Execution mode: vectorized, llap
-            LLAP IO: no inputs
+            LLAP IO: all inputs
         Map 3 
             Map Operator Tree:
                 TableScan
@@ -6650,7 +6650,7 @@ STAGE PLANS:
                         Statistics: Num rows: 1 Data size: 4 Basic stats: COMPLETE Column stats: NONE
                         value expressions: _col1 (type: bigint)
             Execution mode: vectorized, llap
-            LLAP IO: no inputs
+            LLAP IO: all inputs
         Reducer 2 
             Execution mode: llap
             Reduce Operator Tree:
@@ -6759,7 +6759,7 @@ STAGE PLANS:
                         Statistics: Num rows: 2 Data size: 16 Basic stats: COMPLETE Column stats: COMPLETE
                         value expressions: _col1 (type: int)
             Execution mode: vectorized, llap
-            LLAP IO: no inputs
+            LLAP IO: all inputs
         Map 3 
             Map Operator Tree:
                 TableScan
@@ -6784,7 +6784,7 @@ STAGE PLANS:
                         Statistics: Num rows: 1 Data size: 8 Basic stats: COMPLETE Column stats: NONE
                         value expressions: _col1 (type: int)
             Execution mode: vectorized, llap
-            LLAP IO: no inputs
+            LLAP IO: all inputs
         Reducer 2 
             Execution mode: llap
             Reduce Operator Tree:
@@ -6923,7 +6923,7 @@ STAGE PLANS:
                         Statistics: Num rows: 1 Data size: 12 Basic stats: COMPLETE Column stats: COMPLETE
                         value expressions: _col1 (type: bigint)
             Execution mode: vectorized, llap
-            LLAP IO: no inputs
+            LLAP IO: all inputs
         Reducer 2 
             Execution mode: vectorized, llap
             Reduce Operator Tree:
@@ -7064,7 +7064,7 @@ STAGE PLANS:
                           Statistics: Num rows: 1 Data size: 12 Basic stats: COMPLETE Column stats: COMPLETE
                           value expressions: _col1 (type: bigint)
             Execution mode: vectorized, llap
-            LLAP IO: no inputs
+            LLAP IO: all inputs
         Reducer 2 
             Execution mode: vectorized, llap
             Reduce Operator Tree:
diff --git a/ql/src/test/results/clientpositive/llap/subquery_select.q.out b/ql/src/test/results/clientpositive/llap/subquery_select.q.out
index 943cd8cc47..433b2130bf 100644
--- a/ql/src/test/results/clientpositive/llap/subquery_select.q.out
+++ b/ql/src/test/results/clientpositive/llap/subquery_select.q.out
@@ -73,7 +73,7 @@ STAGE PLANS:
                         Statistics: Num rows: 1 Data size: 4 Basic stats: COMPLETE Column stats: COMPLETE
                         value expressions: _col0 (type: int)
             Execution mode: vectorized, llap
-            LLAP IO: no inputs
+            LLAP IO: all inputs
         Reducer 2 
             Execution mode: llap
             Reduce Operator Tree:
@@ -280,7 +280,7 @@ STAGE PLANS:
                         Statistics: Num rows: 13 Data size: 1404 Basic stats: COMPLETE Column stats: COMPLETE
                         value expressions: _col1 (type: int)
             Execution mode: vectorized, llap
-            LLAP IO: no inputs
+            LLAP IO: all inputs
         Reducer 2 
             Execution mode: llap
             Reduce Operator Tree:
@@ -490,7 +490,7 @@ STAGE PLANS:
                         Statistics: Num rows: 1 Data size: 4 Basic stats: COMPLETE Column stats: COMPLETE
                         value expressions: _col0 (type: int)
             Execution mode: vectorized, llap
-            LLAP IO: no inputs
+            LLAP IO: all inputs
         Reducer 2 
             Execution mode: llap
             Reduce Operator Tree:
@@ -714,7 +714,7 @@ STAGE PLANS:
                         Map-reduce partition columns: _col0 (type: string)
                         Statistics: Num rows: 13 Data size: 1352 Basic stats: COMPLETE Column stats: COMPLETE
             Execution mode: vectorized, llap
-            LLAP IO: no inputs
+            LLAP IO: all inputs
         Reducer 2 
             Execution mode: vectorized, llap
             Reduce Operator Tree:
@@ -948,7 +948,7 @@ STAGE PLANS:
                         Map-reduce partition columns: _col0 (type: boolean)
                         Statistics: Num rows: 1 Data size: 4 Basic stats: COMPLETE Column stats: COMPLETE
             Execution mode: vectorized, llap
-            LLAP IO: no inputs
+            LLAP IO: all inputs
         Reducer 2 
             Execution mode: llap
             Reduce Operator Tree:
@@ -1087,7 +1087,7 @@ STAGE PLANS:
                         Map-reduce partition columns: _col0 (type: string)
                         Statistics: Num rows: 13 Data size: 1352 Basic stats: COMPLETE Column stats: COMPLETE
             Execution mode: vectorized, llap
-            LLAP IO: no inputs
+            LLAP IO: all inputs
         Reducer 2 
             Execution mode: llap
             Reduce Operator Tree:
@@ -1225,7 +1225,7 @@ STAGE PLANS:
                         Map-reduce partition columns: _col0 (type: boolean)
                         Statistics: Num rows: 1 Data size: 4 Basic stats: COMPLETE Column stats: COMPLETE
             Execution mode: vectorized, llap
-            LLAP IO: no inputs
+            LLAP IO: all inputs
         Reducer 2 
             Execution mode: llap
             Reduce Operator Tree:
@@ -1364,7 +1364,7 @@ STAGE PLANS:
                         Map-reduce partition columns: _col0 (type: string)
                         Statistics: Num rows: 13 Data size: 1352 Basic stats: COMPLETE Column stats: COMPLETE
             Execution mode: vectorized, llap
-            LLAP IO: no inputs
+            LLAP IO: all inputs
         Reducer 2 
             Execution mode: llap
             Reduce Operator Tree:
@@ -1504,7 +1504,7 @@ STAGE PLANS:
                         Statistics: Num rows: 13 Data size: 1456 Basic stats: COMPLETE Column stats: COMPLETE
                         value expressions: _col1 (type: bigint)
             Execution mode: vectorized, llap
-            LLAP IO: no inputs
+            LLAP IO: all inputs
         Reducer 2 
             Execution mode: llap
             Reduce Operator Tree:
@@ -1643,7 +1643,7 @@ STAGE PLANS:
                         Statistics: Num rows: 13 Data size: 3744 Basic stats: COMPLETE Column stats: COMPLETE
                         value expressions: _col1 (type: string)
             Execution mode: vectorized, llap
-            LLAP IO: no inputs
+            LLAP IO: all inputs
         Reducer 2 
             Execution mode: llap
             Reduce Operator Tree:
@@ -1777,7 +1777,7 @@ STAGE PLANS:
                         Statistics: Num rows: 1 Data size: 4 Basic stats: COMPLETE Column stats: COMPLETE
                         value expressions: _col0 (type: int)
             Execution mode: vectorized, llap
-            LLAP IO: no inputs
+            LLAP IO: all inputs
         Reducer 2 
             Execution mode: llap
             Reduce Operator Tree:
@@ -1936,7 +1936,7 @@ STAGE PLANS:
                         Statistics: Num rows: 1 Data size: 184 Basic stats: COMPLETE Column stats: COMPLETE
                         value expressions: _col0 (type: string)
             Execution mode: vectorized, llap
-            LLAP IO: no inputs
+            LLAP IO: all inputs
         Reducer 2 
             Execution mode: llap
             Reduce Operator Tree:
@@ -2110,7 +2110,7 @@ STAGE PLANS:
                         Map-reduce partition columns: _col0 (type: string)
                         Statistics: Num rows: 166 Data size: 15106 Basic stats: COMPLETE Column stats: COMPLETE
             Execution mode: vectorized, llap
-            LLAP IO: no inputs
+            LLAP IO: all inputs
         Reducer 2 
             Execution mode: llap
             Reduce Operator Tree:
@@ -2271,7 +2271,7 @@ STAGE PLANS:
                       Statistics: Num rows: 26 Data size: 208 Basic stats: COMPLETE Column stats: COMPLETE
                       value expressions: _col1 (type: boolean)
             Execution mode: vectorized, llap
-            LLAP IO: no inputs
+            LLAP IO: all inputs
         Map 4 
             Map Operator Tree:
                 TableScan
@@ -2308,7 +2308,7 @@ STAGE PLANS:
                         Statistics: Num rows: 1 Data size: 16 Basic stats: COMPLETE Column stats: COMPLETE
                         value expressions: _col0 (type: bigint), _col1 (type: bigint)
             Execution mode: vectorized, llap
-            LLAP IO: no inputs
+            LLAP IO: all inputs
         Reducer 2 
             Execution mode: llap
             Reduce Operator Tree:
@@ -2474,7 +2474,7 @@ STAGE PLANS:
                       Statistics: Num rows: 26 Data size: 104 Basic stats: COMPLETE Column stats: COMPLETE
                       value expressions: _col0 (type: int)
             Execution mode: vectorized, llap
-            LLAP IO: no inputs
+            LLAP IO: all inputs
         Map 3 
             Map Operator Tree:
                 TableScan
@@ -2494,7 +2494,7 @@ STAGE PLANS:
                         Statistics: Num rows: 1 Data size: 8 Basic stats: PARTIAL Column stats: COMPLETE
                         value expressions: _col0 (type: bigint)
             Execution mode: vectorized, llap
-            LLAP IO: no inputs
+            LLAP IO: all inputs
         Reducer 2 
             Execution mode: llap
             Reduce Operator Tree:
@@ -2609,7 +2609,7 @@ STAGE PLANS:
                       Statistics: Num rows: 26 Data size: 104 Basic stats: COMPLETE Column stats: COMPLETE
                       value expressions: _col0 (type: int)
             Execution mode: vectorized, llap
-            LLAP IO: no inputs
+            LLAP IO: all inputs
         Map 3 
             Map Operator Tree:
                 TableScan
@@ -2631,7 +2631,7 @@ STAGE PLANS:
                         Statistics: Num rows: 1 Data size: 8 Basic stats: COMPLETE Column stats: NONE
                         value expressions: _col0 (type: int)
             Execution mode: vectorized, llap
-            LLAP IO: no inputs
+            LLAP IO: all inputs
         Reducer 2 
             Execution mode: llap
             Reduce Operator Tree:
@@ -2780,7 +2780,7 @@ STAGE PLANS:
                         Statistics: Num rows: 13 Data size: 1404 Basic stats: COMPLETE Column stats: COMPLETE
                         value expressions: _col1 (type: int)
             Execution mode: vectorized, llap
-            LLAP IO: no inputs
+            LLAP IO: all inputs
         Reducer 2 
             Execution mode: llap
             Reduce Operator Tree:
@@ -2923,7 +2923,7 @@ STAGE PLANS:
                         Statistics: Num rows: 13 Data size: 1456 Basic stats: COMPLETE Column stats: COMPLETE
                         value expressions: _col1 (type: bigint)
             Execution mode: vectorized, llap
-            LLAP IO: no inputs
+            LLAP IO: all inputs
         Reducer 2 
             Execution mode: llap
             Reduce Operator Tree:
@@ -3062,7 +3062,7 @@ STAGE PLANS:
                         sort order: +
                         Statistics: Num rows: 26 Data size: 104 Basic stats: COMPLETE Column stats: COMPLETE
             Execution mode: vectorized, llap
-            LLAP IO: no inputs
+            LLAP IO: all inputs
         Reducer 2 
             Execution mode: llap
             Reduce Operator Tree:
@@ -3236,7 +3236,7 @@ STAGE PLANS:
                         Statistics: Num rows: 1 Data size: 184 Basic stats: COMPLETE Column stats: COMPLETE
                         value expressions: _col0 (type: string)
             Execution mode: vectorized, llap
-            LLAP IO: no inputs
+            LLAP IO: all inputs
         Reducer 2 
             Execution mode: llap
             Reduce Operator Tree:
@@ -3490,7 +3490,7 @@ STAGE PLANS:
                         Map-reduce partition columns: _col0 (type: string)
                         Statistics: Num rows: 13 Data size: 1352 Basic stats: COMPLETE Column stats: COMPLETE
             Execution mode: vectorized, llap
-            LLAP IO: no inputs
+            LLAP IO: all inputs
         Reducer 2 
             Execution mode: llap
             Reduce Operator Tree:
@@ -3645,7 +3645,7 @@ STAGE PLANS:
                       sort order: 
                       Statistics: Num rows: 26 Data size: 104 Basic stats: COMPLETE Column stats: COMPLETE
             Execution mode: vectorized, llap
-            LLAP IO: no inputs
+            LLAP IO: all inputs
         Reducer 2 
             Execution mode: llap
             Reduce Operator Tree:
@@ -3953,7 +3953,7 @@ STAGE PLANS:
                           Statistics: Num rows: 1 Data size: 4 Basic stats: COMPLETE Column stats: COMPLETE
                           value expressions: _col0 (type: int)
             Execution mode: vectorized, llap
-            LLAP IO: no inputs
+            LLAP IO: all inputs
         Reducer 2 
             Execution mode: llap
             Reduce Operator Tree:
@@ -4178,7 +4178,7 @@ STAGE PLANS:
                         Statistics: Num rows: 1 Data size: 8 Basic stats: COMPLETE Column stats: COMPLETE
                         value expressions: _col0 (type: bigint)
             Execution mode: vectorized, llap
-            LLAP IO: no inputs
+            LLAP IO: all inputs
         Reducer 2 
             Execution mode: vectorized, llap
             Reduce Operator Tree:
@@ -4341,7 +4341,7 @@ STAGE PLANS:
                         Map-reduce partition columns: _col0 (type: int)
                         Statistics: Num rows: 13 Data size: 1404 Basic stats: COMPLETE Column stats: COMPLETE
             Execution mode: vectorized, llap
-            LLAP IO: no inputs
+            LLAP IO: all inputs
         Reducer 2 
             Execution mode: llap
             Reduce Operator Tree:
@@ -4569,7 +4569,7 @@ STAGE PLANS:
                         Statistics: Num rows: 1 Data size: 8 Basic stats: COMPLETE Column stats: COMPLETE
                         value expressions: _col0 (type: bigint)
             Execution mode: vectorized, llap
-            LLAP IO: no inputs
+            LLAP IO: all inputs
         Reducer 2 
             Execution mode: llap
             Reduce Operator Tree:
@@ -4800,7 +4800,7 @@ STAGE PLANS:
                         Map-reduce partition columns: _col0 (type: string), _col1 (type: int)
                         Statistics: Num rows: 26 Data size: 2808 Basic stats: COMPLETE Column stats: COMPLETE
             Execution mode: vectorized, llap
-            LLAP IO: no inputs
+            LLAP IO: all inputs
         Map 5 
             Map Operator Tree:
                 TableScan
@@ -4821,7 +4821,7 @@ STAGE PLANS:
                         Map-reduce partition columns: _col0 (type: string), _col1 (type: int)
                         Statistics: Num rows: 26 Data size: 2808 Basic stats: COMPLETE Column stats: COMPLETE
             Execution mode: vectorized, llap
-            LLAP IO: no inputs
+            LLAP IO: all inputs
         Reducer 2 
             Execution mode: llap
             Reduce Operator Tree:
@@ -5029,7 +5029,7 @@ STAGE PLANS:
                         Statistics: Num rows: 13 Data size: 156 Basic stats: COMPLETE Column stats: COMPLETE
                         value expressions: _col1 (type: bigint)
             Execution mode: vectorized, llap
-            LLAP IO: no inputs
+            LLAP IO: all inputs
         Reducer 2 
             Execution mode: llap
             Reduce Operator Tree:
@@ -5363,7 +5363,7 @@ STAGE PLANS:
                         Map-reduce partition columns: _col0 (type: string), _col1 (type: int)
                         Statistics: Num rows: 26 Data size: 2808 Basic stats: COMPLETE Column stats: COMPLETE
             Execution mode: vectorized, llap
-            LLAP IO: no inputs
+            LLAP IO: all inputs
         Reducer 10 
             Execution mode: vectorized, llap
             Reduce Operator Tree:
@@ -5696,7 +5696,7 @@ STAGE PLANS:
                         Statistics: Num rows: 13 Data size: 1404 Basic stats: COMPLETE Column stats: COMPLETE
                         value expressions: _col1 (type: int)
             Execution mode: vectorized, llap
-            LLAP IO: no inputs
+            LLAP IO: all inputs
         Reducer 2 
             Execution mode: llap
             Reduce Operator Tree:
diff --git a/ql/src/test/results/clientpositive/llap/subquery_unqual_corr_expr.q.out b/ql/src/test/results/clientpositive/llap/subquery_unqual_corr_expr.q.out
index 0d8e3f1bcb..58d8d764ce 100644
--- a/ql/src/test/results/clientpositive/llap/subquery_unqual_corr_expr.q.out
+++ b/ql/src/test/results/clientpositive/llap/subquery_unqual_corr_expr.q.out
@@ -38,7 +38,7 @@ STAGE PLANS:
                       Statistics: Num rows: 500 Data size: 89000 Basic stats: COMPLETE Column stats: COMPLETE
                       value expressions: key (type: string), value (type: string)
             Execution mode: vectorized, llap
-            LLAP IO: no inputs
+            LLAP IO: all inputs
         Map 3 
             Map Operator Tree:
                 TableScan
@@ -65,7 +65,7 @@ STAGE PLANS:
                           Map-reduce partition columns: _col0 (type: string)
                           Statistics: Num rows: 250 Data size: 21750 Basic stats: COMPLETE Column stats: COMPLETE
             Execution mode: vectorized, llap
-            LLAP IO: no inputs
+            LLAP IO: all inputs
         Reducer 2 
             Execution mode: llap
             Reduce Operator Tree:
@@ -146,7 +146,7 @@ STAGE PLANS:
                     Statistics: Num rows: 500 Data size: 89000 Basic stats: COMPLETE Column stats: COMPLETE
                     value expressions: key (type: string), value (type: string)
             Execution mode: vectorized, llap
-            LLAP IO: no inputs
+            LLAP IO: all inputs
         Map 4 
             Map Operator Tree:
                 TableScan
@@ -179,7 +179,7 @@ STAGE PLANS:
                           Statistics: Num rows: 1 Data size: 8 Basic stats: COMPLETE Column stats: COMPLETE
                           value expressions: _col0 (type: bigint)
             Execution mode: vectorized, llap
-            LLAP IO: no inputs
+            LLAP IO: all inputs
         Reducer 2 
             Execution mode: llap
             Reduce Operator Tree:
diff --git a/ql/src/test/results/clientpositive/llap/subquery_unqualcolumnrefs.q.out b/ql/src/test/results/clientpositive/llap/subquery_unqualcolumnrefs.q.out
index 5b25b1c603..2d84ccefdb 100644
--- a/ql/src/test/results/clientpositive/llap/subquery_unqualcolumnrefs.q.out
+++ b/ql/src/test/results/clientpositive/llap/subquery_unqualcolumnrefs.q.out
@@ -76,7 +76,7 @@ STAGE PLANS:
                         Map-reduce partition columns: _col0 (type: string), _col1 (type: string)
                         Statistics: Num rows: 1 Data size: 368 Basic stats: COMPLETE Column stats: NONE
             Execution mode: vectorized, llap
-            LLAP IO: no inputs
+            LLAP IO: all inputs
         Map 3 
             Map Operator Tree:
                 TableScan
@@ -103,7 +103,7 @@ STAGE PLANS:
                           Map-reduce partition columns: _col0 (type: string), _col1 (type: string)
                           Statistics: Num rows: 83 Data size: 14774 Basic stats: COMPLETE Column stats: COMPLETE
             Execution mode: vectorized, llap
-            LLAP IO: no inputs
+            LLAP IO: all inputs
         Reducer 2 
             Execution mode: llap
             Reduce Operator Tree:
@@ -169,7 +169,7 @@ STAGE PLANS:
                         Map-reduce partition columns: _col0 (type: string), _col1 (type: string)
                         Statistics: Num rows: 166 Data size: 29548 Basic stats: COMPLETE Column stats: COMPLETE
             Execution mode: vectorized, llap
-            LLAP IO: no inputs
+            LLAP IO: all inputs
         Map 3 
             Map Operator Tree:
                 TableScan
@@ -196,7 +196,7 @@ STAGE PLANS:
                           Map-reduce partition columns: _col0 (type: string), _col1 (type: string)
                           Statistics: Num rows: 83 Data size: 14774 Basic stats: COMPLETE Column stats: COMPLETE
             Execution mode: vectorized, llap
-            LLAP IO: no inputs
+            LLAP IO: all inputs
         Reducer 2 
             Execution mode: llap
             Reduce Operator Tree:
@@ -276,7 +276,7 @@ STAGE PLANS:
                         Map-reduce partition columns: _col0 (type: string), _col1 (type: string)
                         Statistics: Num rows: 166 Data size: 29548 Basic stats: COMPLETE Column stats: COMPLETE
             Execution mode: vectorized, llap
-            LLAP IO: no inputs
+            LLAP IO: all inputs
         Map 3 
             Map Operator Tree:
                 TableScan
@@ -303,7 +303,7 @@ STAGE PLANS:
                           Map-reduce partition columns: _col0 (type: string), _col1 (type: string)
                           Statistics: Num rows: 83 Data size: 14774 Basic stats: COMPLETE Column stats: COMPLETE
             Execution mode: vectorized, llap
-            LLAP IO: no inputs
+            LLAP IO: all inputs
         Reducer 2 
             Execution mode: llap
             Reduce Operator Tree:
@@ -419,7 +419,7 @@ STAGE PLANS:
                         Statistics: Num rows: 26 Data size: 5798 Basic stats: COMPLETE Column stats: COMPLETE
                         value expressions: p_name (type: string)
             Execution mode: vectorized, llap
-            LLAP IO: no inputs
+            LLAP IO: all inputs
         Reducer 2 
             Execution mode: llap
             Reduce Operator Tree:
diff --git a/ql/src/test/results/clientpositive/llap/subquery_views.q.out b/ql/src/test/results/clientpositive/llap/subquery_views.q.out
index 52bcc3b918..d8db14ef99 100644
--- a/ql/src/test/results/clientpositive/llap/subquery_views.q.out
+++ b/ql/src/test/results/clientpositive/llap/subquery_views.q.out
@@ -219,7 +219,7 @@ STAGE PLANS:
                         Map-reduce partition columns: _col0 (type: string)
                         Statistics: Num rows: 83 Data size: 7221 Basic stats: COMPLETE Column stats: COMPLETE
             Execution mode: vectorized, llap
-            LLAP IO: no inputs
+            LLAP IO: all inputs
         Reducer 10 
             Execution mode: vectorized, llap
             Reduce Operator Tree:
diff --git a/ql/src/test/results/clientpositive/llap/tablevalues.q.out b/ql/src/test/results/clientpositive/llap/tablevalues.q.out
index 8a1d639f06..a7cb8f63cd 100644
--- a/ql/src/test/results/clientpositive/llap/tablevalues.q.out
+++ b/ql/src/test/results/clientpositive/llap/tablevalues.q.out
@@ -363,7 +363,7 @@ STAGE PLANS:
                       sort order: 
                       Statistics: Num rows: 5 Data size: 20 Basic stats: COMPLETE Column stats: COMPLETE
             Execution mode: vectorized, llap
-            LLAP IO: no inputs
+            LLAP IO: all inputs
         Reducer 2 
             Execution mode: llap
             Reduce Operator Tree:
@@ -573,7 +573,7 @@ STAGE PLANS:
                       sort order: 
                       Statistics: Num rows: 5 Data size: 20 Basic stats: COMPLETE Column stats: COMPLETE
             Execution mode: vectorized, llap
-            LLAP IO: no inputs
+            LLAP IO: all inputs
         Map 3 
             Map Operator Tree:
                 TableScan
@@ -870,7 +870,7 @@ STAGE PLANS:
                     Map-reduce partition columns: 0 (type: int)
                     Statistics: Num rows: 5 Data size: 430 Basic stats: COMPLETE Column stats: COMPLETE
             Execution mode: vectorized, llap
-            LLAP IO: no inputs
+            LLAP IO: all inputs
         Reducer 2 
             Execution mode: llap
             Reduce Operator Tree:
diff --git a/ql/src/test/results/clientpositive/llap/temp_table.q.out b/ql/src/test/results/clientpositive/llap/temp_table.q.out
index 488e8e4379..88c3545f10 100644
--- a/ql/src/test/results/clientpositive/llap/temp_table.q.out
+++ b/ql/src/test/results/clientpositive/llap/temp_table.q.out
@@ -42,7 +42,7 @@ STAGE PLANS:
                             serde: org.apache.hadoop.hive.serde2.lazy.LazySimpleSerDe
                             name: default.foo
             Execution mode: vectorized, llap
-            LLAP IO: no inputs
+            LLAP IO: all inputs
 
   Stage: Stage-2
     Dependency Collection
@@ -121,7 +121,7 @@ STAGE PLANS:
                             serde: org.apache.hadoop.hive.serde2.lazy.LazySimpleSerDe
                             name: default.bar
             Execution mode: vectorized, llap
-            LLAP IO: no inputs
+            LLAP IO: all inputs
 
   Stage: Stage-2
     Dependency Collection
@@ -240,7 +240,7 @@ STAGE PLANS:
                         Statistics: Num rows: 247 Data size: 86848 Basic stats: COMPLETE Column stats: NONE
                         value expressions: _col1 (type: string)
             Execution mode: vectorized, llap
-            LLAP IO: no inputs
+            LLAP IO: all inputs
         Reducer 2 
             Execution mode: vectorized, llap
             Reduce Operator Tree:
@@ -329,7 +329,7 @@ STAGE PLANS:
                         Statistics: Num rows: 500 Data size: 175904 Basic stats: COMPLETE Column stats: NONE
                         value expressions: _col1 (type: string)
             Execution mode: vectorized, llap
-            LLAP IO: no inputs
+            LLAP IO: all inputs
         Map 4 
             Map Operator Tree:
                 TableScan
@@ -352,7 +352,7 @@ STAGE PLANS:
                         Statistics: Num rows: 500 Data size: 175904 Basic stats: COMPLETE Column stats: NONE
                         value expressions: _col1 (type: string)
             Execution mode: vectorized, llap
-            LLAP IO: no inputs
+            LLAP IO: all inputs
         Reducer 3 
             Execution mode: vectorized, llap
             Reduce Operator Tree:
diff --git a/ql/src/test/results/clientpositive/llap/temp_table_alter_partition_coltype.q.out b/ql/src/test/results/clientpositive/llap/temp_table_alter_partition_coltype.q.out
index 90d769b016..d4256c0306 100644
--- a/ql/src/test/results/clientpositive/llap/temp_table_alter_partition_coltype.q.out
+++ b/ql/src/test/results/clientpositive/llap/temp_table_alter_partition_coltype.q.out
@@ -180,7 +180,7 @@ STAGE PLANS:
                           value expressions: _col0 (type: bigint)
                           auto parallelism: false
             Execution mode: vectorized, llap
-            LLAP IO: no inputs
+            LLAP IO: all inputs
             Path -> Alias:
 #### A masked pattern was here ####
             Path -> Partition:
@@ -369,7 +369,7 @@ STAGE PLANS:
                           value expressions: _col0 (type: bigint)
                           auto parallelism: false
             Execution mode: vectorized, llap
-            LLAP IO: no inputs
+            LLAP IO: all inputs
             Path -> Alias:
 #### A masked pattern was here ####
             Path -> Partition:
diff --git a/ql/src/test/results/clientpositive/llap/temp_table_display_colstats_tbllvl.q.out b/ql/src/test/results/clientpositive/llap/temp_table_display_colstats_tbllvl.q.out
index 84cfe57665..a7b31d247b 100644
--- a/ql/src/test/results/clientpositive/llap/temp_table_display_colstats_tbllvl.q.out
+++ b/ql/src/test/results/clientpositive/llap/temp_table_display_colstats_tbllvl.q.out
@@ -197,7 +197,7 @@ STAGE PLANS:
                         Statistics: Num rows: 1 Data size: 752 Basic stats: COMPLETE Column stats: NONE
                         value expressions: _col0 (type: int), _col1 (type: struct<count:bigint,sum:double,input:int>), _col2 (type: bigint), _col3 (type: bigint), _col4 (type: binary), _col5 (type: int), _col6 (type: int), _col7 (type: bigint), _col8 (type: binary), _col9 (type: float), _col10 (type: float), _col11 (type: bigint), _col12 (type: binary)
             Execution mode: llap
-            LLAP IO: no inputs
+            LLAP IO: all inputs
         Reducer 2 
             Execution mode: llap
             Reduce Operator Tree:
@@ -277,7 +277,7 @@ STAGE PLANS:
                         value expressions: _col0 (type: int), _col1 (type: struct<count:bigint,sum:double,input:int>), _col2 (type: bigint), _col3 (type: bigint), _col4 (type: binary), _col5 (type: int), _col6 (type: int), _col7 (type: bigint), _col8 (type: binary), _col9 (type: float), _col10 (type: float), _col11 (type: bigint), _col12 (type: binary)
                         auto parallelism: false
             Execution mode: llap
-            LLAP IO: no inputs
+            LLAP IO: all inputs
             Path -> Alias:
 #### A masked pattern was here ####
             Path -> Partition:
@@ -561,7 +561,7 @@ STAGE PLANS:
                         Statistics: Num rows: 1 Data size: 1024 Basic stats: COMPLETE Column stats: NONE
                         value expressions: _col0 (type: int), _col1 (type: int), _col2 (type: bigint), _col3 (type: bigint), _col4 (type: binary), _col5 (type: double), _col6 (type: double), _col7 (type: bigint), _col8 (type: binary), _col9 (type: int), _col10 (type: struct<count:bigint,sum:double,input:int>), _col11 (type: bigint), _col12 (type: binary), _col13 (type: bigint), _col14 (type: bigint), _col15 (type: bigint), _col16 (type: int), _col17 (type: struct<count:bigint,sum:double,input:int>), _col18 (type: bigint)
             Execution mode: llap
-            LLAP IO: no inputs
+            LLAP IO: all inputs
         Reducer 2 
             Execution mode: llap
             Reduce Operator Tree:
diff --git a/ql/src/test/results/clientpositive/llap/temp_table_insert1_overwrite_partitions.q.out b/ql/src/test/results/clientpositive/llap/temp_table_insert1_overwrite_partitions.q.out
index ca0c412fc8..6559243f7b 100644
--- a/ql/src/test/results/clientpositive/llap/temp_table_insert1_overwrite_partitions.q.out
+++ b/ql/src/test/results/clientpositive/llap/temp_table_insert1_overwrite_partitions.q.out
@@ -81,7 +81,7 @@ STAGE PLANS:
                         sort order: --
                         Statistics: Num rows: 99 Data size: 31648 Basic stats: PARTIAL Column stats: NONE
             Execution mode: vectorized, llap
-            LLAP IO: no inputs
+            LLAP IO: all inputs
         Reducer 2 
             Execution mode: llap
             Reduce Operator Tree:
@@ -284,7 +284,7 @@ STAGE PLANS:
                         sort order: --
                         Statistics: Num rows: 99 Data size: 31648 Basic stats: PARTIAL Column stats: NONE
             Execution mode: vectorized, llap
-            LLAP IO: no inputs
+            LLAP IO: all inputs
         Reducer 2 
             Execution mode: vectorized, llap
             Reduce Operator Tree:
@@ -423,7 +423,7 @@ STAGE PLANS:
                         sort order: --
                         Statistics: Num rows: 99 Data size: 31648 Basic stats: PARTIAL Column stats: NONE
             Execution mode: vectorized, llap
-            LLAP IO: no inputs
+            LLAP IO: all inputs
         Reducer 2 
             Execution mode: llap
             Reduce Operator Tree:
diff --git a/ql/src/test/results/clientpositive/llap/temp_table_insert2_overwrite_partitions.q.out b/ql/src/test/results/clientpositive/llap/temp_table_insert2_overwrite_partitions.q.out
index c10183354d..fb28a6c477 100644
--- a/ql/src/test/results/clientpositive/llap/temp_table_insert2_overwrite_partitions.q.out
+++ b/ql/src/test/results/clientpositive/llap/temp_table_insert2_overwrite_partitions.q.out
@@ -92,7 +92,7 @@ STAGE PLANS:
                         sort order: --
                         Statistics: Num rows: 124 Data size: 40480 Basic stats: PARTIAL Column stats: NONE
             Execution mode: vectorized, llap
-            LLAP IO: no inputs
+            LLAP IO: all inputs
         Reducer 2 
             Execution mode: llap
             Reduce Operator Tree:
@@ -251,7 +251,7 @@ STAGE PLANS:
                         sort order: --
                         Statistics: Num rows: 124 Data size: 40480 Basic stats: PARTIAL Column stats: NONE
             Execution mode: vectorized, llap
-            LLAP IO: no inputs
+            LLAP IO: all inputs
         Reducer 2 
             Execution mode: llap
             Reduce Operator Tree:
diff --git a/ql/src/test/results/clientpositive/llap/temp_table_join1.q.out b/ql/src/test/results/clientpositive/llap/temp_table_join1.q.out
index 9ade6b9eb9..9b261ba08c 100644
--- a/ql/src/test/results/clientpositive/llap/temp_table_join1.q.out
+++ b/ql/src/test/results/clientpositive/llap/temp_table_join1.q.out
@@ -64,7 +64,7 @@ STAGE PLANS:
                         Map-reduce partition columns: _col0 (type: string)
                         Statistics: Num rows: 10 Data size: 870 Basic stats: COMPLETE Column stats: COMPLETE
             Execution mode: vectorized, llap
-            LLAP IO: no inputs
+            LLAP IO: all inputs
         Map 3 
             Map Operator Tree:
                 TableScan
@@ -86,7 +86,7 @@ STAGE PLANS:
                         Statistics: Num rows: 10 Data size: 1780 Basic stats: COMPLETE Column stats: COMPLETE
                         value expressions: _col1 (type: string)
             Execution mode: vectorized, llap
-            LLAP IO: no inputs
+            LLAP IO: all inputs
         Reducer 2 
             Execution mode: llap
             Reduce Operator Tree:
@@ -182,7 +182,7 @@ STAGE PLANS:
                         Map-reduce partition columns: _col0 (type: string)
                         Statistics: Num rows: 10 Data size: 870 Basic stats: COMPLETE Column stats: COMPLETE
             Execution mode: vectorized, llap
-            LLAP IO: no inputs
+            LLAP IO: all inputs
         Map 3 
             Map Operator Tree:
                 TableScan
@@ -204,7 +204,7 @@ STAGE PLANS:
                         Statistics: Num rows: 10 Data size: 3680 Basic stats: COMPLETE Column stats: NONE
                         value expressions: _col1 (type: string)
             Execution mode: vectorized, llap
-            LLAP IO: no inputs
+            LLAP IO: all inputs
         Reducer 2 
             Execution mode: llap
             Reduce Operator Tree:
@@ -300,7 +300,7 @@ STAGE PLANS:
                         Map-reduce partition columns: _col0 (type: string)
                         Statistics: Num rows: 10 Data size: 1840 Basic stats: COMPLETE Column stats: NONE
             Execution mode: vectorized, llap
-            LLAP IO: no inputs
+            LLAP IO: all inputs
         Map 3 
             Map Operator Tree:
                 TableScan
@@ -322,7 +322,7 @@ STAGE PLANS:
                         Statistics: Num rows: 10 Data size: 3680 Basic stats: COMPLETE Column stats: NONE
                         value expressions: _col1 (type: string)
             Execution mode: vectorized, llap
-            LLAP IO: no inputs
+            LLAP IO: all inputs
         Reducer 2 
             Execution mode: llap
             Reduce Operator Tree:
diff --git a/ql/src/test/results/clientpositive/llap/temp_table_llap_partitioned.q.out b/ql/src/test/results/clientpositive/llap/temp_table_llap_partitioned.q.out
index 892db33b58..757fd4b422 100644
--- a/ql/src/test/results/clientpositive/llap/temp_table_llap_partitioned.q.out
+++ b/ql/src/test/results/clientpositive/llap/temp_table_llap_partitioned.q.out
@@ -2410,7 +2410,7 @@ STAGE PLANS:
                         Statistics: Num rows: 1 Data size: 694 Basic stats: COMPLETE Column stats: NONE
                         value expressions: _col0 (type: bigint)
             Execution mode: vectorized, llap
-            LLAP IO: no inputs
+            LLAP IO: all inputs
             Map Vectorization:
                 enabled: true
                 enabledConditionsMet: hive.vectorized.use.vector.serde.deserialize IS true
diff --git a/ql/src/test/results/clientpositive/llap/temp_table_load_dyn_part1.q.out b/ql/src/test/results/clientpositive/llap/temp_table_load_dyn_part1.q.out
index 1bbf040d59..2ff42aa2bf 100644
--- a/ql/src/test/results/clientpositive/llap/temp_table_load_dyn_part1.q.out
+++ b/ql/src/test/results/clientpositive/llap/temp_table_load_dyn_part1.q.out
@@ -113,7 +113,7 @@ STAGE PLANS:
                             serde: org.apache.hadoop.hive.serde2.lazy.LazySimpleSerDe
                             name: default.temp_part2_n0
             Execution mode: vectorized, llap
-            LLAP IO: no inputs
+            LLAP IO: all inputs
 
   Stage: Stage-3
     Dependency Collection
diff --git a/ql/src/test/results/clientpositive/llap/temp_table_merge_dynamic_partition.q.out b/ql/src/test/results/clientpositive/llap/temp_table_merge_dynamic_partition.q.out
index 1c40489871..a0f7e1a292 100644
--- a/ql/src/test/results/clientpositive/llap/temp_table_merge_dynamic_partition.q.out
+++ b/ql/src/test/results/clientpositive/llap/temp_table_merge_dynamic_partition.q.out
@@ -90,7 +90,7 @@ STAGE PLANS:
                       Statistics: Num rows: 99 Data size: 49864 Basic stats: PARTIAL Column stats: PARTIAL
                       value expressions: _col0 (type: string), _col1 (type: string)
             Execution mode: llap
-            LLAP IO: no inputs
+            LLAP IO: all inputs
         Reducer 2 
             Execution mode: llap
             Reduce Operator Tree:
@@ -729,7 +729,7 @@ STAGE PLANS:
                           Statistics: Num rows: 99 Data size: 31648 Basic stats: PARTIAL Column stats: NONE
                           value expressions: _col2 (type: int), _col3 (type: struct<count:bigint,sum:double,input:int>), _col4 (type: bigint), _col5 (type: bigint), _col6 (type: binary), _col7 (type: int), _col8 (type: struct<count:bigint,sum:double,input:int>), _col9 (type: bigint), _col10 (type: binary)
             Execution mode: llap
-            LLAP IO: no inputs
+            LLAP IO: all inputs
         Reducer 2 
             Execution mode: llap
             Reduce Operator Tree:
@@ -1358,7 +1358,7 @@ STAGE PLANS:
                       Statistics: Num rows: 99 Data size: 49864 Basic stats: PARTIAL Column stats: PARTIAL
                       value expressions: _col0 (type: string), _col1 (type: string)
             Execution mode: llap
-            LLAP IO: no inputs
+            LLAP IO: all inputs
         Reducer 2 
             Execution mode: llap
             Reduce Operator Tree:
diff --git a/ql/src/test/results/clientpositive/llap/temp_table_merge_dynamic_partition2.q.out b/ql/src/test/results/clientpositive/llap/temp_table_merge_dynamic_partition2.q.out
index c1fb807b9d..d304be18f2 100644
--- a/ql/src/test/results/clientpositive/llap/temp_table_merge_dynamic_partition2.q.out
+++ b/ql/src/test/results/clientpositive/llap/temp_table_merge_dynamic_partition2.q.out
@@ -109,7 +109,7 @@ STAGE PLANS:
                       Statistics: Num rows: 297 Data size: 148488 Basic stats: PARTIAL Column stats: PARTIAL
                       value expressions: _col0 (type: string), _col1 (type: string)
             Execution mode: llap
-            LLAP IO: no inputs
+            LLAP IO: all inputs
         Reducer 2 
             Execution mode: llap
             Reduce Operator Tree:
diff --git a/ql/src/test/results/clientpositive/llap/temp_table_merge_dynamic_partition3.q.out b/ql/src/test/results/clientpositive/llap/temp_table_merge_dynamic_partition3.q.out
index 57b42d696e..17dcccfe5d 100644
--- a/ql/src/test/results/clientpositive/llap/temp_table_merge_dynamic_partition3.q.out
+++ b/ql/src/test/results/clientpositive/llap/temp_table_merge_dynamic_partition3.q.out
@@ -174,7 +174,7 @@ STAGE PLANS:
                       Statistics: Num rows: 594 Data size: 405536 Basic stats: PARTIAL Column stats: PARTIAL
                       value expressions: _col0 (type: string), _col1 (type: string)
             Execution mode: llap
-            LLAP IO: no inputs
+            LLAP IO: all inputs
         Reducer 2 
             Execution mode: llap
             Reduce Operator Tree:
diff --git a/ql/src/test/results/clientpositive/llap/temp_table_partition_boolexpr.q.out b/ql/src/test/results/clientpositive/llap/temp_table_partition_boolexpr.q.out
index 0f18cdaf45..09f52de5f5 100644
--- a/ql/src/test/results/clientpositive/llap/temp_table_partition_boolexpr.q.out
+++ b/ql/src/test/results/clientpositive/llap/temp_table_partition_boolexpr.q.out
@@ -292,7 +292,7 @@ STAGE PLANS:
                           Statistics: Num rows: 1 Data size: 8 Basic stats: COMPLETE Column stats: NONE
                           value expressions: _col0 (type: bigint)
             Execution mode: llap
-            LLAP IO: no inputs
+            LLAP IO: all inputs
         Reducer 2 
             Execution mode: vectorized, llap
             Reduce Operator Tree:
diff --git a/ql/src/test/results/clientpositive/llap/temp_table_partition_ctas.q.out b/ql/src/test/results/clientpositive/llap/temp_table_partition_ctas.q.out
index cdb674c476..9bdc925a6e 100644
--- a/ql/src/test/results/clientpositive/llap/temp_table_partition_ctas.q.out
+++ b/ql/src/test/results/clientpositive/llap/temp_table_partition_ctas.q.out
@@ -50,7 +50,7 @@ STAGE PLANS:
                         Statistics: Num rows: 55 Data size: 9790 Basic stats: COMPLETE Column stats: COMPLETE
                         value expressions: _col0 (type: string)
             Execution mode: vectorized, llap
-            LLAP IO: no inputs
+            LLAP IO: all inputs
         Reducer 2 
             Execution mode: vectorized, llap
             Reduce Operator Tree:
diff --git a/ql/src/test/results/clientpositive/llap/temp_table_partition_multilevels.q.out b/ql/src/test/results/clientpositive/llap/temp_table_partition_multilevels.q.out
index 1fcd595dab..9bcab493cf 100644
--- a/ql/src/test/results/clientpositive/llap/temp_table_partition_multilevels.q.out
+++ b/ql/src/test/results/clientpositive/llap/temp_table_partition_multilevels.q.out
@@ -1019,7 +1019,7 @@ STAGE PLANS:
                         Statistics: Num rows: 6 Data size: 2256 Basic stats: COMPLETE Column stats: COMPLETE
                         value expressions: _col2 (type: bigint)
             Execution mode: vectorized, llap
-            LLAP IO: no inputs
+            LLAP IO: all inputs
         Reducer 2 
             Execution mode: vectorized, llap
             Reduce Operator Tree:
@@ -1628,7 +1628,7 @@ STAGE PLANS:
                         Statistics: Num rows: 6 Data size: 2256 Basic stats: COMPLETE Column stats: COMPLETE
                         value expressions: _col2 (type: bigint)
             Execution mode: vectorized, llap
-            LLAP IO: no inputs
+            LLAP IO: all inputs
         Reducer 2 
             Execution mode: vectorized, llap
             Reduce Operator Tree:
diff --git a/ql/src/test/results/clientpositive/llap/tez_bmj_schema_evolution.q.out b/ql/src/test/results/clientpositive/llap/tez_bmj_schema_evolution.q.out
index faf36c2032..1aef9c54c7 100644
--- a/ql/src/test/results/clientpositive/llap/tez_bmj_schema_evolution.q.out
+++ b/ql/src/test/results/clientpositive/llap/tez_bmj_schema_evolution.q.out
@@ -123,7 +123,7 @@ STAGE PLANS:
                           Statistics: Num rows: 1650 Data size: 156750 Basic stats: COMPLETE Column stats: COMPLETE
                           value expressions: _col1 (type: string)
             Execution mode: vectorized, llap
-            LLAP IO: some inputs
+            LLAP IO: all inputs
         Map 3 
             Map Operator Tree:
                 TableScan
@@ -144,7 +144,7 @@ STAGE PLANS:
                         Map-reduce partition columns: _col0 (type: int)
                         Statistics: Num rows: 500 Data size: 2000 Basic stats: COMPLETE Column stats: COMPLETE
             Execution mode: vectorized, llap
-            LLAP IO: no inputs
+            LLAP IO: all inputs
         Reducer 2 
             Execution mode: vectorized, llap
             Reduce Operator Tree:
diff --git a/ql/src/test/results/clientpositive/llap/tez_compile_counters.q.out b/ql/src/test/results/clientpositive/llap/tez_compile_counters.q.out
index f6f457765a..4c0cb81a1a 100644
--- a/ql/src/test/results/clientpositive/llap/tez_compile_counters.q.out
+++ b/ql/src/test/results/clientpositive/llap/tez_compile_counters.q.out
@@ -1428,7 +1428,7 @@ STAGE PLANS:
                           Statistics: Num rows: 309 Data size: 56856 Basic stats: COMPLETE Column stats: COMPLETE
                           Target Vertex: Map 4
             Execution mode: vectorized, llap
-            LLAP IO: no inputs
+            LLAP IO: all inputs
         Map 4 
             Map Operator Tree:
                 TableScan
@@ -1447,7 +1447,7 @@ STAGE PLANS:
                       Statistics: Num rows: 240 Data size: 45120 Basic stats: COMPLETE Column stats: COMPLETE
                       value expressions: _col0 (type: int)
             Execution mode: vectorized, llap
-            LLAP IO: no inputs
+            LLAP IO: all inputs
         Reducer 2 
             Execution mode: llap
             Reduce Operator Tree:
diff --git a/ql/src/test/results/clientpositive/llap/tez_dml.q.out b/ql/src/test/results/clientpositive/llap/tez_dml.q.out
index 93b5a85cf4..33c2f55fe9 100644
--- a/ql/src/test/results/clientpositive/llap/tez_dml.q.out
+++ b/ql/src/test/results/clientpositive/llap/tez_dml.q.out
@@ -48,7 +48,7 @@ STAGE PLANS:
                         Statistics: Num rows: 250 Data size: 24750 Basic stats: COMPLETE Column stats: COMPLETE
                         value expressions: _col1 (type: bigint)
             Execution mode: vectorized, llap
-            LLAP IO: no inputs
+            LLAP IO: all inputs
         Reducer 2 
             Execution mode: vectorized, llap
             Reduce Operator Tree:
@@ -520,7 +520,7 @@ STAGE PLANS:
                           Statistics: Num rows: 5 Data size: 1220 Basic stats: COMPLETE Column stats: COMPLETE
                           value expressions: _col1 (type: int), _col2 (type: struct<count:bigint,sum:double,input:int>), _col3 (type: bigint), _col4 (type: bigint), _col5 (type: binary)
             Execution mode: llap
-            LLAP IO: no inputs
+            LLAP IO: all inputs
         Reducer 2 
             Execution mode: llap
             Reduce Operator Tree:
@@ -1025,7 +1025,7 @@ STAGE PLANS:
                             Statistics: Num rows: 1 Data size: 400 Basic stats: COMPLETE Column stats: COMPLETE
                             value expressions: _col0 (type: int), _col1 (type: int), _col2 (type: bigint), _col3 (type: bigint), _col4 (type: binary), _col5 (type: int), _col6 (type: struct<count:bigint,sum:double,input:int>), _col7 (type: bigint), _col8 (type: binary)
             Execution mode: llap
-            LLAP IO: no inputs
+            LLAP IO: all inputs
         Reducer 2 
             Execution mode: llap
             Reduce Operator Tree:
diff --git a/ql/src/test/results/clientpositive/llap/tez_dynpart_hashjoin_2.q.out b/ql/src/test/results/clientpositive/llap/tez_dynpart_hashjoin_2.q.out
index 7e47e15f11..2fbc9ded03 100644
--- a/ql/src/test/results/clientpositive/llap/tez_dynpart_hashjoin_2.q.out
+++ b/ql/src/test/results/clientpositive/llap/tez_dynpart_hashjoin_2.q.out
@@ -94,7 +94,7 @@ STAGE PLANS:
                         Map-reduce partition columns: _col0 (type: int)
                         Statistics: Num rows: 500 Data size: 2000 Basic stats: COMPLETE Column stats: COMPLETE
             Execution mode: vectorized, llap
-            LLAP IO: no inputs
+            LLAP IO: all inputs
         Reducer 2 
             Execution mode: llap
             Reduce Operator Tree:
@@ -304,7 +304,7 @@ STAGE PLANS:
                         Map-reduce partition columns: _col0 (type: int)
                         Statistics: Num rows: 500 Data size: 2000 Basic stats: COMPLETE Column stats: COMPLETE
             Execution mode: vectorized, llap
-            LLAP IO: no inputs
+            LLAP IO: all inputs
         Reducer 2 
             Execution mode: llap
             Reduce Operator Tree:
@@ -514,7 +514,7 @@ STAGE PLANS:
                         Map-reduce partition columns: _col0 (type: int)
                         Statistics: Num rows: 500 Data size: 2000 Basic stats: COMPLETE Column stats: COMPLETE
             Execution mode: vectorized, llap
-            LLAP IO: no inputs
+            LLAP IO: all inputs
         Reducer 2 
             Execution mode: llap
             Reduce Operator Tree:
diff --git a/ql/src/test/results/clientpositive/llap/tez_dynpart_hashjoin_3.q.out b/ql/src/test/results/clientpositive/llap/tez_dynpart_hashjoin_3.q.out
index 630037c191..9e8035fd1d 100644
--- a/ql/src/test/results/clientpositive/llap/tez_dynpart_hashjoin_3.q.out
+++ b/ql/src/test/results/clientpositive/llap/tez_dynpart_hashjoin_3.q.out
@@ -69,7 +69,7 @@ STAGE PLANS:
                         Map-reduce partition columns: _col0 (type: int)
                         Statistics: Num rows: 500 Data size: 2000 Basic stats: COMPLETE Column stats: COMPLETE
             Execution mode: vectorized, llap
-            LLAP IO: no inputs
+            LLAP IO: all inputs
         Reducer 2 
             Execution mode: vectorized, llap
             Reduce Operator Tree:
@@ -188,7 +188,7 @@ STAGE PLANS:
                         Map-reduce partition columns: _col0 (type: int)
                         Statistics: Num rows: 500 Data size: 2000 Basic stats: COMPLETE Column stats: COMPLETE
             Execution mode: vectorized, llap
-            LLAP IO: no inputs
+            LLAP IO: all inputs
         Reducer 2 
             Execution mode: vectorized, llap
             Reduce Operator Tree:
@@ -299,7 +299,7 @@ STAGE PLANS:
                         Map-reduce partition columns: _col0 (type: int)
                         Statistics: Num rows: 500 Data size: 2000 Basic stats: COMPLETE Column stats: COMPLETE
             Execution mode: vectorized, llap
-            LLAP IO: no inputs
+            LLAP IO: all inputs
         Reducer 2 
             Execution mode: vectorized, llap
             Reduce Operator Tree:
diff --git a/ql/src/test/results/clientpositive/llap/tez_fixed_bucket_pruning.q.out b/ql/src/test/results/clientpositive/llap/tez_fixed_bucket_pruning.q.out
index 8d8dd4430b..f2f2c31840 100644
--- a/ql/src/test/results/clientpositive/llap/tez_fixed_bucket_pruning.q.out
+++ b/ql/src/test/results/clientpositive/llap/tez_fixed_bucket_pruning.q.out
@@ -625,7 +625,7 @@ STAGE PLANS:
                       value expressions: _col0 (type: bigint)
                       auto parallelism: false
             Execution mode: vectorized, llap
-            LLAP IO: no inputs
+            LLAP IO: all inputs
             Path -> Alias:
 #### A masked pattern was here ####
             Path -> Partition:
@@ -1085,7 +1085,7 @@ STAGE PLANS:
                       value expressions: _col0 (type: bigint)
                       auto parallelism: false
             Execution mode: vectorized, llap
-            LLAP IO: no inputs
+            LLAP IO: all inputs
             Path -> Alias:
 #### A masked pattern was here ####
             Path -> Partition:
@@ -1427,7 +1427,7 @@ STAGE PLANS:
                         value expressions: _col0 (type: int), _col2 (type: string)
                         auto parallelism: false
             Execution mode: vectorized, llap
-            LLAP IO: no inputs
+            LLAP IO: all inputs
             Path -> Alias:
 #### A masked pattern was here ####
             Path -> Partition:
@@ -1570,7 +1570,7 @@ STAGE PLANS:
                         value expressions: _col1 (type: string)
                         auto parallelism: false
             Execution mode: vectorized, llap
-            LLAP IO: no inputs
+            LLAP IO: all inputs
             Path -> Alias:
 #### A masked pattern was here ####
             Path -> Partition:
diff --git a/ql/src/test/results/clientpositive/llap/tez_input_counters.q.out b/ql/src/test/results/clientpositive/llap/tez_input_counters.q.out
index dc3d1c7370..f44703bf25 100644
--- a/ql/src/test/results/clientpositive/llap/tez_input_counters.q.out
+++ b/ql/src/test/results/clientpositive/llap/tez_input_counters.q.out
@@ -2275,7 +2275,7 @@ STAGE PLANS:
                           Statistics: Num rows: 309 Data size: 56856 Basic stats: COMPLETE Column stats: COMPLETE
                           Target Vertex: Map 4
             Execution mode: vectorized, llap
-            LLAP IO: no inputs
+            LLAP IO: all inputs
         Map 4 
             Map Operator Tree:
                 TableScan
@@ -2294,7 +2294,7 @@ STAGE PLANS:
                       Statistics: Num rows: 240 Data size: 45120 Basic stats: COMPLETE Column stats: COMPLETE
                       value expressions: _col0 (type: int)
             Execution mode: vectorized, llap
-            LLAP IO: no inputs
+            LLAP IO: all inputs
         Reducer 2 
             Execution mode: llap
             Reduce Operator Tree:
diff --git a/ql/src/test/results/clientpositive/llap/tez_join.q.out b/ql/src/test/results/clientpositive/llap/tez_join.q.out
index 1e2dd222ef..b3ae8fdeb1 100644
--- a/ql/src/test/results/clientpositive/llap/tez_join.q.out
+++ b/ql/src/test/results/clientpositive/llap/tez_join.q.out
@@ -79,7 +79,7 @@ STAGE PLANS:
                         sort order: ++
                         Statistics: Num rows: 1 Data size: 368 Basic stats: COMPLETE Column stats: NONE
             Execution mode: vectorized, llap
-            LLAP IO: no inputs
+            LLAP IO: all inputs
         Map 4 
             Map Operator Tree:
                 TableScan
@@ -99,7 +99,7 @@ STAGE PLANS:
                         sort order: ++
                         Statistics: Num rows: 1 Data size: 368 Basic stats: COMPLETE Column stats: NONE
             Execution mode: vectorized, llap
-            LLAP IO: no inputs
+            LLAP IO: all inputs
         Reducer 2 
             Execution mode: vectorized, llap
             Reduce Operator Tree:
diff --git a/ql/src/test/results/clientpositive/llap/tez_join_hash.q.out b/ql/src/test/results/clientpositive/llap/tez_join_hash.q.out
index 4bce48f0a6..df09badb09 100644
--- a/ql/src/test/results/clientpositive/llap/tez_join_hash.q.out
+++ b/ql/src/test/results/clientpositive/llap/tez_join_hash.q.out
@@ -61,7 +61,7 @@ STAGE PLANS:
                         Map-reduce partition columns: _col0 (type: string)
                         Statistics: Num rows: 500 Data size: 43500 Basic stats: COMPLETE Column stats: COMPLETE
             Execution mode: vectorized, llap
-            LLAP IO: no inputs
+            LLAP IO: all inputs
         Map 4 
             Map Operator Tree:
                 TableScan
@@ -199,7 +199,7 @@ STAGE PLANS:
                         Statistics: Num rows: 2000 Data size: 356000 Basic stats: COMPLETE Column stats: COMPLETE
                         value expressions: _col1 (type: string)
             Execution mode: vectorized, llap
-            LLAP IO: no inputs
+            LLAP IO: all inputs
         Map 6 
             Map Operator Tree:
                 TableScan
@@ -220,7 +220,7 @@ STAGE PLANS:
                         Map-reduce partition columns: _col0 (type: string)
                         Statistics: Num rows: 2000 Data size: 174000 Basic stats: COMPLETE Column stats: COMPLETE
             Execution mode: vectorized, llap
-            LLAP IO: no inputs
+            LLAP IO: all inputs
         Map 7 
             Map Operator Tree:
                 TableScan
@@ -242,7 +242,7 @@ STAGE PLANS:
                         Statistics: Num rows: 14658 Data size: 2609124 Basic stats: COMPLETE Column stats: COMPLETE
                         value expressions: _col0 (type: string)
             Execution mode: vectorized, llap
-            LLAP IO: no inputs
+            LLAP IO: all inputs
         Map 8 
             Map Operator Tree:
                 TableScan
@@ -263,7 +263,7 @@ STAGE PLANS:
                         Map-reduce partition columns: _col0 (type: string)
                         Statistics: Num rows: 500 Data size: 45500 Basic stats: COMPLETE Column stats: COMPLETE
             Execution mode: vectorized, llap
-            LLAP IO: no inputs
+            LLAP IO: all inputs
         Reducer 2 
             Execution mode: llap
             Reduce Operator Tree:
diff --git a/ql/src/test/results/clientpositive/llap/tez_join_result_complex.q.out b/ql/src/test/results/clientpositive/llap/tez_join_result_complex.q.out
index 8acf2a02b4..e842001abd 100644
--- a/ql/src/test/results/clientpositive/llap/tez_join_result_complex.q.out
+++ b/ql/src/test/results/clientpositive/llap/tez_join_result_complex.q.out
@@ -205,7 +205,7 @@ STAGE PLANS:
                         value expressions: _col1 (type: string), _col2 (type: string), _col3 (type: string), _col4 (type: string), _col5 (type: string), _col6 (type: string), _col7 (type: int), _col8 (type: array<string>)
                         auto parallelism: true
             Execution mode: llap
-            LLAP IO: no inputs
+            LLAP IO: all inputs
             Path -> Alias:
 #### A masked pattern was here ####
             Path -> Partition:
@@ -306,7 +306,7 @@ STAGE PLANS:
                             GatherStats: true
                             MultiFileSpray: false
             Execution mode: llap
-            LLAP IO: no inputs
+            LLAP IO: all inputs
             Path -> Alias:
 #### A masked pattern was here ####
             Path -> Partition:
@@ -1186,7 +1186,7 @@ STAGE PLANS:
                         value expressions: _col1 (type: string), _col2 (type: string), _col3 (type: string), _col4 (type: string), _col5 (type: string), _col6 (type: string), _col7 (type: int), _col8 (type: array<string>)
                         auto parallelism: true
             Execution mode: llap
-            LLAP IO: no inputs
+            LLAP IO: all inputs
             Path -> Alias:
 #### A masked pattern was here ####
             Path -> Partition:
@@ -1287,7 +1287,7 @@ STAGE PLANS:
                             GatherStats: true
                             MultiFileSpray: false
             Execution mode: llap
-            LLAP IO: no inputs
+            LLAP IO: all inputs
             Path -> Alias:
 #### A masked pattern was here ####
             Path -> Partition:
diff --git a/ql/src/test/results/clientpositive/llap/tez_join_tests.q.out b/ql/src/test/results/clientpositive/llap/tez_join_tests.q.out
index 263131e94e..2cb7748d1d 100644
--- a/ql/src/test/results/clientpositive/llap/tez_join_tests.q.out
+++ b/ql/src/test/results/clientpositive/llap/tez_join_tests.q.out
@@ -44,7 +44,7 @@ STAGE PLANS:
                         Map-reduce partition columns: _col0 (type: string)
                         Statistics: Num rows: 25 Data size: 2150 Basic stats: COMPLETE Column stats: COMPLETE
             Execution mode: vectorized, llap
-            LLAP IO: no inputs
+            LLAP IO: all inputs
         Map 5 
             Map Operator Tree:
                 TableScan
@@ -76,7 +76,7 @@ STAGE PLANS:
                         Statistics: Num rows: 500 Data size: 89000 Basic stats: COMPLETE Column stats: COMPLETE
                         value expressions: _col1 (type: string)
             Execution mode: vectorized, llap
-            LLAP IO: no inputs
+            LLAP IO: all inputs
         Reducer 2 
             Execution mode: llap
             Reduce Operator Tree:
diff --git a/ql/src/test/results/clientpositive/llap/tez_joins_explain.q.out b/ql/src/test/results/clientpositive/llap/tez_joins_explain.q.out
index 2b3eff56e7..468a886381 100644
--- a/ql/src/test/results/clientpositive/llap/tez_joins_explain.q.out
+++ b/ql/src/test/results/clientpositive/llap/tez_joins_explain.q.out
@@ -44,7 +44,7 @@ STAGE PLANS:
                         Map-reduce partition columns: _col0 (type: string)
                         Statistics: Num rows: 25 Data size: 2150 Basic stats: COMPLETE Column stats: COMPLETE
             Execution mode: vectorized, llap
-            LLAP IO: no inputs
+            LLAP IO: all inputs
         Map 5 
             Map Operator Tree:
                 TableScan
@@ -76,7 +76,7 @@ STAGE PLANS:
                         Statistics: Num rows: 500 Data size: 89000 Basic stats: COMPLETE Column stats: COMPLETE
                         value expressions: _col1 (type: string)
             Execution mode: vectorized, llap
-            LLAP IO: no inputs
+            LLAP IO: all inputs
         Reducer 2 
             Execution mode: llap
             Reduce Operator Tree:
diff --git a/ql/src/test/results/clientpositive/llap/tez_self_join.q.out b/ql/src/test/results/clientpositive/llap/tez_self_join.q.out
index fbb469530b..13ff9652c8 100644
--- a/ql/src/test/results/clientpositive/llap/tez_self_join.q.out
+++ b/ql/src/test/results/clientpositive/llap/tez_self_join.q.out
@@ -104,7 +104,7 @@ STAGE PLANS:
                         Map-reduce partition columns: _col0 (type: int)
                         Statistics: Num rows: 3 Data size: 12 Basic stats: COMPLETE Column stats: COMPLETE
             Execution mode: vectorized, llap
-            LLAP IO: no inputs
+            LLAP IO: all inputs
         Map 4 
             Map Operator Tree:
                 TableScan
@@ -135,7 +135,7 @@ STAGE PLANS:
                         sort order: 
                         Statistics: Num rows: 1 Data size: 86 Basic stats: COMPLETE Column stats: COMPLETE
             Execution mode: vectorized, llap
-            LLAP IO: no inputs
+            LLAP IO: all inputs
         Reducer 2 
             Execution mode: llap
             Reduce Operator Tree:
diff --git a/ql/src/test/results/clientpositive/llap/tez_smb_empty.q.out b/ql/src/test/results/clientpositive/llap/tez_smb_empty.q.out
index 99ca37976f..c78fa3a754 100644
--- a/ql/src/test/results/clientpositive/llap/tez_smb_empty.q.out
+++ b/ql/src/test/results/clientpositive/llap/tez_smb_empty.q.out
@@ -777,7 +777,7 @@ STAGE PLANS:
                         Map-reduce partition columns: _col0 (type: int)
                         Statistics: Num rows: 242 Data size: 968 Basic stats: COMPLETE Column stats: COMPLETE
             Execution mode: vectorized, llap
-            LLAP IO: no inputs
+            LLAP IO: all inputs
         Reducer 2 
             Execution mode: llap
             Reduce Operator Tree:
diff --git a/ql/src/test/results/clientpositive/llap/tez_smb_main.q.out b/ql/src/test/results/clientpositive/llap/tez_smb_main.q.out
index 26248d1042..1905b1d914 100644
--- a/ql/src/test/results/clientpositive/llap/tez_smb_main.q.out
+++ b/ql/src/test/results/clientpositive/llap/tez_smb_main.q.out
@@ -43,7 +43,7 @@ STAGE PLANS:
                         Statistics: Num rows: 500 Data size: 89000 Basic stats: COMPLETE Column stats: COMPLETE
                         value expressions: _col1 (type: string)
             Execution mode: vectorized, llap
-            LLAP IO: no inputs
+            LLAP IO: all inputs
         Map 3 
             Map Operator Tree:
                 TableScan
@@ -65,7 +65,7 @@ STAGE PLANS:
                         Statistics: Num rows: 25 Data size: 4375 Basic stats: COMPLETE Column stats: COMPLETE
                         value expressions: _col1 (type: string)
             Execution mode: vectorized, llap
-            LLAP IO: no inputs
+            LLAP IO: all inputs
         Reducer 2 
             Execution mode: llap
             Reduce Operator Tree:
@@ -299,7 +299,7 @@ STAGE PLANS:
                         Map-reduce partition columns: _col0 (type: int)
                         Statistics: Num rows: 230 Data size: 878 Basic stats: COMPLETE Column stats: NONE
             Execution mode: vectorized, llap
-            LLAP IO: no inputs
+            LLAP IO: all inputs
         Map 2 
             Map Operator Tree:
                 TableScan
@@ -335,7 +335,7 @@ STAGE PLANS:
                             Statistics: Num rows: 1 Data size: 8 Basic stats: COMPLETE Column stats: NONE
                             value expressions: _col0 (type: bigint)
             Execution mode: vectorized, llap
-            LLAP IO: no inputs
+            LLAP IO: all inputs
         Reducer 3 
             Execution mode: vectorized, llap
             Reduce Operator Tree:
@@ -426,7 +426,7 @@ STAGE PLANS:
                         Map-reduce partition columns: _col0 (type: int)
                         Statistics: Num rows: 230 Data size: 878 Basic stats: COMPLETE Column stats: NONE
             Execution mode: vectorized, llap
-            LLAP IO: no inputs
+            LLAP IO: all inputs
         Map 2 
             Map Operator Tree:
                 TableScan
@@ -462,7 +462,7 @@ STAGE PLANS:
                             Statistics: Num rows: 1 Data size: 8 Basic stats: COMPLETE Column stats: NONE
                             value expressions: _col0 (type: bigint)
             Execution mode: vectorized, llap
-            LLAP IO: no inputs
+            LLAP IO: all inputs
         Reducer 3 
             Execution mode: vectorized, llap
             Reduce Operator Tree:
@@ -553,7 +553,7 @@ STAGE PLANS:
                         Map-reduce partition columns: _col0 (type: int)
                         Statistics: Num rows: 242 Data size: 2566 Basic stats: COMPLETE Column stats: NONE
             Execution mode: vectorized, llap
-            LLAP IO: no inputs
+            LLAP IO: all inputs
         Map 2 
             Map Operator Tree:
                 TableScan
@@ -589,7 +589,7 @@ STAGE PLANS:
                             Statistics: Num rows: 1 Data size: 8 Basic stats: COMPLETE Column stats: NONE
                             value expressions: _col0 (type: bigint)
             Execution mode: vectorized, llap
-            LLAP IO: no inputs
+            LLAP IO: all inputs
         Reducer 3 
             Execution mode: vectorized, llap
             Reduce Operator Tree:
@@ -680,7 +680,7 @@ STAGE PLANS:
                         Statistics: Num rows: 242 Data size: 2566 Basic stats: COMPLETE Column stats: NONE
                         value expressions: _col0 (type: int)
             Execution mode: vectorized, llap
-            LLAP IO: no inputs
+            LLAP IO: all inputs
         Map 5 
             Map Operator Tree:
                 TableScan
@@ -701,7 +701,7 @@ STAGE PLANS:
                         Map-reduce partition columns: _col0 (type: string)
                         Statistics: Num rows: 25 Data size: 191 Basic stats: COMPLETE Column stats: NONE
             Execution mode: vectorized, llap
-            LLAP IO: no inputs
+            LLAP IO: all inputs
         Map 6 
             Map Operator Tree:
                 TableScan
@@ -722,7 +722,7 @@ STAGE PLANS:
                         Map-reduce partition columns: _col0 (type: int)
                         Statistics: Num rows: 500 Data size: 5312 Basic stats: COMPLETE Column stats: NONE
             Execution mode: vectorized, llap
-            LLAP IO: no inputs
+            LLAP IO: all inputs
         Reducer 2 
             Execution mode: llap
             Reduce Operator Tree:
@@ -843,7 +843,7 @@ STAGE PLANS:
                           Map-reduce partition columns: _col0 (type: int)
                           Statistics: Num rows: 266 Data size: 2822 Basic stats: COMPLETE Column stats: NONE
             Execution mode: vectorized, llap
-            LLAP IO: no inputs
+            LLAP IO: all inputs
         Map 4 
             Map Operator Tree:
                 TableScan
@@ -864,7 +864,7 @@ STAGE PLANS:
                         Map-reduce partition columns: _col0 (type: string)
                         Statistics: Num rows: 25 Data size: 191 Basic stats: COMPLETE Column stats: NONE
             Execution mode: vectorized, llap
-            LLAP IO: no inputs
+            LLAP IO: all inputs
         Map 5 
             Map Operator Tree:
                 TableScan
@@ -885,7 +885,7 @@ STAGE PLANS:
                         Map-reduce partition columns: _col0 (type: int)
                         Statistics: Num rows: 500 Data size: 5312 Basic stats: COMPLETE Column stats: NONE
             Execution mode: vectorized, llap
-            LLAP IO: no inputs
+            LLAP IO: all inputs
         Reducer 2 
             Execution mode: llap
             Reduce Operator Tree:
@@ -993,7 +993,7 @@ STAGE PLANS:
                         Map-reduce partition columns: _col0 (type: string)
                         Statistics: Num rows: 242 Data size: 2566 Basic stats: COMPLETE Column stats: NONE
             Execution mode: vectorized, llap
-            LLAP IO: no inputs
+            LLAP IO: all inputs
         Map 4 
             Map Operator Tree:
                 TableScan
@@ -1014,7 +1014,7 @@ STAGE PLANS:
                         Map-reduce partition columns: _col0 (type: string)
                         Statistics: Num rows: 500 Data size: 5312 Basic stats: COMPLETE Column stats: NONE
             Execution mode: vectorized, llap
-            LLAP IO: no inputs
+            LLAP IO: all inputs
         Reducer 2 
             Execution mode: llap
             Reduce Operator Tree:
@@ -1105,7 +1105,7 @@ STAGE PLANS:
                         Map-reduce partition columns: _col0 (type: string)
                         Statistics: Num rows: 242 Data size: 2566 Basic stats: COMPLETE Column stats: NONE
             Execution mode: vectorized, llap
-            LLAP IO: no inputs
+            LLAP IO: all inputs
         Map 4 
             Map Operator Tree:
                 TableScan
@@ -1126,7 +1126,7 @@ STAGE PLANS:
                         Map-reduce partition columns: _col0 (type: string)
                         Statistics: Num rows: 500 Data size: 5312 Basic stats: COMPLETE Column stats: NONE
             Execution mode: vectorized, llap
-            LLAP IO: no inputs
+            LLAP IO: all inputs
         Reducer 2 
             Execution mode: llap
             Reduce Operator Tree:
@@ -1283,7 +1283,7 @@ STAGE PLANS:
                         Map-reduce partition columns: _col0 (type: int)
                         Statistics: Num rows: 508 Data size: 5388 Basic stats: COMPLETE Column stats: NONE
             Execution mode: vectorized, llap
-            LLAP IO: no inputs
+            LLAP IO: all inputs
         Map 7 
             Map Operator Tree:
                 TableScan
@@ -1304,7 +1304,7 @@ STAGE PLANS:
                         Map-reduce partition columns: _col0 (type: int)
                         Statistics: Num rows: 500 Data size: 5312 Basic stats: COMPLETE Column stats: NONE
             Execution mode: vectorized, llap
-            LLAP IO: no inputs
+            LLAP IO: all inputs
         Reducer 3 
             Execution mode: llap
             Reduce Operator Tree:
@@ -1397,7 +1397,7 @@ STAGE PLANS:
                         Map-reduce partition columns: _col0 (type: string)
                         Statistics: Num rows: 242 Data size: 2566 Basic stats: COMPLETE Column stats: NONE
             Execution mode: vectorized, llap
-            LLAP IO: no inputs
+            LLAP IO: all inputs
         Map 2 
             Map Operator Tree:
                 TableScan
@@ -1432,7 +1432,7 @@ STAGE PLANS:
                             Statistics: Num rows: 1 Data size: 8 Basic stats: COMPLETE Column stats: NONE
                             value expressions: _col0 (type: bigint)
             Execution mode: vectorized, llap
-            LLAP IO: no inputs
+            LLAP IO: all inputs
         Reducer 3 
             Execution mode: vectorized, llap
             Reduce Operator Tree:
@@ -1502,7 +1502,7 @@ STAGE PLANS:
                         Map-reduce partition columns: _col0 (type: string)
                         Statistics: Num rows: 242 Data size: 2566 Basic stats: COMPLETE Column stats: NONE
             Execution mode: vectorized, llap
-            LLAP IO: no inputs
+            LLAP IO: all inputs
         Map 2 
             Map Operator Tree:
                 TableScan
@@ -1537,7 +1537,7 @@ STAGE PLANS:
                             Statistics: Num rows: 1 Data size: 8 Basic stats: COMPLETE Column stats: NONE
                             value expressions: _col0 (type: bigint)
             Execution mode: vectorized, llap
-            LLAP IO: no inputs
+            LLAP IO: all inputs
         Reducer 3 
             Execution mode: vectorized, llap
             Reduce Operator Tree:
@@ -1635,7 +1635,7 @@ STAGE PLANS:
                           Map-reduce partition columns: _col0 (type: int)
                           Statistics: Num rows: 266 Data size: 2822 Basic stats: COMPLETE Column stats: NONE
             Execution mode: vectorized, llap
-            LLAP IO: no inputs
+            LLAP IO: all inputs
         Map 2 
             Map Operator Tree:
                 TableScan
@@ -1656,7 +1656,7 @@ STAGE PLANS:
                         Map-reduce partition columns: _col0 (type: string)
                         Statistics: Num rows: 25 Data size: 191 Basic stats: COMPLETE Column stats: NONE
             Execution mode: vectorized, llap
-            LLAP IO: no inputs
+            LLAP IO: all inputs
         Map 3 
             Map Operator Tree:
                 TableScan
@@ -1692,7 +1692,7 @@ STAGE PLANS:
                             Statistics: Num rows: 1 Data size: 8 Basic stats: COMPLETE Column stats: NONE
                             value expressions: _col0 (type: bigint)
             Execution mode: vectorized, llap
-            LLAP IO: no inputs
+            LLAP IO: all inputs
         Reducer 4 
             Execution mode: vectorized, llap
             Reduce Operator Tree:
@@ -1775,7 +1775,7 @@ STAGE PLANS:
                           Map-reduce partition columns: _col0 (type: int)
                           Statistics: Num rows: 266 Data size: 2822 Basic stats: COMPLETE Column stats: NONE
             Execution mode: vectorized, llap
-            LLAP IO: no inputs
+            LLAP IO: all inputs
         Map 2 
             Map Operator Tree:
                 TableScan
@@ -1796,7 +1796,7 @@ STAGE PLANS:
                         Map-reduce partition columns: _col0 (type: string)
                         Statistics: Num rows: 25 Data size: 191 Basic stats: COMPLETE Column stats: NONE
             Execution mode: vectorized, llap
-            LLAP IO: no inputs
+            LLAP IO: all inputs
         Map 3 
             Map Operator Tree:
                 TableScan
@@ -1832,7 +1832,7 @@ STAGE PLANS:
                             Statistics: Num rows: 1 Data size: 8 Basic stats: COMPLETE Column stats: NONE
                             value expressions: _col0 (type: bigint)
             Execution mode: vectorized, llap
-            LLAP IO: no inputs
+            LLAP IO: all inputs
         Reducer 4 
             Execution mode: vectorized, llap
             Reduce Operator Tree:
@@ -1953,7 +1953,7 @@ STAGE PLANS:
                               Statistics: Num rows: 1 Data size: 8 Basic stats: COMPLETE Column stats: NONE
                               value expressions: _col0 (type: bigint)
             Execution mode: vectorized, llap
-            LLAP IO: no inputs
+            LLAP IO: all inputs
         Map 4 
             Map Operator Tree:
                 TableScan
@@ -1974,7 +1974,7 @@ STAGE PLANS:
                         Map-reduce partition columns: _col0 (type: int)
                         Statistics: Num rows: 230 Data size: 878 Basic stats: COMPLETE Column stats: NONE
             Execution mode: vectorized, llap
-            LLAP IO: no inputs
+            LLAP IO: all inputs
         Map 5 
             Map Operator Tree:
                 TableScan
@@ -2009,7 +2009,7 @@ STAGE PLANS:
                             Statistics: Num rows: 1 Data size: 8 Basic stats: COMPLETE Column stats: NONE
                             value expressions: _col0 (type: bigint)
             Execution mode: vectorized, llap
-            LLAP IO: no inputs
+            LLAP IO: all inputs
         Map 6 
             Map Operator Tree:
                 TableScan
@@ -2036,7 +2036,7 @@ STAGE PLANS:
                         Map-reduce partition columns: _col0 (type: int)
                         Statistics: Num rows: 475 Data size: 1808 Basic stats: COMPLETE Column stats: NONE
             Execution mode: vectorized, llap
-            LLAP IO: no inputs
+            LLAP IO: all inputs
         Reducer 3 
             Execution mode: vectorized, llap
             Reduce Operator Tree:
@@ -2121,7 +2121,7 @@ STAGE PLANS:
                         sort order: ++
                         Statistics: Num rows: 230 Data size: 41274 Basic stats: COMPLETE Column stats: NONE
             Execution mode: vectorized, llap
-            LLAP IO: no inputs
+            LLAP IO: all inputs
         Map 3 
             Map Operator Tree:
                 TableScan
@@ -2141,7 +2141,7 @@ STAGE PLANS:
                         sort order: ++
                         Statistics: Num rows: 475 Data size: 85013 Basic stats: COMPLETE Column stats: NONE
             Execution mode: vectorized, llap
-            LLAP IO: no inputs
+            LLAP IO: all inputs
         Reducer 4 
             Reduce Operator Tree:
               Select Operator
diff --git a/ql/src/test/results/clientpositive/llap/tez_smb_reduce_side.q.out b/ql/src/test/results/clientpositive/llap/tez_smb_reduce_side.q.out
index 32adee4ce9..113014d953 100644
--- a/ql/src/test/results/clientpositive/llap/tez_smb_reduce_side.q.out
+++ b/ql/src/test/results/clientpositive/llap/tez_smb_reduce_side.q.out
@@ -107,7 +107,7 @@ STAGE PLANS:
                         Statistics: Num rows: 1 Data size: 95 Basic stats: COMPLETE Column stats: COMPLETE
                         value expressions: _col1 (type: bigint)
             Execution mode: vectorized, llap
-            LLAP IO: no inputs
+            LLAP IO: all inputs
         Map 3 
             Map Operator Tree:
                 TableScan
@@ -132,7 +132,7 @@ STAGE PLANS:
                         Statistics: Num rows: 1 Data size: 94 Basic stats: COMPLETE Column stats: COMPLETE
                         value expressions: _col1 (type: bigint)
             Execution mode: vectorized, llap
-            LLAP IO: no inputs
+            LLAP IO: all inputs
         Reducer 4 
             Reduce Operator Tree:
               Group By Operator
@@ -642,7 +642,7 @@ STAGE PLANS:
                         Map-reduce partition columns: _col0 (type: int)
                         Statistics: Num rows: 2 Data size: 8 Basic stats: COMPLETE Column stats: COMPLETE
             Execution mode: vectorized, llap
-            LLAP IO: no inputs
+            LLAP IO: all inputs
         Map 5 
             Map Operator Tree:
                 TableScan
@@ -679,7 +679,7 @@ STAGE PLANS:
                         Map-reduce partition columns: _col0 (type: int)
                         Statistics: Num rows: 1 Data size: 4 Basic stats: COMPLETE Column stats: COMPLETE
             Execution mode: vectorized, llap
-            LLAP IO: no inputs
+            LLAP IO: all inputs
         Reducer 2 
             Execution mode: llap
             Reduce Operator Tree:
@@ -873,7 +873,7 @@ STAGE PLANS:
                         Map-reduce partition columns: _col0 (type: int)
                         Statistics: Num rows: 2 Data size: 8 Basic stats: COMPLETE Column stats: COMPLETE
             Execution mode: vectorized, llap
-            LLAP IO: no inputs
+            LLAP IO: all inputs
         Map 5 
             Map Operator Tree:
                 TableScan
@@ -910,7 +910,7 @@ STAGE PLANS:
                         Map-reduce partition columns: _col0 (type: int)
                         Statistics: Num rows: 1 Data size: 4 Basic stats: COMPLETE Column stats: COMPLETE
             Execution mode: vectorized, llap
-            LLAP IO: no inputs
+            LLAP IO: all inputs
         Reducer 2 
             Execution mode: llap
             Reduce Operator Tree:
diff --git a/ql/src/test/results/clientpositive/llap/tez_union.q.out b/ql/src/test/results/clientpositive/llap/tez_union.q.out
index e57afcdd0d..b5e34d4780 100644
--- a/ql/src/test/results/clientpositive/llap/tez_union.q.out
+++ b/ql/src/test/results/clientpositive/llap/tez_union.q.out
@@ -56,7 +56,7 @@ STAGE PLANS:
                               output format: org.apache.hadoop.hive.ql.io.HiveSequenceFileOutputFormat
                               serde: org.apache.hadoop.hive.serde2.lazy.LazySimpleSerDe
             Execution mode: vectorized, llap
-            LLAP IO: no inputs
+            LLAP IO: all inputs
         Map 3 
             Map Operator Tree:
                 TableScan
@@ -77,7 +77,7 @@ STAGE PLANS:
                         Map-reduce partition columns: _col0 (type: string)
                         Statistics: Num rows: 500 Data size: 43500 Basic stats: COMPLETE Column stats: COMPLETE
             Execution mode: vectorized, llap
-            LLAP IO: no inputs
+            LLAP IO: all inputs
         Map 4 
             Map Operator Tree:
                 TableScan
@@ -95,7 +95,7 @@ STAGE PLANS:
                           output format: org.apache.hadoop.hive.ql.io.HiveSequenceFileOutputFormat
                           serde: org.apache.hadoop.hive.serde2.lazy.LazySimpleSerDe
             Execution mode: vectorized, llap
-            LLAP IO: no inputs
+            LLAP IO: all inputs
         Union 2 
             Vertex: Union 2
 
@@ -210,7 +210,7 @@ STAGE PLANS:
                         Map-reduce partition columns: _col0 (type: string)
                         Statistics: Num rows: 1000 Data size: 87000 Basic stats: COMPLETE Column stats: COMPLETE
             Execution mode: vectorized, llap
-            LLAP IO: no inputs
+            LLAP IO: all inputs
         Map 5 
             Map Operator Tree:
                 TableScan
@@ -231,7 +231,7 @@ STAGE PLANS:
                         Map-reduce partition columns: _col0 (type: string)
                         Statistics: Num rows: 1000 Data size: 87000 Basic stats: COMPLETE Column stats: COMPLETE
             Execution mode: vectorized, llap
-            LLAP IO: no inputs
+            LLAP IO: all inputs
         Map 6 
             Map Operator Tree:
                 TableScan
@@ -252,7 +252,7 @@ STAGE PLANS:
                         Map-reduce partition columns: _col0 (type: string)
                         Statistics: Num rows: 1000 Data size: 87000 Basic stats: COMPLETE Column stats: COMPLETE
             Execution mode: vectorized, llap
-            LLAP IO: no inputs
+            LLAP IO: all inputs
         Map 8 
             Map Operator Tree:
                 TableScan
@@ -273,7 +273,7 @@ STAGE PLANS:
                         Map-reduce partition columns: _col0 (type: string)
                         Statistics: Num rows: 1000 Data size: 87000 Basic stats: COMPLETE Column stats: COMPLETE
             Execution mode: vectorized, llap
-            LLAP IO: no inputs
+            LLAP IO: all inputs
         Reducer 3 
             Execution mode: llap
             Reduce Operator Tree:
@@ -406,7 +406,7 @@ STAGE PLANS:
                         Map-reduce partition columns: _col0 (type: string)
                         Statistics: Num rows: 500 Data size: 43500 Basic stats: COMPLETE Column stats: COMPLETE
             Execution mode: vectorized, llap
-            LLAP IO: no inputs
+            LLAP IO: all inputs
         Map 2 
             Map Operator Tree:
                 TableScan
@@ -438,7 +438,7 @@ STAGE PLANS:
                               output format: org.apache.hadoop.hive.ql.io.HiveSequenceFileOutputFormat
                               serde: org.apache.hadoop.hive.serde2.lazy.LazySimpleSerDe
             Execution mode: vectorized, llap
-            LLAP IO: no inputs
+            LLAP IO: all inputs
         Map 4 
             Map Operator Tree:
                 TableScan
@@ -470,7 +470,7 @@ STAGE PLANS:
                               output format: org.apache.hadoop.hive.ql.io.HiveSequenceFileOutputFormat
                               serde: org.apache.hadoop.hive.serde2.lazy.LazySimpleSerDe
             Execution mode: vectorized, llap
-            LLAP IO: no inputs
+            LLAP IO: all inputs
         Union 3 
             Vertex: Union 3
 
@@ -623,7 +623,7 @@ STAGE PLANS:
                                 Statistics: Num rows: 5939 Data size: 1550079 Basic stats: COMPLETE Column stats: COMPLETE
                                 value expressions: _col0 (type: string), _col1 (type: string)
             Execution mode: vectorized, llap
-            LLAP IO: no inputs
+            LLAP IO: all inputs
         Map 10 
             Map Operator Tree:
                 TableScan
@@ -656,7 +656,7 @@ STAGE PLANS:
                         Map-reduce partition columns: _col0 (type: string)
                         Statistics: Num rows: 500 Data size: 43500 Basic stats: COMPLETE Column stats: COMPLETE
             Execution mode: vectorized, llap
-            LLAP IO: no inputs
+            LLAP IO: all inputs
         Map 4 
             Map Operator Tree:
                 TableScan
@@ -677,7 +677,7 @@ STAGE PLANS:
                         Map-reduce partition columns: _col0 (type: string)
                         Statistics: Num rows: 500 Data size: 43500 Basic stats: COMPLETE Column stats: COMPLETE
             Execution mode: vectorized, llap
-            LLAP IO: no inputs
+            LLAP IO: all inputs
         Map 5 
             Map Operator Tree:
                 TableScan
@@ -732,7 +732,7 @@ STAGE PLANS:
                                 Statistics: Num rows: 5939 Data size: 1550079 Basic stats: COMPLETE Column stats: COMPLETE
                                 value expressions: _col0 (type: string), _col1 (type: string)
             Execution mode: vectorized, llap
-            LLAP IO: no inputs
+            LLAP IO: all inputs
         Map 6 
             Map Operator Tree:
                 TableScan
@@ -753,7 +753,7 @@ STAGE PLANS:
                         Map-reduce partition columns: _col0 (type: string)
                         Statistics: Num rows: 500 Data size: 43500 Basic stats: COMPLETE Column stats: COMPLETE
             Execution mode: vectorized, llap
-            LLAP IO: no inputs
+            LLAP IO: all inputs
         Map 7 
             Map Operator Tree:
                 TableScan
@@ -808,7 +808,7 @@ STAGE PLANS:
                                 Statistics: Num rows: 5939 Data size: 1550079 Basic stats: COMPLETE Column stats: COMPLETE
                                 value expressions: _col0 (type: string), _col1 (type: string)
             Execution mode: vectorized, llap
-            LLAP IO: no inputs
+            LLAP IO: all inputs
         Map 8 
             Map Operator Tree:
                 TableScan
@@ -829,7 +829,7 @@ STAGE PLANS:
                         Map-reduce partition columns: _col0 (type: string)
                         Statistics: Num rows: 500 Data size: 43500 Basic stats: COMPLETE Column stats: COMPLETE
             Execution mode: vectorized, llap
-            LLAP IO: no inputs
+            LLAP IO: all inputs
         Map 9 
             Map Operator Tree:
                 TableScan
@@ -862,7 +862,7 @@ STAGE PLANS:
                         Map-reduce partition columns: _col0 (type: string)
                         Statistics: Num rows: 500 Data size: 43500 Basic stats: COMPLETE Column stats: COMPLETE
             Execution mode: vectorized, llap
-            LLAP IO: no inputs
+            LLAP IO: all inputs
         Reducer 3 
             Execution mode: vectorized, llap
             Reduce Operator Tree:
@@ -1085,7 +1085,7 @@ STAGE PLANS:
                               output format: org.apache.hadoop.hive.ql.io.HiveSequenceFileOutputFormat
                               serde: org.apache.hadoop.hive.serde2.lazy.LazySimpleSerDe
             Execution mode: vectorized, llap
-            LLAP IO: no inputs
+            LLAP IO: all inputs
         Map 3 
             Map Operator Tree:
                 TableScan
@@ -1106,7 +1106,7 @@ STAGE PLANS:
                         Map-reduce partition columns: _col0 (type: string)
                         Statistics: Num rows: 500 Data size: 43500 Basic stats: COMPLETE Column stats: COMPLETE
             Execution mode: vectorized, llap
-            LLAP IO: no inputs
+            LLAP IO: all inputs
         Map 4 
             Map Operator Tree:
                 TableScan
@@ -1138,7 +1138,7 @@ STAGE PLANS:
                               output format: org.apache.hadoop.hive.ql.io.HiveSequenceFileOutputFormat
                               serde: org.apache.hadoop.hive.serde2.lazy.LazySimpleSerDe
             Execution mode: vectorized, llap
-            LLAP IO: no inputs
+            LLAP IO: all inputs
         Map 5 
             Map Operator Tree:
                 TableScan
@@ -1159,7 +1159,7 @@ STAGE PLANS:
                         Map-reduce partition columns: _col0 (type: string)
                         Statistics: Num rows: 500 Data size: 43500 Basic stats: COMPLETE Column stats: COMPLETE
             Execution mode: vectorized, llap
-            LLAP IO: no inputs
+            LLAP IO: all inputs
         Union 2 
             Vertex: Union 2
 
@@ -1284,7 +1284,7 @@ STAGE PLANS:
                             output format: org.apache.hadoop.hive.ql.io.HiveSequenceFileOutputFormat
                             serde: org.apache.hadoop.hive.serde2.lazy.LazySimpleSerDe
             Execution mode: vectorized, llap
-            LLAP IO: no inputs
+            LLAP IO: all inputs
         Map 3 
             Map Operator Tree:
                 TableScan
@@ -1312,7 +1312,7 @@ STAGE PLANS:
                             output format: org.apache.hadoop.hive.ql.io.HiveSequenceFileOutputFormat
                             serde: org.apache.hadoop.hive.serde2.lazy.LazySimpleSerDe
             Execution mode: vectorized, llap
-            LLAP IO: no inputs
+            LLAP IO: all inputs
         Map 4 
             Map Operator Tree:
                 TableScan
@@ -1341,7 +1341,7 @@ STAGE PLANS:
                         Statistics: Num rows: 500 Data size: 89000 Basic stats: COMPLETE Column stats: COMPLETE
                         value expressions: _col1 (type: string)
             Execution mode: vectorized, llap
-            LLAP IO: no inputs
+            LLAP IO: all inputs
         Union 2 
             Vertex: Union 2
 
@@ -1399,7 +1399,7 @@ STAGE PLANS:
                         Map-reduce partition columns: _col0 (type: string)
                         Statistics: Num rows: 1000 Data size: 87000 Basic stats: COMPLETE Column stats: COMPLETE
             Execution mode: vectorized, llap
-            LLAP IO: no inputs
+            LLAP IO: all inputs
         Map 3 
             Map Operator Tree:
                 TableScan
@@ -1420,7 +1420,7 @@ STAGE PLANS:
                         Map-reduce partition columns: _col0 (type: string)
                         Statistics: Num rows: 1000 Data size: 87000 Basic stats: COMPLETE Column stats: COMPLETE
             Execution mode: vectorized, llap
-            LLAP IO: no inputs
+            LLAP IO: all inputs
         Map 4 
             Map Operator Tree:
                 TableScan
@@ -1448,7 +1448,7 @@ STAGE PLANS:
                             output format: org.apache.hadoop.hive.ql.io.HiveSequenceFileOutputFormat
                             serde: org.apache.hadoop.hive.serde2.lazy.LazySimpleSerDe
             Execution mode: vectorized, llap
-            LLAP IO: no inputs
+            LLAP IO: all inputs
         Union 2 
             Vertex: Union 2
 
diff --git a/ql/src/test/results/clientpositive/llap/tez_union2.q.out b/ql/src/test/results/clientpositive/llap/tez_union2.q.out
index f809d5d11d..822717edfa 100644
--- a/ql/src/test/results/clientpositive/llap/tez_union2.q.out
+++ b/ql/src/test/results/clientpositive/llap/tez_union2.q.out
@@ -74,7 +74,7 @@ STAGE PLANS:
                         Map-reduce partition columns: _col0 (type: string), _col1 (type: string)
                         Statistics: Num rows: 375 Data size: 66750 Basic stats: COMPLETE Column stats: COMPLETE
             Execution mode: vectorized, llap
-            LLAP IO: no inputs
+            LLAP IO: all inputs
         Map 4 
             Map Operator Tree:
                 TableScan
@@ -97,7 +97,7 @@ STAGE PLANS:
                         Map-reduce partition columns: _col0 (type: string)
                         Statistics: Num rows: 500 Data size: 89000 Basic stats: COMPLETE Column stats: COMPLETE
             Execution mode: vectorized, llap
-            LLAP IO: no inputs
+            LLAP IO: all inputs
         Map 7 
             Map Operator Tree:
                 TableScan
@@ -120,7 +120,7 @@ STAGE PLANS:
                         Map-reduce partition columns: _col0 (type: string)
                         Statistics: Num rows: 500 Data size: 89000 Basic stats: COMPLETE Column stats: COMPLETE
             Execution mode: vectorized, llap
-            LLAP IO: no inputs
+            LLAP IO: all inputs
         Reducer 3 
             Execution mode: vectorized, llap
             Reduce Operator Tree:
diff --git a/ql/src/test/results/clientpositive/llap/tez_union_dynamic_partition.q.out b/ql/src/test/results/clientpositive/llap/tez_union_dynamic_partition.q.out
index 823c88d918..19f62d4221 100644
--- a/ql/src/test/results/clientpositive/llap/tez_union_dynamic_partition.q.out
+++ b/ql/src/test/results/clientpositive/llap/tez_union_dynamic_partition.q.out
@@ -104,7 +104,7 @@ STAGE PLANS:
                             Statistics: Num rows: 1 Data size: 256 Basic stats: COMPLETE Column stats: COMPLETE
                             value expressions: _col1 (type: int), _col2 (type: int), _col3 (type: bigint), _col4 (type: bigint), _col5 (type: binary)
             Execution mode: llap
-            LLAP IO: no inputs
+            LLAP IO: all inputs
         Map 4 
             Map Operator Tree:
                 TableScan
@@ -145,7 +145,7 @@ STAGE PLANS:
                             Statistics: Num rows: 1 Data size: 256 Basic stats: COMPLETE Column stats: COMPLETE
                             value expressions: _col1 (type: int), _col2 (type: int), _col3 (type: bigint), _col4 (type: bigint), _col5 (type: binary)
             Execution mode: llap
-            LLAP IO: no inputs
+            LLAP IO: all inputs
         Reducer 3 
             Execution mode: llap
             Reduce Operator Tree:
diff --git a/ql/src/test/results/clientpositive/llap/tez_union_dynamic_partition_2.q.out b/ql/src/test/results/clientpositive/llap/tez_union_dynamic_partition_2.q.out
index 37d2bb5b76..2578457c67 100644
--- a/ql/src/test/results/clientpositive/llap/tez_union_dynamic_partition_2.q.out
+++ b/ql/src/test/results/clientpositive/llap/tez_union_dynamic_partition_2.q.out
@@ -117,7 +117,7 @@ STAGE PLANS:
                             Statistics: Num rows: 1 Data size: 256 Basic stats: COMPLETE Column stats: COMPLETE
                             value expressions: _col1 (type: int), _col2 (type: int), _col3 (type: bigint), _col4 (type: bigint), _col5 (type: binary)
             Execution mode: llap
-            LLAP IO: no inputs
+            LLAP IO: all inputs
         Map 4 
             Map Operator Tree:
                 TableScan
@@ -158,7 +158,7 @@ STAGE PLANS:
                             Statistics: Num rows: 1 Data size: 256 Basic stats: COMPLETE Column stats: COMPLETE
                             value expressions: _col1 (type: int), _col2 (type: int), _col3 (type: bigint), _col4 (type: bigint), _col5 (type: binary)
             Execution mode: llap
-            LLAP IO: no inputs
+            LLAP IO: all inputs
         Reducer 3 
             Execution mode: llap
             Reduce Operator Tree:
diff --git a/ql/src/test/results/clientpositive/llap/tez_union_multiinsert.q.out b/ql/src/test/results/clientpositive/llap/tez_union_multiinsert.q.out
index a3cb8463ac..f2baffd300 100644
--- a/ql/src/test/results/clientpositive/llap/tez_union_multiinsert.q.out
+++ b/ql/src/test/results/clientpositive/llap/tez_union_multiinsert.q.out
@@ -87,7 +87,7 @@ STAGE PLANS:
                         Statistics: Num rows: 1 Data size: 8 Basic stats: COMPLETE Column stats: COMPLETE
                         value expressions: _col0 (type: bigint)
             Execution mode: vectorized, llap
-            LLAP IO: no inputs
+            LLAP IO: all inputs
         Map 8 
             Map Operator Tree:
                 TableScan
@@ -124,7 +124,7 @@ STAGE PLANS:
                         Map-reduce partition columns: _col0 (type: string), _col1 (type: string)
                         Statistics: Num rows: 1001 Data size: 459459 Basic stats: COMPLETE Column stats: COMPLETE
             Execution mode: vectorized, llap
-            LLAP IO: no inputs
+            LLAP IO: all inputs
         Map 9 
             Map Operator Tree:
                 TableScan
@@ -161,7 +161,7 @@ STAGE PLANS:
                         Map-reduce partition columns: _col0 (type: string), _col1 (type: string)
                         Statistics: Num rows: 1001 Data size: 459459 Basic stats: COMPLETE Column stats: COMPLETE
             Execution mode: vectorized, llap
-            LLAP IO: no inputs
+            LLAP IO: all inputs
         Reducer 2 
             Execution mode: vectorized, llap
             Reduce Operator Tree:
@@ -1111,7 +1111,7 @@ STAGE PLANS:
                         Map-reduce partition columns: _col0 (type: string), _col1 (type: string)
                         Statistics: Num rows: 1001 Data size: 459459 Basic stats: COMPLETE Column stats: COMPLETE
             Execution mode: vectorized, llap
-            LLAP IO: no inputs
+            LLAP IO: all inputs
         Map 7 
             Map Operator Tree:
                 TableScan
@@ -1131,7 +1131,7 @@ STAGE PLANS:
                         Statistics: Num rows: 1 Data size: 8 Basic stats: COMPLETE Column stats: COMPLETE
                         value expressions: _col0 (type: bigint)
             Execution mode: vectorized, llap
-            LLAP IO: no inputs
+            LLAP IO: all inputs
         Map 9 
             Map Operator Tree:
                 TableScan
@@ -1168,7 +1168,7 @@ STAGE PLANS:
                         Map-reduce partition columns: _col0 (type: string), _col1 (type: string)
                         Statistics: Num rows: 1001 Data size: 459459 Basic stats: COMPLETE Column stats: COMPLETE
             Execution mode: vectorized, llap
-            LLAP IO: no inputs
+            LLAP IO: all inputs
         Reducer 3 
             Execution mode: llap
             Reduce Operator Tree:
@@ -2114,7 +2114,7 @@ STAGE PLANS:
                         Map-reduce partition columns: _col0 (type: string), _col1 (type: string)
                         Statistics: Num rows: 1001 Data size: 459459 Basic stats: COMPLETE Column stats: COMPLETE
             Execution mode: vectorized, llap
-            LLAP IO: no inputs
+            LLAP IO: all inputs
         Map 7 
             Map Operator Tree:
                 TableScan
@@ -2134,7 +2134,7 @@ STAGE PLANS:
                         Statistics: Num rows: 1 Data size: 8 Basic stats: COMPLETE Column stats: COMPLETE
                         value expressions: _col0 (type: bigint)
             Execution mode: vectorized, llap
-            LLAP IO: no inputs
+            LLAP IO: all inputs
         Map 9 
             Map Operator Tree:
                 TableScan
@@ -2171,7 +2171,7 @@ STAGE PLANS:
                         Map-reduce partition columns: _col0 (type: string), _col1 (type: string)
                         Statistics: Num rows: 1001 Data size: 459459 Basic stats: COMPLETE Column stats: COMPLETE
             Execution mode: vectorized, llap
-            LLAP IO: no inputs
+            LLAP IO: all inputs
         Reducer 3 
             Execution mode: llap
             Reduce Operator Tree:
@@ -3091,7 +3091,7 @@ STAGE PLANS:
                         Statistics: Num rows: 1 Data size: 8 Basic stats: COMPLETE Column stats: COMPLETE
                         value expressions: _col0 (type: bigint)
             Execution mode: vectorized, llap
-            LLAP IO: no inputs
+            LLAP IO: all inputs
         Map 8 
             Map Operator Tree:
                 TableScan
@@ -3128,7 +3128,7 @@ STAGE PLANS:
                         Map-reduce partition columns: _col0 (type: string), _col1 (type: string)
                         Statistics: Num rows: 501 Data size: 229959 Basic stats: COMPLETE Column stats: COMPLETE
             Execution mode: vectorized, llap
-            LLAP IO: no inputs
+            LLAP IO: all inputs
         Reducer 2 
             Execution mode: vectorized, llap
             Reduce Operator Tree:
@@ -4042,7 +4042,7 @@ STAGE PLANS:
                         Statistics: Num rows: 1 Data size: 8 Basic stats: COMPLETE Column stats: COMPLETE
                         value expressions: _col0 (type: bigint)
             Execution mode: vectorized, llap
-            LLAP IO: no inputs
+            LLAP IO: all inputs
         Map 8 
             Map Operator Tree:
                 TableScan
@@ -4065,7 +4065,7 @@ STAGE PLANS:
                         Map-reduce partition columns: _col0 (type: string), _col1 (type: string)
                         Statistics: Num rows: 250 Data size: 68000 Basic stats: COMPLETE Column stats: COMPLETE
             Execution mode: vectorized, llap
-            LLAP IO: no inputs
+            LLAP IO: all inputs
         Reducer 2 
             Execution mode: vectorized, llap
             Reduce Operator Tree:
diff --git a/ql/src/test/results/clientpositive/llap/tez_vector_dynpart_hashjoin_2.q.out b/ql/src/test/results/clientpositive/llap/tez_vector_dynpart_hashjoin_2.q.out
index 7e47e15f11..2fbc9ded03 100644
--- a/ql/src/test/results/clientpositive/llap/tez_vector_dynpart_hashjoin_2.q.out
+++ b/ql/src/test/results/clientpositive/llap/tez_vector_dynpart_hashjoin_2.q.out
@@ -94,7 +94,7 @@ STAGE PLANS:
                         Map-reduce partition columns: _col0 (type: int)
                         Statistics: Num rows: 500 Data size: 2000 Basic stats: COMPLETE Column stats: COMPLETE
             Execution mode: vectorized, llap
-            LLAP IO: no inputs
+            LLAP IO: all inputs
         Reducer 2 
             Execution mode: llap
             Reduce Operator Tree:
@@ -304,7 +304,7 @@ STAGE PLANS:
                         Map-reduce partition columns: _col0 (type: int)
                         Statistics: Num rows: 500 Data size: 2000 Basic stats: COMPLETE Column stats: COMPLETE
             Execution mode: vectorized, llap
-            LLAP IO: no inputs
+            LLAP IO: all inputs
         Reducer 2 
             Execution mode: llap
             Reduce Operator Tree:
@@ -514,7 +514,7 @@ STAGE PLANS:
                         Map-reduce partition columns: _col0 (type: int)
                         Statistics: Num rows: 500 Data size: 2000 Basic stats: COMPLETE Column stats: COMPLETE
             Execution mode: vectorized, llap
-            LLAP IO: no inputs
+            LLAP IO: all inputs
         Reducer 2 
             Execution mode: llap
             Reduce Operator Tree:
diff --git a/ql/src/test/results/clientpositive/llap/timestamp.q.out b/ql/src/test/results/clientpositive/llap/timestamp.q.out
index 52c7acb946..ed7788b900 100644
--- a/ql/src/test/results/clientpositive/llap/timestamp.q.out
+++ b/ql/src/test/results/clientpositive/llap/timestamp.q.out
@@ -42,7 +42,7 @@ STAGE PLANS:
                           Map-reduce partition columns: _col0 (type: boolean)
                           Statistics: Num rows: 1 Data size: 4 Basic stats: COMPLETE Column stats: COMPLETE
             Execution mode: vectorized, llap
-            LLAP IO: no inputs
+            LLAP IO: all inputs
         Map 4 
             Map Operator Tree:
                 TableScan
@@ -65,7 +65,7 @@ STAGE PLANS:
                           Map-reduce partition columns: _col0 (type: boolean)
                           Statistics: Num rows: 1 Data size: 4 Basic stats: COMPLETE Column stats: COMPLETE
             Execution mode: vectorized, llap
-            LLAP IO: no inputs
+            LLAP IO: all inputs
         Reducer 3 
             Execution mode: vectorized, llap
             Reduce Operator Tree:
@@ -150,7 +150,7 @@ STAGE PLANS:
                           tag: -1
                           auto parallelism: true
             Execution mode: vectorized, llap
-            LLAP IO: no inputs
+            LLAP IO: all inputs
             Path -> Alias:
 #### A masked pattern was here ####
             Path -> Partition:
@@ -215,7 +215,7 @@ STAGE PLANS:
                           tag: -1
                           auto parallelism: true
             Execution mode: vectorized, llap
-            LLAP IO: no inputs
+            LLAP IO: all inputs
             Path -> Alias:
 #### A masked pattern was here ####
             Path -> Partition:
@@ -352,7 +352,7 @@ STAGE PLANS:
                           Map-reduce partition columns: _col0 (type: boolean)
                           Statistics: Num rows: 1 Data size: 4 Basic stats: COMPLETE Column stats: COMPLETE
             Execution mode: vectorized, llap
-            LLAP IO: no inputs
+            LLAP IO: all inputs
         Map 4 
             Map Operator Tree:
                 TableScan
@@ -375,7 +375,7 @@ STAGE PLANS:
                           Map-reduce partition columns: _col0 (type: boolean)
                           Statistics: Num rows: 1 Data size: 4 Basic stats: COMPLETE Column stats: COMPLETE
             Execution mode: vectorized, llap
-            LLAP IO: no inputs
+            LLAP IO: all inputs
         Reducer 3 
             Execution mode: vectorized, llap
             Reduce Operator Tree:
diff --git a/ql/src/test/results/clientpositive/llap/timestamp_comparison3.q.out b/ql/src/test/results/clientpositive/llap/timestamp_comparison3.q.out
index c152a1069f..68829719cc 100644
--- a/ql/src/test/results/clientpositive/llap/timestamp_comparison3.q.out
+++ b/ql/src/test/results/clientpositive/llap/timestamp_comparison3.q.out
@@ -94,7 +94,7 @@ STAGE PLANS:
                             output format: org.apache.hadoop.hive.ql.io.HiveSequenceFileOutputFormat
                             serde: org.apache.hadoop.hive.serde2.lazy.LazySimpleSerDe
             Execution mode: vectorized, llap
-            LLAP IO: no inputs
+            LLAP IO: all inputs
 
   Stage: Stage-0
     Fetch Operator
@@ -146,7 +146,7 @@ STAGE PLANS:
                             output format: org.apache.hadoop.hive.ql.io.HiveSequenceFileOutputFormat
                             serde: org.apache.hadoop.hive.serde2.lazy.LazySimpleSerDe
             Execution mode: vectorized, llap
-            LLAP IO: no inputs
+            LLAP IO: all inputs
 
   Stage: Stage-0
     Fetch Operator
@@ -198,7 +198,7 @@ STAGE PLANS:
                             output format: org.apache.hadoop.hive.ql.io.HiveSequenceFileOutputFormat
                             serde: org.apache.hadoop.hive.serde2.lazy.LazySimpleSerDe
             Execution mode: vectorized, llap
-            LLAP IO: no inputs
+            LLAP IO: all inputs
 
   Stage: Stage-0
     Fetch Operator
diff --git a/ql/src/test/results/clientpositive/llap/topnkey.q.out b/ql/src/test/results/clientpositive/llap/topnkey.q.out
index 8c018d7cd7..e2d0de1d02 100644
--- a/ql/src/test/results/clientpositive/llap/topnkey.q.out
+++ b/ql/src/test/results/clientpositive/llap/topnkey.q.out
@@ -51,7 +51,7 @@ STAGE PLANS:
                           Statistics: Num rows: 250 Data size: 23750 Basic stats: COMPLETE Column stats: COMPLETE
                           value expressions: _col1 (type: bigint)
             Execution mode: llap
-            LLAP IO: no inputs
+            LLAP IO: all inputs
         Reducer 2 
             Execution mode: llap
             Reduce Operator Tree:
@@ -163,7 +163,7 @@ STAGE PLANS:
                         Map-reduce partition columns: _col0 (type: string)
                         Statistics: Num rows: 500 Data size: 43500 Basic stats: COMPLETE Column stats: COMPLETE
             Execution mode: llap
-            LLAP IO: no inputs
+            LLAP IO: all inputs
         Map 5 
             Map Operator Tree:
                 TableScan
@@ -185,7 +185,7 @@ STAGE PLANS:
                         Statistics: Num rows: 500 Data size: 89000 Basic stats: COMPLETE Column stats: COMPLETE
                         value expressions: _col1 (type: string)
             Execution mode: llap
-            LLAP IO: no inputs
+            LLAP IO: all inputs
         Reducer 2 
             Execution mode: llap
             Reduce Operator Tree:
@@ -319,7 +319,7 @@ STAGE PLANS:
                       Map-reduce partition columns: _col0 (type: string)
                       Statistics: Num rows: 500 Data size: 43500 Basic stats: COMPLETE Column stats: COMPLETE
             Execution mode: llap
-            LLAP IO: no inputs
+            LLAP IO: all inputs
         Map 5 
             Map Operator Tree:
                 TableScan
@@ -341,7 +341,7 @@ STAGE PLANS:
                         Statistics: Num rows: 500 Data size: 89000 Basic stats: COMPLETE Column stats: COMPLETE
                         value expressions: _col1 (type: string)
             Execution mode: llap
-            LLAP IO: no inputs
+            LLAP IO: all inputs
         Reducer 2 
             Execution mode: llap
             Reduce Operator Tree:
@@ -513,7 +513,7 @@ STAGE PLANS:
                         sort order: ++
                         Statistics: Num rows: 8 Data size: 64 Basic stats: COMPLETE Column stats: COMPLETE
             Execution mode: llap
-            LLAP IO: no inputs
+            LLAP IO: all inputs
         Reducer 2 
             Execution mode: llap
             Reduce Operator Tree:
@@ -611,7 +611,7 @@ STAGE PLANS:
                           Map-reduce partition columns: _col0 (type: int), _col1 (type: int)
                           Statistics: Num rows: 4 Data size: 32 Basic stats: COMPLETE Column stats: COMPLETE
             Execution mode: llap
-            LLAP IO: no inputs
+            LLAP IO: all inputs
         Reducer 2 
             Execution mode: llap
             Reduce Operator Tree:
diff --git a/ql/src/test/results/clientpositive/llap/topnkey_grouping_sets.q.out b/ql/src/test/results/clientpositive/llap/topnkey_grouping_sets.q.out
index 580769a88e..c11b030309 100644
--- a/ql/src/test/results/clientpositive/llap/topnkey_grouping_sets.q.out
+++ b/ql/src/test/results/clientpositive/llap/topnkey_grouping_sets.q.out
@@ -94,7 +94,7 @@ STAGE PLANS:
                           Map-reduce partition columns: _col0 (type: int), _col1 (type: int), _col2 (type: bigint)
                           Statistics: Num rows: 26 Data size: 296 Basic stats: COMPLETE Column stats: COMPLETE
             Execution mode: llap
-            LLAP IO: no inputs
+            LLAP IO: all inputs
         Reducer 2 
             Execution mode: llap
             Reduce Operator Tree:
@@ -210,7 +210,7 @@ STAGE PLANS:
                           Map-reduce partition columns: _col0 (type: int), _col1 (type: int), _col2 (type: bigint)
                           Statistics: Num rows: 26 Data size: 296 Basic stats: COMPLETE Column stats: COMPLETE
             Execution mode: llap
-            LLAP IO: no inputs
+            LLAP IO: all inputs
         Reducer 2 
             Execution mode: llap
             Reduce Operator Tree:
@@ -330,7 +330,7 @@ STAGE PLANS:
                         Map-reduce partition columns: _col0 (type: int), _col1 (type: int), _col2 (type: bigint)
                         Statistics: Num rows: 26 Data size: 360 Basic stats: COMPLETE Column stats: COMPLETE
             Execution mode: llap
-            LLAP IO: no inputs
+            LLAP IO: all inputs
         Reducer 2 
             Execution mode: llap
             Reduce Operator Tree:
@@ -442,7 +442,7 @@ STAGE PLANS:
                         Map-reduce partition columns: _col0 (type: int), _col1 (type: int), _col2 (type: bigint)
                         Statistics: Num rows: 26 Data size: 360 Basic stats: COMPLETE Column stats: COMPLETE
             Execution mode: llap
-            LLAP IO: no inputs
+            LLAP IO: all inputs
         Reducer 2 
             Execution mode: llap
             Reduce Operator Tree:
@@ -550,7 +550,7 @@ STAGE PLANS:
                         Map-reduce partition columns: _col0 (type: int), _col1 (type: int), _col2 (type: bigint)
                         Statistics: Num rows: 13 Data size: 184 Basic stats: COMPLETE Column stats: COMPLETE
             Execution mode: llap
-            LLAP IO: no inputs
+            LLAP IO: all inputs
         Reducer 2 
             Execution mode: llap
             Reduce Operator Tree:
@@ -676,7 +676,7 @@ STAGE PLANS:
                           Map-reduce partition columns: _col0 (type: int), _col1 (type: int), _col2 (type: bigint)
                           Statistics: Num rows: 13 Data size: 152 Basic stats: COMPLETE Column stats: COMPLETE
             Execution mode: llap
-            LLAP IO: no inputs
+            LLAP IO: all inputs
         Reducer 2 
             Execution mode: llap
             Reduce Operator Tree:
@@ -796,7 +796,7 @@ STAGE PLANS:
                           Map-reduce partition columns: _col0 (type: int), _col1 (type: int), _col2 (type: bigint)
                           Statistics: Num rows: 13 Data size: 152 Basic stats: COMPLETE Column stats: COMPLETE
             Execution mode: llap
-            LLAP IO: no inputs
+            LLAP IO: all inputs
         Reducer 2 
             Execution mode: llap
             Reduce Operator Tree:
@@ -916,7 +916,7 @@ STAGE PLANS:
                           Map-reduce partition columns: _col0 (type: int), _col1 (type: int), _col2 (type: bigint)
                           Statistics: Num rows: 13 Data size: 152 Basic stats: COMPLETE Column stats: COMPLETE
             Execution mode: llap
-            LLAP IO: no inputs
+            LLAP IO: all inputs
         Reducer 2 
             Execution mode: llap
             Reduce Operator Tree:
@@ -1036,7 +1036,7 @@ STAGE PLANS:
                           Map-reduce partition columns: _col0 (type: int), _col1 (type: int), _col2 (type: bigint)
                           Statistics: Num rows: 13 Data size: 152 Basic stats: COMPLETE Column stats: COMPLETE
             Execution mode: llap
-            LLAP IO: no inputs
+            LLAP IO: all inputs
         Reducer 2 
             Execution mode: llap
             Reduce Operator Tree:
@@ -1155,7 +1155,7 @@ STAGE PLANS:
                         Map-reduce partition columns: _col0 (type: int), _col1 (type: int), _col2 (type: int)
                         Statistics: Num rows: 6 Data size: 60 Basic stats: COMPLETE Column stats: COMPLETE
             Execution mode: llap
-            LLAP IO: no inputs
+            LLAP IO: all inputs
         Reducer 2 
             Execution mode: llap
             Reduce Operator Tree:
diff --git a/ql/src/test/results/clientpositive/llap/topnkey_grouping_sets_functions.q.out b/ql/src/test/results/clientpositive/llap/topnkey_grouping_sets_functions.q.out
index 2a9dcff350..b0e4193146 100644
--- a/ql/src/test/results/clientpositive/llap/topnkey_grouping_sets_functions.q.out
+++ b/ql/src/test/results/clientpositive/llap/topnkey_grouping_sets_functions.q.out
@@ -90,7 +90,7 @@ STAGE PLANS:
                         Statistics: Num rows: 26 Data size: 568 Basic stats: COMPLETE Column stats: COMPLETE
                         value expressions: _col3 (type: bigint)
             Execution mode: llap
-            LLAP IO: no inputs
+            LLAP IO: all inputs
         Reducer 2 
             Execution mode: llap
             Reduce Operator Tree:
@@ -218,7 +218,7 @@ STAGE PLANS:
                         Statistics: Num rows: 26 Data size: 464 Basic stats: COMPLETE Column stats: COMPLETE
                         value expressions: _col3 (type: int)
             Execution mode: llap
-            LLAP IO: no inputs
+            LLAP IO: all inputs
         Reducer 2 
             Execution mode: llap
             Reduce Operator Tree:
@@ -346,7 +346,7 @@ STAGE PLANS:
                         Statistics: Num rows: 26 Data size: 464 Basic stats: COMPLETE Column stats: COMPLETE
                         value expressions: _col3 (type: int)
             Execution mode: llap
-            LLAP IO: no inputs
+            LLAP IO: all inputs
         Reducer 2 
             Execution mode: llap
             Reduce Operator Tree:
diff --git a/ql/src/test/results/clientpositive/llap/topnkey_grouping_sets_order.q.out b/ql/src/test/results/clientpositive/llap/topnkey_grouping_sets_order.q.out
index 0648192b69..a13c3b3c56 100644
--- a/ql/src/test/results/clientpositive/llap/topnkey_grouping_sets_order.q.out
+++ b/ql/src/test/results/clientpositive/llap/topnkey_grouping_sets_order.q.out
@@ -88,7 +88,7 @@ STAGE PLANS:
                         Map-reduce partition columns: _col0 (type: int), _col1 (type: int), _col2 (type: bigint)
                         Statistics: Num rows: 26 Data size: 360 Basic stats: COMPLETE Column stats: COMPLETE
             Execution mode: llap
-            LLAP IO: no inputs
+            LLAP IO: all inputs
         Reducer 2 
             Execution mode: llap
             Reduce Operator Tree:
@@ -208,7 +208,7 @@ STAGE PLANS:
                         Map-reduce partition columns: _col0 (type: int), _col1 (type: int), _col2 (type: bigint)
                         Statistics: Num rows: 26 Data size: 360 Basic stats: COMPLETE Column stats: COMPLETE
             Execution mode: llap
-            LLAP IO: no inputs
+            LLAP IO: all inputs
         Reducer 2 
             Execution mode: llap
             Reduce Operator Tree:
@@ -334,7 +334,7 @@ STAGE PLANS:
                           Map-reduce partition columns: _col0 (type: int), _col1 (type: int), _col2 (type: bigint)
                           Statistics: Num rows: 26 Data size: 296 Basic stats: COMPLETE Column stats: COMPLETE
             Execution mode: llap
-            LLAP IO: no inputs
+            LLAP IO: all inputs
         Reducer 2 
             Execution mode: llap
             Reduce Operator Tree:
@@ -454,7 +454,7 @@ STAGE PLANS:
                           Map-reduce partition columns: _col0 (type: int), _col1 (type: int), _col2 (type: bigint)
                           Statistics: Num rows: 26 Data size: 296 Basic stats: COMPLETE Column stats: COMPLETE
             Execution mode: llap
-            LLAP IO: no inputs
+            LLAP IO: all inputs
         Reducer 2 
             Execution mode: llap
             Reduce Operator Tree:
diff --git a/ql/src/test/results/clientpositive/llap/topnkey_inner_join.q.out b/ql/src/test/results/clientpositive/llap/topnkey_inner_join.q.out
index 27437a9c4b..7719593efb 100644
--- a/ql/src/test/results/clientpositive/llap/topnkey_inner_join.q.out
+++ b/ql/src/test/results/clientpositive/llap/topnkey_inner_join.q.out
@@ -130,7 +130,7 @@ STAGE PLANS:
                           Statistics: Num rows: 5 Data size: 36 Basic stats: COMPLETE Column stats: COMPLETE
                           value expressions: _col1 (type: int)
             Execution mode: vectorized, llap
-            LLAP IO: no inputs
+            LLAP IO: all inputs
         Map 4 
             Map Operator Tree:
                 TableScan
@@ -148,7 +148,7 @@ STAGE PLANS:
                       Statistics: Num rows: 4 Data size: 784 Basic stats: COMPLETE Column stats: COMPLETE
                       value expressions: _col1 (type: string), _col2 (type: string)
             Execution mode: vectorized, llap
-            LLAP IO: no inputs
+            LLAP IO: all inputs
         Reducer 2 
             Execution mode: llap
             Reduce Operator Tree:
@@ -240,7 +240,7 @@ STAGE PLANS:
                           Statistics: Num rows: 5 Data size: 36 Basic stats: COMPLETE Column stats: COMPLETE
                           value expressions: _col1 (type: int)
             Execution mode: vectorized, llap
-            LLAP IO: no inputs
+            LLAP IO: all inputs
         Map 4 
             Map Operator Tree:
                 TableScan
@@ -258,7 +258,7 @@ STAGE PLANS:
                       Statistics: Num rows: 4 Data size: 784 Basic stats: COMPLETE Column stats: COMPLETE
                       value expressions: _col1 (type: string), _col2 (type: string)
             Execution mode: vectorized, llap
-            LLAP IO: no inputs
+            LLAP IO: all inputs
         Reducer 2 
             Execution mode: llap
             Reduce Operator Tree:
@@ -340,7 +340,7 @@ STAGE PLANS:
                       Statistics: Num rows: 4 Data size: 784 Basic stats: COMPLETE Column stats: COMPLETE
                       value expressions: _col1 (type: string), _col2 (type: string)
             Execution mode: vectorized, llap
-            LLAP IO: no inputs
+            LLAP IO: all inputs
         Map 4 
             Map Operator Tree:
                 TableScan
@@ -368,7 +368,7 @@ STAGE PLANS:
                           Statistics: Num rows: 5 Data size: 36 Basic stats: COMPLETE Column stats: COMPLETE
                           value expressions: _col1 (type: int)
             Execution mode: vectorized, llap
-            LLAP IO: no inputs
+            LLAP IO: all inputs
         Reducer 2 
             Execution mode: llap
             Reduce Operator Tree:
@@ -502,7 +502,7 @@ STAGE PLANS:
                         Statistics: Num rows: 5 Data size: 40 Basic stats: COMPLETE Column stats: COMPLETE
                         value expressions: _col1 (type: int)
             Execution mode: vectorized, llap
-            LLAP IO: no inputs
+            LLAP IO: all inputs
         Map 4 
             Map Operator Tree:
                 TableScan
@@ -520,7 +520,7 @@ STAGE PLANS:
                       Statistics: Num rows: 4 Data size: 784 Basic stats: COMPLETE Column stats: COMPLETE
                       value expressions: _col1 (type: string), _col2 (type: string)
             Execution mode: vectorized, llap
-            LLAP IO: no inputs
+            LLAP IO: all inputs
         Reducer 2 
             Execution mode: llap
             Reduce Operator Tree:
@@ -612,7 +612,7 @@ STAGE PLANS:
                         Statistics: Num rows: 5 Data size: 40 Basic stats: COMPLETE Column stats: COMPLETE
                         value expressions: _col1 (type: int)
             Execution mode: vectorized, llap
-            LLAP IO: no inputs
+            LLAP IO: all inputs
         Map 4 
             Map Operator Tree:
                 TableScan
@@ -630,7 +630,7 @@ STAGE PLANS:
                       Statistics: Num rows: 4 Data size: 784 Basic stats: COMPLETE Column stats: COMPLETE
                       value expressions: _col1 (type: string), _col2 (type: string)
             Execution mode: vectorized, llap
-            LLAP IO: no inputs
+            LLAP IO: all inputs
         Reducer 2 
             Execution mode: llap
             Reduce Operator Tree:
@@ -757,7 +757,7 @@ STAGE PLANS:
                         Statistics: Num rows: 5 Data size: 40 Basic stats: COMPLETE Column stats: COMPLETE
                         value expressions: _col1 (type: int)
             Execution mode: vectorized, llap
-            LLAP IO: no inputs
+            LLAP IO: all inputs
         Map 4 
             Map Operator Tree:
                 TableScan
@@ -775,7 +775,7 @@ STAGE PLANS:
                       Statistics: Num rows: 4 Data size: 784 Basic stats: COMPLETE Column stats: COMPLETE
                       value expressions: _col1 (type: string), _col2 (type: string)
             Execution mode: vectorized, llap
-            LLAP IO: no inputs
+            LLAP IO: all inputs
         Reducer 2 
             Execution mode: llap
             Reduce Operator Tree:
@@ -895,7 +895,7 @@ STAGE PLANS:
                           Statistics: Num rows: 5 Data size: 36 Basic stats: COMPLETE Column stats: COMPLETE
                           value expressions: _col1 (type: int)
             Execution mode: vectorized, llap
-            LLAP IO: no inputs
+            LLAP IO: all inputs
         Map 4 
             Map Operator Tree:
                 TableScan
@@ -913,7 +913,7 @@ STAGE PLANS:
                       Statistics: Num rows: 4 Data size: 784 Basic stats: COMPLETE Column stats: COMPLETE
                       value expressions: _col1 (type: string), _col2 (type: string)
             Execution mode: vectorized, llap
-            LLAP IO: no inputs
+            LLAP IO: all inputs
         Reducer 2 
             Execution mode: llap
             Reduce Operator Tree:
@@ -1023,7 +1023,7 @@ STAGE PLANS:
                       Statistics: Num rows: 4 Data size: 784 Basic stats: COMPLETE Column stats: COMPLETE
                       value expressions: _col1 (type: string), _col2 (type: string)
             Execution mode: vectorized, llap
-            LLAP IO: no inputs
+            LLAP IO: all inputs
         Map 4 
             Map Operator Tree:
                 TableScan
@@ -1051,7 +1051,7 @@ STAGE PLANS:
                           Statistics: Num rows: 5 Data size: 36 Basic stats: COMPLETE Column stats: COMPLETE
                           value expressions: _col1 (type: int)
             Execution mode: vectorized, llap
-            LLAP IO: no inputs
+            LLAP IO: all inputs
         Reducer 2 
             Execution mode: llap
             Reduce Operator Tree:
@@ -1165,7 +1165,7 @@ STAGE PLANS:
                         Statistics: Num rows: 4 Data size: 784 Basic stats: COMPLETE Column stats: COMPLETE
                         value expressions: _col1 (type: string), _col2 (type: string)
             Execution mode: vectorized, llap
-            LLAP IO: no inputs
+            LLAP IO: all inputs
         Map 4 
             Map Operator Tree:
                 TableScan
@@ -1187,7 +1187,7 @@ STAGE PLANS:
                         Statistics: Num rows: 5 Data size: 40 Basic stats: COMPLETE Column stats: COMPLETE
                         value expressions: _col1 (type: int)
             Execution mode: vectorized, llap
-            LLAP IO: no inputs
+            LLAP IO: all inputs
         Reducer 2 
             Execution mode: llap
             Reduce Operator Tree:
@@ -1309,7 +1309,7 @@ STAGE PLANS:
                         Statistics: Num rows: 4 Data size: 784 Basic stats: COMPLETE Column stats: COMPLETE
                         value expressions: _col1 (type: string), _col2 (type: string)
             Execution mode: vectorized, llap
-            LLAP IO: no inputs
+            LLAP IO: all inputs
         Map 4 
             Map Operator Tree:
                 TableScan
@@ -1331,7 +1331,7 @@ STAGE PLANS:
                         Statistics: Num rows: 5 Data size: 40 Basic stats: COMPLETE Column stats: COMPLETE
                         value expressions: _col1 (type: int)
             Execution mode: vectorized, llap
-            LLAP IO: no inputs
+            LLAP IO: all inputs
         Reducer 2 
             Execution mode: llap
             Reduce Operator Tree:
diff --git a/ql/src/test/results/clientpositive/llap/topnkey_inner_join2.q.out b/ql/src/test/results/clientpositive/llap/topnkey_inner_join2.q.out
index 5758f0f458..5a32d03d60 100644
--- a/ql/src/test/results/clientpositive/llap/topnkey_inner_join2.q.out
+++ b/ql/src/test/results/clientpositive/llap/topnkey_inner_join2.q.out
@@ -134,7 +134,7 @@ STAGE PLANS:
                         Statistics: Num rows: 6 Data size: 630 Basic stats: COMPLETE Column stats: COMPLETE
                         value expressions: _col0 (type: bigint), _col2 (type: char(20))
             Execution mode: vectorized, llap
-            LLAP IO: no inputs
+            LLAP IO: all inputs
         Map 4 
             Map Operator Tree:
                 TableScan
@@ -155,7 +155,7 @@ STAGE PLANS:
                         Map-reduce partition columns: _col0 (type: bigint)
                         Statistics: Num rows: 1 Data size: 8 Basic stats: COMPLETE Column stats: COMPLETE
             Execution mode: vectorized, llap
-            LLAP IO: no inputs
+            LLAP IO: all inputs
         Reducer 2 
             Execution mode: llap
             Reduce Operator Tree:
@@ -299,7 +299,7 @@ STAGE PLANS:
                           Statistics: Num rows: 3 Data size: 315 Basic stats: COMPLETE Column stats: COMPLETE
                           value expressions: _col0 (type: bigint), _col2 (type: char(20))
             Execution mode: vectorized, llap
-            LLAP IO: no inputs
+            LLAP IO: all inputs
         Map 4 
             Map Operator Tree:
                 TableScan
@@ -317,7 +317,7 @@ STAGE PLANS:
                       Statistics: Num rows: 4 Data size: 400 Basic stats: COMPLETE Column stats: COMPLETE
                       value expressions: _col1 (type: varchar(60))
             Execution mode: vectorized, llap
-            LLAP IO: no inputs
+            LLAP IO: all inputs
         Reducer 2 
             Execution mode: llap
             Reduce Operator Tree:
diff --git a/ql/src/test/results/clientpositive/llap/topnkey_windowing.q.out b/ql/src/test/results/clientpositive/llap/topnkey_windowing.q.out
index 26c50a2b8f..b70b0652d8 100644
--- a/ql/src/test/results/clientpositive/llap/topnkey_windowing.q.out
+++ b/ql/src/test/results/clientpositive/llap/topnkey_windowing.q.out
@@ -119,7 +119,7 @@ STAGE PLANS:
                       Map-reduce partition columns: tw_code (type: string)
                       Statistics: Num rows: 26 Data size: 1969 Basic stats: COMPLETE Column stats: COMPLETE
             Execution mode: llap
-            LLAP IO: no inputs
+            LLAP IO: all inputs
         Reducer 2 
             Execution mode: llap
             Reduce Operator Tree:
@@ -248,7 +248,7 @@ STAGE PLANS:
                       Map-reduce partition columns: tw_code (type: string)
                       Statistics: Num rows: 26 Data size: 1969 Basic stats: COMPLETE Column stats: COMPLETE
             Execution mode: vectorized, llap
-            LLAP IO: no inputs
+            LLAP IO: all inputs
         Reducer 2 
             Execution mode: vectorized, llap
             Reduce Operator Tree:
@@ -414,7 +414,7 @@ STAGE PLANS:
                       value expressions: tw_code (type: string)
                       auto parallelism: true
             Execution mode: llap
-            LLAP IO: no inputs
+            LLAP IO: all inputs
             Path -> Alias:
 #### A masked pattern was here ####
             Path -> Partition:
@@ -601,7 +601,7 @@ STAGE PLANS:
                       value expressions: tw_code (type: string)
                       auto parallelism: true
             Execution mode: vectorized, llap
-            LLAP IO: no inputs
+            LLAP IO: all inputs
             Path -> Alias:
 #### A masked pattern was here ####
             Path -> Partition:
@@ -800,7 +800,7 @@ STAGE PLANS:
                       Map-reduce partition columns: tw_code (type: string)
                       Statistics: Num rows: 26 Data size: 1969 Basic stats: COMPLETE Column stats: COMPLETE
             Execution mode: vectorized, llap
-            LLAP IO: no inputs
+            LLAP IO: all inputs
         Reducer 2 
             Execution mode: vectorized, llap
             Reduce Operator Tree:
diff --git a/ql/src/test/results/clientpositive/llap/topnkey_windowing_order.q.out b/ql/src/test/results/clientpositive/llap/topnkey_windowing_order.q.out
index 39a94c5024..dec21b2078 100644
--- a/ql/src/test/results/clientpositive/llap/topnkey_windowing_order.q.out
+++ b/ql/src/test/results/clientpositive/llap/topnkey_windowing_order.q.out
@@ -121,7 +121,7 @@ STAGE PLANS:
                       Map-reduce partition columns: tw_a (type: string)
                       Statistics: Num rows: 26 Data size: 1969 Basic stats: COMPLETE Column stats: COMPLETE
             Execution mode: llap
-            LLAP IO: no inputs
+            LLAP IO: all inputs
         Reducer 2 
             Execution mode: llap
             Reduce Operator Tree:
@@ -280,7 +280,7 @@ STAGE PLANS:
                       Map-reduce partition columns: tw_a (type: string)
                       Statistics: Num rows: 26 Data size: 2153 Basic stats: COMPLETE Column stats: COMPLETE
             Execution mode: llap
-            LLAP IO: no inputs
+            LLAP IO: all inputs
         Reducer 2 
             Execution mode: llap
             Reduce Operator Tree:
@@ -437,7 +437,7 @@ STAGE PLANS:
                       Map-reduce partition columns: tw_a (type: string), tw_b (type: string)
                       Statistics: Num rows: 26 Data size: 3924 Basic stats: COMPLETE Column stats: COMPLETE
             Execution mode: llap
-            LLAP IO: no inputs
+            LLAP IO: all inputs
         Reducer 2 
             Execution mode: llap
             Reduce Operator Tree:
diff --git a/ql/src/test/results/clientpositive/llap/type_widening.q.out b/ql/src/test/results/clientpositive/llap/type_widening.q.out
index 360b356f53..de89723f1d 100644
--- a/ql/src/test/results/clientpositive/llap/type_widening.q.out
+++ b/ql/src/test/results/clientpositive/llap/type_widening.q.out
@@ -69,7 +69,7 @@ STAGE PLANS:
                       sort order: +
                       Statistics: Num rows: 1000 Data size: 8000 Basic stats: COMPLETE Column stats: COMPLETE
             Execution mode: vectorized, llap
-            LLAP IO: no inputs
+            LLAP IO: all inputs
         Map 4 
             Map Operator Tree:
                 TableScan
@@ -85,7 +85,7 @@ STAGE PLANS:
                       sort order: +
                       Statistics: Num rows: 1000 Data size: 8000 Basic stats: COMPLETE Column stats: COMPLETE
             Execution mode: vectorized, llap
-            LLAP IO: no inputs
+            LLAP IO: all inputs
         Reducer 3 
             Execution mode: vectorized, llap
             Reduce Operator Tree:
diff --git a/ql/src/test/results/clientpositive/llap/udaf_binarysetfunctions.q.out b/ql/src/test/results/clientpositive/llap/udaf_binarysetfunctions.q.out
index 81c56c28e7..2ff26ae970 100644
--- a/ql/src/test/results/clientpositive/llap/udaf_binarysetfunctions.q.out
+++ b/ql/src/test/results/clientpositive/llap/udaf_binarysetfunctions.q.out
@@ -407,7 +407,7 @@ STAGE PLANS:
                         Statistics: Num rows: 7 Data size: 11396 Basic stats: COMPLETE Column stats: COMPLETE
                         value expressions: _col1 (type: double), _col2 (type: double), _col3 (type: bigint), _col4 (type: double), _col5 (type: double), _col6 (type: bigint), _col7 (type: struct<count:bigint,xavg:double,yavg:double,xvar:double,yvar:double,covar:double>), _col8 (type: struct<count:bigint,xavg:double,yavg:double,covar:double>), _col9 (type: struct<count:bigint,xavg:double,yavg:double,covar:double>), _col10 (type: bigint), _col11 (type: struct<count:bigint,xavg:double,yavg:double,xvar:double,yvar:double,covar:double>), _col12 (type: struct<count:bigint,xavg:double,yavg:double,xvar:double,yvar:double,covar:double>), _col13 (type: struct<count:bigint,xavg:double,yavg:double,xvar:double,yvar:double,covar:double>), _col14 (type: struct<count:bigint,sum:double,variance:double>), _col15 (type: struct<count:bigint,sum:double,variance:double>), _col16 (type: struct<count:bigint,xavg:double,yavg:double,xvar:double,yvar:double,covar:double>), _col17 (type: struct<count:bigint,sum:decimal(20,0),input:decimal(10,0)>), _col18 (type: struct<count:bigint,sum:decimal(20,0),input:decimal(10,0)>)
             Execution mode: llap
-            LLAP IO: no inputs
+            LLAP IO: all inputs
         Reducer 2 
             Execution mode: llap
             Reduce Operator Tree:
diff --git a/ql/src/test/results/clientpositive/llap/udaf_binarysetfunctions_no_cbo.q.out b/ql/src/test/results/clientpositive/llap/udaf_binarysetfunctions_no_cbo.q.out
index c53a5eca24..7b2202b970 100644
--- a/ql/src/test/results/clientpositive/llap/udaf_binarysetfunctions_no_cbo.q.out
+++ b/ql/src/test/results/clientpositive/llap/udaf_binarysetfunctions_no_cbo.q.out
@@ -407,7 +407,7 @@ STAGE PLANS:
                         Statistics: Num rows: 7 Data size: 12180 Basic stats: COMPLETE Column stats: COMPLETE
                         value expressions: _col1 (type: struct<count:bigint,sum:double,variance:double>), _col2 (type: struct<count:bigint,sum:double,variance:double>), _col3 (type: struct<count:bigint,xavg:double,yavg:double,xvar:double,yvar:double,covar:double>), _col4 (type: struct<count:bigint,xavg:double,yavg:double,covar:double>), _col5 (type: struct<count:bigint,xavg:double,yavg:double,covar:double>), _col6 (type: bigint), _col7 (type: struct<count:bigint,xavg:double,yavg:double,xvar:double,yvar:double,covar:double>), _col8 (type: struct<count:bigint,xavg:double,yavg:double,xvar:double,yvar:double,covar:double>), _col9 (type: struct<count:bigint,xavg:double,yavg:double,xvar:double,yvar:double,covar:double>), _col10 (type: struct<count:bigint,sum:double,variance:double>), _col11 (type: struct<count:bigint,sum:double,variance:double>), _col12 (type: struct<count:bigint,xavg:double,yavg:double,xvar:double,yvar:double,covar:double>), _col13 (type: struct<count:bigint,sum:decimal(20,0),input:decimal(10,0)>), _col14 (type: struct<count:bigint,sum:decimal(20,0),input:decimal(10,0)>)
             Execution mode: llap
-            LLAP IO: no inputs
+            LLAP IO: all inputs
         Reducer 2 
             Execution mode: llap
             Reduce Operator Tree:
diff --git a/ql/src/test/results/clientpositive/llap/udaf_number_format.q.out b/ql/src/test/results/clientpositive/llap/udaf_number_format.q.out
index a1ae4cc77c..6cd088c7be 100644
--- a/ql/src/test/results/clientpositive/llap/udaf_number_format.q.out
+++ b/ql/src/test/results/clientpositive/llap/udaf_number_format.q.out
@@ -47,7 +47,7 @@ STAGE PLANS:
                         Statistics: Num rows: 1 Data size: 32 Basic stats: COMPLETE Column stats: COMPLETE
                         value expressions: _col0 (type: double), _col1 (type: bigint), _col2 (type: double), _col3 (type: double)
             Execution mode: llap
-            LLAP IO: no inputs
+            LLAP IO: all inputs
         Reducer 2 
             Execution mode: vectorized, llap
             Reduce Operator Tree:
diff --git a/ql/src/test/results/clientpositive/llap/udaf_percentile_cont.q.out b/ql/src/test/results/clientpositive/llap/udaf_percentile_cont.q.out
index 225c1aa6c1..8d6f2d6f37 100644
--- a/ql/src/test/results/clientpositive/llap/udaf_percentile_cont.q.out
+++ b/ql/src/test/results/clientpositive/llap/udaf_percentile_cont.q.out
@@ -525,7 +525,7 @@ STAGE PLANS:
                         Statistics: Num rows: 1 Data size: 4728 Basic stats: COMPLETE Column stats: COMPLETE
                         value expressions: _col0 (type: struct<counts:map<bigint,bigint>,percentiles:array<double>,isascending:boolean>), _col1 (type: struct<counts:map<bigint,bigint>,percentiles:array<double>,isascending:boolean>), _col2 (type: struct<counts:map<bigint,bigint>,percentiles:array<double>,isascending:boolean>), _col3 (type: struct<counts:map<bigint,bigint>,percentiles:array<double>,isascending:boolean>), _col4 (type: struct<counts:map<bigint,bigint>,percentiles:array<double>,isascending:boolean>), _col5 (type: struct<counts:map<bigint,bigint>,percentiles:array<double>,isascending:boolean>)
             Execution mode: llap
-            LLAP IO: no inputs
+            LLAP IO: all inputs
         Reducer 2 
             Execution mode: llap
             Reduce Operator Tree:
diff --git a/ql/src/test/results/clientpositive/llap/udaf_percentile_disc.q.out b/ql/src/test/results/clientpositive/llap/udaf_percentile_disc.q.out
index 7015187475..7d8e294310 100644
--- a/ql/src/test/results/clientpositive/llap/udaf_percentile_disc.q.out
+++ b/ql/src/test/results/clientpositive/llap/udaf_percentile_disc.q.out
@@ -525,7 +525,7 @@ STAGE PLANS:
                         Statistics: Num rows: 1 Data size: 4728 Basic stats: COMPLETE Column stats: COMPLETE
                         value expressions: _col0 (type: struct<counts:map<bigint,bigint>,percentiles:array<double>,isascending:boolean>), _col1 (type: struct<counts:map<bigint,bigint>,percentiles:array<double>,isascending:boolean>), _col2 (type: struct<counts:map<bigint,bigint>,percentiles:array<double>,isascending:boolean>), _col3 (type: struct<counts:map<bigint,bigint>,percentiles:array<double>,isascending:boolean>), _col4 (type: struct<counts:map<bigint,bigint>,percentiles:array<double>,isascending:boolean>), _col5 (type: struct<counts:map<bigint,bigint>,percentiles:array<double>,isascending:boolean>)
             Execution mode: llap
-            LLAP IO: no inputs
+            LLAP IO: all inputs
         Reducer 2 
             Execution mode: llap
             Reduce Operator Tree:
diff --git a/ql/src/test/results/clientpositive/llap/udf1.q.out b/ql/src/test/results/clientpositive/llap/udf1.q.out
index 165207338d..8b6d4032da 100644
--- a/ql/src/test/results/clientpositive/llap/udf1.q.out
+++ b/ql/src/test/results/clientpositive/llap/udf1.q.out
@@ -87,7 +87,7 @@ STAGE PLANS:
                             Statistics: Num rows: 1 Data size: 4648 Basic stats: COMPLETE Column stats: COMPLETE
                             value expressions: _col0 (type: int), _col1 (type: struct<count:bigint,sum:double,input:int>), _col2 (type: bigint), _col3 (type: bigint), _col4 (type: binary), _col5 (type: int), _col6 (type: struct<count:bigint,sum:double,input:int>), _col7 (type: bigint), _col8 (type: binary), _col9 (type: int), _col10 (type: struct<count:bigint,sum:double,input:int>), _col11 (type: bigint), _col12 (type: binary), _col13 (type: int), _col14 (type: struct<count:bigint,sum:double,input:int>), _col15 (type: bigint), _col16 (type: binary), _col17 (type: int), _col18 (type: struct<count:bigint,sum:double,input:int>), _col19 (type: bigint), _col20 (type: binary), _col21 (type: int), _col22 (type: struct<count:bigint,sum:double,input:int>), _col23 (type: bigint), _col24 (type: binary), _col25 (type: int), _col26 (type: struct<count:bigint,sum:double,input:int>), _col27 (type: bigint), _col28 (type: binary), _col29 (type: int), _col30 (type: struct<count:bigint,sum:double,input:int>), _col31 (type: bigint), _col32 (type: binary), _col33 (type: int), _col34 (type: struct<count:bigint,sum:double,input:int>), _col35 (type: bigint), _col36 (type: binary), _col37 (type: int), _col38 (type: struct<count:bigint,sum:double,input:int>), _col39 (type: bigint), _col40 (type: binary), _col41 (type: int), _col42 (type: struct<count:bigint,sum:double,input:int>), _col43 (type: bigint), _col44 (type: binary), _col45 (type: int), _col46 (type: struct<count:bigint,sum:double,input:int>), _col47 (type: bigint), _col48 (type: binary), _col49 (type: int), _col50 (type: struct<count:bigint,sum:double,input:int>), _col51 (type: bigint), _col52 (type: binary), _col53 (type: int), _col54 (type: struct<count:bigint,sum:double,input:int>), _col55 (type: bigint), _col56 (type: binary), _col57 (type: int), _col58 (type: struct<count:bigint,sum:double,input:int>), _col59 (type: bigint), _col60 (type: binary), _col61 (type: int), _col62 (type: struct<count:bigint,sum:double,input:int>), _col63 (type: bigint), _col64 (type: binary), _col65 (type: int), _col66 (type: struct<count:bigint,sum:double,input:int>), _col67 (type: bigint), _col68 (type: binary), _col69 (type: int), _col70 (type: struct<count:bigint,sum:double,input:int>), _col71 (type: bigint), _col72 (type: binary), _col73 (type: int), _col74 (type: struct<count:bigint,sum:double,input:int>), _col75 (type: bigint), _col76 (type: binary), _col77 (type: int), _col78 (type: struct<count:bigint,sum:double,input:int>), _col79 (type: bigint), _col80 (type: binary)
             Execution mode: llap
-            LLAP IO: no inputs
+            LLAP IO: all inputs
         Reducer 2 
             Execution mode: llap
             Reduce Operator Tree:
diff --git a/ql/src/test/results/clientpositive/llap/udf3.q.out b/ql/src/test/results/clientpositive/llap/udf3.q.out
index b3946c30da..b06cf61dec 100644
--- a/ql/src/test/results/clientpositive/llap/udf3.q.out
+++ b/ql/src/test/results/clientpositive/llap/udf3.q.out
@@ -51,7 +51,7 @@ STAGE PLANS:
                         Statistics: Num rows: 1 Data size: 24 Basic stats: COMPLETE Column stats: COMPLETE
                         value expressions: _col0 (type: bigint), _col1 (type: bigint), _col2 (type: int), _col3 (type: int)
             Execution mode: vectorized, llap
-            LLAP IO: no inputs
+            LLAP IO: all inputs
         Reducer 2 
             Execution mode: llap
             Reduce Operator Tree:
diff --git a/ql/src/test/results/clientpositive/llap/udf8.q.out b/ql/src/test/results/clientpositive/llap/udf8.q.out
index db9dd1f0b5..f44eeed56a 100644
--- a/ql/src/test/results/clientpositive/llap/udf8.q.out
+++ b/ql/src/test/results/clientpositive/llap/udf8.q.out
@@ -67,7 +67,7 @@ STAGE PLANS:
                         Statistics: Num rows: 1 Data size: 16 Basic stats: COMPLETE Column stats: COMPLETE
                         value expressions: _col0 (type: double), _col1 (type: bigint)
             Execution mode: llap
-            LLAP IO: no inputs
+            LLAP IO: all inputs
         Reducer 2 
             Execution mode: vectorized, llap
             Reduce Operator Tree:
diff --git a/ql/src/test/results/clientpositive/llap/udf_10_trims.q.out b/ql/src/test/results/clientpositive/llap/udf_10_trims.q.out
index f1ddf4df3e..abc08e10f3 100644
--- a/ql/src/test/results/clientpositive/llap/udf_10_trims.q.out
+++ b/ql/src/test/results/clientpositive/llap/udf_10_trims.q.out
@@ -73,7 +73,7 @@ STAGE PLANS:
                             Statistics: Num rows: 1 Data size: 240 Basic stats: COMPLETE Column stats: COMPLETE
                             value expressions: _col0 (type: int), _col1 (type: struct<count:bigint,sum:double,input:int>), _col2 (type: bigint), _col3 (type: bigint), _col4 (type: binary)
             Execution mode: llap
-            LLAP IO: no inputs
+            LLAP IO: all inputs
         Reducer 2 
             Execution mode: llap
             Reduce Operator Tree:
diff --git a/ql/src/test/results/clientpositive/llap/udf_case_column_pruning.q.out b/ql/src/test/results/clientpositive/llap/udf_case_column_pruning.q.out
index cb6548e8d5..a8d7f24c31 100644
--- a/ql/src/test/results/clientpositive/llap/udf_case_column_pruning.q.out
+++ b/ql/src/test/results/clientpositive/llap/udf_case_column_pruning.q.out
@@ -56,7 +56,7 @@ STAGE PLANS:
                         Statistics: Num rows: 500 Data size: 45500 Basic stats: COMPLETE Column stats: COMPLETE
                         value expressions: _col1 (type: int)
             Execution mode: vectorized, llap
-            LLAP IO: no inputs
+            LLAP IO: all inputs
         Map 4 
             Map Operator Tree:
                 TableScan
@@ -77,7 +77,7 @@ STAGE PLANS:
                         Map-reduce partition columns: _col0 (type: string)
                         Statistics: Num rows: 500 Data size: 43500 Basic stats: COMPLETE Column stats: COMPLETE
             Execution mode: vectorized, llap
-            LLAP IO: no inputs
+            LLAP IO: all inputs
         Reducer 2 
             Execution mode: llap
             Reduce Operator Tree:
diff --git a/ql/src/test/results/clientpositive/llap/udf_character_length.q.out b/ql/src/test/results/clientpositive/llap/udf_character_length.q.out
index 5728478da8..0748987cbe 100644
--- a/ql/src/test/results/clientpositive/llap/udf_character_length.q.out
+++ b/ql/src/test/results/clientpositive/llap/udf_character_length.q.out
@@ -93,7 +93,7 @@ STAGE PLANS:
                           Statistics: Num rows: 1 Data size: 168 Basic stats: COMPLETE Column stats: COMPLETE
                           value expressions: _col0 (type: int), _col1 (type: int), _col2 (type: bigint), _col3 (type: bigint), _col4 (type: binary)
             Execution mode: llap
-            LLAP IO: no inputs
+            LLAP IO: all inputs
         Reducer 2 
             Execution mode: llap
             Reduce Operator Tree:
diff --git a/ql/src/test/results/clientpositive/llap/udf_coalesce.q.out b/ql/src/test/results/clientpositive/llap/udf_coalesce.q.out
index a934fdc8b5..070ce116bd 100644
--- a/ql/src/test/results/clientpositive/llap/udf_coalesce.q.out
+++ b/ql/src/test/results/clientpositive/llap/udf_coalesce.q.out
@@ -87,7 +87,7 @@ STAGE PLANS:
                           output format: org.apache.hadoop.hive.ql.io.HiveSequenceFileOutputFormat
                           serde: org.apache.hadoop.hive.serde2.lazy.LazySimpleSerDe
             Execution mode: vectorized, llap
-            LLAP IO: no inputs
+            LLAP IO: all inputs
 
   Stage: Stage-0
     Fetch Operator
@@ -179,7 +179,7 @@ STAGE PLANS:
                             output format: org.apache.hadoop.hive.ql.io.HiveSequenceFileOutputFormat
                             serde: org.apache.hadoop.hive.serde2.lazy.LazySimpleSerDe
             Execution mode: vectorized, llap
-            LLAP IO: no inputs
+            LLAP IO: all inputs
 
   Stage: Stage-0
     Fetch Operator
diff --git a/ql/src/test/results/clientpositive/llap/udf_explode.q.out b/ql/src/test/results/clientpositive/llap/udf_explode.q.out
index 0f9d91dbc5..8cfdbe2747 100644
--- a/ql/src/test/results/clientpositive/llap/udf_explode.q.out
+++ b/ql/src/test/results/clientpositive/llap/udf_explode.q.out
@@ -54,7 +54,7 @@ STAGE PLANS:
                         tag: -1
                         auto parallelism: false
             Execution mode: llap
-            LLAP IO: no inputs
+            LLAP IO: all inputs
             Path -> Alias:
 #### A masked pattern was here ####
             Path -> Partition:
@@ -185,7 +185,7 @@ STAGE PLANS:
                           value expressions: _col1 (type: bigint)
                           auto parallelism: true
             Execution mode: llap
-            LLAP IO: no inputs
+            LLAP IO: all inputs
             Path -> Alias:
 #### A masked pattern was here ####
             Path -> Partition:
@@ -359,7 +359,7 @@ STAGE PLANS:
                         tag: -1
                         auto parallelism: false
             Execution mode: llap
-            LLAP IO: no inputs
+            LLAP IO: all inputs
             Path -> Alias:
 #### A masked pattern was here ####
             Path -> Partition:
@@ -490,7 +490,7 @@ STAGE PLANS:
                           value expressions: _col2 (type: bigint)
                           auto parallelism: true
             Execution mode: llap
-            LLAP IO: no inputs
+            LLAP IO: all inputs
             Path -> Alias:
 #### A masked pattern was here ####
             Path -> Partition:
diff --git a/ql/src/test/results/clientpositive/llap/udf_folder_constants.q.out b/ql/src/test/results/clientpositive/llap/udf_folder_constants.q.out
index b7ee1ed049..404429d4be 100644
--- a/ql/src/test/results/clientpositive/llap/udf_folder_constants.q.out
+++ b/ql/src/test/results/clientpositive/llap/udf_folder_constants.q.out
@@ -85,7 +85,7 @@ STAGE PLANS:
                         Map-reduce partition columns: _col0 (type: int)
                         Statistics: Num rows: 1 Data size: 4 Basic stats: COMPLETE Column stats: COMPLETE
             Execution mode: vectorized, llap
-            LLAP IO: no inputs
+            LLAP IO: all inputs
         Map 3 
             Map Operator Tree:
                 TableScan
@@ -106,7 +106,7 @@ STAGE PLANS:
                         Map-reduce partition columns: _col0 (type: int)
                         Statistics: Num rows: 1 Data size: 4 Basic stats: COMPLETE Column stats: COMPLETE
             Execution mode: vectorized, llap
-            LLAP IO: no inputs
+            LLAP IO: all inputs
         Reducer 2 
             Execution mode: llap
             Reduce Operator Tree:
diff --git a/ql/src/test/results/clientpositive/llap/udf_isops_simplify.q.out b/ql/src/test/results/clientpositive/llap/udf_isops_simplify.q.out
index e7ccd7bc08..37d8e557f3 100644
--- a/ql/src/test/results/clientpositive/llap/udf_isops_simplify.q.out
+++ b/ql/src/test/results/clientpositive/llap/udf_isops_simplify.q.out
@@ -48,7 +48,7 @@ STAGE PLANS:
                         Map-reduce partition columns: _col0 (type: int)
                         Statistics: Num rows: 1 Data size: 4 Basic stats: COMPLETE Column stats: NONE
             Execution mode: vectorized, llap
-            LLAP IO: no inputs
+            LLAP IO: all inputs
         Reducer 2 
             Execution mode: vectorized, llap
             Reduce Operator Tree:
@@ -117,7 +117,7 @@ STAGE PLANS:
                         Map-reduce partition columns: _col0 (type: int)
                         Statistics: Num rows: 1 Data size: 4 Basic stats: COMPLETE Column stats: NONE
             Execution mode: vectorized, llap
-            LLAP IO: no inputs
+            LLAP IO: all inputs
         Reducer 2 
             Execution mode: vectorized, llap
             Reduce Operator Tree:
@@ -186,7 +186,7 @@ STAGE PLANS:
                         Map-reduce partition columns: _col0 (type: int)
                         Statistics: Num rows: 1 Data size: 4 Basic stats: COMPLETE Column stats: NONE
             Execution mode: vectorized, llap
-            LLAP IO: no inputs
+            LLAP IO: all inputs
         Reducer 2 
             Execution mode: vectorized, llap
             Reduce Operator Tree:
@@ -255,7 +255,7 @@ STAGE PLANS:
                         Map-reduce partition columns: _col0 (type: int)
                         Statistics: Num rows: 1 Data size: 4 Basic stats: COMPLETE Column stats: NONE
             Execution mode: vectorized, llap
-            LLAP IO: no inputs
+            LLAP IO: all inputs
         Reducer 2 
             Execution mode: vectorized, llap
             Reduce Operator Tree:
@@ -324,7 +324,7 @@ STAGE PLANS:
                         Map-reduce partition columns: _col0 (type: int)
                         Statistics: Num rows: 1 Data size: 4 Basic stats: COMPLETE Column stats: NONE
             Execution mode: vectorized, llap
-            LLAP IO: no inputs
+            LLAP IO: all inputs
         Reducer 2 
             Execution mode: vectorized, llap
             Reduce Operator Tree:
@@ -393,7 +393,7 @@ STAGE PLANS:
                         Map-reduce partition columns: _col0 (type: int)
                         Statistics: Num rows: 1 Data size: 4 Basic stats: COMPLETE Column stats: NONE
             Execution mode: vectorized, llap
-            LLAP IO: no inputs
+            LLAP IO: all inputs
         Reducer 2 
             Execution mode: vectorized, llap
             Reduce Operator Tree:
diff --git a/ql/src/test/results/clientpositive/llap/udf_length.q.out b/ql/src/test/results/clientpositive/llap/udf_length.q.out
index a2c8382d35..fb99c80c0d 100644
--- a/ql/src/test/results/clientpositive/llap/udf_length.q.out
+++ b/ql/src/test/results/clientpositive/llap/udf_length.q.out
@@ -76,7 +76,7 @@ STAGE PLANS:
                           Statistics: Num rows: 1 Data size: 168 Basic stats: COMPLETE Column stats: COMPLETE
                           value expressions: _col0 (type: int), _col1 (type: int), _col2 (type: bigint), _col3 (type: bigint), _col4 (type: binary)
             Execution mode: llap
-            LLAP IO: no inputs
+            LLAP IO: all inputs
         Reducer 2 
             Execution mode: llap
             Reduce Operator Tree:
diff --git a/ql/src/test/results/clientpositive/llap/udf_octet_length.q.out b/ql/src/test/results/clientpositive/llap/udf_octet_length.q.out
index ed201c30c6..7639a4b7df 100644
--- a/ql/src/test/results/clientpositive/llap/udf_octet_length.q.out
+++ b/ql/src/test/results/clientpositive/llap/udf_octet_length.q.out
@@ -76,7 +76,7 @@ STAGE PLANS:
                           Statistics: Num rows: 1 Data size: 168 Basic stats: COMPLETE Column stats: COMPLETE
                           value expressions: _col0 (type: int), _col1 (type: int), _col2 (type: bigint), _col3 (type: bigint), _col4 (type: binary)
             Execution mode: llap
-            LLAP IO: no inputs
+            LLAP IO: all inputs
         Reducer 2 
             Execution mode: llap
             Reduce Operator Tree:
diff --git a/ql/src/test/results/clientpositive/llap/udf_reverse.q.out b/ql/src/test/results/clientpositive/llap/udf_reverse.q.out
index a07a862a53..1478353314 100644
--- a/ql/src/test/results/clientpositive/llap/udf_reverse.q.out
+++ b/ql/src/test/results/clientpositive/llap/udf_reverse.q.out
@@ -76,7 +76,7 @@ STAGE PLANS:
                           Statistics: Num rows: 1 Data size: 240 Basic stats: COMPLETE Column stats: COMPLETE
                           value expressions: _col0 (type: int), _col1 (type: struct<count:bigint,sum:double,input:int>), _col2 (type: bigint), _col3 (type: bigint), _col4 (type: binary)
             Execution mode: llap
-            LLAP IO: no inputs
+            LLAP IO: all inputs
         Reducer 2 
             Execution mode: llap
             Reduce Operator Tree:
diff --git a/ql/src/test/results/clientpositive/llap/udtf_explode.q.out b/ql/src/test/results/clientpositive/llap/udtf_explode.q.out
index 15f39f72d6..d1ac52fcab 100644
--- a/ql/src/test/results/clientpositive/llap/udtf_explode.q.out
+++ b/ql/src/test/results/clientpositive/llap/udtf_explode.q.out
@@ -94,7 +94,7 @@ STAGE PLANS:
                             value expressions: _col0 (type: int)
                             auto parallelism: false
             Execution mode: llap
-            LLAP IO: no inputs
+            LLAP IO: all inputs
             Path -> Alias:
 #### A masked pattern was here ####
             Path -> Partition:
@@ -283,7 +283,7 @@ STAGE PLANS:
                             sort order: ++
                             Statistics: Num rows: 500 Data size: 4000 Basic stats: COMPLETE Column stats: COMPLETE
             Execution mode: llap
-            LLAP IO: no inputs
+            LLAP IO: all inputs
         Reducer 2 
             Execution mode: vectorized, llap
             Reduce Operator Tree:
@@ -362,7 +362,7 @@ STAGE PLANS:
                             value expressions: _col0 (type: int), _col1 (type: string)
                             auto parallelism: false
             Execution mode: llap
-            LLAP IO: no inputs
+            LLAP IO: all inputs
             Path -> Alias:
 #### A masked pattern was here ####
             Path -> Partition:
diff --git a/ql/src/test/results/clientpositive/llap/udtf_json_tuple.q.out b/ql/src/test/results/clientpositive/llap/udtf_json_tuple.q.out
index 6b2d07265f..1be6f5310c 100644
--- a/ql/src/test/results/clientpositive/llap/udtf_json_tuple.q.out
+++ b/ql/src/test/results/clientpositive/llap/udtf_json_tuple.q.out
@@ -109,7 +109,7 @@ STAGE PLANS:
                               Statistics: Num rows: 12 Data size: 1020 Basic stats: COMPLETE Column stats: COMPLETE
                               value expressions: _col1 (type: string), _col2 (type: string), _col3 (type: string), _col4 (type: string), _col5 (type: string)
             Execution mode: llap
-            LLAP IO: no inputs
+            LLAP IO: all inputs
         Reducer 2 
             Execution mode: vectorized, llap
             Reduce Operator Tree:
@@ -190,7 +190,7 @@ STAGE PLANS:
                           Statistics: Num rows: 6 Data size: 48 Basic stats: COMPLETE Column stats: COMPLETE
                           value expressions: _col3 (type: string), _col4 (type: string)
             Execution mode: llap
-            LLAP IO: no inputs
+            LLAP IO: all inputs
         Reducer 2 
             Execution mode: vectorized, llap
             Reduce Operator Tree:
@@ -293,7 +293,7 @@ STAGE PLANS:
                               Statistics: Num rows: 12 Data size: 1020 Basic stats: COMPLETE Column stats: COMPLETE
                               value expressions: _col1 (type: string), _col2 (type: string)
             Execution mode: llap
-            LLAP IO: no inputs
+            LLAP IO: all inputs
         Reducer 2 
             Execution mode: vectorized, llap
             Reduce Operator Tree:
@@ -414,7 +414,7 @@ STAGE PLANS:
                                   Statistics: Num rows: 1 Data size: 8 Basic stats: COMPLETE Column stats: COMPLETE
                                   value expressions: _col1 (type: bigint)
             Execution mode: llap
-            LLAP IO: no inputs
+            LLAP IO: all inputs
         Reducer 2 
             Execution mode: vectorized, llap
             Reduce Operator Tree:
diff --git a/ql/src/test/results/clientpositive/llap/udtf_parse_url_tuple.q.out b/ql/src/test/results/clientpositive/llap/udtf_parse_url_tuple.q.out
index 986b00a831..ebe71acc53 100644
--- a/ql/src/test/results/clientpositive/llap/udtf_parse_url_tuple.q.out
+++ b/ql/src/test/results/clientpositive/llap/udtf_parse_url_tuple.q.out
@@ -128,7 +128,7 @@ STAGE PLANS:
                               Statistics: Num rows: 12 Data size: 1020 Basic stats: COMPLETE Column stats: COMPLETE
                               value expressions: _col1 (type: string), _col2 (type: string), _col3 (type: string), _col4 (type: string), _col5 (type: string), _col6 (type: string), _col7 (type: string), _col8 (type: string), _col9 (type: string)
             Execution mode: llap
-            LLAP IO: no inputs
+            LLAP IO: all inputs
         Reducer 2 
             Execution mode: vectorized, llap
             Reduce Operator Tree:
@@ -209,7 +209,7 @@ STAGE PLANS:
                           Statistics: Num rows: 6 Data size: 48 Basic stats: COMPLETE Column stats: COMPLETE
                           value expressions: _col3 (type: string), _col4 (type: string), _col5 (type: string), _col6 (type: string), _col7 (type: string), _col8 (type: string)
             Execution mode: llap
-            LLAP IO: no inputs
+            LLAP IO: all inputs
         Reducer 2 
             Execution mode: vectorized, llap
             Reduce Operator Tree:
@@ -312,7 +312,7 @@ STAGE PLANS:
                               Statistics: Num rows: 12 Data size: 1020 Basic stats: COMPLETE Column stats: COMPLETE
                               value expressions: _col1 (type: string), _col2 (type: string), _col3 (type: string), _col4 (type: string), _col5 (type: string), _col6 (type: string)
             Execution mode: llap
-            LLAP IO: no inputs
+            LLAP IO: all inputs
         Reducer 2 
             Execution mode: vectorized, llap
             Reduce Operator Tree:
@@ -432,7 +432,7 @@ STAGE PLANS:
                                   Statistics: Num rows: 1 Data size: 8 Basic stats: COMPLETE Column stats: COMPLETE
                                   value expressions: _col1 (type: bigint)
             Execution mode: llap
-            LLAP IO: no inputs
+            LLAP IO: all inputs
         Reducer 2 
             Execution mode: vectorized, llap
             Reduce Operator Tree:
diff --git a/ql/src/test/results/clientpositive/llap/union.q.out b/ql/src/test/results/clientpositive/llap/union.q.out
index 1b3036298e..78641494fb 100644
--- a/ql/src/test/results/clientpositive/llap/union.q.out
+++ b/ql/src/test/results/clientpositive/llap/union.q.out
@@ -52,7 +52,7 @@ STAGE PLANS:
                         sort order: ++
                         Statistics: Num rows: 332 Data size: 59096 Basic stats: COMPLETE Column stats: COMPLETE
             Execution mode: vectorized, llap
-            LLAP IO: no inputs
+            LLAP IO: all inputs
         Map 4 
             Map Operator Tree:
                 TableScan
@@ -72,7 +72,7 @@ STAGE PLANS:
                         sort order: ++
                         Statistics: Num rows: 332 Data size: 59096 Basic stats: COMPLETE Column stats: COMPLETE
             Execution mode: vectorized, llap
-            LLAP IO: no inputs
+            LLAP IO: all inputs
         Reducer 3 
             Execution mode: vectorized, llap
             Reduce Operator Tree:
diff --git a/ql/src/test/results/clientpositive/llap/union10.q.out b/ql/src/test/results/clientpositive/llap/union10.q.out
index 41292b8bed..11148fbf0f 100644
--- a/ql/src/test/results/clientpositive/llap/union10.q.out
+++ b/ql/src/test/results/clientpositive/llap/union10.q.out
@@ -62,7 +62,7 @@ STAGE PLANS:
                         Statistics: Num rows: 1 Data size: 8 Basic stats: COMPLETE Column stats: COMPLETE
                         value expressions: _col0 (type: bigint)
             Execution mode: vectorized, llap
-            LLAP IO: no inputs
+            LLAP IO: all inputs
         Map 5 
             Map Operator Tree:
                 TableScan
@@ -82,7 +82,7 @@ STAGE PLANS:
                         Statistics: Num rows: 1 Data size: 8 Basic stats: COMPLETE Column stats: COMPLETE
                         value expressions: _col0 (type: bigint)
             Execution mode: vectorized, llap
-            LLAP IO: no inputs
+            LLAP IO: all inputs
         Map 7 
             Map Operator Tree:
                 TableScan
@@ -102,7 +102,7 @@ STAGE PLANS:
                         Statistics: Num rows: 1 Data size: 8 Basic stats: COMPLETE Column stats: COMPLETE
                         value expressions: _col0 (type: bigint)
             Execution mode: vectorized, llap
-            LLAP IO: no inputs
+            LLAP IO: all inputs
         Reducer 2 
             Execution mode: llap
             Reduce Operator Tree:
diff --git a/ql/src/test/results/clientpositive/llap/union11.q.out b/ql/src/test/results/clientpositive/llap/union11.q.out
index 9fd590c567..6798897a44 100644
--- a/ql/src/test/results/clientpositive/llap/union11.q.out
+++ b/ql/src/test/results/clientpositive/llap/union11.q.out
@@ -52,7 +52,7 @@ STAGE PLANS:
                         Statistics: Num rows: 1 Data size: 8 Basic stats: COMPLETE Column stats: COMPLETE
                         value expressions: _col0 (type: bigint)
             Execution mode: vectorized, llap
-            LLAP IO: no inputs
+            LLAP IO: all inputs
         Map 5 
             Map Operator Tree:
                 TableScan
@@ -74,7 +74,7 @@ STAGE PLANS:
                         Statistics: Num rows: 1 Data size: 8 Basic stats: COMPLETE Column stats: COMPLETE
                         value expressions: _col0 (type: bigint)
             Execution mode: vectorized, llap
-            LLAP IO: no inputs
+            LLAP IO: all inputs
         Map 7 
             Map Operator Tree:
                 TableScan
@@ -96,7 +96,7 @@ STAGE PLANS:
                         Statistics: Num rows: 1 Data size: 8 Basic stats: COMPLETE Column stats: COMPLETE
                         value expressions: _col0 (type: bigint)
             Execution mode: vectorized, llap
-            LLAP IO: no inputs
+            LLAP IO: all inputs
         Reducer 2 
             Execution mode: vectorized, llap
             Reduce Operator Tree:
diff --git a/ql/src/test/results/clientpositive/llap/union12.q.out b/ql/src/test/results/clientpositive/llap/union12.q.out
index 63b9e8dea4..6b7af0a41e 100644
--- a/ql/src/test/results/clientpositive/llap/union12.q.out
+++ b/ql/src/test/results/clientpositive/llap/union12.q.out
@@ -66,7 +66,7 @@ STAGE PLANS:
                         Statistics: Num rows: 1 Data size: 8 Basic stats: COMPLETE Column stats: COMPLETE
                         value expressions: _col0 (type: bigint)
             Execution mode: vectorized, llap
-            LLAP IO: no inputs
+            LLAP IO: all inputs
         Map 5 
             Map Operator Tree:
                 TableScan
@@ -86,7 +86,7 @@ STAGE PLANS:
                         Statistics: Num rows: 1 Data size: 8 Basic stats: COMPLETE Column stats: COMPLETE
                         value expressions: _col0 (type: bigint)
             Execution mode: vectorized, llap
-            LLAP IO: no inputs
+            LLAP IO: all inputs
         Map 7 
             Map Operator Tree:
                 TableScan
@@ -106,7 +106,7 @@ STAGE PLANS:
                         Statistics: Num rows: 1 Data size: 8 Basic stats: COMPLETE Column stats: COMPLETE
                         value expressions: _col0 (type: bigint)
             Execution mode: vectorized, llap
-            LLAP IO: no inputs
+            LLAP IO: all inputs
         Reducer 2 
             Execution mode: llap
             Reduce Operator Tree:
diff --git a/ql/src/test/results/clientpositive/llap/union13.q.out b/ql/src/test/results/clientpositive/llap/union13.q.out
index 688732e6de..aa6cb2b244 100644
--- a/ql/src/test/results/clientpositive/llap/union13.q.out
+++ b/ql/src/test/results/clientpositive/llap/union13.q.out
@@ -40,7 +40,7 @@ STAGE PLANS:
                           output format: org.apache.hadoop.hive.ql.io.HiveSequenceFileOutputFormat
                           serde: org.apache.hadoop.hive.serde2.lazy.LazySimpleSerDe
             Execution mode: vectorized, llap
-            LLAP IO: no inputs
+            LLAP IO: all inputs
         Map 3 
             Map Operator Tree:
                 TableScan
@@ -58,7 +58,7 @@ STAGE PLANS:
                           output format: org.apache.hadoop.hive.ql.io.HiveSequenceFileOutputFormat
                           serde: org.apache.hadoop.hive.serde2.lazy.LazySimpleSerDe
             Execution mode: vectorized, llap
-            LLAP IO: no inputs
+            LLAP IO: all inputs
         Union 2 
             Vertex: Union 2
 
diff --git a/ql/src/test/results/clientpositive/llap/union14.q.out b/ql/src/test/results/clientpositive/llap/union14.q.out
index 5f45c392a4..8f40872323 100644
--- a/ql/src/test/results/clientpositive/llap/union14.q.out
+++ b/ql/src/test/results/clientpositive/llap/union14.q.out
@@ -54,7 +54,7 @@ STAGE PLANS:
                         Statistics: Num rows: 13 Data size: 1248 Basic stats: COMPLETE Column stats: COMPLETE
                         value expressions: _col1 (type: bigint)
             Execution mode: vectorized, llap
-            LLAP IO: no inputs
+            LLAP IO: all inputs
         Map 4 
             Map Operator Tree:
                 TableScan
@@ -76,7 +76,7 @@ STAGE PLANS:
                         Statistics: Num rows: 1 Data size: 8 Basic stats: COMPLETE Column stats: COMPLETE
                         value expressions: _col0 (type: bigint)
             Execution mode: vectorized, llap
-            LLAP IO: no inputs
+            LLAP IO: all inputs
         Reducer 3 
             Execution mode: vectorized, llap
             Reduce Operator Tree:
diff --git a/ql/src/test/results/clientpositive/llap/union15.q.out b/ql/src/test/results/clientpositive/llap/union15.q.out
index 41bcb6e363..c15526d184 100644
--- a/ql/src/test/results/clientpositive/llap/union15.q.out
+++ b/ql/src/test/results/clientpositive/llap/union15.q.out
@@ -54,7 +54,7 @@ STAGE PLANS:
                         Statistics: Num rows: 1 Data size: 8 Basic stats: COMPLETE Column stats: COMPLETE
                         value expressions: _col0 (type: bigint)
             Execution mode: vectorized, llap
-            LLAP IO: no inputs
+            LLAP IO: all inputs
         Map 5 
             Map Operator Tree:
                 TableScan
@@ -79,7 +79,7 @@ STAGE PLANS:
                         Statistics: Num rows: 16 Data size: 1536 Basic stats: COMPLETE Column stats: COMPLETE
                         value expressions: _col1 (type: bigint)
             Execution mode: vectorized, llap
-            LLAP IO: no inputs
+            LLAP IO: all inputs
         Map 6 
             Map Operator Tree:
                 TableScan
@@ -104,7 +104,7 @@ STAGE PLANS:
                         Statistics: Num rows: 16 Data size: 1536 Basic stats: COMPLETE Column stats: COMPLETE
                         value expressions: _col1 (type: bigint)
             Execution mode: vectorized, llap
-            LLAP IO: no inputs
+            LLAP IO: all inputs
         Reducer 2 
             Execution mode: vectorized, llap
             Reduce Operator Tree:
diff --git a/ql/src/test/results/clientpositive/llap/union16.q.out b/ql/src/test/results/clientpositive/llap/union16.q.out
index 0d36dcc1fe..ecc824e738 100644
--- a/ql/src/test/results/clientpositive/llap/union16.q.out
+++ b/ql/src/test/results/clientpositive/llap/union16.q.out
@@ -124,7 +124,7 @@ STAGE PLANS:
                           Statistics: Num rows: 1 Data size: 8 Basic stats: COMPLETE Column stats: COMPLETE
                           value expressions: _col0 (type: bigint)
             Execution mode: vectorized, llap
-            LLAP IO: no inputs
+            LLAP IO: all inputs
         Map 10 
             Map Operator Tree:
                 TableScan
@@ -146,7 +146,7 @@ STAGE PLANS:
                           Statistics: Num rows: 1 Data size: 8 Basic stats: COMPLETE Column stats: COMPLETE
                           value expressions: _col0 (type: bigint)
             Execution mode: vectorized, llap
-            LLAP IO: no inputs
+            LLAP IO: all inputs
         Map 11 
             Map Operator Tree:
                 TableScan
@@ -168,7 +168,7 @@ STAGE PLANS:
                           Statistics: Num rows: 1 Data size: 8 Basic stats: COMPLETE Column stats: COMPLETE
                           value expressions: _col0 (type: bigint)
             Execution mode: vectorized, llap
-            LLAP IO: no inputs
+            LLAP IO: all inputs
         Map 12 
             Map Operator Tree:
                 TableScan
@@ -190,7 +190,7 @@ STAGE PLANS:
                           Statistics: Num rows: 1 Data size: 8 Basic stats: COMPLETE Column stats: COMPLETE
                           value expressions: _col0 (type: bigint)
             Execution mode: vectorized, llap
-            LLAP IO: no inputs
+            LLAP IO: all inputs
         Map 13 
             Map Operator Tree:
                 TableScan
@@ -212,7 +212,7 @@ STAGE PLANS:
                           Statistics: Num rows: 1 Data size: 8 Basic stats: COMPLETE Column stats: COMPLETE
                           value expressions: _col0 (type: bigint)
             Execution mode: vectorized, llap
-            LLAP IO: no inputs
+            LLAP IO: all inputs
         Map 14 
             Map Operator Tree:
                 TableScan
@@ -234,7 +234,7 @@ STAGE PLANS:
                           Statistics: Num rows: 1 Data size: 8 Basic stats: COMPLETE Column stats: COMPLETE
                           value expressions: _col0 (type: bigint)
             Execution mode: vectorized, llap
-            LLAP IO: no inputs
+            LLAP IO: all inputs
         Map 15 
             Map Operator Tree:
                 TableScan
@@ -256,7 +256,7 @@ STAGE PLANS:
                           Statistics: Num rows: 1 Data size: 8 Basic stats: COMPLETE Column stats: COMPLETE
                           value expressions: _col0 (type: bigint)
             Execution mode: vectorized, llap
-            LLAP IO: no inputs
+            LLAP IO: all inputs
         Map 16 
             Map Operator Tree:
                 TableScan
@@ -278,7 +278,7 @@ STAGE PLANS:
                           Statistics: Num rows: 1 Data size: 8 Basic stats: COMPLETE Column stats: COMPLETE
                           value expressions: _col0 (type: bigint)
             Execution mode: vectorized, llap
-            LLAP IO: no inputs
+            LLAP IO: all inputs
         Map 17 
             Map Operator Tree:
                 TableScan
@@ -300,7 +300,7 @@ STAGE PLANS:
                           Statistics: Num rows: 1 Data size: 8 Basic stats: COMPLETE Column stats: COMPLETE
                           value expressions: _col0 (type: bigint)
             Execution mode: vectorized, llap
-            LLAP IO: no inputs
+            LLAP IO: all inputs
         Map 18 
             Map Operator Tree:
                 TableScan
@@ -322,7 +322,7 @@ STAGE PLANS:
                           Statistics: Num rows: 1 Data size: 8 Basic stats: COMPLETE Column stats: COMPLETE
                           value expressions: _col0 (type: bigint)
             Execution mode: vectorized, llap
-            LLAP IO: no inputs
+            LLAP IO: all inputs
         Map 19 
             Map Operator Tree:
                 TableScan
@@ -344,7 +344,7 @@ STAGE PLANS:
                           Statistics: Num rows: 1 Data size: 8 Basic stats: COMPLETE Column stats: COMPLETE
                           value expressions: _col0 (type: bigint)
             Execution mode: vectorized, llap
-            LLAP IO: no inputs
+            LLAP IO: all inputs
         Map 20 
             Map Operator Tree:
                 TableScan
@@ -366,7 +366,7 @@ STAGE PLANS:
                           Statistics: Num rows: 1 Data size: 8 Basic stats: COMPLETE Column stats: COMPLETE
                           value expressions: _col0 (type: bigint)
             Execution mode: vectorized, llap
-            LLAP IO: no inputs
+            LLAP IO: all inputs
         Map 21 
             Map Operator Tree:
                 TableScan
@@ -388,7 +388,7 @@ STAGE PLANS:
                           Statistics: Num rows: 1 Data size: 8 Basic stats: COMPLETE Column stats: COMPLETE
                           value expressions: _col0 (type: bigint)
             Execution mode: vectorized, llap
-            LLAP IO: no inputs
+            LLAP IO: all inputs
         Map 22 
             Map Operator Tree:
                 TableScan
@@ -410,7 +410,7 @@ STAGE PLANS:
                           Statistics: Num rows: 1 Data size: 8 Basic stats: COMPLETE Column stats: COMPLETE
                           value expressions: _col0 (type: bigint)
             Execution mode: vectorized, llap
-            LLAP IO: no inputs
+            LLAP IO: all inputs
         Map 23 
             Map Operator Tree:
                 TableScan
@@ -432,7 +432,7 @@ STAGE PLANS:
                           Statistics: Num rows: 1 Data size: 8 Basic stats: COMPLETE Column stats: COMPLETE
                           value expressions: _col0 (type: bigint)
             Execution mode: vectorized, llap
-            LLAP IO: no inputs
+            LLAP IO: all inputs
         Map 24 
             Map Operator Tree:
                 TableScan
@@ -454,7 +454,7 @@ STAGE PLANS:
                           Statistics: Num rows: 1 Data size: 8 Basic stats: COMPLETE Column stats: COMPLETE
                           value expressions: _col0 (type: bigint)
             Execution mode: vectorized, llap
-            LLAP IO: no inputs
+            LLAP IO: all inputs
         Map 25 
             Map Operator Tree:
                 TableScan
@@ -476,7 +476,7 @@ STAGE PLANS:
                           Statistics: Num rows: 1 Data size: 8 Basic stats: COMPLETE Column stats: COMPLETE
                           value expressions: _col0 (type: bigint)
             Execution mode: vectorized, llap
-            LLAP IO: no inputs
+            LLAP IO: all inputs
         Map 26 
             Map Operator Tree:
                 TableScan
@@ -498,7 +498,7 @@ STAGE PLANS:
                           Statistics: Num rows: 1 Data size: 8 Basic stats: COMPLETE Column stats: COMPLETE
                           value expressions: _col0 (type: bigint)
             Execution mode: vectorized, llap
-            LLAP IO: no inputs
+            LLAP IO: all inputs
         Map 27 
             Map Operator Tree:
                 TableScan
@@ -520,7 +520,7 @@ STAGE PLANS:
                           Statistics: Num rows: 1 Data size: 8 Basic stats: COMPLETE Column stats: COMPLETE
                           value expressions: _col0 (type: bigint)
             Execution mode: vectorized, llap
-            LLAP IO: no inputs
+            LLAP IO: all inputs
         Map 4 
             Map Operator Tree:
                 TableScan
@@ -542,7 +542,7 @@ STAGE PLANS:
                           Statistics: Num rows: 1 Data size: 8 Basic stats: COMPLETE Column stats: COMPLETE
                           value expressions: _col0 (type: bigint)
             Execution mode: vectorized, llap
-            LLAP IO: no inputs
+            LLAP IO: all inputs
         Map 5 
             Map Operator Tree:
                 TableScan
@@ -564,7 +564,7 @@ STAGE PLANS:
                           Statistics: Num rows: 1 Data size: 8 Basic stats: COMPLETE Column stats: COMPLETE
                           value expressions: _col0 (type: bigint)
             Execution mode: vectorized, llap
-            LLAP IO: no inputs
+            LLAP IO: all inputs
         Map 6 
             Map Operator Tree:
                 TableScan
@@ -586,7 +586,7 @@ STAGE PLANS:
                           Statistics: Num rows: 1 Data size: 8 Basic stats: COMPLETE Column stats: COMPLETE
                           value expressions: _col0 (type: bigint)
             Execution mode: vectorized, llap
-            LLAP IO: no inputs
+            LLAP IO: all inputs
         Map 7 
             Map Operator Tree:
                 TableScan
@@ -608,7 +608,7 @@ STAGE PLANS:
                           Statistics: Num rows: 1 Data size: 8 Basic stats: COMPLETE Column stats: COMPLETE
                           value expressions: _col0 (type: bigint)
             Execution mode: vectorized, llap
-            LLAP IO: no inputs
+            LLAP IO: all inputs
         Map 8 
             Map Operator Tree:
                 TableScan
@@ -630,7 +630,7 @@ STAGE PLANS:
                           Statistics: Num rows: 1 Data size: 8 Basic stats: COMPLETE Column stats: COMPLETE
                           value expressions: _col0 (type: bigint)
             Execution mode: vectorized, llap
-            LLAP IO: no inputs
+            LLAP IO: all inputs
         Map 9 
             Map Operator Tree:
                 TableScan
@@ -652,7 +652,7 @@ STAGE PLANS:
                           Statistics: Num rows: 1 Data size: 8 Basic stats: COMPLETE Column stats: COMPLETE
                           value expressions: _col0 (type: bigint)
             Execution mode: vectorized, llap
-            LLAP IO: no inputs
+            LLAP IO: all inputs
         Reducer 3 
             Execution mode: vectorized, llap
             Reduce Operator Tree:
diff --git a/ql/src/test/results/clientpositive/llap/union17.q.out b/ql/src/test/results/clientpositive/llap/union17.q.out
index ecbf3d1b0b..4cd0a710ec 100644
--- a/ql/src/test/results/clientpositive/llap/union17.q.out
+++ b/ql/src/test/results/clientpositive/llap/union17.q.out
@@ -74,7 +74,7 @@ STAGE PLANS:
                         Statistics: Num rows: 1 Data size: 8 Basic stats: COMPLETE Column stats: COMPLETE
                         value expressions: _col0 (type: bigint)
             Execution mode: vectorized, llap
-            LLAP IO: no inputs
+            LLAP IO: all inputs
         Map 8 
             Map Operator Tree:
                 TableScan
@@ -111,7 +111,7 @@ STAGE PLANS:
                         Map-reduce partition columns: _col0 (type: string), _col1 (type: string)
                         Statistics: Num rows: 501 Data size: 229959 Basic stats: COMPLETE Column stats: COMPLETE
             Execution mode: vectorized, llap
-            LLAP IO: no inputs
+            LLAP IO: all inputs
         Reducer 2 
             Execution mode: vectorized, llap
             Reduce Operator Tree:
diff --git a/ql/src/test/results/clientpositive/llap/union18.q.out b/ql/src/test/results/clientpositive/llap/union18.q.out
index 0d26c6548f..33a8b9dae6 100644
--- a/ql/src/test/results/clientpositive/llap/union18.q.out
+++ b/ql/src/test/results/clientpositive/llap/union18.q.out
@@ -72,7 +72,7 @@ STAGE PLANS:
                         Statistics: Num rows: 1 Data size: 8 Basic stats: COMPLETE Column stats: COMPLETE
                         value expressions: _col0 (type: bigint)
             Execution mode: vectorized, llap
-            LLAP IO: no inputs
+            LLAP IO: all inputs
         Map 6 
             Map Operator Tree:
                 TableScan
@@ -133,7 +133,7 @@ STAGE PLANS:
                             Statistics: Num rows: 1 Data size: 704 Basic stats: COMPLETE Column stats: COMPLETE
                             value expressions: _col0 (type: int), _col1 (type: struct<count:bigint,sum:double,input:int>), _col2 (type: bigint), _col3 (type: bigint), _col4 (type: binary), _col5 (type: int), _col6 (type: struct<count:bigint,sum:double,input:int>), _col7 (type: bigint), _col8 (type: binary), _col9 (type: int), _col10 (type: struct<count:bigint,sum:double,input:int>), _col11 (type: bigint), _col12 (type: binary)
             Execution mode: llap
-            LLAP IO: no inputs
+            LLAP IO: all inputs
         Reducer 2 
             Execution mode: llap
             Reduce Operator Tree:
diff --git a/ql/src/test/results/clientpositive/llap/union19.q.out b/ql/src/test/results/clientpositive/llap/union19.q.out
index f7c8fe87fa..4e2a4a6550 100644
--- a/ql/src/test/results/clientpositive/llap/union19.q.out
+++ b/ql/src/test/results/clientpositive/llap/union19.q.out
@@ -73,7 +73,7 @@ STAGE PLANS:
                         Statistics: Num rows: 1 Data size: 8 Basic stats: COMPLETE Column stats: COMPLETE
                         value expressions: _col0 (type: bigint)
             Execution mode: vectorized, llap
-            LLAP IO: no inputs
+            LLAP IO: all inputs
         Map 7 
             Map Operator Tree:
                 TableScan
@@ -125,7 +125,7 @@ STAGE PLANS:
                             Statistics: Num rows: 1 Data size: 704 Basic stats: COMPLETE Column stats: COMPLETE
                             value expressions: _col0 (type: int), _col1 (type: struct<count:bigint,sum:double,input:int>), _col2 (type: bigint), _col3 (type: bigint), _col4 (type: binary), _col5 (type: int), _col6 (type: struct<count:bigint,sum:double,input:int>), _col7 (type: bigint), _col8 (type: binary), _col9 (type: int), _col10 (type: struct<count:bigint,sum:double,input:int>), _col11 (type: bigint), _col12 (type: binary)
             Execution mode: llap
-            LLAP IO: no inputs
+            LLAP IO: all inputs
         Reducer 2 
             Execution mode: llap
             Reduce Operator Tree:
diff --git a/ql/src/test/results/clientpositive/llap/union2.q.out b/ql/src/test/results/clientpositive/llap/union2.q.out
index 338dff1b40..135a31309e 100644
--- a/ql/src/test/results/clientpositive/llap/union2.q.out
+++ b/ql/src/test/results/clientpositive/llap/union2.q.out
@@ -45,7 +45,7 @@ STAGE PLANS:
                           Statistics: Num rows: 1 Data size: 8 Basic stats: COMPLETE Column stats: COMPLETE
                           value expressions: _col0 (type: bigint)
             Execution mode: vectorized, llap
-            LLAP IO: no inputs
+            LLAP IO: all inputs
         Map 4 
             Map Operator Tree:
                 TableScan
@@ -67,7 +67,7 @@ STAGE PLANS:
                           Statistics: Num rows: 1 Data size: 8 Basic stats: COMPLETE Column stats: COMPLETE
                           value expressions: _col0 (type: bigint)
             Execution mode: vectorized, llap
-            LLAP IO: no inputs
+            LLAP IO: all inputs
         Reducer 3 
             Execution mode: vectorized, llap
             Reduce Operator Tree:
diff --git a/ql/src/test/results/clientpositive/llap/union20.q.out b/ql/src/test/results/clientpositive/llap/union20.q.out
index bf7985080d..41822a31ce 100644
--- a/ql/src/test/results/clientpositive/llap/union20.q.out
+++ b/ql/src/test/results/clientpositive/llap/union20.q.out
@@ -62,7 +62,7 @@ STAGE PLANS:
                       Statistics: Num rows: 1 Data size: 8 Basic stats: COMPLETE Column stats: COMPLETE
                       value expressions: _col0 (type: bigint)
             Execution mode: vectorized, llap
-            LLAP IO: no inputs
+            LLAP IO: all inputs
         Map 7 
             Map Operator Tree:
                 TableScan
@@ -84,7 +84,7 @@ STAGE PLANS:
                         Statistics: Num rows: 167 Data size: 29820 Basic stats: COMPLETE Column stats: COMPLETE
                         value expressions: _col1 (type: string)
             Execution mode: vectorized, llap
-            LLAP IO: no inputs
+            LLAP IO: all inputs
         Map 8 
             Map Operator Tree:
                 TableScan
@@ -106,7 +106,7 @@ STAGE PLANS:
                         Statistics: Num rows: 167 Data size: 29820 Basic stats: COMPLETE Column stats: COMPLETE
                         value expressions: _col1 (type: string)
             Execution mode: vectorized, llap
-            LLAP IO: no inputs
+            LLAP IO: all inputs
         Reducer 2 
             Execution mode: vectorized, llap
             Reduce Operator Tree:
diff --git a/ql/src/test/results/clientpositive/llap/union21.q.out b/ql/src/test/results/clientpositive/llap/union21.q.out
index 13f30b023a..6ad3058fbf 100644
--- a/ql/src/test/results/clientpositive/llap/union21.q.out
+++ b/ql/src/test/results/clientpositive/llap/union21.q.out
@@ -75,7 +75,7 @@ STAGE PLANS:
                         Statistics: Num rows: 316 Data size: 60672 Basic stats: COMPLETE Column stats: PARTIAL
                         value expressions: _col1 (type: bigint)
             Execution mode: vectorized, llap
-            LLAP IO: no inputs
+            LLAP IO: all inputs
         Map 4 
             Map Operator Tree:
                 TableScan
@@ -100,7 +100,7 @@ STAGE PLANS:
                         Statistics: Num rows: 316 Data size: 60672 Basic stats: COMPLETE Column stats: PARTIAL
                         value expressions: _col1 (type: bigint)
             Execution mode: vectorized, llap
-            LLAP IO: no inputs
+            LLAP IO: all inputs
         Map 5 
             Map Operator Tree:
                 TableScan
@@ -125,7 +125,7 @@ STAGE PLANS:
                         Statistics: Num rows: 316 Data size: 60672 Basic stats: COMPLETE Column stats: PARTIAL
                         value expressions: _col1 (type: bigint)
             Execution mode: vectorized, llap
-            LLAP IO: no inputs
+            LLAP IO: all inputs
         Map 6 
             Map Operator Tree:
                 TableScan
diff --git a/ql/src/test/results/clientpositive/llap/union22.q.out b/ql/src/test/results/clientpositive/llap/union22.q.out
index e51e9711ce..7c09259ec1 100644
--- a/ql/src/test/results/clientpositive/llap/union22.q.out
+++ b/ql/src/test/results/clientpositive/llap/union22.q.out
@@ -174,7 +174,7 @@ STAGE PLANS:
                             value expressions: _col1 (type: int), _col2 (type: struct<count:bigint,sum:double,input:int>), _col3 (type: bigint), _col4 (type: bigint), _col5 (type: binary), _col6 (type: int), _col7 (type: struct<count:bigint,sum:double,input:int>), _col8 (type: bigint), _col9 (type: binary), _col10 (type: int), _col11 (type: struct<count:bigint,sum:double,input:int>), _col12 (type: bigint), _col13 (type: binary), _col14 (type: int), _col15 (type: struct<count:bigint,sum:double,input:int>), _col16 (type: bigint), _col17 (type: binary)
                             auto parallelism: true
             Execution mode: llap
-            LLAP IO: no inputs
+            LLAP IO: all inputs
             Path -> Alias:
 #### A masked pattern was here ####
             Path -> Partition:
@@ -304,7 +304,7 @@ STAGE PLANS:
                                 value expressions: _col1 (type: int), _col2 (type: struct<count:bigint,sum:double,input:int>), _col3 (type: bigint), _col4 (type: bigint), _col5 (type: binary), _col6 (type: int), _col7 (type: struct<count:bigint,sum:double,input:int>), _col8 (type: bigint), _col9 (type: binary), _col10 (type: int), _col11 (type: struct<count:bigint,sum:double,input:int>), _col12 (type: bigint), _col13 (type: binary), _col14 (type: int), _col15 (type: struct<count:bigint,sum:double,input:int>), _col16 (type: bigint), _col17 (type: binary)
                                 auto parallelism: true
             Execution mode: llap
-            LLAP IO: no inputs
+            LLAP IO: all inputs
             Path -> Alias:
 #### A masked pattern was here ####
             Path -> Partition:
@@ -373,7 +373,7 @@ STAGE PLANS:
                         value expressions: _col1 (type: string), _col2 (type: string)
                         auto parallelism: true
             Execution mode: vectorized, llap
-            LLAP IO: no inputs
+            LLAP IO: all inputs
             Path -> Alias:
 #### A masked pattern was here ####
             Path -> Partition:
diff --git a/ql/src/test/results/clientpositive/llap/union23.q.out b/ql/src/test/results/clientpositive/llap/union23.q.out
index 96bdd82361..b63b7bb9ee 100644
--- a/ql/src/test/results/clientpositive/llap/union23.q.out
+++ b/ql/src/test/results/clientpositive/llap/union23.q.out
@@ -70,7 +70,7 @@ STAGE PLANS:
                       sort order: ++
                       Statistics: Num rows: 1000 Data size: 178000 Basic stats: COMPLETE Column stats: COMPLETE
             Execution mode: vectorized, llap
-            LLAP IO: no inputs
+            LLAP IO: all inputs
         Reducer 3 
             Execution mode: vectorized, llap
             Reduce Operator Tree:
diff --git a/ql/src/test/results/clientpositive/llap/union24.q.out b/ql/src/test/results/clientpositive/llap/union24.q.out
index b28c865e0f..65558b31ba 100644
--- a/ql/src/test/results/clientpositive/llap/union24.q.out
+++ b/ql/src/test/results/clientpositive/llap/union24.q.out
@@ -149,7 +149,7 @@ STAGE PLANS:
                         GatherStats: false
                         MultiFileSpray: false
             Execution mode: vectorized, llap
-            LLAP IO: no inputs
+            LLAP IO: all inputs
             Path -> Alias:
 #### A masked pattern was here ####
             Path -> Partition:
@@ -227,7 +227,7 @@ STAGE PLANS:
                         GatherStats: false
                         MultiFileSpray: false
             Execution mode: vectorized, llap
-            LLAP IO: no inputs
+            LLAP IO: all inputs
             Path -> Alias:
 #### A masked pattern was here ####
             Path -> Partition:
@@ -305,7 +305,7 @@ STAGE PLANS:
                         GatherStats: false
                         MultiFileSpray: false
             Execution mode: vectorized, llap
-            LLAP IO: no inputs
+            LLAP IO: all inputs
             Path -> Alias:
 #### A masked pattern was here ####
             Path -> Partition:
@@ -373,7 +373,7 @@ STAGE PLANS:
                         value expressions: _col1 (type: bigint)
                         auto parallelism: true
             Execution mode: vectorized, llap
-            LLAP IO: no inputs
+            LLAP IO: all inputs
             Path -> Alias:
 #### A masked pattern was here ####
             Path -> Partition:
@@ -605,7 +605,7 @@ STAGE PLANS:
                         GatherStats: false
                         MultiFileSpray: false
             Execution mode: vectorized, llap
-            LLAP IO: no inputs
+            LLAP IO: all inputs
             Path -> Alias:
 #### A masked pattern was here ####
             Path -> Partition:
@@ -683,7 +683,7 @@ STAGE PLANS:
                         GatherStats: false
                         MultiFileSpray: false
             Execution mode: vectorized, llap
-            LLAP IO: no inputs
+            LLAP IO: all inputs
             Path -> Alias:
 #### A masked pattern was here ####
             Path -> Partition:
@@ -747,7 +747,7 @@ STAGE PLANS:
                         tag: 0
                         auto parallelism: true
             Execution mode: vectorized, llap
-            LLAP IO: no inputs
+            LLAP IO: all inputs
             Path -> Alias:
 #### A masked pattern was here ####
             Path -> Partition:
@@ -812,7 +812,7 @@ STAGE PLANS:
                         value expressions: _col1 (type: bigint)
                         auto parallelism: true
             Execution mode: vectorized, llap
-            LLAP IO: no inputs
+            LLAP IO: all inputs
             Path -> Alias:
 #### A masked pattern was here ####
             Path -> Partition:
@@ -1043,7 +1043,7 @@ STAGE PLANS:
                         GatherStats: false
                         MultiFileSpray: false
             Execution mode: vectorized, llap
-            LLAP IO: no inputs
+            LLAP IO: all inputs
             Path -> Alias:
 #### A masked pattern was here ####
             Path -> Partition:
@@ -1121,7 +1121,7 @@ STAGE PLANS:
                         GatherStats: false
                         MultiFileSpray: false
             Execution mode: vectorized, llap
-            LLAP IO: no inputs
+            LLAP IO: all inputs
             Path -> Alias:
 #### A masked pattern was here ####
             Path -> Partition:
@@ -1185,7 +1185,7 @@ STAGE PLANS:
                         tag: 0
                         auto parallelism: true
             Execution mode: vectorized, llap
-            LLAP IO: no inputs
+            LLAP IO: all inputs
             Path -> Alias:
 #### A masked pattern was here ####
             Path -> Partition:
@@ -1249,7 +1249,7 @@ STAGE PLANS:
                         tag: 1
                         auto parallelism: true
             Execution mode: vectorized, llap
-            LLAP IO: no inputs
+            LLAP IO: all inputs
             Path -> Alias:
 #### A masked pattern was here ####
             Path -> Partition:
diff --git a/ql/src/test/results/clientpositive/llap/union25.q.out b/ql/src/test/results/clientpositive/llap/union25.q.out
index 3f63e76a62..23d1b53cf9 100644
--- a/ql/src/test/results/clientpositive/llap/union25.q.out
+++ b/ql/src/test/results/clientpositive/llap/union25.q.out
@@ -113,7 +113,7 @@ STAGE PLANS:
                         Statistics: Num rows: 408 Data size: 75888 Basic stats: COMPLETE Column stats: COMPLETE
                         value expressions: _col2 (type: bigint)
             Execution mode: vectorized, llap
-            LLAP IO: no inputs
+            LLAP IO: all inputs
         Map 5 
             Map Operator Tree:
                 TableScan
@@ -137,7 +137,7 @@ STAGE PLANS:
                         Map-reduce partition columns: _col0 (type: string)
                         Statistics: Num rows: 316 Data size: 27492 Basic stats: COMPLETE Column stats: COMPLETE
             Execution mode: vectorized, llap
-            LLAP IO: no inputs
+            LLAP IO: all inputs
         Map 8 
             Map Operator Tree:
                 TableScan
@@ -161,7 +161,7 @@ STAGE PLANS:
                         Map-reduce partition columns: _col0 (type: string)
                         Statistics: Num rows: 316 Data size: 27492 Basic stats: COMPLETE Column stats: COMPLETE
             Execution mode: vectorized, llap
-            LLAP IO: no inputs
+            LLAP IO: all inputs
         Reducer 3 
             Execution mode: llap
             Reduce Operator Tree:
diff --git a/ql/src/test/results/clientpositive/llap/union26.q.out b/ql/src/test/results/clientpositive/llap/union26.q.out
index a5b83201cb..7953e9b3b3 100644
--- a/ql/src/test/results/clientpositive/llap/union26.q.out
+++ b/ql/src/test/results/clientpositive/llap/union26.q.out
@@ -81,7 +81,7 @@ STAGE PLANS:
                       Statistics: Num rows: 500 Data size: 89000 Basic stats: COMPLETE Column stats: COMPLETE
                       value expressions: value (type: string)
             Execution mode: vectorized, llap
-            LLAP IO: no inputs
+            LLAP IO: all inputs
         Map 5 
             Map Operator Tree:
                 TableScan
@@ -98,7 +98,7 @@ STAGE PLANS:
                       Map-reduce partition columns: key (type: string)
                       Statistics: Num rows: 500 Data size: 43500 Basic stats: COMPLETE Column stats: COMPLETE
             Execution mode: vectorized, llap
-            LLAP IO: no inputs
+            LLAP IO: all inputs
         Map 6 
             Map Operator Tree:
                 TableScan
@@ -161,7 +161,7 @@ STAGE PLANS:
                                 Statistics: Num rows: 895 Data size: 166470 Basic stats: COMPLETE Column stats: COMPLETE
                                 value expressions: _col2 (type: bigint)
             Execution mode: llap
-            LLAP IO: no inputs
+            LLAP IO: all inputs
         Reducer 2 
             Execution mode: llap
             Reduce Operator Tree:
diff --git a/ql/src/test/results/clientpositive/llap/union27.q.out b/ql/src/test/results/clientpositive/llap/union27.q.out
index 21549b9970..f244ec2c2e 100644
--- a/ql/src/test/results/clientpositive/llap/union27.q.out
+++ b/ql/src/test/results/clientpositive/llap/union27.q.out
@@ -80,7 +80,7 @@ STAGE PLANS:
                         Map-reduce partition columns: _col0 (type: string)
                         Statistics: Num rows: 250 Data size: 21750 Basic stats: COMPLETE Column stats: COMPLETE
             Execution mode: vectorized, llap
-            LLAP IO: no inputs
+            LLAP IO: all inputs
         Map 3 
             Map Operator Tree:
                 TableScan
@@ -102,7 +102,7 @@ STAGE PLANS:
                         Statistics: Num rows: 500 Data size: 89000 Basic stats: COMPLETE Column stats: COMPLETE
                         value expressions: _col1 (type: string)
             Execution mode: vectorized, llap
-            LLAP IO: no inputs
+            LLAP IO: all inputs
         Map 5 
             Map Operator Tree:
                 TableScan
@@ -124,7 +124,7 @@ STAGE PLANS:
                         Statistics: Num rows: 500 Data size: 89000 Basic stats: COMPLETE Column stats: COMPLETE
                         value expressions: _col1 (type: string)
             Execution mode: vectorized, llap
-            LLAP IO: no inputs
+            LLAP IO: all inputs
         Reducer 2 
             Execution mode: llap
             Reduce Operator Tree:
diff --git a/ql/src/test/results/clientpositive/llap/union28.q.out b/ql/src/test/results/clientpositive/llap/union28.q.out
index 2e1e015d53..c08b89316c 100644
--- a/ql/src/test/results/clientpositive/llap/union28.q.out
+++ b/ql/src/test/results/clientpositive/llap/union28.q.out
@@ -90,7 +90,7 @@ STAGE PLANS:
                             Statistics: Num rows: 1 Data size: 400 Basic stats: COMPLETE Column stats: COMPLETE
                             value expressions: _col0 (type: int), _col1 (type: int), _col2 (type: bigint), _col3 (type: bigint), _col4 (type: binary), _col5 (type: int), _col6 (type: struct<count:bigint,sum:double,input:int>), _col7 (type: bigint), _col8 (type: binary)
             Execution mode: llap
-            LLAP IO: no inputs
+            LLAP IO: all inputs
         Map 4 
             Map Operator Tree:
                 TableScan
@@ -113,7 +113,7 @@ STAGE PLANS:
                         Map-reduce partition columns: _col0 (type: string), _col1 (type: string)
                         Statistics: Num rows: 250 Data size: 44500 Basic stats: COMPLETE Column stats: COMPLETE
             Execution mode: vectorized, llap
-            LLAP IO: no inputs
+            LLAP IO: all inputs
         Map 6 
             Map Operator Tree:
                 TableScan
@@ -136,7 +136,7 @@ STAGE PLANS:
                         Map-reduce partition columns: _col0 (type: string), _col1 (type: string)
                         Statistics: Num rows: 250 Data size: 44500 Basic stats: COMPLETE Column stats: COMPLETE
             Execution mode: vectorized, llap
-            LLAP IO: no inputs
+            LLAP IO: all inputs
         Reducer 3 
             Execution mode: llap
             Reduce Operator Tree:
diff --git a/ql/src/test/results/clientpositive/llap/union29.q.out b/ql/src/test/results/clientpositive/llap/union29.q.out
index cad6eedd4a..502cd3bac6 100644
--- a/ql/src/test/results/clientpositive/llap/union29.q.out
+++ b/ql/src/test/results/clientpositive/llap/union29.q.out
@@ -90,7 +90,7 @@ STAGE PLANS:
                             Statistics: Num rows: 1 Data size: 400 Basic stats: COMPLETE Column stats: COMPLETE
                             value expressions: _col0 (type: int), _col1 (type: int), _col2 (type: bigint), _col3 (type: bigint), _col4 (type: binary), _col5 (type: int), _col6 (type: struct<count:bigint,sum:double,input:int>), _col7 (type: bigint), _col8 (type: binary)
             Execution mode: llap
-            LLAP IO: no inputs
+            LLAP IO: all inputs
         Map 4 
             Map Operator Tree:
                 TableScan
@@ -128,7 +128,7 @@ STAGE PLANS:
                             Statistics: Num rows: 1 Data size: 400 Basic stats: COMPLETE Column stats: COMPLETE
                             value expressions: _col0 (type: int), _col1 (type: int), _col2 (type: bigint), _col3 (type: bigint), _col4 (type: binary), _col5 (type: int), _col6 (type: struct<count:bigint,sum:double,input:int>), _col7 (type: bigint), _col8 (type: binary)
             Execution mode: llap
-            LLAP IO: no inputs
+            LLAP IO: all inputs
         Map 5 
             Map Operator Tree:
                 TableScan
@@ -166,7 +166,7 @@ STAGE PLANS:
                             Statistics: Num rows: 1 Data size: 400 Basic stats: COMPLETE Column stats: COMPLETE
                             value expressions: _col0 (type: int), _col1 (type: int), _col2 (type: bigint), _col3 (type: bigint), _col4 (type: binary), _col5 (type: int), _col6 (type: struct<count:bigint,sum:double,input:int>), _col7 (type: bigint), _col8 (type: binary)
             Execution mode: llap
-            LLAP IO: no inputs
+            LLAP IO: all inputs
         Reducer 3 
             Execution mode: llap
             Reduce Operator Tree:
diff --git a/ql/src/test/results/clientpositive/llap/union3.q.out b/ql/src/test/results/clientpositive/llap/union3.q.out
index 542b26319b..0ecf4bd674 100644
--- a/ql/src/test/results/clientpositive/llap/union3.q.out
+++ b/ql/src/test/results/clientpositive/llap/union3.q.out
@@ -68,7 +68,7 @@ STAGE PLANS:
                         Statistics: Num rows: 1 Data size: 8 Basic stats: COMPLETE Column stats: COMPLETE
                         TopN Hash Memory Usage: 0.1
             Execution mode: vectorized, llap
-            LLAP IO: no inputs
+            LLAP IO: all inputs
         Map 5 
             Map Operator Tree:
                 TableScan
@@ -85,7 +85,7 @@ STAGE PLANS:
                         Statistics: Num rows: 1 Data size: 8 Basic stats: COMPLETE Column stats: COMPLETE
                         TopN Hash Memory Usage: 0.1
             Execution mode: vectorized, llap
-            LLAP IO: no inputs
+            LLAP IO: all inputs
         Map 7 
             Map Operator Tree:
                 TableScan
@@ -102,7 +102,7 @@ STAGE PLANS:
                         Statistics: Num rows: 1 Data size: 8 Basic stats: COMPLETE Column stats: COMPLETE
                         TopN Hash Memory Usage: 0.1
             Execution mode: vectorized, llap
-            LLAP IO: no inputs
+            LLAP IO: all inputs
         Map 9 
             Map Operator Tree:
                 TableScan
@@ -119,7 +119,7 @@ STAGE PLANS:
                         Statistics: Num rows: 1 Data size: 8 Basic stats: COMPLETE Column stats: COMPLETE
                         TopN Hash Memory Usage: 0.1
             Execution mode: vectorized, llap
-            LLAP IO: no inputs
+            LLAP IO: all inputs
         Reducer 10 
             Execution mode: vectorized, llap
             Reduce Operator Tree:
diff --git a/ql/src/test/results/clientpositive/llap/union30.q.out b/ql/src/test/results/clientpositive/llap/union30.q.out
index 8b77c68fbf..65b708c201 100644
--- a/ql/src/test/results/clientpositive/llap/union30.q.out
+++ b/ql/src/test/results/clientpositive/llap/union30.q.out
@@ -105,7 +105,7 @@ STAGE PLANS:
                             Statistics: Num rows: 1 Data size: 400 Basic stats: COMPLETE Column stats: COMPLETE
                             value expressions: _col0 (type: int), _col1 (type: int), _col2 (type: bigint), _col3 (type: bigint), _col4 (type: binary), _col5 (type: int), _col6 (type: struct<count:bigint,sum:double,input:int>), _col7 (type: bigint), _col8 (type: binary)
             Execution mode: llap
-            LLAP IO: no inputs
+            LLAP IO: all inputs
         Map 4 
             Map Operator Tree:
                 TableScan
@@ -143,7 +143,7 @@ STAGE PLANS:
                             Statistics: Num rows: 1 Data size: 400 Basic stats: COMPLETE Column stats: COMPLETE
                             value expressions: _col0 (type: int), _col1 (type: int), _col2 (type: bigint), _col3 (type: bigint), _col4 (type: binary), _col5 (type: int), _col6 (type: struct<count:bigint,sum:double,input:int>), _col7 (type: bigint), _col8 (type: binary)
             Execution mode: llap
-            LLAP IO: no inputs
+            LLAP IO: all inputs
         Map 5 
             Map Operator Tree:
                 TableScan
@@ -166,7 +166,7 @@ STAGE PLANS:
                         Map-reduce partition columns: _col0 (type: string), _col1 (type: string)
                         Statistics: Num rows: 250 Data size: 44500 Basic stats: COMPLETE Column stats: COMPLETE
             Execution mode: vectorized, llap
-            LLAP IO: no inputs
+            LLAP IO: all inputs
         Map 7 
             Map Operator Tree:
                 TableScan
@@ -189,7 +189,7 @@ STAGE PLANS:
                         Map-reduce partition columns: _col0 (type: string), _col1 (type: string)
                         Statistics: Num rows: 250 Data size: 44500 Basic stats: COMPLETE Column stats: COMPLETE
             Execution mode: vectorized, llap
-            LLAP IO: no inputs
+            LLAP IO: all inputs
         Reducer 3 
             Execution mode: llap
             Reduce Operator Tree:
diff --git a/ql/src/test/results/clientpositive/llap/union31.q.out b/ql/src/test/results/clientpositive/llap/union31.q.out
index 9eaab44c2b..a2e724e9b2 100644
--- a/ql/src/test/results/clientpositive/llap/union31.q.out
+++ b/ql/src/test/results/clientpositive/llap/union31.q.out
@@ -143,7 +143,7 @@ STAGE PLANS:
                           Statistics: Num rows: 6 Data size: 582 Basic stats: COMPLETE Column stats: COMPLETE
                           value expressions: _col1 (type: bigint)
             Execution mode: vectorized, llap
-            LLAP IO: no inputs
+            LLAP IO: all inputs
         Map 7 
             Map Operator Tree:
                 TableScan
@@ -190,7 +190,7 @@ STAGE PLANS:
                           Statistics: Num rows: 6 Data size: 582 Basic stats: COMPLETE Column stats: COMPLETE
                           value expressions: _col1 (type: bigint)
             Execution mode: vectorized, llap
-            LLAP IO: no inputs
+            LLAP IO: all inputs
         Reducer 3 
             Execution mode: llap
             Reduce Operator Tree:
@@ -495,7 +495,7 @@ STAGE PLANS:
                         Statistics: Num rows: 5 Data size: 465 Basic stats: COMPLETE Column stats: COMPLETE
                         value expressions: _col1 (type: bigint)
             Execution mode: vectorized, llap
-            LLAP IO: no inputs
+            LLAP IO: all inputs
         Map 7 
             Map Operator Tree:
                 TableScan
@@ -520,7 +520,7 @@ STAGE PLANS:
                         Statistics: Num rows: 5 Data size: 465 Basic stats: COMPLETE Column stats: COMPLETE
                         value expressions: _col1 (type: bigint)
             Execution mode: vectorized, llap
-            LLAP IO: no inputs
+            LLAP IO: all inputs
         Reducer 2 
             Execution mode: vectorized, llap
             Reduce Operator Tree:
@@ -898,7 +898,7 @@ STAGE PLANS:
                         Statistics: Num rows: 5 Data size: 465 Basic stats: COMPLETE Column stats: COMPLETE
                         value expressions: _col1 (type: bigint)
             Execution mode: vectorized, llap
-            LLAP IO: no inputs
+            LLAP IO: all inputs
         Map 7 
             Map Operator Tree:
                 TableScan
@@ -919,7 +919,7 @@ STAGE PLANS:
                         Map-reduce partition columns: _col0 (type: string)
                         Statistics: Num rows: 11 Data size: 975 Basic stats: COMPLETE Column stats: COMPLETE
             Execution mode: vectorized, llap
-            LLAP IO: no inputs
+            LLAP IO: all inputs
         Reducer 2 
             Execution mode: vectorized, llap
             Reduce Operator Tree:
diff --git a/ql/src/test/results/clientpositive/llap/union32.q.out b/ql/src/test/results/clientpositive/llap/union32.q.out
index 46a072163e..e4b4bfe991 100644
--- a/ql/src/test/results/clientpositive/llap/union32.q.out
+++ b/ql/src/test/results/clientpositive/llap/union32.q.out
@@ -70,7 +70,7 @@ STAGE PLANS:
                           output format: org.apache.hadoop.hive.ql.io.HiveSequenceFileOutputFormat
                           serde: org.apache.hadoop.hive.serde2.lazy.LazySimpleSerDe
             Execution mode: vectorized, llap
-            LLAP IO: no inputs
+            LLAP IO: all inputs
         Map 3 
             Map Operator Tree:
                 TableScan
@@ -88,7 +88,7 @@ STAGE PLANS:
                           output format: org.apache.hadoop.hive.ql.io.HiveSequenceFileOutputFormat
                           serde: org.apache.hadoop.hive.serde2.lazy.LazySimpleSerDe
             Execution mode: vectorized, llap
-            LLAP IO: no inputs
+            LLAP IO: all inputs
         Union 2 
             Vertex: Union 2
 
@@ -186,7 +186,7 @@ STAGE PLANS:
                         Statistics: Num rows: 10 Data size: 930 Basic stats: COMPLETE Column stats: COMPLETE
                         value expressions: _col1 (type: bigint)
             Execution mode: vectorized, llap
-            LLAP IO: no inputs
+            LLAP IO: all inputs
         Map 4 
             Map Operator Tree:
                 TableScan
@@ -207,7 +207,7 @@ STAGE PLANS:
                         Map-reduce partition columns: _col0 (type: string)
                         Statistics: Num rows: 10 Data size: 850 Basic stats: COMPLETE Column stats: COMPLETE
             Execution mode: vectorized, llap
-            LLAP IO: no inputs
+            LLAP IO: all inputs
         Map 5 
             Map Operator Tree:
                 TableScan
@@ -225,7 +225,7 @@ STAGE PLANS:
                           output format: org.apache.hadoop.hive.ql.io.HiveSequenceFileOutputFormat
                           serde: org.apache.hadoop.hive.serde2.lazy.LazySimpleSerDe
             Execution mode: vectorized, llap
-            LLAP IO: no inputs
+            LLAP IO: all inputs
         Reducer 2 
             Execution mode: llap
             Reduce Operator Tree:
@@ -353,7 +353,7 @@ STAGE PLANS:
                           output format: org.apache.hadoop.hive.ql.io.HiveSequenceFileOutputFormat
                           serde: org.apache.hadoop.hive.serde2.lazy.LazySimpleSerDe
             Execution mode: vectorized, llap
-            LLAP IO: no inputs
+            LLAP IO: all inputs
         Map 3 
             Map Operator Tree:
                 TableScan
@@ -375,7 +375,7 @@ STAGE PLANS:
                         Statistics: Num rows: 10 Data size: 930 Basic stats: COMPLETE Column stats: COMPLETE
                         value expressions: _col1 (type: bigint)
             Execution mode: vectorized, llap
-            LLAP IO: no inputs
+            LLAP IO: all inputs
         Map 5 
             Map Operator Tree:
                 TableScan
@@ -396,7 +396,7 @@ STAGE PLANS:
                         Map-reduce partition columns: _col0 (type: string)
                         Statistics: Num rows: 10 Data size: 850 Basic stats: COMPLETE Column stats: COMPLETE
             Execution mode: vectorized, llap
-            LLAP IO: no inputs
+            LLAP IO: all inputs
         Reducer 4 
             Execution mode: llap
             Reduce Operator Tree:
@@ -528,7 +528,7 @@ STAGE PLANS:
                         Statistics: Num rows: 10 Data size: 930 Basic stats: COMPLETE Column stats: COMPLETE
                         value expressions: _col1 (type: bigint)
             Execution mode: vectorized, llap
-            LLAP IO: no inputs
+            LLAP IO: all inputs
         Map 4 
             Map Operator Tree:
                 TableScan
@@ -550,7 +550,7 @@ STAGE PLANS:
                         Statistics: Num rows: 10 Data size: 1890 Basic stats: COMPLETE Column stats: COMPLETE
                         value expressions: _col1 (type: char(20))
             Execution mode: vectorized, llap
-            LLAP IO: no inputs
+            LLAP IO: all inputs
         Map 5 
             Map Operator Tree:
                 TableScan
@@ -568,7 +568,7 @@ STAGE PLANS:
                           output format: org.apache.hadoop.hive.ql.io.HiveSequenceFileOutputFormat
                           serde: org.apache.hadoop.hive.serde2.lazy.LazySimpleSerDe
             Execution mode: vectorized, llap
-            LLAP IO: no inputs
+            LLAP IO: all inputs
         Reducer 2 
             Execution mode: llap
             Reduce Operator Tree:
@@ -696,7 +696,7 @@ STAGE PLANS:
                           output format: org.apache.hadoop.hive.ql.io.HiveSequenceFileOutputFormat
                           serde: org.apache.hadoop.hive.serde2.lazy.LazySimpleSerDe
             Execution mode: vectorized, llap
-            LLAP IO: no inputs
+            LLAP IO: all inputs
         Map 3 
             Map Operator Tree:
                 TableScan
@@ -718,7 +718,7 @@ STAGE PLANS:
                         Statistics: Num rows: 10 Data size: 930 Basic stats: COMPLETE Column stats: COMPLETE
                         value expressions: _col1 (type: bigint)
             Execution mode: vectorized, llap
-            LLAP IO: no inputs
+            LLAP IO: all inputs
         Map 5 
             Map Operator Tree:
                 TableScan
@@ -740,7 +740,7 @@ STAGE PLANS:
                         Statistics: Num rows: 10 Data size: 1890 Basic stats: COMPLETE Column stats: COMPLETE
                         value expressions: _col1 (type: char(20))
             Execution mode: vectorized, llap
-            LLAP IO: no inputs
+            LLAP IO: all inputs
         Reducer 4 
             Execution mode: llap
             Reduce Operator Tree:
diff --git a/ql/src/test/results/clientpositive/llap/union33.q.out b/ql/src/test/results/clientpositive/llap/union33.q.out
index 506b27b60b..17fd5431c0 100644
--- a/ql/src/test/results/clientpositive/llap/union33.q.out
+++ b/ql/src/test/results/clientpositive/llap/union33.q.out
@@ -82,7 +82,7 @@ STAGE PLANS:
                             Statistics: Num rows: 1 Data size: 472 Basic stats: COMPLETE Column stats: COMPLETE
                             value expressions: _col0 (type: int), _col1 (type: struct<count:bigint,sum:double,input:int>), _col2 (type: bigint), _col3 (type: bigint), _col4 (type: binary), _col5 (type: int), _col6 (type: struct<count:bigint,sum:double,input:int>), _col7 (type: bigint), _col8 (type: binary)
             Execution mode: llap
-            LLAP IO: no inputs
+            LLAP IO: all inputs
         Map 4 
             Map Operator Tree:
                 TableScan
@@ -107,7 +107,7 @@ STAGE PLANS:
                         Statistics: Num rows: 250 Data size: 23750 Basic stats: COMPLETE Column stats: COMPLETE
                         value expressions: _col1 (type: bigint)
             Execution mode: vectorized, llap
-            LLAP IO: no inputs
+            LLAP IO: all inputs
         Reducer 3 
             Execution mode: llap
             Reduce Operator Tree:
@@ -299,7 +299,7 @@ STAGE PLANS:
                         Statistics: Num rows: 250 Data size: 23750 Basic stats: COMPLETE Column stats: COMPLETE
                         value expressions: _col1 (type: bigint)
             Execution mode: vectorized, llap
-            LLAP IO: no inputs
+            LLAP IO: all inputs
         Map 6 
             Map Operator Tree:
                 TableScan
@@ -337,7 +337,7 @@ STAGE PLANS:
                             Statistics: Num rows: 1 Data size: 472 Basic stats: COMPLETE Column stats: COMPLETE
                             value expressions: _col0 (type: int), _col1 (type: struct<count:bigint,sum:double,input:int>), _col2 (type: bigint), _col3 (type: bigint), _col4 (type: binary), _col5 (type: int), _col6 (type: struct<count:bigint,sum:double,input:int>), _col7 (type: bigint), _col8 (type: binary)
             Execution mode: llap
-            LLAP IO: no inputs
+            LLAP IO: all inputs
         Reducer 2 
             Execution mode: vectorized, llap
             Reduce Operator Tree:
diff --git a/ql/src/test/results/clientpositive/llap/union34.q.out b/ql/src/test/results/clientpositive/llap/union34.q.out
index 3bc9da3048..46a224b86a 100644
--- a/ql/src/test/results/clientpositive/llap/union34.q.out
+++ b/ql/src/test/results/clientpositive/llap/union34.q.out
@@ -129,7 +129,7 @@ STAGE PLANS:
                               output format: org.apache.hadoop.hive.ql.io.HiveSequenceFileOutputFormat
                               serde: org.apache.hadoop.hive.serde2.lazy.LazySimpleSerDe
             Execution mode: vectorized, llap
-            LLAP IO: no inputs
+            LLAP IO: all inputs
         Map 3 
             Map Operator Tree:
                 TableScan
@@ -150,7 +150,7 @@ STAGE PLANS:
                         Map-reduce partition columns: _col0 (type: string)
                         Statistics: Num rows: 10 Data size: 870 Basic stats: COMPLETE Column stats: COMPLETE
             Execution mode: vectorized, llap
-            LLAP IO: no inputs
+            LLAP IO: all inputs
         Map 4 
             Map Operator Tree:
                 TableScan
@@ -168,7 +168,7 @@ STAGE PLANS:
                           output format: org.apache.hadoop.hive.ql.io.HiveSequenceFileOutputFormat
                           serde: org.apache.hadoop.hive.serde2.lazy.LazySimpleSerDe
             Execution mode: vectorized, llap
-            LLAP IO: no inputs
+            LLAP IO: all inputs
         Map 5 
             Map Operator Tree:
                 TableScan
@@ -186,7 +186,7 @@ STAGE PLANS:
                           output format: org.apache.hadoop.hive.ql.io.HiveSequenceFileOutputFormat
                           serde: org.apache.hadoop.hive.serde2.lazy.LazySimpleSerDe
             Execution mode: vectorized, llap
-            LLAP IO: no inputs
+            LLAP IO: all inputs
         Union 2 
             Vertex: Union 2
 
@@ -307,7 +307,7 @@ STAGE PLANS:
                         Statistics: Num rows: 10 Data size: 1780 Basic stats: COMPLETE Column stats: COMPLETE
                         value expressions: _col1 (type: string)
             Execution mode: vectorized, llap
-            LLAP IO: no inputs
+            LLAP IO: all inputs
         Map 4 
             Map Operator Tree:
                 TableScan
@@ -328,7 +328,7 @@ STAGE PLANS:
                         Map-reduce partition columns: _col0 (type: string)
                         Statistics: Num rows: 10 Data size: 870 Basic stats: COMPLETE Column stats: COMPLETE
             Execution mode: vectorized, llap
-            LLAP IO: no inputs
+            LLAP IO: all inputs
         Map 5 
             Map Operator Tree:
                 TableScan
@@ -346,7 +346,7 @@ STAGE PLANS:
                           output format: org.apache.hadoop.hive.ql.io.HiveSequenceFileOutputFormat
                           serde: org.apache.hadoop.hive.serde2.lazy.LazySimpleSerDe
             Execution mode: vectorized, llap
-            LLAP IO: no inputs
+            LLAP IO: all inputs
         Map 6 
             Map Operator Tree:
                 TableScan
@@ -364,7 +364,7 @@ STAGE PLANS:
                           output format: org.apache.hadoop.hive.ql.io.HiveSequenceFileOutputFormat
                           serde: org.apache.hadoop.hive.serde2.lazy.LazySimpleSerDe
             Execution mode: vectorized, llap
-            LLAP IO: no inputs
+            LLAP IO: all inputs
         Reducer 2 
             Execution mode: llap
             Reduce Operator Tree:
diff --git a/ql/src/test/results/clientpositive/llap/union37.q.out b/ql/src/test/results/clientpositive/llap/union37.q.out
index 8a4db395cb..88cc102140 100644
--- a/ql/src/test/results/clientpositive/llap/union37.q.out
+++ b/ql/src/test/results/clientpositive/llap/union37.q.out
@@ -98,7 +98,7 @@ STAGE PLANS:
                           output format: org.apache.hadoop.hive.ql.io.HiveSequenceFileOutputFormat
                           serde: org.apache.hadoop.hive.serde2.lazy.LazySimpleSerDe
             Execution mode: vectorized, llap
-            LLAP IO: no inputs
+            LLAP IO: all inputs
         Map 3 
             Map Operator Tree:
                 TableScan
@@ -116,7 +116,7 @@ STAGE PLANS:
                           output format: org.apache.hadoop.hive.ql.io.HiveSequenceFileOutputFormat
                           serde: org.apache.hadoop.hive.serde2.lazy.LazySimpleSerDe
             Execution mode: vectorized, llap
-            LLAP IO: no inputs
+            LLAP IO: all inputs
         Union 2 
             Vertex: Union 2
 
@@ -228,7 +228,7 @@ STAGE PLANS:
                             output format: org.apache.hadoop.hive.ql.io.HiveSequenceFileOutputFormat
                             serde: org.apache.hadoop.hive.serde2.lazy.LazySimpleSerDe
             Execution mode: vectorized, llap
-            LLAP IO: no inputs
+            LLAP IO: all inputs
         Map 3 
             Map Operator Tree:
                 TableScan
@@ -250,7 +250,7 @@ STAGE PLANS:
                             output format: org.apache.hadoop.hive.ql.io.HiveSequenceFileOutputFormat
                             serde: org.apache.hadoop.hive.serde2.lazy.LazySimpleSerDe
             Execution mode: vectorized, llap
-            LLAP IO: no inputs
+            LLAP IO: all inputs
         Union 2 
             Vertex: Union 2
 
@@ -370,7 +370,7 @@ STAGE PLANS:
                             output format: org.apache.hadoop.hive.ql.io.HiveSequenceFileOutputFormat
                             serde: org.apache.hadoop.hive.serde2.lazy.LazySimpleSerDe
             Execution mode: vectorized, llap
-            LLAP IO: no inputs
+            LLAP IO: all inputs
         Map 3 
             Map Operator Tree:
                 TableScan
@@ -392,7 +392,7 @@ STAGE PLANS:
                             output format: org.apache.hadoop.hive.ql.io.HiveSequenceFileOutputFormat
                             serde: org.apache.hadoop.hive.serde2.lazy.LazySimpleSerDe
             Execution mode: vectorized, llap
-            LLAP IO: no inputs
+            LLAP IO: all inputs
         Union 2 
             Vertex: Union 2
 
@@ -516,7 +516,7 @@ STAGE PLANS:
                             output format: org.apache.hadoop.hive.ql.io.HiveSequenceFileOutputFormat
                             serde: org.apache.hadoop.hive.serde2.lazy.LazySimpleSerDe
             Execution mode: vectorized, llap
-            LLAP IO: no inputs
+            LLAP IO: all inputs
         Map 3 
             Map Operator Tree:
                 TableScan
@@ -538,7 +538,7 @@ STAGE PLANS:
                             output format: org.apache.hadoop.hive.ql.io.HiveSequenceFileOutputFormat
                             serde: org.apache.hadoop.hive.serde2.lazy.LazySimpleSerDe
             Execution mode: vectorized, llap
-            LLAP IO: no inputs
+            LLAP IO: all inputs
         Union 2 
             Vertex: Union 2
 
diff --git a/ql/src/test/results/clientpositive/llap/union4.q.out b/ql/src/test/results/clientpositive/llap/union4.q.out
index b0f35ca52f..a902324d9e 100644
--- a/ql/src/test/results/clientpositive/llap/union4.q.out
+++ b/ql/src/test/results/clientpositive/llap/union4.q.out
@@ -57,7 +57,7 @@ STAGE PLANS:
                         Statistics: Num rows: 1 Data size: 8 Basic stats: COMPLETE Column stats: COMPLETE
                         value expressions: _col0 (type: bigint)
             Execution mode: vectorized, llap
-            LLAP IO: no inputs
+            LLAP IO: all inputs
         Map 5 
             Map Operator Tree:
                 TableScan
@@ -77,7 +77,7 @@ STAGE PLANS:
                         Statistics: Num rows: 1 Data size: 8 Basic stats: COMPLETE Column stats: COMPLETE
                         value expressions: _col0 (type: bigint)
             Execution mode: vectorized, llap
-            LLAP IO: no inputs
+            LLAP IO: all inputs
         Reducer 2 
             Execution mode: llap
             Reduce Operator Tree:
diff --git a/ql/src/test/results/clientpositive/llap/union5.q.out b/ql/src/test/results/clientpositive/llap/union5.q.out
index c37140058a..3bb018a801 100644
--- a/ql/src/test/results/clientpositive/llap/union5.q.out
+++ b/ql/src/test/results/clientpositive/llap/union5.q.out
@@ -47,7 +47,7 @@ STAGE PLANS:
                         Statistics: Num rows: 1 Data size: 8 Basic stats: COMPLETE Column stats: COMPLETE
                         value expressions: _col0 (type: bigint)
             Execution mode: vectorized, llap
-            LLAP IO: no inputs
+            LLAP IO: all inputs
         Map 5 
             Map Operator Tree:
                 TableScan
@@ -69,7 +69,7 @@ STAGE PLANS:
                         Statistics: Num rows: 1 Data size: 8 Basic stats: COMPLETE Column stats: COMPLETE
                         value expressions: _col0 (type: bigint)
             Execution mode: vectorized, llap
-            LLAP IO: no inputs
+            LLAP IO: all inputs
         Reducer 2 
             Execution mode: vectorized, llap
             Reduce Operator Tree:
diff --git a/ql/src/test/results/clientpositive/llap/union6.q.out b/ql/src/test/results/clientpositive/llap/union6.q.out
index 0cae3cbe7f..eb6076d96f 100644
--- a/ql/src/test/results/clientpositive/llap/union6.q.out
+++ b/ql/src/test/results/clientpositive/llap/union6.q.out
@@ -59,7 +59,7 @@ STAGE PLANS:
                         Statistics: Num rows: 1 Data size: 8 Basic stats: COMPLETE Column stats: COMPLETE
                         value expressions: _col0 (type: bigint)
             Execution mode: vectorized, llap
-            LLAP IO: no inputs
+            LLAP IO: all inputs
         Map 5 
             Map Operator Tree:
                 TableScan
@@ -93,7 +93,7 @@ STAGE PLANS:
                           Statistics: Num rows: 1 Data size: 472 Basic stats: COMPLETE Column stats: COMPLETE
                           value expressions: _col0 (type: int), _col1 (type: struct<count:bigint,sum:double,input:int>), _col2 (type: bigint), _col3 (type: bigint), _col4 (type: binary), _col5 (type: int), _col6 (type: struct<count:bigint,sum:double,input:int>), _col7 (type: bigint), _col8 (type: binary)
             Execution mode: llap
-            LLAP IO: no inputs
+            LLAP IO: all inputs
         Reducer 2 
             Execution mode: llap
             Reduce Operator Tree:
diff --git a/ql/src/test/results/clientpositive/llap/union7.q.out b/ql/src/test/results/clientpositive/llap/union7.q.out
index 6a55ab0b2a..af5bf69e59 100644
--- a/ql/src/test/results/clientpositive/llap/union7.q.out
+++ b/ql/src/test/results/clientpositive/llap/union7.q.out
@@ -49,7 +49,7 @@ STAGE PLANS:
                         Statistics: Num rows: 1 Data size: 8 Basic stats: COMPLETE Column stats: COMPLETE
                         value expressions: _col0 (type: bigint)
             Execution mode: vectorized, llap
-            LLAP IO: no inputs
+            LLAP IO: all inputs
         Map 5 
             Map Operator Tree:
                 TableScan
@@ -74,7 +74,7 @@ STAGE PLANS:
                         Statistics: Num rows: 13 Data size: 1248 Basic stats: COMPLETE Column stats: COMPLETE
                         value expressions: _col1 (type: bigint)
             Execution mode: vectorized, llap
-            LLAP IO: no inputs
+            LLAP IO: all inputs
         Reducer 2 
             Execution mode: vectorized, llap
             Reduce Operator Tree:
diff --git a/ql/src/test/results/clientpositive/llap/union8.q.out b/ql/src/test/results/clientpositive/llap/union8.q.out
index 3173864f6a..8a8699f5e7 100644
--- a/ql/src/test/results/clientpositive/llap/union8.q.out
+++ b/ql/src/test/results/clientpositive/llap/union8.q.out
@@ -43,7 +43,7 @@ STAGE PLANS:
                           output format: org.apache.hadoop.hive.ql.io.HiveSequenceFileOutputFormat
                           serde: org.apache.hadoop.hive.serde2.lazy.LazySimpleSerDe
             Execution mode: vectorized, llap
-            LLAP IO: no inputs
+            LLAP IO: all inputs
         Map 3 
             Map Operator Tree:
                 TableScan
@@ -61,7 +61,7 @@ STAGE PLANS:
                           output format: org.apache.hadoop.hive.ql.io.HiveSequenceFileOutputFormat
                           serde: org.apache.hadoop.hive.serde2.lazy.LazySimpleSerDe
             Execution mode: vectorized, llap
-            LLAP IO: no inputs
+            LLAP IO: all inputs
         Map 4 
             Map Operator Tree:
                 TableScan
@@ -79,7 +79,7 @@ STAGE PLANS:
                           output format: org.apache.hadoop.hive.ql.io.HiveSequenceFileOutputFormat
                           serde: org.apache.hadoop.hive.serde2.lazy.LazySimpleSerDe
             Execution mode: vectorized, llap
-            LLAP IO: no inputs
+            LLAP IO: all inputs
         Union 2 
             Vertex: Union 2
 
diff --git a/ql/src/test/results/clientpositive/llap/union9.q.out b/ql/src/test/results/clientpositive/llap/union9.q.out
index c30b89b905..b0a05a6be5 100644
--- a/ql/src/test/results/clientpositive/llap/union9.q.out
+++ b/ql/src/test/results/clientpositive/llap/union9.q.out
@@ -48,7 +48,7 @@ STAGE PLANS:
                           Statistics: Num rows: 1 Data size: 8 Basic stats: COMPLETE Column stats: COMPLETE
                           value expressions: _col0 (type: bigint)
             Execution mode: vectorized, llap
-            LLAP IO: no inputs
+            LLAP IO: all inputs
         Map 4 
             Map Operator Tree:
                 TableScan
@@ -70,7 +70,7 @@ STAGE PLANS:
                           Statistics: Num rows: 1 Data size: 8 Basic stats: COMPLETE Column stats: COMPLETE
                           value expressions: _col0 (type: bigint)
             Execution mode: vectorized, llap
-            LLAP IO: no inputs
+            LLAP IO: all inputs
         Map 5 
             Map Operator Tree:
                 TableScan
@@ -92,7 +92,7 @@ STAGE PLANS:
                           Statistics: Num rows: 1 Data size: 8 Basic stats: COMPLETE Column stats: COMPLETE
                           value expressions: _col0 (type: bigint)
             Execution mode: vectorized, llap
-            LLAP IO: no inputs
+            LLAP IO: all inputs
         Reducer 3 
             Execution mode: vectorized, llap
             Reduce Operator Tree:
diff --git a/ql/src/test/results/clientpositive/llap/unionDistinct_3.q.out b/ql/src/test/results/clientpositive/llap/unionDistinct_3.q.out
index 6738afbb4d..11228b9bf4 100644
--- a/ql/src/test/results/clientpositive/llap/unionDistinct_3.q.out
+++ b/ql/src/test/results/clientpositive/llap/unionDistinct_3.q.out
@@ -47,7 +47,7 @@ STAGE PLANS:
                         Map-reduce partition columns: _col0 (type: string), _col1 (type: string)
                         Statistics: Num rows: 500 Data size: 89000 Basic stats: COMPLETE Column stats: COMPLETE
             Execution mode: vectorized, llap
-            LLAP IO: no inputs
+            LLAP IO: all inputs
         Map 5 
             Map Operator Tree:
                 TableScan
@@ -70,7 +70,7 @@ STAGE PLANS:
                         Map-reduce partition columns: _col0 (type: string), _col1 (type: string)
                         Statistics: Num rows: 500 Data size: 89000 Basic stats: COMPLETE Column stats: COMPLETE
             Execution mode: vectorized, llap
-            LLAP IO: no inputs
+            LLAP IO: all inputs
         Reducer 3 
             Execution mode: vectorized, llap
             Reduce Operator Tree:
@@ -193,7 +193,7 @@ STAGE PLANS:
                         Statistics: Num rows: 1 Data size: 8 Basic stats: COMPLETE Column stats: COMPLETE
                         value expressions: _col0 (type: bigint)
             Execution mode: vectorized, llap
-            LLAP IO: no inputs
+            LLAP IO: all inputs
         Map 6 
             Map Operator Tree:
                 TableScan
@@ -216,7 +216,7 @@ STAGE PLANS:
                         Map-reduce partition columns: _col0 (type: string), _col1 (type: string)
                         Statistics: Num rows: 13 Data size: 3536 Basic stats: COMPLETE Column stats: COMPLETE
             Execution mode: vectorized, llap
-            LLAP IO: no inputs
+            LLAP IO: all inputs
         Reducer 2 
             Execution mode: vectorized, llap
             Reduce Operator Tree:
@@ -424,7 +424,7 @@ STAGE PLANS:
                         Map-reduce partition columns: _col0 (type: string), _col1 (type: string)
                         Statistics: Num rows: 500 Data size: 89000 Basic stats: COMPLETE Column stats: COMPLETE
             Execution mode: vectorized, llap
-            LLAP IO: no inputs
+            LLAP IO: all inputs
         Map 6 
             Map Operator Tree:
                 TableScan
@@ -447,7 +447,7 @@ STAGE PLANS:
                         Map-reduce partition columns: _col0 (type: string), _col1 (type: string)
                         Statistics: Num rows: 500 Data size: 89000 Basic stats: COMPLETE Column stats: COMPLETE
             Execution mode: vectorized, llap
-            LLAP IO: no inputs
+            LLAP IO: all inputs
         Map 7 
             Map Operator Tree:
                 TableScan
@@ -470,7 +470,7 @@ STAGE PLANS:
                         Map-reduce partition columns: _col0 (type: string), _col1 (type: string)
                         Statistics: Num rows: 500 Data size: 89000 Basic stats: COMPLETE Column stats: COMPLETE
             Execution mode: vectorized, llap
-            LLAP IO: no inputs
+            LLAP IO: all inputs
         Reducer 3 
             Execution mode: vectorized, llap
             Reduce Operator Tree:
@@ -896,7 +896,7 @@ STAGE PLANS:
                         Statistics: Num rows: 1 Data size: 8 Basic stats: COMPLETE Column stats: COMPLETE
                         value expressions: _col0 (type: bigint)
             Execution mode: vectorized, llap
-            LLAP IO: no inputs
+            LLAP IO: all inputs
         Map 8 
             Map Operator Tree:
                 TableScan
@@ -916,7 +916,7 @@ STAGE PLANS:
                         Statistics: Num rows: 1 Data size: 8 Basic stats: COMPLETE Column stats: COMPLETE
                         value expressions: _col0 (type: bigint)
             Execution mode: vectorized, llap
-            LLAP IO: no inputs
+            LLAP IO: all inputs
         Reducer 2 
             Execution mode: vectorized, llap
             Reduce Operator Tree:
@@ -1118,7 +1118,7 @@ STAGE PLANS:
                         Map-reduce partition columns: _col0 (type: string)
                         Statistics: Num rows: 13 Data size: 3536 Basic stats: COMPLETE Column stats: COMPLETE
             Execution mode: vectorized, llap
-            LLAP IO: no inputs
+            LLAP IO: all inputs
         Map 4 
             Map Operator Tree:
                 TableScan
@@ -1138,7 +1138,7 @@ STAGE PLANS:
                         Statistics: Num rows: 1 Data size: 8 Basic stats: COMPLETE Column stats: COMPLETE
                         value expressions: _col0 (type: bigint)
             Execution mode: vectorized, llap
-            LLAP IO: no inputs
+            LLAP IO: all inputs
         Reducer 3 
             Execution mode: vectorized, llap
             Reduce Operator Tree:
@@ -1285,7 +1285,7 @@ STAGE PLANS:
                         Statistics: Num rows: 1 Data size: 8 Basic stats: COMPLETE Column stats: COMPLETE
                         value expressions: _col0 (type: bigint)
             Execution mode: vectorized, llap
-            LLAP IO: no inputs
+            LLAP IO: all inputs
         Map 7 
             Map Operator Tree:
                 TableScan
@@ -1308,7 +1308,7 @@ STAGE PLANS:
                         Map-reduce partition columns: _col0 (type: string), _col1 (type: string)
                         Statistics: Num rows: 13 Data size: 3536 Basic stats: COMPLETE Column stats: COMPLETE
             Execution mode: vectorized, llap
-            LLAP IO: no inputs
+            LLAP IO: all inputs
         Map 8 
             Map Operator Tree:
                 TableScan
@@ -1331,7 +1331,7 @@ STAGE PLANS:
                         Map-reduce partition columns: _col0 (type: string)
                         Statistics: Num rows: 19 Data size: 5168 Basic stats: COMPLETE Column stats: COMPLETE
             Execution mode: vectorized, llap
-            LLAP IO: no inputs
+            LLAP IO: all inputs
         Reducer 2 
             Execution mode: vectorized, llap
             Reduce Operator Tree:
@@ -1510,7 +1510,7 @@ STAGE PLANS:
                         Map-reduce partition columns: _col0 (type: string), _col1 (type: string)
                         Statistics: Num rows: 500 Data size: 89000 Basic stats: COMPLETE Column stats: COMPLETE
             Execution mode: vectorized, llap
-            LLAP IO: no inputs
+            LLAP IO: all inputs
         Map 11 
             Map Operator Tree:
                 TableScan
@@ -1533,7 +1533,7 @@ STAGE PLANS:
                         Map-reduce partition columns: _col0 (type: string), _col1 (type: string)
                         Statistics: Num rows: 500 Data size: 89000 Basic stats: COMPLETE Column stats: COMPLETE
             Execution mode: vectorized, llap
-            LLAP IO: no inputs
+            LLAP IO: all inputs
         Map 12 
             Map Operator Tree:
                 TableScan
@@ -1556,7 +1556,7 @@ STAGE PLANS:
                         Map-reduce partition columns: _col0 (type: string), _col1 (type: string)
                         Statistics: Num rows: 500 Data size: 89000 Basic stats: COMPLETE Column stats: COMPLETE
             Execution mode: vectorized, llap
-            LLAP IO: no inputs
+            LLAP IO: all inputs
         Map 13 
             Map Operator Tree:
                 TableScan
@@ -1579,7 +1579,7 @@ STAGE PLANS:
                         Map-reduce partition columns: _col0 (type: string), _col1 (type: string)
                         Statistics: Num rows: 500 Data size: 89000 Basic stats: COMPLETE Column stats: COMPLETE
             Execution mode: vectorized, llap
-            LLAP IO: no inputs
+            LLAP IO: all inputs
         Map 14 
             Map Operator Tree:
                 TableScan
@@ -1602,7 +1602,7 @@ STAGE PLANS:
                         Map-reduce partition columns: _col0 (type: string), _col1 (type: string)
                         Statistics: Num rows: 500 Data size: 89000 Basic stats: COMPLETE Column stats: COMPLETE
             Execution mode: vectorized, llap
-            LLAP IO: no inputs
+            LLAP IO: all inputs
         Reducer 10 
             Execution mode: vectorized, llap
             Reduce Operator Tree:
@@ -1799,7 +1799,7 @@ STAGE PLANS:
                       Statistics: Num rows: 1 Data size: 8 Basic stats: COMPLETE Column stats: COMPLETE
                       value expressions: _col0 (type: bigint)
             Execution mode: vectorized, llap
-            LLAP IO: no inputs
+            LLAP IO: all inputs
         Map 10 
             Map Operator Tree:
                 TableScan
@@ -1826,7 +1826,7 @@ STAGE PLANS:
                           Map-reduce partition columns: _col0 (type: string), _col1 (type: string)
                           Statistics: Num rows: 83 Data size: 22576 Basic stats: COMPLETE Column stats: COMPLETE
             Execution mode: vectorized, llap
-            LLAP IO: no inputs
+            LLAP IO: all inputs
         Map 9 
             Map Operator Tree:
                 TableScan
@@ -1853,7 +1853,7 @@ STAGE PLANS:
                           Map-reduce partition columns: _col0 (type: string), _col1 (type: string)
                           Statistics: Num rows: 83 Data size: 22576 Basic stats: COMPLETE Column stats: COMPLETE
             Execution mode: vectorized, llap
-            LLAP IO: no inputs
+            LLAP IO: all inputs
         Reducer 2 
             Execution mode: vectorized, llap
             Reduce Operator Tree:
@@ -2070,7 +2070,7 @@ STAGE PLANS:
                         Map-reduce partition columns: _col0 (type: string)
                         Statistics: Num rows: 316 Data size: 58144 Basic stats: COMPLETE Column stats: COMPLETE
             Execution mode: vectorized, llap
-            LLAP IO: no inputs
+            LLAP IO: all inputs
         Map 10 
             Map Operator Tree:
                 TableScan
@@ -2093,7 +2093,7 @@ STAGE PLANS:
                         Map-reduce partition columns: _col0 (type: string)
                         Statistics: Num rows: 316 Data size: 58144 Basic stats: COMPLETE Column stats: COMPLETE
             Execution mode: vectorized, llap
-            LLAP IO: no inputs
+            LLAP IO: all inputs
         Map 11 
             Map Operator Tree:
                 TableScan
@@ -2116,7 +2116,7 @@ STAGE PLANS:
                         Map-reduce partition columns: _col0 (type: string)
                         Statistics: Num rows: 316 Data size: 58144 Basic stats: COMPLETE Column stats: COMPLETE
             Execution mode: vectorized, llap
-            LLAP IO: no inputs
+            LLAP IO: all inputs
         Map 12 
             Map Operator Tree:
                 TableScan
diff --git a/ql/src/test/results/clientpositive/llap/union_assertion_type.q.out b/ql/src/test/results/clientpositive/llap/union_assertion_type.q.out
index 4c9e94ece3..b5833b8421 100644
--- a/ql/src/test/results/clientpositive/llap/union_assertion_type.q.out
+++ b/ql/src/test/results/clientpositive/llap/union_assertion_type.q.out
@@ -151,7 +151,7 @@ STAGE PLANS:
                               output format: org.apache.hadoop.hive.ql.io.HiveSequenceFileOutputFormat
                               serde: org.apache.hadoop.hive.serde2.lazy.LazySimpleSerDe
             Execution mode: vectorized, llap
-            LLAP IO: no inputs
+            LLAP IO: all inputs
         Map 3 
             Map Operator Tree:
                 TableScan
@@ -176,7 +176,7 @@ STAGE PLANS:
                               output format: org.apache.hadoop.hive.ql.io.HiveSequenceFileOutputFormat
                               serde: org.apache.hadoop.hive.serde2.lazy.LazySimpleSerDe
             Execution mode: vectorized, llap
-            LLAP IO: no inputs
+            LLAP IO: all inputs
         Union 2 
             Vertex: Union 2
 
@@ -323,7 +323,7 @@ STAGE PLANS:
                       Statistics: Num rows: 3 Data size: 12 Basic stats: COMPLETE Column stats: COMPLETE
                       value expressions: _col0 (type: int)
             Execution mode: vectorized, llap
-            LLAP IO: no inputs
+            LLAP IO: all inputs
         Map 4 
             Map Operator Tree:
                 TableScan
@@ -339,7 +339,7 @@ STAGE PLANS:
                       Statistics: Num rows: 3 Data size: 12 Basic stats: COMPLETE Column stats: COMPLETE
                       value expressions: _col0 (type: int)
             Execution mode: vectorized, llap
-            LLAP IO: no inputs
+            LLAP IO: all inputs
         Map 5 
             Map Operator Tree:
                 TableScan
diff --git a/ql/src/test/results/clientpositive/llap/union_lateralview.q.out b/ql/src/test/results/clientpositive/llap/union_lateralview.q.out
index 3d37dbe987..9d60da6f06 100644
--- a/ql/src/test/results/clientpositive/llap/union_lateralview.q.out
+++ b/ql/src/test/results/clientpositive/llap/union_lateralview.q.out
@@ -120,7 +120,7 @@ STAGE PLANS:
                                 Statistics: Num rows: 2000 Data size: 462000 Basic stats: COMPLETE Column stats: COMPLETE
                                 value expressions: _col0 (type: int), _col2 (type: string)
             Execution mode: llap
-            LLAP IO: no inputs
+            LLAP IO: all inputs
         Map 5 
             Map Operator Tree:
                 TableScan
@@ -173,7 +173,7 @@ STAGE PLANS:
                                 Statistics: Num rows: 2000 Data size: 462000 Basic stats: COMPLETE Column stats: COMPLETE
                                 value expressions: _col0 (type: int), _col2 (type: string)
             Execution mode: llap
-            LLAP IO: no inputs
+            LLAP IO: all inputs
         Map 6 
             Map Operator Tree:
                 TableScan
@@ -186,7 +186,7 @@ STAGE PLANS:
                     Map-reduce partition columns: key (type: string)
                     Statistics: Num rows: 500 Data size: 43500 Basic stats: COMPLETE Column stats: COMPLETE
             Execution mode: vectorized, llap
-            LLAP IO: no inputs
+            LLAP IO: all inputs
         Reducer 3 
             Execution mode: llap
             Reduce Operator Tree:
diff --git a/ql/src/test/results/clientpositive/llap/union_offcbo.q.out b/ql/src/test/results/clientpositive/llap/union_offcbo.q.out
index 0c12d66bc8..a218bbc91b 100644
--- a/ql/src/test/results/clientpositive/llap/union_offcbo.q.out
+++ b/ql/src/test/results/clientpositive/llap/union_offcbo.q.out
@@ -274,7 +274,7 @@ STAGE PLANS:
                         Statistics: Num rows: 1 Data size: 110 Basic stats: COMPLETE Column stats: NONE
                         value expressions: _col9 (type: string)
             Execution mode: vectorized, llap
-            LLAP IO: no inputs
+            LLAP IO: all inputs
         Map 4 
             Map Operator Tree:
                 TableScan
@@ -296,7 +296,7 @@ STAGE PLANS:
                         Statistics: Num rows: 1 Data size: 936 Basic stats: COMPLETE Column stats: NONE
                         value expressions: _col0 (type: bigint), _col2 (type: string), _col3 (type: string), _col6 (type: string), _col7 (type: bigint), _col9 (type: string)
             Execution mode: vectorized, llap
-            LLAP IO: no inputs
+            LLAP IO: all inputs
         Map 5 
             Map Operator Tree:
                 TableScan
@@ -318,7 +318,7 @@ STAGE PLANS:
                         Statistics: Num rows: 1 Data size: 294 Basic stats: COMPLETE Column stats: NONE
                         value expressions: _col0 (type: bigint), _col1 (type: string), _col6 (type: string), _col7 (type: bigint), _col9 (type: string)
             Execution mode: vectorized, llap
-            LLAP IO: no inputs
+            LLAP IO: all inputs
         Map 7 
             Map Operator Tree:
                 TableScan
@@ -340,7 +340,7 @@ STAGE PLANS:
                         Statistics: Num rows: 1 Data size: 920 Basic stats: COMPLETE Column stats: NONE
                         value expressions: _col1 (type: string), _col9 (type: string)
             Execution mode: vectorized, llap
-            LLAP IO: no inputs
+            LLAP IO: all inputs
         Reducer 2 
             Execution mode: llap
             Reduce Operator Tree:
@@ -627,7 +627,7 @@ STAGE PLANS:
                           Statistics: Num rows: 1 Data size: 200 Basic stats: COMPLETE Column stats: NONE
                           value expressions: _col1 (type: string)
             Execution mode: vectorized, llap
-            LLAP IO: no inputs
+            LLAP IO: all inputs
         Map 4 
             Map Operator Tree:
                 TableScan
@@ -649,7 +649,7 @@ STAGE PLANS:
                         Statistics: Num rows: 1 Data size: 936 Basic stats: COMPLETE Column stats: NONE
                         value expressions: _col0 (type: bigint), _col1 (type: string), _col2 (type: string), _col3 (type: string), _col4 (type: bigint), _col6 (type: string)
             Execution mode: vectorized, llap
-            LLAP IO: no inputs
+            LLAP IO: all inputs
         Map 5 
             Map Operator Tree:
                 TableScan
@@ -674,7 +674,7 @@ STAGE PLANS:
                           Statistics: Num rows: 1 Data size: 384 Basic stats: COMPLETE Column stats: NONE
                           value expressions: _col0 (type: bigint), _col1 (type: string), _col2 (type: bigint), _col4 (type: string)
             Execution mode: vectorized, llap
-            LLAP IO: no inputs
+            LLAP IO: all inputs
         Map 7 
             Map Operator Tree:
                 TableScan
@@ -696,7 +696,7 @@ STAGE PLANS:
                         Statistics: Num rows: 1 Data size: 920 Basic stats: COMPLETE Column stats: NONE
                         value expressions: _col0 (type: string), _col2 (type: string)
             Execution mode: vectorized, llap
-            LLAP IO: no inputs
+            LLAP IO: all inputs
         Reducer 2 
             Execution mode: llap
             Reduce Operator Tree:
@@ -980,7 +980,7 @@ STAGE PLANS:
                         Statistics: Num rows: 1 Data size: 110 Basic stats: COMPLETE Column stats: NONE
                         value expressions: _col9 (type: string)
             Execution mode: vectorized, llap
-            LLAP IO: no inputs
+            LLAP IO: all inputs
         Map 4 
             Map Operator Tree:
                 TableScan
@@ -1002,7 +1002,7 @@ STAGE PLANS:
                         Statistics: Num rows: 1 Data size: 936 Basic stats: COMPLETE Column stats: NONE
                         value expressions: _col0 (type: bigint), _col2 (type: string), _col3 (type: string), _col6 (type: string), _col7 (type: bigint), _col9 (type: string)
             Execution mode: vectorized, llap
-            LLAP IO: no inputs
+            LLAP IO: all inputs
         Map 5 
             Map Operator Tree:
                 TableScan
@@ -1024,7 +1024,7 @@ STAGE PLANS:
                         Statistics: Num rows: 1 Data size: 294 Basic stats: COMPLETE Column stats: NONE
                         value expressions: _col0 (type: bigint), _col1 (type: string), _col6 (type: string), _col7 (type: bigint), _col9 (type: string)
             Execution mode: vectorized, llap
-            LLAP IO: no inputs
+            LLAP IO: all inputs
         Map 7 
             Map Operator Tree:
                 TableScan
@@ -1046,7 +1046,7 @@ STAGE PLANS:
                         Statistics: Num rows: 1 Data size: 920 Basic stats: COMPLETE Column stats: NONE
                         value expressions: _col1 (type: string), _col9 (type: string)
             Execution mode: vectorized, llap
-            LLAP IO: no inputs
+            LLAP IO: all inputs
         Reducer 2 
             Execution mode: llap
             Reduce Operator Tree:
@@ -1343,7 +1343,7 @@ STAGE PLANS:
                         Statistics: Num rows: 1 Data size: 110 Basic stats: COMPLETE Column stats: NONE
                         value expressions: _col9 (type: string)
             Execution mode: vectorized, llap
-            LLAP IO: no inputs
+            LLAP IO: all inputs
         Map 4 
             Map Operator Tree:
                 TableScan
@@ -1364,7 +1364,7 @@ STAGE PLANS:
                         Statistics: Num rows: 1 Data size: 936 Basic stats: COMPLETE Column stats: NONE
                         value expressions: _col0 (type: bigint), _col2 (type: string), _col3 (type: string), _col6 (type: string), _col7 (type: bigint), _col9 (type: string)
             Execution mode: vectorized, llap
-            LLAP IO: no inputs
+            LLAP IO: all inputs
         Map 5 
             Map Operator Tree:
                 TableScan
@@ -1385,7 +1385,7 @@ STAGE PLANS:
                         Statistics: Num rows: 1 Data size: 294 Basic stats: COMPLETE Column stats: NONE
                         value expressions: _col0 (type: bigint), _col1 (type: string), _col6 (type: string), _col7 (type: bigint), _col9 (type: string)
             Execution mode: vectorized, llap
-            LLAP IO: no inputs
+            LLAP IO: all inputs
         Map 7 
             Map Operator Tree:
                 TableScan
@@ -1406,7 +1406,7 @@ STAGE PLANS:
                         Statistics: Num rows: 1 Data size: 920 Basic stats: COMPLETE Column stats: NONE
                         value expressions: _col1 (type: string), _col9 (type: string)
             Execution mode: vectorized, llap
-            LLAP IO: no inputs
+            LLAP IO: all inputs
         Reducer 2 
             Execution mode: llap
             Reduce Operator Tree:
@@ -1706,7 +1706,7 @@ STAGE PLANS:
                           Statistics: Num rows: 1 Data size: 200 Basic stats: COMPLETE Column stats: NONE
                           value expressions: _col1 (type: string)
             Execution mode: vectorized, llap
-            LLAP IO: no inputs
+            LLAP IO: all inputs
         Map 4 
             Map Operator Tree:
                 TableScan
@@ -1727,7 +1727,7 @@ STAGE PLANS:
                         Statistics: Num rows: 1 Data size: 936 Basic stats: COMPLETE Column stats: NONE
                         value expressions: _col0 (type: bigint), _col1 (type: string), _col2 (type: string), _col3 (type: string), _col4 (type: bigint), _col6 (type: string)
             Execution mode: vectorized, llap
-            LLAP IO: no inputs
+            LLAP IO: all inputs
         Map 5 
             Map Operator Tree:
                 TableScan
@@ -1751,7 +1751,7 @@ STAGE PLANS:
                           Statistics: Num rows: 1 Data size: 384 Basic stats: COMPLETE Column stats: NONE
                           value expressions: _col0 (type: bigint), _col1 (type: string), _col2 (type: bigint), _col4 (type: string)
             Execution mode: vectorized, llap
-            LLAP IO: no inputs
+            LLAP IO: all inputs
         Map 7 
             Map Operator Tree:
                 TableScan
@@ -1772,7 +1772,7 @@ STAGE PLANS:
                         Statistics: Num rows: 1 Data size: 920 Basic stats: COMPLETE Column stats: NONE
                         value expressions: _col0 (type: string), _col2 (type: string)
             Execution mode: vectorized, llap
-            LLAP IO: no inputs
+            LLAP IO: all inputs
         Reducer 2 
             Execution mode: llap
             Reduce Operator Tree:
diff --git a/ql/src/test/results/clientpositive/llap/union_paren.q.out b/ql/src/test/results/clientpositive/llap/union_paren.q.out
index 3d7655e3e6..5314f49851 100644
--- a/ql/src/test/results/clientpositive/llap/union_paren.q.out
+++ b/ql/src/test/results/clientpositive/llap/union_paren.q.out
@@ -36,7 +36,7 @@ STAGE PLANS:
                           output format: org.apache.hadoop.hive.ql.io.HiveSequenceFileOutputFormat
                           serde: org.apache.hadoop.hive.serde2.lazy.LazySimpleSerDe
             Execution mode: vectorized, llap
-            LLAP IO: no inputs
+            LLAP IO: all inputs
         Map 3 
             Map Operator Tree:
                 TableScan
@@ -54,7 +54,7 @@ STAGE PLANS:
                           output format: org.apache.hadoop.hive.ql.io.HiveSequenceFileOutputFormat
                           serde: org.apache.hadoop.hive.serde2.lazy.LazySimpleSerDe
             Execution mode: vectorized, llap
-            LLAP IO: no inputs
+            LLAP IO: all inputs
         Union 2 
             Vertex: Union 2
 
diff --git a/ql/src/test/results/clientpositive/llap/union_pos_alias.q.out b/ql/src/test/results/clientpositive/llap/union_pos_alias.q.out
index c12a802aae..cef412eb28 100644
--- a/ql/src/test/results/clientpositive/llap/union_pos_alias.q.out
+++ b/ql/src/test/results/clientpositive/llap/union_pos_alias.q.out
@@ -48,7 +48,7 @@ STAGE PLANS:
                         Statistics: Num rows: 1 Data size: 8 Basic stats: COMPLETE Column stats: COMPLETE
                         value expressions: _col0 (type: bigint)
             Execution mode: vectorized, llap
-            LLAP IO: no inputs
+            LLAP IO: all inputs
         Map 5 
             Map Operator Tree:
                 TableScan
@@ -68,7 +68,7 @@ STAGE PLANS:
                         Statistics: Num rows: 1 Data size: 8 Basic stats: COMPLETE Column stats: COMPLETE
                         value expressions: _col0 (type: bigint)
             Execution mode: vectorized, llap
-            LLAP IO: no inputs
+            LLAP IO: all inputs
         Map 7 
             Map Operator Tree:
                 TableScan
@@ -88,7 +88,7 @@ STAGE PLANS:
                         Statistics: Num rows: 1 Data size: 8 Basic stats: COMPLETE Column stats: COMPLETE
                         value expressions: _col0 (type: bigint)
             Execution mode: vectorized, llap
-            LLAP IO: no inputs
+            LLAP IO: all inputs
         Reducer 2 
             Execution mode: vectorized, llap
             Reduce Operator Tree:
@@ -244,7 +244,7 @@ STAGE PLANS:
                       sort order: +-
                       Statistics: Num rows: 20 Data size: 3540 Basic stats: COMPLETE Column stats: COMPLETE
             Execution mode: vectorized, llap
-            LLAP IO: no inputs
+            LLAP IO: all inputs
         Map 4 
             Map Operator Tree:
                 TableScan
@@ -260,7 +260,7 @@ STAGE PLANS:
                       sort order: +-
                       Statistics: Num rows: 20 Data size: 3540 Basic stats: COMPLETE Column stats: COMPLETE
             Execution mode: vectorized, llap
-            LLAP IO: no inputs
+            LLAP IO: all inputs
         Reducer 3 
             Execution mode: vectorized, llap
             Reduce Operator Tree:
@@ -423,7 +423,7 @@ STAGE PLANS:
                           output format: org.apache.hadoop.hive.ql.io.HiveSequenceFileOutputFormat
                           serde: org.apache.hadoop.hive.serde2.lazy.LazySimpleSerDe
             Execution mode: vectorized, llap
-            LLAP IO: no inputs
+            LLAP IO: all inputs
         Map 3 
             Map Operator Tree:
                 TableScan
@@ -441,7 +441,7 @@ STAGE PLANS:
                           output format: org.apache.hadoop.hive.ql.io.HiveSequenceFileOutputFormat
                           serde: org.apache.hadoop.hive.serde2.lazy.LazySimpleSerDe
             Execution mode: vectorized, llap
-            LLAP IO: no inputs
+            LLAP IO: all inputs
         Union 2 
             Vertex: Union 2
 
@@ -1507,7 +1507,7 @@ STAGE PLANS:
                         Statistics: Num rows: 250 Data size: 25750 Basic stats: COMPLETE Column stats: COMPLETE
                         value expressions: _col2 (type: bigint)
             Execution mode: vectorized, llap
-            LLAP IO: no inputs
+            LLAP IO: all inputs
         Map 5 
             Map Operator Tree:
                 TableScan
@@ -1532,7 +1532,7 @@ STAGE PLANS:
                         Statistics: Num rows: 250 Data size: 25750 Basic stats: COMPLETE Column stats: COMPLETE
                         value expressions: _col2 (type: bigint)
             Execution mode: vectorized, llap
-            LLAP IO: no inputs
+            LLAP IO: all inputs
         Reducer 2 
             Execution mode: vectorized, llap
             Reduce Operator Tree:
diff --git a/ql/src/test/results/clientpositive/llap/union_ppr.q.out b/ql/src/test/results/clientpositive/llap/union_ppr.q.out
index abd3eb90cf..d50f05f7b0 100644
--- a/ql/src/test/results/clientpositive/llap/union_ppr.q.out
+++ b/ql/src/test/results/clientpositive/llap/union_ppr.q.out
@@ -67,7 +67,7 @@ STAGE PLANS:
                           tag: -1
                           auto parallelism: true
             Execution mode: vectorized, llap
-            LLAP IO: no inputs
+            LLAP IO: all inputs
             Path -> Alias:
 #### A masked pattern was here ####
             Path -> Partition:
@@ -177,7 +177,7 @@ STAGE PLANS:
                           tag: -1
                           auto parallelism: true
             Execution mode: vectorized, llap
-            LLAP IO: no inputs
+            LLAP IO: all inputs
             Path -> Alias:
 #### A masked pattern was here ####
             Path -> Partition:
diff --git a/ql/src/test/results/clientpositive/llap/union_remove_1.q.out b/ql/src/test/results/clientpositive/llap/union_remove_1.q.out
index bc4c56a840..74b890bfc0 100644
--- a/ql/src/test/results/clientpositive/llap/union_remove_1.q.out
+++ b/ql/src/test/results/clientpositive/llap/union_remove_1.q.out
@@ -81,7 +81,7 @@ STAGE PLANS:
                         Statistics: Num rows: 1 Data size: 184 Basic stats: COMPLETE Column stats: NONE
                         value expressions: _col1 (type: bigint)
             Execution mode: vectorized, llap
-            LLAP IO: no inputs
+            LLAP IO: all inputs
         Reducer 2 
             Execution mode: vectorized, llap
             Reduce Operator Tree:
diff --git a/ql/src/test/results/clientpositive/llap/union_remove_10.q.out b/ql/src/test/results/clientpositive/llap/union_remove_10.q.out
index a12951fd46..3297fd2fb1 100644
--- a/ql/src/test/results/clientpositive/llap/union_remove_10.q.out
+++ b/ql/src/test/results/clientpositive/llap/union_remove_10.q.out
@@ -113,7 +113,7 @@ STAGE PLANS:
                           serde: org.apache.hadoop.hive.serde2.columnar.ColumnarSerDe
                           name: default.outputtbl1_n9
             Execution mode: vectorized, llap
-            LLAP IO: no inputs
+            LLAP IO: all inputs
         Reducer 2 
             Execution mode: vectorized, llap
             Reduce Operator Tree:
diff --git a/ql/src/test/results/clientpositive/llap/union_remove_11.q.out b/ql/src/test/results/clientpositive/llap/union_remove_11.q.out
index a06ff2175a..aa01d42c14 100644
--- a/ql/src/test/results/clientpositive/llap/union_remove_11.q.out
+++ b/ql/src/test/results/clientpositive/llap/union_remove_11.q.out
@@ -89,7 +89,7 @@ STAGE PLANS:
                             serde: org.apache.hadoop.hive.serde2.columnar.ColumnarSerDe
                             name: default.outputtbl1_n21
             Execution mode: vectorized, llap
-            LLAP IO: no inputs
+            LLAP IO: all inputs
         Map 3 
             Map Operator Tree:
                 TableScan
@@ -112,7 +112,7 @@ STAGE PLANS:
                             serde: org.apache.hadoop.hive.serde2.columnar.ColumnarSerDe
                             name: default.outputtbl1_n21
             Execution mode: vectorized, llap
-            LLAP IO: no inputs
+            LLAP IO: all inputs
         Map 4 
             Map Operator Tree:
                 TableScan
@@ -135,7 +135,7 @@ STAGE PLANS:
                             serde: org.apache.hadoop.hive.serde2.columnar.ColumnarSerDe
                             name: default.outputtbl1_n21
             Execution mode: vectorized, llap
-            LLAP IO: no inputs
+            LLAP IO: all inputs
         Union 2 
             Vertex: Union 2
 
diff --git a/ql/src/test/results/clientpositive/llap/union_remove_12.q.out b/ql/src/test/results/clientpositive/llap/union_remove_12.q.out
index 7e2500ab37..3930bd6196 100644
--- a/ql/src/test/results/clientpositive/llap/union_remove_12.q.out
+++ b/ql/src/test/results/clientpositive/llap/union_remove_12.q.out
@@ -90,7 +90,7 @@ STAGE PLANS:
                         Map-reduce partition columns: _col0 (type: string)
                         Statistics: Num rows: 1 Data size: 184 Basic stats: COMPLETE Column stats: NONE
             Execution mode: vectorized, llap
-            LLAP IO: no inputs
+            LLAP IO: all inputs
         Map 2 
             Map Operator Tree:
                 TableScan
@@ -127,7 +127,7 @@ STAGE PLANS:
                                 serde: org.apache.hadoop.hive.serde2.columnar.ColumnarSerDe
                                 name: default.outputtbl1_n29
             Execution mode: vectorized, llap
-            LLAP IO: no inputs
+            LLAP IO: all inputs
 
   Stage: Stage-2
     Dependency Collection
diff --git a/ql/src/test/results/clientpositive/llap/union_remove_13.q.out b/ql/src/test/results/clientpositive/llap/union_remove_13.q.out
index 29d25627e3..e28bc51f27 100644
--- a/ql/src/test/results/clientpositive/llap/union_remove_13.q.out
+++ b/ql/src/test/results/clientpositive/llap/union_remove_13.q.out
@@ -97,7 +97,7 @@ STAGE PLANS:
                         Map-reduce partition columns: _col0 (type: string)
                         Statistics: Num rows: 1 Data size: 184 Basic stats: COMPLETE Column stats: NONE
             Execution mode: vectorized, llap
-            LLAP IO: no inputs
+            LLAP IO: all inputs
         Map 3 
             Map Operator Tree:
                 TableScan
@@ -134,7 +134,7 @@ STAGE PLANS:
                                 serde: org.apache.hadoop.hive.serde2.columnar.ColumnarSerDe
                                 name: default.outputtbl1_n3
             Execution mode: vectorized, llap
-            LLAP IO: no inputs
+            LLAP IO: all inputs
         Reducer 2 
             Execution mode: vectorized, llap
             Reduce Operator Tree:
diff --git a/ql/src/test/results/clientpositive/llap/union_remove_14.q.out b/ql/src/test/results/clientpositive/llap/union_remove_14.q.out
index 09bb92a7a5..b11c9ebee4 100644
--- a/ql/src/test/results/clientpositive/llap/union_remove_14.q.out
+++ b/ql/src/test/results/clientpositive/llap/union_remove_14.q.out
@@ -90,7 +90,7 @@ STAGE PLANS:
                         Map-reduce partition columns: _col0 (type: string)
                         Statistics: Num rows: 1 Data size: 184 Basic stats: COMPLETE Column stats: NONE
             Execution mode: vectorized, llap
-            LLAP IO: no inputs
+            LLAP IO: all inputs
         Map 2 
             Map Operator Tree:
                 TableScan
@@ -127,7 +127,7 @@ STAGE PLANS:
                                 serde: org.apache.hadoop.hive.serde2.columnar.ColumnarSerDe
                                 name: default.outputtbl1_n16
             Execution mode: vectorized, llap
-            LLAP IO: no inputs
+            LLAP IO: all inputs
 
   Stage: Stage-2
     Dependency Collection
diff --git a/ql/src/test/results/clientpositive/llap/union_remove_15.q.out b/ql/src/test/results/clientpositive/llap/union_remove_15.q.out
index 8877b20ecc..a276d0c40c 100644
--- a/ql/src/test/results/clientpositive/llap/union_remove_15.q.out
+++ b/ql/src/test/results/clientpositive/llap/union_remove_15.q.out
@@ -81,7 +81,7 @@ STAGE PLANS:
                         Statistics: Num rows: 1 Data size: 184 Basic stats: COMPLETE Column stats: NONE
                         value expressions: _col1 (type: bigint)
             Execution mode: vectorized, llap
-            LLAP IO: no inputs
+            LLAP IO: all inputs
         Reducer 2 
             Execution mode: vectorized, llap
             Reduce Operator Tree:
diff --git a/ql/src/test/results/clientpositive/llap/union_remove_16.q.out b/ql/src/test/results/clientpositive/llap/union_remove_16.q.out
index b4b8485f76..3de57f50cd 100644
--- a/ql/src/test/results/clientpositive/llap/union_remove_16.q.out
+++ b/ql/src/test/results/clientpositive/llap/union_remove_16.q.out
@@ -81,7 +81,7 @@ STAGE PLANS:
                         Statistics: Num rows: 1 Data size: 184 Basic stats: COMPLETE Column stats: NONE
                         value expressions: _col1 (type: bigint)
             Execution mode: vectorized, llap
-            LLAP IO: no inputs
+            LLAP IO: all inputs
         Reducer 2 
             Execution mode: vectorized, llap
             Reduce Operator Tree:
diff --git a/ql/src/test/results/clientpositive/llap/union_remove_17.q.out b/ql/src/test/results/clientpositive/llap/union_remove_17.q.out
index faa93f6541..57fa1ae4db 100644
--- a/ql/src/test/results/clientpositive/llap/union_remove_17.q.out
+++ b/ql/src/test/results/clientpositive/llap/union_remove_17.q.out
@@ -80,7 +80,7 @@ STAGE PLANS:
                         Statistics: Num rows: 2 Data size: 368 Basic stats: COMPLETE Column stats: NONE
                         value expressions: _col0 (type: string), _col1 (type: bigint)
             Execution mode: vectorized, llap
-            LLAP IO: no inputs
+            LLAP IO: all inputs
         Map 4 
             Map Operator Tree:
                 TableScan
@@ -102,7 +102,7 @@ STAGE PLANS:
                         Statistics: Num rows: 2 Data size: 368 Basic stats: COMPLETE Column stats: NONE
                         value expressions: _col0 (type: string), _col1 (type: bigint)
             Execution mode: vectorized, llap
-            LLAP IO: no inputs
+            LLAP IO: all inputs
         Reducer 3 
             Execution mode: vectorized, llap
             Reduce Operator Tree:
diff --git a/ql/src/test/results/clientpositive/llap/union_remove_18.q.out b/ql/src/test/results/clientpositive/llap/union_remove_18.q.out
index ebbf329bb7..2b119ed7ed 100644
--- a/ql/src/test/results/clientpositive/llap/union_remove_18.q.out
+++ b/ql/src/test/results/clientpositive/llap/union_remove_18.q.out
@@ -81,7 +81,7 @@ STAGE PLANS:
                         Statistics: Num rows: 1 Data size: 368 Basic stats: COMPLETE Column stats: NONE
                         value expressions: _col2 (type: bigint)
             Execution mode: vectorized, llap
-            LLAP IO: no inputs
+            LLAP IO: all inputs
         Reducer 2 
             Execution mode: vectorized, llap
             Reduce Operator Tree:
diff --git a/ql/src/test/results/clientpositive/llap/union_remove_19.q.out b/ql/src/test/results/clientpositive/llap/union_remove_19.q.out
index 8d66038364..32fd88e019 100644
--- a/ql/src/test/results/clientpositive/llap/union_remove_19.q.out
+++ b/ql/src/test/results/clientpositive/llap/union_remove_19.q.out
@@ -81,7 +81,7 @@ STAGE PLANS:
                         Statistics: Num rows: 1 Data size: 184 Basic stats: COMPLETE Column stats: NONE
                         value expressions: _col1 (type: bigint)
             Execution mode: vectorized, llap
-            LLAP IO: no inputs
+            LLAP IO: all inputs
         Reducer 2 
             Execution mode: vectorized, llap
             Reduce Operator Tree:
@@ -252,7 +252,7 @@ STAGE PLANS:
                         Statistics: Num rows: 1 Data size: 184 Basic stats: COMPLETE Column stats: NONE
                         value expressions: _col1 (type: bigint)
             Execution mode: vectorized, llap
-            LLAP IO: no inputs
+            LLAP IO: all inputs
         Reducer 2 
             Execution mode: vectorized, llap
             Reduce Operator Tree:
@@ -389,7 +389,7 @@ STAGE PLANS:
                         Statistics: Num rows: 1 Data size: 184 Basic stats: COMPLETE Column stats: NONE
                         value expressions: _col1 (type: bigint)
             Execution mode: vectorized, llap
-            LLAP IO: no inputs
+            LLAP IO: all inputs
         Reducer 2 
             Execution mode: vectorized, llap
             Reduce Operator Tree:
diff --git a/ql/src/test/results/clientpositive/llap/union_remove_2.q.out b/ql/src/test/results/clientpositive/llap/union_remove_2.q.out
index 9b544e8938..9ed31ff215 100644
--- a/ql/src/test/results/clientpositive/llap/union_remove_2.q.out
+++ b/ql/src/test/results/clientpositive/llap/union_remove_2.q.out
@@ -109,7 +109,7 @@ STAGE PLANS:
                           serde: org.apache.hadoop.hive.serde2.lazy.LazySimpleSerDe
                           name: default.outputtbl1_n11
             Execution mode: vectorized, llap
-            LLAP IO: no inputs
+            LLAP IO: all inputs
         Reducer 2 
             Execution mode: vectorized, llap
             Reduce Operator Tree:
diff --git a/ql/src/test/results/clientpositive/llap/union_remove_20.q.out b/ql/src/test/results/clientpositive/llap/union_remove_20.q.out
index c45d6ebfea..24421d7149 100644
--- a/ql/src/test/results/clientpositive/llap/union_remove_20.q.out
+++ b/ql/src/test/results/clientpositive/llap/union_remove_20.q.out
@@ -81,7 +81,7 @@ STAGE PLANS:
                         Statistics: Num rows: 1 Data size: 184 Basic stats: COMPLETE Column stats: NONE
                         value expressions: _col1 (type: bigint)
             Execution mode: vectorized, llap
-            LLAP IO: no inputs
+            LLAP IO: all inputs
         Reducer 2 
             Execution mode: vectorized, llap
             Reduce Operator Tree:
diff --git a/ql/src/test/results/clientpositive/llap/union_remove_21.q.out b/ql/src/test/results/clientpositive/llap/union_remove_21.q.out
index f5b010bd42..9f7bd544a3 100644
--- a/ql/src/test/results/clientpositive/llap/union_remove_21.q.out
+++ b/ql/src/test/results/clientpositive/llap/union_remove_21.q.out
@@ -79,7 +79,7 @@ STAGE PLANS:
                         Map-reduce partition columns: _col0 (type: string)
                         Statistics: Num rows: 1 Data size: 184 Basic stats: COMPLETE Column stats: NONE
             Execution mode: vectorized, llap
-            LLAP IO: no inputs
+            LLAP IO: all inputs
         Reducer 2 
             Execution mode: vectorized, llap
             Reduce Operator Tree:
diff --git a/ql/src/test/results/clientpositive/llap/union_remove_22.q.out b/ql/src/test/results/clientpositive/llap/union_remove_22.q.out
index 6abdb50273..6e9259edff 100644
--- a/ql/src/test/results/clientpositive/llap/union_remove_22.q.out
+++ b/ql/src/test/results/clientpositive/llap/union_remove_22.q.out
@@ -81,7 +81,7 @@ STAGE PLANS:
                         Statistics: Num rows: 1 Data size: 184 Basic stats: COMPLETE Column stats: NONE
                         value expressions: _col1 (type: bigint)
             Execution mode: vectorized, llap
-            LLAP IO: no inputs
+            LLAP IO: all inputs
         Reducer 2 
             Execution mode: vectorized, llap
             Reduce Operator Tree:
@@ -258,7 +258,7 @@ STAGE PLANS:
                         Statistics: Num rows: 1 Data size: 184 Basic stats: COMPLETE Column stats: NONE
                         value expressions: _col1 (type: bigint)
             Execution mode: vectorized, llap
-            LLAP IO: no inputs
+            LLAP IO: all inputs
         Reducer 2 
             Execution mode: vectorized, llap
             Reduce Operator Tree:
diff --git a/ql/src/test/results/clientpositive/llap/union_remove_23.q.out b/ql/src/test/results/clientpositive/llap/union_remove_23.q.out
index 53c1ad3039..0f0f39fd24 100644
--- a/ql/src/test/results/clientpositive/llap/union_remove_23.q.out
+++ b/ql/src/test/results/clientpositive/llap/union_remove_23.q.out
@@ -98,7 +98,7 @@ STAGE PLANS:
                         Statistics: Num rows: 1 Data size: 184 Basic stats: COMPLETE Column stats: NONE
                         value expressions: _col1 (type: bigint)
             Execution mode: vectorized, llap
-            LLAP IO: no inputs
+            LLAP IO: all inputs
         Map 5 
             Map Operator Tree:
                 TableScan
@@ -119,7 +119,7 @@ STAGE PLANS:
                         Map-reduce partition columns: _col0 (type: string)
                         Statistics: Num rows: 1 Data size: 184 Basic stats: COMPLETE Column stats: NONE
             Execution mode: vectorized, llap
-            LLAP IO: no inputs
+            LLAP IO: all inputs
         Reducer 2 
             Execution mode: llap
             Reduce Operator Tree:
diff --git a/ql/src/test/results/clientpositive/llap/union_remove_24.q.out b/ql/src/test/results/clientpositive/llap/union_remove_24.q.out
index 9d9413adc7..857972f2f6 100644
--- a/ql/src/test/results/clientpositive/llap/union_remove_24.q.out
+++ b/ql/src/test/results/clientpositive/llap/union_remove_24.q.out
@@ -81,7 +81,7 @@ STAGE PLANS:
                         Statistics: Num rows: 1 Data size: 184 Basic stats: COMPLETE Column stats: NONE
                         value expressions: _col1 (type: bigint)
             Execution mode: vectorized, llap
-            LLAP IO: no inputs
+            LLAP IO: all inputs
         Reducer 2 
             Execution mode: vectorized, llap
             Reduce Operator Tree:
diff --git a/ql/src/test/results/clientpositive/llap/union_remove_25.q.out b/ql/src/test/results/clientpositive/llap/union_remove_25.q.out
index 12a9a5d978..d36cf0f592 100644
--- a/ql/src/test/results/clientpositive/llap/union_remove_25.q.out
+++ b/ql/src/test/results/clientpositive/llap/union_remove_25.q.out
@@ -97,7 +97,7 @@ STAGE PLANS:
                         Statistics: Num rows: 1 Data size: 184 Basic stats: COMPLETE Column stats: NONE
                         value expressions: _col1 (type: bigint)
             Execution mode: vectorized, llap
-            LLAP IO: no inputs
+            LLAP IO: all inputs
         Reducer 2 
             Execution mode: vectorized, llap
             Reduce Operator Tree:
@@ -274,7 +274,7 @@ STAGE PLANS:
                         TopN Hash Memory Usage: 0.1
                         value expressions: _col0 (type: string), _col1 (type: string)
             Execution mode: vectorized, llap
-            LLAP IO: no inputs
+            LLAP IO: all inputs
         Reducer 2 
             Execution mode: vectorized, llap
             Reduce Operator Tree:
@@ -446,7 +446,7 @@ STAGE PLANS:
                         TopN Hash Memory Usage: 0.1
                         value expressions: _col0 (type: string), _col1 (type: string), _col2 (type: string)
             Execution mode: vectorized, llap
-            LLAP IO: no inputs
+            LLAP IO: all inputs
         Reducer 2 
             Execution mode: vectorized, llap
             Reduce Operator Tree:
diff --git a/ql/src/test/results/clientpositive/llap/union_remove_26.q.out b/ql/src/test/results/clientpositive/llap/union_remove_26.q.out
index 1b68b4bbfc..60ca3895d9 100644
--- a/ql/src/test/results/clientpositive/llap/union_remove_26.q.out
+++ b/ql/src/test/results/clientpositive/llap/union_remove_26.q.out
@@ -177,7 +177,7 @@ STAGE PLANS:
                         Statistics: Num rows: 1 Data size: 16 Basic stats: COMPLETE Column stats: COMPLETE
                         value expressions: _col0 (type: bigint), _col1 (type: int), _col2 (type: int)
             Execution mode: vectorized, llap
-            LLAP IO: no inputs
+            LLAP IO: all inputs
         Map 3 
             Map Operator Tree:
                 TableScan
@@ -199,7 +199,7 @@ STAGE PLANS:
                         Statistics: Num rows: 1 Data size: 20 Basic stats: COMPLETE Column stats: NONE
                         value expressions: _col0 (type: bigint), _col1 (type: int), _col2 (type: int)
             Execution mode: vectorized, llap
-            LLAP IO: no inputs
+            LLAP IO: all inputs
         Map 5 
             Map Operator Tree:
                 TableScan
@@ -221,7 +221,7 @@ STAGE PLANS:
                         Statistics: Num rows: 1 Data size: 16 Basic stats: COMPLETE Column stats: COMPLETE
                         value expressions: _col0 (type: bigint), _col1 (type: int), _col2 (type: int)
             Execution mode: vectorized, llap
-            LLAP IO: no inputs
+            LLAP IO: all inputs
         Reducer 2 
             Execution mode: vectorized, llap
             Reduce Operator Tree:
@@ -422,7 +422,7 @@ STAGE PLANS:
                         Statistics: Num rows: 3 Data size: 303 Basic stats: COMPLETE Column stats: COMPLETE
                         value expressions: _col1 (type: bigint), _col2 (type: int), _col3 (type: int)
             Execution mode: vectorized, llap
-            LLAP IO: no inputs
+            LLAP IO: all inputs
         Map 3 
             Map Operator Tree:
                 TableScan
@@ -447,7 +447,7 @@ STAGE PLANS:
                         Statistics: Num rows: 3 Data size: 303 Basic stats: COMPLETE Column stats: COMPLETE
                         value expressions: _col1 (type: bigint), _col2 (type: int), _col3 (type: int)
             Execution mode: vectorized, llap
-            LLAP IO: no inputs
+            LLAP IO: all inputs
         Map 5 
             Map Operator Tree:
                 TableScan
@@ -472,7 +472,7 @@ STAGE PLANS:
                         Statistics: Num rows: 2 Data size: 202 Basic stats: COMPLETE Column stats: COMPLETE
                         value expressions: _col1 (type: bigint), _col2 (type: int), _col3 (type: int)
             Execution mode: vectorized, llap
-            LLAP IO: no inputs
+            LLAP IO: all inputs
         Reducer 2 
             Execution mode: vectorized, llap
             Reduce Operator Tree:
@@ -608,7 +608,7 @@ STAGE PLANS:
                         Statistics: Num rows: 1 Data size: 16 Basic stats: COMPLETE Column stats: COMPLETE
                         value expressions: _col0 (type: bigint), _col1 (type: int), _col2 (type: int)
             Execution mode: vectorized, llap
-            LLAP IO: no inputs
+            LLAP IO: all inputs
         Map 3 
             Map Operator Tree:
                 TableScan
@@ -630,7 +630,7 @@ STAGE PLANS:
                         Statistics: Num rows: 1 Data size: 16 Basic stats: COMPLETE Column stats: COMPLETE
                         value expressions: _col0 (type: bigint), _col1 (type: int), _col2 (type: int)
             Execution mode: vectorized, llap
-            LLAP IO: no inputs
+            LLAP IO: all inputs
         Map 5 
             Map Operator Tree:
                 TableScan
@@ -652,7 +652,7 @@ STAGE PLANS:
                         Statistics: Num rows: 1 Data size: 16 Basic stats: COMPLETE Column stats: COMPLETE
                         value expressions: _col0 (type: bigint), _col1 (type: int), _col2 (type: int)
             Execution mode: vectorized, llap
-            LLAP IO: no inputs
+            LLAP IO: all inputs
         Reducer 2 
             Execution mode: vectorized, llap
             Reduce Operator Tree:
@@ -785,7 +785,7 @@ STAGE PLANS:
                         Statistics: Num rows: 1 Data size: 16 Basic stats: COMPLETE Column stats: COMPLETE
                         value expressions: _col0 (type: bigint), _col1 (type: int), _col2 (type: int)
             Execution mode: vectorized, llap
-            LLAP IO: no inputs
+            LLAP IO: all inputs
         Map 4 
             Map Operator Tree:
                 TableScan
@@ -807,7 +807,7 @@ STAGE PLANS:
                         Statistics: Num rows: 1 Data size: 16 Basic stats: COMPLETE Column stats: COMPLETE
                         value expressions: _col0 (type: bigint), _col1 (type: int), _col2 (type: int)
             Execution mode: vectorized, llap
-            LLAP IO: no inputs
+            LLAP IO: all inputs
         Map 6 
             Map Operator Tree:
                 TableScan
@@ -829,7 +829,7 @@ STAGE PLANS:
                         Statistics: Num rows: 1 Data size: 16 Basic stats: COMPLETE Column stats: COMPLETE
                         value expressions: _col0 (type: bigint), _col1 (type: int), _col2 (type: int)
             Execution mode: vectorized, llap
-            LLAP IO: no inputs
+            LLAP IO: all inputs
         Reducer 2 
             Execution mode: vectorized, llap
             Reduce Operator Tree:
diff --git a/ql/src/test/results/clientpositive/llap/union_remove_3.q.out b/ql/src/test/results/clientpositive/llap/union_remove_3.q.out
index b7a60c4984..5ad7e30e0e 100644
--- a/ql/src/test/results/clientpositive/llap/union_remove_3.q.out
+++ b/ql/src/test/results/clientpositive/llap/union_remove_3.q.out
@@ -85,7 +85,7 @@ STAGE PLANS:
                             serde: org.apache.hadoop.hive.serde2.lazy.LazySimpleSerDe
                             name: default.outputtbl1_n23
             Execution mode: vectorized, llap
-            LLAP IO: no inputs
+            LLAP IO: all inputs
         Map 3 
             Map Operator Tree:
                 TableScan
@@ -108,7 +108,7 @@ STAGE PLANS:
                             serde: org.apache.hadoop.hive.serde2.lazy.LazySimpleSerDe
                             name: default.outputtbl1_n23
             Execution mode: vectorized, llap
-            LLAP IO: no inputs
+            LLAP IO: all inputs
         Map 4 
             Map Operator Tree:
                 TableScan
@@ -131,7 +131,7 @@ STAGE PLANS:
                             serde: org.apache.hadoop.hive.serde2.lazy.LazySimpleSerDe
                             name: default.outputtbl1_n23
             Execution mode: vectorized, llap
-            LLAP IO: no inputs
+            LLAP IO: all inputs
         Union 2 
             Vertex: Union 2
 
diff --git a/ql/src/test/results/clientpositive/llap/union_remove_4.q.out b/ql/src/test/results/clientpositive/llap/union_remove_4.q.out
index 95f3f5b19f..f2316c8e9b 100644
--- a/ql/src/test/results/clientpositive/llap/union_remove_4.q.out
+++ b/ql/src/test/results/clientpositive/llap/union_remove_4.q.out
@@ -81,7 +81,7 @@ STAGE PLANS:
                         Statistics: Num rows: 1 Data size: 184 Basic stats: COMPLETE Column stats: NONE
                         value expressions: _col1 (type: bigint)
             Execution mode: vectorized, llap
-            LLAP IO: no inputs
+            LLAP IO: all inputs
         Reducer 2 
             Execution mode: vectorized, llap
             Reduce Operator Tree:
diff --git a/ql/src/test/results/clientpositive/llap/union_remove_5.q.out b/ql/src/test/results/clientpositive/llap/union_remove_5.q.out
index 2f34d978a5..e903ec3716 100644
--- a/ql/src/test/results/clientpositive/llap/union_remove_5.q.out
+++ b/ql/src/test/results/clientpositive/llap/union_remove_5.q.out
@@ -109,7 +109,7 @@ STAGE PLANS:
                           serde: org.apache.hadoop.hive.serde2.lazy.LazySimpleSerDe
                           name: default.outputtbl1_n6
             Execution mode: vectorized, llap
-            LLAP IO: no inputs
+            LLAP IO: all inputs
         Reducer 2 
             Execution mode: vectorized, llap
             Reduce Operator Tree:
diff --git a/ql/src/test/results/clientpositive/llap/union_remove_6.q.out b/ql/src/test/results/clientpositive/llap/union_remove_6.q.out
index 99db987271..810fcf2955 100644
--- a/ql/src/test/results/clientpositive/llap/union_remove_6.q.out
+++ b/ql/src/test/results/clientpositive/llap/union_remove_6.q.out
@@ -93,7 +93,7 @@ STAGE PLANS:
                         Statistics: Num rows: 1 Data size: 184 Basic stats: COMPLETE Column stats: NONE
                         value expressions: _col1 (type: bigint)
             Execution mode: vectorized, llap
-            LLAP IO: no inputs
+            LLAP IO: all inputs
         Map 4 
             Map Operator Tree:
                 TableScan
@@ -118,7 +118,7 @@ STAGE PLANS:
                         Statistics: Num rows: 1 Data size: 184 Basic stats: COMPLETE Column stats: NONE
                         value expressions: _col1 (type: bigint)
             Execution mode: vectorized, llap
-            LLAP IO: no inputs
+            LLAP IO: all inputs
         Reducer 2 
             Execution mode: vectorized, llap
             Reduce Operator Tree:
diff --git a/ql/src/test/results/clientpositive/llap/union_remove_6_subq.q.out b/ql/src/test/results/clientpositive/llap/union_remove_6_subq.q.out
index fb6ec1131c..033091a178 100644
--- a/ql/src/test/results/clientpositive/llap/union_remove_6_subq.q.out
+++ b/ql/src/test/results/clientpositive/llap/union_remove_6_subq.q.out
@@ -97,7 +97,7 @@ STAGE PLANS:
                         Statistics: Num rows: 1 Data size: 184 Basic stats: COMPLETE Column stats: NONE
                         value expressions: _col1 (type: bigint)
             Execution mode: vectorized, llap
-            LLAP IO: no inputs
+            LLAP IO: all inputs
         Map 4 
             Map Operator Tree:
                 TableScan
@@ -122,7 +122,7 @@ STAGE PLANS:
                         Statistics: Num rows: 1 Data size: 184 Basic stats: COMPLETE Column stats: NONE
                         value expressions: _col1 (type: bigint)
             Execution mode: vectorized, llap
-            LLAP IO: no inputs
+            LLAP IO: all inputs
         Reducer 2 
             Execution mode: vectorized, llap
             Reduce Operator Tree:
@@ -316,7 +316,7 @@ STAGE PLANS:
                         Statistics: Num rows: 1 Data size: 8 Basic stats: COMPLETE Column stats: COMPLETE
                         value expressions: _col0 (type: bigint)
             Execution mode: vectorized, llap
-            LLAP IO: no inputs
+            LLAP IO: all inputs
         Map 5 
             Map Operator Tree:
                 TableScan
@@ -336,7 +336,7 @@ STAGE PLANS:
                         Statistics: Num rows: 1 Data size: 8 Basic stats: COMPLETE Column stats: COMPLETE
                         value expressions: _col0 (type: bigint)
             Execution mode: vectorized, llap
-            LLAP IO: no inputs
+            LLAP IO: all inputs
         Reducer 2 
             Execution mode: vectorized, llap
             Reduce Operator Tree:
@@ -482,7 +482,7 @@ STAGE PLANS:
                         Statistics: Num rows: 250 Data size: 23750 Basic stats: COMPLETE Column stats: COMPLETE
                         value expressions: _col1 (type: bigint)
             Execution mode: vectorized, llap
-            LLAP IO: no inputs
+            LLAP IO: all inputs
         Map 5 
             Map Operator Tree:
                 TableScan
@@ -507,7 +507,7 @@ STAGE PLANS:
                         Statistics: Num rows: 250 Data size: 23750 Basic stats: COMPLETE Column stats: COMPLETE
                         value expressions: _col1 (type: bigint)
             Execution mode: vectorized, llap
-            LLAP IO: no inputs
+            LLAP IO: all inputs
         Reducer 2 
             Execution mode: vectorized, llap
             Reduce Operator Tree:
diff --git a/ql/src/test/results/clientpositive/llap/union_remove_7.q.out b/ql/src/test/results/clientpositive/llap/union_remove_7.q.out
index 2f0c512c09..ad1dbe9aed 100644
--- a/ql/src/test/results/clientpositive/llap/union_remove_7.q.out
+++ b/ql/src/test/results/clientpositive/llap/union_remove_7.q.out
@@ -81,7 +81,7 @@ STAGE PLANS:
                         Statistics: Num rows: 1 Data size: 184 Basic stats: COMPLETE Column stats: NONE
                         value expressions: _col1 (type: bigint)
             Execution mode: vectorized, llap
-            LLAP IO: no inputs
+            LLAP IO: all inputs
         Reducer 2 
             Execution mode: vectorized, llap
             Reduce Operator Tree:
diff --git a/ql/src/test/results/clientpositive/llap/union_remove_8.q.out b/ql/src/test/results/clientpositive/llap/union_remove_8.q.out
index 91d2924270..91d444dac2 100644
--- a/ql/src/test/results/clientpositive/llap/union_remove_8.q.out
+++ b/ql/src/test/results/clientpositive/llap/union_remove_8.q.out
@@ -109,7 +109,7 @@ STAGE PLANS:
                           serde: org.apache.hadoop.hive.serde2.columnar.ColumnarSerDe
                           name: default.outputtbl1_n12
             Execution mode: vectorized, llap
-            LLAP IO: no inputs
+            LLAP IO: all inputs
         Reducer 2 
             Execution mode: vectorized, llap
             Reduce Operator Tree:
diff --git a/ql/src/test/results/clientpositive/llap/union_remove_9.q.out b/ql/src/test/results/clientpositive/llap/union_remove_9.q.out
index c9b1d55beb..e26c5fe48b 100644
--- a/ql/src/test/results/clientpositive/llap/union_remove_9.q.out
+++ b/ql/src/test/results/clientpositive/llap/union_remove_9.q.out
@@ -91,7 +91,7 @@ STAGE PLANS:
                         Statistics: Num rows: 1 Data size: 184 Basic stats: COMPLETE Column stats: NONE
                         value expressions: _col1 (type: bigint)
             Execution mode: vectorized, llap
-            LLAP IO: no inputs
+            LLAP IO: all inputs
         Map 3 
             Map Operator Tree:
                 TableScan
@@ -114,7 +114,7 @@ STAGE PLANS:
                             serde: org.apache.hadoop.hive.serde2.columnar.ColumnarSerDe
                             name: default.outputtbl1_n22
             Execution mode: vectorized, llap
-            LLAP IO: no inputs
+            LLAP IO: all inputs
         Map 5 
             Map Operator Tree:
                 TableScan
@@ -137,7 +137,7 @@ STAGE PLANS:
                             serde: org.apache.hadoop.hive.serde2.columnar.ColumnarSerDe
                             name: default.outputtbl1_n22
             Execution mode: vectorized, llap
-            LLAP IO: no inputs
+            LLAP IO: all inputs
         Reducer 2 
             Execution mode: vectorized, llap
             Reduce Operator Tree:
diff --git a/ql/src/test/results/clientpositive/llap/union_remove_plan.q.out b/ql/src/test/results/clientpositive/llap/union_remove_plan.q.out
index 070c24b1ed..057f24b5bb 100644
--- a/ql/src/test/results/clientpositive/llap/union_remove_plan.q.out
+++ b/ql/src/test/results/clientpositive/llap/union_remove_plan.q.out
@@ -64,7 +64,7 @@ STAGE PLANS:
                         Map-reduce partition columns: _col0 (type: string)
                         Statistics: Num rows: 1 Data size: 85 Basic stats: COMPLETE Column stats: COMPLETE
             Execution mode: vectorized, llap
-            LLAP IO: no inputs
+            LLAP IO: all inputs
         Reducer 2 
             Execution mode: vectorized, llap
             Reduce Operator Tree:
diff --git a/ql/src/test/results/clientpositive/llap/union_top_level.q.out b/ql/src/test/results/clientpositive/llap/union_top_level.q.out
index a467244a30..f4a5d832d5 100644
--- a/ql/src/test/results/clientpositive/llap/union_top_level.q.out
+++ b/ql/src/test/results/clientpositive/llap/union_top_level.q.out
@@ -53,7 +53,7 @@ STAGE PLANS:
                           TopN Hash Memory Usage: 0.1
                           value expressions: _col0 (type: string)
             Execution mode: vectorized, llap
-            LLAP IO: no inputs
+            LLAP IO: all inputs
         Map 4 
             Map Operator Tree:
                 TableScan
@@ -77,7 +77,7 @@ STAGE PLANS:
                           TopN Hash Memory Usage: 0.1
                           value expressions: _col0 (type: string)
             Execution mode: vectorized, llap
-            LLAP IO: no inputs
+            LLAP IO: all inputs
         Map 6 
             Map Operator Tree:
                 TableScan
@@ -101,7 +101,7 @@ STAGE PLANS:
                           TopN Hash Memory Usage: 0.1
                           value expressions: _col0 (type: string)
             Execution mode: vectorized, llap
-            LLAP IO: no inputs
+            LLAP IO: all inputs
         Reducer 2 
             Execution mode: vectorized, llap
             Reduce Operator Tree:
@@ -256,7 +256,7 @@ STAGE PLANS:
                         Statistics: Num rows: 500 Data size: 89000 Basic stats: COMPLETE Column stats: COMPLETE
                         value expressions: _col1 (type: string)
             Execution mode: vectorized, llap
-            LLAP IO: no inputs
+            LLAP IO: all inputs
         Map 7 
             Map Operator Tree:
                 TableScan
@@ -283,7 +283,7 @@ STAGE PLANS:
                         Map-reduce partition columns: _col0 (type: string)
                         Statistics: Num rows: 500 Data size: 43500 Basic stats: COMPLETE Column stats: COMPLETE
             Execution mode: vectorized, llap
-            LLAP IO: no inputs
+            LLAP IO: all inputs
         Reducer 2 
             Execution mode: llap
             Reduce Operator Tree:
@@ -476,7 +476,7 @@ STAGE PLANS:
                           TopN Hash Memory Usage: 0.1
                           value expressions: _col0 (type: string)
             Execution mode: vectorized, llap
-            LLAP IO: no inputs
+            LLAP IO: all inputs
         Map 5 
             Map Operator Tree:
                 TableScan
@@ -500,7 +500,7 @@ STAGE PLANS:
                           TopN Hash Memory Usage: 0.1
                           value expressions: _col0 (type: string)
             Execution mode: vectorized, llap
-            LLAP IO: no inputs
+            LLAP IO: all inputs
         Map 7 
             Map Operator Tree:
                 TableScan
@@ -524,7 +524,7 @@ STAGE PLANS:
                           TopN Hash Memory Usage: 0.1
                           value expressions: _col0 (type: string)
             Execution mode: vectorized, llap
-            LLAP IO: no inputs
+            LLAP IO: all inputs
         Reducer 2 
             Execution mode: llap
             Reduce Operator Tree:
@@ -788,7 +788,7 @@ STAGE PLANS:
                           TopN Hash Memory Usage: 0.1
                           value expressions: _col0 (type: string)
             Execution mode: vectorized, llap
-            LLAP IO: no inputs
+            LLAP IO: all inputs
         Map 5 
             Map Operator Tree:
                 TableScan
@@ -812,7 +812,7 @@ STAGE PLANS:
                           TopN Hash Memory Usage: 0.1
                           value expressions: _col0 (type: string)
             Execution mode: vectorized, llap
-            LLAP IO: no inputs
+            LLAP IO: all inputs
         Map 7 
             Map Operator Tree:
                 TableScan
@@ -836,7 +836,7 @@ STAGE PLANS:
                           TopN Hash Memory Usage: 0.1
                           value expressions: _col0 (type: string)
             Execution mode: vectorized, llap
-            LLAP IO: no inputs
+            LLAP IO: all inputs
         Reducer 2 
             Execution mode: llap
             Reduce Operator Tree:
@@ -1088,7 +1088,7 @@ STAGE PLANS:
                           TopN Hash Memory Usage: 0.1
                           value expressions: _col0 (type: string)
             Execution mode: vectorized, llap
-            LLAP IO: no inputs
+            LLAP IO: all inputs
         Map 5 
             Map Operator Tree:
                 TableScan
@@ -1112,7 +1112,7 @@ STAGE PLANS:
                           TopN Hash Memory Usage: 0.1
                           value expressions: _col0 (type: string)
             Execution mode: vectorized, llap
-            LLAP IO: no inputs
+            LLAP IO: all inputs
         Map 7 
             Map Operator Tree:
                 TableScan
@@ -1136,7 +1136,7 @@ STAGE PLANS:
                           TopN Hash Memory Usage: 0.1
                           value expressions: _col0 (type: string)
             Execution mode: vectorized, llap
-            LLAP IO: no inputs
+            LLAP IO: all inputs
         Reducer 2 
             Execution mode: llap
             Reduce Operator Tree:
diff --git a/ql/src/test/results/clientpositive/llap/union_view.q.out b/ql/src/test/results/clientpositive/llap/union_view.q.out
index 929d76458b..168e8050c8 100644
--- a/ql/src/test/results/clientpositive/llap/union_view.q.out
+++ b/ql/src/test/results/clientpositive/llap/union_view.q.out
@@ -153,7 +153,7 @@ STAGE PLANS:
                               output format: org.apache.hadoop.hive.ql.io.HiveSequenceFileOutputFormat
                               serde: org.apache.hadoop.hive.serde2.lazy.LazySimpleSerDe
             Execution mode: vectorized, llap
-            LLAP IO: no inputs
+            LLAP IO: all inputs
         Map 3 
             Map Operator Tree:
                 TableScan
@@ -280,7 +280,7 @@ STAGE PLANS:
                               output format: org.apache.hadoop.hive.ql.io.HiveSequenceFileOutputFormat
                               serde: org.apache.hadoop.hive.serde2.lazy.LazySimpleSerDe
             Execution mode: vectorized, llap
-            LLAP IO: no inputs
+            LLAP IO: all inputs
         Map 4 
             Map Operator Tree:
                 TableScan
@@ -407,7 +407,7 @@ STAGE PLANS:
                               output format: org.apache.hadoop.hive.ql.io.HiveSequenceFileOutputFormat
                               serde: org.apache.hadoop.hive.serde2.lazy.LazySimpleSerDe
             Execution mode: vectorized, llap
-            LLAP IO: no inputs
+            LLAP IO: all inputs
         Union 2 
             Vertex: Union 2
 
@@ -456,7 +456,7 @@ STAGE PLANS:
                               output format: org.apache.hadoop.hive.ql.io.HiveSequenceFileOutputFormat
                               serde: org.apache.hadoop.hive.serde2.lazy.LazySimpleSerDe
             Execution mode: vectorized, llap
-            LLAP IO: no inputs
+            LLAP IO: all inputs
         Map 3 
             Map Operator Tree:
                 TableScan
@@ -482,7 +482,7 @@ STAGE PLANS:
                               output format: org.apache.hadoop.hive.ql.io.HiveSequenceFileOutputFormat
                               serde: org.apache.hadoop.hive.serde2.lazy.LazySimpleSerDe
             Execution mode: vectorized, llap
-            LLAP IO: no inputs
+            LLAP IO: all inputs
         Map 4 
             Map Operator Tree:
                 TableScan
@@ -508,7 +508,7 @@ STAGE PLANS:
                               output format: org.apache.hadoop.hive.ql.io.HiveSequenceFileOutputFormat
                               serde: org.apache.hadoop.hive.serde2.lazy.LazySimpleSerDe
             Execution mode: vectorized, llap
-            LLAP IO: no inputs
+            LLAP IO: all inputs
         Union 2 
             Vertex: Union 2
 
@@ -565,7 +565,7 @@ STAGE PLANS:
                           Statistics: Num rows: 1 Data size: 8 Basic stats: COMPLETE Column stats: COMPLETE
                           value expressions: _col0 (type: bigint)
             Execution mode: vectorized, llap
-            LLAP IO: no inputs
+            LLAP IO: all inputs
         Map 4 
             Map Operator Tree:
                 TableScan
@@ -705,7 +705,7 @@ STAGE PLANS:
                           Statistics: Num rows: 1 Data size: 8 Basic stats: COMPLETE Column stats: COMPLETE
                           value expressions: _col0 (type: bigint)
             Execution mode: vectorized, llap
-            LLAP IO: no inputs
+            LLAP IO: all inputs
         Map 5 
             Map Operator Tree:
                 TableScan
@@ -845,7 +845,7 @@ STAGE PLANS:
                           Statistics: Num rows: 1 Data size: 8 Basic stats: COMPLETE Column stats: COMPLETE
                           value expressions: _col0 (type: bigint)
             Execution mode: vectorized, llap
-            LLAP IO: no inputs
+            LLAP IO: all inputs
         Reducer 3 
             Execution mode: vectorized, llap
             Reduce Operator Tree:
@@ -964,7 +964,7 @@ STAGE PLANS:
                               output format: org.apache.hadoop.hive.ql.io.HiveSequenceFileOutputFormat
                               serde: org.apache.hadoop.hive.serde2.lazy.LazySimpleSerDe
             Execution mode: vectorized, llap
-            LLAP IO: no inputs
+            LLAP IO: all inputs
         Union 2 
             Vertex: Union 2
 
@@ -1064,7 +1064,7 @@ STAGE PLANS:
                           Statistics: Num rows: 1 Data size: 8 Basic stats: COMPLETE Column stats: COMPLETE
                           value expressions: _col0 (type: bigint)
             Execution mode: vectorized, llap
-            LLAP IO: no inputs
+            LLAP IO: all inputs
         Reducer 3 
             Execution mode: vectorized, llap
             Reduce Operator Tree:
diff --git a/ql/src/test/results/clientpositive/llap/unionall_unbalancedppd.q.out b/ql/src/test/results/clientpositive/llap/unionall_unbalancedppd.q.out
index d4bedf4d62..7696878084 100644
--- a/ql/src/test/results/clientpositive/llap/unionall_unbalancedppd.q.out
+++ b/ql/src/test/results/clientpositive/llap/unionall_unbalancedppd.q.out
@@ -380,7 +380,7 @@ STAGE PLANS:
                               output format: org.apache.hadoop.hive.ql.io.HiveSequenceFileOutputFormat
                               serde: org.apache.hadoop.hive.serde2.lazy.LazySimpleSerDe
             Execution mode: vectorized, llap
-            LLAP IO: no inputs
+            LLAP IO: all inputs
         Map 3 
             Map Operator Tree:
                 TableScan
@@ -404,7 +404,7 @@ STAGE PLANS:
                               output format: org.apache.hadoop.hive.ql.io.HiveSequenceFileOutputFormat
                               serde: org.apache.hadoop.hive.serde2.lazy.LazySimpleSerDe
             Execution mode: vectorized, llap
-            LLAP IO: no inputs
+            LLAP IO: all inputs
         Union 2 
             Vertex: Union 2
 
diff --git a/ql/src/test/results/clientpositive/llap/vector_case_when_2.q.out b/ql/src/test/results/clientpositive/llap/vector_case_when_2.q.out
index 518eb07df1..cd190a8452 100644
--- a/ql/src/test/results/clientpositive/llap/vector_case_when_2.q.out
+++ b/ql/src/test/results/clientpositive/llap/vector_case_when_2.q.out
@@ -1007,7 +1007,7 @@ STAGE PLANS:
                         Statistics: Num rows: 6 Data size: 24 Basic stats: COMPLETE Column stats: NONE
                         value expressions: _col1 (type: decimal(11,1))
             Execution mode: vectorized, llap
-            LLAP IO: no inputs
+            LLAP IO: all inputs
             Map Vectorization:
                 enabled: true
                 enabledConditionsMet: hive.vectorized.use.vector.serde.deserialize IS true
@@ -1151,7 +1151,7 @@ STAGE PLANS:
                         Statistics: Num rows: 6 Data size: 24 Basic stats: COMPLETE Column stats: NONE
                         value expressions: _col1 (type: decimal(11,1))
             Execution mode: vectorized, llap
-            LLAP IO: no inputs
+            LLAP IO: all inputs
             Map Vectorization:
                 enabled: true
                 enabledConditionsMet: hive.vectorized.use.vector.serde.deserialize IS true
@@ -1295,7 +1295,7 @@ STAGE PLANS:
                         Statistics: Num rows: 6 Data size: 24 Basic stats: COMPLETE Column stats: NONE
                         value expressions: _col1 (type: decimal(11,1))
             Execution mode: vectorized, llap
-            LLAP IO: no inputs
+            LLAP IO: all inputs
             Map Vectorization:
                 enabled: true
                 enabledConditionsMet: hive.vectorized.use.vector.serde.deserialize IS true
@@ -1439,7 +1439,7 @@ STAGE PLANS:
                         Statistics: Num rows: 6 Data size: 24 Basic stats: COMPLETE Column stats: NONE
                         value expressions: _col1 (type: decimal(11,1))
             Execution mode: vectorized, llap
-            LLAP IO: no inputs
+            LLAP IO: all inputs
             Map Vectorization:
                 enabled: true
                 enabledConditionsMet: hive.vectorized.use.vector.serde.deserialize IS true
diff --git a/ql/src/test/results/clientpositive/llap/vector_char_varchar_1.q.out b/ql/src/test/results/clientpositive/llap/vector_char_varchar_1.q.out
index 7667c9eb2a..c7bcceb230 100644
--- a/ql/src/test/results/clientpositive/llap/vector_char_varchar_1.q.out
+++ b/ql/src/test/results/clientpositive/llap/vector_char_varchar_1.q.out
@@ -91,7 +91,7 @@ STAGE PLANS:
                           Statistics: Num rows: 1 Data size: 494 Basic stats: COMPLETE Column stats: NONE
                           value expressions: _col0 (type: int), _col1 (type: int), _col2 (type: bigint), _col3 (type: bigint), _col4 (type: binary), _col5 (type: int), _col6 (type: struct<count:bigint,sum:double,input:int>), _col7 (type: bigint), _col8 (type: binary)
             Execution mode: llap
-            LLAP IO: no inputs
+            LLAP IO: all inputs
             Map Vectorization:
                 enabled: true
                 enabledConditionsMet: hive.vectorized.use.vector.serde.deserialize IS true
@@ -269,7 +269,7 @@ STAGE PLANS:
                           Statistics: Num rows: 1 Data size: 494 Basic stats: COMPLETE Column stats: NONE
                           value expressions: _col0 (type: int), _col1 (type: int), _col2 (type: bigint), _col3 (type: bigint), _col4 (type: binary), _col5 (type: int), _col6 (type: struct<count:bigint,sum:double,input:int>), _col7 (type: bigint), _col8 (type: binary)
             Execution mode: llap
-            LLAP IO: no inputs
+            LLAP IO: all inputs
             Map Vectorization:
                 enabled: true
                 enabledConditionsMet: hive.vectorized.use.vector.serde.deserialize IS true
diff --git a/ql/src/test/results/clientpositive/llap/vector_create_struct_table.q.out b/ql/src/test/results/clientpositive/llap/vector_create_struct_table.q.out
index 4a669cf0a0..a20a242edc 100644
--- a/ql/src/test/results/clientpositive/llap/vector_create_struct_table.q.out
+++ b/ql/src/test/results/clientpositive/llap/vector_create_struct_table.q.out
@@ -78,7 +78,7 @@ STAGE PLANS:
                             output format: org.apache.hadoop.hive.ql.io.HiveSequenceFileOutputFormat
                             serde: org.apache.hadoop.hive.serde2.lazy.LazySimpleSerDe
             Execution mode: vectorized, llap
-            LLAP IO: no inputs
+            LLAP IO: all inputs
             Map Vectorization:
                 enabled: true
                 enabledConditionsMet: hive.vectorized.use.vector.serde.deserialize IS true
@@ -193,7 +193,7 @@ STAGE PLANS:
                             output format: org.apache.hadoop.hive.ql.io.HiveSequenceFileOutputFormat
                             serde: org.apache.hadoop.hive.serde2.lazy.LazySimpleSerDe
             Execution mode: vectorized, llap
-            LLAP IO: no inputs
+            LLAP IO: all inputs
             Map Vectorization:
                 enabled: true
                 enabledConditionsMet: hive.vectorized.use.vector.serde.deserialize IS true
@@ -308,7 +308,7 @@ STAGE PLANS:
                             output format: org.apache.hadoop.hive.ql.io.HiveSequenceFileOutputFormat
                             serde: org.apache.hadoop.hive.serde2.lazy.LazySimpleSerDe
             Execution mode: vectorized, llap
-            LLAP IO: no inputs
+            LLAP IO: all inputs
             Map Vectorization:
                 enabled: true
                 enabledConditionsMet: hive.vectorized.use.vector.serde.deserialize IS true
diff --git a/ql/src/test/results/clientpositive/llap/vector_decimal_10_0.q.out b/ql/src/test/results/clientpositive/llap/vector_decimal_10_0.q.out
index 2f3ffd71e5..be4bdd07cb 100644
--- a/ql/src/test/results/clientpositive/llap/vector_decimal_10_0.q.out
+++ b/ql/src/test/results/clientpositive/llap/vector_decimal_10_0.q.out
@@ -206,7 +206,7 @@ STAGE PLANS:
                           nativeConditionsMet: hive.vectorized.execution.reducesink.new.enabled IS true, hive.execution.engine tez IN [tez, spark] IS true, No PTF TopN IS true, No DISTINCT columns IS true, BinarySortableSerDe for keys IS true, LazyBinarySerDe for values IS true
                       Statistics: Num rows: 1 Data size: 112 Basic stats: COMPLETE Column stats: NONE
             Execution mode: vectorized, llap
-            LLAP IO: no inputs
+            LLAP IO: all inputs
             Map Vectorization:
                 enabled: true
                 enabledConditionsMet: hive.vectorized.use.vector.serde.deserialize IS true
diff --git a/ql/src/test/results/clientpositive/llap/vector_decimal_aggregate.q.out b/ql/src/test/results/clientpositive/llap/vector_decimal_aggregate.q.out
index a5a07fa95e..e721655503 100644
--- a/ql/src/test/results/clientpositive/llap/vector_decimal_aggregate.q.out
+++ b/ql/src/test/results/clientpositive/llap/vector_decimal_aggregate.q.out
@@ -519,7 +519,7 @@ STAGE PLANS:
                         Statistics: Num rows: 6105 Data size: 4267312 Basic stats: COMPLETE Column stats: COMPLETE
                         value expressions: _col1 (type: bigint), _col2 (type: decimal(11,5)), _col3 (type: decimal(11,5)), _col4 (type: decimal(21,5)), _col5 (type: bigint), _col6 (type: decimal(16,0)), _col7 (type: decimal(16,0)), _col8 (type: decimal(26,0)), _col9 (type: bigint)
             Execution mode: vectorized, llap
-            LLAP IO: no inputs
+            LLAP IO: all inputs
             Map Vectorization:
                 enabled: true
                 enabledConditionsMet: hive.vectorized.use.vector.serde.deserialize IS true
@@ -724,7 +724,7 @@ STAGE PLANS:
                         Statistics: Num rows: 6105 Data size: 4462672 Basic stats: COMPLETE Column stats: COMPLETE
                         value expressions: _col1 (type: bigint), _col2 (type: decimal(11,5)), _col3 (type: decimal(11,5)), _col4 (type: decimal(21,5)), _col5 (type: double), _col6 (type: double), _col7 (type: bigint), _col8 (type: decimal(16,0)), _col9 (type: decimal(16,0)), _col10 (type: decimal(26,0)), _col11 (type: double), _col12 (type: double), _col13 (type: bigint)
             Execution mode: vectorized, llap
-            LLAP IO: no inputs
+            LLAP IO: all inputs
             Map Vectorization:
                 enabled: true
                 enabledConditionsMet: hive.vectorized.use.vector.serde.deserialize IS true
diff --git a/ql/src/test/results/clientpositive/llap/vector_decimal_cast.q.out b/ql/src/test/results/clientpositive/llap/vector_decimal_cast.q.out
index 6153137539..ce5f40c15c 100644
--- a/ql/src/test/results/clientpositive/llap/vector_decimal_cast.q.out
+++ b/ql/src/test/results/clientpositive/llap/vector_decimal_cast.q.out
@@ -189,7 +189,7 @@ STAGE PLANS:
                               output format: org.apache.hadoop.hive.ql.io.HiveSequenceFileOutputFormat
                               serde: org.apache.hadoop.hive.serde2.lazy.LazySimpleSerDe
             Execution mode: vectorized, llap
-            LLAP IO: no inputs
+            LLAP IO: all inputs
             Map Vectorization:
                 enabled: true
                 enabledConditionsMet: hive.vectorized.use.vector.serde.deserialize IS true
diff --git a/ql/src/test/results/clientpositive/llap/vector_decimal_col_scalar_division.q.out b/ql/src/test/results/clientpositive/llap/vector_decimal_col_scalar_division.q.out
index f1398fbb30..2d7344d951 100644
--- a/ql/src/test/results/clientpositive/llap/vector_decimal_col_scalar_division.q.out
+++ b/ql/src/test/results/clientpositive/llap/vector_decimal_col_scalar_division.q.out
@@ -103,7 +103,7 @@ STAGE PLANS:
                         Statistics: Num rows: 1 Data size: 560 Basic stats: COMPLETE Column stats: NONE
                         value expressions: _col0 (type: decimal(14,6))
             Execution mode: vectorized, llap
-            LLAP IO: no inputs
+            LLAP IO: all inputs
             Map Vectorization:
                 enabled: true
                 enabledConditionsMet: hive.vectorized.use.vector.serde.deserialize IS true
diff --git a/ql/src/test/results/clientpositive/llap/vector_decimal_join.q.out b/ql/src/test/results/clientpositive/llap/vector_decimal_join.q.out
index 63a5c87561..98d62d5d0b 100644
--- a/ql/src/test/results/clientpositive/llap/vector_decimal_join.q.out
+++ b/ql/src/test/results/clientpositive/llap/vector_decimal_join.q.out
@@ -110,7 +110,7 @@ STAGE PLANS:
                             Statistics: Num rows: 1 Data size: 112 Basic stats: COMPLETE Column stats: NONE
                             value expressions: _col0 (type: decimal(17,2))
             Execution mode: vectorized, llap
-            LLAP IO: no inputs
+            LLAP IO: all inputs
             Map Vectorization:
                 enabled: true
                 enabledConditionsMet: hive.vectorized.use.vector.serde.deserialize IS true
@@ -162,7 +162,7 @@ STAGE PLANS:
                             nativeConditionsMet: hive.vectorized.execution.reducesink.new.enabled IS true, hive.execution.engine tez IN [tez, spark] IS true, No PTF TopN IS true, No DISTINCT columns IS true, BinarySortableSerDe for keys IS true, LazyBinarySerDe for values IS true
                         Statistics: Num rows: 1 Data size: 4 Basic stats: COMPLETE Column stats: NONE
             Execution mode: vectorized, llap
-            LLAP IO: no inputs
+            LLAP IO: all inputs
             Map Vectorization:
                 enabled: true
                 enabledConditionsMet: hive.vectorized.use.vector.serde.deserialize IS true
diff --git a/ql/src/test/results/clientpositive/llap/vector_decimal_mapjoin.q.out b/ql/src/test/results/clientpositive/llap/vector_decimal_mapjoin.q.out
index 010d966f2a..5aef46adab 100644
--- a/ql/src/test/results/clientpositive/llap/vector_decimal_mapjoin.q.out
+++ b/ql/src/test/results/clientpositive/llap/vector_decimal_mapjoin.q.out
@@ -810,7 +810,7 @@ STAGE PLANS:
                               output format: org.apache.hadoop.hive.ql.io.HiveSequenceFileOutputFormat
                               serde: org.apache.hadoop.hive.serde2.lazy.LazySimpleSerDe
             Execution mode: vectorized, llap
-            LLAP IO: no inputs
+            LLAP IO: all inputs
             Map Vectorization:
                 enabled: true
                 enabledConditionsMet: hive.vectorized.use.vector.serde.deserialize IS true
@@ -862,7 +862,7 @@ STAGE PLANS:
                             nativeConditionsMet: hive.vectorized.execution.reducesink.new.enabled IS true, hive.execution.engine tez IN [tez, spark] IS true, No PTF TopN IS true, No DISTINCT columns IS true, BinarySortableSerDe for keys IS true, LazyBinarySerDe for values IS true
                         Statistics: Num rows: 997 Data size: 106235 Basic stats: COMPLETE Column stats: NONE
             Execution mode: vectorized, llap
-            LLAP IO: no inputs
+            LLAP IO: all inputs
             Map Vectorization:
                 enabled: true
                 enabledConditionsMet: hive.vectorized.use.vector.serde.deserialize IS true
@@ -1098,7 +1098,7 @@ STAGE PLANS:
                               output format: org.apache.hadoop.hive.ql.io.HiveSequenceFileOutputFormat
                               serde: org.apache.hadoop.hive.serde2.lazy.LazySimpleSerDe
             Execution mode: vectorized, llap
-            LLAP IO: no inputs
+            LLAP IO: all inputs
             Map Vectorization:
                 enabled: true
                 enabledConditionsMet: hive.vectorized.use.vector.serde.deserialize IS true
@@ -1152,7 +1152,7 @@ STAGE PLANS:
                         Statistics: Num rows: 997 Data size: 212470 Basic stats: COMPLETE Column stats: NONE
                         value expressions: _col1 (type: decimal(14,0))
             Execution mode: vectorized, llap
-            LLAP IO: no inputs
+            LLAP IO: all inputs
             Map Vectorization:
                 enabled: true
                 enabledConditionsMet: hive.vectorized.use.vector.serde.deserialize IS true
@@ -1386,7 +1386,7 @@ STAGE PLANS:
                               output format: org.apache.hadoop.hive.ql.io.HiveSequenceFileOutputFormat
                               serde: org.apache.hadoop.hive.serde2.lazy.LazySimpleSerDe
             Execution mode: vectorized, llap
-            LLAP IO: no inputs
+            LLAP IO: all inputs
             Map Vectorization:
                 enabled: true
                 enabledConditionsMet: hive.vectorized.use.vector.serde.deserialize IS true
@@ -1439,7 +1439,7 @@ STAGE PLANS:
                             nativeConditionsMet: hive.vectorized.execution.reducesink.new.enabled IS true, hive.execution.engine tez IN [tez, spark] IS true, No PTF TopN IS true, No DISTINCT columns IS true, BinarySortableSerDe for keys IS true, LazyBinarySerDe for values IS true
                         Statistics: Num rows: 997 Data size: 106235 Basic stats: COMPLETE Column stats: NONE
             Execution mode: vectorized, llap
-            LLAP IO: no inputs
+            LLAP IO: all inputs
             Map Vectorization:
                 enabled: true
                 enabledConditionsMet: hive.vectorized.use.vector.serde.deserialize IS true
@@ -1675,7 +1675,7 @@ STAGE PLANS:
                               output format: org.apache.hadoop.hive.ql.io.HiveSequenceFileOutputFormat
                               serde: org.apache.hadoop.hive.serde2.lazy.LazySimpleSerDe
             Execution mode: vectorized, llap
-            LLAP IO: no inputs
+            LLAP IO: all inputs
             Map Vectorization:
                 enabled: true
                 enabledConditionsMet: hive.vectorized.use.vector.serde.deserialize IS true
@@ -1730,7 +1730,7 @@ STAGE PLANS:
                         Statistics: Num rows: 997 Data size: 212470 Basic stats: COMPLETE Column stats: NONE
                         value expressions: _col1 (type: decimal(14,0))
             Execution mode: vectorized, llap
-            LLAP IO: no inputs
+            LLAP IO: all inputs
             Map Vectorization:
                 enabled: true
                 enabledConditionsMet: hive.vectorized.use.vector.serde.deserialize IS true
diff --git a/ql/src/test/results/clientpositive/llap/vector_decimal_precision.q.out b/ql/src/test/results/clientpositive/llap/vector_decimal_precision.q.out
index b21100fc05..d23eb2572d 100644
--- a/ql/src/test/results/clientpositive/llap/vector_decimal_precision.q.out
+++ b/ql/src/test/results/clientpositive/llap/vector_decimal_precision.q.out
@@ -1237,7 +1237,7 @@ STAGE PLANS:
                         Statistics: Num rows: 1 Data size: 232 Basic stats: COMPLETE Column stats: NONE
                         value expressions: _col0 (type: decimal(30,10)), _col1 (type: bigint)
             Execution mode: vectorized, llap
-            LLAP IO: no inputs
+            LLAP IO: all inputs
             Map Vectorization:
                 enabled: true
                 enabledConditionsMet: hive.vectorized.use.vector.serde.deserialize IS true
diff --git a/ql/src/test/results/clientpositive/llap/vector_decimal_round.q.out b/ql/src/test/results/clientpositive/llap/vector_decimal_round.q.out
index bfce1be686..21b8177059 100644
--- a/ql/src/test/results/clientpositive/llap/vector_decimal_round.q.out
+++ b/ql/src/test/results/clientpositive/llap/vector_decimal_round.q.out
@@ -86,7 +86,7 @@ STAGE PLANS:
                       Statistics: Num rows: 1 Data size: 224 Basic stats: COMPLETE Column stats: COMPLETE
                       value expressions: _col1 (type: decimal(11,0))
             Execution mode: vectorized, llap
-            LLAP IO: no inputs
+            LLAP IO: all inputs
             Map Vectorization:
                 enabled: true
                 enabledConditionsMet: hive.vectorized.use.vector.serde.deserialize IS true
@@ -208,7 +208,7 @@ STAGE PLANS:
                       Statistics: Num rows: 1 Data size: 336 Basic stats: COMPLETE Column stats: COMPLETE
                       value expressions: _col0 (type: decimal(10,0))
             Execution mode: vectorized, llap
-            LLAP IO: no inputs
+            LLAP IO: all inputs
             Map Vectorization:
                 enabled: true
                 enabledConditionsMet: hive.vectorized.use.vector.serde.deserialize IS true
diff --git a/ql/src/test/results/clientpositive/llap/vector_decimal_udf.q.out b/ql/src/test/results/clientpositive/llap/vector_decimal_udf.q.out
index fd04e6bbc3..26099ecb6f 100644
--- a/ql/src/test/results/clientpositive/llap/vector_decimal_udf.q.out
+++ b/ql/src/test/results/clientpositive/llap/vector_decimal_udf.q.out
@@ -4234,7 +4234,7 @@ STAGE PLANS:
                           output format: org.apache.hadoop.hive.ql.io.HiveSequenceFileOutputFormat
                           serde: org.apache.hadoop.hive.serde2.lazy.LazySimpleSerDe
             Execution mode: vectorized, llap
-            LLAP IO: no inputs
+            LLAP IO: all inputs
             Map Vectorization:
                 enabled: true
                 enabledConditionsMet: hive.vectorized.use.vector.serde.deserialize IS true
@@ -4355,7 +4355,7 @@ STAGE PLANS:
                           output format: org.apache.hadoop.hive.ql.io.HiveSequenceFileOutputFormat
                           serde: org.apache.hadoop.hive.serde2.lazy.LazySimpleSerDe
             Execution mode: vectorized, llap
-            LLAP IO: no inputs
+            LLAP IO: all inputs
             Map Vectorization:
                 enabled: true
                 enabledConditionsMet: hive.vectorized.use.vector.serde.deserialize IS true
@@ -4476,7 +4476,7 @@ STAGE PLANS:
                           output format: org.apache.hadoop.hive.ql.io.HiveSequenceFileOutputFormat
                           serde: org.apache.hadoop.hive.serde2.lazy.LazySimpleSerDe
             Execution mode: vectorized, llap
-            LLAP IO: no inputs
+            LLAP IO: all inputs
             Map Vectorization:
                 enabled: true
                 enabledConditionsMet: hive.vectorized.use.vector.serde.deserialize IS true
@@ -4597,7 +4597,7 @@ STAGE PLANS:
                           output format: org.apache.hadoop.hive.ql.io.HiveSequenceFileOutputFormat
                           serde: org.apache.hadoop.hive.serde2.lazy.LazySimpleSerDe
             Execution mode: vectorized, llap
-            LLAP IO: no inputs
+            LLAP IO: all inputs
             Map Vectorization:
                 enabled: true
                 enabledConditionsMet: hive.vectorized.use.vector.serde.deserialize IS true
@@ -4718,7 +4718,7 @@ STAGE PLANS:
                           output format: org.apache.hadoop.hive.ql.io.HiveSequenceFileOutputFormat
                           serde: org.apache.hadoop.hive.serde2.lazy.LazySimpleSerDe
             Execution mode: vectorized, llap
-            LLAP IO: no inputs
+            LLAP IO: all inputs
             Map Vectorization:
                 enabled: true
                 enabledConditionsMet: hive.vectorized.use.vector.serde.deserialize IS true
@@ -4839,7 +4839,7 @@ STAGE PLANS:
                           output format: org.apache.hadoop.hive.ql.io.HiveSequenceFileOutputFormat
                           serde: org.apache.hadoop.hive.serde2.lazy.LazySimpleSerDe
             Execution mode: vectorized, llap
-            LLAP IO: no inputs
+            LLAP IO: all inputs
             Map Vectorization:
                 enabled: true
                 enabledConditionsMet: hive.vectorized.use.vector.serde.deserialize IS true
@@ -4960,7 +4960,7 @@ STAGE PLANS:
                           output format: org.apache.hadoop.hive.ql.io.HiveSequenceFileOutputFormat
                           serde: org.apache.hadoop.hive.serde2.lazy.LazySimpleSerDe
             Execution mode: vectorized, llap
-            LLAP IO: no inputs
+            LLAP IO: all inputs
             Map Vectorization:
                 enabled: true
                 enabledConditionsMet: hive.vectorized.use.vector.serde.deserialize IS true
@@ -5081,7 +5081,7 @@ STAGE PLANS:
                           output format: org.apache.hadoop.hive.ql.io.HiveSequenceFileOutputFormat
                           serde: org.apache.hadoop.hive.serde2.lazy.LazySimpleSerDe
             Execution mode: vectorized, llap
-            LLAP IO: no inputs
+            LLAP IO: all inputs
             Map Vectorization:
                 enabled: true
                 enabledConditionsMet: hive.vectorized.use.vector.serde.deserialize IS true
@@ -5202,7 +5202,7 @@ STAGE PLANS:
                           output format: org.apache.hadoop.hive.ql.io.HiveSequenceFileOutputFormat
                           serde: org.apache.hadoop.hive.serde2.lazy.LazySimpleSerDe
             Execution mode: vectorized, llap
-            LLAP IO: no inputs
+            LLAP IO: all inputs
             Map Vectorization:
                 enabled: true
                 enabledConditionsMet: hive.vectorized.use.vector.serde.deserialize IS true
@@ -5330,7 +5330,7 @@ STAGE PLANS:
                             output format: org.apache.hadoop.hive.ql.io.HiveSequenceFileOutputFormat
                             serde: org.apache.hadoop.hive.serde2.lazy.LazySimpleSerDe
             Execution mode: vectorized, llap
-            LLAP IO: no inputs
+            LLAP IO: all inputs
             Map Vectorization:
                 enabled: true
                 enabledConditionsMet: hive.vectorized.use.vector.serde.deserialize IS true
@@ -5435,7 +5435,7 @@ STAGE PLANS:
                           output format: org.apache.hadoop.hive.ql.io.HiveSequenceFileOutputFormat
                           serde: org.apache.hadoop.hive.serde2.lazy.LazySimpleSerDe
             Execution mode: vectorized, llap
-            LLAP IO: no inputs
+            LLAP IO: all inputs
             Map Vectorization:
                 enabled: true
                 enabledConditionsMet: hive.vectorized.use.vector.serde.deserialize IS true
@@ -5556,7 +5556,7 @@ STAGE PLANS:
                           output format: org.apache.hadoop.hive.ql.io.HiveSequenceFileOutputFormat
                           serde: org.apache.hadoop.hive.serde2.lazy.LazySimpleSerDe
             Execution mode: vectorized, llap
-            LLAP IO: no inputs
+            LLAP IO: all inputs
             Map Vectorization:
                 enabled: true
                 enabledConditionsMet: hive.vectorized.use.vector.serde.deserialize IS true
@@ -5677,7 +5677,7 @@ STAGE PLANS:
                           output format: org.apache.hadoop.hive.ql.io.HiveSequenceFileOutputFormat
                           serde: org.apache.hadoop.hive.serde2.lazy.LazySimpleSerDe
             Execution mode: vectorized, llap
-            LLAP IO: no inputs
+            LLAP IO: all inputs
             Map Vectorization:
                 enabled: true
                 enabledConditionsMet: hive.vectorized.use.vector.serde.deserialize IS true
@@ -5798,7 +5798,7 @@ STAGE PLANS:
                           output format: org.apache.hadoop.hive.ql.io.HiveSequenceFileOutputFormat
                           serde: org.apache.hadoop.hive.serde2.lazy.LazySimpleSerDe
             Execution mode: vectorized, llap
-            LLAP IO: no inputs
+            LLAP IO: all inputs
             Map Vectorization:
                 enabled: true
                 enabledConditionsMet: hive.vectorized.use.vector.serde.deserialize IS true
@@ -5927,7 +5927,7 @@ STAGE PLANS:
                             output format: org.apache.hadoop.hive.ql.io.HiveSequenceFileOutputFormat
                             serde: org.apache.hadoop.hive.serde2.lazy.LazySimpleSerDe
             Execution mode: vectorized, llap
-            LLAP IO: no inputs
+            LLAP IO: all inputs
             Map Vectorization:
                 enabled: true
                 enabledConditionsMet: hive.vectorized.use.vector.serde.deserialize IS true
@@ -6051,7 +6051,7 @@ STAGE PLANS:
                             output format: org.apache.hadoop.hive.ql.io.HiveSequenceFileOutputFormat
                             serde: org.apache.hadoop.hive.serde2.lazy.LazySimpleSerDe
             Execution mode: vectorized, llap
-            LLAP IO: no inputs
+            LLAP IO: all inputs
             Map Vectorization:
                 enabled: true
                 enabledConditionsMet: hive.vectorized.use.vector.serde.deserialize IS true
@@ -6165,7 +6165,7 @@ STAGE PLANS:
                             output format: org.apache.hadoop.hive.ql.io.HiveSequenceFileOutputFormat
                             serde: org.apache.hadoop.hive.serde2.lazy.LazySimpleSerDe
             Execution mode: vectorized, llap
-            LLAP IO: no inputs
+            LLAP IO: all inputs
             Map Vectorization:
                 enabled: true
                 enabledConditionsMet: hive.vectorized.use.vector.serde.deserialize IS true
@@ -6271,7 +6271,7 @@ STAGE PLANS:
                           output format: org.apache.hadoop.hive.ql.io.HiveSequenceFileOutputFormat
                           serde: org.apache.hadoop.hive.serde2.lazy.LazySimpleSerDe
             Execution mode: vectorized, llap
-            LLAP IO: no inputs
+            LLAP IO: all inputs
             Map Vectorization:
                 enabled: true
                 enabledConditionsMet: hive.vectorized.use.vector.serde.deserialize IS true
@@ -6392,7 +6392,7 @@ STAGE PLANS:
                           output format: org.apache.hadoop.hive.ql.io.HiveSequenceFileOutputFormat
                           serde: org.apache.hadoop.hive.serde2.lazy.LazySimpleSerDe
             Execution mode: vectorized, llap
-            LLAP IO: no inputs
+            LLAP IO: all inputs
             Map Vectorization:
                 enabled: true
                 enabledConditionsMet: hive.vectorized.use.vector.serde.deserialize IS true
@@ -6534,7 +6534,7 @@ STAGE PLANS:
                         Statistics: Num rows: 1 Data size: 116 Basic stats: COMPLETE Column stats: NONE
                         value expressions: _col1 (type: decimal(25,3)), _col2 (type: bigint)
             Execution mode: vectorized, llap
-            LLAP IO: no inputs
+            LLAP IO: all inputs
             Map Vectorization:
                 enabled: true
                 enabledConditionsMet: hive.vectorized.use.vector.serde.deserialize IS true
@@ -6719,7 +6719,7 @@ STAGE PLANS:
                           output format: org.apache.hadoop.hive.ql.io.HiveSequenceFileOutputFormat
                           serde: org.apache.hadoop.hive.serde2.lazy.LazySimpleSerDe
             Execution mode: vectorized, llap
-            LLAP IO: no inputs
+            LLAP IO: all inputs
             Map Vectorization:
                 enabled: true
                 enabledConditionsMet: hive.vectorized.use.vector.serde.deserialize IS true
@@ -6899,7 +6899,7 @@ STAGE PLANS:
                           output format: org.apache.hadoop.hive.ql.io.HiveSequenceFileOutputFormat
                           serde: org.apache.hadoop.hive.serde2.lazy.LazySimpleSerDe
             Execution mode: vectorized, llap
-            LLAP IO: no inputs
+            LLAP IO: all inputs
 
   Stage: Stage-0
     Fetch Operator
@@ -7005,7 +7005,7 @@ STAGE PLANS:
                           output format: org.apache.hadoop.hive.ql.io.HiveSequenceFileOutputFormat
                           serde: org.apache.hadoop.hive.serde2.lazy.LazySimpleSerDe
             Execution mode: vectorized, llap
-            LLAP IO: no inputs
+            LLAP IO: all inputs
             Map Vectorization:
                 enabled: true
                 enabledConditionsMet: hive.vectorized.use.vector.serde.deserialize IS true
@@ -7126,7 +7126,7 @@ STAGE PLANS:
                           output format: org.apache.hadoop.hive.ql.io.HiveSequenceFileOutputFormat
                           serde: org.apache.hadoop.hive.serde2.lazy.LazySimpleSerDe
             Execution mode: vectorized, llap
-            LLAP IO: no inputs
+            LLAP IO: all inputs
             Map Vectorization:
                 enabled: true
                 enabledConditionsMet: hive.vectorized.use.vector.serde.deserialize IS true
@@ -7247,7 +7247,7 @@ STAGE PLANS:
                           output format: org.apache.hadoop.hive.ql.io.HiveSequenceFileOutputFormat
                           serde: org.apache.hadoop.hive.serde2.lazy.LazySimpleSerDe
             Execution mode: vectorized, llap
-            LLAP IO: no inputs
+            LLAP IO: all inputs
             Map Vectorization:
                 enabled: true
                 enabledConditionsMet: hive.vectorized.use.vector.serde.deserialize IS true
@@ -7368,7 +7368,7 @@ STAGE PLANS:
                           output format: org.apache.hadoop.hive.ql.io.HiveSequenceFileOutputFormat
                           serde: org.apache.hadoop.hive.serde2.lazy.LazySimpleSerDe
             Execution mode: vectorized, llap
-            LLAP IO: no inputs
+            LLAP IO: all inputs
             Map Vectorization:
                 enabled: true
                 enabledConditionsMet: hive.vectorized.use.vector.serde.deserialize IS true
@@ -7510,7 +7510,7 @@ STAGE PLANS:
                         Statistics: Num rows: 1 Data size: 116 Basic stats: COMPLETE Column stats: NONE
                         value expressions: _col1 (type: double), _col2 (type: double), _col3 (type: bigint)
             Execution mode: vectorized, llap
-            LLAP IO: no inputs
+            LLAP IO: all inputs
             Map Vectorization:
                 enabled: true
                 enabledConditionsMet: hive.vectorized.use.vector.serde.deserialize IS true
@@ -7680,7 +7680,7 @@ STAGE PLANS:
                         Statistics: Num rows: 1 Data size: 116 Basic stats: COMPLETE Column stats: NONE
                         value expressions: _col1 (type: double), _col2 (type: double), _col3 (type: bigint)
             Execution mode: vectorized, llap
-            LLAP IO: no inputs
+            LLAP IO: all inputs
             Map Vectorization:
                 enabled: true
                 enabledConditionsMet: hive.vectorized.use.vector.serde.deserialize IS true
@@ -7825,7 +7825,7 @@ STAGE PLANS:
                         Statistics: Num rows: 1 Data size: 272 Basic stats: COMPLETE Column stats: NONE
                         value expressions: _col0 (type: array<double>)
             Execution mode: llap
-            LLAP IO: no inputs
+            LLAP IO: all inputs
             Map Vectorization:
                 enabled: true
                 enabledConditionsMet: hive.vectorized.use.vector.serde.deserialize IS true
@@ -7934,7 +7934,7 @@ STAGE PLANS:
                         Statistics: Num rows: 1 Data size: 224 Basic stats: COMPLETE Column stats: NONE
                         value expressions: _col0 (type: decimal(15,3))
             Execution mode: vectorized, llap
-            LLAP IO: no inputs
+            LLAP IO: all inputs
             Map Vectorization:
                 enabled: true
                 enabledConditionsMet: hive.vectorized.use.vector.serde.deserialize IS true
@@ -8070,7 +8070,7 @@ STAGE PLANS:
                         Statistics: Num rows: 1 Data size: 224 Basic stats: COMPLETE Column stats: NONE
                         value expressions: _col0 (type: decimal(15,3))
             Execution mode: vectorized, llap
-            LLAP IO: no inputs
+            LLAP IO: all inputs
             Map Vectorization:
                 enabled: true
                 enabledConditionsMet: hive.vectorized.use.vector.serde.deserialize IS true
@@ -8206,7 +8206,7 @@ STAGE PLANS:
                         Statistics: Num rows: 1 Data size: 120 Basic stats: COMPLETE Column stats: NONE
                         value expressions: _col0 (type: bigint)
             Execution mode: vectorized, llap
-            LLAP IO: no inputs
+            LLAP IO: all inputs
             Map Vectorization:
                 enabled: true
                 enabledConditionsMet: hive.vectorized.use.vector.serde.deserialize IS true
diff --git a/ql/src/test/results/clientpositive/llap/vector_decimal_udf2.q.out b/ql/src/test/results/clientpositive/llap/vector_decimal_udf2.q.out
index 6b1859bfa5..44424d3556 100644
--- a/ql/src/test/results/clientpositive/llap/vector_decimal_udf2.q.out
+++ b/ql/src/test/results/clientpositive/llap/vector_decimal_udf2.q.out
@@ -353,7 +353,7 @@ STAGE PLANS:
                             output format: org.apache.hadoop.hive.ql.io.HiveSequenceFileOutputFormat
                             serde: org.apache.hadoop.hive.serde2.lazy.LazySimpleSerDe
             Execution mode: vectorized, llap
-            LLAP IO: no inputs
+            LLAP IO: all inputs
             Map Vectorization:
                 enabled: true
                 enabledConditionsMet: hive.vectorized.use.vector.serde.deserialize IS true
@@ -467,7 +467,7 @@ STAGE PLANS:
                             output format: org.apache.hadoop.hive.ql.io.HiveSequenceFileOutputFormat
                             serde: org.apache.hadoop.hive.serde2.lazy.LazySimpleSerDe
             Execution mode: vectorized, llap
-            LLAP IO: no inputs
+            LLAP IO: all inputs
             Map Vectorization:
                 enabled: true
                 enabledConditionsMet: hive.vectorized.use.vector.serde.deserialize IS true
diff --git a/ql/src/test/results/clientpositive/llap/vector_fullouter_mapjoin_1_fast.q.out b/ql/src/test/results/clientpositive/llap/vector_fullouter_mapjoin_1_fast.q.out
index 6d0536e256..8c55641be9 100644
--- a/ql/src/test/results/clientpositive/llap/vector_fullouter_mapjoin_1_fast.q.out
+++ b/ql/src/test/results/clientpositive/llap/vector_fullouter_mapjoin_1_fast.q.out
@@ -1089,7 +1089,7 @@ STAGE PLANS:
                           nativeConditionsMet: hive.vectorized.execution.reducesink.new.enabled IS true, hive.execution.engine tez IN [tez, spark] IS true, No PTF TopN IS true, No DISTINCT columns IS true, BinarySortableSerDe for keys IS true, LazyBinarySerDe for values IS true
                       Statistics: Num rows: 13 Data size: 63 Basic stats: COMPLETE Column stats: NONE
             Execution mode: vectorized, llap
-            LLAP IO: no inputs
+            LLAP IO: all inputs
             Map Vectorization:
                 enabled: true
                 enabledConditionsMet: hive.vectorized.use.vector.serde.deserialize IS true
@@ -1135,7 +1135,7 @@ STAGE PLANS:
                       Statistics: Num rows: 72 Data size: 2208 Basic stats: COMPLETE Column stats: NONE
                       value expressions: _col1 (type: timestamp)
             Execution mode: vectorized, llap
-            LLAP IO: no inputs
+            LLAP IO: all inputs
             Map Vectorization:
                 enabled: true
                 enabledConditionsMet: hive.vectorized.use.vector.serde.deserialize IS true
@@ -1470,7 +1470,7 @@ STAGE PLANS:
                       Statistics: Num rows: 11 Data size: 173 Basic stats: COMPLETE Column stats: NONE
                       value expressions: _col1 (type: string)
             Execution mode: vectorized, llap
-            LLAP IO: no inputs
+            LLAP IO: all inputs
             Map Vectorization:
                 enabled: true
                 enabledConditionsMet: hive.vectorized.use.vector.serde.deserialize IS true
@@ -1516,7 +1516,7 @@ STAGE PLANS:
                       Statistics: Num rows: 81 Data size: 1703 Basic stats: COMPLETE Column stats: NONE
                       value expressions: _col1 (type: decimal(38,18))
             Execution mode: vectorized, llap
-            LLAP IO: no inputs
+            LLAP IO: all inputs
             Map Vectorization:
                 enabled: true
                 enabledConditionsMet: hive.vectorized.use.vector.serde.deserialize IS true
@@ -1858,7 +1858,7 @@ STAGE PLANS:
                           nativeConditionsMet: hive.vectorized.execution.reducesink.new.enabled IS true, hive.execution.engine tez IN [tez, spark] IS true, No PTF TopN IS true, No DISTINCT columns IS true, BinarySortableSerDe for keys IS true, LazyBinarySerDe for values IS true
                       Statistics: Num rows: 12 Data size: 106 Basic stats: COMPLETE Column stats: NONE
             Execution mode: vectorized, llap
-            LLAP IO: no inputs
+            LLAP IO: all inputs
             Map Vectorization:
                 enabled: true
                 enabledConditionsMet: hive.vectorized.use.vector.serde.deserialize IS true
@@ -1902,7 +1902,7 @@ STAGE PLANS:
                           nativeConditionsMet: hive.vectorized.execution.reducesink.new.enabled IS true, hive.execution.engine tez IN [tez, spark] IS true, No PTF TopN IS true, No DISTINCT columns IS true, BinarySortableSerDe for keys IS true, LazyBinarySerDe for values IS true
                       Statistics: Num rows: 39 Data size: 381 Basic stats: COMPLETE Column stats: NONE
             Execution mode: vectorized, llap
-            LLAP IO: no inputs
+            LLAP IO: all inputs
             Map Vectorization:
                 enabled: true
                 enabledConditionsMet: hive.vectorized.use.vector.serde.deserialize IS true
diff --git a/ql/src/test/results/clientpositive/llap/vector_fullouter_mapjoin_1_optimized.q.out b/ql/src/test/results/clientpositive/llap/vector_fullouter_mapjoin_1_optimized.q.out
index 61bd4f2771..354b38b1db 100644
--- a/ql/src/test/results/clientpositive/llap/vector_fullouter_mapjoin_1_optimized.q.out
+++ b/ql/src/test/results/clientpositive/llap/vector_fullouter_mapjoin_1_optimized.q.out
@@ -1089,7 +1089,7 @@ STAGE PLANS:
                           nativeConditionsMet: hive.vectorized.execution.reducesink.new.enabled IS true, hive.execution.engine tez IN [tez, spark] IS true, No PTF TopN IS true, No DISTINCT columns IS true, BinarySortableSerDe for keys IS true, LazyBinarySerDe for values IS true
                       Statistics: Num rows: 13 Data size: 63 Basic stats: COMPLETE Column stats: NONE
             Execution mode: vectorized, llap
-            LLAP IO: no inputs
+            LLAP IO: all inputs
             Map Vectorization:
                 enabled: true
                 enabledConditionsMet: hive.vectorized.use.vector.serde.deserialize IS true
@@ -1135,7 +1135,7 @@ STAGE PLANS:
                       Statistics: Num rows: 72 Data size: 2208 Basic stats: COMPLETE Column stats: NONE
                       value expressions: _col1 (type: timestamp)
             Execution mode: vectorized, llap
-            LLAP IO: no inputs
+            LLAP IO: all inputs
             Map Vectorization:
                 enabled: true
                 enabledConditionsMet: hive.vectorized.use.vector.serde.deserialize IS true
@@ -1470,7 +1470,7 @@ STAGE PLANS:
                       Statistics: Num rows: 11 Data size: 173 Basic stats: COMPLETE Column stats: NONE
                       value expressions: _col1 (type: string)
             Execution mode: vectorized, llap
-            LLAP IO: no inputs
+            LLAP IO: all inputs
             Map Vectorization:
                 enabled: true
                 enabledConditionsMet: hive.vectorized.use.vector.serde.deserialize IS true
@@ -1516,7 +1516,7 @@ STAGE PLANS:
                       Statistics: Num rows: 81 Data size: 1703 Basic stats: COMPLETE Column stats: NONE
                       value expressions: _col1 (type: decimal(38,18))
             Execution mode: vectorized, llap
-            LLAP IO: no inputs
+            LLAP IO: all inputs
             Map Vectorization:
                 enabled: true
                 enabledConditionsMet: hive.vectorized.use.vector.serde.deserialize IS true
@@ -1858,7 +1858,7 @@ STAGE PLANS:
                           nativeConditionsMet: hive.vectorized.execution.reducesink.new.enabled IS true, hive.execution.engine tez IN [tez, spark] IS true, No PTF TopN IS true, No DISTINCT columns IS true, BinarySortableSerDe for keys IS true, LazyBinarySerDe for values IS true
                       Statistics: Num rows: 12 Data size: 106 Basic stats: COMPLETE Column stats: NONE
             Execution mode: vectorized, llap
-            LLAP IO: no inputs
+            LLAP IO: all inputs
             Map Vectorization:
                 enabled: true
                 enabledConditionsMet: hive.vectorized.use.vector.serde.deserialize IS true
@@ -1902,7 +1902,7 @@ STAGE PLANS:
                           nativeConditionsMet: hive.vectorized.execution.reducesink.new.enabled IS true, hive.execution.engine tez IN [tez, spark] IS true, No PTF TopN IS true, No DISTINCT columns IS true, BinarySortableSerDe for keys IS true, LazyBinarySerDe for values IS true
                       Statistics: Num rows: 39 Data size: 381 Basic stats: COMPLETE Column stats: NONE
             Execution mode: vectorized, llap
-            LLAP IO: no inputs
+            LLAP IO: all inputs
             Map Vectorization:
                 enabled: true
                 enabledConditionsMet: hive.vectorized.use.vector.serde.deserialize IS true
diff --git a/ql/src/test/results/clientpositive/llap/vector_fullouter_mapjoin_1_optimized_passthru.q.out b/ql/src/test/results/clientpositive/llap/vector_fullouter_mapjoin_1_optimized_passthru.q.out
index aab87ebb13..33506bd8a2 100644
--- a/ql/src/test/results/clientpositive/llap/vector_fullouter_mapjoin_1_optimized_passthru.q.out
+++ b/ql/src/test/results/clientpositive/llap/vector_fullouter_mapjoin_1_optimized_passthru.q.out
@@ -1086,7 +1086,7 @@ STAGE PLANS:
                           nativeConditionsMet: hive.vectorized.execution.reducesink.new.enabled IS true, hive.execution.engine tez IN [tez, spark] IS true, No PTF TopN IS true, No DISTINCT columns IS true, BinarySortableSerDe for keys IS true, LazyBinarySerDe for values IS true
                       Statistics: Num rows: 13 Data size: 63 Basic stats: COMPLETE Column stats: NONE
             Execution mode: vectorized, llap
-            LLAP IO: no inputs
+            LLAP IO: all inputs
             Map Vectorization:
                 enabled: true
                 enabledConditionsMet: hive.vectorized.use.vector.serde.deserialize IS true
@@ -1132,7 +1132,7 @@ STAGE PLANS:
                       Statistics: Num rows: 72 Data size: 2208 Basic stats: COMPLETE Column stats: NONE
                       value expressions: _col1 (type: timestamp)
             Execution mode: vectorized, llap
-            LLAP IO: no inputs
+            LLAP IO: all inputs
             Map Vectorization:
                 enabled: true
                 enabledConditionsMet: hive.vectorized.use.vector.serde.deserialize IS true
@@ -1464,7 +1464,7 @@ STAGE PLANS:
                       Statistics: Num rows: 11 Data size: 173 Basic stats: COMPLETE Column stats: NONE
                       value expressions: _col1 (type: string)
             Execution mode: vectorized, llap
-            LLAP IO: no inputs
+            LLAP IO: all inputs
             Map Vectorization:
                 enabled: true
                 enabledConditionsMet: hive.vectorized.use.vector.serde.deserialize IS true
@@ -1510,7 +1510,7 @@ STAGE PLANS:
                       Statistics: Num rows: 81 Data size: 1703 Basic stats: COMPLETE Column stats: NONE
                       value expressions: _col1 (type: decimal(38,18))
             Execution mode: vectorized, llap
-            LLAP IO: no inputs
+            LLAP IO: all inputs
             Map Vectorization:
                 enabled: true
                 enabledConditionsMet: hive.vectorized.use.vector.serde.deserialize IS true
@@ -1848,7 +1848,7 @@ STAGE PLANS:
                           nativeConditionsMet: hive.vectorized.execution.reducesink.new.enabled IS true, hive.execution.engine tez IN [tez, spark] IS true, No PTF TopN IS true, No DISTINCT columns IS true, BinarySortableSerDe for keys IS true, LazyBinarySerDe for values IS true
                       Statistics: Num rows: 12 Data size: 106 Basic stats: COMPLETE Column stats: NONE
             Execution mode: vectorized, llap
-            LLAP IO: no inputs
+            LLAP IO: all inputs
             Map Vectorization:
                 enabled: true
                 enabledConditionsMet: hive.vectorized.use.vector.serde.deserialize IS true
@@ -1892,7 +1892,7 @@ STAGE PLANS:
                           nativeConditionsMet: hive.vectorized.execution.reducesink.new.enabled IS true, hive.execution.engine tez IN [tez, spark] IS true, No PTF TopN IS true, No DISTINCT columns IS true, BinarySortableSerDe for keys IS true, LazyBinarySerDe for values IS true
                       Statistics: Num rows: 39 Data size: 381 Basic stats: COMPLETE Column stats: NONE
             Execution mode: vectorized, llap
-            LLAP IO: no inputs
+            LLAP IO: all inputs
             Map Vectorization:
                 enabled: true
                 enabledConditionsMet: hive.vectorized.use.vector.serde.deserialize IS true
diff --git a/ql/src/test/results/clientpositive/llap/vector_gather_stats.q.out b/ql/src/test/results/clientpositive/llap/vector_gather_stats.q.out
index 3f0c49788e..64699ddc32 100644
--- a/ql/src/test/results/clientpositive/llap/vector_gather_stats.q.out
+++ b/ql/src/test/results/clientpositive/llap/vector_gather_stats.q.out
@@ -89,7 +89,7 @@ STAGE PLANS:
                 TableScan
                   alias: cd
             Execution mode: llap
-            LLAP IO: no inputs
+            LLAP IO: all inputs
             Map Vectorization:
                 enabled: true
                 enabledConditionsMet: hive.vectorized.use.vector.serde.deserialize IS true
diff --git a/ql/src/test/results/clientpositive/llap/vector_groupby_cube1.q.out b/ql/src/test/results/clientpositive/llap/vector_groupby_cube1.q.out
index 5f98623aec..f1fdda58ab 100644
--- a/ql/src/test/results/clientpositive/llap/vector_groupby_cube1.q.out
+++ b/ql/src/test/results/clientpositive/llap/vector_groupby_cube1.q.out
@@ -85,7 +85,7 @@ STAGE PLANS:
                         Statistics: Num rows: 4 Data size: 1472 Basic stats: COMPLETE Column stats: NONE
                         value expressions: _col3 (type: bigint)
             Execution mode: vectorized, llap
-            LLAP IO: no inputs
+            LLAP IO: all inputs
             Map Vectorization:
                 enabled: true
                 enabledConditionsMet: hive.vectorized.use.vector.serde.deserialize IS true
@@ -228,7 +228,7 @@ STAGE PLANS:
                         Statistics: Num rows: 4 Data size: 1472 Basic stats: COMPLETE Column stats: NONE
                         value expressions: _col3 (type: bigint)
             Execution mode: vectorized, llap
-            LLAP IO: no inputs
+            LLAP IO: all inputs
             Map Vectorization:
                 enabled: true
                 enabledConditionsMet: hive.vectorized.use.vector.serde.deserialize IS true
@@ -397,7 +397,7 @@ STAGE PLANS:
                         Statistics: Num rows: 4 Data size: 1472 Basic stats: COMPLETE Column stats: NONE
                         value expressions: _col3 (type: bigint)
             Execution mode: vectorized, llap
-            LLAP IO: no inputs
+            LLAP IO: all inputs
             Map Vectorization:
                 enabled: true
                 enabledConditionsMet: hive.vectorized.use.vector.serde.deserialize IS true
@@ -543,7 +543,7 @@ STAGE PLANS:
                         Map-reduce partition columns: _col0 (type: string), _col1 (type: bigint)
                         Statistics: Num rows: 2 Data size: 736 Basic stats: COMPLETE Column stats: NONE
             Execution mode: llap
-            LLAP IO: no inputs
+            LLAP IO: all inputs
             Map Vectorization:
                 enabled: true
                 enabledConditionsMet: hive.vectorized.use.vector.serde.deserialize IS true
@@ -670,7 +670,7 @@ STAGE PLANS:
                         Statistics: Num rows: 4 Data size: 1472 Basic stats: COMPLETE Column stats: NONE
                         value expressions: _col3 (type: bigint)
             Execution mode: vectorized, llap
-            LLAP IO: no inputs
+            LLAP IO: all inputs
             Map Vectorization:
                 enabled: true
                 enabledConditionsMet: hive.vectorized.use.vector.serde.deserialize IS true
@@ -862,7 +862,7 @@ STAGE PLANS:
                         Map-reduce partition columns: _col0 (type: string)
                         Statistics: Num rows: 2 Data size: 736 Basic stats: COMPLETE Column stats: NONE
             Execution mode: llap
-            LLAP IO: no inputs
+            LLAP IO: all inputs
             Map Vectorization:
                 enabled: true
                 enabledConditionsMet: hive.vectorized.use.vector.serde.deserialize IS true
@@ -1077,7 +1077,7 @@ STAGE PLANS:
                         Statistics: Num rows: 4 Data size: 1472 Basic stats: COMPLETE Column stats: NONE
                         value expressions: _col3 (type: bigint)
             Execution mode: vectorized, llap
-            LLAP IO: no inputs
+            LLAP IO: all inputs
             Map Vectorization:
                 enabled: true
                 enabledConditionsMet: hive.vectorized.use.vector.serde.deserialize IS true
diff --git a/ql/src/test/results/clientpositive/llap/vector_groupby_mapjoin.q.out b/ql/src/test/results/clientpositive/llap/vector_groupby_mapjoin.q.out
index 5159a7059d..1a8df5a6bc 100644
--- a/ql/src/test/results/clientpositive/llap/vector_groupby_mapjoin.q.out
+++ b/ql/src/test/results/clientpositive/llap/vector_groupby_mapjoin.q.out
@@ -115,7 +115,7 @@ STAGE PLANS:
                                 Statistics: Num rows: 895 Data size: 159310 Basic stats: COMPLETE Column stats: COMPLETE
                                 value expressions: _col1 (type: string)
             Execution mode: vectorized, llap
-            LLAP IO: no inputs
+            LLAP IO: all inputs
             Map Vectorization:
                 enabled: true
                 enabledConditionsMet: hive.vectorized.use.vector.serde.deserialize IS true
@@ -193,7 +193,7 @@ STAGE PLANS:
                         Statistics: Num rows: 1 Data size: 16 Basic stats: COMPLETE Column stats: COMPLETE
                         value expressions: _col0 (type: bigint), _col1 (type: bigint)
             Execution mode: vectorized, llap
-            LLAP IO: no inputs
+            LLAP IO: all inputs
             Map Vectorization:
                 enabled: true
                 enabledConditionsMet: hive.vectorized.use.vector.serde.deserialize IS true
diff --git a/ql/src/test/results/clientpositive/llap/vector_groupby_sort_11.q.out b/ql/src/test/results/clientpositive/llap/vector_groupby_sort_11.q.out
index e64d08517c..d1f7a005dd 100644
--- a/ql/src/test/results/clientpositive/llap/vector_groupby_sort_11.q.out
+++ b/ql/src/test/results/clientpositive/llap/vector_groupby_sort_11.q.out
@@ -100,7 +100,7 @@ STAGE PLANS:
                           Statistics: Num rows: 1 Data size: 8 Basic stats: COMPLETE Column stats: COMPLETE
                           value expressions: _col0 (type: bigint)
             Execution mode: vectorized, llap
-            LLAP IO: no inputs
+            LLAP IO: all inputs
             Map Vectorization:
                 enabled: true
                 enabledConditionsMet: hive.vectorized.use.vector.serde.deserialize IS true
@@ -225,7 +225,7 @@ STAGE PLANS:
                         Statistics: Num rows: 5 Data size: 585 Basic stats: COMPLETE Column stats: COMPLETE
                         value expressions: _col2 (type: bigint), _col3 (type: bigint)
             Execution mode: llap
-            LLAP IO: no inputs
+            LLAP IO: all inputs
             Map Vectorization:
                 enabled: true
                 enabledConditionsMet: hive.vectorized.use.vector.serde.deserialize IS true
@@ -323,7 +323,7 @@ STAGE PLANS:
                         Statistics: Num rows: 5 Data size: 585 Basic stats: COMPLETE Column stats: COMPLETE
                         value expressions: _col2 (type: bigint), _col3 (type: bigint)
             Execution mode: llap
-            LLAP IO: no inputs
+            LLAP IO: all inputs
             Map Vectorization:
                 enabled: true
                 enabledConditionsMet: hive.vectorized.use.vector.serde.deserialize IS true
@@ -431,7 +431,7 @@ STAGE PLANS:
                         Statistics: Num rows: 5 Data size: 585 Basic stats: COMPLETE Column stats: COMPLETE
                         value expressions: _col2 (type: bigint), _col3 (type: bigint)
             Execution mode: llap
-            LLAP IO: no inputs
+            LLAP IO: all inputs
             Map Vectorization:
                 enabled: true
                 enabledConditionsMet: hive.vectorized.use.vector.serde.deserialize IS true
@@ -553,7 +553,7 @@ STAGE PLANS:
                             nativeConditionsMet: hive.vectorized.execution.reducesink.new.enabled IS true, hive.execution.engine tez IN [tez, spark] IS true, No PTF TopN IS true, No DISTINCT columns IS true, BinarySortableSerDe for keys IS true, LazyBinarySerDe for values IS true
                         Statistics: Num rows: 5 Data size: 40 Basic stats: COMPLETE Column stats: COMPLETE
             Execution mode: vectorized, llap
-            LLAP IO: no inputs
+            LLAP IO: all inputs
             Map Vectorization:
                 enabled: true
                 enabledConditionsMet: hive.vectorized.use.vector.serde.deserialize IS true
@@ -745,7 +745,7 @@ STAGE PLANS:
                             nativeConditionsMet: hive.vectorized.execution.reducesink.new.enabled IS true, hive.execution.engine tez IN [tez, spark] IS true, No PTF TopN IS true, No DISTINCT columns IS true, BinarySortableSerDe for keys IS true, LazyBinarySerDe for values IS true
                         Statistics: Num rows: 1 Data size: 4 Basic stats: COMPLETE Column stats: COMPLETE
             Execution mode: vectorized, llap
-            LLAP IO: no inputs
+            LLAP IO: all inputs
             Map Vectorization:
                 enabled: true
                 enabledConditionsMet: hive.vectorized.use.vector.serde.deserialize IS true
@@ -932,7 +932,7 @@ STAGE PLANS:
                           nativeConditionsMet: hive.vectorized.execution.reducesink.new.enabled IS true, hive.execution.engine tez IN [tez, spark] IS true, No PTF TopN IS true, No DISTINCT columns IS true, BinarySortableSerDe for keys IS true, LazyBinarySerDe for values IS true
                       Statistics: Num rows: 10 Data size: 850 Basic stats: COMPLETE Column stats: COMPLETE
             Execution mode: vectorized, llap
-            LLAP IO: no inputs
+            LLAP IO: all inputs
             Map Vectorization:
                 enabled: true
                 enabledConditionsMet: hive.vectorized.use.vector.serde.deserialize IS true
diff --git a/ql/src/test/results/clientpositive/llap/vector_groupby_sort_8.q.out b/ql/src/test/results/clientpositive/llap/vector_groupby_sort_8.q.out
index 0ae84aa689..31b41153c6 100644
--- a/ql/src/test/results/clientpositive/llap/vector_groupby_sort_8.q.out
+++ b/ql/src/test/results/clientpositive/llap/vector_groupby_sort_8.q.out
@@ -109,7 +109,7 @@ STAGE PLANS:
                           Statistics: Num rows: 1 Data size: 192 Basic stats: COMPLETE Column stats: NONE
                           value expressions: _col0 (type: bigint)
             Execution mode: vectorized, llap
-            LLAP IO: no inputs
+            LLAP IO: all inputs
             Map Vectorization:
                 enabled: true
                 enabledConditionsMet: hive.vectorized.use.vector.serde.deserialize IS true
diff --git a/ql/src/test/results/clientpositive/llap/vector_identity_reuse.q.out b/ql/src/test/results/clientpositive/llap/vector_identity_reuse.q.out
index 1a77bce86c..e66143dcd7 100644
--- a/ql/src/test/results/clientpositive/llap/vector_identity_reuse.q.out
+++ b/ql/src/test/results/clientpositive/llap/vector_identity_reuse.q.out
@@ -259,7 +259,7 @@ STAGE PLANS:
                                     Statistics: Num rows: 1 Data size: 12 Basic stats: COMPLETE Column stats: COMPLETE
                                     value expressions: _col1 (type: int), _col2 (type: int)
             Execution mode: vectorized, llap
-            LLAP IO: no inputs
+            LLAP IO: all inputs
             Map Vectorization:
                 enabled: true
                 enabledConditionsMet: hive.vectorized.use.vector.serde.deserialize IS true
@@ -314,7 +314,7 @@ STAGE PLANS:
                         Statistics: Num rows: 1 Data size: 12 Basic stats: COMPLETE Column stats: COMPLETE
                         value expressions: _col0 (type: int), _col1 (type: smallint), _col2 (type: int)
             Execution mode: vectorized, llap
-            LLAP IO: no inputs
+            LLAP IO: all inputs
             Map Vectorization:
                 enabled: true
                 enabledConditionsMet: hive.vectorized.use.vector.serde.deserialize IS true
@@ -361,7 +361,7 @@ STAGE PLANS:
                             nativeConditionsMet: hive.vectorized.execution.reducesink.new.enabled IS true, hive.execution.engine tez IN [tez, spark] IS true, No PTF TopN IS true, No DISTINCT columns IS true, BinarySortableSerDe for keys IS true, LazyBinarySerDe for values IS true
                         Statistics: Num rows: 1 Data size: 8 Basic stats: COMPLETE Column stats: COMPLETE
             Execution mode: vectorized, llap
-            LLAP IO: no inputs
+            LLAP IO: all inputs
             Map Vectorization:
                 enabled: true
                 enabledConditionsMet: hive.vectorized.use.vector.serde.deserialize IS true
diff --git a/ql/src/test/results/clientpositive/llap/vector_list_constant.q.out b/ql/src/test/results/clientpositive/llap/vector_list_constant.q.out
index 13804f3c0f..b2d19eefce 100644
--- a/ql/src/test/results/clientpositive/llap/vector_list_constant.q.out
+++ b/ql/src/test/results/clientpositive/llap/vector_list_constant.q.out
@@ -96,7 +96,7 @@ STAGE PLANS:
                             output format: org.apache.hadoop.hive.ql.io.HiveSequenceFileOutputFormat
                             serde: org.apache.hadoop.hive.serde2.lazy.LazySimpleSerDe
             Execution mode: llap
-            LLAP IO: no inputs
+            LLAP IO: all inputs
             Map Vectorization:
                 enabled: true
                 enabledConditionsMet: hive.vectorized.use.vector.serde.deserialize IS true
diff --git a/ql/src/test/results/clientpositive/llap/vector_llap_text_1.q.out b/ql/src/test/results/clientpositive/llap/vector_llap_text_1.q.out
index 10035a9262..c37233ff96 100644
--- a/ql/src/test/results/clientpositive/llap/vector_llap_text_1.q.out
+++ b/ql/src/test/results/clientpositive/llap/vector_llap_text_1.q.out
@@ -186,7 +186,7 @@ STAGE PLANS:
                         Statistics: Num rows: 242 Data size: 22990 Basic stats: COMPLETE Column stats: COMPLETE
                         value expressions: _col1 (type: string)
             Execution mode: vectorized, llap
-            LLAP IO: no inputs
+            LLAP IO: all inputs
             Map Vectorization:
                 enabled: true
                 enabledConditionsMet: hive.vectorized.use.vector.serde.deserialize IS true
@@ -278,7 +278,7 @@ STAGE PLANS:
                                   nativeConditionsMet: hive.vectorized.execution.reducesink.new.enabled IS true, hive.execution.engine tez IN [tez, spark] IS true, No PTF TopN IS true, No DISTINCT columns IS true, BinarySortableSerDe for keys IS true, LazyBinarySerDe for values IS true
                               Statistics: Num rows: 399 Data size: 74214 Basic stats: COMPLETE Column stats: COMPLETE
             Execution mode: vectorized, llap
-            LLAP IO: no inputs
+            LLAP IO: all inputs
             Map Vectorization:
                 enabled: true
                 enabledConditionsMet: hive.vectorized.use.vector.serde.deserialize IS true
diff --git a/ql/src/test/results/clientpositive/llap/vector_map_order.q.out b/ql/src/test/results/clientpositive/llap/vector_map_order.q.out
index 341cf969af..e57fda7916 100644
--- a/ql/src/test/results/clientpositive/llap/vector_map_order.q.out
+++ b/ql/src/test/results/clientpositive/llap/vector_map_order.q.out
@@ -74,7 +74,7 @@ STAGE PLANS:
                           output format: org.apache.hadoop.hive.ql.io.HiveSequenceFileOutputFormat
                           serde: org.apache.hadoop.hive.serde2.lazy.LazySimpleSerDe
             Execution mode: vectorized, llap
-            LLAP IO: no inputs
+            LLAP IO: all inputs
             Map Vectorization:
                 enabled: true
                 enabledConditionsMet: hive.vectorized.use.vector.serde.deserialize IS true
diff --git a/ql/src/test/results/clientpositive/llap/vector_mapjoin_complex_values.q.out b/ql/src/test/results/clientpositive/llap/vector_mapjoin_complex_values.q.out
index 42fd615d36..4edf68ad10 100644
--- a/ql/src/test/results/clientpositive/llap/vector_mapjoin_complex_values.q.out
+++ b/ql/src/test/results/clientpositive/llap/vector_mapjoin_complex_values.q.out
@@ -223,7 +223,7 @@ STAGE PLANS:
                               nativeConditionsMet: hive.vectorized.execution.reducesink.new.enabled IS true, hive.execution.engine tez IN [tez, spark] IS true, No PTF TopN IS true, No DISTINCT columns IS true, BinarySortableSerDe for keys IS true, LazyBinarySerDe for values IS true
                           Statistics: Num rows: 1 Data size: 4 Basic stats: COMPLETE Column stats: COMPLETE
             Execution mode: vectorized, llap
-            LLAP IO: no inputs
+            LLAP IO: all inputs
             Map Vectorization:
                 enabled: true
                 enabledConditionsMet: hive.vectorized.use.vector.serde.deserialize IS true
diff --git a/ql/src/test/results/clientpositive/llap/vector_mapjoin_reduce.q.out b/ql/src/test/results/clientpositive/llap/vector_mapjoin_reduce.q.out
index 2ab579f233..efc3f42418 100644
--- a/ql/src/test/results/clientpositive/llap/vector_mapjoin_reduce.q.out
+++ b/ql/src/test/results/clientpositive/llap/vector_mapjoin_reduce.q.out
@@ -65,7 +65,7 @@ STAGE PLANS:
                         Statistics: Num rows: 14 Data size: 168 Basic stats: COMPLETE Column stats: COMPLETE
                         value expressions: _col0 (type: int), _col2 (type: int)
             Execution mode: vectorized, llap
-            LLAP IO: no inputs
+            LLAP IO: all inputs
             Map Vectorization:
                 enabled: true
                 enabledConditionsMet: hive.vectorized.use.vector.serde.deserialize IS true
@@ -114,7 +114,7 @@ STAGE PLANS:
                             nativeConditionsMet: hive.vectorized.execution.reducesink.new.enabled IS true, hive.execution.engine tez IN [tez, spark] IS true, No PTF TopN IS true, No DISTINCT columns IS true, BinarySortableSerDe for keys IS true, LazyBinarySerDe for values IS true
                         Statistics: Num rows: 50 Data size: 200 Basic stats: COMPLETE Column stats: COMPLETE
             Execution mode: vectorized, llap
-            LLAP IO: no inputs
+            LLAP IO: all inputs
             Map Vectorization:
                 enabled: true
                 enabledConditionsMet: hive.vectorized.use.vector.serde.deserialize IS true
@@ -171,7 +171,7 @@ STAGE PLANS:
                               nativeConditionsMet: hive.vectorized.execution.reducesink.new.enabled IS true, hive.execution.engine tez IN [tez, spark] IS true, No PTF TopN IS true, No DISTINCT columns IS true, BinarySortableSerDe for keys IS true, LazyBinarySerDe for values IS true
                           Statistics: Num rows: 7 Data size: 28 Basic stats: COMPLETE Column stats: COMPLETE
             Execution mode: vectorized, llap
-            LLAP IO: no inputs
+            LLAP IO: all inputs
             Map Vectorization:
                 enabled: true
                 enabledConditionsMet: hive.vectorized.use.vector.serde.deserialize IS true
@@ -396,7 +396,7 @@ STAGE PLANS:
                                     output format: org.apache.hadoop.hive.ql.io.HiveSequenceFileOutputFormat
                                     serde: org.apache.hadoop.hive.serde2.lazy.LazySimpleSerDe
             Execution mode: vectorized, llap
-            LLAP IO: no inputs
+            LLAP IO: all inputs
             Map Vectorization:
                 enabled: true
                 enabledConditionsMet: hive.vectorized.use.vector.serde.deserialize IS true
@@ -453,7 +453,7 @@ STAGE PLANS:
                               nativeConditionsMet: hive.vectorized.execution.reducesink.new.enabled IS true, hive.execution.engine tez IN [tez, spark] IS true, No PTF TopN IS true, No DISTINCT columns IS true, BinarySortableSerDe for keys IS true, LazyBinarySerDe for values IS true
                           Statistics: Num rows: 50 Data size: 200 Basic stats: COMPLETE Column stats: COMPLETE
             Execution mode: vectorized, llap
-            LLAP IO: no inputs
+            LLAP IO: all inputs
             Map Vectorization:
                 enabled: true
                 enabledConditionsMet: hive.vectorized.use.vector.serde.deserialize IS true
@@ -511,7 +511,7 @@ STAGE PLANS:
                               nativeConditionsMet: hive.vectorized.execution.reducesink.new.enabled IS true, hive.execution.engine tez IN [tez, spark] IS true, No PTF TopN IS true, No DISTINCT columns IS true, BinarySortableSerDe for keys IS true, LazyBinarySerDe for values IS true
                           Statistics: Num rows: 1 Data size: 8 Basic stats: COMPLETE Column stats: COMPLETE
             Execution mode: vectorized, llap
-            LLAP IO: no inputs
+            LLAP IO: all inputs
             Map Vectorization:
                 enabled: true
                 enabledConditionsMet: hive.vectorized.use.vector.serde.deserialize IS true
diff --git a/ql/src/test/results/clientpositive/llap/vector_null_map.q.out b/ql/src/test/results/clientpositive/llap/vector_null_map.q.out
index 8c89020dc7..a3b883187f 100644
--- a/ql/src/test/results/clientpositive/llap/vector_null_map.q.out
+++ b/ql/src/test/results/clientpositive/llap/vector_null_map.q.out
@@ -75,7 +75,7 @@ STAGE PLANS:
                           output format: org.apache.hadoop.hive.ql.io.HiveSequenceFileOutputFormat
                           serde: org.apache.hadoop.hive.serde2.lazy.LazySimpleSerDe
             Execution mode: vectorized, llap
-            LLAP IO: no inputs
+            LLAP IO: all inputs
             Map Vectorization:
                 enabled: true
                 enabledConditionsMet: hive.vectorized.use.vector.serde.deserialize IS true
@@ -151,7 +151,7 @@ STAGE PLANS:
                           output format: org.apache.hadoop.hive.ql.io.HiveSequenceFileOutputFormat
                           serde: org.apache.hadoop.hive.serde2.lazy.LazySimpleSerDe
             Execution mode: vectorized, llap
-            LLAP IO: no inputs
+            LLAP IO: all inputs
             Map Vectorization:
                 enabled: true
                 enabledConditionsMet: hive.vectorized.use.vector.serde.deserialize IS true
diff --git a/ql/src/test/results/clientpositive/llap/vector_orc_merge_incompat_schema.q.out b/ql/src/test/results/clientpositive/llap/vector_orc_merge_incompat_schema.q.out
index 8228ef8978..ed51b5f38d 100644
--- a/ql/src/test/results/clientpositive/llap/vector_orc_merge_incompat_schema.q.out
+++ b/ql/src/test/results/clientpositive/llap/vector_orc_merge_incompat_schema.q.out
@@ -160,7 +160,7 @@ STAGE PLANS:
                           serde: org.apache.hadoop.hive.ql.io.orc.OrcSerde
                           name: default.orc_create_complex
             Execution mode: vectorized, llap
-            LLAP IO: no inputs
+            LLAP IO: all inputs
             Map Vectorization:
                 enabled: true
                 enabledConditionsMet: hive.vectorized.use.vector.serde.deserialize IS true
diff --git a/ql/src/test/results/clientpositive/llap/vector_order_null.q.out b/ql/src/test/results/clientpositive/llap/vector_order_null.q.out
index 1153452ab3..5d63955e0f 100644
--- a/ql/src/test/results/clientpositive/llap/vector_order_null.q.out
+++ b/ql/src/test/results/clientpositive/llap/vector_order_null.q.out
@@ -126,7 +126,7 @@ STAGE PLANS:
                           nativeConditionsMet: hive.vectorized.execution.reducesink.new.enabled IS true, hive.execution.engine tez IN [tez, spark] IS true, No PTF TopN IS true, No DISTINCT columns IS true, BinarySortableSerDe for keys IS true, LazyBinarySerDe for values IS true
                       Statistics: Num rows: 6 Data size: 364 Basic stats: COMPLETE Column stats: COMPLETE
             Execution mode: vectorized, llap
-            LLAP IO: no inputs
+            LLAP IO: all inputs
             Map Vectorization:
                 enabled: true
                 enabledConditionsMet: hive.vectorized.use.vector.serde.deserialize IS true
@@ -252,7 +252,7 @@ STAGE PLANS:
                           nativeConditionsMet: hive.vectorized.execution.reducesink.new.enabled IS true, hive.execution.engine tez IN [tez, spark] IS true, No PTF TopN IS true, No DISTINCT columns IS true, BinarySortableSerDe for keys IS true, LazyBinarySerDe for values IS true
                       Statistics: Num rows: 6 Data size: 364 Basic stats: COMPLETE Column stats: COMPLETE
             Execution mode: vectorized, llap
-            LLAP IO: no inputs
+            LLAP IO: all inputs
             Map Vectorization:
                 enabled: true
                 enabledConditionsMet: hive.vectorized.use.vector.serde.deserialize IS true
@@ -378,7 +378,7 @@ STAGE PLANS:
                           nativeConditionsMet: hive.vectorized.execution.reducesink.new.enabled IS true, hive.execution.engine tez IN [tez, spark] IS true, No PTF TopN IS true, No DISTINCT columns IS true, BinarySortableSerDe for keys IS true, LazyBinarySerDe for values IS true
                       Statistics: Num rows: 6 Data size: 364 Basic stats: COMPLETE Column stats: COMPLETE
             Execution mode: vectorized, llap
-            LLAP IO: no inputs
+            LLAP IO: all inputs
             Map Vectorization:
                 enabled: true
                 enabledConditionsMet: hive.vectorized.use.vector.serde.deserialize IS true
@@ -504,7 +504,7 @@ STAGE PLANS:
                           nativeConditionsMet: hive.vectorized.execution.reducesink.new.enabled IS true, hive.execution.engine tez IN [tez, spark] IS true, No PTF TopN IS true, No DISTINCT columns IS true, BinarySortableSerDe for keys IS true, LazyBinarySerDe for values IS true
                       Statistics: Num rows: 6 Data size: 364 Basic stats: COMPLETE Column stats: COMPLETE
             Execution mode: vectorized, llap
-            LLAP IO: no inputs
+            LLAP IO: all inputs
             Map Vectorization:
                 enabled: true
                 enabledConditionsMet: hive.vectorized.use.vector.serde.deserialize IS true
@@ -630,7 +630,7 @@ STAGE PLANS:
                           nativeConditionsMet: hive.vectorized.execution.reducesink.new.enabled IS true, hive.execution.engine tez IN [tez, spark] IS true, No PTF TopN IS true, No DISTINCT columns IS true, BinarySortableSerDe for keys IS true, LazyBinarySerDe for values IS true
                       Statistics: Num rows: 6 Data size: 364 Basic stats: COMPLETE Column stats: COMPLETE
             Execution mode: vectorized, llap
-            LLAP IO: no inputs
+            LLAP IO: all inputs
             Map Vectorization:
                 enabled: true
                 enabledConditionsMet: hive.vectorized.use.vector.serde.deserialize IS true
@@ -756,7 +756,7 @@ STAGE PLANS:
                           nativeConditionsMet: hive.vectorized.execution.reducesink.new.enabled IS true, hive.execution.engine tez IN [tez, spark] IS true, No PTF TopN IS true, No DISTINCT columns IS true, BinarySortableSerDe for keys IS true, LazyBinarySerDe for values IS true
                       Statistics: Num rows: 6 Data size: 364 Basic stats: COMPLETE Column stats: COMPLETE
             Execution mode: vectorized, llap
-            LLAP IO: no inputs
+            LLAP IO: all inputs
             Map Vectorization:
                 enabled: true
                 enabledConditionsMet: hive.vectorized.use.vector.serde.deserialize IS true
@@ -882,7 +882,7 @@ STAGE PLANS:
                           nativeConditionsMet: hive.vectorized.execution.reducesink.new.enabled IS true, hive.execution.engine tez IN [tez, spark] IS true, No PTF TopN IS true, No DISTINCT columns IS true, BinarySortableSerDe for keys IS true, LazyBinarySerDe for values IS true
                       Statistics: Num rows: 6 Data size: 364 Basic stats: COMPLETE Column stats: COMPLETE
             Execution mode: vectorized, llap
-            LLAP IO: no inputs
+            LLAP IO: all inputs
             Map Vectorization:
                 enabled: true
                 enabledConditionsMet: hive.vectorized.use.vector.serde.deserialize IS true
@@ -1008,7 +1008,7 @@ STAGE PLANS:
                           nativeConditionsMet: hive.vectorized.execution.reducesink.new.enabled IS true, hive.execution.engine tez IN [tez, spark] IS true, No PTF TopN IS true, No DISTINCT columns IS true, BinarySortableSerDe for keys IS true, LazyBinarySerDe for values IS true
                       Statistics: Num rows: 6 Data size: 364 Basic stats: COMPLETE Column stats: COMPLETE
             Execution mode: vectorized, llap
-            LLAP IO: no inputs
+            LLAP IO: all inputs
             Map Vectorization:
                 enabled: true
                 enabledConditionsMet: hive.vectorized.use.vector.serde.deserialize IS true
@@ -1134,7 +1134,7 @@ STAGE PLANS:
                           nativeConditionsMet: hive.vectorized.execution.reducesink.new.enabled IS true, hive.execution.engine tez IN [tez, spark] IS true, No PTF TopN IS true, No DISTINCT columns IS true, BinarySortableSerDe for keys IS true, LazyBinarySerDe for values IS true
                       Statistics: Num rows: 6 Data size: 364 Basic stats: COMPLETE Column stats: COMPLETE
             Execution mode: vectorized, llap
-            LLAP IO: no inputs
+            LLAP IO: all inputs
             Map Vectorization:
                 enabled: true
                 enabledConditionsMet: hive.vectorized.use.vector.serde.deserialize IS true
@@ -1260,7 +1260,7 @@ STAGE PLANS:
                           nativeConditionsMet: hive.vectorized.execution.reducesink.new.enabled IS true, hive.execution.engine tez IN [tez, spark] IS true, No PTF TopN IS true, No DISTINCT columns IS true, BinarySortableSerDe for keys IS true, LazyBinarySerDe for values IS true
                       Statistics: Num rows: 6 Data size: 364 Basic stats: COMPLETE Column stats: COMPLETE
             Execution mode: vectorized, llap
-            LLAP IO: no inputs
+            LLAP IO: all inputs
             Map Vectorization:
                 enabled: true
                 enabledConditionsMet: hive.vectorized.use.vector.serde.deserialize IS true
@@ -1386,7 +1386,7 @@ STAGE PLANS:
                           nativeConditionsMet: hive.vectorized.execution.reducesink.new.enabled IS true, hive.execution.engine tez IN [tez, spark] IS true, No PTF TopN IS true, No DISTINCT columns IS true, BinarySortableSerDe for keys IS true, LazyBinarySerDe for values IS true
                       Statistics: Num rows: 6 Data size: 364 Basic stats: COMPLETE Column stats: COMPLETE
             Execution mode: vectorized, llap
-            LLAP IO: no inputs
+            LLAP IO: all inputs
             Map Vectorization:
                 enabled: true
                 enabledConditionsMet: hive.vectorized.use.vector.serde.deserialize IS true
diff --git a/ql/src/test/results/clientpositive/llap/vector_outer_join_constants.q.out b/ql/src/test/results/clientpositive/llap/vector_outer_join_constants.q.out
index 3ef2382869..1509e9cd56 100644
--- a/ql/src/test/results/clientpositive/llap/vector_outer_join_constants.q.out
+++ b/ql/src/test/results/clientpositive/llap/vector_outer_join_constants.q.out
@@ -406,7 +406,7 @@ STAGE PLANS:
                                   nativeConditionsMet: hive.vectorized.execution.reducesink.new.enabled IS true, hive.execution.engine tez IN [tez, spark] IS true, No PTF TopN IS true, No DISTINCT columns IS true, BinarySortableSerDe for keys IS true, LazyBinarySerDe for values IS true
                               Statistics: Num rows: 1 Data size: 4 Basic stats: COMPLETE Column stats: COMPLETE
             Execution mode: vectorized, llap
-            LLAP IO: no inputs
+            LLAP IO: all inputs
             Map Vectorization:
                 enabled: true
                 enabledConditionsMet: hive.vectorized.use.vector.serde.deserialize IS true
@@ -458,7 +458,7 @@ STAGE PLANS:
                             nativeConditionsMet: hive.vectorized.execution.reducesink.new.enabled IS true, hive.execution.engine tez IN [tez, spark] IS true, No PTF TopN IS true, No DISTINCT columns IS true, BinarySortableSerDe for keys IS true, LazyBinarySerDe for values IS true
                         Statistics: Num rows: 2 Data size: 8 Basic stats: COMPLETE Column stats: COMPLETE
             Execution mode: vectorized, llap
-            LLAP IO: no inputs
+            LLAP IO: all inputs
             Map Vectorization:
                 enabled: true
                 enabledConditionsMet: hive.vectorized.use.vector.serde.deserialize IS true
@@ -521,7 +521,7 @@ STAGE PLANS:
                             nativeConditionsMet: hive.vectorized.execution.reducesink.new.enabled IS true, hive.execution.engine tez IN [tez, spark] IS true, No PTF TopN IS true, No DISTINCT columns IS true, BinarySortableSerDe for keys IS true, LazyBinarySerDe for values IS true
                         Statistics: Num rows: 1 Data size: 40 Basic stats: COMPLETE Column stats: COMPLETE
             Execution mode: vectorized, llap
-            LLAP IO: no inputs
+            LLAP IO: all inputs
             Map Vectorization:
                 enabled: true
                 enabledConditionsMet: hive.vectorized.use.vector.serde.deserialize IS true
@@ -593,7 +593,7 @@ STAGE PLANS:
                               nativeConditionsMet: hive.vectorized.execution.reducesink.new.enabled IS true, hive.execution.engine tez IN [tez, spark] IS true, No PTF TopN IS true, No DISTINCT columns IS true, BinarySortableSerDe for keys IS true, LazyBinarySerDe for values IS true
                           Statistics: Num rows: 2 Data size: 80 Basic stats: COMPLETE Column stats: COMPLETE
             Execution mode: vectorized, llap
-            LLAP IO: no inputs
+            LLAP IO: all inputs
             Map Vectorization:
                 enabled: true
                 enabledConditionsMet: hive.vectorized.use.vector.serde.deserialize IS true
diff --git a/ql/src/test/results/clientpositive/llap/vector_outer_reference_windowed.q.out b/ql/src/test/results/clientpositive/llap/vector_outer_reference_windowed.q.out
index bcf8a68a7f..ea25533d1e 100644
--- a/ql/src/test/results/clientpositive/llap/vector_outer_reference_windowed.q.out
+++ b/ql/src/test/results/clientpositive/llap/vector_outer_reference_windowed.q.out
@@ -308,7 +308,7 @@ STAGE PLANS:
                         Statistics: Num rows: 1 Data size: 112 Basic stats: COMPLETE Column stats: COMPLETE
                         value expressions: _col0 (type: decimal(25,2))
             Execution mode: vectorized, llap
-            LLAP IO: no inputs
+            LLAP IO: all inputs
             Map Vectorization:
                 enabled: true
                 enabledConditionsMet: hive.vectorized.use.vector.serde.deserialize IS true
@@ -536,7 +536,7 @@ STAGE PLANS:
                         Statistics: Num rows: 2 Data size: 672 Basic stats: COMPLETE Column stats: COMPLETE
                         value expressions: _col2 (type: decimal(25,2))
             Execution mode: vectorized, llap
-            LLAP IO: no inputs
+            LLAP IO: all inputs
             Map Vectorization:
                 enabled: true
                 enabledConditionsMet: hive.vectorized.use.vector.serde.deserialize IS true
@@ -774,7 +774,7 @@ STAGE PLANS:
                         Statistics: Num rows: 4 Data size: 896 Basic stats: COMPLETE Column stats: COMPLETE
                         value expressions: _col1 (type: decimal(15,2))
             Execution mode: vectorized, llap
-            LLAP IO: no inputs
+            LLAP IO: all inputs
             Map Vectorization:
                 enabled: true
                 enabledConditionsMet: hive.vectorized.use.vector.serde.deserialize IS true
@@ -826,7 +826,7 @@ STAGE PLANS:
                             nativeConditionsMet: hive.vectorized.execution.reducesink.new.enabled IS true, hive.execution.engine tez IN [tez, spark] IS true, No PTF TopN IS true, No DISTINCT columns IS true, BinarySortableSerDe for keys IS true, LazyBinarySerDe for values IS true
                         Statistics: Num rows: 4 Data size: 448 Basic stats: COMPLETE Column stats: COMPLETE
             Execution mode: vectorized, llap
-            LLAP IO: no inputs
+            LLAP IO: all inputs
             Map Vectorization:
                 enabled: true
                 enabledConditionsMet: hive.vectorized.use.vector.serde.deserialize IS true
@@ -1094,7 +1094,7 @@ STAGE PLANS:
                             nativeConditionsMet: hive.vectorized.execution.reducesink.new.enabled IS true, hive.execution.engine tez IN [tez, spark] IS true, No PTF TopN IS true, No DISTINCT columns IS true, BinarySortableSerDe for keys IS true, LazyBinarySerDe for values IS true
                         Statistics: Num rows: 4 Data size: 448 Basic stats: COMPLETE Column stats: COMPLETE
             Execution mode: vectorized, llap
-            LLAP IO: no inputs
+            LLAP IO: all inputs
             Map Vectorization:
                 enabled: true
                 enabledConditionsMet: hive.vectorized.use.vector.serde.deserialize IS true
@@ -1148,7 +1148,7 @@ STAGE PLANS:
                         Statistics: Num rows: 4 Data size: 896 Basic stats: COMPLETE Column stats: COMPLETE
                         value expressions: _col1 (type: decimal(15,2))
             Execution mode: vectorized, llap
-            LLAP IO: no inputs
+            LLAP IO: all inputs
             Map Vectorization:
                 enabled: true
                 enabledConditionsMet: hive.vectorized.use.vector.serde.deserialize IS true
@@ -1417,7 +1417,7 @@ STAGE PLANS:
                         Statistics: Num rows: 4 Data size: 896 Basic stats: COMPLETE Column stats: COMPLETE
                         value expressions: _col1 (type: decimal(15,2))
             Execution mode: vectorized, llap
-            LLAP IO: no inputs
+            LLAP IO: all inputs
             Map Vectorization:
                 enabled: true
                 enabledConditionsMet: hive.vectorized.use.vector.serde.deserialize IS true
@@ -1471,7 +1471,7 @@ STAGE PLANS:
                         Statistics: Num rows: 4 Data size: 896 Basic stats: COMPLETE Column stats: COMPLETE
                         value expressions: _col1 (type: decimal(15,2))
             Execution mode: vectorized, llap
-            LLAP IO: no inputs
+            LLAP IO: all inputs
             Map Vectorization:
                 enabled: true
                 enabledConditionsMet: hive.vectorized.use.vector.serde.deserialize IS true
@@ -1661,7 +1661,7 @@ STAGE PLANS:
                         Statistics: Num rows: 1 Data size: 112 Basic stats: COMPLETE Column stats: COMPLETE
                         value expressions: _col0 (type: decimal(17,2))
             Execution mode: vectorized, llap
-            LLAP IO: no inputs
+            LLAP IO: all inputs
             Map Vectorization:
                 enabled: true
                 enabledConditionsMet: hive.vectorized.use.vector.serde.deserialize IS true
@@ -1889,7 +1889,7 @@ STAGE PLANS:
                         Statistics: Num rows: 2 Data size: 672 Basic stats: COMPLETE Column stats: COMPLETE
                         value expressions: _col2 (type: decimal(17,2))
             Execution mode: vectorized, llap
-            LLAP IO: no inputs
+            LLAP IO: all inputs
             Map Vectorization:
                 enabled: true
                 enabledConditionsMet: hive.vectorized.use.vector.serde.deserialize IS true
@@ -2127,7 +2127,7 @@ STAGE PLANS:
                         Statistics: Num rows: 4 Data size: 896 Basic stats: COMPLETE Column stats: COMPLETE
                         value expressions: _col1 (type: decimal(7,2))
             Execution mode: vectorized, llap
-            LLAP IO: no inputs
+            LLAP IO: all inputs
             Map Vectorization:
                 enabled: true
                 enabledConditionsMet: hive.vectorized.use.vector.serde.deserialize IS true
@@ -2179,7 +2179,7 @@ STAGE PLANS:
                             nativeConditionsMet: hive.vectorized.execution.reducesink.new.enabled IS true, hive.execution.engine tez IN [tez, spark] IS true, No PTF TopN IS true, No DISTINCT columns IS true, BinarySortableSerDe for keys IS true, LazyBinarySerDe for values IS true
                         Statistics: Num rows: 4 Data size: 448 Basic stats: COMPLETE Column stats: COMPLETE
             Execution mode: vectorized, llap
-            LLAP IO: no inputs
+            LLAP IO: all inputs
             Map Vectorization:
                 enabled: true
                 enabledConditionsMet: hive.vectorized.use.vector.serde.deserialize IS true
@@ -2447,7 +2447,7 @@ STAGE PLANS:
                             nativeConditionsMet: hive.vectorized.execution.reducesink.new.enabled IS true, hive.execution.engine tez IN [tez, spark] IS true, No PTF TopN IS true, No DISTINCT columns IS true, BinarySortableSerDe for keys IS true, LazyBinarySerDe for values IS true
                         Statistics: Num rows: 4 Data size: 448 Basic stats: COMPLETE Column stats: COMPLETE
             Execution mode: vectorized, llap
-            LLAP IO: no inputs
+            LLAP IO: all inputs
             Map Vectorization:
                 enabled: true
                 enabledConditionsMet: hive.vectorized.use.vector.serde.deserialize IS true
@@ -2501,7 +2501,7 @@ STAGE PLANS:
                         Statistics: Num rows: 4 Data size: 896 Basic stats: COMPLETE Column stats: COMPLETE
                         value expressions: _col1 (type: decimal(7,2))
             Execution mode: vectorized, llap
-            LLAP IO: no inputs
+            LLAP IO: all inputs
             Map Vectorization:
                 enabled: true
                 enabledConditionsMet: hive.vectorized.use.vector.serde.deserialize IS true
@@ -2770,7 +2770,7 @@ STAGE PLANS:
                         Statistics: Num rows: 4 Data size: 896 Basic stats: COMPLETE Column stats: COMPLETE
                         value expressions: _col1 (type: decimal(7,2))
             Execution mode: vectorized, llap
-            LLAP IO: no inputs
+            LLAP IO: all inputs
             Map Vectorization:
                 enabled: true
                 enabledConditionsMet: hive.vectorized.use.vector.serde.deserialize IS true
@@ -2824,7 +2824,7 @@ STAGE PLANS:
                         Statistics: Num rows: 4 Data size: 896 Basic stats: COMPLETE Column stats: COMPLETE
                         value expressions: _col1 (type: decimal(7,2))
             Execution mode: vectorized, llap
-            LLAP IO: no inputs
+            LLAP IO: all inputs
             Map Vectorization:
                 enabled: true
                 enabledConditionsMet: hive.vectorized.use.vector.serde.deserialize IS true
diff --git a/ql/src/test/results/clientpositive/llap/vector_ptf_1.q.out b/ql/src/test/results/clientpositive/llap/vector_ptf_1.q.out
index d806aad653..fa69295601 100644
--- a/ql/src/test/results/clientpositive/llap/vector_ptf_1.q.out
+++ b/ql/src/test/results/clientpositive/llap/vector_ptf_1.q.out
@@ -112,7 +112,7 @@ STAGE PLANS:
                         Statistics: Num rows: 100 Data size: 18816 Basic stats: COMPLETE Column stats: NONE
                         value expressions: _col2 (type: double), _col3 (type: bigint)
             Execution mode: vectorized, llap
-            LLAP IO: no inputs
+            LLAP IO: all inputs
             Map Vectorization:
                 enabled: true
                 enabledConditionsMet: hive.vectorized.use.vector.serde.deserialize IS true
diff --git a/ql/src/test/results/clientpositive/llap/vector_reduce_groupby_duplicate_cols.q.out b/ql/src/test/results/clientpositive/llap/vector_reduce_groupby_duplicate_cols.q.out
index 0c8a8722b2..6d634d2265 100644
--- a/ql/src/test/results/clientpositive/llap/vector_reduce_groupby_duplicate_cols.q.out
+++ b/ql/src/test/results/clientpositive/llap/vector_reduce_groupby_duplicate_cols.q.out
@@ -135,7 +135,7 @@ STAGE PLANS:
                               nativeConditionsNotMet: hive.vectorized.execution.reducesink.new.enabled IS false
                           Statistics: Num rows: 1 Data size: 8 Basic stats: COMPLETE Column stats: COMPLETE
             Execution mode: vectorized, llap
-            LLAP IO: no inputs
+            LLAP IO: all inputs
             Map Vectorization:
                 enabled: true
                 enabledConditionsMet: hive.vectorized.use.vector.serde.deserialize IS true
diff --git a/ql/src/test/results/clientpositive/llap/vector_retry_failure.q.out b/ql/src/test/results/clientpositive/llap/vector_retry_failure.q.out
index 638bf548e2..0d87ed66ff 100644
--- a/ql/src/test/results/clientpositive/llap/vector_retry_failure.q.out
+++ b/ql/src/test/results/clientpositive/llap/vector_retry_failure.q.out
@@ -81,7 +81,7 @@ STAGE PLANS:
                             nativeConditionsMet: hive.vectorized.execution.reducesink.new.enabled IS true, hive.execution.engine tez IN [tez, spark] IS true, No PTF TopN IS true, No DISTINCT columns IS true, BinarySortableSerDe for keys IS true, LazyBinarySerDe for values IS true
                         Statistics: Num rows: 1 Data size: 4 Basic stats: COMPLETE Column stats: COMPLETE
             Execution mode: vectorized, llap
-            LLAP IO: no inputs
+            LLAP IO: all inputs
             Map Vectorization:
                 enabled: true
                 enabledConditionsMet: hive.vectorized.use.vector.serde.deserialize IS true
diff --git a/ql/src/test/results/clientpositive/llap/vector_topnkey.q.out b/ql/src/test/results/clientpositive/llap/vector_topnkey.q.out
index a6816938dc..f6e79b3a56 100644
--- a/ql/src/test/results/clientpositive/llap/vector_topnkey.q.out
+++ b/ql/src/test/results/clientpositive/llap/vector_topnkey.q.out
@@ -130,7 +130,7 @@ STAGE PLANS:
                               nativeConditionsMet: hive.vectorized.execution.reducesink.new.enabled IS true, hive.execution.engine tez IN [tez, spark] IS true, No PTF TopN IS true, No DISTINCT columns IS true, BinarySortableSerDe for keys IS true, LazyBinarySerDe for values IS true
                           Statistics: Num rows: 5 Data size: 12 Basic stats: COMPLETE Column stats: COMPLETE
             Execution mode: vectorized, llap
-            LLAP IO: no inputs
+            LLAP IO: all inputs
             Map Vectorization:
                 enabled: true
                 enabledConditionsMet: hive.vectorized.use.vector.serde.deserialize IS true
diff --git a/ql/src/test/results/clientpositive/llap/vector_udf_character_length.q.out b/ql/src/test/results/clientpositive/llap/vector_udf_character_length.q.out
index 5e6cee97bb..9add358aad 100644
--- a/ql/src/test/results/clientpositive/llap/vector_udf_character_length.q.out
+++ b/ql/src/test/results/clientpositive/llap/vector_udf_character_length.q.out
@@ -75,7 +75,7 @@ STAGE PLANS:
                           serde: org.apache.hadoop.hive.serde2.lazy.LazySimpleSerDe
                           name: default.dest1_n59
             Execution mode: vectorized, llap
-            LLAP IO: no inputs
+            LLAP IO: all inputs
 
   Stage: Stage-2
     Dependency Collection
diff --git a/ql/src/test/results/clientpositive/llap/vector_udf_inline.q.out b/ql/src/test/results/clientpositive/llap/vector_udf_inline.q.out
index 7dbb9dcb4c..49cf19eeb3 100644
--- a/ql/src/test/results/clientpositive/llap/vector_udf_inline.q.out
+++ b/ql/src/test/results/clientpositive/llap/vector_udf_inline.q.out
@@ -65,7 +65,7 @@ STAGE PLANS:
                                 output format: org.apache.hadoop.hive.ql.io.HiveSequenceFileOutputFormat
                                 serde: org.apache.hadoop.hive.serde2.lazy.LazySimpleSerDe
             Execution mode: llap
-            LLAP IO: no inputs
+            LLAP IO: all inputs
             Map Vectorization:
                 enabled: true
                 enabledConditionsMet: hive.vectorized.use.vector.serde.deserialize IS true
diff --git a/ql/src/test/results/clientpositive/llap/vector_udf_octet_length.q.out b/ql/src/test/results/clientpositive/llap/vector_udf_octet_length.q.out
index b7fca05e31..5e9672714e 100644
--- a/ql/src/test/results/clientpositive/llap/vector_udf_octet_length.q.out
+++ b/ql/src/test/results/clientpositive/llap/vector_udf_octet_length.q.out
@@ -58,7 +58,7 @@ STAGE PLANS:
                           serde: org.apache.hadoop.hive.serde2.lazy.LazySimpleSerDe
                           name: default.dest1_n51
             Execution mode: vectorized, llap
-            LLAP IO: no inputs
+            LLAP IO: all inputs
 
   Stage: Stage-2
     Dependency Collection
diff --git a/ql/src/test/results/clientpositive/llap/vector_union_null.q.out b/ql/src/test/results/clientpositive/llap/vector_union_null.q.out
index 4790d68d81..285bdaec0f 100644
--- a/ql/src/test/results/clientpositive/llap/vector_union_null.q.out
+++ b/ql/src/test/results/clientpositive/llap/vector_union_null.q.out
@@ -170,7 +170,7 @@ STAGE PLANS:
                           Statistics: Num rows: 1 Data size: 188 Basic stats: COMPLETE Column stats: COMPLETE
                           value expressions: _col1 (type: string)
             Execution mode: llap
-            LLAP IO: no inputs
+            LLAP IO: all inputs
             Map Vectorization:
                 enabled: false
                 enabledConditionsNotMet: hive.vectorized.use.vector.serde.deserialize IS false
diff --git a/ql/src/test/results/clientpositive/llap/vector_windowing.q.out b/ql/src/test/results/clientpositive/llap/vector_windowing.q.out
index 3fef63e46e..0528a364d4 100644
--- a/ql/src/test/results/clientpositive/llap/vector_windowing.q.out
+++ b/ql/src/test/results/clientpositive/llap/vector_windowing.q.out
@@ -56,7 +56,7 @@ STAGE PLANS:
                     Statistics: Num rows: 26 Data size: 6006 Basic stats: COMPLETE Column stats: COMPLETE
                     value expressions: p_size (type: int), p_retailprice (type: double)
             Execution mode: vectorized, llap
-            LLAP IO: no inputs
+            LLAP IO: all inputs
             Map Vectorization:
                 enabled: true
                 enabledConditionsMet: hive.vectorized.use.vector.serde.deserialize IS true
@@ -298,7 +298,7 @@ STAGE PLANS:
                         Statistics: Num rows: 13 Data size: 3003 Basic stats: COMPLETE Column stats: COMPLETE
                         value expressions: _col3 (type: double)
             Execution mode: vectorized, llap
-            LLAP IO: no inputs
+            LLAP IO: all inputs
             Map Vectorization:
                 enabled: true
                 enabledConditionsMet: hive.vectorized.use.vector.serde.deserialize IS true
@@ -555,7 +555,7 @@ STAGE PLANS:
                         Statistics: Num rows: 13 Data size: 3003 Basic stats: COMPLETE Column stats: COMPLETE
                         value expressions: _col3 (type: double)
             Execution mode: vectorized, llap
-            LLAP IO: no inputs
+            LLAP IO: all inputs
             Map Vectorization:
                 enabled: true
                 enabledConditionsMet: hive.vectorized.use.vector.serde.deserialize IS true
@@ -780,7 +780,7 @@ STAGE PLANS:
                     Statistics: Num rows: 26 Data size: 5798 Basic stats: COMPLETE Column stats: COMPLETE
                     value expressions: p_size (type: int)
             Execution mode: vectorized, llap
-            LLAP IO: no inputs
+            LLAP IO: all inputs
             Map Vectorization:
                 enabled: true
                 enabledConditionsMet: hive.vectorized.use.vector.serde.deserialize IS true
@@ -979,7 +979,7 @@ STAGE PLANS:
                     Statistics: Num rows: 26 Data size: 6006 Basic stats: COMPLETE Column stats: COMPLETE
                     value expressions: p_size (type: int), p_retailprice (type: double)
             Execution mode: vectorized, llap
-            LLAP IO: no inputs
+            LLAP IO: all inputs
             Map Vectorization:
                 enabled: true
                 enabledConditionsMet: hive.vectorized.use.vector.serde.deserialize IS true
@@ -1185,7 +1185,7 @@ STAGE PLANS:
                     Statistics: Num rows: 26 Data size: 6006 Basic stats: COMPLETE Column stats: COMPLETE
                     value expressions: p_size (type: int), p_retailprice (type: double)
             Execution mode: vectorized, llap
-            LLAP IO: no inputs
+            LLAP IO: all inputs
             Map Vectorization:
                 enabled: true
                 enabledConditionsMet: hive.vectorized.use.vector.serde.deserialize IS true
@@ -1416,7 +1416,7 @@ STAGE PLANS:
                     Statistics: Num rows: 26 Data size: 6110 Basic stats: COMPLETE Column stats: COMPLETE
                     value expressions: p_partkey (type: int), p_size (type: int), p_retailprice (type: double)
             Execution mode: vectorized, llap
-            LLAP IO: no inputs
+            LLAP IO: all inputs
             Map Vectorization:
                 enabled: true
                 enabledConditionsMet: hive.vectorized.use.vector.serde.deserialize IS true
@@ -1665,7 +1665,7 @@ STAGE PLANS:
                         partitionColumns: 2:string
                     Statistics: Num rows: 26 Data size: 5798 Basic stats: COMPLETE Column stats: COMPLETE
             Execution mode: vectorized, llap
-            LLAP IO: no inputs
+            LLAP IO: all inputs
             Map Vectorization:
                 enabled: true
                 enabledConditionsMet: hive.vectorized.use.vector.serde.deserialize IS true
@@ -1861,7 +1861,7 @@ STAGE PLANS:
                     Statistics: Num rows: 26 Data size: 6006 Basic stats: COMPLETE Column stats: COMPLETE
                     value expressions: p_size (type: int), p_retailprice (type: double)
             Execution mode: vectorized, llap
-            LLAP IO: no inputs
+            LLAP IO: all inputs
             Map Vectorization:
                 enabled: true
                 enabledConditionsMet: hive.vectorized.use.vector.serde.deserialize IS true
@@ -2075,7 +2075,7 @@ STAGE PLANS:
                     Statistics: Num rows: 26 Data size: 6006 Basic stats: COMPLETE Column stats: COMPLETE
                     value expressions: p_size (type: int), p_retailprice (type: double)
             Execution mode: vectorized, llap
-            LLAP IO: no inputs
+            LLAP IO: all inputs
             Map Vectorization:
                 enabled: true
                 enabledConditionsMet: hive.vectorized.use.vector.serde.deserialize IS true
@@ -2291,7 +2291,7 @@ STAGE PLANS:
                     Statistics: Num rows: 26 Data size: 5798 Basic stats: COMPLETE Column stats: COMPLETE
                     value expressions: p_size (type: int)
             Execution mode: vectorized, llap
-            LLAP IO: no inputs
+            LLAP IO: all inputs
             Map Vectorization:
                 enabled: true
                 enabledConditionsMet: hive.vectorized.use.vector.serde.deserialize IS true
@@ -2487,7 +2487,7 @@ STAGE PLANS:
                       Statistics: Num rows: 5 Data size: 1115 Basic stats: COMPLETE Column stats: COMPLETE
                       value expressions: p_size (type: int)
             Execution mode: vectorized, llap
-            LLAP IO: no inputs
+            LLAP IO: all inputs
             Map Vectorization:
                 enabled: true
                 enabledConditionsMet: hive.vectorized.use.vector.serde.deserialize IS true
@@ -2658,7 +2658,7 @@ STAGE PLANS:
                     Statistics: Num rows: 26 Data size: 5798 Basic stats: COMPLETE Column stats: COMPLETE
                     value expressions: p_size (type: int)
             Execution mode: vectorized, llap
-            LLAP IO: no inputs
+            LLAP IO: all inputs
             Map Vectorization:
                 enabled: true
                 enabledConditionsMet: hive.vectorized.use.vector.serde.deserialize IS true
@@ -2829,7 +2829,7 @@ STAGE PLANS:
                     Statistics: Num rows: 26 Data size: 5798 Basic stats: COMPLETE Column stats: COMPLETE
                     value expressions: p_size (type: int)
             Execution mode: vectorized, llap
-            LLAP IO: no inputs
+            LLAP IO: all inputs
             Map Vectorization:
                 enabled: true
                 enabledConditionsMet: hive.vectorized.use.vector.serde.deserialize IS true
@@ -3053,7 +3053,7 @@ STAGE PLANS:
                     Statistics: Num rows: 26 Data size: 5798 Basic stats: COMPLETE Column stats: COMPLETE
                     value expressions: p_size (type: int)
             Execution mode: vectorized, llap
-            LLAP IO: no inputs
+            LLAP IO: all inputs
             Map Vectorization:
                 enabled: true
                 enabledConditionsMet: hive.vectorized.use.vector.serde.deserialize IS true
@@ -3350,7 +3350,7 @@ STAGE PLANS:
                     Statistics: Num rows: 26 Data size: 5798 Basic stats: COMPLETE Column stats: COMPLETE
                     value expressions: p_size (type: int)
             Execution mode: vectorized, llap
-            LLAP IO: no inputs
+            LLAP IO: all inputs
             Map Vectorization:
                 enabled: true
                 enabledConditionsMet: hive.vectorized.use.vector.serde.deserialize IS true
@@ -3635,7 +3635,7 @@ STAGE PLANS:
                     Statistics: Num rows: 26 Data size: 5798 Basic stats: COMPLETE Column stats: COMPLETE
                     value expressions: p_size (type: int)
             Execution mode: vectorized, llap
-            LLAP IO: no inputs
+            LLAP IO: all inputs
             Map Vectorization:
                 enabled: true
                 enabledConditionsMet: hive.vectorized.use.vector.serde.deserialize IS true
@@ -3893,7 +3893,7 @@ STAGE PLANS:
                     Statistics: Num rows: 26 Data size: 6006 Basic stats: COMPLETE Column stats: COMPLETE
                     value expressions: p_size (type: int), p_retailprice (type: double)
             Execution mode: vectorized, llap
-            LLAP IO: no inputs
+            LLAP IO: all inputs
             Map Vectorization:
                 enabled: true
                 enabledConditionsMet: hive.vectorized.use.vector.serde.deserialize IS true
@@ -4112,7 +4112,7 @@ STAGE PLANS:
                         Statistics: Num rows: 13 Data size: 3211 Basic stats: COMPLETE Column stats: COMPLETE
                         value expressions: _col4 (type: double), _col5 (type: double)
             Execution mode: vectorized, llap
-            LLAP IO: no inputs
+            LLAP IO: all inputs
             Map Vectorization:
                 enabled: true
                 enabledConditionsMet: hive.vectorized.use.vector.serde.deserialize IS true
@@ -4342,7 +4342,7 @@ STAGE PLANS:
                     Statistics: Num rows: 26 Data size: 6006 Basic stats: COMPLETE Column stats: COMPLETE
                     value expressions: p_size (type: int), p_retailprice (type: double)
             Execution mode: vectorized, llap
-            LLAP IO: no inputs
+            LLAP IO: all inputs
             Map Vectorization:
                 enabled: true
                 enabledConditionsMet: hive.vectorized.use.vector.serde.deserialize IS true
@@ -4543,7 +4543,7 @@ STAGE PLANS:
                     Statistics: Num rows: 26 Data size: 6110 Basic stats: COMPLETE Column stats: COMPLETE
                     value expressions: p_partkey (type: int), p_size (type: int), p_retailprice (type: double)
             Execution mode: vectorized, llap
-            LLAP IO: no inputs
+            LLAP IO: all inputs
             Map Vectorization:
                 enabled: true
                 enabledConditionsMet: hive.vectorized.use.vector.serde.deserialize IS true
@@ -4823,7 +4823,7 @@ STAGE PLANS:
                         Statistics: Num rows: 13 Data size: 2574 Basic stats: COMPLETE Column stats: COMPLETE
                         value expressions: _col2 (type: double)
             Execution mode: vectorized, llap
-            LLAP IO: no inputs
+            LLAP IO: all inputs
             Map Vectorization:
                 enabled: true
                 enabledConditionsMet: hive.vectorized.use.vector.serde.deserialize IS true
@@ -5120,7 +5120,7 @@ STAGE PLANS:
                     Statistics: Num rows: 26 Data size: 8294 Basic stats: COMPLETE Column stats: COMPLETE
                     value expressions: p_brand (type: string), p_retailprice (type: double)
             Execution mode: vectorized, llap
-            LLAP IO: no inputs
+            LLAP IO: all inputs
             Map Vectorization:
                 enabled: true
                 enabledConditionsMet: hive.vectorized.use.vector.serde.deserialize IS true
@@ -5301,7 +5301,7 @@ STAGE PLANS:
                               Statistics: Num rows: 52 Data size: 10166 Basic stats: COMPLETE Column stats: COMPLETE
                               value expressions: _col1 (type: string)
             Execution mode: llap
-            LLAP IO: no inputs
+            LLAP IO: all inputs
             Map Vectorization:
                 enabled: true
                 enabledConditionsMet: hive.vectorized.use.vector.serde.deserialize IS true
@@ -5651,7 +5651,7 @@ STAGE PLANS:
                     Statistics: Num rows: 26 Data size: 6006 Basic stats: COMPLETE Column stats: COMPLETE
                     value expressions: p_size (type: int)
             Execution mode: vectorized, llap
-            LLAP IO: no inputs
+            LLAP IO: all inputs
             Map Vectorization:
                 enabled: true
                 enabledConditionsMet: hive.vectorized.use.vector.serde.deserialize IS true
@@ -6436,7 +6436,7 @@ STAGE PLANS:
                         Statistics: Num rows: 13 Data size: 3003 Basic stats: COMPLETE Column stats: COMPLETE
                         value expressions: _col3 (type: double)
             Execution mode: vectorized, llap
-            LLAP IO: no inputs
+            LLAP IO: all inputs
             Map Vectorization:
                 enabled: true
                 enabledConditionsMet: hive.vectorized.use.vector.serde.deserialize IS true
@@ -6665,7 +6665,7 @@ STAGE PLANS:
                     Statistics: Num rows: 26 Data size: 5798 Basic stats: COMPLETE Column stats: COMPLETE
                     value expressions: p_name (type: string)
             Execution mode: vectorized, llap
-            LLAP IO: no inputs
+            LLAP IO: all inputs
             Map Vectorization:
                 enabled: true
                 enabledConditionsMet: hive.vectorized.use.vector.serde.deserialize IS true
@@ -6834,7 +6834,7 @@ STAGE PLANS:
                     Statistics: Num rows: 26 Data size: 5798 Basic stats: COMPLETE Column stats: COMPLETE
                     value expressions: p_size (type: int)
             Execution mode: vectorized, llap
-            LLAP IO: no inputs
+            LLAP IO: all inputs
             Map Vectorization:
                 enabled: true
                 enabledConditionsMet: hive.vectorized.use.vector.serde.deserialize IS true
@@ -6995,7 +6995,7 @@ STAGE PLANS:
                     Statistics: Num rows: 26 Data size: 5798 Basic stats: COMPLETE Column stats: COMPLETE
                     value expressions: p_size (type: int)
             Execution mode: vectorized, llap
-            LLAP IO: no inputs
+            LLAP IO: all inputs
             Map Vectorization:
                 enabled: true
                 enabledConditionsMet: hive.vectorized.use.vector.serde.deserialize IS true
@@ -7162,7 +7162,7 @@ STAGE PLANS:
                     Statistics: Num rows: 26 Data size: 5798 Basic stats: COMPLETE Column stats: COMPLETE
                     value expressions: p_size (type: int)
             Execution mode: vectorized, llap
-            LLAP IO: no inputs
+            LLAP IO: all inputs
             Map Vectorization:
                 enabled: true
                 enabledConditionsMet: hive.vectorized.use.vector.serde.deserialize IS true
@@ -7339,7 +7339,7 @@ STAGE PLANS:
                     Statistics: Num rows: 26 Data size: 5798 Basic stats: COMPLETE Column stats: COMPLETE
                     value expressions: p_size (type: int)
             Execution mode: vectorized, llap
-            LLAP IO: no inputs
+            LLAP IO: all inputs
             Map Vectorization:
                 enabled: true
                 enabledConditionsMet: hive.vectorized.use.vector.serde.deserialize IS true
@@ -7510,7 +7510,7 @@ STAGE PLANS:
                     Statistics: Num rows: 26 Data size: 5798 Basic stats: COMPLETE Column stats: COMPLETE
                     value expressions: p_size (type: int)
             Execution mode: vectorized, llap
-            LLAP IO: no inputs
+            LLAP IO: all inputs
             Map Vectorization:
                 enabled: true
                 enabledConditionsMet: hive.vectorized.use.vector.serde.deserialize IS true
@@ -7691,7 +7691,7 @@ STAGE PLANS:
                     Statistics: Num rows: 26 Data size: 5798 Basic stats: COMPLETE Column stats: COMPLETE
                     value expressions: p_size (type: int)
             Execution mode: vectorized, llap
-            LLAP IO: no inputs
+            LLAP IO: all inputs
             Map Vectorization:
                 enabled: true
                 enabledConditionsMet: hive.vectorized.use.vector.serde.deserialize IS true
@@ -7876,7 +7876,7 @@ STAGE PLANS:
                     Statistics: Num rows: 26 Data size: 5798 Basic stats: COMPLETE Column stats: COMPLETE
                     value expressions: p_size (type: int)
             Execution mode: vectorized, llap
-            LLAP IO: no inputs
+            LLAP IO: all inputs
             Map Vectorization:
                 enabled: true
                 enabledConditionsMet: hive.vectorized.use.vector.serde.deserialize IS true
@@ -8060,7 +8060,7 @@ STAGE PLANS:
                     Statistics: Num rows: 26 Data size: 5798 Basic stats: COMPLETE Column stats: COMPLETE
                     value expressions: p_size (type: int)
             Execution mode: vectorized, llap
-            LLAP IO: no inputs
+            LLAP IO: all inputs
             Map Vectorization:
                 enabled: true
                 enabledConditionsMet: hive.vectorized.use.vector.serde.deserialize IS true
@@ -8264,7 +8264,7 @@ STAGE PLANS:
                     Statistics: Num rows: 26 Data size: 5798 Basic stats: COMPLETE Column stats: COMPLETE
                     value expressions: p_size (type: int)
             Execution mode: vectorized, llap
-            LLAP IO: no inputs
+            LLAP IO: all inputs
             Map Vectorization:
                 enabled: true
                 enabledConditionsMet: hive.vectorized.use.vector.serde.deserialize IS true
@@ -8465,7 +8465,7 @@ STAGE PLANS:
                     Statistics: Num rows: 26 Data size: 2756 Basic stats: COMPLETE Column stats: COMPLETE
                     value expressions: p_retailprice (type: double)
             Execution mode: vectorized, llap
-            LLAP IO: no inputs
+            LLAP IO: all inputs
             Map Vectorization:
                 enabled: true
                 enabledConditionsMet: hive.vectorized.use.vector.serde.deserialize IS true
@@ -8765,7 +8765,7 @@ STAGE PLANS:
                     Statistics: Num rows: 26 Data size: 6006 Basic stats: COMPLETE Column stats: COMPLETE
                     value expressions: p_size (type: int), p_retailprice (type: double)
             Execution mode: vectorized, llap
-            LLAP IO: no inputs
+            LLAP IO: all inputs
             Map Vectorization:
                 enabled: true
                 enabledConditionsMet: hive.vectorized.use.vector.serde.deserialize IS true
@@ -9046,7 +9046,7 @@ STAGE PLANS:
                     Statistics: Num rows: 26 Data size: 5252 Basic stats: COMPLETE Column stats: COMPLETE
                     value expressions: p_type (type: string)
             Execution mode: vectorized, llap
-            LLAP IO: no inputs
+            LLAP IO: all inputs
             Map Vectorization:
                 enabled: true
                 enabledConditionsMet: hive.vectorized.use.vector.serde.deserialize IS true
@@ -9239,7 +9239,7 @@ STAGE PLANS:
                     Statistics: Num rows: 26 Data size: 6006 Basic stats: COMPLETE Column stats: COMPLETE
                     value expressions: p_size (type: int), p_retailprice (type: double)
             Execution mode: vectorized, llap
-            LLAP IO: no inputs
+            LLAP IO: all inputs
             Map Vectorization:
                 enabled: true
                 enabledConditionsMet: hive.vectorized.use.vector.serde.deserialize IS true
@@ -9431,7 +9431,7 @@ STAGE PLANS:
                     Statistics: Num rows: 26 Data size: 6006 Basic stats: COMPLETE Column stats: COMPLETE
                     value expressions: p_name (type: string), p_retailprice (type: double)
             Execution mode: vectorized, llap
-            LLAP IO: no inputs
+            LLAP IO: all inputs
             Map Vectorization:
                 enabled: true
                 enabledConditionsMet: hive.vectorized.use.vector.serde.deserialize IS true
@@ -9623,7 +9623,7 @@ STAGE PLANS:
                     Statistics: Num rows: 26 Data size: 6006 Basic stats: COMPLETE Column stats: COMPLETE
                     value expressions: p_size (type: int), p_retailprice (type: double)
             Execution mode: vectorized, llap
-            LLAP IO: no inputs
+            LLAP IO: all inputs
             Map Vectorization:
                 enabled: true
                 enabledConditionsMet: hive.vectorized.use.vector.serde.deserialize IS true
@@ -9782,7 +9782,7 @@ STAGE PLANS:
                     Statistics: Num rows: 26 Data size: 6006 Basic stats: COMPLETE Column stats: COMPLETE
                     value expressions: p_name (type: string), p_retailprice (type: double)
             Execution mode: vectorized, llap
-            LLAP IO: no inputs
+            LLAP IO: all inputs
             Map Vectorization:
                 enabled: true
                 enabledConditionsMet: hive.vectorized.use.vector.serde.deserialize IS true
@@ -9945,7 +9945,7 @@ STAGE PLANS:
                     Statistics: Num rows: 26 Data size: 3354 Basic stats: COMPLETE Column stats: COMPLETE
                     value expressions: p_name (type: string), p_retailprice (type: double)
             Execution mode: vectorized, llap
-            LLAP IO: no inputs
+            LLAP IO: all inputs
             Map Vectorization:
                 enabled: true
                 enabledConditionsMet: hive.vectorized.use.vector.serde.deserialize IS true
@@ -10183,7 +10183,7 @@ STAGE PLANS:
                           partitionColumns: 11:string
                       Statistics: Num rows: 5 Data size: 510 Basic stats: COMPLETE Column stats: COMPLETE
             Execution mode: vectorized, llap
-            LLAP IO: no inputs
+            LLAP IO: all inputs
             Map Vectorization:
                 enabled: true
                 enabledConditionsMet: hive.vectorized.use.vector.serde.deserialize IS true
@@ -10362,7 +10362,7 @@ STAGE PLANS:
                       Statistics: Num rows: 5 Data size: 1135 Basic stats: COMPLETE Column stats: COMPLETE
                       value expressions: p_retailprice (type: double)
             Execution mode: vectorized, llap
-            LLAP IO: no inputs
+            LLAP IO: all inputs
             Map Vectorization:
                 enabled: true
                 enabledConditionsMet: hive.vectorized.use.vector.serde.deserialize IS true
@@ -10516,7 +10516,7 @@ STAGE PLANS:
                       Statistics: Num rows: 5 Data size: 510 Basic stats: COMPLETE Column stats: COMPLETE
                       value expressions: p_size (type: int)
             Execution mode: vectorized, llap
-            LLAP IO: no inputs
+            LLAP IO: all inputs
             Map Vectorization:
                 enabled: true
                 enabledConditionsMet: hive.vectorized.use.vector.serde.deserialize IS true
diff --git a/ql/src/test/results/clientpositive/llap/vector_windowing_expressions.q.out b/ql/src/test/results/clientpositive/llap/vector_windowing_expressions.q.out
index 9e870dd409..27596a655a 100644
--- a/ql/src/test/results/clientpositive/llap/vector_windowing_expressions.q.out
+++ b/ql/src/test/results/clientpositive/llap/vector_windowing_expressions.q.out
@@ -102,7 +102,7 @@ STAGE PLANS:
                     Statistics: Num rows: 26 Data size: 2860 Basic stats: COMPLETE Column stats: COMPLETE
                     value expressions: p_size (type: int)
             Execution mode: vectorized, llap
-            LLAP IO: no inputs
+            LLAP IO: all inputs
             Map Vectorization:
                 enabled: true
                 enabledConditionsMet: hive.vectorized.use.vector.serde.deserialize IS true
@@ -300,7 +300,7 @@ STAGE PLANS:
                     Statistics: Num rows: 26 Data size: 2860 Basic stats: COMPLETE Column stats: COMPLETE
                     value expressions: p_size (type: int)
             Execution mode: vectorized, llap
-            LLAP IO: no inputs
+            LLAP IO: all inputs
             Map Vectorization:
                 enabled: true
                 enabledConditionsMet: hive.vectorized.use.vector.serde.deserialize IS true
@@ -497,7 +497,7 @@ STAGE PLANS:
                         partitionColumns: 0:tinyint
                     Statistics: Num rows: 1 Data size: 200 Basic stats: COMPLETE Column stats: NONE
             Execution mode: vectorized, llap
-            LLAP IO: no inputs
+            LLAP IO: all inputs
             Map Vectorization:
                 enabled: true
                 enabledConditionsMet: hive.vectorized.use.vector.serde.deserialize IS true
@@ -724,7 +724,7 @@ STAGE PLANS:
                         partitionColumns: 1:smallint
                     Statistics: Num rows: 1 Data size: 192 Basic stats: COMPLETE Column stats: NONE
             Execution mode: vectorized, llap
-            LLAP IO: no inputs
+            LLAP IO: all inputs
             Map Vectorization:
                 enabled: true
                 enabledConditionsMet: hive.vectorized.use.vector.serde.deserialize IS true
@@ -951,7 +951,7 @@ STAGE PLANS:
                         partitionColumns: 3:bigint
                     Statistics: Num rows: 1 Data size: 204 Basic stats: COMPLETE Column stats: NONE
             Execution mode: vectorized, llap
-            LLAP IO: no inputs
+            LLAP IO: all inputs
             Map Vectorization:
                 enabled: true
                 enabledConditionsMet: hive.vectorized.use.vector.serde.deserialize IS true
@@ -1180,7 +1180,7 @@ STAGE PLANS:
                     Statistics: Num rows: 1 Data size: 196 Basic stats: COMPLETE Column stats: NONE
                     value expressions: s (type: string)
             Execution mode: vectorized, llap
-            LLAP IO: no inputs
+            LLAP IO: all inputs
             Map Vectorization:
                 enabled: true
                 enabledConditionsMet: hive.vectorized.use.vector.serde.deserialize IS true
@@ -1408,7 +1408,7 @@ STAGE PLANS:
                     Statistics: Num rows: 26 Data size: 5460 Basic stats: COMPLETE Column stats: COMPLETE
                     value expressions: p_retailprice (type: double)
             Execution mode: vectorized, llap
-            LLAP IO: no inputs
+            LLAP IO: all inputs
             Map Vectorization:
                 enabled: true
                 enabledConditionsMet: hive.vectorized.use.vector.serde.deserialize IS true
@@ -1591,7 +1591,7 @@ STAGE PLANS:
                     Statistics: Num rows: 26 Data size: 5460 Basic stats: COMPLETE Column stats: COMPLETE
                     value expressions: p_retailprice (type: double)
             Execution mode: vectorized, llap
-            LLAP IO: no inputs
+            LLAP IO: all inputs
             Map Vectorization:
                 enabled: true
                 enabledConditionsMet: hive.vectorized.use.vector.serde.deserialize IS true
@@ -1796,7 +1796,7 @@ STAGE PLANS:
                     Statistics: Num rows: 1 Data size: 228 Basic stats: COMPLETE Column stats: NONE
                     value expressions: s (type: string)
             Execution mode: vectorized, llap
-            LLAP IO: no inputs
+            LLAP IO: all inputs
             Map Vectorization:
                 enabled: true
                 enabledConditionsMet: hive.vectorized.use.vector.serde.deserialize IS true
@@ -2044,7 +2044,7 @@ STAGE PLANS:
                     Statistics: Num rows: 26 Data size: 2860 Basic stats: COMPLETE Column stats: COMPLETE
                     value expressions: p_size (type: int)
             Execution mode: vectorized, llap
-            LLAP IO: no inputs
+            LLAP IO: all inputs
             Map Vectorization:
                 enabled: true
                 enabledConditionsMet: hive.vectorized.use.vector.serde.deserialize IS true
diff --git a/ql/src/test/results/clientpositive/llap/vector_windowing_gby.q.out b/ql/src/test/results/clientpositive/llap/vector_windowing_gby.q.out
index 988e52a3da..9849527730 100644
--- a/ql/src/test/results/clientpositive/llap/vector_windowing_gby.q.out
+++ b/ql/src/test/results/clientpositive/llap/vector_windowing_gby.q.out
@@ -73,7 +73,7 @@ STAGE PLANS:
                         Statistics: Num rows: 18 Data size: 1581 Basic stats: COMPLETE Column stats: COMPLETE
                         value expressions: _col1 (type: int), _col2 (type: boolean)
             Execution mode: vectorized, llap
-            LLAP IO: no inputs
+            LLAP IO: all inputs
             Map Vectorization:
                 enabled: true
                 enabledConditionsMet: hive.vectorized.use.vector.serde.deserialize IS true
diff --git a/ql/src/test/results/clientpositive/llap/vector_windowing_gby2.q.out b/ql/src/test/results/clientpositive/llap/vector_windowing_gby2.q.out
index bef5ff0d63..d4e3c08da6 100644
--- a/ql/src/test/results/clientpositive/llap/vector_windowing_gby2.q.out
+++ b/ql/src/test/results/clientpositive/llap/vector_windowing_gby2.q.out
@@ -75,7 +75,7 @@ STAGE PLANS:
                         Statistics: Num rows: 7 Data size: 651 Basic stats: COMPLETE Column stats: COMPLETE
                         value expressions: _col1 (type: bigint)
             Execution mode: vectorized, llap
-            LLAP IO: no inputs
+            LLAP IO: all inputs
             Map Vectorization:
                 enabled: true
                 enabledConditionsMet: hive.vectorized.use.vector.serde.deserialize IS true
@@ -323,7 +323,7 @@ STAGE PLANS:
                         Statistics: Num rows: 6 Data size: 1176 Basic stats: COMPLETE Column stats: COMPLETE
                         value expressions: _col1 (type: string), _col2 (type: bigint)
             Execution mode: vectorized, llap
-            LLAP IO: no inputs
+            LLAP IO: all inputs
             Map Vectorization:
                 enabled: true
                 enabledConditionsMet: hive.vectorized.use.vector.serde.deserialize IS true
@@ -566,7 +566,7 @@ STAGE PLANS:
                         Statistics: Num rows: 10 Data size: 1980 Basic stats: COMPLETE Column stats: COMPLETE
                         value expressions: _col2 (type: double), _col3 (type: double), _col4 (type: int), _col5 (type: double)
             Execution mode: vectorized, llap
-            LLAP IO: no inputs
+            LLAP IO: all inputs
             Map Vectorization:
                 enabled: true
                 enabledConditionsMet: hive.vectorized.use.vector.serde.deserialize IS true
@@ -935,7 +935,7 @@ STAGE PLANS:
                         Statistics: Num rows: 18 Data size: 1581 Basic stats: COMPLETE Column stats: COMPLETE
                         value expressions: _col1 (type: int), _col2 (type: boolean)
             Execution mode: vectorized, llap
-            LLAP IO: no inputs
+            LLAP IO: all inputs
             Map Vectorization:
                 enabled: true
                 enabledConditionsMet: hive.vectorized.use.vector.serde.deserialize IS true
diff --git a/ql/src/test/results/clientpositive/llap/vector_windowing_multipartitioning.q.out b/ql/src/test/results/clientpositive/llap/vector_windowing_multipartitioning.q.out
index 02b88090d2..63651f49ae 100644
--- a/ql/src/test/results/clientpositive/llap/vector_windowing_multipartitioning.q.out
+++ b/ql/src/test/results/clientpositive/llap/vector_windowing_multipartitioning.q.out
@@ -94,7 +94,7 @@ STAGE PLANS:
                     Statistics: Num rows: 1 Data size: 196 Basic stats: COMPLETE Column stats: NONE
                     value expressions: b (type: bigint)
             Execution mode: vectorized, llap
-            LLAP IO: no inputs
+            LLAP IO: all inputs
             Map Vectorization:
                 enabled: true
                 enabledConditionsMet: hive.vectorized.use.vector.serde.deserialize IS true
@@ -10274,7 +10274,7 @@ STAGE PLANS:
                       Statistics: Num rows: 1 Data size: 344 Basic stats: COMPLETE Column stats: NONE
                       value expressions: b (type: bigint), ts (type: timestamp)
             Execution mode: vectorized, llap
-            LLAP IO: no inputs
+            LLAP IO: all inputs
             Map Vectorization:
                 enabled: true
                 enabledConditionsMet: hive.vectorized.use.vector.serde.deserialize IS true
@@ -10557,7 +10557,7 @@ STAGE PLANS:
                       Statistics: Num rows: 1 Data size: 196 Basic stats: COMPLETE Column stats: NONE
                       value expressions: si (type: smallint), i (type: int), f (type: float)
             Execution mode: vectorized, llap
-            LLAP IO: no inputs
+            LLAP IO: all inputs
             Map Vectorization:
                 enabled: true
                 enabledConditionsMet: hive.vectorized.use.vector.serde.deserialize IS true
@@ -10831,7 +10831,7 @@ STAGE PLANS:
                       Statistics: Num rows: 1 Data size: 336 Basic stats: COMPLETE Column stats: NONE
                       value expressions: si (type: smallint), bin (type: binary)
             Execution mode: vectorized, llap
-            LLAP IO: no inputs
+            LLAP IO: all inputs
             Map Vectorization:
                 enabled: true
                 enabledConditionsMet: hive.vectorized.use.vector.serde.deserialize IS true
@@ -11109,7 +11109,7 @@ STAGE PLANS:
                       Statistics: Num rows: 1 Data size: 192 Basic stats: COMPLETE Column stats: NONE
                       value expressions: f (type: float), s (type: string)
             Execution mode: vectorized, llap
-            LLAP IO: no inputs
+            LLAP IO: all inputs
             Map Vectorization:
                 enabled: true
                 enabledConditionsMet: hive.vectorized.use.vector.serde.deserialize IS true
@@ -11396,7 +11396,7 @@ STAGE PLANS:
                       Statistics: Num rows: 1 Data size: 304 Basic stats: COMPLETE Column stats: NONE
                       value expressions: si (type: smallint), f (type: float)
             Execution mode: vectorized, llap
-            LLAP IO: no inputs
+            LLAP IO: all inputs
             Map Vectorization:
                 enabled: true
                 enabledConditionsMet: hive.vectorized.use.vector.serde.deserialize IS true
diff --git a/ql/src/test/results/clientpositive/llap/vector_windowing_navfn.q.out b/ql/src/test/results/clientpositive/llap/vector_windowing_navfn.q.out
index 58c9b283c2..db54e79b6a 100644
--- a/ql/src/test/results/clientpositive/llap/vector_windowing_navfn.q.out
+++ b/ql/src/test/results/clientpositive/llap/vector_windowing_navfn.q.out
@@ -100,7 +100,7 @@ STAGE PLANS:
                           nativeConditionsMet: hive.vectorized.execution.reducesink.new.enabled IS true, hive.execution.engine tez IN [tez, spark] IS true, No PTF TopN IS true, No DISTINCT columns IS true, BinarySortableSerDe for keys IS true, LazyBinarySerDe for values IS true
                       Statistics: Num rows: 2 Data size: 174 Basic stats: COMPLETE Column stats: COMPLETE
             Execution mode: vectorized, llap
-            LLAP IO: no inputs
+            LLAP IO: all inputs
             Map Vectorization:
                 enabled: true
                 enabledConditionsMet: hive.vectorized.use.vector.serde.deserialize IS true
@@ -250,7 +250,7 @@ STAGE PLANS:
                     Statistics: Num rows: 1 Data size: 304 Basic stats: COMPLETE Column stats: NONE
                     value expressions: s (type: string)
             Execution mode: vectorized, llap
-            LLAP IO: no inputs
+            LLAP IO: all inputs
             Map Vectorization:
                 enabled: true
                 enabledConditionsMet: hive.vectorized.use.vector.serde.deserialize IS true
@@ -513,7 +513,7 @@ STAGE PLANS:
                     Statistics: Num rows: 1 Data size: 340 Basic stats: COMPLETE Column stats: NONE
                     value expressions: s (type: string)
             Execution mode: vectorized, llap
-            LLAP IO: no inputs
+            LLAP IO: all inputs
             Map Vectorization:
                 enabled: true
                 enabledConditionsMet: hive.vectorized.use.vector.serde.deserialize IS true
@@ -740,7 +740,7 @@ STAGE PLANS:
                         partitionColumns: 2:int
                     Statistics: Num rows: 1 Data size: 300 Basic stats: COMPLETE Column stats: NONE
             Execution mode: vectorized, llap
-            LLAP IO: no inputs
+            LLAP IO: all inputs
             Map Vectorization:
                 enabled: true
                 enabledConditionsMet: hive.vectorized.use.vector.serde.deserialize IS true
@@ -969,7 +969,7 @@ STAGE PLANS:
                     Statistics: Num rows: 1 Data size: 200 Basic stats: COMPLETE Column stats: NONE
                     value expressions: t (type: tinyint), s (type: string)
             Execution mode: vectorized, llap
-            LLAP IO: no inputs
+            LLAP IO: all inputs
             Map Vectorization:
                 enabled: true
                 enabledConditionsMet: hive.vectorized.use.vector.serde.deserialize IS true
@@ -1230,7 +1230,7 @@ STAGE PLANS:
                         partitionColumns: 6:boolean
                     Statistics: Num rows: 1 Data size: 188 Basic stats: COMPLETE Column stats: NONE
             Execution mode: vectorized, llap
-            LLAP IO: no inputs
+            LLAP IO: all inputs
             Map Vectorization:
                 enabled: true
                 enabledConditionsMet: hive.vectorized.use.vector.serde.deserialize IS true
@@ -1469,7 +1469,7 @@ STAGE PLANS:
                       Statistics: Num rows: 1 Data size: 192 Basic stats: COMPLETE Column stats: NONE
                       value expressions: i (type: int)
             Execution mode: vectorized, llap
-            LLAP IO: no inputs
+            LLAP IO: all inputs
             Map Vectorization:
                 enabled: true
                 enabledConditionsMet: hive.vectorized.use.vector.serde.deserialize IS true
@@ -1665,7 +1665,7 @@ STAGE PLANS:
                         partitionColumns: 0:int
                     Statistics: Num rows: 15 Data size: 96 Basic stats: COMPLETE Column stats: COMPLETE
             Execution mode: vectorized, llap
-            LLAP IO: no inputs
+            LLAP IO: all inputs
             Map Vectorization:
                 enabled: true
                 enabledConditionsMet: hive.vectorized.use.vector.serde.deserialize IS true
@@ -1841,7 +1841,7 @@ STAGE PLANS:
                         partitionColumns: 0:int
                     Statistics: Num rows: 15 Data size: 96 Basic stats: COMPLETE Column stats: COMPLETE
             Execution mode: vectorized, llap
-            LLAP IO: no inputs
+            LLAP IO: all inputs
             Map Vectorization:
                 enabled: true
                 enabledConditionsMet: hive.vectorized.use.vector.serde.deserialize IS true
@@ -2017,7 +2017,7 @@ STAGE PLANS:
                         partitionColumns: 0:int
                     Statistics: Num rows: 15 Data size: 96 Basic stats: COMPLETE Column stats: COMPLETE
             Execution mode: vectorized, llap
-            LLAP IO: no inputs
+            LLAP IO: all inputs
             Map Vectorization:
                 enabled: true
                 enabledConditionsMet: hive.vectorized.use.vector.serde.deserialize IS true
@@ -2193,7 +2193,7 @@ STAGE PLANS:
                         partitionColumns: 0:int
                     Statistics: Num rows: 15 Data size: 96 Basic stats: COMPLETE Column stats: COMPLETE
             Execution mode: vectorized, llap
-            LLAP IO: no inputs
+            LLAP IO: all inputs
             Map Vectorization:
                 enabled: true
                 enabledConditionsMet: hive.vectorized.use.vector.serde.deserialize IS true
diff --git a/ql/src/test/results/clientpositive/llap/vector_windowing_order_null.q.out b/ql/src/test/results/clientpositive/llap/vector_windowing_order_null.q.out
index 53cf6d5b6f..b59505c615 100644
--- a/ql/src/test/results/clientpositive/llap/vector_windowing_order_null.q.out
+++ b/ql/src/test/results/clientpositive/llap/vector_windowing_order_null.q.out
@@ -100,7 +100,7 @@ STAGE PLANS:
                         partitionColumns: 2:int
                     Statistics: Num rows: 1 Data size: 196 Basic stats: COMPLETE Column stats: NONE
             Execution mode: vectorized, llap
-            LLAP IO: no inputs
+            LLAP IO: all inputs
             Map Vectorization:
                 enabled: true
                 enabledConditionsMet: hive.vectorized.use.vector.serde.deserialize IS true
@@ -271,7 +271,7 @@ STAGE PLANS:
                         partitionColumns: 5:double
                     Statistics: Num rows: 1 Data size: 196 Basic stats: COMPLETE Column stats: NONE
             Execution mode: vectorized, llap
-            LLAP IO: no inputs
+            LLAP IO: all inputs
             Map Vectorization:
                 enabled: true
                 enabledConditionsMet: hive.vectorized.use.vector.serde.deserialize IS true
@@ -444,7 +444,7 @@ STAGE PLANS:
                     Statistics: Num rows: 1 Data size: 228 Basic stats: COMPLETE Column stats: NONE
                     value expressions: s (type: string)
             Execution mode: vectorized, llap
-            LLAP IO: no inputs
+            LLAP IO: all inputs
             Map Vectorization:
                 enabled: true
                 enabledConditionsMet: hive.vectorized.use.vector.serde.deserialize IS true
@@ -580,7 +580,7 @@ STAGE PLANS:
                         partitionColumns: 0:tinyint
                     Statistics: Num rows: 1 Data size: 196 Basic stats: COMPLETE Column stats: NONE
             Execution mode: vectorized, llap
-            LLAP IO: no inputs
+            LLAP IO: all inputs
             Map Vectorization:
                 enabled: true
                 enabledConditionsMet: hive.vectorized.use.vector.serde.deserialize IS true
@@ -718,7 +718,7 @@ STAGE PLANS:
                     Statistics: Num rows: 1 Data size: 228 Basic stats: COMPLETE Column stats: NONE
                     value expressions: i (type: int)
             Execution mode: vectorized, llap
-            LLAP IO: no inputs
+            LLAP IO: all inputs
             Map Vectorization:
                 enabled: true
                 enabledConditionsMet: hive.vectorized.use.vector.serde.deserialize IS true
@@ -892,7 +892,7 @@ STAGE PLANS:
                     Statistics: Num rows: 1 Data size: 196 Basic stats: COMPLETE Column stats: NONE
                     value expressions: d (type: double)
             Execution mode: vectorized, llap
-            LLAP IO: no inputs
+            LLAP IO: all inputs
             Map Vectorization:
                 enabled: true
                 enabledConditionsMet: hive.vectorized.use.vector.serde.deserialize IS true
@@ -1061,7 +1061,7 @@ STAGE PLANS:
                     Statistics: Num rows: 1 Data size: 196 Basic stats: COMPLETE Column stats: NONE
                     value expressions: d (type: double)
             Execution mode: vectorized, llap
-            LLAP IO: no inputs
+            LLAP IO: all inputs
             Map Vectorization:
                 enabled: true
                 enabledConditionsMet: hive.vectorized.use.vector.serde.deserialize IS true
@@ -1230,7 +1230,7 @@ STAGE PLANS:
                     Statistics: Num rows: 1 Data size: 196 Basic stats: COMPLETE Column stats: NONE
                     value expressions: d (type: double)
             Execution mode: vectorized, llap
-            LLAP IO: no inputs
+            LLAP IO: all inputs
             Map Vectorization:
                 enabled: true
                 enabledConditionsMet: hive.vectorized.use.vector.serde.deserialize IS true
diff --git a/ql/src/test/results/clientpositive/llap/vector_windowing_range_multiorder.q.out b/ql/src/test/results/clientpositive/llap/vector_windowing_range_multiorder.q.out
index 632b3c5783..2e9512a37e 100644
--- a/ql/src/test/results/clientpositive/llap/vector_windowing_range_multiorder.q.out
+++ b/ql/src/test/results/clientpositive/llap/vector_windowing_range_multiorder.q.out
@@ -94,7 +94,7 @@ STAGE PLANS:
                     Statistics: Num rows: 1 Data size: 20 Basic stats: COMPLETE Column stats: NONE
                     value expressions: t (type: tinyint)
             Execution mode: vectorized, llap
-            LLAP IO: no inputs
+            LLAP IO: all inputs
             Map Vectorization:
                 enabled: true
                 enabledConditionsMet: hive.vectorized.use.vector.serde.deserialize IS true
@@ -355,7 +355,7 @@ STAGE PLANS:
                         partitionColumns: 1:smallint, 6:boolean
                     Statistics: Num rows: 1 Data size: 16 Basic stats: COMPLETE Column stats: NONE
             Execution mode: vectorized, llap
-            LLAP IO: no inputs
+            LLAP IO: all inputs
             Map Vectorization:
                 enabled: true
                 enabledConditionsMet: hive.vectorized.use.vector.serde.deserialize IS true
@@ -581,7 +581,7 @@ STAGE PLANS:
                         partitionColumns: 1:smallint, 6:boolean
                     Statistics: Num rows: 1 Data size: 16 Basic stats: COMPLETE Column stats: NONE
             Execution mode: vectorized, llap
-            LLAP IO: no inputs
+            LLAP IO: all inputs
             Map Vectorization:
                 enabled: true
                 enabledConditionsMet: hive.vectorized.use.vector.serde.deserialize IS true
@@ -808,7 +808,7 @@ STAGE PLANS:
                     Statistics: Num rows: 1 Data size: 192 Basic stats: COMPLETE Column stats: NONE
                     value expressions: si (type: smallint), i (type: int)
             Execution mode: vectorized, llap
-            LLAP IO: no inputs
+            LLAP IO: all inputs
             Map Vectorization:
                 enabled: true
                 enabledConditionsMet: hive.vectorized.use.vector.serde.deserialize IS true
@@ -10961,7 +10961,7 @@ STAGE PLANS:
                         partitionColumns: 7:string
                     Statistics: Num rows: 1 Data size: 192 Basic stats: COMPLETE Column stats: NONE
             Execution mode: vectorized, llap
-            LLAP IO: no inputs
+            LLAP IO: all inputs
             Map Vectorization:
                 enabled: true
                 enabledConditionsMet: hive.vectorized.use.vector.serde.deserialize IS true
@@ -11222,7 +11222,7 @@ STAGE PLANS:
                         partitionColumns: 7:string
                     Statistics: Num rows: 1 Data size: 192 Basic stats: COMPLETE Column stats: NONE
             Execution mode: vectorized, llap
-            LLAP IO: no inputs
+            LLAP IO: all inputs
             Map Vectorization:
                 enabled: true
                 enabledConditionsMet: hive.vectorized.use.vector.serde.deserialize IS true
@@ -11483,7 +11483,7 @@ STAGE PLANS:
                         partitionColumns: 7:string
                     Statistics: Num rows: 1 Data size: 192 Basic stats: COMPLETE Column stats: NONE
             Execution mode: vectorized, llap
-            LLAP IO: no inputs
+            LLAP IO: all inputs
             Map Vectorization:
                 enabled: true
                 enabledConditionsMet: hive.vectorized.use.vector.serde.deserialize IS true
@@ -11744,7 +11744,7 @@ STAGE PLANS:
                         partitionColumns: 1:smallint, 6:boolean
                     Statistics: Num rows: 1 Data size: 16 Basic stats: COMPLETE Column stats: NONE
             Execution mode: vectorized, llap
-            LLAP IO: no inputs
+            LLAP IO: all inputs
             Map Vectorization:
                 enabled: true
                 enabledConditionsMet: hive.vectorized.use.vector.serde.deserialize IS true
@@ -12005,7 +12005,7 @@ STAGE PLANS:
                         partitionColumns: 2:int
                     Statistics: Num rows: 1 Data size: 16 Basic stats: COMPLETE Column stats: NONE
             Execution mode: vectorized, llap
-            LLAP IO: no inputs
+            LLAP IO: all inputs
             Map Vectorization:
                 enabled: true
                 enabledConditionsMet: hive.vectorized.use.vector.serde.deserialize IS true
@@ -12235,7 +12235,7 @@ STAGE PLANS:
                     Statistics: Num rows: 1 Data size: 188 Basic stats: COMPLETE Column stats: NONE
                     value expressions: s (type: string)
             Execution mode: vectorized, llap
-            LLAP IO: no inputs
+            LLAP IO: all inputs
             Map Vectorization:
                 enabled: true
                 enabledConditionsMet: hive.vectorized.use.vector.serde.deserialize IS true
@@ -12465,7 +12465,7 @@ STAGE PLANS:
                     Statistics: Num rows: 1 Data size: 188 Basic stats: COMPLETE Column stats: NONE
                     value expressions: s (type: string)
             Execution mode: vectorized, llap
-            LLAP IO: no inputs
+            LLAP IO: all inputs
             Map Vectorization:
                 enabled: true
                 enabledConditionsMet: hive.vectorized.use.vector.serde.deserialize IS true
diff --git a/ql/src/test/results/clientpositive/llap/vector_windowing_rank.q.out b/ql/src/test/results/clientpositive/llap/vector_windowing_rank.q.out
index dfa6488c60..b812e19f9a 100644
--- a/ql/src/test/results/clientpositive/llap/vector_windowing_rank.q.out
+++ b/ql/src/test/results/clientpositive/llap/vector_windowing_rank.q.out
@@ -94,7 +94,7 @@ STAGE PLANS:
                     Statistics: Num rows: 1 Data size: 192 Basic stats: COMPLETE Column stats: NONE
                     value expressions: s (type: string)
             Execution mode: vectorized, llap
-            LLAP IO: no inputs
+            LLAP IO: all inputs
             Map Vectorization:
                 enabled: true
                 enabledConditionsMet: hive.vectorized.use.vector.serde.deserialize IS true
@@ -356,7 +356,7 @@ STAGE PLANS:
                         partitionColumns: 8:timestamp
                     Statistics: Num rows: 1 Data size: 228 Basic stats: COMPLETE Column stats: NONE
             Execution mode: vectorized, llap
-            LLAP IO: no inputs
+            LLAP IO: all inputs
             Map Vectorization:
                 enabled: true
                 enabledConditionsMet: hive.vectorized.use.vector.serde.deserialize IS true
@@ -618,7 +618,7 @@ STAGE PLANS:
                         partitionColumns: 6:boolean
                     Statistics: Num rows: 1 Data size: 196 Basic stats: COMPLETE Column stats: NONE
             Execution mode: vectorized, llap
-            LLAP IO: no inputs
+            LLAP IO: all inputs
             Map Vectorization:
                 enabled: true
                 enabledConditionsMet: hive.vectorized.use.vector.serde.deserialize IS true
@@ -847,7 +847,7 @@ STAGE PLANS:
                     Statistics: Num rows: 1 Data size: 300 Basic stats: COMPLETE Column stats: NONE
                     value expressions: s (type: string)
             Execution mode: vectorized, llap
-            LLAP IO: no inputs
+            LLAP IO: all inputs
             Map Vectorization:
                 enabled: true
                 enabledConditionsMet: hive.vectorized.use.vector.serde.deserialize IS true
@@ -1112,7 +1112,7 @@ STAGE PLANS:
                         Statistics: Num rows: 1 Data size: 160 Basic stats: COMPLETE Column stats: NONE
                         value expressions: _col1 (type: timestamp), _col2 (type: decimal(4,2))
             Execution mode: vectorized, llap
-            LLAP IO: no inputs
+            LLAP IO: all inputs
             Map Vectorization:
                 enabled: true
                 enabledConditionsMet: hive.vectorized.use.vector.serde.deserialize IS true
@@ -1164,7 +1164,7 @@ STAGE PLANS:
                             nativeConditionsMet: hive.vectorized.execution.reducesink.new.enabled IS true, hive.execution.engine tez IN [tez, spark] IS true, No PTF TopN IS true, No DISTINCT columns IS true, BinarySortableSerDe for keys IS true, LazyBinarySerDe for values IS true
                         Statistics: Num rows: 1 Data size: 8 Basic stats: COMPLETE Column stats: NONE
             Execution mode: vectorized, llap
-            LLAP IO: no inputs
+            LLAP IO: all inputs
             Map Vectorization:
                 enabled: true
                 enabledConditionsMet: hive.vectorized.use.vector.serde.deserialize IS true
@@ -1422,7 +1422,7 @@ STAGE PLANS:
                         Statistics: Num rows: 1 Data size: 160 Basic stats: COMPLETE Column stats: NONE
                         value expressions: _col1 (type: timestamp), _col2 (type: decimal(4,2))
             Execution mode: vectorized, llap
-            LLAP IO: no inputs
+            LLAP IO: all inputs
             Map Vectorization:
                 enabled: true
                 enabledConditionsMet: hive.vectorized.use.vector.serde.deserialize IS true
@@ -1474,7 +1474,7 @@ STAGE PLANS:
                             nativeConditionsMet: hive.vectorized.execution.reducesink.new.enabled IS true, hive.execution.engine tez IN [tez, spark] IS true, No PTF TopN IS true, No DISTINCT columns IS true, BinarySortableSerDe for keys IS true, LazyBinarySerDe for values IS true
                         Statistics: Num rows: 1 Data size: 8 Basic stats: COMPLETE Column stats: NONE
             Execution mode: vectorized, llap
-            LLAP IO: no inputs
+            LLAP IO: all inputs
             Map Vectorization:
                 enabled: true
                 enabledConditionsMet: hive.vectorized.use.vector.serde.deserialize IS true
@@ -1734,7 +1734,7 @@ STAGE PLANS:
                         Statistics: Num rows: 1 Data size: 164 Basic stats: COMPLETE Column stats: NONE
                         value expressions: _col1 (type: timestamp), _col2 (type: decimal(4,2))
             Execution mode: vectorized, llap
-            LLAP IO: no inputs
+            LLAP IO: all inputs
             Map Vectorization:
                 enabled: true
                 enabledConditionsMet: hive.vectorized.use.vector.serde.deserialize IS true
@@ -1786,7 +1786,7 @@ STAGE PLANS:
                             nativeConditionsMet: hive.vectorized.execution.reducesink.new.enabled IS true, hive.execution.engine tez IN [tez, spark] IS true, No PTF TopN IS true, No DISTINCT columns IS true, BinarySortableSerDe for keys IS true, LazyBinarySerDe for values IS true
                         Statistics: Num rows: 1 Data size: 8 Basic stats: COMPLETE Column stats: NONE
             Execution mode: vectorized, llap
-            LLAP IO: no inputs
+            LLAP IO: all inputs
             Map Vectorization:
                 enabled: true
                 enabledConditionsMet: hive.vectorized.use.vector.serde.deserialize IS true
diff --git a/ql/src/test/results/clientpositive/llap/vector_windowing_row_number.q.out b/ql/src/test/results/clientpositive/llap/vector_windowing_row_number.q.out
index bb15a7309f..4c8ff3f2d5 100644
--- a/ql/src/test/results/clientpositive/llap/vector_windowing_row_number.q.out
+++ b/ql/src/test/results/clientpositive/llap/vector_windowing_row_number.q.out
@@ -102,7 +102,7 @@ STAGE PLANS:
                     Statistics: Num rows: 4904 Data size: 416840 Basic stats: COMPLETE Column stats: COMPLETE
                     value expressions: col (type: string)
             Execution mode: vectorized, llap
-            LLAP IO: no inputs
+            LLAP IO: all inputs
         Reducer 2 
             Execution mode: vectorized, llap
             Reduce Operator Tree:
@@ -471,7 +471,7 @@ STAGE PLANS:
                     Statistics: Num rows: 4904 Data size: 416840 Basic stats: COMPLETE Column stats: COMPLETE
                     value expressions: col (type: string)
             Execution mode: llap
-            LLAP IO: no inputs
+            LLAP IO: all inputs
         Reducer 2 
             Execution mode: llap
             Reduce Operator Tree:
diff --git a/ql/src/test/results/clientpositive/llap/vector_windowing_streaming.q.out b/ql/src/test/results/clientpositive/llap/vector_windowing_streaming.q.out
index 4a984c4bf9..6bb6fdc312 100644
--- a/ql/src/test/results/clientpositive/llap/vector_windowing_streaming.q.out
+++ b/ql/src/test/results/clientpositive/llap/vector_windowing_streaming.q.out
@@ -94,7 +94,7 @@ STAGE PLANS:
                         partitionColumns: 2:string
                     Statistics: Num rows: 26 Data size: 5694 Basic stats: COMPLETE Column stats: COMPLETE
             Execution mode: vectorized, llap
-            LLAP IO: no inputs
+            LLAP IO: all inputs
             Map Vectorization:
                 enabled: true
                 enabledConditionsMet: hive.vectorized.use.vector.serde.deserialize IS true
@@ -256,7 +256,7 @@ STAGE PLANS:
                           partitionColumns: 2:string
                       Statistics: Num rows: 26 Data size: 5694 Basic stats: COMPLETE Column stats: COMPLETE
             Execution mode: vectorized, llap
-            LLAP IO: no inputs
+            LLAP IO: all inputs
             Map Vectorization:
                 enabled: true
                 enabledConditionsMet: hive.vectorized.use.vector.serde.deserialize IS true
@@ -480,7 +480,7 @@ STAGE PLANS:
                             partitionColumns: 0:tinyint
                         Statistics: Num rows: 1 Data size: 8 Basic stats: COMPLETE Column stats: NONE
             Execution mode: vectorized, llap
-            LLAP IO: no inputs
+            LLAP IO: all inputs
             Map Vectorization:
                 enabled: true
                 enabledConditionsMet: hive.vectorized.use.vector.serde.deserialize IS true
diff --git a/ql/src/test/results/clientpositive/llap/vector_windowing_windowspec.q.out b/ql/src/test/results/clientpositive/llap/vector_windowing_windowspec.q.out
index d6e5205db8..d1b4f6e9e8 100644
--- a/ql/src/test/results/clientpositive/llap/vector_windowing_windowspec.q.out
+++ b/ql/src/test/results/clientpositive/llap/vector_windowing_windowspec.q.out
@@ -92,7 +92,7 @@ STAGE PLANS:
                         partitionColumns: 2:int
                     Statistics: Num rows: 1 Data size: 196 Basic stats: COMPLETE Column stats: NONE
             Execution mode: vectorized, llap
-            LLAP IO: no inputs
+            LLAP IO: all inputs
             Map Vectorization:
                 enabled: true
                 enabledConditionsMet: hive.vectorized.use.vector.serde.deserialize IS true
@@ -353,7 +353,7 @@ STAGE PLANS:
                         partitionColumns: 5:double
                     Statistics: Num rows: 1 Data size: 196 Basic stats: COMPLETE Column stats: NONE
             Execution mode: vectorized, llap
-            LLAP IO: no inputs
+            LLAP IO: all inputs
             Map Vectorization:
                 enabled: true
                 enabledConditionsMet: hive.vectorized.use.vector.serde.deserialize IS true
@@ -616,7 +616,7 @@ STAGE PLANS:
                     Statistics: Num rows: 1 Data size: 228 Basic stats: COMPLETE Column stats: NONE
                     value expressions: s (type: string)
             Execution mode: vectorized, llap
-            LLAP IO: no inputs
+            LLAP IO: all inputs
             Map Vectorization:
                 enabled: true
                 enabledConditionsMet: hive.vectorized.use.vector.serde.deserialize IS true
@@ -842,7 +842,7 @@ STAGE PLANS:
                         partitionColumns: 8:timestamp
                     Statistics: Num rows: 1 Data size: 228 Basic stats: COMPLETE Column stats: NONE
             Execution mode: vectorized, llap
-            LLAP IO: no inputs
+            LLAP IO: all inputs
             Map Vectorization:
                 enabled: true
                 enabledConditionsMet: hive.vectorized.use.vector.serde.deserialize IS true
@@ -1068,7 +1068,7 @@ STAGE PLANS:
                         partitionColumns: 0:tinyint
                     Statistics: Num rows: 1 Data size: 196 Basic stats: COMPLETE Column stats: NONE
             Execution mode: vectorized, llap
-            LLAP IO: no inputs
+            LLAP IO: all inputs
             Map Vectorization:
                 enabled: true
                 enabledConditionsMet: hive.vectorized.use.vector.serde.deserialize IS true
@@ -1296,7 +1296,7 @@ STAGE PLANS:
                     Statistics: Num rows: 1 Data size: 228 Basic stats: COMPLETE Column stats: NONE
                     value expressions: i (type: int)
             Execution mode: vectorized, llap
-            LLAP IO: no inputs
+            LLAP IO: all inputs
             Map Vectorization:
                 enabled: true
                 enabledConditionsMet: hive.vectorized.use.vector.serde.deserialize IS true
@@ -1557,7 +1557,7 @@ STAGE PLANS:
                         partitionColumns: 8:timestamp
                     Statistics: Num rows: 1 Data size: 44 Basic stats: COMPLETE Column stats: NONE
             Execution mode: vectorized, llap
-            LLAP IO: no inputs
+            LLAP IO: all inputs
             Map Vectorization:
                 enabled: true
                 enabledConditionsMet: hive.vectorized.use.vector.serde.deserialize IS true
@@ -1818,7 +1818,7 @@ STAGE PLANS:
                         partitionColumns: 8:timestamp
                     Statistics: Num rows: 1 Data size: 44 Basic stats: COMPLETE Column stats: NONE
             Execution mode: vectorized, llap
-            LLAP IO: no inputs
+            LLAP IO: all inputs
             Map Vectorization:
                 enabled: true
                 enabledConditionsMet: hive.vectorized.use.vector.serde.deserialize IS true
@@ -2046,7 +2046,7 @@ STAGE PLANS:
                     Statistics: Num rows: 1 Data size: 196 Basic stats: COMPLETE Column stats: NONE
                     value expressions: d (type: double)
             Execution mode: vectorized, llap
-            LLAP IO: no inputs
+            LLAP IO: all inputs
             Map Vectorization:
                 enabled: true
                 enabledConditionsMet: hive.vectorized.use.vector.serde.deserialize IS true
@@ -2217,7 +2217,7 @@ STAGE PLANS:
                     Statistics: Num rows: 1 Data size: 196 Basic stats: COMPLETE Column stats: NONE
                     value expressions: d (type: double)
             Execution mode: vectorized, llap
-            LLAP IO: no inputs
+            LLAP IO: all inputs
             Map Vectorization:
                 enabled: true
                 enabledConditionsMet: hive.vectorized.use.vector.serde.deserialize IS true
@@ -2388,7 +2388,7 @@ STAGE PLANS:
                     Statistics: Num rows: 1 Data size: 196 Basic stats: COMPLETE Column stats: NONE
                     value expressions: d (type: double)
             Execution mode: vectorized, llap
-            LLAP IO: no inputs
+            LLAP IO: all inputs
             Map Vectorization:
                 enabled: true
                 enabledConditionsMet: hive.vectorized.use.vector.serde.deserialize IS true
diff --git a/ql/src/test/results/clientpositive/llap/vector_windowing_windowspec4.q.out b/ql/src/test/results/clientpositive/llap/vector_windowing_windowspec4.q.out
index 02848d98ab..67514559d9 100644
--- a/ql/src/test/results/clientpositive/llap/vector_windowing_windowspec4.q.out
+++ b/ql/src/test/results/clientpositive/llap/vector_windowing_windowspec4.q.out
@@ -91,7 +91,7 @@ STAGE PLANS:
                         partitionColumns: 1:string
                     Statistics: Num rows: 3 Data size: 267 Basic stats: COMPLETE Column stats: COMPLETE
             Execution mode: vectorized, llap
-            LLAP IO: no inputs
+            LLAP IO: all inputs
             Map Vectorization:
                 enabled: true
                 enabledConditionsMet: hive.vectorized.use.vector.serde.deserialize IS true
diff --git a/ql/src/test/results/clientpositive/llap/vectorized_dynamic_partition_pruning.q.out b/ql/src/test/results/clientpositive/llap/vectorized_dynamic_partition_pruning.q.out
index 16d508c0fc..a6f9c6f036 100644
--- a/ql/src/test/results/clientpositive/llap/vectorized_dynamic_partition_pruning.q.out
+++ b/ql/src/test/results/clientpositive/llap/vectorized_dynamic_partition_pruning.q.out
@@ -94,7 +94,7 @@ STAGE PLANS:
                         Map-reduce partition columns: _col0 (type: string)
                         Statistics: Num rows: 2 Data size: 368 Basic stats: COMPLETE Column stats: COMPLETE
             Execution mode: vectorized, llap
-            LLAP IO: no inputs
+            LLAP IO: all inputs
             Map Vectorization:
                 enabled: true
                 enabledConditionsMet: hive.vectorized.use.vector.serde.deserialize IS true
@@ -328,7 +328,7 @@ STAGE PLANS:
                       Map-reduce partition columns: _col0 (type: string)
                       Statistics: Num rows: 2000 Data size: 368000 Basic stats: COMPLETE Column stats: COMPLETE
             Execution mode: vectorized, llap
-            LLAP IO: no inputs
+            LLAP IO: all inputs
             Map Vectorization:
                 enabled: true
                 enabledConditionsMet: hive.vectorized.use.vector.serde.deserialize IS true
@@ -507,7 +507,7 @@ STAGE PLANS:
                       Map-reduce partition columns: _col0 (type: string)
                       Statistics: Num rows: 2000 Data size: 368000 Basic stats: COMPLETE Column stats: COMPLETE
             Execution mode: vectorized, llap
-            LLAP IO: no inputs
+            LLAP IO: all inputs
             Map Vectorization:
                 enabled: true
                 enabledConditionsMet: hive.vectorized.use.vector.serde.deserialize IS true
@@ -688,7 +688,7 @@ STAGE PLANS:
                       Statistics: Num rows: 2000 Data size: 736000 Basic stats: COMPLETE Column stats: COMPLETE
                       value expressions: _col1 (type: string)
             Execution mode: vectorized, llap
-            LLAP IO: no inputs
+            LLAP IO: all inputs
             Map Vectorization:
                 enabled: true
                 enabledConditionsMet: hive.vectorized.use.vector.serde.deserialize IS true
@@ -943,7 +943,7 @@ STAGE PLANS:
                       Statistics: Num rows: 2000 Data size: 736000 Basic stats: COMPLETE Column stats: COMPLETE
                       value expressions: _col1 (type: string)
             Execution mode: vectorized, llap
-            LLAP IO: no inputs
+            LLAP IO: all inputs
             Map Vectorization:
                 enabled: true
                 enabledConditionsMet: hive.vectorized.use.vector.serde.deserialize IS true
@@ -1170,7 +1170,7 @@ STAGE PLANS:
                       Map-reduce partition columns: _col0 (type: string), _col1 (type: string)
                       Statistics: Num rows: 2000 Data size: 736000 Basic stats: COMPLETE Column stats: COMPLETE
             Execution mode: vectorized, llap
-            LLAP IO: no inputs
+            LLAP IO: all inputs
             Map Vectorization:
                 enabled: true
                 enabledConditionsMet: hive.vectorized.use.vector.serde.deserialize IS true
@@ -1365,7 +1365,7 @@ STAGE PLANS:
                       Map-reduce partition columns: _col0 (type: string), _col1 (type: string)
                       Statistics: Num rows: 2000 Data size: 736000 Basic stats: COMPLETE Column stats: COMPLETE
             Execution mode: vectorized, llap
-            LLAP IO: no inputs
+            LLAP IO: all inputs
             Map Vectorization:
                 enabled: true
                 enabledConditionsMet: hive.vectorized.use.vector.serde.deserialize IS true
@@ -1539,7 +1539,7 @@ STAGE PLANS:
                       Map-reduce partition columns: _col0 (type: string)
                       Statistics: Num rows: 2000 Data size: 368000 Basic stats: COMPLETE Column stats: COMPLETE
             Execution mode: vectorized, llap
-            LLAP IO: no inputs
+            LLAP IO: all inputs
             Map Vectorization:
                 enabled: true
                 enabledConditionsMet: hive.vectorized.use.vector.serde.deserialize IS true
@@ -1718,7 +1718,7 @@ STAGE PLANS:
                       Map-reduce partition columns: _col0 (type: string)
                       Statistics: Num rows: 2000 Data size: 368000 Basic stats: COMPLETE Column stats: COMPLETE
             Execution mode: vectorized, llap
-            LLAP IO: no inputs
+            LLAP IO: all inputs
             Map Vectorization:
                 enabled: true
                 enabledConditionsMet: hive.vectorized.use.vector.serde.deserialize IS true
@@ -1893,7 +1893,7 @@ STAGE PLANS:
                         Map-reduce partition columns: _col0 (type: double)
                         Statistics: Num rows: 2000 Data size: 16000 Basic stats: COMPLETE Column stats: COMPLETE
             Execution mode: vectorized, llap
-            LLAP IO: no inputs
+            LLAP IO: all inputs
             Map Vectorization:
                 enabled: true
                 enabledConditionsMet: hive.vectorized.use.vector.serde.deserialize IS true
@@ -2075,7 +2075,7 @@ STAGE PLANS:
                         Map-reduce partition columns: _col0 (type: double)
                         Statistics: Num rows: 2000 Data size: 16000 Basic stats: COMPLETE Column stats: COMPLETE
             Execution mode: vectorized, llap
-            LLAP IO: no inputs
+            LLAP IO: all inputs
             Map Vectorization:
                 enabled: true
                 enabledConditionsMet: hive.vectorized.use.vector.serde.deserialize IS true
@@ -2257,7 +2257,7 @@ STAGE PLANS:
                         Map-reduce partition columns: _col0 (type: double)
                         Statistics: Num rows: 2000 Data size: 16000 Basic stats: COMPLETE Column stats: COMPLETE
             Execution mode: vectorized, llap
-            LLAP IO: no inputs
+            LLAP IO: all inputs
             Map Vectorization:
                 enabled: true
                 enabledConditionsMet: hive.vectorized.use.vector.serde.deserialize IS true
@@ -2423,7 +2423,7 @@ STAGE PLANS:
                         Map-reduce partition columns: _col0 (type: double)
                         Statistics: Num rows: 2000 Data size: 16000 Basic stats: COMPLETE Column stats: COMPLETE
             Execution mode: vectorized, llap
-            LLAP IO: no inputs
+            LLAP IO: all inputs
             Map Vectorization:
                 enabled: true
                 enabledConditionsMet: hive.vectorized.use.vector.serde.deserialize IS true
@@ -2602,7 +2602,7 @@ STAGE PLANS:
                         Map-reduce partition columns: _col0 (type: string)
                         Statistics: Num rows: 2000 Data size: 368000 Basic stats: COMPLETE Column stats: COMPLETE
             Execution mode: vectorized, llap
-            LLAP IO: no inputs
+            LLAP IO: all inputs
             Map Vectorization:
                 enabled: true
                 enabledConditionsMet: hive.vectorized.use.vector.serde.deserialize IS true
@@ -2798,7 +2798,7 @@ STAGE PLANS:
                         Map-reduce partition columns: _col0 (type: boolean)
                         Statistics: Num rows: 1 Data size: 4 Basic stats: COMPLETE Column stats: COMPLETE
             Execution mode: vectorized, llap
-            LLAP IO: no inputs
+            LLAP IO: all inputs
             Map Vectorization:
                 enabled: true
                 enabledConditionsMet: hive.vectorized.use.vector.serde.deserialize IS true
@@ -2958,7 +2958,7 @@ STAGE PLANS:
                       Statistics: Num rows: 2000 Data size: 736000 Basic stats: COMPLETE Column stats: COMPLETE
                       value expressions: _col0 (type: string), _col1 (type: string)
             Execution mode: vectorized, llap
-            LLAP IO: no inputs
+            LLAP IO: all inputs
             Map Vectorization:
                 enabled: true
                 enabledConditionsMet: hive.vectorized.use.vector.serde.deserialize IS true
@@ -3124,7 +3124,7 @@ STAGE PLANS:
                       Map-reduce partition columns: _col0 (type: string), _col1 (type: string)
                       Statistics: Num rows: 2000 Data size: 736000 Basic stats: COMPLETE Column stats: COMPLETE
             Execution mode: vectorized, llap
-            LLAP IO: no inputs
+            LLAP IO: all inputs
             Map Vectorization:
                 enabled: true
                 enabledConditionsMet: hive.vectorized.use.vector.serde.deserialize IS true
@@ -3319,7 +3319,7 @@ STAGE PLANS:
                       Map-reduce partition columns: _col0 (type: string)
                       Statistics: Num rows: 2000 Data size: 368000 Basic stats: COMPLETE Column stats: COMPLETE
             Execution mode: vectorized, llap
-            LLAP IO: no inputs
+            LLAP IO: all inputs
             Map Vectorization:
                 enabled: true
                 enabledConditionsMet: hive.vectorized.use.vector.serde.deserialize IS true
@@ -3525,7 +3525,7 @@ STAGE PLANS:
                       Map-reduce partition columns: _col0 (type: string)
                       Statistics: Num rows: 2000 Data size: 368000 Basic stats: COMPLETE Column stats: COMPLETE
             Execution mode: vectorized, llap
-            LLAP IO: no inputs
+            LLAP IO: all inputs
             Map Vectorization:
                 enabled: true
                 enabledConditionsMet: hive.vectorized.use.vector.serde.deserialize IS true
@@ -3639,7 +3639,7 @@ STAGE PLANS:
                       Map-reduce partition columns: _col0 (type: string)
                       Statistics: Num rows: 2000 Data size: 368000 Basic stats: COMPLETE Column stats: COMPLETE
             Execution mode: vectorized, llap
-            LLAP IO: no inputs
+            LLAP IO: all inputs
             Map Vectorization:
                 enabled: true
                 enabledConditionsMet: hive.vectorized.use.vector.serde.deserialize IS true
@@ -3800,7 +3800,7 @@ STAGE PLANS:
                       Statistics: Num rows: 1000 Data size: 368000 Basic stats: COMPLETE Column stats: COMPLETE
                       value expressions: _col1 (type: string)
             Execution mode: vectorized, llap
-            LLAP IO: no inputs
+            LLAP IO: all inputs
             Map Vectorization:
                 enabled: true
                 enabledConditionsMet: hive.vectorized.use.vector.serde.deserialize IS true
@@ -4253,7 +4253,7 @@ STAGE PLANS:
                       Map-reduce partition columns: _col0 (type: string)
                       Statistics: Num rows: 2000 Data size: 368000 Basic stats: COMPLETE Column stats: COMPLETE
             Execution mode: vectorized, llap
-            LLAP IO: no inputs
+            LLAP IO: all inputs
             Map Vectorization:
                 enabled: true
                 enabledConditionsMet: hive.vectorized.use.vector.serde.deserialize IS true
@@ -4284,7 +4284,7 @@ STAGE PLANS:
                         Statistics: Num rows: 1 Data size: 184 Basic stats: COMPLETE Column stats: COMPLETE
                         value expressions: _col0 (type: string)
             Execution mode: vectorized, llap
-            LLAP IO: no inputs
+            LLAP IO: all inputs
             Map Vectorization:
                 enabled: true
                 enabledConditionsMet: hive.vectorized.use.vector.serde.deserialize IS true
@@ -4315,7 +4315,7 @@ STAGE PLANS:
                         Statistics: Num rows: 1 Data size: 184 Basic stats: COMPLETE Column stats: COMPLETE
                         value expressions: _col0 (type: string)
             Execution mode: vectorized, llap
-            LLAP IO: no inputs
+            LLAP IO: all inputs
             Map Vectorization:
                 enabled: true
                 enabledConditionsMet: hive.vectorized.use.vector.serde.deserialize IS true
@@ -4538,7 +4538,7 @@ STAGE PLANS:
                       Map-reduce partition columns: _col0 (type: string)
                       Statistics: Num rows: 2000 Data size: 368000 Basic stats: COMPLETE Column stats: COMPLETE
             Execution mode: vectorized, llap
-            LLAP IO: no inputs
+            LLAP IO: all inputs
             Map Vectorization:
                 enabled: true
                 enabledConditionsMet: hive.vectorized.use.vector.serde.deserialize IS true
@@ -4569,7 +4569,7 @@ STAGE PLANS:
                         Statistics: Num rows: 1 Data size: 184 Basic stats: COMPLETE Column stats: COMPLETE
                         value expressions: _col0 (type: string)
             Execution mode: vectorized, llap
-            LLAP IO: no inputs
+            LLAP IO: all inputs
             Map Vectorization:
                 enabled: true
                 enabledConditionsMet: hive.vectorized.use.vector.serde.deserialize IS true
@@ -4600,7 +4600,7 @@ STAGE PLANS:
                         Statistics: Num rows: 1 Data size: 184 Basic stats: COMPLETE Column stats: COMPLETE
                         value expressions: _col0 (type: string)
             Execution mode: vectorized, llap
-            LLAP IO: no inputs
+            LLAP IO: all inputs
             Map Vectorization:
                 enabled: true
                 enabledConditionsMet: hive.vectorized.use.vector.serde.deserialize IS true
@@ -4829,7 +4829,7 @@ STAGE PLANS:
                       Map-reduce partition columns: _col0 (type: string)
                       Statistics: Num rows: 2 Data size: 368 Basic stats: COMPLETE Column stats: COMPLETE
             Execution mode: vectorized, llap
-            LLAP IO: no inputs
+            LLAP IO: all inputs
             Map Vectorization:
                 enabled: true
                 enabledConditionsMet: hive.vectorized.use.vector.serde.deserialize IS true
@@ -4860,7 +4860,7 @@ STAGE PLANS:
                         Statistics: Num rows: 1 Data size: 184 Basic stats: COMPLETE Column stats: COMPLETE
                         value expressions: _col0 (type: string)
             Execution mode: vectorized, llap
-            LLAP IO: no inputs
+            LLAP IO: all inputs
             Map Vectorization:
                 enabled: true
                 enabledConditionsMet: hive.vectorized.use.vector.serde.deserialize IS true
@@ -4889,7 +4889,7 @@ STAGE PLANS:
                       Map-reduce partition columns: _col0 (type: string)
                       Statistics: Num rows: 2 Data size: 368 Basic stats: COMPLETE Column stats: COMPLETE
             Execution mode: vectorized, llap
-            LLAP IO: no inputs
+            LLAP IO: all inputs
             Map Vectorization:
                 enabled: true
                 enabledConditionsMet: hive.vectorized.use.vector.serde.deserialize IS true
@@ -4920,7 +4920,7 @@ STAGE PLANS:
                         Statistics: Num rows: 1 Data size: 184 Basic stats: COMPLETE Column stats: COMPLETE
                         value expressions: _col0 (type: string)
             Execution mode: vectorized, llap
-            LLAP IO: no inputs
+            LLAP IO: all inputs
             Map Vectorization:
                 enabled: true
                 enabledConditionsMet: hive.vectorized.use.vector.serde.deserialize IS true
@@ -5210,7 +5210,7 @@ STAGE PLANS:
                           Statistics: Num rows: 1 Data size: 8 Basic stats: COMPLETE Column stats: COMPLETE
                           value expressions: _col0 (type: bigint)
             Execution mode: vectorized, llap
-            LLAP IO: no inputs
+            LLAP IO: all inputs
             Map Vectorization:
                 enabled: true
                 enabledConditionsMet: hive.vectorized.use.vector.serde.deserialize IS true
@@ -5405,7 +5405,7 @@ STAGE PLANS:
                             Statistics: Num rows: 1 Data size: 8 Basic stats: COMPLETE Column stats: COMPLETE
                             value expressions: _col0 (type: bigint)
             Execution mode: vectorized, llap
-            LLAP IO: no inputs
+            LLAP IO: all inputs
             Map Vectorization:
                 enabled: true
                 enabledConditionsMet: hive.vectorized.use.vector.serde.deserialize IS true
@@ -5634,7 +5634,7 @@ STAGE PLANS:
                           Statistics: Num rows: 1 Data size: 8 Basic stats: COMPLETE Column stats: COMPLETE
                           value expressions: _col0 (type: bigint)
             Execution mode: vectorized, llap
-            LLAP IO: no inputs
+            LLAP IO: all inputs
             Map Vectorization:
                 enabled: true
                 enabledConditionsMet: hive.vectorized.use.vector.serde.deserialize IS true
@@ -5830,7 +5830,7 @@ STAGE PLANS:
                           Statistics: Num rows: 1 Data size: 8 Basic stats: COMPLETE Column stats: COMPLETE
                           value expressions: _col0 (type: bigint)
             Execution mode: vectorized, llap
-            LLAP IO: no inputs
+            LLAP IO: all inputs
             Map Vectorization:
                 enabled: true
                 enabledConditionsMet: hive.vectorized.use.vector.serde.deserialize IS true
@@ -6002,7 +6002,7 @@ STAGE PLANS:
                             Statistics: Num rows: 1 Data size: 8 Basic stats: COMPLETE Column stats: COMPLETE
                             value expressions: _col0 (type: bigint)
             Execution mode: vectorized, llap
-            LLAP IO: no inputs
+            LLAP IO: all inputs
             Map Vectorization:
                 enabled: true
                 enabledConditionsMet: hive.vectorized.use.vector.serde.deserialize IS true
@@ -6174,7 +6174,7 @@ STAGE PLANS:
                             Statistics: Num rows: 1 Data size: 8 Basic stats: COMPLETE Column stats: COMPLETE
                             value expressions: _col0 (type: bigint)
             Execution mode: vectorized, llap
-            LLAP IO: no inputs
+            LLAP IO: all inputs
             Map Vectorization:
                 enabled: true
                 enabledConditionsMet: hive.vectorized.use.vector.serde.deserialize IS true
@@ -6346,7 +6346,7 @@ STAGE PLANS:
                         Map-reduce partition columns: _col0 (type: boolean)
                         Statistics: Num rows: 1000 Data size: 10624 Basic stats: COMPLETE Column stats: NONE
             Execution mode: vectorized, llap
-            LLAP IO: no inputs
+            LLAP IO: all inputs
             Map Vectorization:
                 enabled: true
                 enabledConditionsMet: hive.vectorized.use.vector.serde.deserialize IS true
@@ -6521,7 +6521,7 @@ STAGE PLANS:
                           Statistics: Num rows: 1 Data size: 8 Basic stats: COMPLETE Column stats: COMPLETE
                           value expressions: _col0 (type: bigint)
             Execution mode: vectorized, llap
-            LLAP IO: no inputs
+            LLAP IO: all inputs
             Map Vectorization:
                 enabled: true
                 enabledConditionsMet: hive.vectorized.use.vector.serde.deserialize IS true
@@ -6701,7 +6701,7 @@ STAGE PLANS:
                       Map-reduce partition columns: _col0 (type: string)
                       Statistics: Num rows: 2000 Data size: 368000 Basic stats: COMPLETE Column stats: COMPLETE
             Execution mode: vectorized, llap
-            LLAP IO: no inputs
+            LLAP IO: all inputs
             Map Vectorization:
                 enabled: true
                 enabledConditionsMet: hive.vectorized.use.vector.serde.deserialize IS true
@@ -6791,7 +6791,7 @@ STAGE PLANS:
                       Map-reduce partition columns: _col0 (type: string)
                       Statistics: Num rows: 2000 Data size: 368000 Basic stats: COMPLETE Column stats: COMPLETE
             Execution mode: vectorized, llap
-            LLAP IO: no inputs
+            LLAP IO: all inputs
             Map Vectorization:
                 enabled: true
                 enabledConditionsMet: hive.vectorized.use.vector.serde.deserialize IS true
@@ -6948,7 +6948,7 @@ STAGE PLANS:
                             Statistics: Num rows: 1 Data size: 8 Basic stats: COMPLETE Column stats: COMPLETE
                             value expressions: _col0 (type: bigint)
             Execution mode: vectorized, llap
-            LLAP IO: no inputs
+            LLAP IO: all inputs
             Map Vectorization:
                 enabled: true
                 enabledConditionsMet: hive.vectorized.use.vector.serde.deserialize IS true
@@ -7352,7 +7352,7 @@ STAGE PLANS:
                           Map-reduce partition columns: _col0 (type: string)
                           Statistics: Num rows: 1 Data size: 184 Basic stats: COMPLETE Column stats: COMPLETE
             Execution mode: vectorized, llap
-            LLAP IO: no inputs
+            LLAP IO: all inputs
             Map Vectorization:
                 enabled: true
                 enabledConditionsMet: hive.vectorized.use.vector.serde.deserialize IS true
@@ -7383,7 +7383,7 @@ STAGE PLANS:
                         Statistics: Num rows: 1 Data size: 184 Basic stats: COMPLETE Column stats: COMPLETE
                         value expressions: _col0 (type: string)
             Execution mode: vectorized, llap
-            LLAP IO: no inputs
+            LLAP IO: all inputs
             Map Vectorization:
                 enabled: true
                 enabledConditionsMet: hive.vectorized.use.vector.serde.deserialize IS true
@@ -7414,7 +7414,7 @@ STAGE PLANS:
                         Statistics: Num rows: 1 Data size: 184 Basic stats: COMPLETE Column stats: COMPLETE
                         value expressions: _col0 (type: string)
             Execution mode: vectorized, llap
-            LLAP IO: no inputs
+            LLAP IO: all inputs
             Map Vectorization:
                 enabled: true
                 enabledConditionsMet: hive.vectorized.use.vector.serde.deserialize IS true
diff --git a/ql/src/test/results/clientpositive/llap/vectorized_join46.q.out b/ql/src/test/results/clientpositive/llap/vectorized_join46.q.out
index 21035d301d..28fd0b1361 100644
--- a/ql/src/test/results/clientpositive/llap/vectorized_join46.q.out
+++ b/ql/src/test/results/clientpositive/llap/vectorized_join46.q.out
@@ -114,7 +114,7 @@ STAGE PLANS:
                             output format: org.apache.hadoop.hive.ql.io.HiveSequenceFileOutputFormat
                             serde: org.apache.hadoop.hive.serde2.lazy.LazySimpleSerDe
             Execution mode: vectorized, llap
-            LLAP IO: no inputs
+            LLAP IO: all inputs
             Map Vectorization:
                 enabled: true
                 enabledConditionsMet: hive.vectorized.use.vector.serde.deserialize IS true
@@ -157,7 +157,7 @@ STAGE PLANS:
                         Statistics: Num rows: 3 Data size: 285 Basic stats: COMPLETE Column stats: COMPLETE
                         value expressions: _col0 (type: int), _col2 (type: string)
             Execution mode: vectorized, llap
-            LLAP IO: no inputs
+            LLAP IO: all inputs
             Map Vectorization:
                 enabled: true
                 enabledConditionsMet: hive.vectorized.use.vector.serde.deserialize IS true
@@ -284,7 +284,7 @@ STAGE PLANS:
                               output format: org.apache.hadoop.hive.ql.io.HiveSequenceFileOutputFormat
                               serde: org.apache.hadoop.hive.serde2.lazy.LazySimpleSerDe
             Execution mode: vectorized, llap
-            LLAP IO: no inputs
+            LLAP IO: all inputs
             Map Vectorization:
                 enabled: true
                 enabledConditionsMet: hive.vectorized.use.vector.serde.deserialize IS true
@@ -327,7 +327,7 @@ STAGE PLANS:
                         Statistics: Num rows: 1 Data size: 95 Basic stats: COMPLETE Column stats: COMPLETE
                         value expressions: _col0 (type: int), _col2 (type: string)
             Execution mode: vectorized, llap
-            LLAP IO: no inputs
+            LLAP IO: all inputs
             Map Vectorization:
                 enabled: true
                 enabledConditionsMet: hive.vectorized.use.vector.serde.deserialize IS true
@@ -456,7 +456,7 @@ STAGE PLANS:
                               output format: org.apache.hadoop.hive.ql.io.HiveSequenceFileOutputFormat
                               serde: org.apache.hadoop.hive.serde2.lazy.LazySimpleSerDe
             Execution mode: vectorized, llap
-            LLAP IO: no inputs
+            LLAP IO: all inputs
             Map Vectorization:
                 enabled: true
                 enabledConditionsMet: hive.vectorized.use.vector.serde.deserialize IS true
@@ -497,7 +497,7 @@ STAGE PLANS:
                         Statistics: Num rows: 1 Data size: 95 Basic stats: COMPLETE Column stats: COMPLETE
                         value expressions: _col0 (type: int), _col1 (type: int), _col2 (type: string)
             Execution mode: vectorized, llap
-            LLAP IO: no inputs
+            LLAP IO: all inputs
             Map Vectorization:
                 enabled: true
                 enabledConditionsMet: hive.vectorized.use.vector.serde.deserialize IS true
@@ -604,7 +604,7 @@ STAGE PLANS:
                         Statistics: Num rows: 4 Data size: 384 Basic stats: COMPLETE Column stats: COMPLETE
                         value expressions: _col0 (type: int), _col2 (type: string)
             Execution mode: vectorized, llap
-            LLAP IO: no inputs
+            LLAP IO: all inputs
             Map Vectorization:
                 enabled: true
                 enabledConditionsMet: hive.vectorized.use.vector.serde.deserialize IS true
@@ -653,7 +653,7 @@ STAGE PLANS:
                             output format: org.apache.hadoop.hive.ql.io.HiveSequenceFileOutputFormat
                             serde: org.apache.hadoop.hive.serde2.lazy.LazySimpleSerDe
             Execution mode: vectorized, llap
-            LLAP IO: no inputs
+            LLAP IO: all inputs
             Map Vectorization:
                 enabled: true
                 enabledConditionsMet: hive.vectorized.use.vector.serde.deserialize IS true
@@ -776,7 +776,7 @@ STAGE PLANS:
                               output format: org.apache.hadoop.hive.ql.io.HiveSequenceFileOutputFormat
                               serde: org.apache.hadoop.hive.serde2.lazy.LazySimpleSerDe
             Execution mode: vectorized, llap
-            LLAP IO: no inputs
+            LLAP IO: all inputs
             Map Vectorization:
                 enabled: true
                 enabledConditionsMet: hive.vectorized.use.vector.serde.deserialize IS true
@@ -810,7 +810,7 @@ STAGE PLANS:
                       Statistics: Num rows: 4 Data size: 380 Basic stats: COMPLETE Column stats: COMPLETE
                       value expressions: _col0 (type: int), _col1 (type: int), _col2 (type: string)
             Execution mode: vectorized, llap
-            LLAP IO: no inputs
+            LLAP IO: all inputs
             Map Vectorization:
                 enabled: true
                 enabledConditionsMet: hive.vectorized.use.vector.serde.deserialize IS true
@@ -925,7 +925,7 @@ STAGE PLANS:
                               output format: org.apache.hadoop.hive.ql.io.HiveSequenceFileOutputFormat
                               serde: org.apache.hadoop.hive.serde2.lazy.LazySimpleSerDe
             Execution mode: llap
-            LLAP IO: no inputs
+            LLAP IO: all inputs
             Map Vectorization:
                 enabled: true
                 enabledConditionsMet: hive.vectorized.use.vector.serde.deserialize IS true
@@ -956,7 +956,7 @@ STAGE PLANS:
                       Statistics: Num rows: 4 Data size: 380 Basic stats: COMPLETE Column stats: COMPLETE
                       value expressions: _col0 (type: int), _col1 (type: int), _col2 (type: string)
             Execution mode: vectorized, llap
-            LLAP IO: no inputs
+            LLAP IO: all inputs
             Map Vectorization:
                 enabled: true
                 enabledConditionsMet: hive.vectorized.use.vector.serde.deserialize IS true
@@ -1074,7 +1074,7 @@ STAGE PLANS:
                               output format: org.apache.hadoop.hive.ql.io.HiveSequenceFileOutputFormat
                               serde: org.apache.hadoop.hive.serde2.lazy.LazySimpleSerDe
             Execution mode: llap
-            LLAP IO: no inputs
+            LLAP IO: all inputs
             Map Vectorization:
                 enabled: true
                 enabledConditionsMet: hive.vectorized.use.vector.serde.deserialize IS true
@@ -1105,7 +1105,7 @@ STAGE PLANS:
                       Statistics: Num rows: 4 Data size: 380 Basic stats: COMPLETE Column stats: COMPLETE
                       value expressions: _col0 (type: int), _col1 (type: int), _col2 (type: string)
             Execution mode: vectorized, llap
-            LLAP IO: no inputs
+            LLAP IO: all inputs
             Map Vectorization:
                 enabled: true
                 enabledConditionsMet: hive.vectorized.use.vector.serde.deserialize IS true
@@ -1217,7 +1217,7 @@ STAGE PLANS:
                             output format: org.apache.hadoop.hive.ql.io.HiveSequenceFileOutputFormat
                             serde: org.apache.hadoop.hive.serde2.lazy.LazySimpleSerDe
             Execution mode: llap
-            LLAP IO: no inputs
+            LLAP IO: all inputs
             Map Vectorization:
                 enabled: true
                 enabledConditionsMet: hive.vectorized.use.vector.serde.deserialize IS true
@@ -1248,7 +1248,7 @@ STAGE PLANS:
                       Statistics: Num rows: 4 Data size: 380 Basic stats: COMPLETE Column stats: COMPLETE
                       value expressions: _col0 (type: int), _col1 (type: int), _col2 (type: string)
             Execution mode: vectorized, llap
-            LLAP IO: no inputs
+            LLAP IO: all inputs
             Map Vectorization:
                 enabled: true
                 enabledConditionsMet: hive.vectorized.use.vector.serde.deserialize IS true
@@ -1360,7 +1360,7 @@ STAGE PLANS:
                               output format: org.apache.hadoop.hive.ql.io.HiveSequenceFileOutputFormat
                               serde: org.apache.hadoop.hive.serde2.lazy.LazySimpleSerDe
             Execution mode: llap
-            LLAP IO: no inputs
+            LLAP IO: all inputs
             Map Vectorization:
                 enabled: true
                 enabledConditionsMet: hive.vectorized.use.vector.serde.deserialize IS true
@@ -1400,7 +1400,7 @@ STAGE PLANS:
                         Statistics: Num rows: 3 Data size: 285 Basic stats: COMPLETE Column stats: COMPLETE
                         value expressions: _col0 (type: int), _col2 (type: string)
             Execution mode: vectorized, llap
-            LLAP IO: no inputs
+            LLAP IO: all inputs
             Map Vectorization:
                 enabled: true
                 enabledConditionsMet: hive.vectorized.use.vector.serde.deserialize IS true
@@ -1505,7 +1505,7 @@ STAGE PLANS:
                       Statistics: Num rows: 6 Data size: 572 Basic stats: COMPLETE Column stats: COMPLETE
                       value expressions: _col0 (type: int), _col1 (type: int), _col2 (type: string)
             Execution mode: vectorized, llap
-            LLAP IO: no inputs
+            LLAP IO: all inputs
             Map Vectorization:
                 enabled: true
                 enabledConditionsMet: hive.vectorized.use.vector.serde.deserialize IS true
@@ -1547,7 +1547,7 @@ STAGE PLANS:
                               output format: org.apache.hadoop.hive.ql.io.HiveSequenceFileOutputFormat
                               serde: org.apache.hadoop.hive.serde2.lazy.LazySimpleSerDe
             Execution mode: llap
-            LLAP IO: no inputs
+            LLAP IO: all inputs
             Map Vectorization:
                 enabled: true
                 enabledConditionsMet: hive.vectorized.use.vector.serde.deserialize IS true
@@ -1654,7 +1654,7 @@ STAGE PLANS:
                       Statistics: Num rows: 6 Data size: 572 Basic stats: COMPLETE Column stats: COMPLETE
                       value expressions: _col0 (type: int), _col1 (type: int), _col2 (type: string)
             Execution mode: vectorized, llap
-            LLAP IO: no inputs
+            LLAP IO: all inputs
             Map Vectorization:
                 enabled: true
                 enabledConditionsMet: hive.vectorized.use.vector.serde.deserialize IS true
@@ -1692,7 +1692,7 @@ STAGE PLANS:
                             output format: org.apache.hadoop.hive.ql.io.HiveSequenceFileOutputFormat
                             serde: org.apache.hadoop.hive.serde2.lazy.LazySimpleSerDe
             Execution mode: llap
-            LLAP IO: no inputs
+            LLAP IO: all inputs
             Map Vectorization:
                 enabled: true
                 enabledConditionsMet: hive.vectorized.use.vector.serde.deserialize IS true
@@ -1794,7 +1794,7 @@ STAGE PLANS:
                       Statistics: Num rows: 6 Data size: 572 Basic stats: COMPLETE Column stats: COMPLETE
                       value expressions: _col0 (type: int), _col1 (type: int), _col2 (type: string)
             Execution mode: vectorized, llap
-            LLAP IO: no inputs
+            LLAP IO: all inputs
             Map Vectorization:
                 enabled: true
                 enabledConditionsMet: hive.vectorized.use.vector.serde.deserialize IS true
@@ -1836,7 +1836,7 @@ STAGE PLANS:
                               output format: org.apache.hadoop.hive.ql.io.HiveSequenceFileOutputFormat
                               serde: org.apache.hadoop.hive.serde2.lazy.LazySimpleSerDe
             Execution mode: llap
-            LLAP IO: no inputs
+            LLAP IO: all inputs
             Map Vectorization:
                 enabled: true
                 enabledConditionsMet: hive.vectorized.use.vector.serde.deserialize IS true
@@ -1948,7 +1948,7 @@ STAGE PLANS:
                         Statistics: Num rows: 4 Data size: 384 Basic stats: COMPLETE Column stats: COMPLETE
                         value expressions: _col0 (type: int), _col2 (type: string)
             Execution mode: vectorized, llap
-            LLAP IO: no inputs
+            LLAP IO: all inputs
             Map Vectorization:
                 enabled: true
                 enabledConditionsMet: hive.vectorized.use.vector.serde.deserialize IS true
@@ -1990,7 +1990,7 @@ STAGE PLANS:
                               output format: org.apache.hadoop.hive.ql.io.HiveSequenceFileOutputFormat
                               serde: org.apache.hadoop.hive.serde2.lazy.LazySimpleSerDe
             Execution mode: llap
-            LLAP IO: no inputs
+            LLAP IO: all inputs
             Map Vectorization:
                 enabled: true
                 enabledConditionsMet: hive.vectorized.use.vector.serde.deserialize IS true
@@ -2090,7 +2090,7 @@ STAGE PLANS:
                       Statistics: Num rows: 6 Data size: 572 Basic stats: COMPLETE Column stats: COMPLETE
                       value expressions: _col0 (type: int), _col1 (type: int), _col2 (type: string)
             Execution mode: vectorized, llap
-            LLAP IO: no inputs
+            LLAP IO: all inputs
             Map Vectorization:
                 enabled: true
                 enabledConditionsMet: hive.vectorized.use.vector.serde.deserialize IS true
@@ -2124,7 +2124,7 @@ STAGE PLANS:
                       Statistics: Num rows: 4 Data size: 380 Basic stats: COMPLETE Column stats: COMPLETE
                       value expressions: _col0 (type: int), _col1 (type: int), _col2 (type: string)
             Execution mode: vectorized, llap
-            LLAP IO: no inputs
+            LLAP IO: all inputs
             Map Vectorization:
                 enabled: true
                 enabledConditionsMet: hive.vectorized.use.vector.serde.deserialize IS true
@@ -2256,7 +2256,7 @@ STAGE PLANS:
                       Statistics: Num rows: 6 Data size: 572 Basic stats: COMPLETE Column stats: COMPLETE
                       value expressions: _col0 (type: int), _col1 (type: int), _col2 (type: string)
             Execution mode: vectorized, llap
-            LLAP IO: no inputs
+            LLAP IO: all inputs
             Map Vectorization:
                 enabled: true
                 enabledConditionsMet: hive.vectorized.use.vector.serde.deserialize IS true
@@ -2290,7 +2290,7 @@ STAGE PLANS:
                       Statistics: Num rows: 4 Data size: 380 Basic stats: COMPLETE Column stats: COMPLETE
                       value expressions: _col0 (type: int), _col1 (type: int), _col2 (type: string)
             Execution mode: vectorized, llap
-            LLAP IO: no inputs
+            LLAP IO: all inputs
             Map Vectorization:
                 enabled: true
                 enabledConditionsMet: hive.vectorized.use.vector.serde.deserialize IS true
@@ -2420,7 +2420,7 @@ STAGE PLANS:
                       Statistics: Num rows: 6 Data size: 572 Basic stats: COMPLETE Column stats: COMPLETE
                       value expressions: _col0 (type: int), _col1 (type: int), _col2 (type: string)
             Execution mode: vectorized, llap
-            LLAP IO: no inputs
+            LLAP IO: all inputs
             Map Vectorization:
                 enabled: true
                 enabledConditionsMet: hive.vectorized.use.vector.serde.deserialize IS true
@@ -2454,7 +2454,7 @@ STAGE PLANS:
                       Statistics: Num rows: 4 Data size: 380 Basic stats: COMPLETE Column stats: COMPLETE
                       value expressions: _col0 (type: int), _col1 (type: int), _col2 (type: string)
             Execution mode: vectorized, llap
-            LLAP IO: no inputs
+            LLAP IO: all inputs
             Map Vectorization:
                 enabled: true
                 enabledConditionsMet: hive.vectorized.use.vector.serde.deserialize IS true
@@ -2584,7 +2584,7 @@ STAGE PLANS:
                       Statistics: Num rows: 6 Data size: 572 Basic stats: COMPLETE Column stats: COMPLETE
                       value expressions: _col0 (type: int), _col2 (type: string)
             Execution mode: vectorized, llap
-            LLAP IO: no inputs
+            LLAP IO: all inputs
             Map Vectorization:
                 enabled: true
                 enabledConditionsMet: hive.vectorized.use.vector.serde.deserialize IS true
@@ -2620,7 +2620,7 @@ STAGE PLANS:
                       Statistics: Num rows: 4 Data size: 380 Basic stats: COMPLETE Column stats: COMPLETE
                       value expressions: _col0 (type: int), _col2 (type: string)
             Execution mode: vectorized, llap
-            LLAP IO: no inputs
+            LLAP IO: all inputs
             Map Vectorization:
                 enabled: true
                 enabledConditionsMet: hive.vectorized.use.vector.serde.deserialize IS true
diff --git a/ql/src/test/results/clientpositive/llap/vectorized_join46_mr.q.out b/ql/src/test/results/clientpositive/llap/vectorized_join46_mr.q.out
index ca65653467..a22eab77d8 100644
--- a/ql/src/test/results/clientpositive/llap/vectorized_join46_mr.q.out
+++ b/ql/src/test/results/clientpositive/llap/vectorized_join46_mr.q.out
@@ -114,7 +114,7 @@ STAGE PLANS:
                             output format: org.apache.hadoop.hive.ql.io.HiveSequenceFileOutputFormat
                             serde: org.apache.hadoop.hive.serde2.lazy.LazySimpleSerDe
             Execution mode: vectorized, llap
-            LLAP IO: no inputs
+            LLAP IO: all inputs
             Map Vectorization:
                 enabled: true
                 enabledConditionsMet: hive.vectorized.use.vector.serde.deserialize IS true
@@ -157,7 +157,7 @@ STAGE PLANS:
                         Statistics: Num rows: 3 Data size: 285 Basic stats: COMPLETE Column stats: COMPLETE
                         value expressions: _col0 (type: int), _col2 (type: string)
             Execution mode: vectorized, llap
-            LLAP IO: no inputs
+            LLAP IO: all inputs
             Map Vectorization:
                 enabled: true
                 enabledConditionsMet: hive.vectorized.use.vector.serde.deserialize IS true
@@ -284,7 +284,7 @@ STAGE PLANS:
                               output format: org.apache.hadoop.hive.ql.io.HiveSequenceFileOutputFormat
                               serde: org.apache.hadoop.hive.serde2.lazy.LazySimpleSerDe
             Execution mode: vectorized, llap
-            LLAP IO: no inputs
+            LLAP IO: all inputs
             Map Vectorization:
                 enabled: true
                 enabledConditionsMet: hive.vectorized.use.vector.serde.deserialize IS true
@@ -327,7 +327,7 @@ STAGE PLANS:
                         Statistics: Num rows: 1 Data size: 95 Basic stats: COMPLETE Column stats: COMPLETE
                         value expressions: _col0 (type: int), _col2 (type: string)
             Execution mode: vectorized, llap
-            LLAP IO: no inputs
+            LLAP IO: all inputs
             Map Vectorization:
                 enabled: true
                 enabledConditionsMet: hive.vectorized.use.vector.serde.deserialize IS true
@@ -456,7 +456,7 @@ STAGE PLANS:
                               output format: org.apache.hadoop.hive.ql.io.HiveSequenceFileOutputFormat
                               serde: org.apache.hadoop.hive.serde2.lazy.LazySimpleSerDe
             Execution mode: vectorized, llap
-            LLAP IO: no inputs
+            LLAP IO: all inputs
             Map Vectorization:
                 enabled: true
                 enabledConditionsMet: hive.vectorized.use.vector.serde.deserialize IS true
@@ -497,7 +497,7 @@ STAGE PLANS:
                         Statistics: Num rows: 1 Data size: 95 Basic stats: COMPLETE Column stats: COMPLETE
                         value expressions: _col0 (type: int), _col1 (type: int), _col2 (type: string)
             Execution mode: vectorized, llap
-            LLAP IO: no inputs
+            LLAP IO: all inputs
             Map Vectorization:
                 enabled: true
                 enabledConditionsMet: hive.vectorized.use.vector.serde.deserialize IS true
@@ -604,7 +604,7 @@ STAGE PLANS:
                         Statistics: Num rows: 4 Data size: 384 Basic stats: COMPLETE Column stats: COMPLETE
                         value expressions: _col0 (type: int), _col2 (type: string)
             Execution mode: vectorized, llap
-            LLAP IO: no inputs
+            LLAP IO: all inputs
             Map Vectorization:
                 enabled: true
                 enabledConditionsMet: hive.vectorized.use.vector.serde.deserialize IS true
@@ -653,7 +653,7 @@ STAGE PLANS:
                             output format: org.apache.hadoop.hive.ql.io.HiveSequenceFileOutputFormat
                             serde: org.apache.hadoop.hive.serde2.lazy.LazySimpleSerDe
             Execution mode: vectorized, llap
-            LLAP IO: no inputs
+            LLAP IO: all inputs
             Map Vectorization:
                 enabled: true
                 enabledConditionsMet: hive.vectorized.use.vector.serde.deserialize IS true
@@ -776,7 +776,7 @@ STAGE PLANS:
                               output format: org.apache.hadoop.hive.ql.io.HiveSequenceFileOutputFormat
                               serde: org.apache.hadoop.hive.serde2.lazy.LazySimpleSerDe
             Execution mode: vectorized, llap
-            LLAP IO: no inputs
+            LLAP IO: all inputs
             Map Vectorization:
                 enabled: true
                 enabledConditionsMet: hive.vectorized.use.vector.serde.deserialize IS true
@@ -810,7 +810,7 @@ STAGE PLANS:
                       Statistics: Num rows: 4 Data size: 380 Basic stats: COMPLETE Column stats: COMPLETE
                       value expressions: _col0 (type: int), _col1 (type: int), _col2 (type: string)
             Execution mode: vectorized, llap
-            LLAP IO: no inputs
+            LLAP IO: all inputs
             Map Vectorization:
                 enabled: true
                 enabledConditionsMet: hive.vectorized.use.vector.serde.deserialize IS true
@@ -925,7 +925,7 @@ STAGE PLANS:
                               output format: org.apache.hadoop.hive.ql.io.HiveSequenceFileOutputFormat
                               serde: org.apache.hadoop.hive.serde2.lazy.LazySimpleSerDe
             Execution mode: llap
-            LLAP IO: no inputs
+            LLAP IO: all inputs
             Map Vectorization:
                 enabled: true
                 enabledConditionsMet: hive.vectorized.use.vector.serde.deserialize IS true
@@ -956,7 +956,7 @@ STAGE PLANS:
                       Statistics: Num rows: 4 Data size: 380 Basic stats: COMPLETE Column stats: COMPLETE
                       value expressions: _col0 (type: int), _col1 (type: int), _col2 (type: string)
             Execution mode: vectorized, llap
-            LLAP IO: no inputs
+            LLAP IO: all inputs
             Map Vectorization:
                 enabled: true
                 enabledConditionsMet: hive.vectorized.use.vector.serde.deserialize IS true
@@ -1074,7 +1074,7 @@ STAGE PLANS:
                               output format: org.apache.hadoop.hive.ql.io.HiveSequenceFileOutputFormat
                               serde: org.apache.hadoop.hive.serde2.lazy.LazySimpleSerDe
             Execution mode: llap
-            LLAP IO: no inputs
+            LLAP IO: all inputs
             Map Vectorization:
                 enabled: true
                 enabledConditionsMet: hive.vectorized.use.vector.serde.deserialize IS true
@@ -1105,7 +1105,7 @@ STAGE PLANS:
                       Statistics: Num rows: 4 Data size: 380 Basic stats: COMPLETE Column stats: COMPLETE
                       value expressions: _col0 (type: int), _col1 (type: int), _col2 (type: string)
             Execution mode: vectorized, llap
-            LLAP IO: no inputs
+            LLAP IO: all inputs
             Map Vectorization:
                 enabled: true
                 enabledConditionsMet: hive.vectorized.use.vector.serde.deserialize IS true
@@ -1217,7 +1217,7 @@ STAGE PLANS:
                             output format: org.apache.hadoop.hive.ql.io.HiveSequenceFileOutputFormat
                             serde: org.apache.hadoop.hive.serde2.lazy.LazySimpleSerDe
             Execution mode: llap
-            LLAP IO: no inputs
+            LLAP IO: all inputs
             Map Vectorization:
                 enabled: true
                 enabledConditionsMet: hive.vectorized.use.vector.serde.deserialize IS true
@@ -1248,7 +1248,7 @@ STAGE PLANS:
                       Statistics: Num rows: 4 Data size: 380 Basic stats: COMPLETE Column stats: COMPLETE
                       value expressions: _col0 (type: int), _col1 (type: int), _col2 (type: string)
             Execution mode: vectorized, llap
-            LLAP IO: no inputs
+            LLAP IO: all inputs
             Map Vectorization:
                 enabled: true
                 enabledConditionsMet: hive.vectorized.use.vector.serde.deserialize IS true
@@ -1360,7 +1360,7 @@ STAGE PLANS:
                               output format: org.apache.hadoop.hive.ql.io.HiveSequenceFileOutputFormat
                               serde: org.apache.hadoop.hive.serde2.lazy.LazySimpleSerDe
             Execution mode: llap
-            LLAP IO: no inputs
+            LLAP IO: all inputs
             Map Vectorization:
                 enabled: true
                 enabledConditionsMet: hive.vectorized.use.vector.serde.deserialize IS true
@@ -1400,7 +1400,7 @@ STAGE PLANS:
                         Statistics: Num rows: 3 Data size: 285 Basic stats: COMPLETE Column stats: COMPLETE
                         value expressions: _col0 (type: int), _col2 (type: string)
             Execution mode: vectorized, llap
-            LLAP IO: no inputs
+            LLAP IO: all inputs
             Map Vectorization:
                 enabled: true
                 enabledConditionsMet: hive.vectorized.use.vector.serde.deserialize IS true
@@ -1505,7 +1505,7 @@ STAGE PLANS:
                       Statistics: Num rows: 6 Data size: 572 Basic stats: COMPLETE Column stats: COMPLETE
                       value expressions: _col0 (type: int), _col1 (type: int), _col2 (type: string)
             Execution mode: vectorized, llap
-            LLAP IO: no inputs
+            LLAP IO: all inputs
             Map Vectorization:
                 enabled: true
                 enabledConditionsMet: hive.vectorized.use.vector.serde.deserialize IS true
@@ -1547,7 +1547,7 @@ STAGE PLANS:
                               output format: org.apache.hadoop.hive.ql.io.HiveSequenceFileOutputFormat
                               serde: org.apache.hadoop.hive.serde2.lazy.LazySimpleSerDe
             Execution mode: llap
-            LLAP IO: no inputs
+            LLAP IO: all inputs
             Map Vectorization:
                 enabled: true
                 enabledConditionsMet: hive.vectorized.use.vector.serde.deserialize IS true
@@ -1654,7 +1654,7 @@ STAGE PLANS:
                       Statistics: Num rows: 6 Data size: 572 Basic stats: COMPLETE Column stats: COMPLETE
                       value expressions: _col0 (type: int), _col1 (type: int), _col2 (type: string)
             Execution mode: vectorized, llap
-            LLAP IO: no inputs
+            LLAP IO: all inputs
             Map Vectorization:
                 enabled: true
                 enabledConditionsMet: hive.vectorized.use.vector.serde.deserialize IS true
@@ -1692,7 +1692,7 @@ STAGE PLANS:
                             output format: org.apache.hadoop.hive.ql.io.HiveSequenceFileOutputFormat
                             serde: org.apache.hadoop.hive.serde2.lazy.LazySimpleSerDe
             Execution mode: llap
-            LLAP IO: no inputs
+            LLAP IO: all inputs
             Map Vectorization:
                 enabled: true
                 enabledConditionsMet: hive.vectorized.use.vector.serde.deserialize IS true
@@ -1794,7 +1794,7 @@ STAGE PLANS:
                       Statistics: Num rows: 6 Data size: 572 Basic stats: COMPLETE Column stats: COMPLETE
                       value expressions: _col0 (type: int), _col1 (type: int), _col2 (type: string)
             Execution mode: vectorized, llap
-            LLAP IO: no inputs
+            LLAP IO: all inputs
             Map Vectorization:
                 enabled: true
                 enabledConditionsMet: hive.vectorized.use.vector.serde.deserialize IS true
@@ -1836,7 +1836,7 @@ STAGE PLANS:
                               output format: org.apache.hadoop.hive.ql.io.HiveSequenceFileOutputFormat
                               serde: org.apache.hadoop.hive.serde2.lazy.LazySimpleSerDe
             Execution mode: llap
-            LLAP IO: no inputs
+            LLAP IO: all inputs
             Map Vectorization:
                 enabled: true
                 enabledConditionsMet: hive.vectorized.use.vector.serde.deserialize IS true
@@ -1948,7 +1948,7 @@ STAGE PLANS:
                         Statistics: Num rows: 4 Data size: 384 Basic stats: COMPLETE Column stats: COMPLETE
                         value expressions: _col0 (type: int), _col2 (type: string)
             Execution mode: vectorized, llap
-            LLAP IO: no inputs
+            LLAP IO: all inputs
             Map Vectorization:
                 enabled: true
                 enabledConditionsMet: hive.vectorized.use.vector.serde.deserialize IS true
@@ -1990,7 +1990,7 @@ STAGE PLANS:
                               output format: org.apache.hadoop.hive.ql.io.HiveSequenceFileOutputFormat
                               serde: org.apache.hadoop.hive.serde2.lazy.LazySimpleSerDe
             Execution mode: llap
-            LLAP IO: no inputs
+            LLAP IO: all inputs
             Map Vectorization:
                 enabled: true
                 enabledConditionsMet: hive.vectorized.use.vector.serde.deserialize IS true
@@ -2090,7 +2090,7 @@ STAGE PLANS:
                       Statistics: Num rows: 6 Data size: 572 Basic stats: COMPLETE Column stats: COMPLETE
                       value expressions: _col0 (type: int), _col1 (type: int), _col2 (type: string)
             Execution mode: vectorized, llap
-            LLAP IO: no inputs
+            LLAP IO: all inputs
             Map Vectorization:
                 enabled: true
                 enabledConditionsMet: hive.vectorized.use.vector.serde.deserialize IS true
@@ -2124,7 +2124,7 @@ STAGE PLANS:
                       Statistics: Num rows: 4 Data size: 380 Basic stats: COMPLETE Column stats: COMPLETE
                       value expressions: _col0 (type: int), _col1 (type: int), _col2 (type: string)
             Execution mode: vectorized, llap
-            LLAP IO: no inputs
+            LLAP IO: all inputs
             Map Vectorization:
                 enabled: true
                 enabledConditionsMet: hive.vectorized.use.vector.serde.deserialize IS true
@@ -2256,7 +2256,7 @@ STAGE PLANS:
                       Statistics: Num rows: 6 Data size: 572 Basic stats: COMPLETE Column stats: COMPLETE
                       value expressions: _col0 (type: int), _col1 (type: int), _col2 (type: string)
             Execution mode: vectorized, llap
-            LLAP IO: no inputs
+            LLAP IO: all inputs
             Map Vectorization:
                 enabled: true
                 enabledConditionsMet: hive.vectorized.use.vector.serde.deserialize IS true
@@ -2290,7 +2290,7 @@ STAGE PLANS:
                       Statistics: Num rows: 4 Data size: 380 Basic stats: COMPLETE Column stats: COMPLETE
                       value expressions: _col0 (type: int), _col1 (type: int), _col2 (type: string)
             Execution mode: vectorized, llap
-            LLAP IO: no inputs
+            LLAP IO: all inputs
             Map Vectorization:
                 enabled: true
                 enabledConditionsMet: hive.vectorized.use.vector.serde.deserialize IS true
@@ -2420,7 +2420,7 @@ STAGE PLANS:
                       Statistics: Num rows: 6 Data size: 572 Basic stats: COMPLETE Column stats: COMPLETE
                       value expressions: _col0 (type: int), _col1 (type: int), _col2 (type: string)
             Execution mode: vectorized, llap
-            LLAP IO: no inputs
+            LLAP IO: all inputs
             Map Vectorization:
                 enabled: true
                 enabledConditionsMet: hive.vectorized.use.vector.serde.deserialize IS true
@@ -2454,7 +2454,7 @@ STAGE PLANS:
                       Statistics: Num rows: 4 Data size: 380 Basic stats: COMPLETE Column stats: COMPLETE
                       value expressions: _col0 (type: int), _col1 (type: int), _col2 (type: string)
             Execution mode: vectorized, llap
-            LLAP IO: no inputs
+            LLAP IO: all inputs
             Map Vectorization:
                 enabled: true
                 enabledConditionsMet: hive.vectorized.use.vector.serde.deserialize IS true
@@ -2584,7 +2584,7 @@ STAGE PLANS:
                       Statistics: Num rows: 6 Data size: 572 Basic stats: COMPLETE Column stats: COMPLETE
                       value expressions: _col0 (type: int), _col2 (type: string)
             Execution mode: vectorized, llap
-            LLAP IO: no inputs
+            LLAP IO: all inputs
             Map Vectorization:
                 enabled: true
                 enabledConditionsMet: hive.vectorized.use.vector.serde.deserialize IS true
@@ -2620,7 +2620,7 @@ STAGE PLANS:
                       Statistics: Num rows: 4 Data size: 380 Basic stats: COMPLETE Column stats: COMPLETE
                       value expressions: _col0 (type: int), _col2 (type: string)
             Execution mode: vectorized, llap
-            LLAP IO: no inputs
+            LLAP IO: all inputs
             Map Vectorization:
                 enabled: true
                 enabledConditionsMet: hive.vectorized.use.vector.serde.deserialize IS true
diff --git a/ql/src/test/results/clientpositive/llap/vectorized_multi_output_select.q.out b/ql/src/test/results/clientpositive/llap/vectorized_multi_output_select.q.out
index 3c80f05094..ac3359333e 100644
--- a/ql/src/test/results/clientpositive/llap/vectorized_multi_output_select.q.out
+++ b/ql/src/test/results/clientpositive/llap/vectorized_multi_output_select.q.out
@@ -97,7 +97,7 @@ STAGE PLANS:
                             Statistics: Num rows: 1 Data size: 8 Basic stats: COMPLETE Column stats: COMPLETE
                             value expressions: _col0 (type: bigint)
             Execution mode: vectorized, llap
-            LLAP IO: no inputs
+            LLAP IO: all inputs
         Map 4 
             Map Operator Tree:
                 TableScan
@@ -118,7 +118,7 @@ STAGE PLANS:
                         Map-reduce partition columns: _col0 (type: string)
                         Statistics: Num rows: 1 Data size: 86 Basic stats: COMPLETE Column stats: COMPLETE
             Execution mode: vectorized, llap
-            LLAP IO: no inputs
+            LLAP IO: all inputs
         Map 5 
             Map Operator Tree:
                 TableScan
@@ -139,7 +139,7 @@ STAGE PLANS:
                         Map-reduce partition columns: _col0 (type: string)
                         Statistics: Num rows: 1 Data size: 86 Basic stats: COMPLETE Column stats: COMPLETE
             Execution mode: vectorized, llap
-            LLAP IO: no inputs
+            LLAP IO: all inputs
         Reducer 2 
             Execution mode: vectorized, llap
             Reduce Operator Tree:
diff --git a/ql/src/test/results/clientpositive/llap/view_cbo.q.out b/ql/src/test/results/clientpositive/llap/view_cbo.q.out
index 87a8fda37b..05e0d01c60 100644
--- a/ql/src/test/results/clientpositive/llap/view_cbo.q.out
+++ b/ql/src/test/results/clientpositive/llap/view_cbo.q.out
@@ -49,7 +49,7 @@ STAGE PLANS:
                         Statistics: Num rows: 750 Data size: 151500 Basic stats: COMPLETE Column stats: COMPLETE
                         value expressions: _col3 (type: double), _col4 (type: bigint)
             Execution mode: vectorized, llap
-            LLAP IO: no inputs
+            LLAP IO: all inputs
         Reducer 2 
             Execution mode: vectorized, llap
             Reduce Operator Tree:
@@ -710,7 +710,7 @@ STAGE PLANS:
                         Statistics: Num rows: 250 Data size: 46500 Basic stats: COMPLETE Column stats: COMPLETE
                         value expressions: _col2 (type: bigint)
             Execution mode: vectorized, llap
-            LLAP IO: no inputs
+            LLAP IO: all inputs
         Map 5 
             Map Operator Tree:
                 TableScan
@@ -737,7 +737,7 @@ STAGE PLANS:
                         Statistics: Num rows: 250 Data size: 46500 Basic stats: COMPLETE Column stats: COMPLETE
                         value expressions: _col2 (type: bigint)
             Execution mode: vectorized, llap
-            LLAP IO: no inputs
+            LLAP IO: all inputs
         Reducer 2 
             Execution mode: vectorized, llap
             Reduce Operator Tree:
diff --git a/ql/src/test/results/clientpositive/llap/windowing.q.out b/ql/src/test/results/clientpositive/llap/windowing.q.out
index d9194c98b7..31f1b234d9 100644
--- a/ql/src/test/results/clientpositive/llap/windowing.q.out
+++ b/ql/src/test/results/clientpositive/llap/windowing.q.out
@@ -1847,7 +1847,7 @@ STAGE PLANS:
                     Statistics: Num rows: 26 Data size: 5798 Basic stats: COMPLETE Column stats: COMPLETE
                     value expressions: p_size (type: int)
             Execution mode: vectorized, llap
-            LLAP IO: no inputs
+            LLAP IO: all inputs
         Reducer 2 
             Execution mode: llap
             Reduce Operator Tree:
diff --git a/ql/src/test/results/clientpositive/llap/windowing_filter.q.out b/ql/src/test/results/clientpositive/llap/windowing_filter.q.out
index 59dcd4f88f..bcab815e8d 100644
--- a/ql/src/test/results/clientpositive/llap/windowing_filter.q.out
+++ b/ql/src/test/results/clientpositive/llap/windowing_filter.q.out
@@ -97,7 +97,7 @@ STAGE PLANS:
                         Statistics: Num rows: 5 Data size: 470 Basic stats: COMPLETE Column stats: COMPLETE
                         value expressions: _col1 (type: double)
             Execution mode: vectorized, llap
-            LLAP IO: no inputs
+            LLAP IO: all inputs
         Reducer 2 
             Execution mode: vectorized, llap
             Reduce Operator Tree:
diff --git a/ql/src/test/results/clientpositive/llap/windowing_gby2.q.out b/ql/src/test/results/clientpositive/llap/windowing_gby2.q.out
index a693d58db5..9157aecf46 100644
--- a/ql/src/test/results/clientpositive/llap/windowing_gby2.q.out
+++ b/ql/src/test/results/clientpositive/llap/windowing_gby2.q.out
@@ -49,7 +49,7 @@ STAGE PLANS:
                         Statistics: Num rows: 7 Data size: 651 Basic stats: COMPLETE Column stats: COMPLETE
                         value expressions: _col1 (type: bigint)
             Execution mode: vectorized, llap
-            LLAP IO: no inputs
+            LLAP IO: all inputs
         Reducer 2 
             Execution mode: vectorized, llap
             Reduce Operator Tree:
@@ -185,7 +185,7 @@ STAGE PLANS:
                         Statistics: Num rows: 6 Data size: 1176 Basic stats: COMPLETE Column stats: COMPLETE
                         value expressions: _col1 (type: string), _col2 (type: bigint)
             Execution mode: vectorized, llap
-            LLAP IO: no inputs
+            LLAP IO: all inputs
         Reducer 2 
             Execution mode: vectorized, llap
             Reduce Operator Tree:
@@ -320,7 +320,7 @@ STAGE PLANS:
                         Statistics: Num rows: 10 Data size: 1980 Basic stats: COMPLETE Column stats: COMPLETE
                         value expressions: _col2 (type: double), _col3 (type: double), _col4 (type: int), _col5 (type: double)
             Execution mode: vectorized, llap
-            LLAP IO: no inputs
+            LLAP IO: all inputs
         Reducer 2 
             Execution mode: vectorized, llap
             Reduce Operator Tree:
@@ -535,7 +535,7 @@ STAGE PLANS:
                         Statistics: Num rows: 18 Data size: 1581 Basic stats: COMPLETE Column stats: COMPLETE
                         value expressions: _col1 (type: int), _col2 (type: boolean)
             Execution mode: vectorized, llap
-            LLAP IO: no inputs
+            LLAP IO: all inputs
         Map 5 
             Map Operator Tree:
                 TableScan
diff --git a/ql/src/test/results/clientpositive/llap/windowing_navfn.q.out b/ql/src/test/results/clientpositive/llap/windowing_navfn.q.out
index 224e2aea52..526690a7e2 100644
--- a/ql/src/test/results/clientpositive/llap/windowing_navfn.q.out
+++ b/ql/src/test/results/clientpositive/llap/windowing_navfn.q.out
@@ -80,7 +80,7 @@ STAGE PLANS:
                       Map-reduce partition columns: 0 (type: int)
                       Statistics: Num rows: 2 Data size: 174 Basic stats: COMPLETE Column stats: COMPLETE
             Execution mode: vectorized, llap
-            LLAP IO: no inputs
+            LLAP IO: all inputs
         Reducer 2 
             Execution mode: vectorized, llap
             Reduce Operator Tree:
diff --git a/ql/src/test/results/clientpositive/llap/windowing_streaming.q.out b/ql/src/test/results/clientpositive/llap/windowing_streaming.q.out
index e3f79a21de..e8f652e6de 100644
--- a/ql/src/test/results/clientpositive/llap/windowing_streaming.q.out
+++ b/ql/src/test/results/clientpositive/llap/windowing_streaming.q.out
@@ -80,7 +80,7 @@ STAGE PLANS:
                     Map-reduce partition columns: p_mfgr (type: string)
                     Statistics: Num rows: 26 Data size: 5694 Basic stats: COMPLETE Column stats: COMPLETE
             Execution mode: vectorized, llap
-            LLAP IO: no inputs
+            LLAP IO: all inputs
         Reducer 2 
             Execution mode: vectorized, llap
             Reduce Operator Tree:
@@ -172,7 +172,7 @@ STAGE PLANS:
                       Map-reduce partition columns: p_mfgr (type: string)
                       Statistics: Num rows: 26 Data size: 5694 Basic stats: COMPLETE Column stats: COMPLETE
             Execution mode: vectorized, llap
-            LLAP IO: no inputs
+            LLAP IO: all inputs
         Reducer 2 
             Execution mode: vectorized, llap
             Reduce Operator Tree:
