diff --git a/ql/src/test/org/apache/hadoop/hive/ql/TestTxnCommands.java b/ql/src/test/org/apache/hadoop/hive/ql/TestTxnCommands.java
index 03236b85d7..01435f933f 100644
--- a/ql/src/test/org/apache/hadoop/hive/ql/TestTxnCommands.java
+++ b/ql/src/test/org/apache/hadoop/hive/ql/TestTxnCommands.java
@@ -107,6 +107,7 @@ void initHiveConf() {
     //TestTxnCommandsWithSplitUpdateAndVectorization has the vectorized version
     //of these tests.
     hiveConf.setBoolVar(HiveConf.ConfVars.HIVE_VECTORIZATION_ENABLED, false);
+    MetastoreConf.setBoolVar(hiveConf, MetastoreConf.ConfVars.TRUNCATE_ACID_USE_BASE, true);
   }
 
 
diff --git a/ql/src/test/org/apache/hadoop/hive/ql/TestTxnCommandsForMmTable.java b/ql/src/test/org/apache/hadoop/hive/ql/TestTxnCommandsForMmTable.java
index 66d3b31470..2476f00a89 100644
--- a/ql/src/test/org/apache/hadoop/hive/ql/TestTxnCommandsForMmTable.java
+++ b/ql/src/test/org/apache/hadoop/hive/ql/TestTxnCommandsForMmTable.java
@@ -28,6 +28,7 @@
 import org.apache.hadoop.fs.Path;
 import org.apache.hadoop.hive.common.FileUtils;
 import org.apache.hadoop.hive.conf.HiveConf;
+import org.apache.hadoop.hive.metastore.conf.MetastoreConf;
 import org.apache.hadoop.hive.metastore.utils.TestTxnDbUtil;
 import org.apache.hadoop.hive.ql.io.AcidUtils;
 import org.junit.Assert;
@@ -75,7 +76,13 @@ String getPartitionColumns() {
       this.partitionColumns = partitionColumns;
     }
   }
-  
+
+  @Override
+  void initHiveConf() {
+    super.initHiveConf();
+    MetastoreConf.setBoolVar(hiveConf, MetastoreConf.ConfVars.TRUNCATE_ACID_USE_BASE, true);
+  }
+
   @Override
   @Before
   public void setUp() throws Exception {
diff --git a/ql/src/test/results/clientpositive/llap/acid_stats3.q.out b/ql/src/test/results/clientpositive/llap/acid_stats3.q.out
index 1858972fb0..401d6414f9 100644
--- a/ql/src/test/results/clientpositive/llap/acid_stats3.q.out
+++ b/ql/src/test/results/clientpositive/llap/acid_stats3.q.out
@@ -250,11 +250,11 @@ STAGE PLANS:
             Map Operator Tree:
                 TableScan
                   alias: stats_part
-                  Statistics: Num rows: 3 Data size: 12 Basic stats: PARTIAL Column stats: COMPLETE
+                  Statistics: Num rows: 2 Data size: 8 Basic stats: PARTIAL Column stats: COMPLETE
                   Select Operator
                     expressions: key (type: int)
                     outputColumnNames: key
-                    Statistics: Num rows: 3 Data size: 12 Basic stats: PARTIAL Column stats: COMPLETE
+                    Statistics: Num rows: 2 Data size: 8 Basic stats: PARTIAL Column stats: COMPLETE
                     Group By Operator
                       aggregations: count(key)
                       minReductionHashAggr: 0.99
@@ -368,11 +368,11 @@ STAGE PLANS:
             Map Operator Tree:
                 TableScan
                   alias: stats_part
-                  Statistics: Num rows: 2 Data size: 8 Basic stats: PARTIAL Column stats: COMPLETE
+                  Statistics: Num rows: 1 Data size: 4 Basic stats: PARTIAL Column stats: COMPLETE
                   Select Operator
                     expressions: key (type: int)
                     outputColumnNames: key
-                    Statistics: Num rows: 2 Data size: 8 Basic stats: PARTIAL Column stats: COMPLETE
+                    Statistics: Num rows: 1 Data size: 4 Basic stats: PARTIAL Column stats: COMPLETE
                     Group By Operator
                       aggregations: count(key)
                       minReductionHashAggr: 0.99
diff --git a/ql/src/test/results/clientpositive/llap/check_constraint.q.out b/ql/src/test/results/clientpositive/llap/check_constraint.q.out
index dbf0faa137..6add0d38a1 100644
--- a/ql/src/test/results/clientpositive/llap/check_constraint.q.out
+++ b/ql/src/test/results/clientpositive/llap/check_constraint.q.out
@@ -2067,20 +2067,20 @@ STAGE PLANS:
                 TableScan
                   alias: acid_uami_n0
                   filterExpr: ((de) IN (103, 119) and enforce_constraint((893.14 >= CAST( i AS decimal(5,2))) is not false)) (type: boolean)
-                  Statistics: Num rows: 229 Data size: 71832 Basic stats: COMPLETE Column stats: NONE
+                  Statistics: Num rows: 1 Data size: 328 Basic stats: COMPLETE Column stats: NONE
                   Filter Operator
                     predicate: ((de) IN (103, 119) and enforce_constraint((893.14 >= CAST( i AS decimal(5,2))) is not false)) (type: boolean)
-                    Statistics: Num rows: 5 Data size: 1568 Basic stats: COMPLETE Column stats: NONE
+                    Statistics: Num rows: 1 Data size: 328 Basic stats: COMPLETE Column stats: NONE
                     Select Operator
                       expressions: ROW__ID (type: struct<writeid:bigint,bucketid:int,rowid:bigint>), i (type: int), vc (type: varchar(128))
                       outputColumnNames: _col0, _col1, _col3
-                      Statistics: Num rows: 5 Data size: 1568 Basic stats: COMPLETE Column stats: NONE
+                      Statistics: Num rows: 1 Data size: 328 Basic stats: COMPLETE Column stats: NONE
                       Reduce Output Operator
                         key expressions: _col0 (type: struct<writeid:bigint,bucketid:int,rowid:bigint>)
                         null sort order: z
                         sort order: +
                         Map-reduce partition columns: UDFToInteger(_col0) (type: int)
-                        Statistics: Num rows: 5 Data size: 1568 Basic stats: COMPLETE Column stats: NONE
+                        Statistics: Num rows: 1 Data size: 328 Basic stats: COMPLETE Column stats: NONE
                         value expressions: _col1 (type: int), _col3 (type: varchar(128))
             Execution mode: vectorized, llap
             LLAP IO: may be used (ACID table)
@@ -2090,10 +2090,10 @@ STAGE PLANS:
               Select Operator
                 expressions: KEY.reducesinkkey0 (type: struct<writeid:bigint,bucketid:int,rowid:bigint>), VALUE._col0 (type: int), 893.14 (type: decimal(5,2)), VALUE._col1 (type: varchar(128))
                 outputColumnNames: _col0, _col1, _col2, _col3
-                Statistics: Num rows: 5 Data size: 1568 Basic stats: COMPLETE Column stats: NONE
+                Statistics: Num rows: 1 Data size: 328 Basic stats: COMPLETE Column stats: NONE
                 File Output Operator
                   compressed: false
-                  Statistics: Num rows: 5 Data size: 1568 Basic stats: COMPLETE Column stats: NONE
+                  Statistics: Num rows: 1 Data size: 328 Basic stats: COMPLETE Column stats: NONE
                   table:
                       input format: org.apache.hadoop.hive.ql.io.orc.OrcInputFormat
                       output format: org.apache.hadoop.hive.ql.io.orc.OrcOutputFormat
@@ -2174,20 +2174,20 @@ STAGE PLANS:
                 TableScan
                   alias: acid_uami_n0
                   filterExpr: (de = 893.14) (type: boolean)
-                  Statistics: Num rows: 227 Data size: 25172 Basic stats: COMPLETE Column stats: NONE
+                  Statistics: Num rows: 1 Data size: 116 Basic stats: COMPLETE Column stats: NONE
                   Filter Operator
                     predicate: (de = 893.14) (type: boolean)
-                    Statistics: Num rows: 5 Data size: 554 Basic stats: COMPLETE Column stats: NONE
+                    Statistics: Num rows: 1 Data size: 116 Basic stats: COMPLETE Column stats: NONE
                     Select Operator
                       expressions: ROW__ID (type: struct<writeid:bigint,bucketid:int,rowid:bigint>), i (type: int)
                       outputColumnNames: _col0, _col1
-                      Statistics: Num rows: 5 Data size: 554 Basic stats: COMPLETE Column stats: NONE
+                      Statistics: Num rows: 1 Data size: 116 Basic stats: COMPLETE Column stats: NONE
                       Reduce Output Operator
                         key expressions: _col0 (type: struct<writeid:bigint,bucketid:int,rowid:bigint>)
                         null sort order: z
                         sort order: +
                         Map-reduce partition columns: UDFToInteger(_col0) (type: int)
-                        Statistics: Num rows: 5 Data size: 554 Basic stats: COMPLETE Column stats: NONE
+                        Statistics: Num rows: 1 Data size: 116 Basic stats: COMPLETE Column stats: NONE
                         value expressions: _col1 (type: int)
             Execution mode: vectorized, llap
             LLAP IO: may be used (ACID table)
@@ -2197,10 +2197,10 @@ STAGE PLANS:
               Select Operator
                 expressions: KEY.reducesinkkey0 (type: struct<writeid:bigint,bucketid:int,rowid:bigint>), VALUE._col0 (type: int), 893.14 (type: decimal(5,2)), 'apache_hive' (type: varchar(128))
                 outputColumnNames: _col0, _col1, _col2, _col3
-                Statistics: Num rows: 5 Data size: 554 Basic stats: COMPLETE Column stats: NONE
+                Statistics: Num rows: 1 Data size: 116 Basic stats: COMPLETE Column stats: NONE
                 File Output Operator
                   compressed: false
-                  Statistics: Num rows: 5 Data size: 554 Basic stats: COMPLETE Column stats: NONE
+                  Statistics: Num rows: 1 Data size: 116 Basic stats: COMPLETE Column stats: NONE
                   table:
                       input format: org.apache.hadoop.hive.ql.io.orc.OrcInputFormat
                       output format: org.apache.hadoop.hive.ql.io.orc.OrcOutputFormat
diff --git a/standalone-metastore/metastore-common/src/main/java/org/apache/hadoop/hive/metastore/conf/MetastoreConf.java b/standalone-metastore/metastore-common/src/main/java/org/apache/hadoop/hive/metastore/conf/MetastoreConf.java
index 5e8430aa5f..89cdfbeb42 100644
--- a/standalone-metastore/metastore-common/src/main/java/org/apache/hadoop/hive/metastore/conf/MetastoreConf.java
+++ b/standalone-metastore/metastore-common/src/main/java/org/apache/hadoop/hive/metastore/conf/MetastoreConf.java
@@ -1247,7 +1247,7 @@ public enum ConfVars {
             " If org.apache.hive.hcatalog.listener.DbNotificationListener is configured along with other transactional event" +
             " listener implementation classes, make sure org.apache.hive.hcatalog.listener.DbNotificationListener is placed at" +
             " the end of the list."),
-    TRUNCATE_ACID_USE_BASE("metastore.acid.truncate.usebase", "hive.metastore.acid.truncate.usebase", true,
+    TRUNCATE_ACID_USE_BASE("metastore.acid.truncate.usebase", "hive.metastore.acid.truncate.usebase", false,
         "If enabled, truncate for transactional tables will not delete the data directories,\n" +
         "rather create a new base directory with no datafiles."),
     TRY_DIRECT_SQL("metastore.try.direct.sql", "hive.metastore.try.direct.sql", true,
