diff --git a/ql/src/test/results/clientpositive/llap/materialized_view_rewrite_window.q.out b/ql/src/test/results/clientpositive/llap/materialized_view_rewrite_window.q.out
index 29e8e02868..8e86512c17 100644
--- a/ql/src/test/results/clientpositive/llap/materialized_view_rewrite_window.q.out
+++ b/ql/src/test/results/clientpositive/llap/materialized_view_rewrite_window.q.out
@@ -295,16 +295,16 @@ STAGE PLANS:
                 Statistics: Num rows: 4 Data size: 480 Basic stats: COMPLETE Column stats: COMPLETE
                 Group By Operator
                   aggregations: max(_col1)
-                  keys: _col2 (type: decimal(12,4))
+                  keys: _col2 (type: decimal(19,4))
                   minReductionHashAggr: 0.4
                   mode: hash
                   outputColumnNames: _col0, _col1
                   Statistics: Num rows: 4 Data size: 480 Basic stats: COMPLETE Column stats: COMPLETE
                   Reduce Output Operator
-                    key expressions: _col0 (type: decimal(12,4))
+                    key expressions: _col0 (type: decimal(19,4))
                     null sort order: z
                     sort order: +
-                    Map-reduce partition columns: _col0 (type: decimal(12,4))
+                    Map-reduce partition columns: _col0 (type: decimal(19,4))
                     Statistics: Num rows: 4 Data size: 480 Basic stats: COMPLETE Column stats: COMPLETE
                     value expressions: _col1 (type: bigint)
         Reducer 3 
@@ -312,7 +312,7 @@ STAGE PLANS:
             Reduce Operator Tree:
               Group By Operator
                 aggregations: max(VALUE._col0)
-                keys: KEY._col0 (type: decimal(12,4))
+                keys: KEY._col0 (type: decimal(19,4))
                 mode: mergepartial
                 outputColumnNames: _col0, _col1
                 Statistics: Num rows: 4 Data size: 480 Basic stats: COMPLETE Column stats: COMPLETE
@@ -326,7 +326,7 @@ STAGE PLANS:
                       name: arc_view.mv_tv_view_data_av1
                   Write Type: INSERT
                 Select Operator
-                  expressions: _col0 (type: decimal(12,4)), _col1 (type: bigint)
+                  expressions: _col0 (type: decimal(19,4)), _col1 (type: bigint)
                   outputColumnNames: quartile, total
                   Statistics: Num rows: 4 Data size: 480 Basic stats: COMPLETE Column stats: COMPLETE
                   Group By Operator
@@ -339,7 +339,7 @@ STAGE PLANS:
                       null sort order: 
                       sort order: 
                       Statistics: Num rows: 1 Data size: 552 Basic stats: COMPLETE Column stats: COMPLETE
-                      value expressions: _col0 (type: decimal(12,4)), _col1 (type: decimal(12,4)), _col2 (type: bigint), _col3 (type: bigint), _col4 (type: binary), _col5 (type: bigint), _col6 (type: bigint), _col7 (type: bigint), _col8 (type: binary)
+                      value expressions: _col0 (type: decimal(19,4)), _col1 (type: decimal(19,4)), _col2 (type: bigint), _col3 (type: bigint), _col4 (type: binary), _col5 (type: bigint), _col6 (type: bigint), _col7 (type: bigint), _col8 (type: binary)
         Reducer 4 
             Execution mode: vectorized, llap
             Reduce Operator Tree:
@@ -349,7 +349,7 @@ STAGE PLANS:
                 outputColumnNames: _col0, _col1, _col2, _col3, _col4, _col5, _col6, _col7, _col8
                 Statistics: Num rows: 1 Data size: 552 Basic stats: COMPLETE Column stats: COMPLETE
                 Select Operator
-                  expressions: 'DECIMAL' (type: string), _col0 (type: decimal(12,4)), _col1 (type: decimal(12,4)), (_col2 - _col3) (type: bigint), COALESCE(ndv_compute_bit_vector(_col4),0) (type: bigint), _col4 (type: binary), 'LONG' (type: string), _col5 (type: bigint), _col6 (type: bigint), (_col2 - _col7) (type: bigint), COALESCE(ndv_compute_bit_vector(_col8),0) (type: bigint), _col8 (type: binary)
+                  expressions: 'DECIMAL' (type: string), _col0 (type: decimal(19,4)), _col1 (type: decimal(19,4)), (_col2 - _col3) (type: bigint), COALESCE(ndv_compute_bit_vector(_col4),0) (type: bigint), _col4 (type: binary), 'LONG' (type: string), _col5 (type: bigint), _col6 (type: bigint), (_col2 - _col7) (type: bigint), COALESCE(ndv_compute_bit_vector(_col8),0) (type: bigint), _col8 (type: binary)
                   outputColumnNames: _col0, _col1, _col2, _col3, _col4, _col5, _col6, _col7, _col8, _col9, _col10, _col11
                   Statistics: Num rows: 1 Data size: 739 Basic stats: COMPLETE Column stats: COMPLETE
                   File Output Operator
@@ -390,7 +390,7 @@ STAGE PLANS:
                     predicate: _col0 is not null (type: boolean)
                     Statistics: Num rows: 4 Data size: 396 Basic stats: COMPLETE Column stats: COMPLETE
                     Select Operator
-                      expressions: _col1 (type: bigint), sum_window_0 (type: decimal(12,4)), _col0 (type: string)
+                      expressions: _col1 (type: bigint), sum_window_0 (type: decimal(19,4)), _col0 (type: string)
                       outputColumnNames: _col0, _col1, _col2
                       Statistics: Num rows: 4 Data size: 844 Basic stats: COMPLETE Column stats: COMPLETE
                       Reduce Output Operator
@@ -399,7 +399,7 @@ STAGE PLANS:
                         sort order: +
                         Map-reduce partition columns: _col2 (type: string)
                         Statistics: Num rows: 4 Data size: 844 Basic stats: COMPLETE Column stats: COMPLETE
-                        value expressions: _col0 (type: bigint), _col1 (type: decimal(12,4))
+                        value expressions: _col0 (type: bigint), _col1 (type: decimal(19,4))
 
   Stage: Stage-2
     Dependency Collection
@@ -420,7 +420,7 @@ STAGE PLANS:
       Basic Stats Work:
       Column Stats Desc:
           Columns: quartile, total
-          Column Types: decimal(12,4), bigint
+          Column Types: decimal(19,4), bigint
           Table: arc_view.mv_tv_view_data_av1
 
   Stage: Stage-4
@@ -606,16 +606,16 @@ STAGE PLANS:
                 Statistics: Num rows: 5 Data size: 600 Basic stats: COMPLETE Column stats: COMPLETE
                 Group By Operator
                   aggregations: max(_col1)
-                  keys: _col2 (type: decimal(12,4))
+                  keys: _col2 (type: decimal(19,4))
                   minReductionHashAggr: 0.4
                   mode: hash
                   outputColumnNames: _col0, _col1
                   Statistics: Num rows: 5 Data size: 600 Basic stats: COMPLETE Column stats: COMPLETE
                   Reduce Output Operator
-                    key expressions: _col0 (type: decimal(12,4))
+                    key expressions: _col0 (type: decimal(19,4))
                     null sort order: z
                     sort order: +
-                    Map-reduce partition columns: _col0 (type: decimal(12,4))
+                    Map-reduce partition columns: _col0 (type: decimal(19,4))
                     Statistics: Num rows: 5 Data size: 600 Basic stats: COMPLETE Column stats: COMPLETE
                     value expressions: _col1 (type: bigint)
         Reducer 3 
@@ -623,7 +623,7 @@ STAGE PLANS:
             Reduce Operator Tree:
               Group By Operator
                 aggregations: max(VALUE._col0)
-                keys: KEY._col0 (type: decimal(12,4))
+                keys: KEY._col0 (type: decimal(19,4))
                 mode: mergepartial
                 outputColumnNames: _col0, _col1
                 Statistics: Num rows: 5 Data size: 600 Basic stats: COMPLETE Column stats: COMPLETE
@@ -637,7 +637,7 @@ STAGE PLANS:
                       name: arc_view.mv_tv_view_data_av1
                   Write Type: INSERT
                 Select Operator
-                  expressions: _col0 (type: decimal(12,4)), _col1 (type: bigint)
+                  expressions: _col0 (type: decimal(19,4)), _col1 (type: bigint)
                   outputColumnNames: quartile, total
                   Statistics: Num rows: 5 Data size: 600 Basic stats: COMPLETE Column stats: COMPLETE
                   Group By Operator
@@ -650,7 +650,7 @@ STAGE PLANS:
                       null sort order: 
                       sort order: 
                       Statistics: Num rows: 1 Data size: 552 Basic stats: COMPLETE Column stats: COMPLETE
-                      value expressions: _col0 (type: decimal(12,4)), _col1 (type: decimal(12,4)), _col2 (type: bigint), _col3 (type: bigint), _col4 (type: binary), _col5 (type: bigint), _col6 (type: bigint), _col7 (type: bigint), _col8 (type: binary)
+                      value expressions: _col0 (type: decimal(19,4)), _col1 (type: decimal(19,4)), _col2 (type: bigint), _col3 (type: bigint), _col4 (type: binary), _col5 (type: bigint), _col6 (type: bigint), _col7 (type: bigint), _col8 (type: binary)
         Reducer 4 
             Execution mode: vectorized, llap
             Reduce Operator Tree:
@@ -660,7 +660,7 @@ STAGE PLANS:
                 outputColumnNames: _col0, _col1, _col2, _col3, _col4, _col5, _col6, _col7, _col8
                 Statistics: Num rows: 1 Data size: 552 Basic stats: COMPLETE Column stats: COMPLETE
                 Select Operator
-                  expressions: 'DECIMAL' (type: string), _col0 (type: decimal(12,4)), _col1 (type: decimal(12,4)), (_col2 - _col3) (type: bigint), COALESCE(ndv_compute_bit_vector(_col4),0) (type: bigint), _col4 (type: binary), 'LONG' (type: string), _col5 (type: bigint), _col6 (type: bigint), (_col2 - _col7) (type: bigint), COALESCE(ndv_compute_bit_vector(_col8),0) (type: bigint), _col8 (type: binary)
+                  expressions: 'DECIMAL' (type: string), _col0 (type: decimal(19,4)), _col1 (type: decimal(19,4)), (_col2 - _col3) (type: bigint), COALESCE(ndv_compute_bit_vector(_col4),0) (type: bigint), _col4 (type: binary), 'LONG' (type: string), _col5 (type: bigint), _col6 (type: bigint), (_col2 - _col7) (type: bigint), COALESCE(ndv_compute_bit_vector(_col8),0) (type: bigint), _col8 (type: binary)
                   outputColumnNames: _col0, _col1, _col2, _col3, _col4, _col5, _col6, _col7, _col8, _col9, _col10, _col11
                   Statistics: Num rows: 1 Data size: 739 Basic stats: COMPLETE Column stats: COMPLETE
                   File Output Operator
@@ -701,7 +701,7 @@ STAGE PLANS:
                     predicate: _col0 is not null (type: boolean)
                     Statistics: Num rows: 5 Data size: 495 Basic stats: COMPLETE Column stats: COMPLETE
                     Select Operator
-                      expressions: _col1 (type: bigint), sum_window_0 (type: decimal(12,4)), _col0 (type: string)
+                      expressions: _col1 (type: bigint), sum_window_0 (type: decimal(19,4)), _col0 (type: string)
                       outputColumnNames: _col0, _col1, _col2
                       Statistics: Num rows: 5 Data size: 1055 Basic stats: COMPLETE Column stats: COMPLETE
                       Reduce Output Operator
@@ -710,7 +710,7 @@ STAGE PLANS:
                         sort order: +
                         Map-reduce partition columns: _col2 (type: string)
                         Statistics: Num rows: 5 Data size: 1055 Basic stats: COMPLETE Column stats: COMPLETE
-                        value expressions: _col0 (type: bigint), _col1 (type: decimal(12,4))
+                        value expressions: _col0 (type: bigint), _col1 (type: decimal(19,4))
 
   Stage: Stage-2
     Dependency Collection
@@ -731,7 +731,7 @@ STAGE PLANS:
       Basic Stats Work:
       Column Stats Desc:
           Columns: quartile, total
-          Column Types: decimal(12,4), bigint
+          Column Types: decimal(19,4), bigint
           Table: arc_view.mv_tv_view_data_av1
 
   Stage: Stage-4
@@ -961,7 +961,7 @@ STAGE PLANS:
                               window frame: RANGE PRECEDING(MAX)~CURRENT
                   Statistics: Num rows: 6 Data size: 594 Basic stats: COMPLETE Column stats: COMPLETE
                   Select Operator
-                    expressions: _col1 (type: bigint), sum_window_0 (type: decimal(12,4)), _col0 (type: string)
+                    expressions: _col1 (type: bigint), sum_window_0 (type: decimal(19,4)), _col0 (type: string)
                     outputColumnNames: _col0, _col1, _col2
                     Statistics: Num rows: 6 Data size: 1266 Basic stats: COMPLETE Column stats: COMPLETE
                     File Output Operator
@@ -974,7 +974,7 @@ STAGE PLANS:
                           name: arc_view.mv_tv_view_data_av2
                       Write Type: INSERT
                     Select Operator
-                      expressions: _col0 (type: bigint), _col1 (type: decimal(12,4)), _col2 (type: string)
+                      expressions: _col0 (type: bigint), _col1 (type: decimal(19,4)), _col2 (type: string)
                       outputColumnNames: total_views, quartile, program
                       Statistics: Num rows: 6 Data size: 1266 Basic stats: COMPLETE Column stats: COMPLETE
                       Group By Operator
@@ -987,7 +987,7 @@ STAGE PLANS:
                           null sort order: 
                           sort order: 
                           Statistics: Num rows: 1 Data size: 784 Basic stats: COMPLETE Column stats: COMPLETE
-                          value expressions: _col0 (type: bigint), _col1 (type: bigint), _col2 (type: bigint), _col3 (type: bigint), _col4 (type: binary), _col5 (type: decimal(12,4)), _col6 (type: decimal(12,4)), _col7 (type: bigint), _col8 (type: binary), _col9 (type: int), _col10 (type: struct<count:bigint,sum:double,input:int>), _col11 (type: bigint), _col12 (type: binary)
+                          value expressions: _col0 (type: bigint), _col1 (type: bigint), _col2 (type: bigint), _col3 (type: bigint), _col4 (type: binary), _col5 (type: decimal(19,4)), _col6 (type: decimal(19,4)), _col7 (type: bigint), _col8 (type: binary), _col9 (type: int), _col10 (type: struct<count:bigint,sum:double,input:int>), _col11 (type: bigint), _col12 (type: binary)
         Reducer 3 
             Execution mode: vectorized, llap
             Reduce Operator Tree:
@@ -997,7 +997,7 @@ STAGE PLANS:
                 outputColumnNames: _col0, _col1, _col2, _col3, _col4, _col5, _col6, _col7, _col8, _col9, _col10, _col11, _col12
                 Statistics: Num rows: 1 Data size: 716 Basic stats: COMPLETE Column stats: COMPLETE
                 Select Operator
-                  expressions: 'LONG' (type: string), _col0 (type: bigint), _col1 (type: bigint), (_col2 - _col3) (type: bigint), COALESCE(ndv_compute_bit_vector(_col4),0) (type: bigint), _col4 (type: binary), 'DECIMAL' (type: string), _col5 (type: decimal(12,4)), _col6 (type: decimal(12,4)), (_col2 - _col7) (type: bigint), COALESCE(ndv_compute_bit_vector(_col8),0) (type: bigint), _col8 (type: binary), 'STRING' (type: string), UDFToLong(COALESCE(_col9,0)) (type: bigint), COALESCE(_col10,0) (type: double), (_col2 - _col11) (type: bigint), COALESCE(ndv_compute_bit_vector(_col12),0) (type: bigint), _col12 (type: binary)
+                  expressions: 'LONG' (type: string), _col0 (type: bigint), _col1 (type: bigint), (_col2 - _col3) (type: bigint), COALESCE(ndv_compute_bit_vector(_col4),0) (type: bigint), _col4 (type: binary), 'DECIMAL' (type: string), _col5 (type: decimal(19,4)), _col6 (type: decimal(19,4)), (_col2 - _col7) (type: bigint), COALESCE(ndv_compute_bit_vector(_col8),0) (type: bigint), _col8 (type: binary), 'STRING' (type: string), UDFToLong(COALESCE(_col9,0)) (type: bigint), COALESCE(_col10,0) (type: double), (_col2 - _col11) (type: bigint), COALESCE(ndv_compute_bit_vector(_col12),0) (type: bigint), _col12 (type: binary)
                   outputColumnNames: _col0, _col1, _col2, _col3, _col4, _col5, _col6, _col7, _col8, _col9, _col10, _col11, _col12, _col13, _col14, _col15, _col16, _col17
                   Statistics: Num rows: 1 Data size: 1005 Basic stats: COMPLETE Column stats: COMPLETE
                   File Output Operator
@@ -1027,7 +1027,7 @@ STAGE PLANS:
       Basic Stats Work:
       Column Stats Desc:
           Columns: total_views, quartile, program
-          Column Types: bigint, decimal(12,4), string
+          Column Types: bigint, decimal(19,4), string
           Table: arc_view.mv_tv_view_data_av2
 
   Stage: Stage-4
diff --git a/ql/src/test/results/clientpositive/llap/vector_cast_constant.q.out b/ql/src/test/results/clientpositive/llap/vector_cast_constant.q.out
index 652b1a8c51..a38a2c32c6 100644
--- a/ql/src/test/results/clientpositive/llap/vector_cast_constant.q.out
+++ b/ql/src/test/results/clientpositive/llap/vector_cast_constant.q.out
@@ -180,7 +180,7 @@ STAGE PLANS:
                               native: true
                               nativeConditionsMet: hive.vectorized.execution.reducesink.new.enabled IS true, hive.execution.engine tez IN [tez, spark] IS true, No PTF TopN IS true, No DISTINCT columns IS true, BinarySortableSerDe for keys IS true, LazyBinarySerDe for values IS true
                           Statistics: Num rows: 257 Data size: 40092 Basic stats: COMPLETE Column stats: COMPLETE
-                          value expressions: _col1 (type: bigint), _col2 (type: bigint), _col3 (type: double), _col4 (type: bigint), _col5 (type: decimal(12,0)), _col6 (type: bigint)
+                          value expressions: _col1 (type: bigint), _col2 (type: bigint), _col3 (type: double), _col4 (type: bigint), _col5 (type: decimal(20,0)), _col6 (type: bigint)
             Execution mode: vectorized, llap
             LLAP IO: all inputs
             Map Vectorization:
@@ -204,7 +204,7 @@ STAGE PLANS:
               Group By Operator
                 aggregations: sum(VALUE._col0), count(VALUE._col1), sum(VALUE._col2), count(VALUE._col3), sum(VALUE._col4), count(VALUE._col5)
                 Group By Vectorization:
-                    aggregators: VectorUDAFSumLong(col 1:bigint) -> bigint, VectorUDAFCountMerge(col 2:bigint) -> bigint, VectorUDAFSumDouble(col 3:double) -> double, VectorUDAFCountMerge(col 4:bigint) -> bigint, VectorUDAFSumDecimal64(col 5:decimal(12,0)/DECIMAL_64) -> decimal(12,0)/DECIMAL_64, VectorUDAFCountMerge(col 6:bigint) -> bigint
+                    aggregators: VectorUDAFSumLong(col 1:bigint) -> bigint, VectorUDAFCountMerge(col 2:bigint) -> bigint, VectorUDAFSumDouble(col 3:double) -> double, VectorUDAFCountMerge(col 4:bigint) -> bigint, VectorUDAFSumDecimal(col 5:decimal(20,0)) -> decimal(20,0), VectorUDAFCountMerge(col 6:bigint) -> bigint
                     className: VectorGroupByOperator
                     groupByMode: MERGEPARTIAL
                     keyExpressions: col 0:int
@@ -216,13 +216,13 @@ STAGE PLANS:
                 outputColumnNames: _col0, _col1, _col2, _col3, _col4, _col5, _col6
                 Statistics: Num rows: 257 Data size: 40092 Basic stats: COMPLETE Column stats: COMPLETE
                 Select Operator
-                  expressions: _col0 (type: int), (UDFToDouble(_col1) / _col2) (type: double), (_col3 / _col4) (type: double), CAST( (_col5 / _col6) AS decimal(6,4)) (type: decimal(6,4))
+                  expressions: _col0 (type: int), (UDFToDouble(_col1) / _col2) (type: double), (_col3 / _col4) (type: double), CAST( (_col5 / _col6) AS decimal(14,4)) (type: decimal(14,4))
                   outputColumnNames: _col0, _col1, _col2, _col3
                   Select Vectorization:
                       className: VectorSelectOperator
                       native: true
-                      projectedOutputColumnNums: [0, 8, 9, 13]
-                      selectExpressions: DoubleColDivideLongColumn(col 7:double, col 2:bigint)(children: CastLongToDouble(col 1:bigint) -> 7:double) -> 8:double, DoubleColDivideLongColumn(col 3:double, col 4:bigint) -> 9:double, CastDecimalToDecimal(col 12:decimal(32,20))(children: DecimalColDivideDecimalColumn(col 10:decimal(12,0), col 11:decimal(19,0))(children: ConvertDecimal64ToDecimal(col 5:decimal(12,0)/DECIMAL_64) -> 10:decimal(12,0), CastLongToDecimal(col 6:bigint) -> 11:decimal(19,0)) -> 12:decimal(32,20)) -> 13:decimal(6,4)
+                      projectedOutputColumnNums: [0, 8, 9, 12]
+                      selectExpressions: DoubleColDivideLongColumn(col 7:double, col 2:bigint)(children: CastLongToDouble(col 1:bigint) -> 7:double) -> 8:double, DoubleColDivideLongColumn(col 3:double, col 4:bigint) -> 9:double, CastDecimalToDecimal(col 11:decimal(38,18))(children: DecimalColDivideDecimalColumn(col 5:decimal(20,0), col 10:decimal(19,0))(children: CastLongToDecimal(col 6:bigint) -> 10:decimal(19,0)) -> 11:decimal(38,18)) -> 12:decimal(14,4)
                   Statistics: Num rows: 257 Data size: 33924 Basic stats: COMPLETE Column stats: COMPLETE
                   Reduce Output Operator
                     key expressions: _col0 (type: int)
@@ -233,7 +233,7 @@ STAGE PLANS:
                         native: true
                         nativeConditionsMet: hive.vectorized.execution.reducesink.new.enabled IS true, hive.execution.engine tez IN [tez, spark] IS true, No PTF TopN IS true, No DISTINCT columns IS true, BinarySortableSerDe for keys IS true, LazyBinarySerDe for values IS true
                     Statistics: Num rows: 257 Data size: 33924 Basic stats: COMPLETE Column stats: COMPLETE
-                    value expressions: _col1 (type: double), _col2 (type: double), _col3 (type: decimal(6,4))
+                    value expressions: _col1 (type: double), _col2 (type: double), _col3 (type: decimal(14,4))
         Reducer 3 
             Execution mode: vectorized, llap
             Reduce Vectorization:
@@ -244,7 +244,7 @@ STAGE PLANS:
                 vectorized: true
             Reduce Operator Tree:
               Select Operator
-                expressions: KEY.reducesinkkey0 (type: int), VALUE._col0 (type: double), VALUE._col1 (type: double), VALUE._col2 (type: decimal(6,4))
+                expressions: KEY.reducesinkkey0 (type: int), VALUE._col0 (type: double), VALUE._col1 (type: double), VALUE._col2 (type: decimal(14,4))
                 outputColumnNames: _col0, _col1, _col2, _col3
                 Select Vectorization:
                     className: VectorSelectOperator
diff --git a/ql/src/test/results/clientpositive/perf/tpcds30tb/tez/cbo_query23.q.out b/ql/src/test/results/clientpositive/perf/tpcds30tb/tez/cbo_query23.q.out
index 3dc1c33990..65027cbbfa 100644
--- a/ql/src/test/results/clientpositive/perf/tpcds30tb/tez/cbo_query23.q.out
+++ b/ql/src/test/results/clientpositive/perf/tpcds30tb/tez/cbo_query23.q.out
@@ -36,7 +36,7 @@ HiveAggregate(group=[{}], agg#0=[sum($0)])
                     HiveProject(ss_customer_sk=[CAST($2):BIGINT NOT NULL], *=[*(CAST($9):DECIMAL(10, 0), $12)])
                       HiveFilter(condition=[IS NOT NULL($2)])
                         HiveTableScan(table=[[default, store_sales]], table:alias=[store_sales])
-              HiveProject(*=[*(0.95:DECIMAL(8, 6), $0)])
+              HiveProject(*=[*(0.95:DECIMAL(16, 6), $0)])
                 HiveFilter(condition=[IS NOT NULL($0)])
                   HiveProject($f0=[$0])
                     HiveAggregate(group=[{}], agg#0=[max($1)])
@@ -82,7 +82,7 @@ HiveAggregate(group=[{}], agg#0=[sum($0)])
                     HiveProject(ss_customer_sk=[CAST($2):BIGINT NOT NULL], *=[*(CAST($9):DECIMAL(10, 0), $12)])
                       HiveFilter(condition=[IS NOT NULL($2)])
                         HiveTableScan(table=[[default, store_sales]], table:alias=[store_sales])
-              HiveProject(*=[*(0.95:DECIMAL(8, 6), $0)])
+              HiveProject(*=[*(0.95:DECIMAL(16, 6), $0)])
                 HiveFilter(condition=[IS NOT NULL($0)])
                   HiveProject($f0=[$0])
                     HiveAggregate(group=[{}], agg#0=[max($1)])
diff --git a/serde/src/java/org/apache/hadoop/hive/serde2/objectinspector/primitive/WritableConstantHiveDecimalObjectInspector.java b/serde/src/java/org/apache/hadoop/hive/serde2/objectinspector/primitive/WritableConstantHiveDecimalObjectInspector.java
index 8974e11c18..56643bcab9 100644
--- a/serde/src/java/org/apache/hadoop/hive/serde2/objectinspector/primitive/WritableConstantHiveDecimalObjectInspector.java
+++ b/serde/src/java/org/apache/hadoop/hive/serde2/objectinspector/primitive/WritableConstantHiveDecimalObjectInspector.java
@@ -54,12 +54,4 @@ public HiveDecimalWritable getWritableConstantValue() {
     }
     return result;
   }
-
-  @Override
-  public int precision() {
-    if (value == null) {
-      return super.precision();
-    }
-    return value.precision();
-  }
 }
