diff --git a/itests/src/test/resources/testconfiguration.properties b/itests/src/test/resources/testconfiguration.properties
index 572de056f0..66d4e56de0 100644
--- a/itests/src/test/resources/testconfiguration.properties
+++ b/itests/src/test/resources/testconfiguration.properties
@@ -241,7 +241,6 @@ mr.query.files=\
   join_vc.q,\
   list_bucket_dml_8.q,\
   localtimezone.q,\
-  manyViewJoin.q,\
   mapjoin1.q,\
   mapjoin47.q,\
   mapjoin_distinct.q,\
diff --git a/ql/src/java/org/apache/hadoop/hive/ql/optimizer/physical/StageIDsRearranger.java b/ql/src/java/org/apache/hadoop/hive/ql/optimizer/physical/StageIDsRearranger.java
index 51a79650e6..bcbf0087f4 100644
--- a/ql/src/java/org/apache/hadoop/hive/ql/optimizer/physical/StageIDsRearranger.java
+++ b/ql/src/java/org/apache/hadoop/hive/ql/optimizer/physical/StageIDsRearranger.java
@@ -48,7 +48,7 @@ public PhysicalContext resolve(PhysicalContext pctx) throws SemanticException {
     for (Task task : getExplainOrder(pctx)) {
       task.setId(PREFIX + (++counter));
     }
-    return null;
+    return pctx;
   }
 
   private static List<Task> getExplainOrder(PhysicalContext pctx) {
diff --git a/ql/src/test/results/clientpositive/manyViewJoin.q.out b/ql/src/test/results/clientpositive/llap/manyViewJoin.q.out
similarity index 86%
rename from ql/src/test/results/clientpositive/manyViewJoin.q.out
rename to ql/src/test/results/clientpositive/llap/manyViewJoin.q.out
index a557e09f22..e1589a7d31 100644
--- a/ql/src/test/results/clientpositive/manyViewJoin.q.out
+++ b/ql/src/test/results/clientpositive/llap/manyViewJoin.q.out
@@ -24241,2497 +24241,2665 @@ POSTHOOK: Input: default@test_hive_2032
 #### A masked pattern was here ####
 STAGE DEPENDENCIES:
   Stage-1 is a root stage
-  Stage-2 is a root stage
-  Stage-3 is a root stage
-  Stage-4 is a root stage
-  Stage-5 is a root stage
-  Stage-6 is a root stage
-  Stage-7 is a root stage
-  Stage-8 is a root stage
-  Stage-9 is a root stage
-  Stage-10 is a root stage
-  Stage-11 is a root stage
-  Stage-12 is a root stage
-  Stage-13 is a root stage
-  Stage-14 is a root stage
-  Stage-15 is a root stage
-  Stage-16 is a root stage
-  Stage-17 is a root stage
-  Stage-18 is a root stage
-  Stage-19 is a root stage
-  Stage-20 is a root stage
-  Stage-21 is a root stage
-  Stage-22 is a root stage
-  Stage-23 is a root stage
-  Stage-24 is a root stage
-  Stage-25 is a root stage
-  Stage-26 is a root stage
-  Stage-27 is a root stage
-  Stage-28 is a root stage
-  Stage-29 is a root stage
-  Stage-30 is a root stage
-  Stage-31 is a root stage
-  Stage-32 is a root stage
-  Stage-33 is a root stage
-  Stage-34 is a root stage
-  Stage-35 is a root stage
-  Stage-36 is a root stage
-  Stage-37 is a root stage
-  Stage-38 is a root stage
-  Stage-39 is a root stage
-  Stage-40 is a root stage
-  Stage-41 is a root stage
-  Stage-42 is a root stage
-  Stage-43 is a root stage
-  Stage-44 is a root stage
-  Stage-45 is a root stage
-  Stage-46 is a root stage
-  Stage-47 depends on stages: Stage-1
-  Stage-48 depends on stages: Stage-2
-  Stage-49 depends on stages: Stage-3
-  Stage-50 depends on stages: Stage-4
-  Stage-51 depends on stages: Stage-5
-  Stage-52 depends on stages: Stage-6
-  Stage-53 depends on stages: Stage-7
-  Stage-54 depends on stages: Stage-8
-  Stage-55 depends on stages: Stage-9
-  Stage-56 depends on stages: Stage-10
-  Stage-57 depends on stages: Stage-11
-  Stage-58 depends on stages: Stage-12
-  Stage-59 depends on stages: Stage-13
-  Stage-60 depends on stages: Stage-14
-  Stage-61 depends on stages: Stage-15
-  Stage-62 depends on stages: Stage-16
-  Stage-63 depends on stages: Stage-17
-  Stage-64 depends on stages: Stage-18
-  Stage-65 depends on stages: Stage-19
-  Stage-66 depends on stages: Stage-20
-  Stage-67 depends on stages: Stage-21
-  Stage-68 depends on stages: Stage-22
-  Stage-69 depends on stages: Stage-23
-  Stage-70 depends on stages: Stage-24
-  Stage-71 depends on stages: Stage-25
-  Stage-72 depends on stages: Stage-26
-  Stage-73 depends on stages: Stage-27
-  Stage-74 depends on stages: Stage-28
-  Stage-75 depends on stages: Stage-29
-  Stage-76 depends on stages: Stage-30
-  Stage-77 depends on stages: Stage-31
-  Stage-78 depends on stages: Stage-32
-  Stage-79 depends on stages: Stage-33
-  Stage-80 depends on stages: Stage-34
-  Stage-81 depends on stages: Stage-35
-  Stage-82 depends on stages: Stage-36
-  Stage-83 depends on stages: Stage-37
-  Stage-84 depends on stages: Stage-38
-  Stage-85 depends on stages: Stage-39
-  Stage-86 depends on stages: Stage-40
-  Stage-87 depends on stages: Stage-41
-  Stage-88 depends on stages: Stage-42
-  Stage-89 depends on stages: Stage-43
-  Stage-90 depends on stages: Stage-44
-  Stage-91 depends on stages: Stage-45
-  Stage-92 depends on stages: Stage-46
-  Stage-93 depends on stages: Stage-47, Stage-48 , consists of Stage-407, Stage-408, Stage-2
-  Stage-94 depends on stages: Stage-138, Stage-139, Stage-46
+  Stage-2 depends on stages: Stage-1
 
 STAGE PLANS:
   Stage: Stage-1
-    Map Reduce Local Work
-      Alias -> Map Local Tables:
-        t1:t2 
-          Fetch Operator
-            limit: -1
-      Alias -> Map Local Operator Tree:
-        t1:t2 
-          TableScan
-            alias: t2
-            filterExpr: max_partition is not null (type: boolean)
-            Statistics: Num rows: 1 Data size: 8 Basic stats: COMPLETE Column stats: NONE
-            Filter Operator
-              predicate: max_partition is not null (type: boolean)
-              Statistics: Num rows: 1 Data size: 8 Basic stats: COMPLETE Column stats: NONE
-              HashTable Sink Operator
-                keys:
-                  0 _col90 (type: bigint)
-                  1 max_partition (type: bigint)
-
-  Stage: Stage-2
-    Map Reduce Local Work
-      Alias -> Map Local Tables:
-        t2:t2 
-          Fetch Operator
-            limit: -1
-      Alias -> Map Local Operator Tree:
-        t2:t2 
-          TableScan
-            alias: t2
-            filterExpr: max_partition is not null (type: boolean)
-            Statistics: Num rows: 1 Data size: 8 Basic stats: COMPLETE Column stats: NONE
-            Filter Operator
-              predicate: max_partition is not null (type: boolean)
-              Statistics: Num rows: 1 Data size: 8 Basic stats: COMPLETE Column stats: NONE
-              HashTable Sink Operator
-                keys:
-                  0 _col9 (type: bigint)
-                  1 max_partition (type: bigint)
-
-  Stage: Stage-3
-    Map Reduce Local Work
-      Alias -> Map Local Tables:
-        t3:t2 
-          Fetch Operator
-            limit: -1
-      Alias -> Map Local Operator Tree:
-        t3:t2 
-          TableScan
-            alias: t2
-            filterExpr: max_partition is not null (type: boolean)
-            Statistics: Num rows: 1 Data size: 8 Basic stats: COMPLETE Column stats: NONE
-            Filter Operator
-              predicate: max_partition is not null (type: boolean)
-              Statistics: Num rows: 1 Data size: 8 Basic stats: COMPLETE Column stats: NONE
-              HashTable Sink Operator
-                keys:
-                  0 _col11 (type: bigint)
-                  1 max_partition (type: bigint)
-
-  Stage: Stage-4
-    Map Reduce Local Work
-      Alias -> Map Local Tables:
-        t4:t2 
-          Fetch Operator
-            limit: -1
-      Alias -> Map Local Operator Tree:
-        t4:t2 
-          TableScan
-            alias: t2
-            filterExpr: max_partition is not null (type: boolean)
-            Statistics: Num rows: 1 Data size: 8 Basic stats: COMPLETE Column stats: NONE
-            Filter Operator
-              predicate: max_partition is not null (type: boolean)
-              Statistics: Num rows: 1 Data size: 8 Basic stats: COMPLETE Column stats: NONE
-              HashTable Sink Operator
-                keys:
-                  0 _col9 (type: bigint)
-                  1 max_partition (type: bigint)
-
-  Stage: Stage-5
-    Map Reduce Local Work
-      Alias -> Map Local Tables:
-        t5:t2 
-          Fetch Operator
-            limit: -1
-      Alias -> Map Local Operator Tree:
-        t5:t2 
-          TableScan
-            alias: t2
-            filterExpr: max_partition is not null (type: boolean)
-            Statistics: Num rows: 1 Data size: 8 Basic stats: COMPLETE Column stats: NONE
-            Filter Operator
-              predicate: max_partition is not null (type: boolean)
-              Statistics: Num rows: 1 Data size: 8 Basic stats: COMPLETE Column stats: NONE
-              HashTable Sink Operator
-                keys:
-                  0 _col9 (type: bigint)
-                  1 max_partition (type: bigint)
-
-  Stage: Stage-6
-    Map Reduce Local Work
-      Alias -> Map Local Tables:
-        t7:t2 
-          Fetch Operator
-            limit: -1
-      Alias -> Map Local Operator Tree:
-        t7:t2 
-          TableScan
-            alias: t2
-            filterExpr: max_partition is not null (type: boolean)
-            Statistics: Num rows: 1 Data size: 8 Basic stats: COMPLETE Column stats: NONE
-            Filter Operator
-              predicate: max_partition is not null (type: boolean)
-              Statistics: Num rows: 1 Data size: 8 Basic stats: COMPLETE Column stats: NONE
-              HashTable Sink Operator
-                keys:
-                  0 _col9 (type: bigint)
-                  1 max_partition (type: bigint)
-
-  Stage: Stage-7
-    Map Reduce Local Work
-      Alias -> Map Local Tables:
-        t8:t2 
-          Fetch Operator
-            limit: -1
-      Alias -> Map Local Operator Tree:
-        t8:t2 
-          TableScan
-            alias: t2
-            filterExpr: max_partition is not null (type: boolean)
-            Statistics: Num rows: 1 Data size: 8 Basic stats: COMPLETE Column stats: NONE
-            Filter Operator
-              predicate: max_partition is not null (type: boolean)
-              Statistics: Num rows: 1 Data size: 8 Basic stats: COMPLETE Column stats: NONE
-              HashTable Sink Operator
-                keys:
-                  0 _col11 (type: bigint)
-                  1 max_partition (type: bigint)
-
-  Stage: Stage-8
-    Map Reduce Local Work
-      Alias -> Map Local Tables:
-        t9:t2 
-          Fetch Operator
-            limit: -1
-      Alias -> Map Local Operator Tree:
-        t9:t2 
-          TableScan
-            alias: t2
-            filterExpr: max_partition is not null (type: boolean)
-            Statistics: Num rows: 1 Data size: 8 Basic stats: COMPLETE Column stats: NONE
-            Filter Operator
-              predicate: max_partition is not null (type: boolean)
-              Statistics: Num rows: 1 Data size: 8 Basic stats: COMPLETE Column stats: NONE
-              HashTable Sink Operator
-                keys:
-                  0 _col11 (type: bigint)
-                  1 max_partition (type: bigint)
-
-  Stage: Stage-9
-    Map Reduce Local Work
-      Alias -> Map Local Tables:
-        t10:t2 
-          Fetch Operator
-            limit: -1
-      Alias -> Map Local Operator Tree:
-        t10:t2 
-          TableScan
-            alias: t2
-            filterExpr: max_partition is not null (type: boolean)
-            Statistics: Num rows: 1 Data size: 8 Basic stats: COMPLETE Column stats: NONE
-            Filter Operator
-              predicate: max_partition is not null (type: boolean)
-              Statistics: Num rows: 1 Data size: 8 Basic stats: COMPLETE Column stats: NONE
-              HashTable Sink Operator
-                keys:
-                  0 _col11 (type: bigint)
-                  1 max_partition (type: bigint)
-
-  Stage: Stage-10
-    Map Reduce Local Work
-      Alias -> Map Local Tables:
-        t11:t2 
-          Fetch Operator
-            limit: -1
-      Alias -> Map Local Operator Tree:
-        t11:t2 
-          TableScan
-            alias: t2
-            filterExpr: max_partition is not null (type: boolean)
-            Statistics: Num rows: 1 Data size: 8 Basic stats: COMPLETE Column stats: NONE
-            Filter Operator
-              predicate: max_partition is not null (type: boolean)
-              Statistics: Num rows: 1 Data size: 8 Basic stats: COMPLETE Column stats: NONE
-              HashTable Sink Operator
-                keys:
-                  0 _col13 (type: bigint)
-                  1 max_partition (type: bigint)
-
-  Stage: Stage-11
-    Map Reduce Local Work
-      Alias -> Map Local Tables:
-        t12:t2 
-          Fetch Operator
-            limit: -1
-      Alias -> Map Local Operator Tree:
-        t12:t2 
-          TableScan
-            alias: t2
-            filterExpr: max_partition is not null (type: boolean)
-            Statistics: Num rows: 1 Data size: 8 Basic stats: COMPLETE Column stats: NONE
-            Filter Operator
-              predicate: max_partition is not null (type: boolean)
-              Statistics: Num rows: 1 Data size: 8 Basic stats: COMPLETE Column stats: NONE
-              HashTable Sink Operator
-                keys:
-                  0 _col11 (type: bigint)
-                  1 max_partition (type: bigint)
-
-  Stage: Stage-12
-    Map Reduce Local Work
-      Alias -> Map Local Tables:
-        t13:t2 
-          Fetch Operator
-            limit: -1
-      Alias -> Map Local Operator Tree:
-        t13:t2 
-          TableScan
-            alias: t2
-            filterExpr: max_partition is not null (type: boolean)
-            Statistics: Num rows: 1 Data size: 8 Basic stats: COMPLETE Column stats: NONE
-            Filter Operator
-              predicate: max_partition is not null (type: boolean)
-              Statistics: Num rows: 1 Data size: 8 Basic stats: COMPLETE Column stats: NONE
-              HashTable Sink Operator
-                keys:
-                  0 _col11 (type: bigint)
-                  1 max_partition (type: bigint)
-
-  Stage: Stage-13
-    Map Reduce Local Work
-      Alias -> Map Local Tables:
-        t14:t2 
-          Fetch Operator
-            limit: -1
-      Alias -> Map Local Operator Tree:
-        t14:t2 
-          TableScan
-            alias: t2
-            filterExpr: max_partition is not null (type: boolean)
-            Statistics: Num rows: 1 Data size: 8 Basic stats: COMPLETE Column stats: NONE
-            Filter Operator
-              predicate: max_partition is not null (type: boolean)
-              Statistics: Num rows: 1 Data size: 8 Basic stats: COMPLETE Column stats: NONE
-              HashTable Sink Operator
-                keys:
-                  0 _col13 (type: bigint)
-                  1 max_partition (type: bigint)
-
-  Stage: Stage-14
-    Map Reduce Local Work
-      Alias -> Map Local Tables:
-        t15:t2 
-          Fetch Operator
-            limit: -1
-      Alias -> Map Local Operator Tree:
-        t15:t2 
-          TableScan
-            alias: t2
-            filterExpr: max_partition is not null (type: boolean)
-            Statistics: Num rows: 1 Data size: 8 Basic stats: COMPLETE Column stats: NONE
-            Filter Operator
-              predicate: max_partition is not null (type: boolean)
-              Statistics: Num rows: 1 Data size: 8 Basic stats: COMPLETE Column stats: NONE
-              HashTable Sink Operator
-                keys:
-                  0 _col12 (type: bigint)
-                  1 max_partition (type: bigint)
-
-  Stage: Stage-15
-    Map Reduce Local Work
-      Alias -> Map Local Tables:
-        t16:t2 
-          Fetch Operator
-            limit: -1
-      Alias -> Map Local Operator Tree:
-        t16:t2 
-          TableScan
-            alias: t2
-            filterExpr: max_partition is not null (type: boolean)
-            Statistics: Num rows: 1 Data size: 8 Basic stats: COMPLETE Column stats: NONE
-            Filter Operator
-              predicate: max_partition is not null (type: boolean)
-              Statistics: Num rows: 1 Data size: 8 Basic stats: COMPLETE Column stats: NONE
-              HashTable Sink Operator
-                keys:
-                  0 _col10 (type: bigint)
-                  1 max_partition (type: bigint)
-
-  Stage: Stage-16
-    Map Reduce Local Work
-      Alias -> Map Local Tables:
-        t17:t2 
-          Fetch Operator
-            limit: -1
-      Alias -> Map Local Operator Tree:
-        t17:t2 
-          TableScan
-            alias: t2
-            filterExpr: max_partition is not null (type: boolean)
-            Statistics: Num rows: 1 Data size: 8 Basic stats: COMPLETE Column stats: NONE
-            Filter Operator
-              predicate: max_partition is not null (type: boolean)
-              Statistics: Num rows: 1 Data size: 8 Basic stats: COMPLETE Column stats: NONE
-              HashTable Sink Operator
-                keys:
-                  0 _col13 (type: bigint)
-                  1 max_partition (type: bigint)
-
-  Stage: Stage-17
-    Map Reduce Local Work
-      Alias -> Map Local Tables:
-        t18:t2 
-          Fetch Operator
-            limit: -1
-      Alias -> Map Local Operator Tree:
-        t18:t2 
-          TableScan
-            alias: t2
-            filterExpr: max_partition is not null (type: boolean)
-            Statistics: Num rows: 1 Data size: 8 Basic stats: COMPLETE Column stats: NONE
-            Filter Operator
-              predicate: max_partition is not null (type: boolean)
-              Statistics: Num rows: 1 Data size: 8 Basic stats: COMPLETE Column stats: NONE
-              HashTable Sink Operator
-                keys:
-                  0 _col13 (type: bigint)
-                  1 max_partition (type: bigint)
-
-  Stage: Stage-18
-    Map Reduce Local Work
-      Alias -> Map Local Tables:
-        t19:t2 
-          Fetch Operator
-            limit: -1
-      Alias -> Map Local Operator Tree:
-        t19:t2 
-          TableScan
-            alias: t2
-            filterExpr: max_partition is not null (type: boolean)
-            Statistics: Num rows: 1 Data size: 8 Basic stats: COMPLETE Column stats: NONE
-            Filter Operator
-              predicate: max_partition is not null (type: boolean)
-              Statistics: Num rows: 1 Data size: 8 Basic stats: COMPLETE Column stats: NONE
-              HashTable Sink Operator
-                keys:
-                  0 _col11 (type: bigint)
-                  1 max_partition (type: bigint)
-
-  Stage: Stage-19
-    Map Reduce Local Work
-      Alias -> Map Local Tables:
-        t20:t2 
-          Fetch Operator
-            limit: -1
-      Alias -> Map Local Operator Tree:
-        t20:t2 
-          TableScan
-            alias: t2
-            filterExpr: max_partition is not null (type: boolean)
-            Statistics: Num rows: 1 Data size: 8 Basic stats: COMPLETE Column stats: NONE
-            Filter Operator
-              predicate: max_partition is not null (type: boolean)
-              Statistics: Num rows: 1 Data size: 8 Basic stats: COMPLETE Column stats: NONE
-              HashTable Sink Operator
-                keys:
-                  0 _col11 (type: bigint)
-                  1 max_partition (type: bigint)
-
-  Stage: Stage-20
-    Map Reduce Local Work
-      Alias -> Map Local Tables:
-        t21:t2 
-          Fetch Operator
-            limit: -1
-      Alias -> Map Local Operator Tree:
-        t21:t2 
-          TableScan
-            alias: t2
-            filterExpr: max_partition is not null (type: boolean)
-            Statistics: Num rows: 1 Data size: 8 Basic stats: COMPLETE Column stats: NONE
-            Filter Operator
-              predicate: max_partition is not null (type: boolean)
-              Statistics: Num rows: 1 Data size: 8 Basic stats: COMPLETE Column stats: NONE
-              HashTable Sink Operator
-                keys:
-                  0 _col13 (type: bigint)
-                  1 max_partition (type: bigint)
-
-  Stage: Stage-21
-    Map Reduce Local Work
-      Alias -> Map Local Tables:
-        t22:t2 
-          Fetch Operator
-            limit: -1
-      Alias -> Map Local Operator Tree:
-        t22:t2 
-          TableScan
-            alias: t2
-            filterExpr: max_partition is not null (type: boolean)
-            Statistics: Num rows: 1 Data size: 8 Basic stats: COMPLETE Column stats: NONE
-            Filter Operator
-              predicate: max_partition is not null (type: boolean)
-              Statistics: Num rows: 1 Data size: 8 Basic stats: COMPLETE Column stats: NONE
-              HashTable Sink Operator
-                keys:
-                  0 _col11 (type: bigint)
-                  1 max_partition (type: bigint)
-
-  Stage: Stage-22
-    Map Reduce Local Work
-      Alias -> Map Local Tables:
-        t23:t2 
-          Fetch Operator
-            limit: -1
-      Alias -> Map Local Operator Tree:
-        t23:t2 
-          TableScan
-            alias: t2
-            filterExpr: max_partition is not null (type: boolean)
-            Statistics: Num rows: 1 Data size: 8 Basic stats: COMPLETE Column stats: NONE
-            Filter Operator
-              predicate: max_partition is not null (type: boolean)
-              Statistics: Num rows: 1 Data size: 8 Basic stats: COMPLETE Column stats: NONE
-              HashTable Sink Operator
-                keys:
-                  0 _col13 (type: bigint)
-                  1 max_partition (type: bigint)
-
-  Stage: Stage-23
-    Map Reduce Local Work
-      Alias -> Map Local Tables:
-        t24:t2 
-          Fetch Operator
-            limit: -1
-      Alias -> Map Local Operator Tree:
-        t24:t2 
-          TableScan
-            alias: t2
-            filterExpr: max_partition is not null (type: boolean)
-            Statistics: Num rows: 1 Data size: 8 Basic stats: COMPLETE Column stats: NONE
-            Filter Operator
-              predicate: max_partition is not null (type: boolean)
-              Statistics: Num rows: 1 Data size: 8 Basic stats: COMPLETE Column stats: NONE
-              HashTable Sink Operator
-                keys:
-                  0 _col11 (type: bigint)
-                  1 max_partition (type: bigint)
-
-  Stage: Stage-24
-    Map Reduce Local Work
-      Alias -> Map Local Tables:
-        t25:t2 
-          Fetch Operator
-            limit: -1
-      Alias -> Map Local Operator Tree:
-        t25:t2 
-          TableScan
-            alias: t2
-            filterExpr: max_partition is not null (type: boolean)
-            Statistics: Num rows: 1 Data size: 8 Basic stats: COMPLETE Column stats: NONE
-            Filter Operator
-              predicate: max_partition is not null (type: boolean)
-              Statistics: Num rows: 1 Data size: 8 Basic stats: COMPLETE Column stats: NONE
-              HashTable Sink Operator
-                keys:
-                  0 _col11 (type: bigint)
-                  1 max_partition (type: bigint)
-
-  Stage: Stage-25
-    Map Reduce Local Work
-      Alias -> Map Local Tables:
-        t26:t2 
-          Fetch Operator
-            limit: -1
-      Alias -> Map Local Operator Tree:
-        t26:t2 
-          TableScan
-            alias: t2
-            filterExpr: max_partition is not null (type: boolean)
-            Statistics: Num rows: 1 Data size: 8 Basic stats: COMPLETE Column stats: NONE
-            Filter Operator
-              predicate: max_partition is not null (type: boolean)
-              Statistics: Num rows: 1 Data size: 8 Basic stats: COMPLETE Column stats: NONE
-              HashTable Sink Operator
-                keys:
-                  0 _col13 (type: bigint)
-                  1 max_partition (type: bigint)
-
-  Stage: Stage-26
-    Map Reduce Local Work
-      Alias -> Map Local Tables:
-        t27:t2 
-          Fetch Operator
-            limit: -1
-      Alias -> Map Local Operator Tree:
-        t27:t2 
-          TableScan
-            alias: t2
-            filterExpr: max_partition is not null (type: boolean)
-            Statistics: Num rows: 1 Data size: 8 Basic stats: COMPLETE Column stats: NONE
-            Filter Operator
-              predicate: max_partition is not null (type: boolean)
-              Statistics: Num rows: 1 Data size: 8 Basic stats: COMPLETE Column stats: NONE
-              HashTable Sink Operator
-                keys:
-                  0 _col11 (type: bigint)
-                  1 max_partition (type: bigint)
-
-  Stage: Stage-27
-    Map Reduce Local Work
-      Alias -> Map Local Tables:
-        t28:t2 
-          Fetch Operator
-            limit: -1
-      Alias -> Map Local Operator Tree:
-        t28:t2 
-          TableScan
-            alias: t2
-            filterExpr: max_partition is not null (type: boolean)
-            Statistics: Num rows: 1 Data size: 8 Basic stats: COMPLETE Column stats: NONE
-            Filter Operator
-              predicate: max_partition is not null (type: boolean)
-              Statistics: Num rows: 1 Data size: 8 Basic stats: COMPLETE Column stats: NONE
-              HashTable Sink Operator
-                keys:
-                  0 _col13 (type: bigint)
-                  1 max_partition (type: bigint)
-
-  Stage: Stage-28
-    Map Reduce Local Work
-      Alias -> Map Local Tables:
-        t29:t2 
-          Fetch Operator
-            limit: -1
-      Alias -> Map Local Operator Tree:
-        t29:t2 
-          TableScan
-            alias: t2
-            filterExpr: max_partition is not null (type: boolean)
-            Statistics: Num rows: 1 Data size: 8 Basic stats: COMPLETE Column stats: NONE
-            Filter Operator
-              predicate: max_partition is not null (type: boolean)
-              Statistics: Num rows: 1 Data size: 8 Basic stats: COMPLETE Column stats: NONE
-              HashTable Sink Operator
-                keys:
-                  0 _col10 (type: bigint)
-                  1 max_partition (type: bigint)
-
-  Stage: Stage-29
-    Map Reduce Local Work
-      Alias -> Map Local Tables:
-        t30:t2 
-          Fetch Operator
-            limit: -1
-      Alias -> Map Local Operator Tree:
-        t30:t2 
-          TableScan
-            alias: t2
-            filterExpr: max_partition is not null (type: boolean)
-            Statistics: Num rows: 1 Data size: 8 Basic stats: COMPLETE Column stats: NONE
-            Filter Operator
-              predicate: max_partition is not null (type: boolean)
-              Statistics: Num rows: 1 Data size: 8 Basic stats: COMPLETE Column stats: NONE
-              HashTable Sink Operator
-                keys:
-                  0 _col9 (type: bigint)
-                  1 max_partition (type: bigint)
-
-  Stage: Stage-30
-    Map Reduce Local Work
-      Alias -> Map Local Tables:
-        t31:t2 
-          Fetch Operator
-            limit: -1
-      Alias -> Map Local Operator Tree:
-        t31:t2 
-          TableScan
-            alias: t2
-            filterExpr: max_partition is not null (type: boolean)
-            Statistics: Num rows: 1 Data size: 8 Basic stats: COMPLETE Column stats: NONE
-            Filter Operator
-              predicate: max_partition is not null (type: boolean)
-              Statistics: Num rows: 1 Data size: 8 Basic stats: COMPLETE Column stats: NONE
-              HashTable Sink Operator
-                keys:
-                  0 _col9 (type: bigint)
-                  1 max_partition (type: bigint)
-
-  Stage: Stage-31
-    Map Reduce Local Work
-      Alias -> Map Local Tables:
-        t32:t2 
-          Fetch Operator
-            limit: -1
-      Alias -> Map Local Operator Tree:
-        t32:t2 
-          TableScan
-            alias: t2
-            filterExpr: max_partition is not null (type: boolean)
-            Statistics: Num rows: 1 Data size: 8 Basic stats: COMPLETE Column stats: NONE
-            Filter Operator
-              predicate: max_partition is not null (type: boolean)
-              Statistics: Num rows: 1 Data size: 8 Basic stats: COMPLETE Column stats: NONE
-              HashTable Sink Operator
-                keys:
-                  0 _col11 (type: bigint)
-                  1 max_partition (type: bigint)
-
-  Stage: Stage-32
-    Map Reduce Local Work
-      Alias -> Map Local Tables:
-        t33:t2 
-          Fetch Operator
-            limit: -1
-      Alias -> Map Local Operator Tree:
-        t33:t2 
-          TableScan
-            alias: t2
-            filterExpr: max_partition is not null (type: boolean)
-            Statistics: Num rows: 1 Data size: 8 Basic stats: COMPLETE Column stats: NONE
-            Filter Operator
-              predicate: max_partition is not null (type: boolean)
-              Statistics: Num rows: 1 Data size: 8 Basic stats: COMPLETE Column stats: NONE
-              HashTable Sink Operator
-                keys:
-                  0 _col11 (type: bigint)
-                  1 max_partition (type: bigint)
-
-  Stage: Stage-33
-    Map Reduce Local Work
-      Alias -> Map Local Tables:
-        t34:t2 
-          Fetch Operator
-            limit: -1
-      Alias -> Map Local Operator Tree:
-        t34:t2 
-          TableScan
-            alias: t2
-            filterExpr: max_partition is not null (type: boolean)
-            Statistics: Num rows: 1 Data size: 8 Basic stats: COMPLETE Column stats: NONE
-            Filter Operator
-              predicate: max_partition is not null (type: boolean)
-              Statistics: Num rows: 1 Data size: 8 Basic stats: COMPLETE Column stats: NONE
-              HashTable Sink Operator
-                keys:
-                  0 _col11 (type: bigint)
-                  1 max_partition (type: bigint)
-
-  Stage: Stage-34
-    Map Reduce Local Work
-      Alias -> Map Local Tables:
-        t35:t2 
-          Fetch Operator
-            limit: -1
-      Alias -> Map Local Operator Tree:
-        t35:t2 
-          TableScan
-            alias: t2
-            filterExpr: max_partition is not null (type: boolean)
-            Statistics: Num rows: 1 Data size: 8 Basic stats: COMPLETE Column stats: NONE
-            Filter Operator
-              predicate: max_partition is not null (type: boolean)
-              Statistics: Num rows: 1 Data size: 8 Basic stats: COMPLETE Column stats: NONE
-              HashTable Sink Operator
-                keys:
-                  0 _col11 (type: bigint)
-                  1 max_partition (type: bigint)
-
-  Stage: Stage-35
-    Map Reduce Local Work
-      Alias -> Map Local Tables:
-        t36:t2 
-          Fetch Operator
-            limit: -1
-      Alias -> Map Local Operator Tree:
-        t36:t2 
-          TableScan
-            alias: t2
-            filterExpr: max_partition is not null (type: boolean)
-            Statistics: Num rows: 1 Data size: 8 Basic stats: COMPLETE Column stats: NONE
-            Filter Operator
-              predicate: max_partition is not null (type: boolean)
-              Statistics: Num rows: 1 Data size: 8 Basic stats: COMPLETE Column stats: NONE
-              HashTable Sink Operator
-                keys:
-                  0 _col11 (type: bigint)
-                  1 max_partition (type: bigint)
-
-  Stage: Stage-36
-    Map Reduce Local Work
-      Alias -> Map Local Tables:
-        t37:t2 
-          Fetch Operator
-            limit: -1
-      Alias -> Map Local Operator Tree:
-        t37:t2 
-          TableScan
-            alias: t2
-            filterExpr: max_partition is not null (type: boolean)
-            Statistics: Num rows: 1 Data size: 8 Basic stats: COMPLETE Column stats: NONE
-            Filter Operator
-              predicate: max_partition is not null (type: boolean)
-              Statistics: Num rows: 1 Data size: 8 Basic stats: COMPLETE Column stats: NONE
-              HashTable Sink Operator
-                keys:
-                  0 _col10 (type: bigint)
-                  1 max_partition (type: bigint)
-
-  Stage: Stage-37
-    Map Reduce Local Work
-      Alias -> Map Local Tables:
-        t38:t2 
-          Fetch Operator
-            limit: -1
-      Alias -> Map Local Operator Tree:
-        t38:t2 
-          TableScan
-            alias: t2
-            filterExpr: max_partition is not null (type: boolean)
-            Statistics: Num rows: 1 Data size: 8 Basic stats: COMPLETE Column stats: NONE
-            Filter Operator
-              predicate: max_partition is not null (type: boolean)
-              Statistics: Num rows: 1 Data size: 8 Basic stats: COMPLETE Column stats: NONE
-              HashTable Sink Operator
-                keys:
-                  0 _col9 (type: bigint)
-                  1 max_partition (type: bigint)
-
-  Stage: Stage-38
-    Map Reduce Local Work
-      Alias -> Map Local Tables:
-        t39:t2 
-          Fetch Operator
-            limit: -1
-      Alias -> Map Local Operator Tree:
-        t39:t2 
-          TableScan
-            alias: t2
-            filterExpr: max_partition is not null (type: boolean)
-            Statistics: Num rows: 1 Data size: 8 Basic stats: COMPLETE Column stats: NONE
-            Filter Operator
-              predicate: max_partition is not null (type: boolean)
-              Statistics: Num rows: 1 Data size: 8 Basic stats: COMPLETE Column stats: NONE
-              HashTable Sink Operator
-                keys:
-                  0 _col9 (type: bigint)
-                  1 max_partition (type: bigint)
-
-  Stage: Stage-39
-    Map Reduce Local Work
-      Alias -> Map Local Tables:
-        t40:t2 
-          Fetch Operator
-            limit: -1
-      Alias -> Map Local Operator Tree:
-        t40:t2 
-          TableScan
-            alias: t2
-            filterExpr: max_partition is not null (type: boolean)
-            Statistics: Num rows: 1 Data size: 8 Basic stats: COMPLETE Column stats: NONE
-            Filter Operator
-              predicate: max_partition is not null (type: boolean)
-              Statistics: Num rows: 1 Data size: 8 Basic stats: COMPLETE Column stats: NONE
-              HashTable Sink Operator
-                keys:
-                  0 _col9 (type: bigint)
-                  1 max_partition (type: bigint)
-
-  Stage: Stage-40
-    Map Reduce Local Work
-      Alias -> Map Local Tables:
-        t41:t2 
-          Fetch Operator
-            limit: -1
-      Alias -> Map Local Operator Tree:
-        t41:t2 
-          TableScan
-            alias: t2
-            filterExpr: max_partition is not null (type: boolean)
-            Statistics: Num rows: 1 Data size: 8 Basic stats: COMPLETE Column stats: NONE
-            Filter Operator
-              predicate: max_partition is not null (type: boolean)
-              Statistics: Num rows: 1 Data size: 8 Basic stats: COMPLETE Column stats: NONE
-              HashTable Sink Operator
-                keys:
-                  0 _col9 (type: bigint)
-                  1 max_partition (type: bigint)
-
-  Stage: Stage-41
-    Map Reduce Local Work
-      Alias -> Map Local Tables:
-        t42:t2 
-          Fetch Operator
-            limit: -1
-      Alias -> Map Local Operator Tree:
-        t42:t2 
-          TableScan
-            alias: t2
-            filterExpr: max_partition is not null (type: boolean)
-            Statistics: Num rows: 1 Data size: 8 Basic stats: COMPLETE Column stats: NONE
-            Filter Operator
-              predicate: max_partition is not null (type: boolean)
-              Statistics: Num rows: 1 Data size: 8 Basic stats: COMPLETE Column stats: NONE
-              HashTable Sink Operator
-                keys:
-                  0 _col9 (type: bigint)
-                  1 max_partition (type: bigint)
-
-  Stage: Stage-42
-    Map Reduce Local Work
-      Alias -> Map Local Tables:
-        t43:t2 
-          Fetch Operator
-            limit: -1
-      Alias -> Map Local Operator Tree:
-        t43:t2 
-          TableScan
-            alias: t2
-            filterExpr: max_partition is not null (type: boolean)
-            Statistics: Num rows: 1 Data size: 8 Basic stats: COMPLETE Column stats: NONE
-            Filter Operator
-              predicate: max_partition is not null (type: boolean)
-              Statistics: Num rows: 1 Data size: 8 Basic stats: COMPLETE Column stats: NONE
-              HashTable Sink Operator
-                keys:
-                  0 _col9 (type: bigint)
-                  1 max_partition (type: bigint)
-
-  Stage: Stage-43
-    Map Reduce Local Work
-      Alias -> Map Local Tables:
-        t44:t2 
-          Fetch Operator
-            limit: -1
-      Alias -> Map Local Operator Tree:
-        t44:t2 
-          TableScan
-            alias: t2
-            filterExpr: max_partition is not null (type: boolean)
-            Statistics: Num rows: 1 Data size: 8 Basic stats: COMPLETE Column stats: NONE
-            Filter Operator
-              predicate: max_partition is not null (type: boolean)
-              Statistics: Num rows: 1 Data size: 8 Basic stats: COMPLETE Column stats: NONE
-              HashTable Sink Operator
-                keys:
-                  0 _col10 (type: bigint)
-                  1 max_partition (type: bigint)
-
-  Stage: Stage-44
-    Map Reduce Local Work
-      Alias -> Map Local Tables:
-        t45:t2 
-          Fetch Operator
-            limit: -1
-      Alias -> Map Local Operator Tree:
-        t45:t2 
-          TableScan
-            alias: t2
-            filterExpr: max_partition is not null (type: boolean)
-            Statistics: Num rows: 1 Data size: 8 Basic stats: COMPLETE Column stats: NONE
-            Filter Operator
-              predicate: max_partition is not null (type: boolean)
-              Statistics: Num rows: 1 Data size: 8 Basic stats: COMPLETE Column stats: NONE
-              HashTable Sink Operator
-                keys:
-                  0 _col10 (type: bigint)
-                  1 max_partition (type: bigint)
-
-  Stage: Stage-45
-    Map Reduce Local Work
-      Alias -> Map Local Tables:
-        t46:t2 
-          Fetch Operator
-            limit: -1
-      Alias -> Map Local Operator Tree:
-        t46:t2 
-          TableScan
-            alias: t2
-            filterExpr: max_partition is not null (type: boolean)
-            Statistics: Num rows: 1 Data size: 8 Basic stats: COMPLETE Column stats: NONE
-            Filter Operator
-              predicate: max_partition is not null (type: boolean)
-              Statistics: Num rows: 1 Data size: 8 Basic stats: COMPLETE Column stats: NONE
-              HashTable Sink Operator
-                keys:
-                  0 _col10 (type: bigint)
-                  1 max_partition (type: bigint)
-
-  Stage: Stage-46
-    Map Reduce Local Work
-      Alias -> Map Local Tables:
-        t47:t2 
-          Fetch Operator
-            limit: -1
-      Alias -> Map Local Operator Tree:
-        t47:t2 
-          TableScan
-            alias: t2
-            filterExpr: max_partition is not null (type: boolean)
-            Statistics: Num rows: 1 Data size: 8 Basic stats: COMPLETE Column stats: NONE
-            Filter Operator
-              predicate: max_partition is not null (type: boolean)
-              Statistics: Num rows: 1 Data size: 8 Basic stats: COMPLETE Column stats: NONE
-              HashTable Sink Operator
-                keys:
-                  0 _col11 (type: bigint)
-                  1 max_partition (type: bigint)
-
-  Stage: Stage-47
-    Map Reduce
-      Map Operator Tree:
-          TableScan
-            alias: test_hive_1038
-            filterExpr: (ds_ts is not null and test_hive_23 is not null and test_hive_26 is not null and test_hive_27 is not null and test_hive_28 is not null and test_hive_30 is not null and test_hive_71 is not null and test_hive_72 is not null and test_hive_73 is not null and UDFToDouble(test_hive_74) is not null and test_hive_75 is not null and test_hive_76 is not null and UDFToDouble(test_hive_77) is not null and test_hive_78 is not null and test_hive_80 is not null and test_hive_81 is not null and test_hive_82 is not null and test_hive_83 is not null and test_hive_84 is not null and UDFToDouble(test_hive_85) is not null and test_hive_86 is not null and UDFToDouble(test_hive_87) is not null and test_hive_88 is not null and test_hive_89 is not null and UDFToDouble(test_hive_90) is not null and test_hive_91 is not null and UDFToDouble(test_hive_92) is not null and test_hive_93 is not null and test_hive_94 is not null and test_hive_95 is not null and test_hive_96 is not null and test_hive_99 is not null and test_hive_101 is not null and test_hive_102 is not null and test_hive_103 is not null and test_hive_105 is not null and UDFToDouble(test_hive_106) is not null and test_hive_107 is not null and test_hive_108 is not null and test_hive_109 is not null and test_hive_110 is not null and test_hive_111 is not null and test_hive_112 is not null and test_hive_113 is not null and test_hive_114 is not null and test_hive_115 is not null) (type: boolean)
-            Statistics: Num rows: 1 Data size: 16200 Basic stats: COMPLETE Column stats: NONE
-            Filter Operator
-              predicate: (ds_ts is not null and test_hive_23 is not null and test_hive_26 is not null and test_hive_27 is not null and test_hive_28 is not null and test_hive_30 is not null and test_hive_71 is not null and test_hive_72 is not null and test_hive_73 is not null and UDFToDouble(test_hive_74) is not null and test_hive_75 is not null and test_hive_76 is not null and UDFToDouble(test_hive_77) is not null and test_hive_78 is not null and test_hive_80 is not null and test_hive_81 is not null and test_hive_82 is not null and test_hive_83 is not null and test_hive_84 is not null and UDFToDouble(test_hive_85) is not null and test_hive_86 is not null and UDFToDouble(test_hive_87) is not null and test_hive_88 is not null and test_hive_89 is not null and UDFToDouble(test_hive_90) is not null and test_hive_91 is not null and UDFToDouble(test_hive_92) is not null and test_hive_93 is not null and test_hive_94 is not null and test_hive_95 is not null and test_hive_96 is not null and test_hive_99 is not null and test_hive_101 is not null and test_hive_102 is not null and test_hive_103 is not null and test_hive_105 is not null and UDFToDouble(test_hive_106) is not null and test_hive_107 is not null and test_hive_108 is not null and test_hive_109 is not null and test_hive_110 is not null and test_hive_111 is not null and test_hive_112 is not null and test_hive_113 is not null and test_hive_114 is not null and test_hive_115 is not null) (type: boolean)
-              Statistics: Num rows: 1 Data size: 16200 Basic stats: COMPLETE Column stats: NONE
-              Select Operator
-                expressions: UDFToInteger(test_hive_1018) (type: int), UDFToInteger(test_hive_1004) (type: int), UDFToInteger(test_hive_1025) (type: int), test_hive_23 (type: string), test_hive_27 (type: string), test_hive_29 (type: string), test_hive_30 (type: string), test_hive_97 (type: string), test_hive_96 (type: string), test_hive_98 (type: string), test_hive_101 (type: string), test_hive_102 (type: string), test_hive_109 (type: string), test_hive_111 (type: string), test_hive_112 (type: string), test_hive_113 (type: string), test_hive_114 (type: string), test_hive_115 (type: string), test_hive_78 (type: string), test_hive_79 (type: string), test_hive_24 (type: string), test_hive_26 (type: string), test_hive_110 (type: string), test_hive_77 (type: string), test_hive_87 (type: string), test_hive_92 (type: string), test_hive_90 (type: string), test_hive_74 (type: string), test_hive_85 (type: string), test_hive_81 (type: string), test_hive_82 (type: string), test_hive_106 (type: string), test_hive_107 (type: string), test_hive_108 (type: string), test_hive_75 (type: string), test_hive_86 (type: string), test_hive_76 (type: string), test_hive_89 (type: string), test_hive_88 (type: string), test_hive_91 (type: string), test_hive_71 (type: string), test_hive_72 (type: string), test_hive_73 (type: string), test_hive_80 (type: string), test_hive_103 (type: string), test_hive_104 (type: string), test_hive_1002 (type: string), test_hive_1003 (type: string), CAST( from_unixtime(to_unix_timestamp(test_hive_25, 'yyyymmdd'), 'yyyy-mm-dd') AS TIMESTAMP) (type: timestamp), test_hive_28 (type: string), test_hive_93 (type: string), test_hive_94 (type: string), test_hive_95 (type: string), test_hive_99 (type: string), test_hive_105 (type: string), test_hive_83 (type: string), test_hive_84 (type: string), test_hive_100 (type: string), UDFToInteger(test_hive_1023) (type: int), UDFToInteger(test_hive_1024) (type: int), UDFToInteger(test_hive_1010) (type: int), UDFToInteger(test_hive_1010_a_d) (type: int), UDFToInteger(test_hive_1010_a_g) (type: int), UDFToDouble(test_hive_1026) (type: double), UDFToDouble(test_hive_1000) (type: double), UDFToDouble(test_hive_1001) (type: double), UDFToInteger(test_hive_1030) (type: int), UDFToInteger(test_hive_1030_1) (type: int), UDFToInteger(test_hive_1030_2) (type: int), UDFToInteger(test_hive_1030_3) (type: int), UDFToDouble(test_hive_1021) (type: double), UDFToDouble(test_hive_1020) (type: double), UDFToInteger(test_hive_1022) (type: int), UDFToInteger(test_hive_1019) (type: int), UDFToDouble(test_hive_1027) (type: double), UDFToDouble(test_hive_1028) (type: double), UDFToDouble(test_hive_1029) (type: double), UDFToInteger(test_hive_1005) (type: int), UDFToInteger(test_hive_1005_a_d) (type: int), UDFToInteger(test_hive_1005_psr) (type: int), UDFToInteger(test_hive_1005_psr_a_d) (type: int), UDFToInteger(test_hive_1005_psr_e) (type: int), UDFToInteger(test_hive_1013) (type: int), UDFToInteger(test_hive_1013_a_d) (type: int), UDFToInteger(test_hive_1013_psr) (type: int), UDFToInteger(test_hive_1013_psr_a_d) (type: int), UDFToInteger(test_hive_1013_psr_e) (type: int), CAST( from_unixtime(to_unix_timestamp(test_hive_1034, 'yyyymmddhhmmss'), 'yyyy-mm-dd hh:mm:ss') AS TIMESTAMP) (type: timestamp), ds_ts (type: bigint)
-                outputColumnNames: _col0, _col1, _col2, _col3, _col4, _col5, _col6, _col7, _col8, _col9, _col10, _col11, _col12, _col13, _col14, _col15, _col16, _col17, _col18, _col19, _col20, _col21, _col22, _col23, _col24, _col25, _col26, _col27, _col28, _col29, _col30, _col31, _col32, _col33, _col34, _col35, _col36, _col37, _col38, _col39, _col40, _col41, _col42, _col43, _col44, _col45, _col46, _col47, _col48, _col49, _col50, _col51, _col52, _col53, _col54, _col55, _col56, _col57, _col58, _col59, _col60, _col61, _col62, _col63, _col64, _col65, _col66, _col67, _col68, _col69, _col70, _col71, _col72, _col73, _col74, _col75, _col76, _col77, _col78, _col79, _col80, _col81, _col82, _col83, _col84, _col85, _col86, _col87, _col90
-                Statistics: Num rows: 1 Data size: 16200 Basic stats: COMPLETE Column stats: NONE
-                Map Join Operator
-                  condition map:
-                       Inner Join 0 to 1
-                  keys:
-                    0 _col90 (type: bigint)
-                    1 max_partition (type: bigint)
-                  outputColumnNames: _col0, _col1, _col2, _col3, _col4, _col5, _col6, _col7, _col8, _col9, _col10, _col11, _col12, _col13, _col14, _col15, _col16, _col17, _col18, _col19, _col20, _col21, _col22, _col23, _col24, _col25, _col26, _col27, _col28, _col29, _col30, _col31, _col32, _col33, _col34, _col35, _col36, _col37, _col38, _col39, _col40, _col41, _col42, _col43, _col44, _col45, _col46, _col47, _col48, _col49, _col50, _col51, _col52, _col53, _col54, _col55, _col56, _col57, _col58, _col59, _col60, _col61, _col62, _col63, _col64, _col65, _col66, _col67, _col68, _col69, _col70, _col71, _col72, _col73, _col74, _col75, _col76, _col77, _col78, _col79, _col80, _col81, _col82, _col83, _col84, _col85, _col86, _col87
-                  Statistics: Num rows: 1 Data size: 17820 Basic stats: COMPLETE Column stats: NONE
-                  File Output Operator
-                    compressed: false
-                    table:
-                        input format: org.apache.hadoop.mapred.SequenceFileInputFormat
-                        output format: org.apache.hadoop.hive.ql.io.HiveSequenceFileOutputFormat
-                        serde: org.apache.hadoop.hive.serde2.lazybinary.LazyBinarySerDe
-      Execution mode: vectorized
-      Local Work:
-        Map Reduce Local Work
-
-  Stage: Stage-48
-    Map Reduce
-      Map Operator Tree:
-          TableScan
-            alias: test_hive_1565
-            filterExpr: (ds_ts is not null and test_hive_422 is not null) (type: boolean)
-            Statistics: Num rows: 1 Data size: 376 Basic stats: COMPLETE Column stats: NONE
-            Filter Operator
-              predicate: (ds_ts is not null and test_hive_422 is not null) (type: boolean)
-              Statistics: Num rows: 1 Data size: 376 Basic stats: COMPLETE Column stats: NONE
-              Select Operator
-                expressions: test_hive_422 (type: string), test_hive_1560 (type: string), ds_ts (type: bigint)
-                outputColumnNames: _col3, _col5, _col9
-                Statistics: Num rows: 1 Data size: 376 Basic stats: COMPLETE Column stats: NONE
-                Map Join Operator
-                  condition map:
-                       Inner Join 0 to 1
-                  keys:
-                    0 _col9 (type: bigint)
-                    1 max_partition (type: bigint)
-                  outputColumnNames: _col3, _col5
-                  Statistics: Num rows: 1 Data size: 413 Basic stats: COMPLETE Column stats: NONE
-                  File Output Operator
-                    compressed: false
-                    table:
-                        input format: org.apache.hadoop.mapred.SequenceFileInputFormat
-                        output format: org.apache.hadoop.hive.ql.io.HiveSequenceFileOutputFormat
-                        serde: org.apache.hadoop.hive.serde2.lazybinary.LazyBinarySerDe
-      Execution mode: vectorized
-      Local Work:
-        Map Reduce Local Work
-
-  Stage: Stage-49
-    Map Reduce
-      Map Operator Tree:
-          TableScan
-            alias: test_hive_1723
-            filterExpr: (ds_ts is not null and test_hive_434 is not null) (type: boolean)
-            Statistics: Num rows: 1 Data size: 376 Basic stats: COMPLETE Column stats: NONE
-            Filter Operator
-              predicate: (ds_ts is not null and test_hive_434 is not null) (type: boolean)
-              Statistics: Num rows: 1 Data size: 376 Basic stats: COMPLETE Column stats: NONE
-              Select Operator
-                expressions: test_hive_434 (type: string), test_hive_1716 (type: string), ds_ts (type: bigint)
-                outputColumnNames: _col3, _col7, _col11
-                Statistics: Num rows: 1 Data size: 376 Basic stats: COMPLETE Column stats: NONE
-                Map Join Operator
-                  condition map:
-                       Inner Join 0 to 1
-                  keys:
-                    0 _col11 (type: bigint)
-                    1 max_partition (type: bigint)
-                  outputColumnNames: _col3, _col7
-                  Statistics: Num rows: 1 Data size: 413 Basic stats: COMPLETE Column stats: NONE
-                  File Output Operator
-                    compressed: false
-                    table:
-                        input format: org.apache.hadoop.mapred.SequenceFileInputFormat
-                        output format: org.apache.hadoop.hive.ql.io.HiveSequenceFileOutputFormat
-                        serde: org.apache.hadoop.hive.serde2.lazybinary.LazyBinarySerDe
-      Execution mode: vectorized
-      Local Work:
-        Map Reduce Local Work
-
-  Stage: Stage-50
-    Map Reduce
-      Map Operator Tree:
-          TableScan
-            alias: test_hive_1279
-            filterExpr: (ds_ts is not null and test_hive_308 is not null) (type: boolean)
-            Statistics: Num rows: 1 Data size: 376 Basic stats: COMPLETE Column stats: NONE
-            Filter Operator
-              predicate: (ds_ts is not null and test_hive_308 is not null) (type: boolean)
-              Statistics: Num rows: 1 Data size: 376 Basic stats: COMPLETE Column stats: NONE
-              Select Operator
-                expressions: test_hive_308 (type: string), test_hive_1274 (type: string), ds_ts (type: bigint)
-                outputColumnNames: _col3, _col5, _col9
-                Statistics: Num rows: 1 Data size: 376 Basic stats: COMPLETE Column stats: NONE
-                Map Join Operator
-                  condition map:
-                       Inner Join 0 to 1
-                  keys:
-                    0 _col9 (type: bigint)
-                    1 max_partition (type: bigint)
-                  outputColumnNames: _col3, _col5
-                  Statistics: Num rows: 1 Data size: 413 Basic stats: COMPLETE Column stats: NONE
-                  File Output Operator
-                    compressed: false
-                    table:
-                        input format: org.apache.hadoop.mapred.SequenceFileInputFormat
-                        output format: org.apache.hadoop.hive.ql.io.HiveSequenceFileOutputFormat
-                        serde: org.apache.hadoop.hive.serde2.lazybinary.LazyBinarySerDe
-      Execution mode: vectorized
-      Local Work:
-        Map Reduce Local Work
-
-  Stage: Stage-51
-    Map Reduce
-      Map Operator Tree:
-          TableScan
-            alias: test_hive_1965
-            filterExpr: (ds_ts is not null and test_hive_453 is not null) (type: boolean)
-            Statistics: Num rows: 1 Data size: 376 Basic stats: COMPLETE Column stats: NONE
-            Filter Operator
-              predicate: (ds_ts is not null and test_hive_453 is not null) (type: boolean)
-              Statistics: Num rows: 1 Data size: 376 Basic stats: COMPLETE Column stats: NONE
-              Select Operator
-                expressions: test_hive_453 (type: string), test_hive_1960 (type: string), ds_ts (type: bigint)
-                outputColumnNames: _col3, _col5, _col9
-                Statistics: Num rows: 1 Data size: 376 Basic stats: COMPLETE Column stats: NONE
-                Map Join Operator
-                  condition map:
-                       Inner Join 0 to 1
-                  keys:
-                    0 _col9 (type: bigint)
-                    1 max_partition (type: bigint)
-                  outputColumnNames: _col3, _col5
-                  Statistics: Num rows: 1 Data size: 413 Basic stats: COMPLETE Column stats: NONE
-                  File Output Operator
-                    compressed: false
-                    table:
-                        input format: org.apache.hadoop.mapred.SequenceFileInputFormat
-                        output format: org.apache.hadoop.hive.ql.io.HiveSequenceFileOutputFormat
-                        serde: org.apache.hadoop.hive.serde2.lazybinary.LazyBinarySerDe
-      Execution mode: vectorized
-      Local Work:
-        Map Reduce Local Work
-
-  Stage: Stage-52
-    Map Reduce
-      Map Operator Tree:
-          TableScan
-            alias: test_hive_1953
-            filterExpr: (ds_ts is not null and test_hive_452 is not null) (type: boolean)
-            Statistics: Num rows: 1 Data size: 376 Basic stats: COMPLETE Column stats: NONE
-            Filter Operator
-              predicate: (ds_ts is not null and test_hive_452 is not null) (type: boolean)
-              Statistics: Num rows: 1 Data size: 376 Basic stats: COMPLETE Column stats: NONE
-              Select Operator
-                expressions: test_hive_452 (type: string), test_hive_1948 (type: string), ds_ts (type: bigint)
-                outputColumnNames: _col3, _col5, _col9
-                Statistics: Num rows: 1 Data size: 376 Basic stats: COMPLETE Column stats: NONE
-                Map Join Operator
-                  condition map:
-                       Inner Join 0 to 1
-                  keys:
-                    0 _col9 (type: bigint)
-                    1 max_partition (type: bigint)
-                  outputColumnNames: _col3, _col5
-                  Statistics: Num rows: 1 Data size: 413 Basic stats: COMPLETE Column stats: NONE
-                  File Output Operator
-                    compressed: false
-                    table:
-                        input format: org.apache.hadoop.mapred.SequenceFileInputFormat
-                        output format: org.apache.hadoop.hive.ql.io.HiveSequenceFileOutputFormat
-                        serde: org.apache.hadoop.hive.serde2.lazybinary.LazyBinarySerDe
-      Execution mode: vectorized
-      Local Work:
-        Map Reduce Local Work
-
-  Stage: Stage-53
-    Map Reduce
-      Map Operator Tree:
-          TableScan
-            alias: test_hive_1117
-            filterExpr: (ds_ts is not null and test_hive_272 is not null) (type: boolean)
-            Statistics: Num rows: 1 Data size: 376 Basic stats: COMPLETE Column stats: NONE
-            Filter Operator
-              predicate: (ds_ts is not null and test_hive_272 is not null) (type: boolean)
-              Statistics: Num rows: 1 Data size: 376 Basic stats: COMPLETE Column stats: NONE
-              Select Operator
-                expressions: test_hive_272 (type: string), test_hive_1110 (type: string), ds_ts (type: bigint)
-                outputColumnNames: _col3, _col7, _col11
-                Statistics: Num rows: 1 Data size: 376 Basic stats: COMPLETE Column stats: NONE
-                Map Join Operator
-                  condition map:
-                       Inner Join 0 to 1
-                  keys:
-                    0 _col11 (type: bigint)
-                    1 max_partition (type: bigint)
-                  outputColumnNames: _col3, _col7
-                  Statistics: Num rows: 1 Data size: 413 Basic stats: COMPLETE Column stats: NONE
-                  File Output Operator
-                    compressed: false
-                    table:
-                        input format: org.apache.hadoop.mapred.SequenceFileInputFormat
-                        output format: org.apache.hadoop.hive.ql.io.HiveSequenceFileOutputFormat
-                        serde: org.apache.hadoop.hive.serde2.lazybinary.LazyBinarySerDe
-      Execution mode: vectorized
-      Local Work:
-        Map Reduce Local Work
-
-  Stage: Stage-54
-    Map Reduce
-      Map Operator Tree:
-          TableScan
-            alias: test_hive_1131
-            filterExpr: (ds_ts is not null and test_hive_273 is not null) (type: boolean)
-            Statistics: Num rows: 1 Data size: 376 Basic stats: COMPLETE Column stats: NONE
-            Filter Operator
-              predicate: (ds_ts is not null and test_hive_273 is not null) (type: boolean)
-              Statistics: Num rows: 1 Data size: 376 Basic stats: COMPLETE Column stats: NONE
-              Select Operator
-                expressions: test_hive_273 (type: string), test_hive_1124 (type: string), ds_ts (type: bigint)
-                outputColumnNames: _col3, _col7, _col11
-                Statistics: Num rows: 1 Data size: 376 Basic stats: COMPLETE Column stats: NONE
-                Map Join Operator
-                  condition map:
-                       Inner Join 0 to 1
-                  keys:
-                    0 _col11 (type: bigint)
-                    1 max_partition (type: bigint)
-                  outputColumnNames: _col3, _col7
-                  Statistics: Num rows: 1 Data size: 413 Basic stats: COMPLETE Column stats: NONE
-                  File Output Operator
-                    compressed: false
-                    table:
-                        input format: org.apache.hadoop.mapred.SequenceFileInputFormat
-                        output format: org.apache.hadoop.hive.ql.io.HiveSequenceFileOutputFormat
-                        serde: org.apache.hadoop.hive.serde2.lazybinary.LazyBinarySerDe
-      Execution mode: vectorized
-      Local Work:
-        Map Reduce Local Work
-
-  Stage: Stage-55
-    Map Reduce
-      Map Operator Tree:
-          TableScan
-            alias: test_hive_1145
-            filterExpr: (ds_ts is not null and test_hive_274 is not null) (type: boolean)
-            Statistics: Num rows: 1 Data size: 376 Basic stats: COMPLETE Column stats: NONE
-            Filter Operator
-              predicate: (ds_ts is not null and test_hive_274 is not null) (type: boolean)
-              Statistics: Num rows: 1 Data size: 376 Basic stats: COMPLETE Column stats: NONE
-              Select Operator
-                expressions: test_hive_274 (type: string), test_hive_1138 (type: string), ds_ts (type: bigint)
-                outputColumnNames: _col3, _col7, _col11
-                Statistics: Num rows: 1 Data size: 376 Basic stats: COMPLETE Column stats: NONE
-                Map Join Operator
-                  condition map:
-                       Inner Join 0 to 1
-                  keys:
-                    0 _col11 (type: bigint)
-                    1 max_partition (type: bigint)
-                  outputColumnNames: _col3, _col7
-                  Statistics: Num rows: 1 Data size: 413 Basic stats: COMPLETE Column stats: NONE
-                  File Output Operator
-                    compressed: false
-                    table:
-                        input format: org.apache.hadoop.mapred.SequenceFileInputFormat
-                        output format: org.apache.hadoop.hive.ql.io.HiveSequenceFileOutputFormat
-                        serde: org.apache.hadoop.hive.serde2.lazybinary.LazyBinarySerDe
-      Execution mode: vectorized
-      Local Work:
-        Map Reduce Local Work
-
-  Stage: Stage-56
-    Map Reduce
-      Map Operator Tree:
-          TableScan
-            alias: test_hive_1161
-            filterExpr: (ds_ts is not null and UDFToDouble(CAST( test_hive_275 AS decimal(10,0))) is not null) (type: boolean)
-            Statistics: Num rows: 1 Data size: 376 Basic stats: COMPLETE Column stats: NONE
-            Filter Operator
-              predicate: (ds_ts is not null and UDFToDouble(CAST( test_hive_275 AS decimal(10,0))) is not null) (type: boolean)
-              Statistics: Num rows: 1 Data size: 376 Basic stats: COMPLETE Column stats: NONE
-              Select Operator
-                expressions: CAST( test_hive_275 AS decimal(10,0)) (type: decimal(10,0)), test_hive_1154 (type: string), ds_ts (type: bigint)
-                outputColumnNames: _col3, _col9, _col13
-                Statistics: Num rows: 1 Data size: 376 Basic stats: COMPLETE Column stats: NONE
-                Map Join Operator
-                  condition map:
-                       Inner Join 0 to 1
-                  keys:
-                    0 _col13 (type: bigint)
-                    1 max_partition (type: bigint)
-                  outputColumnNames: _col3, _col9
-                  Statistics: Num rows: 1 Data size: 413 Basic stats: COMPLETE Column stats: NONE
-                  File Output Operator
-                    compressed: false
-                    table:
-                        input format: org.apache.hadoop.mapred.SequenceFileInputFormat
-                        output format: org.apache.hadoop.hive.ql.io.HiveSequenceFileOutputFormat
-                        serde: org.apache.hadoop.hive.serde2.lazybinary.LazyBinarySerDe
-      Execution mode: vectorized
-      Local Work:
-        Map Reduce Local Work
-
-  Stage: Stage-57
-    Map Reduce
-      Map Operator Tree:
-          TableScan
-            alias: test_hive_1175
-            filterExpr: (ds_ts is not null and test_hive_276 is not null) (type: boolean)
-            Statistics: Num rows: 1 Data size: 376 Basic stats: COMPLETE Column stats: NONE
-            Filter Operator
-              predicate: (ds_ts is not null and test_hive_276 is not null) (type: boolean)
-              Statistics: Num rows: 1 Data size: 376 Basic stats: COMPLETE Column stats: NONE
-              Select Operator
-                expressions: test_hive_276 (type: string), test_hive_1168 (type: string), ds_ts (type: bigint)
-                outputColumnNames: _col3, _col7, _col11
-                Statistics: Num rows: 1 Data size: 376 Basic stats: COMPLETE Column stats: NONE
-                Map Join Operator
-                  condition map:
-                       Inner Join 0 to 1
-                  keys:
-                    0 _col11 (type: bigint)
-                    1 max_partition (type: bigint)
-                  outputColumnNames: _col3, _col7
-                  Statistics: Num rows: 1 Data size: 413 Basic stats: COMPLETE Column stats: NONE
-                  File Output Operator
-                    compressed: false
-                    table:
-                        input format: org.apache.hadoop.mapred.SequenceFileInputFormat
-                        output format: org.apache.hadoop.hive.ql.io.HiveSequenceFileOutputFormat
-                        serde: org.apache.hadoop.hive.serde2.lazybinary.LazyBinarySerDe
-      Execution mode: vectorized
-      Local Work:
-        Map Reduce Local Work
-
-  Stage: Stage-58
-    Map Reduce
-      Map Operator Tree:
-          TableScan
-            alias: test_hive_1189
-            filterExpr: (ds_ts is not null and test_hive_277 is not null) (type: boolean)
-            Statistics: Num rows: 1 Data size: 376 Basic stats: COMPLETE Column stats: NONE
-            Filter Operator
-              predicate: (ds_ts is not null and test_hive_277 is not null) (type: boolean)
-              Statistics: Num rows: 1 Data size: 376 Basic stats: COMPLETE Column stats: NONE
-              Select Operator
-                expressions: test_hive_277 (type: string), test_hive_1182 (type: string), ds_ts (type: bigint)
-                outputColumnNames: _col3, _col7, _col11
-                Statistics: Num rows: 1 Data size: 376 Basic stats: COMPLETE Column stats: NONE
-                Map Join Operator
-                  condition map:
-                       Inner Join 0 to 1
-                  keys:
-                    0 _col11 (type: bigint)
-                    1 max_partition (type: bigint)
-                  outputColumnNames: _col3, _col7
-                  Statistics: Num rows: 1 Data size: 413 Basic stats: COMPLETE Column stats: NONE
-                  File Output Operator
-                    compressed: false
-                    table:
-                        input format: org.apache.hadoop.mapred.SequenceFileInputFormat
-                        output format: org.apache.hadoop.hive.ql.io.HiveSequenceFileOutputFormat
-                        serde: org.apache.hadoop.hive.serde2.lazybinary.LazyBinarySerDe
-      Execution mode: vectorized
-      Local Work:
-        Map Reduce Local Work
-
-  Stage: Stage-59
-    Map Reduce
-      Map Operator Tree:
-          TableScan
-            alias: test_hive_1205
-            filterExpr: (ds_ts is not null and UDFToDouble(CAST( test_hive_278 AS decimal(10,0))) is not null) (type: boolean)
-            Statistics: Num rows: 1 Data size: 376 Basic stats: COMPLETE Column stats: NONE
-            Filter Operator
-              predicate: (ds_ts is not null and UDFToDouble(CAST( test_hive_278 AS decimal(10,0))) is not null) (type: boolean)
-              Statistics: Num rows: 1 Data size: 376 Basic stats: COMPLETE Column stats: NONE
-              Select Operator
-                expressions: CAST( test_hive_278 AS decimal(10,0)) (type: decimal(10,0)), test_hive_1198 (type: string), ds_ts (type: bigint)
-                outputColumnNames: _col3, _col9, _col13
-                Statistics: Num rows: 1 Data size: 376 Basic stats: COMPLETE Column stats: NONE
-                Map Join Operator
-                  condition map:
-                       Inner Join 0 to 1
-                  keys:
-                    0 _col13 (type: bigint)
-                    1 max_partition (type: bigint)
-                  outputColumnNames: _col3, _col9
-                  Statistics: Num rows: 1 Data size: 413 Basic stats: COMPLETE Column stats: NONE
-                  File Output Operator
-                    compressed: false
-                    table:
-                        input format: org.apache.hadoop.mapred.SequenceFileInputFormat
-                        output format: org.apache.hadoop.hive.ql.io.HiveSequenceFileOutputFormat
-                        serde: org.apache.hadoop.hive.serde2.lazybinary.LazyBinarySerDe
-      Execution mode: vectorized
-      Local Work:
-        Map Reduce Local Work
-
-  Stage: Stage-60
-    Map Reduce
-      Map Operator Tree:
-          TableScan
-            alias: test_hive_1267
-            filterExpr: (ds_ts is not null and test_hive_306 is not null) (type: boolean)
-            Statistics: Num rows: 1 Data size: 376 Basic stats: COMPLETE Column stats: NONE
-            Filter Operator
-              predicate: (ds_ts is not null and test_hive_306 is not null) (type: boolean)
-              Statistics: Num rows: 1 Data size: 376 Basic stats: COMPLETE Column stats: NONE
-              Select Operator
-                expressions: test_hive_306 (type: string), test_hive_1260 (type: string), ds_ts (type: bigint)
-                outputColumnNames: _col4, _col8, _col12
-                Statistics: Num rows: 1 Data size: 376 Basic stats: COMPLETE Column stats: NONE
-                Map Join Operator
-                  condition map:
-                       Inner Join 0 to 1
-                  keys:
-                    0 _col12 (type: bigint)
-                    1 max_partition (type: bigint)
-                  outputColumnNames: _col4, _col8
-                  Statistics: Num rows: 1 Data size: 413 Basic stats: COMPLETE Column stats: NONE
-                  File Output Operator
-                    compressed: false
-                    table:
-                        input format: org.apache.hadoop.mapred.SequenceFileInputFormat
-                        output format: org.apache.hadoop.hive.ql.io.HiveSequenceFileOutputFormat
-                        serde: org.apache.hadoop.hive.serde2.lazybinary.LazyBinarySerDe
-      Execution mode: vectorized
-      Local Work:
-        Map Reduce Local Work
-
-  Stage: Stage-61
-    Map Reduce
-      Map Operator Tree:
-          TableScan
-            alias: test_hive_1315
-            filterExpr: (ds_ts is not null and test_hive_334 is not null) (type: boolean)
-            Statistics: Num rows: 1 Data size: 376 Basic stats: COMPLETE Column stats: NONE
-            Filter Operator
-              predicate: (ds_ts is not null and test_hive_334 is not null) (type: boolean)
-              Statistics: Num rows: 1 Data size: 376 Basic stats: COMPLETE Column stats: NONE
-              Select Operator
-                expressions: test_hive_334 (type: string), test_hive_1309 (type: string), ds_ts (type: bigint)
-                outputColumnNames: _col3, _col6, _col10
-                Statistics: Num rows: 1 Data size: 376 Basic stats: COMPLETE Column stats: NONE
-                Map Join Operator
-                  condition map:
-                       Inner Join 0 to 1
-                  keys:
-                    0 _col10 (type: bigint)
-                    1 max_partition (type: bigint)
-                  outputColumnNames: _col3, _col6
-                  Statistics: Num rows: 1 Data size: 413 Basic stats: COMPLETE Column stats: NONE
-                  File Output Operator
-                    compressed: false
-                    table:
-                        input format: org.apache.hadoop.mapred.SequenceFileInputFormat
-                        output format: org.apache.hadoop.hive.ql.io.HiveSequenceFileOutputFormat
-                        serde: org.apache.hadoop.hive.serde2.lazybinary.LazyBinarySerDe
-      Execution mode: vectorized
-      Local Work:
-        Map Reduce Local Work
-
-  Stage: Stage-62
-    Map Reduce
-      Map Operator Tree:
-          TableScan
-            alias: test_hive_1347
-            filterExpr: (ds_ts is not null and test_hive_336 is not null) (type: boolean)
-            Statistics: Num rows: 1 Data size: 376 Basic stats: COMPLETE Column stats: NONE
-            Filter Operator
-              predicate: (ds_ts is not null and test_hive_336 is not null) (type: boolean)
-              Statistics: Num rows: 1 Data size: 376 Basic stats: COMPLETE Column stats: NONE
-              Select Operator
-                expressions: test_hive_336 (type: string), test_hive_1340 (type: string), ds_ts (type: bigint)
-                outputColumnNames: _col3, _col9, _col13
-                Statistics: Num rows: 1 Data size: 376 Basic stats: COMPLETE Column stats: NONE
-                Map Join Operator
-                  condition map:
-                       Inner Join 0 to 1
-                  keys:
-                    0 _col13 (type: bigint)
-                    1 max_partition (type: bigint)
-                  outputColumnNames: _col3, _col9
-                  Statistics: Num rows: 1 Data size: 413 Basic stats: COMPLETE Column stats: NONE
-                  File Output Operator
-                    compressed: false
-                    table:
-                        input format: org.apache.hadoop.mapred.SequenceFileInputFormat
-                        output format: org.apache.hadoop.hive.ql.io.HiveSequenceFileOutputFormat
-                        serde: org.apache.hadoop.hive.serde2.lazybinary.LazyBinarySerDe
-      Execution mode: vectorized
-      Local Work:
-        Map Reduce Local Work
-
-  Stage: Stage-63
-    Map Reduce
-      Map Operator Tree:
-          TableScan
-            alias: test_hive_1363
-            filterExpr: (ds_ts is not null and test_hive_337 is not null) (type: boolean)
-            Statistics: Num rows: 1 Data size: 376 Basic stats: COMPLETE Column stats: NONE
-            Filter Operator
-              predicate: (ds_ts is not null and test_hive_337 is not null) (type: boolean)
-              Statistics: Num rows: 1 Data size: 376 Basic stats: COMPLETE Column stats: NONE
-              Select Operator
-                expressions: test_hive_337 (type: string), test_hive_1356 (type: string), ds_ts (type: bigint)
-                outputColumnNames: _col3, _col9, _col13
-                Statistics: Num rows: 1 Data size: 376 Basic stats: COMPLETE Column stats: NONE
-                Map Join Operator
-                  condition map:
-                       Inner Join 0 to 1
-                  keys:
-                    0 _col13 (type: bigint)
-                    1 max_partition (type: bigint)
-                  outputColumnNames: _col3, _col9
-                  Statistics: Num rows: 1 Data size: 413 Basic stats: COMPLETE Column stats: NONE
-                  File Output Operator
-                    compressed: false
-                    table:
-                        input format: org.apache.hadoop.mapred.SequenceFileInputFormat
-                        output format: org.apache.hadoop.hive.ql.io.HiveSequenceFileOutputFormat
-                        serde: org.apache.hadoop.hive.serde2.lazybinary.LazyBinarySerDe
-      Execution mode: vectorized
-      Local Work:
-        Map Reduce Local Work
-
-  Stage: Stage-64
-    Map Reduce
-      Map Operator Tree:
-          TableScan
-            alias: test_hive_1979
-            filterExpr: (ds_ts is not null and test_hive_454 is not null) (type: boolean)
-            Statistics: Num rows: 1 Data size: 376 Basic stats: COMPLETE Column stats: NONE
-            Filter Operator
-              predicate: (ds_ts is not null and test_hive_454 is not null) (type: boolean)
-              Statistics: Num rows: 1 Data size: 376 Basic stats: COMPLETE Column stats: NONE
-              Select Operator
-                expressions: test_hive_454 (type: string), test_hive_1972 (type: string), ds_ts (type: bigint)
-                outputColumnNames: _col3, _col7, _col11
-                Statistics: Num rows: 1 Data size: 376 Basic stats: COMPLETE Column stats: NONE
-                Map Join Operator
-                  condition map:
-                       Inner Join 0 to 1
-                  keys:
-                    0 _col11 (type: bigint)
-                    1 max_partition (type: bigint)
-                  outputColumnNames: _col3, _col7
-                  Statistics: Num rows: 1 Data size: 413 Basic stats: COMPLETE Column stats: NONE
-                  File Output Operator
-                    compressed: false
-                    table:
-                        input format: org.apache.hadoop.mapred.SequenceFileInputFormat
-                        output format: org.apache.hadoop.hive.ql.io.HiveSequenceFileOutputFormat
-                        serde: org.apache.hadoop.hive.serde2.lazybinary.LazyBinarySerDe
-      Execution mode: vectorized
-      Local Work:
-        Map Reduce Local Work
-
-  Stage: Stage-65
-    Map Reduce
-      Map Operator Tree:
-          TableScan
-            alias: test_hive_1979
-            filterExpr: (ds_ts is not null and test_hive_454 is not null) (type: boolean)
-            Statistics: Num rows: 1 Data size: 376 Basic stats: COMPLETE Column stats: NONE
-            Filter Operator
-              predicate: (ds_ts is not null and test_hive_454 is not null) (type: boolean)
-              Statistics: Num rows: 1 Data size: 376 Basic stats: COMPLETE Column stats: NONE
-              Select Operator
-                expressions: test_hive_454 (type: string), test_hive_1972 (type: string), ds_ts (type: bigint)
-                outputColumnNames: _col3, _col7, _col11
-                Statistics: Num rows: 1 Data size: 376 Basic stats: COMPLETE Column stats: NONE
-                Map Join Operator
-                  condition map:
-                       Inner Join 0 to 1
-                  keys:
-                    0 _col11 (type: bigint)
-                    1 max_partition (type: bigint)
-                  outputColumnNames: _col3, _col7
-                  Statistics: Num rows: 1 Data size: 413 Basic stats: COMPLETE Column stats: NONE
-                  File Output Operator
-                    compressed: false
-                    table:
-                        input format: org.apache.hadoop.mapred.SequenceFileInputFormat
-                        output format: org.apache.hadoop.hive.ql.io.HiveSequenceFileOutputFormat
-                        serde: org.apache.hadoop.hive.serde2.lazybinary.LazyBinarySerDe
-      Execution mode: vectorized
-      Local Work:
-        Map Reduce Local Work
-
-  Stage: Stage-66
-    Map Reduce
-      Map Operator Tree:
-          TableScan
-            alias: test_hive_1436
-            filterExpr: (ds_ts is not null and UDFToDouble(CAST( test_hive_413 AS decimal(10,0))) is not null) (type: boolean)
-            Statistics: Num rows: 1 Data size: 376 Basic stats: COMPLETE Column stats: NONE
-            Filter Operator
-              predicate: (ds_ts is not null and UDFToDouble(CAST( test_hive_413 AS decimal(10,0))) is not null) (type: boolean)
-              Statistics: Num rows: 1 Data size: 376 Basic stats: COMPLETE Column stats: NONE
-              Select Operator
-                expressions: CAST( test_hive_413 AS decimal(10,0)) (type: decimal(10,0)), test_hive_1429 (type: string), ds_ts (type: bigint)
-                outputColumnNames: _col3, _col9, _col13
-                Statistics: Num rows: 1 Data size: 376 Basic stats: COMPLETE Column stats: NONE
-                Map Join Operator
-                  condition map:
-                       Inner Join 0 to 1
-                  keys:
-                    0 _col13 (type: bigint)
-                    1 max_partition (type: bigint)
-                  outputColumnNames: _col3, _col9
-                  Statistics: Num rows: 1 Data size: 413 Basic stats: COMPLETE Column stats: NONE
-                  File Output Operator
-                    compressed: false
-                    table:
-                        input format: org.apache.hadoop.mapred.SequenceFileInputFormat
-                        output format: org.apache.hadoop.hive.ql.io.HiveSequenceFileOutputFormat
-                        serde: org.apache.hadoop.hive.serde2.lazybinary.LazyBinarySerDe
-      Execution mode: vectorized
-      Local Work:
-        Map Reduce Local Work
-
-  Stage: Stage-67
-    Map Reduce
-      Map Operator Tree:
-          TableScan
-            alias: test_hive_1450
-            filterExpr: (ds_ts is not null and test_hive_414 is not null) (type: boolean)
-            Statistics: Num rows: 1 Data size: 376 Basic stats: COMPLETE Column stats: NONE
-            Filter Operator
-              predicate: (ds_ts is not null and test_hive_414 is not null) (type: boolean)
-              Statistics: Num rows: 1 Data size: 376 Basic stats: COMPLETE Column stats: NONE
-              Select Operator
-                expressions: test_hive_414 (type: string), test_hive_1443 (type: string), ds_ts (type: bigint)
-                outputColumnNames: _col3, _col7, _col11
-                Statistics: Num rows: 1 Data size: 376 Basic stats: COMPLETE Column stats: NONE
-                Map Join Operator
-                  condition map:
-                       Inner Join 0 to 1
-                  keys:
-                    0 _col11 (type: bigint)
-                    1 max_partition (type: bigint)
-                  outputColumnNames: _col3, _col7
-                  Statistics: Num rows: 1 Data size: 413 Basic stats: COMPLETE Column stats: NONE
-                  File Output Operator
-                    compressed: false
-                    table:
-                        input format: org.apache.hadoop.mapred.SequenceFileInputFormat
-                        output format: org.apache.hadoop.hive.ql.io.HiveSequenceFileOutputFormat
-                        serde: org.apache.hadoop.hive.serde2.lazybinary.LazyBinarySerDe
-      Execution mode: vectorized
-      Local Work:
-        Map Reduce Local Work
-
-  Stage: Stage-68
-    Map Reduce
-      Map Operator Tree:
-          TableScan
-            alias: test_hive_1466
-            filterExpr: (ds_ts is not null and UDFToDouble(CAST( test_hive_415 AS decimal(10,0))) is not null) (type: boolean)
-            Statistics: Num rows: 1 Data size: 376 Basic stats: COMPLETE Column stats: NONE
-            Filter Operator
-              predicate: (ds_ts is not null and UDFToDouble(CAST( test_hive_415 AS decimal(10,0))) is not null) (type: boolean)
-              Statistics: Num rows: 1 Data size: 376 Basic stats: COMPLETE Column stats: NONE
-              Select Operator
-                expressions: CAST( test_hive_415 AS decimal(10,0)) (type: decimal(10,0)), test_hive_1459 (type: string), ds_ts (type: bigint)
-                outputColumnNames: _col3, _col9, _col13
-                Statistics: Num rows: 1 Data size: 376 Basic stats: COMPLETE Column stats: NONE
-                Map Join Operator
-                  condition map:
-                       Inner Join 0 to 1
-                  keys:
-                    0 _col13 (type: bigint)
-                    1 max_partition (type: bigint)
-                  outputColumnNames: _col3, _col9
-                  Statistics: Num rows: 1 Data size: 413 Basic stats: COMPLETE Column stats: NONE
-                  File Output Operator
-                    compressed: false
-                    table:
-                        input format: org.apache.hadoop.mapred.SequenceFileInputFormat
-                        output format: org.apache.hadoop.hive.ql.io.HiveSequenceFileOutputFormat
-                        serde: org.apache.hadoop.hive.serde2.lazybinary.LazyBinarySerDe
-      Execution mode: vectorized
-      Local Work:
-        Map Reduce Local Work
-
-  Stage: Stage-69
-    Map Reduce
-      Map Operator Tree:
-          TableScan
-            alias: test_hive_1480
-            filterExpr: (ds_ts is not null and test_hive_416 is not null) (type: boolean)
-            Statistics: Num rows: 1 Data size: 376 Basic stats: COMPLETE Column stats: NONE
-            Filter Operator
-              predicate: (ds_ts is not null and test_hive_416 is not null) (type: boolean)
-              Statistics: Num rows: 1 Data size: 376 Basic stats: COMPLETE Column stats: NONE
-              Select Operator
-                expressions: test_hive_416 (type: string), test_hive_1473 (type: string), ds_ts (type: bigint)
-                outputColumnNames: _col3, _col7, _col11
-                Statistics: Num rows: 1 Data size: 376 Basic stats: COMPLETE Column stats: NONE
-                Map Join Operator
-                  condition map:
-                       Inner Join 0 to 1
-                  keys:
-                    0 _col11 (type: bigint)
-                    1 max_partition (type: bigint)
-                  outputColumnNames: _col3, _col7
-                  Statistics: Num rows: 1 Data size: 413 Basic stats: COMPLETE Column stats: NONE
-                  File Output Operator
-                    compressed: false
-                    table:
-                        input format: org.apache.hadoop.mapred.SequenceFileInputFormat
-                        output format: org.apache.hadoop.hive.ql.io.HiveSequenceFileOutputFormat
-                        serde: org.apache.hadoop.hive.serde2.lazybinary.LazyBinarySerDe
-      Execution mode: vectorized
-      Local Work:
-        Map Reduce Local Work
-
-  Stage: Stage-70
-    Map Reduce
-      Map Operator Tree:
-          TableScan
-            alias: test_hive_1494
-            filterExpr: (ds_ts is not null and test_hive_417 is not null) (type: boolean)
-            Statistics: Num rows: 1 Data size: 376 Basic stats: COMPLETE Column stats: NONE
-            Filter Operator
-              predicate: (ds_ts is not null and test_hive_417 is not null) (type: boolean)
-              Statistics: Num rows: 1 Data size: 376 Basic stats: COMPLETE Column stats: NONE
-              Select Operator
-                expressions: test_hive_417 (type: string), test_hive_1487 (type: string), ds_ts (type: bigint)
-                outputColumnNames: _col3, _col7, _col11
-                Statistics: Num rows: 1 Data size: 376 Basic stats: COMPLETE Column stats: NONE
-                Map Join Operator
-                  condition map:
-                       Inner Join 0 to 1
-                  keys:
-                    0 _col11 (type: bigint)
-                    1 max_partition (type: bigint)
-                  outputColumnNames: _col3, _col7
-                  Statistics: Num rows: 1 Data size: 413 Basic stats: COMPLETE Column stats: NONE
-                  File Output Operator
-                    compressed: false
-                    table:
-                        input format: org.apache.hadoop.mapred.SequenceFileInputFormat
-                        output format: org.apache.hadoop.hive.ql.io.HiveSequenceFileOutputFormat
-                        serde: org.apache.hadoop.hive.serde2.lazybinary.LazyBinarySerDe
-      Execution mode: vectorized
-      Local Work:
-        Map Reduce Local Work
-
-  Stage: Stage-71
-    Map Reduce
-      Map Operator Tree:
-          TableScan
-            alias: test_hive_1510
-            filterExpr: (ds_ts is not null and UDFToDouble(CAST( test_hive_418 AS decimal(10,0))) is not null) (type: boolean)
-            Statistics: Num rows: 1 Data size: 376 Basic stats: COMPLETE Column stats: NONE
-            Filter Operator
-              predicate: (ds_ts is not null and UDFToDouble(CAST( test_hive_418 AS decimal(10,0))) is not null) (type: boolean)
-              Statistics: Num rows: 1 Data size: 376 Basic stats: COMPLETE Column stats: NONE
-              Select Operator
-                expressions: CAST( test_hive_418 AS decimal(10,0)) (type: decimal(10,0)), test_hive_1503 (type: string), ds_ts (type: bigint)
-                outputColumnNames: _col3, _col9, _col13
-                Statistics: Num rows: 1 Data size: 376 Basic stats: COMPLETE Column stats: NONE
-                Map Join Operator
-                  condition map:
-                       Inner Join 0 to 1
-                  keys:
-                    0 _col13 (type: bigint)
-                    1 max_partition (type: bigint)
-                  outputColumnNames: _col3, _col9
-                  Statistics: Num rows: 1 Data size: 413 Basic stats: COMPLETE Column stats: NONE
-                  File Output Operator
-                    compressed: false
-                    table:
-                        input format: org.apache.hadoop.mapred.SequenceFileInputFormat
-                        output format: org.apache.hadoop.hive.ql.io.HiveSequenceFileOutputFormat
-                        serde: org.apache.hadoop.hive.serde2.lazybinary.LazyBinarySerDe
-      Execution mode: vectorized
-      Local Work:
-        Map Reduce Local Work
-
-  Stage: Stage-72
-    Map Reduce
-      Map Operator Tree:
-          TableScan
-            alias: test_hive_1524
-            filterExpr: (ds_ts is not null and test_hive_419 is not null) (type: boolean)
-            Statistics: Num rows: 1 Data size: 376 Basic stats: COMPLETE Column stats: NONE
-            Filter Operator
-              predicate: (ds_ts is not null and test_hive_419 is not null) (type: boolean)
-              Statistics: Num rows: 1 Data size: 376 Basic stats: COMPLETE Column stats: NONE
-              Select Operator
-                expressions: test_hive_419 (type: string), test_hive_1517 (type: string), ds_ts (type: bigint)
-                outputColumnNames: _col3, _col7, _col11
-                Statistics: Num rows: 1 Data size: 376 Basic stats: COMPLETE Column stats: NONE
-                Map Join Operator
-                  condition map:
-                       Inner Join 0 to 1
-                  keys:
-                    0 _col11 (type: bigint)
-                    1 max_partition (type: bigint)
-                  outputColumnNames: _col3, _col7
-                  Statistics: Num rows: 1 Data size: 413 Basic stats: COMPLETE Column stats: NONE
-                  File Output Operator
-                    compressed: false
-                    table:
-                        input format: org.apache.hadoop.mapred.SequenceFileInputFormat
-                        output format: org.apache.hadoop.hive.ql.io.HiveSequenceFileOutputFormat
-                        serde: org.apache.hadoop.hive.serde2.lazybinary.LazyBinarySerDe
-      Execution mode: vectorized
-      Local Work:
-        Map Reduce Local Work
-
-  Stage: Stage-73
-    Map Reduce
-      Map Operator Tree:
-          TableScan
-            alias: test_hive_1540
-            filterExpr: (ds_ts is not null and UDFToDouble(CAST( test_hive_420 AS decimal(10,0))) is not null) (type: boolean)
-            Statistics: Num rows: 1 Data size: 376 Basic stats: COMPLETE Column stats: NONE
-            Filter Operator
-              predicate: (ds_ts is not null and UDFToDouble(CAST( test_hive_420 AS decimal(10,0))) is not null) (type: boolean)
-              Statistics: Num rows: 1 Data size: 376 Basic stats: COMPLETE Column stats: NONE
-              Select Operator
-                expressions: CAST( test_hive_420 AS decimal(10,0)) (type: decimal(10,0)), test_hive_1533 (type: string), ds_ts (type: bigint)
-                outputColumnNames: _col3, _col9, _col13
-                Statistics: Num rows: 1 Data size: 376 Basic stats: COMPLETE Column stats: NONE
-                Map Join Operator
-                  condition map:
-                       Inner Join 0 to 1
-                  keys:
-                    0 _col13 (type: bigint)
-                    1 max_partition (type: bigint)
-                  outputColumnNames: _col3, _col9
-                  Statistics: Num rows: 1 Data size: 413 Basic stats: COMPLETE Column stats: NONE
-                  File Output Operator
-                    compressed: false
-                    table:
-                        input format: org.apache.hadoop.mapred.SequenceFileInputFormat
-                        output format: org.apache.hadoop.hive.ql.io.HiveSequenceFileOutputFormat
-                        serde: org.apache.hadoop.hive.serde2.lazybinary.LazyBinarySerDe
-      Execution mode: vectorized
-      Local Work:
-        Map Reduce Local Work
-
-  Stage: Stage-74
-    Map Reduce
-      Map Operator Tree:
-          TableScan
-            alias: test_hive_1553
-            filterExpr: (ds_ts is not null and test_hive_421 is not null) (type: boolean)
-            Statistics: Num rows: 1 Data size: 376 Basic stats: COMPLETE Column stats: NONE
-            Filter Operator
-              predicate: (ds_ts is not null and test_hive_421 is not null) (type: boolean)
-              Statistics: Num rows: 1 Data size: 376 Basic stats: COMPLETE Column stats: NONE
-              Select Operator
-                expressions: test_hive_421 (type: string), test_hive_1547 (type: string), ds_ts (type: bigint)
-                outputColumnNames: _col3, _col6, _col10
-                Statistics: Num rows: 1 Data size: 376 Basic stats: COMPLETE Column stats: NONE
-                Map Join Operator
-                  condition map:
-                       Inner Join 0 to 1
-                  keys:
-                    0 _col10 (type: bigint)
-                    1 max_partition (type: bigint)
-                  outputColumnNames: _col3, _col6
-                  Statistics: Num rows: 1 Data size: 413 Basic stats: COMPLETE Column stats: NONE
-                  File Output Operator
-                    compressed: false
-                    table:
-                        input format: org.apache.hadoop.mapred.SequenceFileInputFormat
-                        output format: org.apache.hadoop.hive.ql.io.HiveSequenceFileOutputFormat
-                        serde: org.apache.hadoop.hive.serde2.lazybinary.LazyBinarySerDe
-      Execution mode: vectorized
-      Local Work:
-        Map Reduce Local Work
-
-  Stage: Stage-75
-    Map Reduce
-      Map Operator Tree:
-          TableScan
-            alias: test_hive_1229
-            filterExpr: (ds_ts is not null and test_hive_280 is not null) (type: boolean)
-            Statistics: Num rows: 1 Data size: 376 Basic stats: COMPLETE Column stats: NONE
-            Filter Operator
-              predicate: (ds_ts is not null and test_hive_280 is not null) (type: boolean)
-              Statistics: Num rows: 1 Data size: 376 Basic stats: COMPLETE Column stats: NONE
-              Select Operator
-                expressions: test_hive_280 (type: string), test_hive_1224 (type: string), ds_ts (type: bigint)
-                outputColumnNames: _col3, _col5, _col9
-                Statistics: Num rows: 1 Data size: 376 Basic stats: COMPLETE Column stats: NONE
-                Map Join Operator
-                  condition map:
-                       Inner Join 0 to 1
-                  keys:
-                    0 _col9 (type: bigint)
-                    1 max_partition (type: bigint)
-                  outputColumnNames: _col3, _col5
-                  Statistics: Num rows: 1 Data size: 413 Basic stats: COMPLETE Column stats: NONE
-                  File Output Operator
-                    compressed: false
-                    table:
-                        input format: org.apache.hadoop.mapred.SequenceFileInputFormat
-                        output format: org.apache.hadoop.hive.ql.io.HiveSequenceFileOutputFormat
-                        serde: org.apache.hadoop.hive.serde2.lazybinary.LazyBinarySerDe
-      Execution mode: vectorized
-      Local Work:
-        Map Reduce Local Work
-
-  Stage: Stage-76
-    Map Reduce
-      Map Operator Tree:
-          TableScan
-            alias: test_hive_1229
-            filterExpr: (ds_ts is not null and test_hive_280 is not null) (type: boolean)
-            Statistics: Num rows: 1 Data size: 376 Basic stats: COMPLETE Column stats: NONE
-            Filter Operator
-              predicate: (ds_ts is not null and test_hive_280 is not null) (type: boolean)
-              Statistics: Num rows: 1 Data size: 376 Basic stats: COMPLETE Column stats: NONE
-              Select Operator
-                expressions: test_hive_280 (type: string), test_hive_1224 (type: string), ds_ts (type: bigint)
-                outputColumnNames: _col3, _col5, _col9
-                Statistics: Num rows: 1 Data size: 376 Basic stats: COMPLETE Column stats: NONE
-                Map Join Operator
-                  condition map:
-                       Inner Join 0 to 1
-                  keys:
-                    0 _col9 (type: bigint)
-                    1 max_partition (type: bigint)
-                  outputColumnNames: _col3, _col5
-                  Statistics: Num rows: 1 Data size: 413 Basic stats: COMPLETE Column stats: NONE
-                  File Output Operator
-                    compressed: false
-                    table:
-                        input format: org.apache.hadoop.mapred.SequenceFileInputFormat
-                        output format: org.apache.hadoop.hive.ql.io.HiveSequenceFileOutputFormat
-                        serde: org.apache.hadoop.hive.serde2.lazybinary.LazyBinarySerDe
-      Execution mode: vectorized
-      Local Work:
-        Map Reduce Local Work
-
-  Stage: Stage-77
-    Map Reduce
-      Map Operator Tree:
-          TableScan
-            alias: test_hive_1617
-            filterExpr: (ds_ts is not null and test_hive_426 is not null) (type: boolean)
-            Statistics: Num rows: 1 Data size: 376 Basic stats: COMPLETE Column stats: NONE
-            Filter Operator
-              predicate: (ds_ts is not null and test_hive_426 is not null) (type: boolean)
-              Statistics: Num rows: 1 Data size: 376 Basic stats: COMPLETE Column stats: NONE
-              Select Operator
-                expressions: test_hive_426 (type: string), test_hive_1610 (type: string), ds_ts (type: bigint)
-                outputColumnNames: _col3, _col7, _col11
-                Statistics: Num rows: 1 Data size: 376 Basic stats: COMPLETE Column stats: NONE
-                Map Join Operator
-                  condition map:
-                       Inner Join 0 to 1
-                  keys:
-                    0 _col11 (type: bigint)
-                    1 max_partition (type: bigint)
-                  outputColumnNames: _col3, _col7
-                  Statistics: Num rows: 1 Data size: 413 Basic stats: COMPLETE Column stats: NONE
-                  File Output Operator
-                    compressed: false
-                    table:
-                        input format: org.apache.hadoop.mapred.SequenceFileInputFormat
-                        output format: org.apache.hadoop.hive.ql.io.HiveSequenceFileOutputFormat
-                        serde: org.apache.hadoop.hive.serde2.lazybinary.LazyBinarySerDe
-      Execution mode: vectorized
-      Local Work:
-        Map Reduce Local Work
-
-  Stage: Stage-78
-    Map Reduce
-      Map Operator Tree:
-          TableScan
-            alias: test_hive_1785
-            filterExpr: (ds_ts is not null and test_hive_440 is not null) (type: boolean)
-            Statistics: Num rows: 1 Data size: 376 Basic stats: COMPLETE Column stats: NONE
-            Filter Operator
-              predicate: (ds_ts is not null and test_hive_440 is not null) (type: boolean)
-              Statistics: Num rows: 1 Data size: 376 Basic stats: COMPLETE Column stats: NONE
-              Select Operator
-                expressions: test_hive_440 (type: string), test_hive_1778 (type: string), ds_ts (type: bigint)
-                outputColumnNames: _col3, _col7, _col11
-                Statistics: Num rows: 1 Data size: 376 Basic stats: COMPLETE Column stats: NONE
-                Map Join Operator
-                  condition map:
-                       Inner Join 0 to 1
-                  keys:
-                    0 _col11 (type: bigint)
-                    1 max_partition (type: bigint)
-                  outputColumnNames: _col3, _col7
-                  Statistics: Num rows: 1 Data size: 413 Basic stats: COMPLETE Column stats: NONE
-                  File Output Operator
-                    compressed: false
-                    table:
-                        input format: org.apache.hadoop.mapred.SequenceFileInputFormat
-                        output format: org.apache.hadoop.hive.ql.io.HiveSequenceFileOutputFormat
-                        serde: org.apache.hadoop.hive.serde2.lazybinary.LazyBinarySerDe
-      Execution mode: vectorized
-      Local Work:
-        Map Reduce Local Work
-
-  Stage: Stage-79
-    Map Reduce
-      Map Operator Tree:
-          TableScan
-            alias: test_hive_1979
-            filterExpr: (ds_ts is not null and test_hive_454 is not null) (type: boolean)
-            Statistics: Num rows: 1 Data size: 376 Basic stats: COMPLETE Column stats: NONE
-            Filter Operator
-              predicate: (ds_ts is not null and test_hive_454 is not null) (type: boolean)
-              Statistics: Num rows: 1 Data size: 376 Basic stats: COMPLETE Column stats: NONE
-              Select Operator
-                expressions: test_hive_454 (type: string), test_hive_1972 (type: string), ds_ts (type: bigint)
-                outputColumnNames: _col3, _col7, _col11
-                Statistics: Num rows: 1 Data size: 376 Basic stats: COMPLETE Column stats: NONE
-                Map Join Operator
-                  condition map:
-                       Inner Join 0 to 1
-                  keys:
-                    0 _col11 (type: bigint)
-                    1 max_partition (type: bigint)
-                  outputColumnNames: _col3, _col7
-                  Statistics: Num rows: 1 Data size: 413 Basic stats: COMPLETE Column stats: NONE
-                  File Output Operator
-                    compressed: false
-                    table:
-                        input format: org.apache.hadoop.mapred.SequenceFileInputFormat
-                        output format: org.apache.hadoop.hive.ql.io.HiveSequenceFileOutputFormat
-                        serde: org.apache.hadoop.hive.serde2.lazybinary.LazyBinarySerDe
-      Execution mode: vectorized
-      Local Work:
-        Map Reduce Local Work
-
-  Stage: Stage-80
-    Map Reduce
-      Map Operator Tree:
-          TableScan
-            alias: test_hive_1799
-            filterExpr: (ds_ts is not null and test_hive_441 is not null) (type: boolean)
-            Statistics: Num rows: 1 Data size: 376 Basic stats: COMPLETE Column stats: NONE
-            Filter Operator
-              predicate: (ds_ts is not null and test_hive_441 is not null) (type: boolean)
-              Statistics: Num rows: 1 Data size: 376 Basic stats: COMPLETE Column stats: NONE
-              Select Operator
-                expressions: test_hive_441 (type: string), test_hive_1792 (type: string), ds_ts (type: bigint)
-                outputColumnNames: _col3, _col7, _col11
-                Statistics: Num rows: 1 Data size: 376 Basic stats: COMPLETE Column stats: NONE
-                Map Join Operator
-                  condition map:
-                       Inner Join 0 to 1
-                  keys:
-                    0 _col11 (type: bigint)
-                    1 max_partition (type: bigint)
-                  outputColumnNames: _col3, _col7
-                  Statistics: Num rows: 1 Data size: 413 Basic stats: COMPLETE Column stats: NONE
-                  File Output Operator
-                    compressed: false
-                    table:
-                        input format: org.apache.hadoop.mapred.SequenceFileInputFormat
-                        output format: org.apache.hadoop.hive.ql.io.HiveSequenceFileOutputFormat
-                        serde: org.apache.hadoop.hive.serde2.lazybinary.LazyBinarySerDe
-      Execution mode: vectorized
-      Local Work:
-        Map Reduce Local Work
-
-  Stage: Stage-81
-    Map Reduce
-      Map Operator Tree:
-          TableScan
-            alias: test_hive_1813
-            filterExpr: (ds_ts is not null and test_hive_442 is not null) (type: boolean)
-            Statistics: Num rows: 1 Data size: 376 Basic stats: COMPLETE Column stats: NONE
-            Filter Operator
-              predicate: (ds_ts is not null and test_hive_442 is not null) (type: boolean)
-              Statistics: Num rows: 1 Data size: 376 Basic stats: COMPLETE Column stats: NONE
-              Select Operator
-                expressions: test_hive_442 (type: string), test_hive_1806 (type: string), ds_ts (type: bigint)
-                outputColumnNames: _col3, _col7, _col11
-                Statistics: Num rows: 1 Data size: 376 Basic stats: COMPLETE Column stats: NONE
-                Map Join Operator
-                  condition map:
-                       Inner Join 0 to 1
-                  keys:
-                    0 _col11 (type: bigint)
-                    1 max_partition (type: bigint)
-                  outputColumnNames: _col3, _col7
-                  Statistics: Num rows: 1 Data size: 413 Basic stats: COMPLETE Column stats: NONE
-                  File Output Operator
-                    compressed: false
-                    table:
-                        input format: org.apache.hadoop.mapred.SequenceFileInputFormat
-                        output format: org.apache.hadoop.hive.ql.io.HiveSequenceFileOutputFormat
-                        serde: org.apache.hadoop.hive.serde2.lazybinary.LazyBinarySerDe
-      Execution mode: vectorized
-      Local Work:
-        Map Reduce Local Work
-
-  Stage: Stage-82
-    Map Reduce
-      Map Operator Tree:
-          TableScan
-            alias: test_hive_1840
-            filterExpr: (ds_ts is not null and test_hive_444 is not null) (type: boolean)
-            Statistics: Num rows: 1 Data size: 376 Basic stats: COMPLETE Column stats: NONE
-            Filter Operator
-              predicate: (ds_ts is not null and test_hive_444 is not null) (type: boolean)
-              Statistics: Num rows: 1 Data size: 376 Basic stats: COMPLETE Column stats: NONE
-              Select Operator
-                expressions: test_hive_444 (type: string), test_hive_1834 (type: string), ds_ts (type: bigint)
-                outputColumnNames: _col3, _col6, _col10
-                Statistics: Num rows: 1 Data size: 376 Basic stats: COMPLETE Column stats: NONE
-                Map Join Operator
-                  condition map:
-                       Inner Join 0 to 1
-                  keys:
-                    0 _col10 (type: bigint)
-                    1 max_partition (type: bigint)
-                  outputColumnNames: _col3, _col6
-                  Statistics: Num rows: 1 Data size: 413 Basic stats: COMPLETE Column stats: NONE
-                  File Output Operator
-                    compressed: false
-                    table:
-                        input format: org.apache.hadoop.mapred.SequenceFileInputFormat
-                        output format: org.apache.hadoop.hive.ql.io.HiveSequenceFileOutputFormat
-                        serde: org.apache.hadoop.hive.serde2.lazybinary.LazyBinarySerDe
-      Execution mode: vectorized
-      Local Work:
-        Map Reduce Local Work
-
-  Stage: Stage-83
-    Map Reduce
-      Map Operator Tree:
-          TableScan
-            alias: test_hive_1852
-            filterExpr: (ds_ts is not null and UDFToDouble(CAST( test_hive_445 AS decimal(10,0))) is not null) (type: boolean)
-            Statistics: Num rows: 1 Data size: 376 Basic stats: COMPLETE Column stats: NONE
-            Filter Operator
-              predicate: (ds_ts is not null and UDFToDouble(CAST( test_hive_445 AS decimal(10,0))) is not null) (type: boolean)
-              Statistics: Num rows: 1 Data size: 376 Basic stats: COMPLETE Column stats: NONE
-              Select Operator
-                expressions: CAST( test_hive_445 AS decimal(10,0)) (type: decimal(10,0)), test_hive_1847 (type: string), ds_ts (type: bigint)
-                outputColumnNames: _col3, _col5, _col9
-                Statistics: Num rows: 1 Data size: 376 Basic stats: COMPLETE Column stats: NONE
-                Map Join Operator
-                  condition map:
-                       Inner Join 0 to 1
-                  keys:
-                    0 _col9 (type: bigint)
-                    1 max_partition (type: bigint)
-                  outputColumnNames: _col3, _col5
-                  Statistics: Num rows: 1 Data size: 413 Basic stats: COMPLETE Column stats: NONE
-                  File Output Operator
-                    compressed: false
-                    table:
-                        input format: org.apache.hadoop.mapred.SequenceFileInputFormat
-                        output format: org.apache.hadoop.hive.ql.io.HiveSequenceFileOutputFormat
-                        serde: org.apache.hadoop.hive.serde2.lazybinary.LazyBinarySerDe
-      Execution mode: vectorized
-      Local Work:
-        Map Reduce Local Work
-
-  Stage: Stage-84
-    Map Reduce
-      Map Operator Tree:
-          TableScan
-            alias: test_hive_1864
-            filterExpr: (ds_ts is not null and test_hive_446 is not null) (type: boolean)
-            Statistics: Num rows: 1 Data size: 376 Basic stats: COMPLETE Column stats: NONE
-            Filter Operator
-              predicate: (ds_ts is not null and test_hive_446 is not null) (type: boolean)
-              Statistics: Num rows: 1 Data size: 376 Basic stats: COMPLETE Column stats: NONE
-              Select Operator
-                expressions: test_hive_446 (type: string), test_hive_1859 (type: string), ds_ts (type: bigint)
-                outputColumnNames: _col3, _col5, _col9
-                Statistics: Num rows: 1 Data size: 376 Basic stats: COMPLETE Column stats: NONE
-                Map Join Operator
-                  condition map:
-                       Inner Join 0 to 1
-                  keys:
-                    0 _col9 (type: bigint)
-                    1 max_partition (type: bigint)
-                  outputColumnNames: _col3, _col5
-                  Statistics: Num rows: 1 Data size: 413 Basic stats: COMPLETE Column stats: NONE
-                  File Output Operator
-                    compressed: false
-                    table:
-                        input format: org.apache.hadoop.mapred.SequenceFileInputFormat
-                        output format: org.apache.hadoop.hive.ql.io.HiveSequenceFileOutputFormat
-                        serde: org.apache.hadoop.hive.serde2.lazybinary.LazyBinarySerDe
-      Execution mode: vectorized
-      Local Work:
-        Map Reduce Local Work
-
-  Stage: Stage-85
-    Map Reduce
-      Map Operator Tree:
-          TableScan
-            alias: test_hive_1876
-            filterExpr: (ds_ts is not null and test_hive_447 is not null) (type: boolean)
-            Statistics: Num rows: 1 Data size: 376 Basic stats: COMPLETE Column stats: NONE
-            Filter Operator
-              predicate: (ds_ts is not null and test_hive_447 is not null) (type: boolean)
-              Statistics: Num rows: 1 Data size: 376 Basic stats: COMPLETE Column stats: NONE
-              Select Operator
-                expressions: test_hive_447 (type: string), test_hive_1871 (type: string), ds_ts (type: bigint)
-                outputColumnNames: _col3, _col5, _col9
-                Statistics: Num rows: 1 Data size: 376 Basic stats: COMPLETE Column stats: NONE
-                Map Join Operator
-                  condition map:
-                       Inner Join 0 to 1
-                  keys:
-                    0 _col9 (type: bigint)
-                    1 max_partition (type: bigint)
-                  outputColumnNames: _col3, _col5
-                  Statistics: Num rows: 1 Data size: 413 Basic stats: COMPLETE Column stats: NONE
-                  File Output Operator
-                    compressed: false
-                    table:
-                        input format: org.apache.hadoop.mapred.SequenceFileInputFormat
-                        output format: org.apache.hadoop.hive.ql.io.HiveSequenceFileOutputFormat
-                        serde: org.apache.hadoop.hive.serde2.lazybinary.LazyBinarySerDe
-      Execution mode: vectorized
-      Local Work:
-        Map Reduce Local Work
-
-  Stage: Stage-86
-    Map Reduce
-      Map Operator Tree:
-          TableScan
-            alias: test_hive_1229
-            filterExpr: (ds_ts is not null and test_hive_280 is not null) (type: boolean)
-            Statistics: Num rows: 1 Data size: 376 Basic stats: COMPLETE Column stats: NONE
-            Filter Operator
-              predicate: (ds_ts is not null and test_hive_280 is not null) (type: boolean)
-              Statistics: Num rows: 1 Data size: 376 Basic stats: COMPLETE Column stats: NONE
-              Select Operator
-                expressions: test_hive_280 (type: string), test_hive_1224 (type: string), ds_ts (type: bigint)
-                outputColumnNames: _col3, _col5, _col9
-                Statistics: Num rows: 1 Data size: 376 Basic stats: COMPLETE Column stats: NONE
-                Map Join Operator
-                  condition map:
-                       Inner Join 0 to 1
-                  keys:
-                    0 _col9 (type: bigint)
-                    1 max_partition (type: bigint)
-                  outputColumnNames: _col3, _col5
-                  Statistics: Num rows: 1 Data size: 413 Basic stats: COMPLETE Column stats: NONE
-                  File Output Operator
-                    compressed: false
-                    table:
-                        input format: org.apache.hadoop.mapred.SequenceFileInputFormat
-                        output format: org.apache.hadoop.hive.ql.io.HiveSequenceFileOutputFormat
-                        serde: org.apache.hadoop.hive.serde2.lazybinary.LazyBinarySerDe
-      Execution mode: vectorized
-      Local Work:
-        Map Reduce Local Work
-
-  Stage: Stage-87
-    Map Reduce
-      Map Operator Tree:
-          TableScan
-            alias: test_hive_1229
-            filterExpr: (ds_ts is not null and test_hive_280 is not null) (type: boolean)
-            Statistics: Num rows: 1 Data size: 376 Basic stats: COMPLETE Column stats: NONE
-            Filter Operator
-              predicate: (ds_ts is not null and test_hive_280 is not null) (type: boolean)
-              Statistics: Num rows: 1 Data size: 376 Basic stats: COMPLETE Column stats: NONE
+    Tez
+#### A masked pattern was here ####
+      Edges:
+        Map 1 <- Map 11 (BROADCAST_EDGE), Map 13 (BROADCAST_EDGE), Map 15 (BROADCAST_EDGE), Map 17 (BROADCAST_EDGE), Map 19 (BROADCAST_EDGE), Map 2 (BROADCAST_EDGE), Map 21 (BROADCAST_EDGE), Map 23 (BROADCAST_EDGE), Map 25 (BROADCAST_EDGE), Map 27 (BROADCAST_EDGE), Map 29 (BROADCAST_EDGE), Map 3 (BROADCAST_EDGE), Map 31 (BROADCAST_EDGE), Map 33 (BROADCAST_EDGE), Map 35 (BROADCAST_EDGE), Map 39 (BROADCAST_EDGE), Map 41 (BROADCAST_EDGE), Map 43 (BROADCAST_EDGE), Map 45 (BROADCAST_EDGE), Map 47 (BROADCAST_EDGE), Map 49 (BROADCAST_EDGE), Map 5 (BROADCAST_EDGE), Map 51 (BROADCAST_EDGE), Map 53 (BROADCAST_EDGE), Map 55 (BROADCAST_EDGE), Map 57 (BROADCAST_EDGE), Map 62 (BROADCAST_EDGE), Map 64 (BROADCAST_EDGE), Map 66 (BROADCAST_EDGE), Map 68 (BROADCAST_EDGE), Map 7 (BROADCAST_EDGE), Map 70 (BROADCAST_EDGE), Map 72 (BROADCAST_EDGE), Map 74 (BROADCAST_EDGE), Map 76 (BROADCAST_EDGE), Map 78 (BROADCAST_EDGE), Map 80 (BROADCAST_EDGE), Map 82 (BROADCAST_EDGE), Map 84 (BROADCAST_EDGE), Map 86 (BROADCAST_EDGE), Map 9 (BROADCAST_EDGE), Reducer 36 (BROADCAST_EDGE), Reducer 37 (BROADCAST_EDGE), Reducer 58 (BROADCAST_EDGE), Reducer 59 (BROADCAST_EDGE), Reducer 60 (BROADCAST_EDGE)
+        Map 11 <- Map 12 (BROADCAST_EDGE)
+        Map 13 <- Map 14 (BROADCAST_EDGE)
+        Map 15 <- Map 16 (BROADCAST_EDGE)
+        Map 17 <- Map 18 (BROADCAST_EDGE)
+        Map 19 <- Map 20 (BROADCAST_EDGE)
+        Map 21 <- Map 22 (BROADCAST_EDGE)
+        Map 23 <- Map 24 (BROADCAST_EDGE)
+        Map 25 <- Map 26 (BROADCAST_EDGE)
+        Map 27 <- Map 28 (BROADCAST_EDGE)
+        Map 29 <- Map 30 (BROADCAST_EDGE)
+        Map 3 <- Map 4 (BROADCAST_EDGE)
+        Map 31 <- Map 32 (BROADCAST_EDGE)
+        Map 33 <- Map 34 (BROADCAST_EDGE)
+        Map 35 <- Map 38 (BROADCAST_EDGE)
+        Map 39 <- Map 40 (BROADCAST_EDGE)
+        Map 41 <- Map 42 (BROADCAST_EDGE)
+        Map 43 <- Map 44 (BROADCAST_EDGE)
+        Map 45 <- Map 46 (BROADCAST_EDGE)
+        Map 47 <- Map 48 (BROADCAST_EDGE)
+        Map 49 <- Map 50 (BROADCAST_EDGE)
+        Map 5 <- Map 6 (BROADCAST_EDGE)
+        Map 51 <- Map 52 (BROADCAST_EDGE)
+        Map 53 <- Map 54 (BROADCAST_EDGE)
+        Map 55 <- Map 56 (BROADCAST_EDGE)
+        Map 57 <- Map 61 (BROADCAST_EDGE)
+        Map 62 <- Map 63 (BROADCAST_EDGE)
+        Map 64 <- Map 65 (BROADCAST_EDGE)
+        Map 66 <- Map 67 (BROADCAST_EDGE)
+        Map 68 <- Map 69 (BROADCAST_EDGE)
+        Map 7 <- Map 8 (BROADCAST_EDGE)
+        Map 70 <- Map 71 (BROADCAST_EDGE)
+        Map 72 <- Map 73 (BROADCAST_EDGE)
+        Map 74 <- Map 75 (BROADCAST_EDGE)
+        Map 76 <- Map 77 (BROADCAST_EDGE)
+        Map 78 <- Map 79 (BROADCAST_EDGE)
+        Map 80 <- Map 81 (BROADCAST_EDGE)
+        Map 82 <- Map 83 (BROADCAST_EDGE)
+        Map 84 <- Map 85 (BROADCAST_EDGE)
+        Map 86 <- Map 87 (BROADCAST_EDGE)
+        Map 9 <- Map 10 (BROADCAST_EDGE)
+        Reducer 36 <- Map 35 (SIMPLE_EDGE)
+        Reducer 37 <- Map 35 (SIMPLE_EDGE)
+        Reducer 58 <- Map 57 (SIMPLE_EDGE)
+        Reducer 59 <- Map 57 (SIMPLE_EDGE)
+        Reducer 60 <- Map 57 (SIMPLE_EDGE)
+#### A masked pattern was here ####
+      Vertices:
+        Map 1 
+            Map Operator Tree:
+                TableScan
+                  alias: test_hive_1038
+                  filterExpr: (ds_ts is not null and test_hive_23 is not null and test_hive_26 is not null and test_hive_27 is not null and test_hive_28 is not null and test_hive_30 is not null and test_hive_71 is not null and test_hive_72 is not null and test_hive_73 is not null and UDFToDouble(test_hive_74) is not null and test_hive_75 is not null and test_hive_76 is not null and UDFToDouble(test_hive_77) is not null and test_hive_78 is not null and test_hive_80 is not null and test_hive_81 is not null and test_hive_82 is not null and test_hive_83 is not null and test_hive_84 is not null and UDFToDouble(test_hive_85) is not null and test_hive_86 is not null and UDFToDouble(test_hive_87) is not null and test_hive_88 is not null and test_hive_89 is not null and UDFToDouble(test_hive_90) is not null and test_hive_91 is not null and UDFToDouble(test_hive_92) is not null and test_hive_93 is not null and test_hive_94 is not null and test_hive_95 is not null and test_hive_96 is not null and test_hive_99 is not null and test_hive_101 is not null and test_hive_102 is not null and test_hive_103 is not null and test_hive_105 is not null and UDFToDouble(test_hive_106) is not null and test_hive_107 is not null and test_hive_108 is not null and test_hive_109 is not null and test_hive_110 is not null and test_hive_111 is not null and test_hive_112 is not null and test_hive_113 is not null and test_hive_114 is not null and test_hive_115 is not null) (type: boolean)
+                  probeDecodeDetails: cacheKey:HASH_MAP_MAPJOIN_3941_container, bigKeyColName:ds_ts, smallTablePos:1, keyRatio:1.0
+                  Statistics: Num rows: 1 Data size: 16200 Basic stats: COMPLETE Column stats: NONE
+                  Filter Operator
+                    predicate: (ds_ts is not null and test_hive_23 is not null and test_hive_26 is not null and test_hive_27 is not null and test_hive_28 is not null and test_hive_30 is not null and test_hive_71 is not null and test_hive_72 is not null and test_hive_73 is not null and UDFToDouble(test_hive_74) is not null and test_hive_75 is not null and test_hive_76 is not null and UDFToDouble(test_hive_77) is not null and test_hive_78 is not null and test_hive_80 is not null and test_hive_81 is not null and test_hive_82 is not null and test_hive_83 is not null and test_hive_84 is not null and UDFToDouble(test_hive_85) is not null and test_hive_86 is not null and UDFToDouble(test_hive_87) is not null and test_hive_88 is not null and test_hive_89 is not null and UDFToDouble(test_hive_90) is not null and test_hive_91 is not null and UDFToDouble(test_hive_92) is not null and test_hive_93 is not null and test_hive_94 is not null and test_hive_95 is not null and test_hive_96 is not null and test_hive_99 is not null and test_hive_101 is not null and test_hive_102 is not null and test_hive_103 is not null and test_hive_105 is not null and UDFToDouble(test_hive_106) is not null and test_hive_107 is not null and test_hive_108 is not null and test_hive_109 is not null and test_hive_110 is not null and test_hive_111 is not null and test_hive_112 is not null and test_hive_113 is not null and test_hive_114 is not null and test_hive_115 is not null) (type: boolean)
+                    Statistics: Num rows: 1 Data size: 16200 Basic stats: COMPLETE Column stats: NONE
+                    Select Operator
+                      expressions: UDFToInteger(test_hive_1018) (type: int), UDFToInteger(test_hive_1004) (type: int), UDFToInteger(test_hive_1025) (type: int), test_hive_23 (type: string), test_hive_27 (type: string), test_hive_29 (type: string), test_hive_30 (type: string), test_hive_97 (type: string), test_hive_96 (type: string), test_hive_98 (type: string), test_hive_101 (type: string), test_hive_102 (type: string), test_hive_109 (type: string), test_hive_111 (type: string), test_hive_112 (type: string), test_hive_113 (type: string), test_hive_114 (type: string), test_hive_115 (type: string), test_hive_78 (type: string), test_hive_79 (type: string), test_hive_24 (type: string), test_hive_26 (type: string), test_hive_110 (type: string), test_hive_77 (type: string), test_hive_87 (type: string), test_hive_92 (type: string), test_hive_90 (type: string), test_hive_74 (type: string), test_hive_85 (type: string), test_hive_81 (type: string), test_hive_82 (type: string), test_hive_106 (type: string), test_hive_107 (type: string), test_hive_108 (type: string), test_hive_75 (type: string), test_hive_86 (type: string), test_hive_76 (type: string), test_hive_89 (type: string), test_hive_88 (type: string), test_hive_91 (type: string), test_hive_71 (type: string), test_hive_72 (type: string), test_hive_73 (type: string), test_hive_80 (type: string), test_hive_103 (type: string), test_hive_104 (type: string), test_hive_1002 (type: string), test_hive_1003 (type: string), CAST( from_unixtime(to_unix_timestamp(test_hive_25, 'yyyymmdd'), 'yyyy-mm-dd') AS TIMESTAMP) (type: timestamp), test_hive_28 (type: string), test_hive_93 (type: string), test_hive_94 (type: string), test_hive_95 (type: string), test_hive_99 (type: string), test_hive_105 (type: string), test_hive_83 (type: string), test_hive_84 (type: string), test_hive_100 (type: string), UDFToInteger(test_hive_1023) (type: int), UDFToInteger(test_hive_1024) (type: int), UDFToInteger(test_hive_1010) (type: int), UDFToInteger(test_hive_1010_a_d) (type: int), UDFToInteger(test_hive_1010_a_g) (type: int), UDFToDouble(test_hive_1026) (type: double), UDFToDouble(test_hive_1000) (type: double), UDFToDouble(test_hive_1001) (type: double), UDFToInteger(test_hive_1030) (type: int), UDFToInteger(test_hive_1030_1) (type: int), UDFToInteger(test_hive_1030_2) (type: int), UDFToInteger(test_hive_1030_3) (type: int), UDFToDouble(test_hive_1021) (type: double), UDFToDouble(test_hive_1020) (type: double), UDFToInteger(test_hive_1022) (type: int), UDFToInteger(test_hive_1019) (type: int), UDFToDouble(test_hive_1027) (type: double), UDFToDouble(test_hive_1028) (type: double), UDFToDouble(test_hive_1029) (type: double), UDFToInteger(test_hive_1005) (type: int), UDFToInteger(test_hive_1005_a_d) (type: int), UDFToInteger(test_hive_1005_psr) (type: int), UDFToInteger(test_hive_1005_psr_a_d) (type: int), UDFToInteger(test_hive_1005_psr_e) (type: int), UDFToInteger(test_hive_1013) (type: int), UDFToInteger(test_hive_1013_a_d) (type: int), UDFToInteger(test_hive_1013_psr) (type: int), UDFToInteger(test_hive_1013_psr_a_d) (type: int), UDFToInteger(test_hive_1013_psr_e) (type: int), CAST( from_unixtime(to_unix_timestamp(test_hive_1034, 'yyyymmddhhmmss'), 'yyyy-mm-dd hh:mm:ss') AS TIMESTAMP) (type: timestamp), ds_ts (type: bigint)
+                      outputColumnNames: _col0, _col1, _col2, _col3, _col4, _col5, _col6, _col7, _col8, _col9, _col10, _col11, _col12, _col13, _col14, _col15, _col16, _col17, _col18, _col19, _col20, _col21, _col22, _col23, _col24, _col25, _col26, _col27, _col28, _col29, _col30, _col31, _col32, _col33, _col34, _col35, _col36, _col37, _col38, _col39, _col40, _col41, _col42, _col43, _col44, _col45, _col46, _col47, _col48, _col49, _col50, _col51, _col52, _col53, _col54, _col55, _col56, _col57, _col58, _col59, _col60, _col61, _col62, _col63, _col64, _col65, _col66, _col67, _col68, _col69, _col70, _col71, _col72, _col73, _col74, _col75, _col76, _col77, _col78, _col79, _col80, _col81, _col82, _col83, _col84, _col85, _col86, _col87, _col90
+                      Statistics: Num rows: 1 Data size: 16200 Basic stats: COMPLETE Column stats: NONE
+                      Map Join Operator
+                        condition map:
+                             Inner Join 0 to 1
+                        keys:
+                          0 _col90 (type: bigint)
+                          1 max_partition (type: bigint)
+                        outputColumnNames: _col0, _col1, _col2, _col3, _col4, _col5, _col6, _col7, _col8, _col9, _col10, _col11, _col12, _col13, _col14, _col15, _col16, _col17, _col18, _col19, _col20, _col21, _col22, _col23, _col24, _col25, _col26, _col27, _col28, _col29, _col30, _col31, _col32, _col33, _col34, _col35, _col36, _col37, _col38, _col39, _col40, _col41, _col42, _col43, _col44, _col45, _col46, _col47, _col48, _col49, _col50, _col51, _col52, _col53, _col54, _col55, _col56, _col57, _col58, _col59, _col60, _col61, _col62, _col63, _col64, _col65, _col66, _col67, _col68, _col69, _col70, _col71, _col72, _col73, _col74, _col75, _col76, _col77, _col78, _col79, _col80, _col81, _col82, _col83, _col84, _col85, _col86, _col87
+                        input vertices:
+                          1 Map 2
+                        Statistics: Num rows: 1 Data size: 17820 Basic stats: COMPLETE Column stats: NONE
+                        Map Join Operator
+                          condition map:
+                               Inner Join 0 to 1
+                          keys:
+                            0 _col3 (type: string)
+                            1 _col3 (type: string)
+                          outputColumnNames: _col0, _col1, _col2, _col4, _col5, _col6, _col7, _col8, _col9, _col10, _col11, _col12, _col13, _col14, _col15, _col16, _col17, _col18, _col19, _col20, _col21, _col22, _col23, _col24, _col25, _col26, _col27, _col28, _col29, _col30, _col31, _col32, _col33, _col34, _col35, _col36, _col37, _col38, _col39, _col40, _col41, _col42, _col43, _col44, _col45, _col46, _col47, _col48, _col49, _col50, _col51, _col52, _col53, _col54, _col55, _col56, _col57, _col58, _col59, _col60, _col61, _col62, _col63, _col64, _col65, _col66, _col67, _col68, _col69, _col70, _col71, _col72, _col73, _col74, _col75, _col76, _col77, _col78, _col79, _col80, _col81, _col82, _col83, _col84, _col85, _col86, _col87, _col98
+                          input vertices:
+                            1 Map 3
+                          Statistics: Num rows: 1 Data size: 19602 Basic stats: COMPLETE Column stats: NONE
+                          Map Join Operator
+                            condition map:
+                                 Inner Join 0 to 1
+                            keys:
+                              0 _col21 (type: string)
+                              1 _col3 (type: string)
+                            outputColumnNames: _col0, _col1, _col2, _col4, _col5, _col6, _col7, _col8, _col9, _col10, _col11, _col12, _col13, _col14, _col15, _col16, _col17, _col18, _col19, _col20, _col22, _col23, _col24, _col25, _col26, _col27, _col28, _col29, _col30, _col31, _col32, _col33, _col34, _col35, _col36, _col37, _col38, _col39, _col40, _col41, _col42, _col43, _col44, _col45, _col46, _col47, _col48, _col49, _col50, _col51, _col52, _col53, _col54, _col55, _col56, _col57, _col58, _col59, _col60, _col61, _col62, _col63, _col64, _col65, _col66, _col67, _col68, _col69, _col70, _col71, _col72, _col73, _col74, _col75, _col76, _col77, _col78, _col79, _col80, _col81, _col82, _col83, _col84, _col85, _col86, _col87, _col98, _col112
+                            input vertices:
+                              1 Map 5
+                            Statistics: Num rows: 1 Data size: 21562 Basic stats: COMPLETE Column stats: NONE
+                            Map Join Operator
+                              condition map:
+                                   Inner Join 0 to 1
+                              keys:
+                                0 _col4 (type: string)
+                                1 _col3 (type: string)
+                              outputColumnNames: _col0, _col1, _col2, _col5, _col6, _col7, _col8, _col9, _col10, _col11, _col12, _col13, _col14, _col15, _col16, _col17, _col18, _col19, _col20, _col22, _col23, _col24, _col25, _col26, _col27, _col28, _col29, _col30, _col31, _col32, _col33, _col34, _col35, _col36, _col37, _col38, _col39, _col40, _col41, _col42, _col43, _col44, _col45, _col46, _col47, _col48, _col49, _col50, _col51, _col52, _col53, _col54, _col55, _col56, _col57, _col58, _col59, _col60, _col61, _col62, _col63, _col64, _col65, _col66, _col67, _col68, _col69, _col70, _col71, _col72, _col73, _col74, _col75, _col76, _col77, _col78, _col79, _col80, _col81, _col82, _col83, _col84, _col85, _col86, _col87, _col98, _col112, _col124
+                              input vertices:
+                                1 Map 7
+                              Statistics: Num rows: 1 Data size: 23718 Basic stats: COMPLETE Column stats: NONE
+                              Map Join Operator
+                                condition map:
+                                     Inner Join 0 to 1
+                                keys:
+                                  0 _col49 (type: string)
+                                  1 _col3 (type: string)
+                                outputColumnNames: _col0, _col1, _col2, _col5, _col6, _col7, _col8, _col9, _col10, _col11, _col12, _col13, _col14, _col15, _col16, _col17, _col18, _col19, _col20, _col22, _col23, _col24, _col25, _col26, _col27, _col28, _col29, _col30, _col31, _col32, _col33, _col34, _col35, _col36, _col37, _col38, _col39, _col40, _col41, _col42, _col43, _col44, _col45, _col46, _col47, _col48, _col50, _col51, _col52, _col53, _col54, _col55, _col56, _col57, _col58, _col59, _col60, _col61, _col62, _col63, _col64, _col65, _col66, _col67, _col68, _col69, _col70, _col71, _col72, _col73, _col74, _col75, _col76, _col77, _col78, _col79, _col80, _col81, _col82, _col83, _col84, _col85, _col86, _col87, _col98, _col112, _col124, _col136
+                                input vertices:
+                                  1 Map 9
+                                Statistics: Num rows: 1 Data size: 26089 Basic stats: COMPLETE Column stats: NONE
+                                Map Join Operator
+                                  condition map:
+                                       Inner Join 0 to 1
+                                  keys:
+                                    0 _col6 (type: string)
+                                    1 _col3 (type: string)
+                                  outputColumnNames: _col0, _col1, _col2, _col5, _col7, _col8, _col9, _col10, _col11, _col12, _col13, _col14, _col15, _col16, _col17, _col18, _col19, _col20, _col22, _col23, _col24, _col25, _col26, _col27, _col28, _col29, _col30, _col31, _col32, _col33, _col34, _col35, _col36, _col37, _col38, _col39, _col40, _col41, _col42, _col43, _col44, _col45, _col46, _col47, _col48, _col50, _col51, _col52, _col53, _col54, _col55, _col56, _col57, _col58, _col59, _col60, _col61, _col62, _col63, _col64, _col65, _col66, _col67, _col68, _col69, _col70, _col71, _col72, _col73, _col74, _col75, _col76, _col77, _col78, _col79, _col80, _col81, _col82, _col83, _col84, _col85, _col86, _col87, _col98, _col112, _col124, _col136, _col148
+                                  input vertices:
+                                    1 Map 11
+                                  Statistics: Num rows: 1 Data size: 28697 Basic stats: COMPLETE Column stats: NONE
+                                  Map Join Operator
+                                    condition map:
+                                         Inner Join 0 to 1
+                                    keys:
+                                      0 _col40 (type: string)
+                                      1 _col3 (type: string)
+                                    outputColumnNames: _col0, _col1, _col2, _col5, _col7, _col8, _col9, _col10, _col11, _col12, _col13, _col14, _col15, _col16, _col17, _col18, _col19, _col20, _col22, _col23, _col24, _col25, _col26, _col27, _col28, _col29, _col30, _col31, _col32, _col33, _col34, _col35, _col36, _col37, _col38, _col39, _col41, _col42, _col43, _col44, _col45, _col46, _col47, _col48, _col50, _col51, _col52, _col53, _col54, _col55, _col56, _col57, _col58, _col59, _col60, _col61, _col62, _col63, _col64, _col65, _col66, _col67, _col68, _col69, _col70, _col71, _col72, _col73, _col74, _col75, _col76, _col77, _col78, _col79, _col80, _col81, _col82, _col83, _col84, _col85, _col86, _col87, _col98, _col112, _col124, _col136, _col148, _col162
+                                    input vertices:
+                                      1 Map 13
+                                    Statistics: Num rows: 1 Data size: 31566 Basic stats: COMPLETE Column stats: NONE
+                                    Map Join Operator
+                                      condition map:
+                                           Inner Join 0 to 1
+                                      keys:
+                                        0 _col41 (type: string)
+                                        1 _col3 (type: string)
+                                      outputColumnNames: _col0, _col1, _col2, _col5, _col7, _col8, _col9, _col10, _col11, _col12, _col13, _col14, _col15, _col16, _col17, _col18, _col19, _col20, _col22, _col23, _col24, _col25, _col26, _col27, _col28, _col29, _col30, _col31, _col32, _col33, _col34, _col35, _col36, _col37, _col38, _col39, _col42, _col43, _col44, _col45, _col46, _col47, _col48, _col50, _col51, _col52, _col53, _col54, _col55, _col56, _col57, _col58, _col59, _col60, _col61, _col62, _col63, _col64, _col65, _col66, _col67, _col68, _col69, _col70, _col71, _col72, _col73, _col74, _col75, _col76, _col77, _col78, _col79, _col80, _col81, _col82, _col83, _col84, _col85, _col86, _col87, _col98, _col112, _col124, _col136, _col148, _col162, _col176
+                                      input vertices:
+                                        1 Map 15
+                                      Statistics: Num rows: 1 Data size: 34722 Basic stats: COMPLETE Column stats: NONE
+                                      Map Join Operator
+                                        condition map:
+                                             Inner Join 0 to 1
+                                        keys:
+                                          0 _col42 (type: string)
+                                          1 _col3 (type: string)
+                                        outputColumnNames: _col0, _col1, _col2, _col5, _col7, _col8, _col9, _col10, _col11, _col12, _col13, _col14, _col15, _col16, _col17, _col18, _col19, _col20, _col22, _col23, _col24, _col25, _col26, _col27, _col28, _col29, _col30, _col31, _col32, _col33, _col34, _col35, _col36, _col37, _col38, _col39, _col43, _col44, _col45, _col46, _col47, _col48, _col50, _col51, _col52, _col53, _col54, _col55, _col56, _col57, _col58, _col59, _col60, _col61, _col62, _col63, _col64, _col65, _col66, _col67, _col68, _col69, _col70, _col71, _col72, _col73, _col74, _col75, _col76, _col77, _col78, _col79, _col80, _col81, _col82, _col83, _col84, _col85, _col86, _col87, _col98, _col112, _col124, _col136, _col148, _col162, _col176, _col190
+                                        input vertices:
+                                          1 Map 17
+                                        Statistics: Num rows: 1 Data size: 38194 Basic stats: COMPLETE Column stats: NONE
+                                        Map Join Operator
+                                          condition map:
+                                               Inner Join 0 to 1
+                                          keys:
+                                            0 UDFToDouble(_col27) (type: double)
+                                            1 UDFToDouble(_col3) (type: double)
+                                          outputColumnNames: _col0, _col1, _col2, _col5, _col7, _col8, _col9, _col10, _col11, _col12, _col13, _col14, _col15, _col16, _col17, _col18, _col19, _col20, _col22, _col23, _col24, _col25, _col26, _col28, _col29, _col30, _col31, _col32, _col33, _col34, _col35, _col36, _col37, _col38, _col39, _col43, _col44, _col45, _col46, _col47, _col48, _col50, _col51, _col52, _col53, _col54, _col55, _col56, _col57, _col58, _col59, _col60, _col61, _col62, _col63, _col64, _col65, _col66, _col67, _col68, _col69, _col70, _col71, _col72, _col73, _col74, _col75, _col76, _col77, _col78, _col79, _col80, _col81, _col82, _col83, _col84, _col85, _col86, _col87, _col98, _col112, _col124, _col136, _col148, _col162, _col176, _col190, _col206
+                                          input vertices:
+                                            1 Map 19
+                                          Statistics: Num rows: 1 Data size: 42013 Basic stats: COMPLETE Column stats: NONE
+                                          Map Join Operator
+                                            condition map:
+                                                 Inner Join 0 to 1
+                                            keys:
+                                              0 _col34 (type: string)
+                                              1 _col3 (type: string)
+                                            outputColumnNames: _col0, _col1, _col2, _col5, _col7, _col8, _col9, _col10, _col11, _col12, _col13, _col14, _col15, _col16, _col17, _col18, _col19, _col20, _col22, _col23, _col24, _col25, _col26, _col28, _col29, _col30, _col31, _col32, _col33, _col35, _col36, _col37, _col38, _col39, _col43, _col44, _col45, _col46, _col47, _col48, _col50, _col51, _col52, _col53, _col54, _col55, _col56, _col57, _col58, _col59, _col60, _col61, _col62, _col63, _col64, _col65, _col66, _col67, _col68, _col69, _col70, _col71, _col72, _col73, _col74, _col75, _col76, _col77, _col78, _col79, _col80, _col81, _col82, _col83, _col84, _col85, _col86, _col87, _col98, _col112, _col124, _col136, _col148, _col162, _col176, _col190, _col206, _col220
+                                            input vertices:
+                                              1 Map 21
+                                            Statistics: Num rows: 1 Data size: 46214 Basic stats: COMPLETE Column stats: NONE
+                                            Map Join Operator
+                                              condition map:
+                                                   Inner Join 0 to 1
+                                              keys:
+                                                0 _col36 (type: string)
+                                                1 _col3 (type: string)
+                                              outputColumnNames: _col0, _col1, _col2, _col5, _col7, _col8, _col9, _col10, _col11, _col12, _col13, _col14, _col15, _col16, _col17, _col18, _col19, _col20, _col22, _col23, _col24, _col25, _col26, _col28, _col29, _col30, _col31, _col32, _col33, _col35, _col37, _col38, _col39, _col43, _col44, _col45, _col46, _col47, _col48, _col50, _col51, _col52, _col53, _col54, _col55, _col56, _col57, _col58, _col59, _col60, _col61, _col62, _col63, _col64, _col65, _col66, _col67, _col68, _col69, _col70, _col71, _col72, _col73, _col74, _col75, _col76, _col77, _col78, _col79, _col80, _col81, _col82, _col83, _col84, _col85, _col86, _col87, _col98, _col112, _col124, _col136, _col148, _col162, _col176, _col190, _col206, _col220, _col234
+                                              input vertices:
+                                                1 Map 23
+                                              Statistics: Num rows: 1 Data size: 50835 Basic stats: COMPLETE Column stats: NONE
+                                              Map Join Operator
+                                                condition map:
+                                                     Inner Join 0 to 1
+                                                keys:
+                                                  0 UDFToDouble(_col23) (type: double)
+                                                  1 UDFToDouble(_col3) (type: double)
+                                                outputColumnNames: _col0, _col1, _col2, _col5, _col7, _col8, _col9, _col10, _col11, _col12, _col13, _col14, _col15, _col16, _col17, _col18, _col19, _col20, _col22, _col24, _col25, _col26, _col28, _col29, _col30, _col31, _col32, _col33, _col35, _col37, _col38, _col39, _col43, _col44, _col45, _col46, _col47, _col48, _col50, _col51, _col52, _col53, _col54, _col55, _col56, _col57, _col58, _col59, _col60, _col61, _col62, _col63, _col64, _col65, _col66, _col67, _col68, _col69, _col70, _col71, _col72, _col73, _col74, _col75, _col76, _col77, _col78, _col79, _col80, _col81, _col82, _col83, _col84, _col85, _col86, _col87, _col98, _col112, _col124, _col136, _col148, _col162, _col176, _col190, _col206, _col220, _col234, _col250
+                                                input vertices:
+                                                  1 Map 25
+                                                Statistics: Num rows: 1 Data size: 55918 Basic stats: COMPLETE Column stats: NONE
+                                                Map Join Operator
+                                                  condition map:
+                                                       Inner Join 0 to 1
+                                                  keys:
+                                                    0 _col18 (type: string)
+                                                    1 _col4 (type: string)
+                                                  outputColumnNames: _col0, _col1, _col2, _col5, _col7, _col8, _col9, _col10, _col11, _col12, _col13, _col14, _col15, _col16, _col17, _col18, _col19, _col20, _col22, _col24, _col25, _col26, _col28, _col29, _col30, _col31, _col32, _col33, _col35, _col37, _col38, _col39, _col43, _col44, _col45, _col46, _col47, _col48, _col50, _col51, _col52, _col53, _col54, _col55, _col56, _col57, _col58, _col59, _col60, _col61, _col62, _col63, _col64, _col65, _col66, _col67, _col68, _col69, _col70, _col71, _col72, _col73, _col74, _col75, _col76, _col77, _col78, _col79, _col80, _col81, _col82, _col83, _col84, _col85, _col86, _col87, _col98, _col112, _col124, _col136, _col148, _col162, _col176, _col190, _col206, _col220, _col234, _col250, _col265
+                                                  input vertices:
+                                                    1 Map 27
+                                                  Statistics: Num rows: 1 Data size: 61509 Basic stats: COMPLETE Column stats: NONE
+                                                  Map Join Operator
+                                                    condition map:
+                                                         Inner Join 0 to 1
+                                                    keys:
+                                                      0 _col43 (type: string)
+                                                      1 _col3 (type: string)
+                                                    outputColumnNames: _col0, _col1, _col2, _col5, _col7, _col8, _col9, _col10, _col11, _col12, _col13, _col14, _col15, _col16, _col17, _col18, _col19, _col20, _col22, _col24, _col25, _col26, _col28, _col29, _col30, _col31, _col32, _col33, _col35, _col37, _col38, _col39, _col44, _col45, _col46, _col47, _col48, _col50, _col51, _col52, _col53, _col54, _col55, _col56, _col57, _col58, _col59, _col60, _col61, _col62, _col63, _col64, _col65, _col66, _col67, _col68, _col69, _col70, _col71, _col72, _col73, _col74, _col75, _col76, _col77, _col78, _col79, _col80, _col81, _col82, _col83, _col84, _col85, _col86, _col87, _col98, _col112, _col124, _col136, _col148, _col162, _col176, _col190, _col206, _col220, _col234, _col250, _col265, _col278
+                                                    input vertices:
+                                                      1 Map 29
+                                                    Statistics: Num rows: 1 Data size: 67659 Basic stats: COMPLETE Column stats: NONE
+                                                    Map Join Operator
+                                                      condition map:
+                                                           Inner Join 0 to 1
+                                                      keys:
+                                                        0 _col29 (type: string)
+                                                        1 _col3 (type: string)
+                                                      outputColumnNames: _col0, _col1, _col2, _col5, _col7, _col8, _col9, _col10, _col11, _col12, _col13, _col14, _col15, _col16, _col17, _col18, _col19, _col20, _col22, _col24, _col25, _col26, _col28, _col30, _col31, _col32, _col33, _col35, _col37, _col38, _col39, _col44, _col45, _col46, _col47, _col48, _col50, _col51, _col52, _col53, _col54, _col55, _col56, _col57, _col58, _col59, _col60, _col61, _col62, _col63, _col64, _col65, _col66, _col67, _col68, _col69, _col70, _col71, _col72, _col73, _col74, _col75, _col76, _col77, _col78, _col79, _col80, _col81, _col82, _col83, _col84, _col85, _col86, _col87, _col98, _col112, _col124, _col136, _col148, _col162, _col176, _col190, _col206, _col220, _col234, _col250, _col265, _col278, _col294
+                                                      input vertices:
+                                                        1 Map 31
+                                                      Statistics: Num rows: 1 Data size: 74424 Basic stats: COMPLETE Column stats: NONE
+                                                      Map Join Operator
+                                                        condition map:
+                                                             Inner Join 0 to 1
+                                                        keys:
+                                                          0 _col30 (type: string)
+                                                          1 _col3 (type: string)
+                                                        outputColumnNames: _col0, _col1, _col2, _col5, _col7, _col8, _col9, _col10, _col11, _col12, _col13, _col14, _col15, _col16, _col17, _col18, _col19, _col20, _col22, _col24, _col25, _col26, _col28, _col31, _col32, _col33, _col35, _col37, _col38, _col39, _col44, _col45, _col46, _col47, _col48, _col50, _col51, _col52, _col53, _col54, _col55, _col56, _col57, _col58, _col59, _col60, _col61, _col62, _col63, _col64, _col65, _col66, _col67, _col68, _col69, _col70, _col71, _col72, _col73, _col74, _col75, _col76, _col77, _col78, _col79, _col80, _col81, _col82, _col83, _col84, _col85, _col86, _col87, _col98, _col112, _col124, _col136, _col148, _col162, _col176, _col190, _col206, _col220, _col234, _col250, _col265, _col278, _col294, _col310
+                                                        input vertices:
+                                                          1 Map 33
+                                                        Statistics: Num rows: 1 Data size: 81866 Basic stats: COMPLETE Column stats: NONE
+                                                        Map Join Operator
+                                                          condition map:
+                                                               Inner Join 0 to 1
+                                                          keys:
+                                                            0 _col55 (type: string)
+                                                            1 _col3 (type: string)
+                                                          outputColumnNames: _col0, _col1, _col2, _col5, _col7, _col8, _col9, _col10, _col11, _col12, _col13, _col14, _col15, _col16, _col17, _col18, _col19, _col20, _col22, _col24, _col25, _col26, _col28, _col31, _col32, _col33, _col35, _col37, _col38, _col39, _col44, _col45, _col46, _col47, _col48, _col50, _col51, _col52, _col53, _col54, _col56, _col57, _col58, _col59, _col60, _col61, _col62, _col63, _col64, _col65, _col66, _col67, _col68, _col69, _col70, _col71, _col72, _col73, _col74, _col75, _col76, _col77, _col78, _col79, _col80, _col81, _col82, _col83, _col84, _col85, _col86, _col87, _col98, _col112, _col124, _col136, _col148, _col162, _col176, _col190, _col206, _col220, _col234, _col250, _col265, _col278, _col294, _col310, _col324
+                                                          input vertices:
+                                                            1 Reducer 36
+                                                          Statistics: Num rows: 1 Data size: 90052 Basic stats: COMPLETE Column stats: NONE
+                                                          Map Join Operator
+                                                            condition map:
+                                                                 Inner Join 0 to 1
+                                                            keys:
+                                                              0 _col56 (type: string)
+                                                              1 _col3 (type: string)
+                                                            outputColumnNames: _col0, _col1, _col2, _col5, _col7, _col8, _col9, _col10, _col11, _col12, _col13, _col14, _col15, _col16, _col17, _col18, _col19, _col20, _col22, _col24, _col25, _col26, _col28, _col31, _col32, _col33, _col35, _col37, _col38, _col39, _col44, _col45, _col46, _col47, _col48, _col50, _col51, _col52, _col53, _col54, _col57, _col58, _col59, _col60, _col61, _col62, _col63, _col64, _col65, _col66, _col67, _col68, _col69, _col70, _col71, _col72, _col73, _col74, _col75, _col76, _col77, _col78, _col79, _col80, _col81, _col82, _col83, _col84, _col85, _col86, _col87, _col98, _col112, _col124, _col136, _col148, _col162, _col176, _col190, _col206, _col220, _col234, _col250, _col265, _col278, _col294, _col310, _col324, _col338
+                                                            input vertices:
+                                                              1 Reducer 37
+                                                            Statistics: Num rows: 1 Data size: 99057 Basic stats: COMPLETE Column stats: NONE
+                                                            Map Join Operator
+                                                              condition map:
+                                                                   Inner Join 0 to 1
+                                                              keys:
+                                                                0 UDFToDouble(_col28) (type: double)
+                                                                1 UDFToDouble(_col3) (type: double)
+                                                              outputColumnNames: _col0, _col1, _col2, _col5, _col7, _col8, _col9, _col10, _col11, _col12, _col13, _col14, _col15, _col16, _col17, _col18, _col19, _col20, _col22, _col24, _col25, _col26, _col31, _col32, _col33, _col35, _col37, _col38, _col39, _col44, _col45, _col46, _col47, _col48, _col50, _col51, _col52, _col53, _col54, _col57, _col58, _col59, _col60, _col61, _col62, _col63, _col64, _col65, _col66, _col67, _col68, _col69, _col70, _col71, _col72, _col73, _col74, _col75, _col76, _col77, _col78, _col79, _col80, _col81, _col82, _col83, _col84, _col85, _col86, _col87, _col98, _col112, _col124, _col136, _col148, _col162, _col176, _col190, _col206, _col220, _col234, _col250, _col265, _col278, _col294, _col310, _col324, _col338, _col354
+                                                              input vertices:
+                                                                1 Map 39
+                                                              Statistics: Num rows: 1 Data size: 108962 Basic stats: COMPLETE Column stats: NONE
+                                                              Map Join Operator
+                                                                condition map:
+                                                                     Inner Join 0 to 1
+                                                                keys:
+                                                                  0 _col35 (type: string)
+                                                                  1 _col3 (type: string)
+                                                                outputColumnNames: _col0, _col1, _col2, _col5, _col7, _col8, _col9, _col10, _col11, _col12, _col13, _col14, _col15, _col16, _col17, _col18, _col19, _col20, _col22, _col24, _col25, _col26, _col31, _col32, _col33, _col37, _col38, _col39, _col44, _col45, _col46, _col47, _col48, _col50, _col51, _col52, _col53, _col54, _col57, _col58, _col59, _col60, _col61, _col62, _col63, _col64, _col65, _col66, _col67, _col68, _col69, _col70, _col71, _col72, _col73, _col74, _col75, _col76, _col77, _col78, _col79, _col80, _col81, _col82, _col83, _col84, _col85, _col86, _col87, _col98, _col112, _col124, _col136, _col148, _col162, _col176, _col190, _col206, _col220, _col234, _col250, _col265, _col278, _col294, _col310, _col324, _col338, _col354, _col368
+                                                                input vertices:
+                                                                  1 Map 41
+                                                                Statistics: Num rows: 1 Data size: 119858 Basic stats: COMPLETE Column stats: NONE
+                                                                Map Join Operator
+                                                                  condition map:
+                                                                       Inner Join 0 to 1
+                                                                  keys:
+                                                                    0 UDFToDouble(_col24) (type: double)
+                                                                    1 UDFToDouble(_col3) (type: double)
+                                                                  outputColumnNames: _col0, _col1, _col2, _col5, _col7, _col8, _col9, _col10, _col11, _col12, _col13, _col14, _col15, _col16, _col17, _col18, _col19, _col20, _col22, _col25, _col26, _col31, _col32, _col33, _col37, _col38, _col39, _col44, _col45, _col46, _col47, _col48, _col50, _col51, _col52, _col53, _col54, _col57, _col58, _col59, _col60, _col61, _col62, _col63, _col64, _col65, _col66, _col67, _col68, _col69, _col70, _col71, _col72, _col73, _col74, _col75, _col76, _col77, _col78, _col79, _col80, _col81, _col82, _col83, _col84, _col85, _col86, _col87, _col98, _col112, _col124, _col136, _col148, _col162, _col176, _col190, _col206, _col220, _col234, _col250, _col265, _col278, _col294, _col310, _col324, _col338, _col354, _col368, _col384
+                                                                  input vertices:
+                                                                    1 Map 43
+                                                                  Statistics: Num rows: 1 Data size: 131843 Basic stats: COMPLETE Column stats: NONE
+                                                                  Map Join Operator
+                                                                    condition map:
+                                                                         Inner Join 0 to 1
+                                                                    keys:
+                                                                      0 _col38 (type: string)
+                                                                      1 _col3 (type: string)
+                                                                    outputColumnNames: _col0, _col1, _col2, _col5, _col7, _col8, _col9, _col10, _col11, _col12, _col13, _col14, _col15, _col16, _col17, _col18, _col19, _col20, _col22, _col25, _col26, _col31, _col32, _col33, _col37, _col39, _col44, _col45, _col46, _col47, _col48, _col50, _col51, _col52, _col53, _col54, _col57, _col58, _col59, _col60, _col61, _col62, _col63, _col64, _col65, _col66, _col67, _col68, _col69, _col70, _col71, _col72, _col73, _col74, _col75, _col76, _col77, _col78, _col79, _col80, _col81, _col82, _col83, _col84, _col85, _col86, _col87, _col98, _col112, _col124, _col136, _col148, _col162, _col176, _col190, _col206, _col220, _col234, _col250, _col265, _col278, _col294, _col310, _col324, _col338, _col354, _col368, _col384, _col398
+                                                                    input vertices:
+                                                                      1 Map 45
+                                                                    Statistics: Num rows: 1 Data size: 145027 Basic stats: COMPLETE Column stats: NONE
+                                                                    Map Join Operator
+                                                                      condition map:
+                                                                           Inner Join 0 to 1
+                                                                      keys:
+                                                                        0 _col37 (type: string)
+                                                                        1 _col3 (type: string)
+                                                                      outputColumnNames: _col0, _col1, _col2, _col5, _col7, _col8, _col9, _col10, _col11, _col12, _col13, _col14, _col15, _col16, _col17, _col18, _col19, _col20, _col22, _col25, _col26, _col31, _col32, _col33, _col39, _col44, _col45, _col46, _col47, _col48, _col50, _col51, _col52, _col53, _col54, _col57, _col58, _col59, _col60, _col61, _col62, _col63, _col64, _col65, _col66, _col67, _col68, _col69, _col70, _col71, _col72, _col73, _col74, _col75, _col76, _col77, _col78, _col79, _col80, _col81, _col82, _col83, _col84, _col85, _col86, _col87, _col98, _col112, _col124, _col136, _col148, _col162, _col176, _col190, _col206, _col220, _col234, _col250, _col265, _col278, _col294, _col310, _col324, _col338, _col354, _col368, _col384, _col398, _col412
+                                                                      input vertices:
+                                                                        1 Map 47
+                                                                      Statistics: Num rows: 1 Data size: 159529 Basic stats: COMPLETE Column stats: NONE
+                                                                      Map Join Operator
+                                                                        condition map:
+                                                                             Inner Join 0 to 1
+                                                                        keys:
+                                                                          0 UDFToDouble(_col26) (type: double)
+                                                                          1 UDFToDouble(_col3) (type: double)
+                                                                        outputColumnNames: _col0, _col1, _col2, _col5, _col7, _col8, _col9, _col10, _col11, _col12, _col13, _col14, _col15, _col16, _col17, _col18, _col19, _col20, _col22, _col25, _col31, _col32, _col33, _col39, _col44, _col45, _col46, _col47, _col48, _col50, _col51, _col52, _col53, _col54, _col57, _col58, _col59, _col60, _col61, _col62, _col63, _col64, _col65, _col66, _col67, _col68, _col69, _col70, _col71, _col72, _col73, _col74, _col75, _col76, _col77, _col78, _col79, _col80, _col81, _col82, _col83, _col84, _col85, _col86, _col87, _col98, _col112, _col124, _col136, _col148, _col162, _col176, _col190, _col206, _col220, _col234, _col250, _col265, _col278, _col294, _col310, _col324, _col338, _col354, _col368, _col384, _col398, _col412, _col428
+                                                                        input vertices:
+                                                                          1 Map 49
+                                                                        Statistics: Num rows: 1 Data size: 175481 Basic stats: COMPLETE Column stats: NONE
+                                                                        Map Join Operator
+                                                                          condition map:
+                                                                               Inner Join 0 to 1
+                                                                          keys:
+                                                                            0 _col39 (type: string)
+                                                                            1 _col3 (type: string)
+                                                                          outputColumnNames: _col0, _col1, _col2, _col5, _col7, _col8, _col9, _col10, _col11, _col12, _col13, _col14, _col15, _col16, _col17, _col18, _col19, _col20, _col22, _col25, _col31, _col32, _col33, _col44, _col45, _col46, _col47, _col48, _col50, _col51, _col52, _col53, _col54, _col57, _col58, _col59, _col60, _col61, _col62, _col63, _col64, _col65, _col66, _col67, _col68, _col69, _col70, _col71, _col72, _col73, _col74, _col75, _col76, _col77, _col78, _col79, _col80, _col81, _col82, _col83, _col84, _col85, _col86, _col87, _col98, _col112, _col124, _col136, _col148, _col162, _col176, _col190, _col206, _col220, _col234, _col250, _col265, _col278, _col294, _col310, _col324, _col338, _col354, _col368, _col384, _col398, _col412, _col428, _col442
+                                                                          input vertices:
+                                                                            1 Map 51
+                                                                          Statistics: Num rows: 1 Data size: 193029 Basic stats: COMPLETE Column stats: NONE
+                                                                          Map Join Operator
+                                                                            condition map:
+                                                                                 Inner Join 0 to 1
+                                                                            keys:
+                                                                              0 UDFToDouble(_col25) (type: double)
+                                                                              1 UDFToDouble(_col3) (type: double)
+                                                                            outputColumnNames: _col0, _col1, _col2, _col5, _col7, _col8, _col9, _col10, _col11, _col12, _col13, _col14, _col15, _col16, _col17, _col18, _col19, _col20, _col22, _col31, _col32, _col33, _col44, _col45, _col46, _col47, _col48, _col50, _col51, _col52, _col53, _col54, _col57, _col58, _col59, _col60, _col61, _col62, _col63, _col64, _col65, _col66, _col67, _col68, _col69, _col70, _col71, _col72, _col73, _col74, _col75, _col76, _col77, _col78, _col79, _col80, _col81, _col82, _col83, _col84, _col85, _col86, _col87, _col98, _col112, _col124, _col136, _col148, _col162, _col176, _col190, _col206, _col220, _col234, _col250, _col265, _col278, _col294, _col310, _col324, _col338, _col354, _col368, _col384, _col398, _col412, _col428, _col442, _col458
+                                                                            input vertices:
+                                                                              1 Map 53
+                                                                            Statistics: Num rows: 1 Data size: 212331 Basic stats: COMPLETE Column stats: NONE
+                                                                            Map Join Operator
+                                                                              condition map:
+                                                                                   Inner Join 0 to 1
+                                                                              keys:
+                                                                                0 _col50 (type: string)
+                                                                                1 _col3 (type: string)
+                                                                              outputColumnNames: _col0, _col1, _col2, _col5, _col7, _col8, _col9, _col10, _col11, _col12, _col13, _col14, _col15, _col16, _col17, _col18, _col19, _col20, _col22, _col31, _col32, _col33, _col44, _col45, _col46, _col47, _col48, _col51, _col52, _col53, _col54, _col57, _col58, _col59, _col60, _col61, _col62, _col63, _col64, _col65, _col66, _col67, _col68, _col69, _col70, _col71, _col72, _col73, _col74, _col75, _col76, _col77, _col78, _col79, _col80, _col81, _col82, _col83, _col84, _col85, _col86, _col87, _col98, _col112, _col124, _col136, _col148, _col162, _col176, _col190, _col206, _col220, _col234, _col250, _col265, _col278, _col294, _col310, _col324, _col338, _col354, _col368, _col384, _col398, _col412, _col428, _col442, _col458, _col471
+                                                                              input vertices:
+                                                                                1 Map 55
+                                                                              Statistics: Num rows: 1 Data size: 233564 Basic stats: COMPLETE Column stats: NONE
+                                                                              Map Join Operator
+                                                                                condition map:
+                                                                                     Inner Join 0 to 1
+                                                                                keys:
+                                                                                  0 _col51 (type: string)
+                                                                                  1 _col3 (type: string)
+                                                                                outputColumnNames: _col0, _col1, _col2, _col5, _col7, _col8, _col9, _col10, _col11, _col12, _col13, _col14, _col15, _col16, _col17, _col18, _col19, _col20, _col22, _col31, _col32, _col33, _col44, _col45, _col46, _col47, _col48, _col52, _col53, _col54, _col57, _col58, _col59, _col60, _col61, _col62, _col63, _col64, _col65, _col66, _col67, _col68, _col69, _col70, _col71, _col72, _col73, _col74, _col75, _col76, _col77, _col78, _col79, _col80, _col81, _col82, _col83, _col84, _col85, _col86, _col87, _col98, _col112, _col124, _col136, _col148, _col162, _col176, _col190, _col206, _col220, _col234, _col250, _col265, _col278, _col294, _col310, _col324, _col338, _col354, _col368, _col384, _col398, _col412, _col428, _col442, _col458, _col471, _col483
+                                                                                input vertices:
+                                                                                  1 Reducer 58
+                                                                                Statistics: Num rows: 1 Data size: 256920 Basic stats: COMPLETE Column stats: NONE
+                                                                                Map Join Operator
+                                                                                  condition map:
+                                                                                       Inner Join 0 to 1
+                                                                                  keys:
+                                                                                    0 _col52 (type: string)
+                                                                                    1 _col3 (type: string)
+                                                                                  outputColumnNames: _col0, _col1, _col2, _col5, _col7, _col8, _col9, _col10, _col11, _col12, _col13, _col14, _col15, _col16, _col17, _col18, _col19, _col20, _col22, _col31, _col32, _col33, _col44, _col45, _col46, _col47, _col48, _col53, _col54, _col57, _col58, _col59, _col60, _col61, _col62, _col63, _col64, _col65, _col66, _col67, _col68, _col69, _col70, _col71, _col72, _col73, _col74, _col75, _col76, _col77, _col78, _col79, _col80, _col81, _col82, _col83, _col84, _col85, _col86, _col87, _col98, _col112, _col124, _col136, _col148, _col162, _col176, _col190, _col206, _col220, _col234, _col250, _col265, _col278, _col294, _col310, _col324, _col338, _col354, _col368, _col384, _col398, _col412, _col428, _col442, _col458, _col471, _col483, _col495
+                                                                                  input vertices:
+                                                                                    1 Reducer 59
+                                                                                  Statistics: Num rows: 1 Data size: 282612 Basic stats: COMPLETE Column stats: NONE
+                                                                                  Map Join Operator
+                                                                                    condition map:
+                                                                                         Inner Join 0 to 1
+                                                                                    keys:
+                                                                                      0 _col8 (type: string)
+                                                                                      1 _col3 (type: string)
+                                                                                    outputColumnNames: _col0, _col1, _col2, _col5, _col7, _col9, _col10, _col11, _col12, _col13, _col14, _col15, _col16, _col17, _col18, _col19, _col20, _col22, _col31, _col32, _col33, _col44, _col45, _col46, _col47, _col48, _col53, _col54, _col57, _col58, _col59, _col60, _col61, _col62, _col63, _col64, _col65, _col66, _col67, _col68, _col69, _col70, _col71, _col72, _col73, _col74, _col75, _col76, _col77, _col78, _col79, _col80, _col81, _col82, _col83, _col84, _col85, _col86, _col87, _col98, _col112, _col124, _col136, _col148, _col162, _col176, _col190, _col206, _col220, _col234, _col250, _col265, _col278, _col294, _col310, _col324, _col338, _col354, _col368, _col384, _col398, _col412, _col428, _col442, _col458, _col471, _col483, _col495, _col509
+                                                                                    input vertices:
+                                                                                      1 Map 62
+                                                                                    Statistics: Num rows: 1 Data size: 310873 Basic stats: COMPLETE Column stats: NONE
+                                                                                    Map Join Operator
+                                                                                      condition map:
+                                                                                           Inner Join 0 to 1
+                                                                                      keys:
+                                                                                        0 _col53 (type: string)
+                                                                                        1 _col3 (type: string)
+                                                                                      outputColumnNames: _col0, _col1, _col2, _col5, _col7, _col9, _col10, _col11, _col12, _col13, _col14, _col15, _col16, _col17, _col18, _col19, _col20, _col22, _col31, _col32, _col33, _col44, _col45, _col46, _col47, _col48, _col54, _col57, _col58, _col59, _col60, _col61, _col62, _col63, _col64, _col65, _col66, _col67, _col68, _col69, _col70, _col71, _col72, _col73, _col74, _col75, _col76, _col77, _col78, _col79, _col80, _col81, _col82, _col83, _col84, _col85, _col86, _col87, _col98, _col112, _col124, _col136, _col148, _col162, _col176, _col190, _col206, _col220, _col234, _col250, _col265, _col278, _col294, _col310, _col324, _col338, _col354, _col368, _col384, _col398, _col412, _col428, _col442, _col458, _col471, _col483, _col495, _col509, _col523
+                                                                                      input vertices:
+                                                                                        1 Map 64
+                                                                                      Statistics: Num rows: 1 Data size: 341960 Basic stats: COMPLETE Column stats: NONE
+                                                                                      Map Join Operator
+                                                                                        condition map:
+                                                                                             Inner Join 0 to 1
+                                                                                        keys:
+                                                                                          0 _col10 (type: string)
+                                                                                          1 _col3 (type: string)
+                                                                                        outputColumnNames: _col0, _col1, _col2, _col5, _col7, _col9, _col11, _col12, _col13, _col14, _col15, _col16, _col17, _col18, _col19, _col20, _col22, _col31, _col32, _col33, _col44, _col45, _col46, _col47, _col48, _col54, _col57, _col58, _col59, _col60, _col61, _col62, _col63, _col64, _col65, _col66, _col67, _col68, _col69, _col70, _col71, _col72, _col73, _col74, _col75, _col76, _col77, _col78, _col79, _col80, _col81, _col82, _col83, _col84, _col85, _col86, _col87, _col98, _col112, _col124, _col136, _col148, _col162, _col176, _col190, _col206, _col220, _col234, _col250, _col265, _col278, _col294, _col310, _col324, _col338, _col354, _col368, _col384, _col398, _col412, _col428, _col442, _col458, _col471, _col483, _col495, _col509, _col523, _col537
+                                                                                        input vertices:
+                                                                                          1 Map 35
+                                                                                        Statistics: Num rows: 1 Data size: 376156 Basic stats: COMPLETE Column stats: NONE
+                                                                                        Map Join Operator
+                                                                                          condition map:
+                                                                                               Inner Join 0 to 1
+                                                                                          keys:
+                                                                                            0 _col11 (type: string)
+                                                                                            1 _col3 (type: string)
+                                                                                          outputColumnNames: _col0, _col1, _col2, _col5, _col7, _col9, _col12, _col13, _col14, _col15, _col16, _col17, _col18, _col19, _col20, _col22, _col31, _col32, _col33, _col44, _col45, _col46, _col47, _col48, _col54, _col57, _col58, _col59, _col60, _col61, _col62, _col63, _col64, _col65, _col66, _col67, _col68, _col69, _col70, _col71, _col72, _col73, _col74, _col75, _col76, _col77, _col78, _col79, _col80, _col81, _col82, _col83, _col84, _col85, _col86, _col87, _col98, _col112, _col124, _col136, _col148, _col162, _col176, _col190, _col206, _col220, _col234, _col250, _col265, _col278, _col294, _col310, _col324, _col338, _col354, _col368, _col384, _col398, _col412, _col428, _col442, _col458, _col471, _col483, _col495, _col509, _col523, _col537, _col551
+                                                                                          input vertices:
+                                                                                            1 Map 66
+                                                                                          Statistics: Num rows: 1 Data size: 413771 Basic stats: COMPLETE Column stats: NONE
+                                                                                          Map Join Operator
+                                                                                            condition map:
+                                                                                                 Inner Join 0 to 1
+                                                                                            keys:
+                                                                                              0 _col44 (type: string)
+                                                                                              1 _col3 (type: string)
+                                                                                            outputColumnNames: _col0, _col1, _col2, _col5, _col7, _col9, _col12, _col13, _col14, _col15, _col16, _col17, _col18, _col19, _col20, _col22, _col31, _col32, _col33, _col45, _col46, _col47, _col48, _col54, _col57, _col58, _col59, _col60, _col61, _col62, _col63, _col64, _col65, _col66, _col67, _col68, _col69, _col70, _col71, _col72, _col73, _col74, _col75, _col76, _col77, _col78, _col79, _col80, _col81, _col82, _col83, _col84, _col85, _col86, _col87, _col98, _col112, _col124, _col136, _col148, _col162, _col176, _col190, _col206, _col220, _col234, _col250, _col265, _col278, _col294, _col310, _col324, _col338, _col354, _col368, _col384, _col398, _col412, _col428, _col442, _col458, _col471, _col483, _col495, _col509, _col523, _col537, _col551, _col565
+                                                                                            input vertices:
+                                                                                              1 Map 68
+                                                                                            Statistics: Num rows: 1 Data size: 455148 Basic stats: COMPLETE Column stats: NONE
+                                                                                            Map Join Operator
+                                                                                              condition map:
+                                                                                                   Inner Join 0 to 1
+                                                                                              keys:
+                                                                                                0 _col54 (type: string)
+                                                                                                1 _col3 (type: string)
+                                                                                              outputColumnNames: _col0, _col1, _col2, _col5, _col7, _col9, _col12, _col13, _col14, _col15, _col16, _col17, _col18, _col19, _col20, _col22, _col31, _col32, _col33, _col45, _col46, _col47, _col48, _col57, _col58, _col59, _col60, _col61, _col62, _col63, _col64, _col65, _col66, _col67, _col68, _col69, _col70, _col71, _col72, _col73, _col74, _col75, _col76, _col77, _col78, _col79, _col80, _col81, _col82, _col83, _col84, _col85, _col86, _col87, _col98, _col112, _col124, _col136, _col148, _col162, _col176, _col190, _col206, _col220, _col234, _col250, _col265, _col278, _col294, _col310, _col324, _col338, _col354, _col368, _col384, _col398, _col412, _col428, _col442, _col458, _col471, _col483, _col495, _col509, _col523, _col537, _col551, _col565, _col578
+                                                                                              input vertices:
+                                                                                                1 Map 70
+                                                                                              Statistics: Num rows: 1 Data size: 500662 Basic stats: COMPLETE Column stats: NONE
+                                                                                              Map Join Operator
+                                                                                                condition map:
+                                                                                                     Inner Join 0 to 1
+                                                                                                keys:
+                                                                                                  0 UDFToDouble(_col31) (type: double)
+                                                                                                  1 UDFToDouble(_col3) (type: double)
+                                                                                                outputColumnNames: _col0, _col1, _col2, _col5, _col7, _col9, _col12, _col13, _col14, _col15, _col16, _col17, _col18, _col19, _col20, _col22, _col32, _col33, _col45, _col46, _col47, _col48, _col57, _col58, _col59, _col60, _col61, _col62, _col63, _col64, _col65, _col66, _col67, _col68, _col69, _col70, _col71, _col72, _col73, _col74, _col75, _col76, _col77, _col78, _col79, _col80, _col81, _col82, _col83, _col84, _col85, _col86, _col87, _col98, _col112, _col124, _col136, _col148, _col162, _col176, _col190, _col206, _col220, _col234, _col250, _col265, _col278, _col294, _col310, _col324, _col338, _col354, _col368, _col384, _col398, _col412, _col428, _col442, _col458, _col471, _col483, _col495, _col509, _col523, _col537, _col551, _col565, _col578, _col590
+                                                                                                input vertices:
+                                                                                                  1 Map 72
+                                                                                                Statistics: Num rows: 1 Data size: 550728 Basic stats: COMPLETE Column stats: NONE
+                                                                                                Map Join Operator
+                                                                                                  condition map:
+                                                                                                       Inner Join 0 to 1
+                                                                                                  keys:
+                                                                                                    0 _col32 (type: string)
+                                                                                                    1 _col3 (type: string)
+                                                                                                  outputColumnNames: _col0, _col1, _col2, _col5, _col7, _col9, _col12, _col13, _col14, _col15, _col16, _col17, _col18, _col19, _col20, _col22, _col33, _col45, _col46, _col47, _col48, _col57, _col58, _col59, _col60, _col61, _col62, _col63, _col64, _col65, _col66, _col67, _col68, _col69, _col70, _col71, _col72, _col73, _col74, _col75, _col76, _col77, _col78, _col79, _col80, _col81, _col82, _col83, _col84, _col85, _col86, _col87, _col98, _col112, _col124, _col136, _col148, _col162, _col176, _col190, _col206, _col220, _col234, _col250, _col265, _col278, _col294, _col310, _col324, _col338, _col354, _col368, _col384, _col398, _col412, _col428, _col442, _col458, _col471, _col483, _col495, _col509, _col523, _col537, _col551, _col565, _col578, _col590, _col602
+                                                                                                  input vertices:
+                                                                                                    1 Map 74
+                                                                                                  Statistics: Num rows: 1 Data size: 605800 Basic stats: COMPLETE Column stats: NONE
+                                                                                                  Map Join Operator
+                                                                                                    condition map:
+                                                                                                         Inner Join 0 to 1
+                                                                                                    keys:
+                                                                                                      0 _col33 (type: string)
+                                                                                                      1 _col3 (type: string)
+                                                                                                    outputColumnNames: _col0, _col1, _col2, _col5, _col7, _col9, _col12, _col13, _col14, _col15, _col16, _col17, _col18, _col19, _col20, _col22, _col45, _col46, _col47, _col48, _col57, _col58, _col59, _col60, _col61, _col62, _col63, _col64, _col65, _col66, _col67, _col68, _col69, _col70, _col71, _col72, _col73, _col74, _col75, _col76, _col77, _col78, _col79, _col80, _col81, _col82, _col83, _col84, _col85, _col86, _col87, _col98, _col112, _col124, _col136, _col148, _col162, _col176, _col190, _col206, _col220, _col234, _col250, _col265, _col278, _col294, _col310, _col324, _col338, _col354, _col368, _col384, _col398, _col412, _col428, _col442, _col458, _col471, _col483, _col495, _col509, _col523, _col537, _col551, _col565, _col578, _col590, _col602, _col614
+                                                                                                    input vertices:
+                                                                                                      1 Map 76
+                                                                                                    Statistics: Num rows: 1 Data size: 666380 Basic stats: COMPLETE Column stats: NONE
+                                                                                                    Map Join Operator
+                                                                                                      condition map:
+                                                                                                           Inner Join 0 to 1
+                                                                                                      keys:
+                                                                                                        0 _col12 (type: string)
+                                                                                                        1 _col3 (type: string)
+                                                                                                      outputColumnNames: _col0, _col1, _col2, _col5, _col7, _col9, _col13, _col14, _col15, _col16, _col17, _col18, _col19, _col20, _col22, _col45, _col46, _col47, _col48, _col57, _col58, _col59, _col60, _col61, _col62, _col63, _col64, _col65, _col66, _col67, _col68, _col69, _col70, _col71, _col72, _col73, _col74, _col75, _col76, _col77, _col78, _col79, _col80, _col81, _col82, _col83, _col84, _col85, _col86, _col87, _col98, _col112, _col124, _col136, _col148, _col162, _col176, _col190, _col206, _col220, _col234, _col250, _col265, _col278, _col294, _col310, _col324, _col338, _col354, _col368, _col384, _col398, _col412, _col428, _col442, _col458, _col471, _col483, _col495, _col509, _col523, _col537, _col551, _col565, _col578, _col590, _col602, _col614, _col626
+                                                                                                      input vertices:
+                                                                                                        1 Reducer 60
+                                                                                                      Statistics: Num rows: 1 Data size: 733018 Basic stats: COMPLETE Column stats: NONE
+                                                                                                      Map Join Operator
+                                                                                                        condition map:
+                                                                                                             Inner Join 0 to 1
+                                                                                                        keys:
+                                                                                                          0 _col22 (type: string)
+                                                                                                          1 _col3 (type: string)
+                                                                                                        outputColumnNames: _col0, _col1, _col2, _col5, _col7, _col9, _col13, _col14, _col15, _col16, _col17, _col18, _col19, _col20, _col45, _col46, _col47, _col48, _col57, _col58, _col59, _col60, _col61, _col62, _col63, _col64, _col65, _col66, _col67, _col68, _col69, _col70, _col71, _col72, _col73, _col74, _col75, _col76, _col77, _col78, _col79, _col80, _col81, _col82, _col83, _col84, _col85, _col86, _col87, _col98, _col112, _col124, _col136, _col148, _col162, _col176, _col190, _col206, _col220, _col234, _col250, _col265, _col278, _col294, _col310, _col324, _col338, _col354, _col368, _col384, _col398, _col412, _col428, _col442, _col458, _col471, _col483, _col495, _col509, _col523, _col537, _col551, _col565, _col578, _col590, _col602, _col614, _col626, _col638
+                                                                                                        input vertices:
+                                                                                                          1 Map 57
+                                                                                                        Statistics: Num rows: 1 Data size: 806319 Basic stats: COMPLETE Column stats: NONE
+                                                                                                        Map Join Operator
+                                                                                                          condition map:
+                                                                                                               Inner Join 0 to 1
+                                                                                                          keys:
+                                                                                                            0 _col13 (type: string)
+                                                                                                            1 _col3 (type: string)
+                                                                                                          outputColumnNames: _col0, _col1, _col2, _col5, _col7, _col9, _col14, _col15, _col16, _col17, _col18, _col19, _col20, _col45, _col46, _col47, _col48, _col57, _col58, _col59, _col60, _col61, _col62, _col63, _col64, _col65, _col66, _col67, _col68, _col69, _col70, _col71, _col72, _col73, _col74, _col75, _col76, _col77, _col78, _col79, _col80, _col81, _col82, _col83, _col84, _col85, _col86, _col87, _col98, _col112, _col124, _col136, _col148, _col162, _col176, _col190, _col206, _col220, _col234, _col250, _col265, _col278, _col294, _col310, _col324, _col338, _col354, _col368, _col384, _col398, _col412, _col428, _col442, _col458, _col471, _col483, _col495, _col509, _col523, _col537, _col551, _col565, _col578, _col590, _col602, _col614, _col626, _col638, _col650
+                                                                                                          input vertices:
+                                                                                                            1 Map 78
+                                                                                                          Statistics: Num rows: 1 Data size: 886950 Basic stats: COMPLETE Column stats: NONE
+                                                                                                          Map Join Operator
+                                                                                                            condition map:
+                                                                                                                 Inner Join 0 to 1
+                                                                                                            keys:
+                                                                                                              0 _col14 (type: string)
+                                                                                                              1 _col3 (type: string)
+                                                                                                            outputColumnNames: _col0, _col1, _col2, _col5, _col7, _col9, _col15, _col16, _col17, _col18, _col19, _col20, _col45, _col46, _col47, _col48, _col57, _col58, _col59, _col60, _col61, _col62, _col63, _col64, _col65, _col66, _col67, _col68, _col69, _col70, _col71, _col72, _col73, _col74, _col75, _col76, _col77, _col78, _col79, _col80, _col81, _col82, _col83, _col84, _col85, _col86, _col87, _col98, _col112, _col124, _col136, _col148, _col162, _col176, _col190, _col206, _col220, _col234, _col250, _col265, _col278, _col294, _col310, _col324, _col338, _col354, _col368, _col384, _col398, _col412, _col428, _col442, _col458, _col471, _col483, _col495, _col509, _col523, _col537, _col551, _col565, _col578, _col590, _col602, _col614, _col626, _col638, _col650, _col663
+                                                                                                            input vertices:
+                                                                                                              1 Map 80
+                                                                                                            Statistics: Num rows: 1 Data size: 975645 Basic stats: COMPLETE Column stats: NONE
+                                                                                                            Map Join Operator
+                                                                                                              condition map:
+                                                                                                                   Inner Join 0 to 1
+                                                                                                              keys:
+                                                                                                                0 _col15 (type: string)
+                                                                                                                1 _col3 (type: string)
+                                                                                                              outputColumnNames: _col0, _col1, _col2, _col5, _col7, _col9, _col16, _col17, _col18, _col19, _col20, _col45, _col46, _col47, _col48, _col57, _col58, _col59, _col60, _col61, _col62, _col63, _col64, _col65, _col66, _col67, _col68, _col69, _col70, _col71, _col72, _col73, _col74, _col75, _col76, _col77, _col78, _col79, _col80, _col81, _col82, _col83, _col84, _col85, _col86, _col87, _col98, _col112, _col124, _col136, _col148, _col162, _col176, _col190, _col206, _col220, _col234, _col250, _col265, _col278, _col294, _col310, _col324, _col338, _col354, _col368, _col384, _col398, _col412, _col428, _col442, _col458, _col471, _col483, _col495, _col509, _col523, _col537, _col551, _col565, _col578, _col590, _col602, _col614, _col626, _col638, _col650, _col663, _col676
+                                                                                                              input vertices:
+                                                                                                                1 Map 82
+                                                                                                              Statistics: Num rows: 1 Data size: 1073209 Basic stats: COMPLETE Column stats: NONE
+                                                                                                              Map Join Operator
+                                                                                                                condition map:
+                                                                                                                     Inner Join 0 to 1
+                                                                                                                keys:
+                                                                                                                  0 _col16 (type: string)
+                                                                                                                  1 _col3 (type: string)
+                                                                                                                outputColumnNames: _col0, _col1, _col2, _col5, _col7, _col9, _col17, _col18, _col19, _col20, _col45, _col46, _col47, _col48, _col57, _col58, _col59, _col60, _col61, _col62, _col63, _col64, _col65, _col66, _col67, _col68, _col69, _col70, _col71, _col72, _col73, _col74, _col75, _col76, _col77, _col78, _col79, _col80, _col81, _col82, _col83, _col84, _col85, _col86, _col87, _col98, _col112, _col124, _col136, _col148, _col162, _col176, _col190, _col206, _col220, _col234, _col250, _col265, _col278, _col294, _col310, _col324, _col338, _col354, _col368, _col384, _col398, _col412, _col428, _col442, _col458, _col471, _col483, _col495, _col509, _col523, _col537, _col551, _col565, _col578, _col590, _col602, _col614, _col626, _col638, _col650, _col663, _col676, _col689
+                                                                                                                input vertices:
+                                                                                                                  1 Map 84
+                                                                                                                Statistics: Num rows: 1 Data size: 1180529 Basic stats: COMPLETE Column stats: NONE
+                                                                                                                Map Join Operator
+                                                                                                                  condition map:
+                                                                                                                       Inner Join 0 to 1
+                                                                                                                  keys:
+                                                                                                                    0 _col17 (type: string)
+                                                                                                                    1 _col3 (type: string)
+                                                                                                                  outputColumnNames: _col0, _col1, _col2, _col5, _col7, _col9, _col18, _col19, _col20, _col45, _col46, _col47, _col48, _col57, _col58, _col59, _col60, _col61, _col62, _col63, _col64, _col65, _col66, _col67, _col68, _col69, _col70, _col71, _col72, _col73, _col74, _col75, _col76, _col77, _col78, _col79, _col80, _col81, _col82, _col83, _col84, _col85, _col86, _col87, _col98, _col112, _col124, _col136, _col148, _col162, _col176, _col190, _col206, _col220, _col234, _col250, _col265, _col278, _col294, _col310, _col324, _col338, _col354, _col368, _col384, _col398, _col412, _col428, _col442, _col458, _col471, _col483, _col495, _col509, _col523, _col537, _col551, _col565, _col578, _col590, _col602, _col614, _col626, _col638, _col650, _col663, _col676, _col689, _col703
+                                                                                                                  input vertices:
+                                                                                                                    1 Map 86
+                                                                                                                  Statistics: Num rows: 1 Data size: 1298581 Basic stats: COMPLETE Column stats: NONE
+                                                                                                                  Select Operator
+                                                                                                                    expressions: _col0 (type: int), _col1 (type: int), _col2 (type: int), _col98 (type: string), _col124 (type: string), _col5 (type: string), _col148 (type: string), _col7 (type: string), _col509 (type: string), _col9 (type: string), _col537 (type: string), _col551 (type: string), _col626 (type: string), _col650 (type: string), _col663 (type: string), _col676 (type: string), _col689 (type: string), _col703 (type: string), _col18 (type: string), _col265 (type: string), _col19 (type: string), _col20 (type: string), _col112 (type: string), _col638 (type: string), _col250 (type: string), _col384 (type: string), _col458 (type: string), _col428 (type: string), _col206 (type: string), _col354 (type: string), _col294 (type: string), _col310 (type: string), _col590 (type: string), _col602 (type: string), _col614 (type: string), _col220 (type: string), _col368 (type: string), _col234 (type: string), _col412 (type: string), _col398 (type: string), _col442 (type: string), _col162 (type: string), _col176 (type: string), _col190 (type: string), _col278 (type: string), _col565 (type: string), _col45 (type: string), _col46 (type: string), _col47 (type: string), _col48 (type: timestamp), _col136 (type: string), _col471 (type: string), _col483 (type: string), _col495 (type: string), _col523 (type: string), _col578 (type: string), _col324 (type: string), _col338 (type: string), _col57 (type: string), _col58 (type: int), _col59 (type: int), _col60 (type: int), _col61 (type: int), _col62 (type: int), _col63 (type: double), _col64 (type: double), _col65 (type: double), _col66 (type: int), _col67 (type: int), _col68 (type: int), _col69 (type: int), _col70 (type: double), _col71 (type: double), _col72 (type: int), _col73 (type: int), _col74 (type: double), _col75 (type: double), _col76 (type: double), _col77 (type: int), _col78 (type: int), _col79 (type: int), _col80 (type: int), _col81 (type: int), _col82 (type: int), _col83 (type: int), _col84 (type: int), _col85 (type: int), _col86 (type: int), _col87 (type: timestamp)
+                                                                                                                    outputColumnNames: _col0, _col1, _col2, _col3, _col4, _col5, _col6, _col7, _col8, _col9, _col10, _col11, _col12, _col13, _col14, _col15, _col16, _col17, _col18, _col19, _col20, _col21, _col22, _col23, _col24, _col25, _col26, _col27, _col28, _col29, _col30, _col31, _col32, _col33, _col34, _col35, _col36, _col37, _col38, _col39, _col40, _col41, _col42, _col43, _col44, _col45, _col46, _col47, _col48, _col49, _col50, _col51, _col52, _col53, _col54, _col55, _col56, _col57, _col58, _col59, _col60, _col61, _col62, _col63, _col64, _col65, _col66, _col67, _col68, _col69, _col70, _col71, _col72, _col73, _col74, _col75, _col76, _col77, _col78, _col79, _col80, _col81, _col82, _col83, _col84, _col85, _col86, _col87, _col88
+                                                                                                                    Statistics: Num rows: 1 Data size: 1298581 Basic stats: COMPLETE Column stats: NONE
+                                                                                                                    File Output Operator
+                                                                                                                      compressed: false
+                                                                                                                      Statistics: Num rows: 1 Data size: 1298581 Basic stats: COMPLETE Column stats: NONE
+                                                                                                                      table:
+                                                                                                                          input format: org.apache.hadoop.mapred.SequenceFileInputFormat
+                                                                                                                          output format: org.apache.hadoop.hive.ql.io.HiveSequenceFileOutputFormat
+                                                                                                                          serde: org.apache.hadoop.hive.serde2.lazy.LazySimpleSerDe
+            Execution mode: vectorized, llap
+            LLAP IO: unknown
+        Map 10 
+            Map Operator Tree:
+                TableScan
+                  alias: t2
+                  filterExpr: max_partition is not null (type: boolean)
+                  Statistics: Num rows: 1 Data size: 8 Basic stats: COMPLETE Column stats: NONE
+                  Filter Operator
+                    predicate: max_partition is not null (type: boolean)
+                    Statistics: Num rows: 1 Data size: 8 Basic stats: COMPLETE Column stats: NONE
+                    Reduce Output Operator
+                      key expressions: max_partition (type: bigint)
+                      null sort order: z
+                      sort order: +
+                      Map-reduce partition columns: max_partition (type: bigint)
+                      Statistics: Num rows: 1 Data size: 8 Basic stats: COMPLETE Column stats: NONE
+            Execution mode: vectorized, llap
+            LLAP IO: all inputs
+        Map 11 
+            Map Operator Tree:
+                TableScan
+                  alias: test_hive_1953
+                  filterExpr: (ds_ts is not null and test_hive_452 is not null) (type: boolean)
+                  probeDecodeDetails: cacheKey:HASH_MAP_MAPJOIN_3946_container, bigKeyColName:ds_ts, smallTablePos:1, keyRatio:1.0
+                  Statistics: Num rows: 1 Data size: 376 Basic stats: COMPLETE Column stats: NONE
+                  Filter Operator
+                    predicate: (ds_ts is not null and test_hive_452 is not null) (type: boolean)
+                    Statistics: Num rows: 1 Data size: 376 Basic stats: COMPLETE Column stats: NONE
+                    Select Operator
+                      expressions: test_hive_452 (type: string), test_hive_1948 (type: string), ds_ts (type: bigint)
+                      outputColumnNames: _col3, _col5, _col9
+                      Statistics: Num rows: 1 Data size: 376 Basic stats: COMPLETE Column stats: NONE
+                      Map Join Operator
+                        condition map:
+                             Inner Join 0 to 1
+                        keys:
+                          0 _col9 (type: bigint)
+                          1 max_partition (type: bigint)
+                        outputColumnNames: _col3, _col5
+                        input vertices:
+                          1 Map 12
+                        Statistics: Num rows: 1 Data size: 413 Basic stats: COMPLETE Column stats: NONE
+                        Reduce Output Operator
+                          key expressions: _col3 (type: string)
+                          null sort order: z
+                          sort order: +
+                          Map-reduce partition columns: _col3 (type: string)
+                          Statistics: Num rows: 1 Data size: 413 Basic stats: COMPLETE Column stats: NONE
+                          value expressions: _col5 (type: string)
+            Execution mode: vectorized, llap
+            LLAP IO: unknown
+        Map 12 
+            Map Operator Tree:
+                TableScan
+                  alias: t2
+                  filterExpr: max_partition is not null (type: boolean)
+                  Statistics: Num rows: 1 Data size: 8 Basic stats: COMPLETE Column stats: NONE
+                  Filter Operator
+                    predicate: max_partition is not null (type: boolean)
+                    Statistics: Num rows: 1 Data size: 8 Basic stats: COMPLETE Column stats: NONE
+                    Reduce Output Operator
+                      key expressions: max_partition (type: bigint)
+                      null sort order: z
+                      sort order: +
+                      Map-reduce partition columns: max_partition (type: bigint)
+                      Statistics: Num rows: 1 Data size: 8 Basic stats: COMPLETE Column stats: NONE
+            Execution mode: vectorized, llap
+            LLAP IO: all inputs
+        Map 13 
+            Map Operator Tree:
+                TableScan
+                  alias: test_hive_1117
+                  filterExpr: (ds_ts is not null and test_hive_272 is not null) (type: boolean)
+                  probeDecodeDetails: cacheKey:HASH_MAP_MAPJOIN_3947_container, bigKeyColName:ds_ts, smallTablePos:1, keyRatio:1.0
+                  Statistics: Num rows: 1 Data size: 376 Basic stats: COMPLETE Column stats: NONE
+                  Filter Operator
+                    predicate: (ds_ts is not null and test_hive_272 is not null) (type: boolean)
+                    Statistics: Num rows: 1 Data size: 376 Basic stats: COMPLETE Column stats: NONE
+                    Select Operator
+                      expressions: test_hive_272 (type: string), test_hive_1110 (type: string), ds_ts (type: bigint)
+                      outputColumnNames: _col3, _col7, _col11
+                      Statistics: Num rows: 1 Data size: 376 Basic stats: COMPLETE Column stats: NONE
+                      Map Join Operator
+                        condition map:
+                             Inner Join 0 to 1
+                        keys:
+                          0 _col11 (type: bigint)
+                          1 max_partition (type: bigint)
+                        outputColumnNames: _col3, _col7
+                        input vertices:
+                          1 Map 14
+                        Statistics: Num rows: 1 Data size: 413 Basic stats: COMPLETE Column stats: NONE
+                        Reduce Output Operator
+                          key expressions: _col3 (type: string)
+                          null sort order: z
+                          sort order: +
+                          Map-reduce partition columns: _col3 (type: string)
+                          Statistics: Num rows: 1 Data size: 413 Basic stats: COMPLETE Column stats: NONE
+                          value expressions: _col7 (type: string)
+            Execution mode: vectorized, llap
+            LLAP IO: unknown
+        Map 14 
+            Map Operator Tree:
+                TableScan
+                  alias: t2
+                  filterExpr: max_partition is not null (type: boolean)
+                  Statistics: Num rows: 1 Data size: 8 Basic stats: COMPLETE Column stats: NONE
+                  Filter Operator
+                    predicate: max_partition is not null (type: boolean)
+                    Statistics: Num rows: 1 Data size: 8 Basic stats: COMPLETE Column stats: NONE
+                    Reduce Output Operator
+                      key expressions: max_partition (type: bigint)
+                      null sort order: z
+                      sort order: +
+                      Map-reduce partition columns: max_partition (type: bigint)
+                      Statistics: Num rows: 1 Data size: 8 Basic stats: COMPLETE Column stats: NONE
+            Execution mode: vectorized, llap
+            LLAP IO: all inputs
+        Map 15 
+            Map Operator Tree:
+                TableScan
+                  alias: test_hive_1131
+                  filterExpr: (ds_ts is not null and test_hive_273 is not null) (type: boolean)
+                  probeDecodeDetails: cacheKey:HASH_MAP_MAPJOIN_3948_container, bigKeyColName:ds_ts, smallTablePos:1, keyRatio:1.0
+                  Statistics: Num rows: 1 Data size: 376 Basic stats: COMPLETE Column stats: NONE
+                  Filter Operator
+                    predicate: (ds_ts is not null and test_hive_273 is not null) (type: boolean)
+                    Statistics: Num rows: 1 Data size: 376 Basic stats: COMPLETE Column stats: NONE
+                    Select Operator
+                      expressions: test_hive_273 (type: string), test_hive_1124 (type: string), ds_ts (type: bigint)
+                      outputColumnNames: _col3, _col7, _col11
+                      Statistics: Num rows: 1 Data size: 376 Basic stats: COMPLETE Column stats: NONE
+                      Map Join Operator
+                        condition map:
+                             Inner Join 0 to 1
+                        keys:
+                          0 _col11 (type: bigint)
+                          1 max_partition (type: bigint)
+                        outputColumnNames: _col3, _col7
+                        input vertices:
+                          1 Map 16
+                        Statistics: Num rows: 1 Data size: 413 Basic stats: COMPLETE Column stats: NONE
+                        Reduce Output Operator
+                          key expressions: _col3 (type: string)
+                          null sort order: z
+                          sort order: +
+                          Map-reduce partition columns: _col3 (type: string)
+                          Statistics: Num rows: 1 Data size: 413 Basic stats: COMPLETE Column stats: NONE
+                          value expressions: _col7 (type: string)
+            Execution mode: vectorized, llap
+            LLAP IO: unknown
+        Map 16 
+            Map Operator Tree:
+                TableScan
+                  alias: t2
+                  filterExpr: max_partition is not null (type: boolean)
+                  Statistics: Num rows: 1 Data size: 8 Basic stats: COMPLETE Column stats: NONE
+                  Filter Operator
+                    predicate: max_partition is not null (type: boolean)
+                    Statistics: Num rows: 1 Data size: 8 Basic stats: COMPLETE Column stats: NONE
+                    Reduce Output Operator
+                      key expressions: max_partition (type: bigint)
+                      null sort order: z
+                      sort order: +
+                      Map-reduce partition columns: max_partition (type: bigint)
+                      Statistics: Num rows: 1 Data size: 8 Basic stats: COMPLETE Column stats: NONE
+            Execution mode: vectorized, llap
+            LLAP IO: all inputs
+        Map 17 
+            Map Operator Tree:
+                TableScan
+                  alias: test_hive_1145
+                  filterExpr: (ds_ts is not null and test_hive_274 is not null) (type: boolean)
+                  probeDecodeDetails: cacheKey:HASH_MAP_MAPJOIN_3949_container, bigKeyColName:ds_ts, smallTablePos:1, keyRatio:1.0
+                  Statistics: Num rows: 1 Data size: 376 Basic stats: COMPLETE Column stats: NONE
+                  Filter Operator
+                    predicate: (ds_ts is not null and test_hive_274 is not null) (type: boolean)
+                    Statistics: Num rows: 1 Data size: 376 Basic stats: COMPLETE Column stats: NONE
+                    Select Operator
+                      expressions: test_hive_274 (type: string), test_hive_1138 (type: string), ds_ts (type: bigint)
+                      outputColumnNames: _col3, _col7, _col11
+                      Statistics: Num rows: 1 Data size: 376 Basic stats: COMPLETE Column stats: NONE
+                      Map Join Operator
+                        condition map:
+                             Inner Join 0 to 1
+                        keys:
+                          0 _col11 (type: bigint)
+                          1 max_partition (type: bigint)
+                        outputColumnNames: _col3, _col7
+                        input vertices:
+                          1 Map 18
+                        Statistics: Num rows: 1 Data size: 413 Basic stats: COMPLETE Column stats: NONE
+                        Reduce Output Operator
+                          key expressions: _col3 (type: string)
+                          null sort order: z
+                          sort order: +
+                          Map-reduce partition columns: _col3 (type: string)
+                          Statistics: Num rows: 1 Data size: 413 Basic stats: COMPLETE Column stats: NONE
+                          value expressions: _col7 (type: string)
+            Execution mode: vectorized, llap
+            LLAP IO: unknown
+        Map 18 
+            Map Operator Tree:
+                TableScan
+                  alias: t2
+                  filterExpr: max_partition is not null (type: boolean)
+                  Statistics: Num rows: 1 Data size: 8 Basic stats: COMPLETE Column stats: NONE
+                  Filter Operator
+                    predicate: max_partition is not null (type: boolean)
+                    Statistics: Num rows: 1 Data size: 8 Basic stats: COMPLETE Column stats: NONE
+                    Reduce Output Operator
+                      key expressions: max_partition (type: bigint)
+                      null sort order: z
+                      sort order: +
+                      Map-reduce partition columns: max_partition (type: bigint)
+                      Statistics: Num rows: 1 Data size: 8 Basic stats: COMPLETE Column stats: NONE
+            Execution mode: vectorized, llap
+            LLAP IO: all inputs
+        Map 19 
+            Map Operator Tree:
+                TableScan
+                  alias: test_hive_1161
+                  filterExpr: (ds_ts is not null and UDFToDouble(CAST( test_hive_275 AS decimal(10,0))) is not null) (type: boolean)
+                  probeDecodeDetails: cacheKey:HASH_MAP_MAPJOIN_3950_container, bigKeyColName:ds_ts, smallTablePos:1, keyRatio:1.0
+                  Statistics: Num rows: 1 Data size: 376 Basic stats: COMPLETE Column stats: NONE
+                  Filter Operator
+                    predicate: (ds_ts is not null and UDFToDouble(CAST( test_hive_275 AS decimal(10,0))) is not null) (type: boolean)
+                    Statistics: Num rows: 1 Data size: 376 Basic stats: COMPLETE Column stats: NONE
+                    Select Operator
+                      expressions: CAST( test_hive_275 AS decimal(10,0)) (type: decimal(10,0)), test_hive_1154 (type: string), ds_ts (type: bigint)
+                      outputColumnNames: _col3, _col9, _col13
+                      Statistics: Num rows: 1 Data size: 376 Basic stats: COMPLETE Column stats: NONE
+                      Map Join Operator
+                        condition map:
+                             Inner Join 0 to 1
+                        keys:
+                          0 _col13 (type: bigint)
+                          1 max_partition (type: bigint)
+                        outputColumnNames: _col3, _col9
+                        input vertices:
+                          1 Map 20
+                        Statistics: Num rows: 1 Data size: 413 Basic stats: COMPLETE Column stats: NONE
+                        Reduce Output Operator
+                          key expressions: UDFToDouble(_col3) (type: double)
+                          null sort order: z
+                          sort order: +
+                          Map-reduce partition columns: UDFToDouble(_col3) (type: double)
+                          Statistics: Num rows: 1 Data size: 413 Basic stats: COMPLETE Column stats: NONE
+                          value expressions: _col9 (type: string)
+            Execution mode: vectorized, llap
+            LLAP IO: unknown
+        Map 2 
+            Map Operator Tree:
+                TableScan
+                  alias: t2
+                  filterExpr: max_partition is not null (type: boolean)
+                  Statistics: Num rows: 1 Data size: 8 Basic stats: COMPLETE Column stats: NONE
+                  Filter Operator
+                    predicate: max_partition is not null (type: boolean)
+                    Statistics: Num rows: 1 Data size: 8 Basic stats: COMPLETE Column stats: NONE
+                    Reduce Output Operator
+                      key expressions: max_partition (type: bigint)
+                      null sort order: z
+                      sort order: +
+                      Map-reduce partition columns: max_partition (type: bigint)
+                      Statistics: Num rows: 1 Data size: 8 Basic stats: COMPLETE Column stats: NONE
+            Execution mode: vectorized, llap
+            LLAP IO: all inputs
+        Map 20 
+            Map Operator Tree:
+                TableScan
+                  alias: t2
+                  filterExpr: max_partition is not null (type: boolean)
+                  Statistics: Num rows: 1 Data size: 8 Basic stats: COMPLETE Column stats: NONE
+                  Filter Operator
+                    predicate: max_partition is not null (type: boolean)
+                    Statistics: Num rows: 1 Data size: 8 Basic stats: COMPLETE Column stats: NONE
+                    Reduce Output Operator
+                      key expressions: max_partition (type: bigint)
+                      null sort order: z
+                      sort order: +
+                      Map-reduce partition columns: max_partition (type: bigint)
+                      Statistics: Num rows: 1 Data size: 8 Basic stats: COMPLETE Column stats: NONE
+            Execution mode: vectorized, llap
+            LLAP IO: all inputs
+        Map 21 
+            Map Operator Tree:
+                TableScan
+                  alias: test_hive_1175
+                  filterExpr: (ds_ts is not null and test_hive_276 is not null) (type: boolean)
+                  probeDecodeDetails: cacheKey:HASH_MAP_MAPJOIN_3951_container, bigKeyColName:ds_ts, smallTablePos:1, keyRatio:1.0
+                  Statistics: Num rows: 1 Data size: 376 Basic stats: COMPLETE Column stats: NONE
+                  Filter Operator
+                    predicate: (ds_ts is not null and test_hive_276 is not null) (type: boolean)
+                    Statistics: Num rows: 1 Data size: 376 Basic stats: COMPLETE Column stats: NONE
+                    Select Operator
+                      expressions: test_hive_276 (type: string), test_hive_1168 (type: string), ds_ts (type: bigint)
+                      outputColumnNames: _col3, _col7, _col11
+                      Statistics: Num rows: 1 Data size: 376 Basic stats: COMPLETE Column stats: NONE
+                      Map Join Operator
+                        condition map:
+                             Inner Join 0 to 1
+                        keys:
+                          0 _col11 (type: bigint)
+                          1 max_partition (type: bigint)
+                        outputColumnNames: _col3, _col7
+                        input vertices:
+                          1 Map 22
+                        Statistics: Num rows: 1 Data size: 413 Basic stats: COMPLETE Column stats: NONE
+                        Reduce Output Operator
+                          key expressions: _col3 (type: string)
+                          null sort order: z
+                          sort order: +
+                          Map-reduce partition columns: _col3 (type: string)
+                          Statistics: Num rows: 1 Data size: 413 Basic stats: COMPLETE Column stats: NONE
+                          value expressions: _col7 (type: string)
+            Execution mode: vectorized, llap
+            LLAP IO: unknown
+        Map 22 
+            Map Operator Tree:
+                TableScan
+                  alias: t2
+                  filterExpr: max_partition is not null (type: boolean)
+                  Statistics: Num rows: 1 Data size: 8 Basic stats: COMPLETE Column stats: NONE
+                  Filter Operator
+                    predicate: max_partition is not null (type: boolean)
+                    Statistics: Num rows: 1 Data size: 8 Basic stats: COMPLETE Column stats: NONE
+                    Reduce Output Operator
+                      key expressions: max_partition (type: bigint)
+                      null sort order: z
+                      sort order: +
+                      Map-reduce partition columns: max_partition (type: bigint)
+                      Statistics: Num rows: 1 Data size: 8 Basic stats: COMPLETE Column stats: NONE
+            Execution mode: vectorized, llap
+            LLAP IO: all inputs
+        Map 23 
+            Map Operator Tree:
+                TableScan
+                  alias: test_hive_1189
+                  filterExpr: (ds_ts is not null and test_hive_277 is not null) (type: boolean)
+                  probeDecodeDetails: cacheKey:HASH_MAP_MAPJOIN_3952_container, bigKeyColName:ds_ts, smallTablePos:1, keyRatio:1.0
+                  Statistics: Num rows: 1 Data size: 376 Basic stats: COMPLETE Column stats: NONE
+                  Filter Operator
+                    predicate: (ds_ts is not null and test_hive_277 is not null) (type: boolean)
+                    Statistics: Num rows: 1 Data size: 376 Basic stats: COMPLETE Column stats: NONE
+                    Select Operator
+                      expressions: test_hive_277 (type: string), test_hive_1182 (type: string), ds_ts (type: bigint)
+                      outputColumnNames: _col3, _col7, _col11
+                      Statistics: Num rows: 1 Data size: 376 Basic stats: COMPLETE Column stats: NONE
+                      Map Join Operator
+                        condition map:
+                             Inner Join 0 to 1
+                        keys:
+                          0 _col11 (type: bigint)
+                          1 max_partition (type: bigint)
+                        outputColumnNames: _col3, _col7
+                        input vertices:
+                          1 Map 24
+                        Statistics: Num rows: 1 Data size: 413 Basic stats: COMPLETE Column stats: NONE
+                        Reduce Output Operator
+                          key expressions: _col3 (type: string)
+                          null sort order: z
+                          sort order: +
+                          Map-reduce partition columns: _col3 (type: string)
+                          Statistics: Num rows: 1 Data size: 413 Basic stats: COMPLETE Column stats: NONE
+                          value expressions: _col7 (type: string)
+            Execution mode: vectorized, llap
+            LLAP IO: unknown
+        Map 24 
+            Map Operator Tree:
+                TableScan
+                  alias: t2
+                  filterExpr: max_partition is not null (type: boolean)
+                  Statistics: Num rows: 1 Data size: 8 Basic stats: COMPLETE Column stats: NONE
+                  Filter Operator
+                    predicate: max_partition is not null (type: boolean)
+                    Statistics: Num rows: 1 Data size: 8 Basic stats: COMPLETE Column stats: NONE
+                    Reduce Output Operator
+                      key expressions: max_partition (type: bigint)
+                      null sort order: z
+                      sort order: +
+                      Map-reduce partition columns: max_partition (type: bigint)
+                      Statistics: Num rows: 1 Data size: 8 Basic stats: COMPLETE Column stats: NONE
+            Execution mode: vectorized, llap
+            LLAP IO: all inputs
+        Map 25 
+            Map Operator Tree:
+                TableScan
+                  alias: test_hive_1205
+                  filterExpr: (ds_ts is not null and UDFToDouble(CAST( test_hive_278 AS decimal(10,0))) is not null) (type: boolean)
+                  probeDecodeDetails: cacheKey:HASH_MAP_MAPJOIN_3953_container, bigKeyColName:ds_ts, smallTablePos:1, keyRatio:1.0
+                  Statistics: Num rows: 1 Data size: 376 Basic stats: COMPLETE Column stats: NONE
+                  Filter Operator
+                    predicate: (ds_ts is not null and UDFToDouble(CAST( test_hive_278 AS decimal(10,0))) is not null) (type: boolean)
+                    Statistics: Num rows: 1 Data size: 376 Basic stats: COMPLETE Column stats: NONE
+                    Select Operator
+                      expressions: CAST( test_hive_278 AS decimal(10,0)) (type: decimal(10,0)), test_hive_1198 (type: string), ds_ts (type: bigint)
+                      outputColumnNames: _col3, _col9, _col13
+                      Statistics: Num rows: 1 Data size: 376 Basic stats: COMPLETE Column stats: NONE
+                      Map Join Operator
+                        condition map:
+                             Inner Join 0 to 1
+                        keys:
+                          0 _col13 (type: bigint)
+                          1 max_partition (type: bigint)
+                        outputColumnNames: _col3, _col9
+                        input vertices:
+                          1 Map 26
+                        Statistics: Num rows: 1 Data size: 413 Basic stats: COMPLETE Column stats: NONE
+                        Reduce Output Operator
+                          key expressions: UDFToDouble(_col3) (type: double)
+                          null sort order: z
+                          sort order: +
+                          Map-reduce partition columns: UDFToDouble(_col3) (type: double)
+                          Statistics: Num rows: 1 Data size: 413 Basic stats: COMPLETE Column stats: NONE
+                          value expressions: _col9 (type: string)
+            Execution mode: vectorized, llap
+            LLAP IO: unknown
+        Map 26 
+            Map Operator Tree:
+                TableScan
+                  alias: t2
+                  filterExpr: max_partition is not null (type: boolean)
+                  Statistics: Num rows: 1 Data size: 8 Basic stats: COMPLETE Column stats: NONE
+                  Filter Operator
+                    predicate: max_partition is not null (type: boolean)
+                    Statistics: Num rows: 1 Data size: 8 Basic stats: COMPLETE Column stats: NONE
+                    Reduce Output Operator
+                      key expressions: max_partition (type: bigint)
+                      null sort order: z
+                      sort order: +
+                      Map-reduce partition columns: max_partition (type: bigint)
+                      Statistics: Num rows: 1 Data size: 8 Basic stats: COMPLETE Column stats: NONE
+            Execution mode: vectorized, llap
+            LLAP IO: all inputs
+        Map 27 
+            Map Operator Tree:
+                TableScan
+                  alias: test_hive_1267
+                  filterExpr: (ds_ts is not null and test_hive_306 is not null) (type: boolean)
+                  probeDecodeDetails: cacheKey:HASH_MAP_MAPJOIN_3954_container, bigKeyColName:ds_ts, smallTablePos:1, keyRatio:1.0
+                  Statistics: Num rows: 1 Data size: 376 Basic stats: COMPLETE Column stats: NONE
+                  Filter Operator
+                    predicate: (ds_ts is not null and test_hive_306 is not null) (type: boolean)
+                    Statistics: Num rows: 1 Data size: 376 Basic stats: COMPLETE Column stats: NONE
+                    Select Operator
+                      expressions: test_hive_306 (type: string), test_hive_1260 (type: string), ds_ts (type: bigint)
+                      outputColumnNames: _col4, _col8, _col12
+                      Statistics: Num rows: 1 Data size: 376 Basic stats: COMPLETE Column stats: NONE
+                      Map Join Operator
+                        condition map:
+                             Inner Join 0 to 1
+                        keys:
+                          0 _col12 (type: bigint)
+                          1 max_partition (type: bigint)
+                        outputColumnNames: _col4, _col8
+                        input vertices:
+                          1 Map 28
+                        Statistics: Num rows: 1 Data size: 413 Basic stats: COMPLETE Column stats: NONE
+                        Reduce Output Operator
+                          key expressions: _col4 (type: string)
+                          null sort order: z
+                          sort order: +
+                          Map-reduce partition columns: _col4 (type: string)
+                          Statistics: Num rows: 1 Data size: 413 Basic stats: COMPLETE Column stats: NONE
+                          value expressions: _col8 (type: string)
+            Execution mode: vectorized, llap
+            LLAP IO: unknown
+        Map 28 
+            Map Operator Tree:
+                TableScan
+                  alias: t2
+                  filterExpr: max_partition is not null (type: boolean)
+                  Statistics: Num rows: 1 Data size: 8 Basic stats: COMPLETE Column stats: NONE
+                  Filter Operator
+                    predicate: max_partition is not null (type: boolean)
+                    Statistics: Num rows: 1 Data size: 8 Basic stats: COMPLETE Column stats: NONE
+                    Reduce Output Operator
+                      key expressions: max_partition (type: bigint)
+                      null sort order: z
+                      sort order: +
+                      Map-reduce partition columns: max_partition (type: bigint)
+                      Statistics: Num rows: 1 Data size: 8 Basic stats: COMPLETE Column stats: NONE
+            Execution mode: vectorized, llap
+            LLAP IO: all inputs
+        Map 29 
+            Map Operator Tree:
+                TableScan
+                  alias: test_hive_1315
+                  filterExpr: (ds_ts is not null and test_hive_334 is not null) (type: boolean)
+                  probeDecodeDetails: cacheKey:HASH_MAP_MAPJOIN_3955_container, bigKeyColName:ds_ts, smallTablePos:1, keyRatio:1.0
+                  Statistics: Num rows: 1 Data size: 376 Basic stats: COMPLETE Column stats: NONE
+                  Filter Operator
+                    predicate: (ds_ts is not null and test_hive_334 is not null) (type: boolean)
+                    Statistics: Num rows: 1 Data size: 376 Basic stats: COMPLETE Column stats: NONE
+                    Select Operator
+                      expressions: test_hive_334 (type: string), test_hive_1309 (type: string), ds_ts (type: bigint)
+                      outputColumnNames: _col3, _col6, _col10
+                      Statistics: Num rows: 1 Data size: 376 Basic stats: COMPLETE Column stats: NONE
+                      Map Join Operator
+                        condition map:
+                             Inner Join 0 to 1
+                        keys:
+                          0 _col10 (type: bigint)
+                          1 max_partition (type: bigint)
+                        outputColumnNames: _col3, _col6
+                        input vertices:
+                          1 Map 30
+                        Statistics: Num rows: 1 Data size: 413 Basic stats: COMPLETE Column stats: NONE
+                        Reduce Output Operator
+                          key expressions: _col3 (type: string)
+                          null sort order: z
+                          sort order: +
+                          Map-reduce partition columns: _col3 (type: string)
+                          Statistics: Num rows: 1 Data size: 413 Basic stats: COMPLETE Column stats: NONE
+                          value expressions: _col6 (type: string)
+            Execution mode: vectorized, llap
+            LLAP IO: unknown
+        Map 3 
+            Map Operator Tree:
+                TableScan
+                  alias: test_hive_1565
+                  filterExpr: (ds_ts is not null and test_hive_422 is not null) (type: boolean)
+                  probeDecodeDetails: cacheKey:HASH_MAP_MAPJOIN_3942_container, bigKeyColName:ds_ts, smallTablePos:1, keyRatio:1.0
+                  Statistics: Num rows: 1 Data size: 376 Basic stats: COMPLETE Column stats: NONE
+                  Filter Operator
+                    predicate: (ds_ts is not null and test_hive_422 is not null) (type: boolean)
+                    Statistics: Num rows: 1 Data size: 376 Basic stats: COMPLETE Column stats: NONE
+                    Select Operator
+                      expressions: test_hive_422 (type: string), test_hive_1560 (type: string), ds_ts (type: bigint)
+                      outputColumnNames: _col3, _col5, _col9
+                      Statistics: Num rows: 1 Data size: 376 Basic stats: COMPLETE Column stats: NONE
+                      Map Join Operator
+                        condition map:
+                             Inner Join 0 to 1
+                        keys:
+                          0 _col9 (type: bigint)
+                          1 max_partition (type: bigint)
+                        outputColumnNames: _col3, _col5
+                        input vertices:
+                          1 Map 4
+                        Statistics: Num rows: 1 Data size: 413 Basic stats: COMPLETE Column stats: NONE
+                        Reduce Output Operator
+                          key expressions: _col3 (type: string)
+                          null sort order: z
+                          sort order: +
+                          Map-reduce partition columns: _col3 (type: string)
+                          Statistics: Num rows: 1 Data size: 413 Basic stats: COMPLETE Column stats: NONE
+                          value expressions: _col5 (type: string)
+            Execution mode: vectorized, llap
+            LLAP IO: unknown
+        Map 30 
+            Map Operator Tree:
+                TableScan
+                  alias: t2
+                  filterExpr: max_partition is not null (type: boolean)
+                  Statistics: Num rows: 1 Data size: 8 Basic stats: COMPLETE Column stats: NONE
+                  Filter Operator
+                    predicate: max_partition is not null (type: boolean)
+                    Statistics: Num rows: 1 Data size: 8 Basic stats: COMPLETE Column stats: NONE
+                    Reduce Output Operator
+                      key expressions: max_partition (type: bigint)
+                      null sort order: z
+                      sort order: +
+                      Map-reduce partition columns: max_partition (type: bigint)
+                      Statistics: Num rows: 1 Data size: 8 Basic stats: COMPLETE Column stats: NONE
+            Execution mode: vectorized, llap
+            LLAP IO: all inputs
+        Map 31 
+            Map Operator Tree:
+                TableScan
+                  alias: test_hive_1347
+                  filterExpr: (ds_ts is not null and test_hive_336 is not null) (type: boolean)
+                  probeDecodeDetails: cacheKey:HASH_MAP_MAPJOIN_3956_container, bigKeyColName:ds_ts, smallTablePos:1, keyRatio:1.0
+                  Statistics: Num rows: 1 Data size: 376 Basic stats: COMPLETE Column stats: NONE
+                  Filter Operator
+                    predicate: (ds_ts is not null and test_hive_336 is not null) (type: boolean)
+                    Statistics: Num rows: 1 Data size: 376 Basic stats: COMPLETE Column stats: NONE
+                    Select Operator
+                      expressions: test_hive_336 (type: string), test_hive_1340 (type: string), ds_ts (type: bigint)
+                      outputColumnNames: _col3, _col9, _col13
+                      Statistics: Num rows: 1 Data size: 376 Basic stats: COMPLETE Column stats: NONE
+                      Map Join Operator
+                        condition map:
+                             Inner Join 0 to 1
+                        keys:
+                          0 _col13 (type: bigint)
+                          1 max_partition (type: bigint)
+                        outputColumnNames: _col3, _col9
+                        input vertices:
+                          1 Map 32
+                        Statistics: Num rows: 1 Data size: 413 Basic stats: COMPLETE Column stats: NONE
+                        Reduce Output Operator
+                          key expressions: _col3 (type: string)
+                          null sort order: z
+                          sort order: +
+                          Map-reduce partition columns: _col3 (type: string)
+                          Statistics: Num rows: 1 Data size: 413 Basic stats: COMPLETE Column stats: NONE
+                          value expressions: _col9 (type: string)
+            Execution mode: vectorized, llap
+            LLAP IO: unknown
+        Map 32 
+            Map Operator Tree:
+                TableScan
+                  alias: t2
+                  filterExpr: max_partition is not null (type: boolean)
+                  Statistics: Num rows: 1 Data size: 8 Basic stats: COMPLETE Column stats: NONE
+                  Filter Operator
+                    predicate: max_partition is not null (type: boolean)
+                    Statistics: Num rows: 1 Data size: 8 Basic stats: COMPLETE Column stats: NONE
+                    Reduce Output Operator
+                      key expressions: max_partition (type: bigint)
+                      null sort order: z
+                      sort order: +
+                      Map-reduce partition columns: max_partition (type: bigint)
+                      Statistics: Num rows: 1 Data size: 8 Basic stats: COMPLETE Column stats: NONE
+            Execution mode: vectorized, llap
+            LLAP IO: all inputs
+        Map 33 
+            Map Operator Tree:
+                TableScan
+                  alias: test_hive_1363
+                  filterExpr: (ds_ts is not null and test_hive_337 is not null) (type: boolean)
+                  probeDecodeDetails: cacheKey:HASH_MAP_MAPJOIN_3957_container, bigKeyColName:ds_ts, smallTablePos:1, keyRatio:1.0
+                  Statistics: Num rows: 1 Data size: 376 Basic stats: COMPLETE Column stats: NONE
+                  Filter Operator
+                    predicate: (ds_ts is not null and test_hive_337 is not null) (type: boolean)
+                    Statistics: Num rows: 1 Data size: 376 Basic stats: COMPLETE Column stats: NONE
+                    Select Operator
+                      expressions: test_hive_337 (type: string), test_hive_1356 (type: string), ds_ts (type: bigint)
+                      outputColumnNames: _col3, _col9, _col13
+                      Statistics: Num rows: 1 Data size: 376 Basic stats: COMPLETE Column stats: NONE
+                      Map Join Operator
+                        condition map:
+                             Inner Join 0 to 1
+                        keys:
+                          0 _col13 (type: bigint)
+                          1 max_partition (type: bigint)
+                        outputColumnNames: _col3, _col9
+                        input vertices:
+                          1 Map 34
+                        Statistics: Num rows: 1 Data size: 413 Basic stats: COMPLETE Column stats: NONE
+                        Reduce Output Operator
+                          key expressions: _col3 (type: string)
+                          null sort order: z
+                          sort order: +
+                          Map-reduce partition columns: _col3 (type: string)
+                          Statistics: Num rows: 1 Data size: 413 Basic stats: COMPLETE Column stats: NONE
+                          value expressions: _col9 (type: string)
+            Execution mode: vectorized, llap
+            LLAP IO: unknown
+        Map 34 
+            Map Operator Tree:
+                TableScan
+                  alias: t2
+                  filterExpr: max_partition is not null (type: boolean)
+                  Statistics: Num rows: 1 Data size: 8 Basic stats: COMPLETE Column stats: NONE
+                  Filter Operator
+                    predicate: max_partition is not null (type: boolean)
+                    Statistics: Num rows: 1 Data size: 8 Basic stats: COMPLETE Column stats: NONE
+                    Reduce Output Operator
+                      key expressions: max_partition (type: bigint)
+                      null sort order: z
+                      sort order: +
+                      Map-reduce partition columns: max_partition (type: bigint)
+                      Statistics: Num rows: 1 Data size: 8 Basic stats: COMPLETE Column stats: NONE
+            Execution mode: vectorized, llap
+            LLAP IO: all inputs
+        Map 35 
+            Map Operator Tree:
+                TableScan
+                  alias: test_hive_1979
+                  filterExpr: (ds_ts is not null and test_hive_454 is not null) (type: boolean)
+                  Statistics: Num rows: 1 Data size: 376 Basic stats: COMPLETE Column stats: NONE
+                  Filter Operator
+                    predicate: (ds_ts is not null and test_hive_454 is not null) (type: boolean)
+                    Statistics: Num rows: 1 Data size: 376 Basic stats: COMPLETE Column stats: NONE
+                    Select Operator
+                      expressions: test_hive_454 (type: string), test_hive_1972 (type: string), ds_ts (type: bigint)
+                      outputColumnNames: _col3, _col7, _col11
+                      Statistics: Num rows: 1 Data size: 376 Basic stats: COMPLETE Column stats: NONE
+                      Map Join Operator
+                        condition map:
+                             Inner Join 0 to 1
+                        keys:
+                          0 _col11 (type: bigint)
+                          1 max_partition (type: bigint)
+                        outputColumnNames: _col3, _col7
+                        input vertices:
+                          1 Map 38
+                        Statistics: Num rows: 1 Data size: 413 Basic stats: COMPLETE Column stats: NONE
+                        Reduce Output Operator
+                          key expressions: _col3 (type: string)
+                          null sort order: z
+                          sort order: +
+                          Map-reduce partition columns: _col3 (type: string)
+                          Statistics: Num rows: 1 Data size: 413 Basic stats: COMPLETE Column stats: NONE
+                          value expressions: _col7 (type: string)
+                        Reduce Output Operator
+                          key expressions: _col3 (type: string)
+                          null sort order: z
+                          sort order: +
+                          Map-reduce partition columns: _col3 (type: string)
+                          Statistics: Num rows: 1 Data size: 413 Basic stats: COMPLETE Column stats: NONE
+                          value expressions: _col7 (type: string)
+                        Reduce Output Operator
+                          key expressions: _col3 (type: string)
+                          null sort order: z
+                          sort order: +
+                          Map-reduce partition columns: _col3 (type: string)
+                          Statistics: Num rows: 1 Data size: 413 Basic stats: COMPLETE Column stats: NONE
+                          value expressions: _col7 (type: string)
+            Execution mode: vectorized, llap
+            LLAP IO: unknown
+        Map 38 
+            Map Operator Tree:
+                TableScan
+                  alias: t2
+                  filterExpr: max_partition is not null (type: boolean)
+                  Statistics: Num rows: 1 Data size: 8 Basic stats: COMPLETE Column stats: NONE
+                  Filter Operator
+                    predicate: max_partition is not null (type: boolean)
+                    Statistics: Num rows: 1 Data size: 8 Basic stats: COMPLETE Column stats: NONE
+                    Reduce Output Operator
+                      key expressions: max_partition (type: bigint)
+                      null sort order: z
+                      sort order: +
+                      Map-reduce partition columns: max_partition (type: bigint)
+                      Statistics: Num rows: 1 Data size: 8 Basic stats: COMPLETE Column stats: NONE
+            Execution mode: vectorized, llap
+            LLAP IO: all inputs
+        Map 39 
+            Map Operator Tree:
+                TableScan
+                  alias: test_hive_1436
+                  filterExpr: (ds_ts is not null and UDFToDouble(CAST( test_hive_413 AS decimal(10,0))) is not null) (type: boolean)
+                  probeDecodeDetails: cacheKey:HASH_MAP_MAPJOIN_3960_container, bigKeyColName:ds_ts, smallTablePos:1, keyRatio:1.0
+                  Statistics: Num rows: 1 Data size: 376 Basic stats: COMPLETE Column stats: NONE
+                  Filter Operator
+                    predicate: (ds_ts is not null and UDFToDouble(CAST( test_hive_413 AS decimal(10,0))) is not null) (type: boolean)
+                    Statistics: Num rows: 1 Data size: 376 Basic stats: COMPLETE Column stats: NONE
+                    Select Operator
+                      expressions: CAST( test_hive_413 AS decimal(10,0)) (type: decimal(10,0)), test_hive_1429 (type: string), ds_ts (type: bigint)
+                      outputColumnNames: _col3, _col9, _col13
+                      Statistics: Num rows: 1 Data size: 376 Basic stats: COMPLETE Column stats: NONE
+                      Map Join Operator
+                        condition map:
+                             Inner Join 0 to 1
+                        keys:
+                          0 _col13 (type: bigint)
+                          1 max_partition (type: bigint)
+                        outputColumnNames: _col3, _col9
+                        input vertices:
+                          1 Map 40
+                        Statistics: Num rows: 1 Data size: 413 Basic stats: COMPLETE Column stats: NONE
+                        Reduce Output Operator
+                          key expressions: UDFToDouble(_col3) (type: double)
+                          null sort order: z
+                          sort order: +
+                          Map-reduce partition columns: UDFToDouble(_col3) (type: double)
+                          Statistics: Num rows: 1 Data size: 413 Basic stats: COMPLETE Column stats: NONE
+                          value expressions: _col9 (type: string)
+            Execution mode: vectorized, llap
+            LLAP IO: unknown
+        Map 4 
+            Map Operator Tree:
+                TableScan
+                  alias: t2
+                  filterExpr: max_partition is not null (type: boolean)
+                  Statistics: Num rows: 1 Data size: 8 Basic stats: COMPLETE Column stats: NONE
+                  Filter Operator
+                    predicate: max_partition is not null (type: boolean)
+                    Statistics: Num rows: 1 Data size: 8 Basic stats: COMPLETE Column stats: NONE
+                    Reduce Output Operator
+                      key expressions: max_partition (type: bigint)
+                      null sort order: z
+                      sort order: +
+                      Map-reduce partition columns: max_partition (type: bigint)
+                      Statistics: Num rows: 1 Data size: 8 Basic stats: COMPLETE Column stats: NONE
+            Execution mode: vectorized, llap
+            LLAP IO: all inputs
+        Map 40 
+            Map Operator Tree:
+                TableScan
+                  alias: t2
+                  filterExpr: max_partition is not null (type: boolean)
+                  Statistics: Num rows: 1 Data size: 8 Basic stats: COMPLETE Column stats: NONE
+                  Filter Operator
+                    predicate: max_partition is not null (type: boolean)
+                    Statistics: Num rows: 1 Data size: 8 Basic stats: COMPLETE Column stats: NONE
+                    Reduce Output Operator
+                      key expressions: max_partition (type: bigint)
+                      null sort order: z
+                      sort order: +
+                      Map-reduce partition columns: max_partition (type: bigint)
+                      Statistics: Num rows: 1 Data size: 8 Basic stats: COMPLETE Column stats: NONE
+            Execution mode: vectorized, llap
+            LLAP IO: all inputs
+        Map 41 
+            Map Operator Tree:
+                TableScan
+                  alias: test_hive_1450
+                  filterExpr: (ds_ts is not null and test_hive_414 is not null) (type: boolean)
+                  probeDecodeDetails: cacheKey:HASH_MAP_MAPJOIN_3961_container, bigKeyColName:ds_ts, smallTablePos:1, keyRatio:1.0
+                  Statistics: Num rows: 1 Data size: 376 Basic stats: COMPLETE Column stats: NONE
+                  Filter Operator
+                    predicate: (ds_ts is not null and test_hive_414 is not null) (type: boolean)
+                    Statistics: Num rows: 1 Data size: 376 Basic stats: COMPLETE Column stats: NONE
+                    Select Operator
+                      expressions: test_hive_414 (type: string), test_hive_1443 (type: string), ds_ts (type: bigint)
+                      outputColumnNames: _col3, _col7, _col11
+                      Statistics: Num rows: 1 Data size: 376 Basic stats: COMPLETE Column stats: NONE
+                      Map Join Operator
+                        condition map:
+                             Inner Join 0 to 1
+                        keys:
+                          0 _col11 (type: bigint)
+                          1 max_partition (type: bigint)
+                        outputColumnNames: _col3, _col7
+                        input vertices:
+                          1 Map 42
+                        Statistics: Num rows: 1 Data size: 413 Basic stats: COMPLETE Column stats: NONE
+                        Reduce Output Operator
+                          key expressions: _col3 (type: string)
+                          null sort order: z
+                          sort order: +
+                          Map-reduce partition columns: _col3 (type: string)
+                          Statistics: Num rows: 1 Data size: 413 Basic stats: COMPLETE Column stats: NONE
+                          value expressions: _col7 (type: string)
+            Execution mode: vectorized, llap
+            LLAP IO: unknown
+        Map 42 
+            Map Operator Tree:
+                TableScan
+                  alias: t2
+                  filterExpr: max_partition is not null (type: boolean)
+                  Statistics: Num rows: 1 Data size: 8 Basic stats: COMPLETE Column stats: NONE
+                  Filter Operator
+                    predicate: max_partition is not null (type: boolean)
+                    Statistics: Num rows: 1 Data size: 8 Basic stats: COMPLETE Column stats: NONE
+                    Reduce Output Operator
+                      key expressions: max_partition (type: bigint)
+                      null sort order: z
+                      sort order: +
+                      Map-reduce partition columns: max_partition (type: bigint)
+                      Statistics: Num rows: 1 Data size: 8 Basic stats: COMPLETE Column stats: NONE
+            Execution mode: vectorized, llap
+            LLAP IO: all inputs
+        Map 43 
+            Map Operator Tree:
+                TableScan
+                  alias: test_hive_1466
+                  filterExpr: (ds_ts is not null and UDFToDouble(CAST( test_hive_415 AS decimal(10,0))) is not null) (type: boolean)
+                  probeDecodeDetails: cacheKey:HASH_MAP_MAPJOIN_3962_container, bigKeyColName:ds_ts, smallTablePos:1, keyRatio:1.0
+                  Statistics: Num rows: 1 Data size: 376 Basic stats: COMPLETE Column stats: NONE
+                  Filter Operator
+                    predicate: (ds_ts is not null and UDFToDouble(CAST( test_hive_415 AS decimal(10,0))) is not null) (type: boolean)
+                    Statistics: Num rows: 1 Data size: 376 Basic stats: COMPLETE Column stats: NONE
+                    Select Operator
+                      expressions: CAST( test_hive_415 AS decimal(10,0)) (type: decimal(10,0)), test_hive_1459 (type: string), ds_ts (type: bigint)
+                      outputColumnNames: _col3, _col9, _col13
+                      Statistics: Num rows: 1 Data size: 376 Basic stats: COMPLETE Column stats: NONE
+                      Map Join Operator
+                        condition map:
+                             Inner Join 0 to 1
+                        keys:
+                          0 _col13 (type: bigint)
+                          1 max_partition (type: bigint)
+                        outputColumnNames: _col3, _col9
+                        input vertices:
+                          1 Map 44
+                        Statistics: Num rows: 1 Data size: 413 Basic stats: COMPLETE Column stats: NONE
+                        Reduce Output Operator
+                          key expressions: UDFToDouble(_col3) (type: double)
+                          null sort order: z
+                          sort order: +
+                          Map-reduce partition columns: UDFToDouble(_col3) (type: double)
+                          Statistics: Num rows: 1 Data size: 413 Basic stats: COMPLETE Column stats: NONE
+                          value expressions: _col9 (type: string)
+            Execution mode: vectorized, llap
+            LLAP IO: unknown
+        Map 44 
+            Map Operator Tree:
+                TableScan
+                  alias: t2
+                  filterExpr: max_partition is not null (type: boolean)
+                  Statistics: Num rows: 1 Data size: 8 Basic stats: COMPLETE Column stats: NONE
+                  Filter Operator
+                    predicate: max_partition is not null (type: boolean)
+                    Statistics: Num rows: 1 Data size: 8 Basic stats: COMPLETE Column stats: NONE
+                    Reduce Output Operator
+                      key expressions: max_partition (type: bigint)
+                      null sort order: z
+                      sort order: +
+                      Map-reduce partition columns: max_partition (type: bigint)
+                      Statistics: Num rows: 1 Data size: 8 Basic stats: COMPLETE Column stats: NONE
+            Execution mode: vectorized, llap
+            LLAP IO: all inputs
+        Map 45 
+            Map Operator Tree:
+                TableScan
+                  alias: test_hive_1480
+                  filterExpr: (ds_ts is not null and test_hive_416 is not null) (type: boolean)
+                  probeDecodeDetails: cacheKey:HASH_MAP_MAPJOIN_3963_container, bigKeyColName:ds_ts, smallTablePos:1, keyRatio:1.0
+                  Statistics: Num rows: 1 Data size: 376 Basic stats: COMPLETE Column stats: NONE
+                  Filter Operator
+                    predicate: (ds_ts is not null and test_hive_416 is not null) (type: boolean)
+                    Statistics: Num rows: 1 Data size: 376 Basic stats: COMPLETE Column stats: NONE
+                    Select Operator
+                      expressions: test_hive_416 (type: string), test_hive_1473 (type: string), ds_ts (type: bigint)
+                      outputColumnNames: _col3, _col7, _col11
+                      Statistics: Num rows: 1 Data size: 376 Basic stats: COMPLETE Column stats: NONE
+                      Map Join Operator
+                        condition map:
+                             Inner Join 0 to 1
+                        keys:
+                          0 _col11 (type: bigint)
+                          1 max_partition (type: bigint)
+                        outputColumnNames: _col3, _col7
+                        input vertices:
+                          1 Map 46
+                        Statistics: Num rows: 1 Data size: 413 Basic stats: COMPLETE Column stats: NONE
+                        Reduce Output Operator
+                          key expressions: _col3 (type: string)
+                          null sort order: z
+                          sort order: +
+                          Map-reduce partition columns: _col3 (type: string)
+                          Statistics: Num rows: 1 Data size: 413 Basic stats: COMPLETE Column stats: NONE
+                          value expressions: _col7 (type: string)
+            Execution mode: vectorized, llap
+            LLAP IO: unknown
+        Map 46 
+            Map Operator Tree:
+                TableScan
+                  alias: t2
+                  filterExpr: max_partition is not null (type: boolean)
+                  Statistics: Num rows: 1 Data size: 8 Basic stats: COMPLETE Column stats: NONE
+                  Filter Operator
+                    predicate: max_partition is not null (type: boolean)
+                    Statistics: Num rows: 1 Data size: 8 Basic stats: COMPLETE Column stats: NONE
+                    Reduce Output Operator
+                      key expressions: max_partition (type: bigint)
+                      null sort order: z
+                      sort order: +
+                      Map-reduce partition columns: max_partition (type: bigint)
+                      Statistics: Num rows: 1 Data size: 8 Basic stats: COMPLETE Column stats: NONE
+            Execution mode: vectorized, llap
+            LLAP IO: all inputs
+        Map 47 
+            Map Operator Tree:
+                TableScan
+                  alias: test_hive_1494
+                  filterExpr: (ds_ts is not null and test_hive_417 is not null) (type: boolean)
+                  probeDecodeDetails: cacheKey:HASH_MAP_MAPJOIN_3964_container, bigKeyColName:ds_ts, smallTablePos:1, keyRatio:1.0
+                  Statistics: Num rows: 1 Data size: 376 Basic stats: COMPLETE Column stats: NONE
+                  Filter Operator
+                    predicate: (ds_ts is not null and test_hive_417 is not null) (type: boolean)
+                    Statistics: Num rows: 1 Data size: 376 Basic stats: COMPLETE Column stats: NONE
+                    Select Operator
+                      expressions: test_hive_417 (type: string), test_hive_1487 (type: string), ds_ts (type: bigint)
+                      outputColumnNames: _col3, _col7, _col11
+                      Statistics: Num rows: 1 Data size: 376 Basic stats: COMPLETE Column stats: NONE
+                      Map Join Operator
+                        condition map:
+                             Inner Join 0 to 1
+                        keys:
+                          0 _col11 (type: bigint)
+                          1 max_partition (type: bigint)
+                        outputColumnNames: _col3, _col7
+                        input vertices:
+                          1 Map 48
+                        Statistics: Num rows: 1 Data size: 413 Basic stats: COMPLETE Column stats: NONE
+                        Reduce Output Operator
+                          key expressions: _col3 (type: string)
+                          null sort order: z
+                          sort order: +
+                          Map-reduce partition columns: _col3 (type: string)
+                          Statistics: Num rows: 1 Data size: 413 Basic stats: COMPLETE Column stats: NONE
+                          value expressions: _col7 (type: string)
+            Execution mode: vectorized, llap
+            LLAP IO: unknown
+        Map 48 
+            Map Operator Tree:
+                TableScan
+                  alias: t2
+                  filterExpr: max_partition is not null (type: boolean)
+                  Statistics: Num rows: 1 Data size: 8 Basic stats: COMPLETE Column stats: NONE
+                  Filter Operator
+                    predicate: max_partition is not null (type: boolean)
+                    Statistics: Num rows: 1 Data size: 8 Basic stats: COMPLETE Column stats: NONE
+                    Reduce Output Operator
+                      key expressions: max_partition (type: bigint)
+                      null sort order: z
+                      sort order: +
+                      Map-reduce partition columns: max_partition (type: bigint)
+                      Statistics: Num rows: 1 Data size: 8 Basic stats: COMPLETE Column stats: NONE
+            Execution mode: vectorized, llap
+            LLAP IO: all inputs
+        Map 49 
+            Map Operator Tree:
+                TableScan
+                  alias: test_hive_1510
+                  filterExpr: (ds_ts is not null and UDFToDouble(CAST( test_hive_418 AS decimal(10,0))) is not null) (type: boolean)
+                  probeDecodeDetails: cacheKey:HASH_MAP_MAPJOIN_3965_container, bigKeyColName:ds_ts, smallTablePos:1, keyRatio:1.0
+                  Statistics: Num rows: 1 Data size: 376 Basic stats: COMPLETE Column stats: NONE
+                  Filter Operator
+                    predicate: (ds_ts is not null and UDFToDouble(CAST( test_hive_418 AS decimal(10,0))) is not null) (type: boolean)
+                    Statistics: Num rows: 1 Data size: 376 Basic stats: COMPLETE Column stats: NONE
+                    Select Operator
+                      expressions: CAST( test_hive_418 AS decimal(10,0)) (type: decimal(10,0)), test_hive_1503 (type: string), ds_ts (type: bigint)
+                      outputColumnNames: _col3, _col9, _col13
+                      Statistics: Num rows: 1 Data size: 376 Basic stats: COMPLETE Column stats: NONE
+                      Map Join Operator
+                        condition map:
+                             Inner Join 0 to 1
+                        keys:
+                          0 _col13 (type: bigint)
+                          1 max_partition (type: bigint)
+                        outputColumnNames: _col3, _col9
+                        input vertices:
+                          1 Map 50
+                        Statistics: Num rows: 1 Data size: 413 Basic stats: COMPLETE Column stats: NONE
+                        Reduce Output Operator
+                          key expressions: UDFToDouble(_col3) (type: double)
+                          null sort order: z
+                          sort order: +
+                          Map-reduce partition columns: UDFToDouble(_col3) (type: double)
+                          Statistics: Num rows: 1 Data size: 413 Basic stats: COMPLETE Column stats: NONE
+                          value expressions: _col9 (type: string)
+            Execution mode: vectorized, llap
+            LLAP IO: unknown
+        Map 5 
+            Map Operator Tree:
+                TableScan
+                  alias: test_hive_1723
+                  filterExpr: (ds_ts is not null and test_hive_434 is not null) (type: boolean)
+                  probeDecodeDetails: cacheKey:HASH_MAP_MAPJOIN_3943_container, bigKeyColName:ds_ts, smallTablePos:1, keyRatio:1.0
+                  Statistics: Num rows: 1 Data size: 376 Basic stats: COMPLETE Column stats: NONE
+                  Filter Operator
+                    predicate: (ds_ts is not null and test_hive_434 is not null) (type: boolean)
+                    Statistics: Num rows: 1 Data size: 376 Basic stats: COMPLETE Column stats: NONE
+                    Select Operator
+                      expressions: test_hive_434 (type: string), test_hive_1716 (type: string), ds_ts (type: bigint)
+                      outputColumnNames: _col3, _col7, _col11
+                      Statistics: Num rows: 1 Data size: 376 Basic stats: COMPLETE Column stats: NONE
+                      Map Join Operator
+                        condition map:
+                             Inner Join 0 to 1
+                        keys:
+                          0 _col11 (type: bigint)
+                          1 max_partition (type: bigint)
+                        outputColumnNames: _col3, _col7
+                        input vertices:
+                          1 Map 6
+                        Statistics: Num rows: 1 Data size: 413 Basic stats: COMPLETE Column stats: NONE
+                        Reduce Output Operator
+                          key expressions: _col3 (type: string)
+                          null sort order: z
+                          sort order: +
+                          Map-reduce partition columns: _col3 (type: string)
+                          Statistics: Num rows: 1 Data size: 413 Basic stats: COMPLETE Column stats: NONE
+                          value expressions: _col7 (type: string)
+            Execution mode: vectorized, llap
+            LLAP IO: unknown
+        Map 50 
+            Map Operator Tree:
+                TableScan
+                  alias: t2
+                  filterExpr: max_partition is not null (type: boolean)
+                  Statistics: Num rows: 1 Data size: 8 Basic stats: COMPLETE Column stats: NONE
+                  Filter Operator
+                    predicate: max_partition is not null (type: boolean)
+                    Statistics: Num rows: 1 Data size: 8 Basic stats: COMPLETE Column stats: NONE
+                    Reduce Output Operator
+                      key expressions: max_partition (type: bigint)
+                      null sort order: z
+                      sort order: +
+                      Map-reduce partition columns: max_partition (type: bigint)
+                      Statistics: Num rows: 1 Data size: 8 Basic stats: COMPLETE Column stats: NONE
+            Execution mode: vectorized, llap
+            LLAP IO: all inputs
+        Map 51 
+            Map Operator Tree:
+                TableScan
+                  alias: test_hive_1524
+                  filterExpr: (ds_ts is not null and test_hive_419 is not null) (type: boolean)
+                  probeDecodeDetails: cacheKey:HASH_MAP_MAPJOIN_3966_container, bigKeyColName:ds_ts, smallTablePos:1, keyRatio:1.0
+                  Statistics: Num rows: 1 Data size: 376 Basic stats: COMPLETE Column stats: NONE
+                  Filter Operator
+                    predicate: (ds_ts is not null and test_hive_419 is not null) (type: boolean)
+                    Statistics: Num rows: 1 Data size: 376 Basic stats: COMPLETE Column stats: NONE
+                    Select Operator
+                      expressions: test_hive_419 (type: string), test_hive_1517 (type: string), ds_ts (type: bigint)
+                      outputColumnNames: _col3, _col7, _col11
+                      Statistics: Num rows: 1 Data size: 376 Basic stats: COMPLETE Column stats: NONE
+                      Map Join Operator
+                        condition map:
+                             Inner Join 0 to 1
+                        keys:
+                          0 _col11 (type: bigint)
+                          1 max_partition (type: bigint)
+                        outputColumnNames: _col3, _col7
+                        input vertices:
+                          1 Map 52
+                        Statistics: Num rows: 1 Data size: 413 Basic stats: COMPLETE Column stats: NONE
+                        Reduce Output Operator
+                          key expressions: _col3 (type: string)
+                          null sort order: z
+                          sort order: +
+                          Map-reduce partition columns: _col3 (type: string)
+                          Statistics: Num rows: 1 Data size: 413 Basic stats: COMPLETE Column stats: NONE
+                          value expressions: _col7 (type: string)
+            Execution mode: vectorized, llap
+            LLAP IO: unknown
+        Map 52 
+            Map Operator Tree:
+                TableScan
+                  alias: t2
+                  filterExpr: max_partition is not null (type: boolean)
+                  Statistics: Num rows: 1 Data size: 8 Basic stats: COMPLETE Column stats: NONE
+                  Filter Operator
+                    predicate: max_partition is not null (type: boolean)
+                    Statistics: Num rows: 1 Data size: 8 Basic stats: COMPLETE Column stats: NONE
+                    Reduce Output Operator
+                      key expressions: max_partition (type: bigint)
+                      null sort order: z
+                      sort order: +
+                      Map-reduce partition columns: max_partition (type: bigint)
+                      Statistics: Num rows: 1 Data size: 8 Basic stats: COMPLETE Column stats: NONE
+            Execution mode: vectorized, llap
+            LLAP IO: all inputs
+        Map 53 
+            Map Operator Tree:
+                TableScan
+                  alias: test_hive_1540
+                  filterExpr: (ds_ts is not null and UDFToDouble(CAST( test_hive_420 AS decimal(10,0))) is not null) (type: boolean)
+                  probeDecodeDetails: cacheKey:HASH_MAP_MAPJOIN_3967_container, bigKeyColName:ds_ts, smallTablePos:1, keyRatio:1.0
+                  Statistics: Num rows: 1 Data size: 376 Basic stats: COMPLETE Column stats: NONE
+                  Filter Operator
+                    predicate: (ds_ts is not null and UDFToDouble(CAST( test_hive_420 AS decimal(10,0))) is not null) (type: boolean)
+                    Statistics: Num rows: 1 Data size: 376 Basic stats: COMPLETE Column stats: NONE
+                    Select Operator
+                      expressions: CAST( test_hive_420 AS decimal(10,0)) (type: decimal(10,0)), test_hive_1533 (type: string), ds_ts (type: bigint)
+                      outputColumnNames: _col3, _col9, _col13
+                      Statistics: Num rows: 1 Data size: 376 Basic stats: COMPLETE Column stats: NONE
+                      Map Join Operator
+                        condition map:
+                             Inner Join 0 to 1
+                        keys:
+                          0 _col13 (type: bigint)
+                          1 max_partition (type: bigint)
+                        outputColumnNames: _col3, _col9
+                        input vertices:
+                          1 Map 54
+                        Statistics: Num rows: 1 Data size: 413 Basic stats: COMPLETE Column stats: NONE
+                        Reduce Output Operator
+                          key expressions: UDFToDouble(_col3) (type: double)
+                          null sort order: z
+                          sort order: +
+                          Map-reduce partition columns: UDFToDouble(_col3) (type: double)
+                          Statistics: Num rows: 1 Data size: 413 Basic stats: COMPLETE Column stats: NONE
+                          value expressions: _col9 (type: string)
+            Execution mode: vectorized, llap
+            LLAP IO: unknown
+        Map 54 
+            Map Operator Tree:
+                TableScan
+                  alias: t2
+                  filterExpr: max_partition is not null (type: boolean)
+                  Statistics: Num rows: 1 Data size: 8 Basic stats: COMPLETE Column stats: NONE
+                  Filter Operator
+                    predicate: max_partition is not null (type: boolean)
+                    Statistics: Num rows: 1 Data size: 8 Basic stats: COMPLETE Column stats: NONE
+                    Reduce Output Operator
+                      key expressions: max_partition (type: bigint)
+                      null sort order: z
+                      sort order: +
+                      Map-reduce partition columns: max_partition (type: bigint)
+                      Statistics: Num rows: 1 Data size: 8 Basic stats: COMPLETE Column stats: NONE
+            Execution mode: vectorized, llap
+            LLAP IO: all inputs
+        Map 55 
+            Map Operator Tree:
+                TableScan
+                  alias: test_hive_1553
+                  filterExpr: (ds_ts is not null and test_hive_421 is not null) (type: boolean)
+                  probeDecodeDetails: cacheKey:HASH_MAP_MAPJOIN_3968_container, bigKeyColName:ds_ts, smallTablePos:1, keyRatio:1.0
+                  Statistics: Num rows: 1 Data size: 376 Basic stats: COMPLETE Column stats: NONE
+                  Filter Operator
+                    predicate: (ds_ts is not null and test_hive_421 is not null) (type: boolean)
+                    Statistics: Num rows: 1 Data size: 376 Basic stats: COMPLETE Column stats: NONE
+                    Select Operator
+                      expressions: test_hive_421 (type: string), test_hive_1547 (type: string), ds_ts (type: bigint)
+                      outputColumnNames: _col3, _col6, _col10
+                      Statistics: Num rows: 1 Data size: 376 Basic stats: COMPLETE Column stats: NONE
+                      Map Join Operator
+                        condition map:
+                             Inner Join 0 to 1
+                        keys:
+                          0 _col10 (type: bigint)
+                          1 max_partition (type: bigint)
+                        outputColumnNames: _col3, _col6
+                        input vertices:
+                          1 Map 56
+                        Statistics: Num rows: 1 Data size: 413 Basic stats: COMPLETE Column stats: NONE
+                        Reduce Output Operator
+                          key expressions: _col3 (type: string)
+                          null sort order: z
+                          sort order: +
+                          Map-reduce partition columns: _col3 (type: string)
+                          Statistics: Num rows: 1 Data size: 413 Basic stats: COMPLETE Column stats: NONE
+                          value expressions: _col6 (type: string)
+            Execution mode: vectorized, llap
+            LLAP IO: unknown
+        Map 56 
+            Map Operator Tree:
+                TableScan
+                  alias: t2
+                  filterExpr: max_partition is not null (type: boolean)
+                  Statistics: Num rows: 1 Data size: 8 Basic stats: COMPLETE Column stats: NONE
+                  Filter Operator
+                    predicate: max_partition is not null (type: boolean)
+                    Statistics: Num rows: 1 Data size: 8 Basic stats: COMPLETE Column stats: NONE
+                    Reduce Output Operator
+                      key expressions: max_partition (type: bigint)
+                      null sort order: z
+                      sort order: +
+                      Map-reduce partition columns: max_partition (type: bigint)
+                      Statistics: Num rows: 1 Data size: 8 Basic stats: COMPLETE Column stats: NONE
+            Execution mode: vectorized, llap
+            LLAP IO: all inputs
+        Map 57 
+            Map Operator Tree:
+                TableScan
+                  alias: test_hive_1229
+                  filterExpr: (ds_ts is not null and test_hive_280 is not null) (type: boolean)
+                  Statistics: Num rows: 1 Data size: 376 Basic stats: COMPLETE Column stats: NONE
+                  Filter Operator
+                    predicate: (ds_ts is not null and test_hive_280 is not null) (type: boolean)
+                    Statistics: Num rows: 1 Data size: 376 Basic stats: COMPLETE Column stats: NONE
+                    Select Operator
+                      expressions: test_hive_280 (type: string), test_hive_1224 (type: string), ds_ts (type: bigint)
+                      outputColumnNames: _col3, _col5, _col9
+                      Statistics: Num rows: 1 Data size: 376 Basic stats: COMPLETE Column stats: NONE
+                      Map Join Operator
+                        condition map:
+                             Inner Join 0 to 1
+                        keys:
+                          0 _col9 (type: bigint)
+                          1 max_partition (type: bigint)
+                        outputColumnNames: _col3, _col5
+                        input vertices:
+                          1 Map 61
+                        Statistics: Num rows: 1 Data size: 413 Basic stats: COMPLETE Column stats: NONE
+                        Reduce Output Operator
+                          key expressions: _col3 (type: string)
+                          null sort order: z
+                          sort order: +
+                          Map-reduce partition columns: _col3 (type: string)
+                          Statistics: Num rows: 1 Data size: 413 Basic stats: COMPLETE Column stats: NONE
+                          value expressions: _col5 (type: string)
+                        Reduce Output Operator
+                          key expressions: _col3 (type: string)
+                          null sort order: z
+                          sort order: +
+                          Map-reduce partition columns: _col3 (type: string)
+                          Statistics: Num rows: 1 Data size: 413 Basic stats: COMPLETE Column stats: NONE
+                          value expressions: _col5 (type: string)
+                        Reduce Output Operator
+                          key expressions: _col3 (type: string)
+                          null sort order: z
+                          sort order: +
+                          Map-reduce partition columns: _col3 (type: string)
+                          Statistics: Num rows: 1 Data size: 413 Basic stats: COMPLETE Column stats: NONE
+                          value expressions: _col5 (type: string)
+                        Reduce Output Operator
+                          key expressions: _col3 (type: string)
+                          null sort order: z
+                          sort order: +
+                          Map-reduce partition columns: _col3 (type: string)
+                          Statistics: Num rows: 1 Data size: 413 Basic stats: COMPLETE Column stats: NONE
+                          value expressions: _col5 (type: string)
+            Execution mode: vectorized, llap
+            LLAP IO: unknown
+        Map 6 
+            Map Operator Tree:
+                TableScan
+                  alias: t2
+                  filterExpr: max_partition is not null (type: boolean)
+                  Statistics: Num rows: 1 Data size: 8 Basic stats: COMPLETE Column stats: NONE
+                  Filter Operator
+                    predicate: max_partition is not null (type: boolean)
+                    Statistics: Num rows: 1 Data size: 8 Basic stats: COMPLETE Column stats: NONE
+                    Reduce Output Operator
+                      key expressions: max_partition (type: bigint)
+                      null sort order: z
+                      sort order: +
+                      Map-reduce partition columns: max_partition (type: bigint)
+                      Statistics: Num rows: 1 Data size: 8 Basic stats: COMPLETE Column stats: NONE
+            Execution mode: vectorized, llap
+            LLAP IO: all inputs
+        Map 61 
+            Map Operator Tree:
+                TableScan
+                  alias: t2
+                  filterExpr: max_partition is not null (type: boolean)
+                  Statistics: Num rows: 1 Data size: 8 Basic stats: COMPLETE Column stats: NONE
+                  Filter Operator
+                    predicate: max_partition is not null (type: boolean)
+                    Statistics: Num rows: 1 Data size: 8 Basic stats: COMPLETE Column stats: NONE
+                    Reduce Output Operator
+                      key expressions: max_partition (type: bigint)
+                      null sort order: z
+                      sort order: +
+                      Map-reduce partition columns: max_partition (type: bigint)
+                      Statistics: Num rows: 1 Data size: 8 Basic stats: COMPLETE Column stats: NONE
+            Execution mode: vectorized, llap
+            LLAP IO: all inputs
+        Map 62 
+            Map Operator Tree:
+                TableScan
+                  alias: test_hive_1617
+                  filterExpr: (ds_ts is not null and test_hive_426 is not null) (type: boolean)
+                  probeDecodeDetails: cacheKey:HASH_MAP_MAPJOIN_3971_container, bigKeyColName:ds_ts, smallTablePos:1, keyRatio:1.0
+                  Statistics: Num rows: 1 Data size: 376 Basic stats: COMPLETE Column stats: NONE
+                  Filter Operator
+                    predicate: (ds_ts is not null and test_hive_426 is not null) (type: boolean)
+                    Statistics: Num rows: 1 Data size: 376 Basic stats: COMPLETE Column stats: NONE
+                    Select Operator
+                      expressions: test_hive_426 (type: string), test_hive_1610 (type: string), ds_ts (type: bigint)
+                      outputColumnNames: _col3, _col7, _col11
+                      Statistics: Num rows: 1 Data size: 376 Basic stats: COMPLETE Column stats: NONE
+                      Map Join Operator
+                        condition map:
+                             Inner Join 0 to 1
+                        keys:
+                          0 _col11 (type: bigint)
+                          1 max_partition (type: bigint)
+                        outputColumnNames: _col3, _col7
+                        input vertices:
+                          1 Map 63
+                        Statistics: Num rows: 1 Data size: 413 Basic stats: COMPLETE Column stats: NONE
+                        Reduce Output Operator
+                          key expressions: _col3 (type: string)
+                          null sort order: z
+                          sort order: +
+                          Map-reduce partition columns: _col3 (type: string)
+                          Statistics: Num rows: 1 Data size: 413 Basic stats: COMPLETE Column stats: NONE
+                          value expressions: _col7 (type: string)
+            Execution mode: vectorized, llap
+            LLAP IO: unknown
+        Map 63 
+            Map Operator Tree:
+                TableScan
+                  alias: t2
+                  filterExpr: max_partition is not null (type: boolean)
+                  Statistics: Num rows: 1 Data size: 8 Basic stats: COMPLETE Column stats: NONE
+                  Filter Operator
+                    predicate: max_partition is not null (type: boolean)
+                    Statistics: Num rows: 1 Data size: 8 Basic stats: COMPLETE Column stats: NONE
+                    Reduce Output Operator
+                      key expressions: max_partition (type: bigint)
+                      null sort order: z
+                      sort order: +
+                      Map-reduce partition columns: max_partition (type: bigint)
+                      Statistics: Num rows: 1 Data size: 8 Basic stats: COMPLETE Column stats: NONE
+            Execution mode: vectorized, llap
+            LLAP IO: all inputs
+        Map 64 
+            Map Operator Tree:
+                TableScan
+                  alias: test_hive_1785
+                  filterExpr: (ds_ts is not null and test_hive_440 is not null) (type: boolean)
+                  probeDecodeDetails: cacheKey:HASH_MAP_MAPJOIN_3972_container, bigKeyColName:ds_ts, smallTablePos:1, keyRatio:1.0
+                  Statistics: Num rows: 1 Data size: 376 Basic stats: COMPLETE Column stats: NONE
+                  Filter Operator
+                    predicate: (ds_ts is not null and test_hive_440 is not null) (type: boolean)
+                    Statistics: Num rows: 1 Data size: 376 Basic stats: COMPLETE Column stats: NONE
+                    Select Operator
+                      expressions: test_hive_440 (type: string), test_hive_1778 (type: string), ds_ts (type: bigint)
+                      outputColumnNames: _col3, _col7, _col11
+                      Statistics: Num rows: 1 Data size: 376 Basic stats: COMPLETE Column stats: NONE
+                      Map Join Operator
+                        condition map:
+                             Inner Join 0 to 1
+                        keys:
+                          0 _col11 (type: bigint)
+                          1 max_partition (type: bigint)
+                        outputColumnNames: _col3, _col7
+                        input vertices:
+                          1 Map 65
+                        Statistics: Num rows: 1 Data size: 413 Basic stats: COMPLETE Column stats: NONE
+                        Reduce Output Operator
+                          key expressions: _col3 (type: string)
+                          null sort order: z
+                          sort order: +
+                          Map-reduce partition columns: _col3 (type: string)
+                          Statistics: Num rows: 1 Data size: 413 Basic stats: COMPLETE Column stats: NONE
+                          value expressions: _col7 (type: string)
+            Execution mode: vectorized, llap
+            LLAP IO: unknown
+        Map 65 
+            Map Operator Tree:
+                TableScan
+                  alias: t2
+                  filterExpr: max_partition is not null (type: boolean)
+                  Statistics: Num rows: 1 Data size: 8 Basic stats: COMPLETE Column stats: NONE
+                  Filter Operator
+                    predicate: max_partition is not null (type: boolean)
+                    Statistics: Num rows: 1 Data size: 8 Basic stats: COMPLETE Column stats: NONE
+                    Reduce Output Operator
+                      key expressions: max_partition (type: bigint)
+                      null sort order: z
+                      sort order: +
+                      Map-reduce partition columns: max_partition (type: bigint)
+                      Statistics: Num rows: 1 Data size: 8 Basic stats: COMPLETE Column stats: NONE
+            Execution mode: vectorized, llap
+            LLAP IO: all inputs
+        Map 66 
+            Map Operator Tree:
+                TableScan
+                  alias: test_hive_1799
+                  filterExpr: (ds_ts is not null and test_hive_441 is not null) (type: boolean)
+                  probeDecodeDetails: cacheKey:HASH_MAP_MAPJOIN_3974_container, bigKeyColName:ds_ts, smallTablePos:1, keyRatio:1.0
+                  Statistics: Num rows: 1 Data size: 376 Basic stats: COMPLETE Column stats: NONE
+                  Filter Operator
+                    predicate: (ds_ts is not null and test_hive_441 is not null) (type: boolean)
+                    Statistics: Num rows: 1 Data size: 376 Basic stats: COMPLETE Column stats: NONE
+                    Select Operator
+                      expressions: test_hive_441 (type: string), test_hive_1792 (type: string), ds_ts (type: bigint)
+                      outputColumnNames: _col3, _col7, _col11
+                      Statistics: Num rows: 1 Data size: 376 Basic stats: COMPLETE Column stats: NONE
+                      Map Join Operator
+                        condition map:
+                             Inner Join 0 to 1
+                        keys:
+                          0 _col11 (type: bigint)
+                          1 max_partition (type: bigint)
+                        outputColumnNames: _col3, _col7
+                        input vertices:
+                          1 Map 67
+                        Statistics: Num rows: 1 Data size: 413 Basic stats: COMPLETE Column stats: NONE
+                        Reduce Output Operator
+                          key expressions: _col3 (type: string)
+                          null sort order: z
+                          sort order: +
+                          Map-reduce partition columns: _col3 (type: string)
+                          Statistics: Num rows: 1 Data size: 413 Basic stats: COMPLETE Column stats: NONE
+                          value expressions: _col7 (type: string)
+            Execution mode: vectorized, llap
+            LLAP IO: unknown
+        Map 67 
+            Map Operator Tree:
+                TableScan
+                  alias: t2
+                  filterExpr: max_partition is not null (type: boolean)
+                  Statistics: Num rows: 1 Data size: 8 Basic stats: COMPLETE Column stats: NONE
+                  Filter Operator
+                    predicate: max_partition is not null (type: boolean)
+                    Statistics: Num rows: 1 Data size: 8 Basic stats: COMPLETE Column stats: NONE
+                    Reduce Output Operator
+                      key expressions: max_partition (type: bigint)
+                      null sort order: z
+                      sort order: +
+                      Map-reduce partition columns: max_partition (type: bigint)
+                      Statistics: Num rows: 1 Data size: 8 Basic stats: COMPLETE Column stats: NONE
+            Execution mode: vectorized, llap
+            LLAP IO: all inputs
+        Map 68 
+            Map Operator Tree:
+                TableScan
+                  alias: test_hive_1813
+                  filterExpr: (ds_ts is not null and test_hive_442 is not null) (type: boolean)
+                  probeDecodeDetails: cacheKey:HASH_MAP_MAPJOIN_3975_container, bigKeyColName:ds_ts, smallTablePos:1, keyRatio:1.0
+                  Statistics: Num rows: 1 Data size: 376 Basic stats: COMPLETE Column stats: NONE
+                  Filter Operator
+                    predicate: (ds_ts is not null and test_hive_442 is not null) (type: boolean)
+                    Statistics: Num rows: 1 Data size: 376 Basic stats: COMPLETE Column stats: NONE
+                    Select Operator
+                      expressions: test_hive_442 (type: string), test_hive_1806 (type: string), ds_ts (type: bigint)
+                      outputColumnNames: _col3, _col7, _col11
+                      Statistics: Num rows: 1 Data size: 376 Basic stats: COMPLETE Column stats: NONE
+                      Map Join Operator
+                        condition map:
+                             Inner Join 0 to 1
+                        keys:
+                          0 _col11 (type: bigint)
+                          1 max_partition (type: bigint)
+                        outputColumnNames: _col3, _col7
+                        input vertices:
+                          1 Map 69
+                        Statistics: Num rows: 1 Data size: 413 Basic stats: COMPLETE Column stats: NONE
+                        Reduce Output Operator
+                          key expressions: _col3 (type: string)
+                          null sort order: z
+                          sort order: +
+                          Map-reduce partition columns: _col3 (type: string)
+                          Statistics: Num rows: 1 Data size: 413 Basic stats: COMPLETE Column stats: NONE
+                          value expressions: _col7 (type: string)
+            Execution mode: vectorized, llap
+            LLAP IO: unknown
+        Map 69 
+            Map Operator Tree:
+                TableScan
+                  alias: t2
+                  filterExpr: max_partition is not null (type: boolean)
+                  Statistics: Num rows: 1 Data size: 8 Basic stats: COMPLETE Column stats: NONE
+                  Filter Operator
+                    predicate: max_partition is not null (type: boolean)
+                    Statistics: Num rows: 1 Data size: 8 Basic stats: COMPLETE Column stats: NONE
+                    Reduce Output Operator
+                      key expressions: max_partition (type: bigint)
+                      null sort order: z
+                      sort order: +
+                      Map-reduce partition columns: max_partition (type: bigint)
+                      Statistics: Num rows: 1 Data size: 8 Basic stats: COMPLETE Column stats: NONE
+            Execution mode: vectorized, llap
+            LLAP IO: all inputs
+        Map 7 
+            Map Operator Tree:
+                TableScan
+                  alias: test_hive_1279
+                  filterExpr: (ds_ts is not null and test_hive_308 is not null) (type: boolean)
+                  probeDecodeDetails: cacheKey:HASH_MAP_MAPJOIN_3944_container, bigKeyColName:ds_ts, smallTablePos:1, keyRatio:1.0
+                  Statistics: Num rows: 1 Data size: 376 Basic stats: COMPLETE Column stats: NONE
+                  Filter Operator
+                    predicate: (ds_ts is not null and test_hive_308 is not null) (type: boolean)
+                    Statistics: Num rows: 1 Data size: 376 Basic stats: COMPLETE Column stats: NONE
+                    Select Operator
+                      expressions: test_hive_308 (type: string), test_hive_1274 (type: string), ds_ts (type: bigint)
+                      outputColumnNames: _col3, _col5, _col9
+                      Statistics: Num rows: 1 Data size: 376 Basic stats: COMPLETE Column stats: NONE
+                      Map Join Operator
+                        condition map:
+                             Inner Join 0 to 1
+                        keys:
+                          0 _col9 (type: bigint)
+                          1 max_partition (type: bigint)
+                        outputColumnNames: _col3, _col5
+                        input vertices:
+                          1 Map 8
+                        Statistics: Num rows: 1 Data size: 413 Basic stats: COMPLETE Column stats: NONE
+                        Reduce Output Operator
+                          key expressions: _col3 (type: string)
+                          null sort order: z
+                          sort order: +
+                          Map-reduce partition columns: _col3 (type: string)
+                          Statistics: Num rows: 1 Data size: 413 Basic stats: COMPLETE Column stats: NONE
+                          value expressions: _col5 (type: string)
+            Execution mode: vectorized, llap
+            LLAP IO: unknown
+        Map 70 
+            Map Operator Tree:
+                TableScan
+                  alias: test_hive_1840
+                  filterExpr: (ds_ts is not null and test_hive_444 is not null) (type: boolean)
+                  probeDecodeDetails: cacheKey:HASH_MAP_MAPJOIN_3976_container, bigKeyColName:ds_ts, smallTablePos:1, keyRatio:1.0
+                  Statistics: Num rows: 1 Data size: 376 Basic stats: COMPLETE Column stats: NONE
+                  Filter Operator
+                    predicate: (ds_ts is not null and test_hive_444 is not null) (type: boolean)
+                    Statistics: Num rows: 1 Data size: 376 Basic stats: COMPLETE Column stats: NONE
+                    Select Operator
+                      expressions: test_hive_444 (type: string), test_hive_1834 (type: string), ds_ts (type: bigint)
+                      outputColumnNames: _col3, _col6, _col10
+                      Statistics: Num rows: 1 Data size: 376 Basic stats: COMPLETE Column stats: NONE
+                      Map Join Operator
+                        condition map:
+                             Inner Join 0 to 1
+                        keys:
+                          0 _col10 (type: bigint)
+                          1 max_partition (type: bigint)
+                        outputColumnNames: _col3, _col6
+                        input vertices:
+                          1 Map 71
+                        Statistics: Num rows: 1 Data size: 413 Basic stats: COMPLETE Column stats: NONE
+                        Reduce Output Operator
+                          key expressions: _col3 (type: string)
+                          null sort order: z
+                          sort order: +
+                          Map-reduce partition columns: _col3 (type: string)
+                          Statistics: Num rows: 1 Data size: 413 Basic stats: COMPLETE Column stats: NONE
+                          value expressions: _col6 (type: string)
+            Execution mode: vectorized, llap
+            LLAP IO: unknown
+        Map 71 
+            Map Operator Tree:
+                TableScan
+                  alias: t2
+                  filterExpr: max_partition is not null (type: boolean)
+                  Statistics: Num rows: 1 Data size: 8 Basic stats: COMPLETE Column stats: NONE
+                  Filter Operator
+                    predicate: max_partition is not null (type: boolean)
+                    Statistics: Num rows: 1 Data size: 8 Basic stats: COMPLETE Column stats: NONE
+                    Reduce Output Operator
+                      key expressions: max_partition (type: bigint)
+                      null sort order: z
+                      sort order: +
+                      Map-reduce partition columns: max_partition (type: bigint)
+                      Statistics: Num rows: 1 Data size: 8 Basic stats: COMPLETE Column stats: NONE
+            Execution mode: vectorized, llap
+            LLAP IO: all inputs
+        Map 72 
+            Map Operator Tree:
+                TableScan
+                  alias: test_hive_1852
+                  filterExpr: (ds_ts is not null and UDFToDouble(CAST( test_hive_445 AS decimal(10,0))) is not null) (type: boolean)
+                  probeDecodeDetails: cacheKey:HASH_MAP_MAPJOIN_3977_container, bigKeyColName:ds_ts, smallTablePos:1, keyRatio:1.0
+                  Statistics: Num rows: 1 Data size: 376 Basic stats: COMPLETE Column stats: NONE
+                  Filter Operator
+                    predicate: (ds_ts is not null and UDFToDouble(CAST( test_hive_445 AS decimal(10,0))) is not null) (type: boolean)
+                    Statistics: Num rows: 1 Data size: 376 Basic stats: COMPLETE Column stats: NONE
+                    Select Operator
+                      expressions: CAST( test_hive_445 AS decimal(10,0)) (type: decimal(10,0)), test_hive_1847 (type: string), ds_ts (type: bigint)
+                      outputColumnNames: _col3, _col5, _col9
+                      Statistics: Num rows: 1 Data size: 376 Basic stats: COMPLETE Column stats: NONE
+                      Map Join Operator
+                        condition map:
+                             Inner Join 0 to 1
+                        keys:
+                          0 _col9 (type: bigint)
+                          1 max_partition (type: bigint)
+                        outputColumnNames: _col3, _col5
+                        input vertices:
+                          1 Map 73
+                        Statistics: Num rows: 1 Data size: 413 Basic stats: COMPLETE Column stats: NONE
+                        Reduce Output Operator
+                          key expressions: UDFToDouble(_col3) (type: double)
+                          null sort order: z
+                          sort order: +
+                          Map-reduce partition columns: UDFToDouble(_col3) (type: double)
+                          Statistics: Num rows: 1 Data size: 413 Basic stats: COMPLETE Column stats: NONE
+                          value expressions: _col5 (type: string)
+            Execution mode: vectorized, llap
+            LLAP IO: unknown
+        Map 73 
+            Map Operator Tree:
+                TableScan
+                  alias: t2
+                  filterExpr: max_partition is not null (type: boolean)
+                  Statistics: Num rows: 1 Data size: 8 Basic stats: COMPLETE Column stats: NONE
+                  Filter Operator
+                    predicate: max_partition is not null (type: boolean)
+                    Statistics: Num rows: 1 Data size: 8 Basic stats: COMPLETE Column stats: NONE
+                    Reduce Output Operator
+                      key expressions: max_partition (type: bigint)
+                      null sort order: z
+                      sort order: +
+                      Map-reduce partition columns: max_partition (type: bigint)
+                      Statistics: Num rows: 1 Data size: 8 Basic stats: COMPLETE Column stats: NONE
+            Execution mode: vectorized, llap
+            LLAP IO: all inputs
+        Map 74 
+            Map Operator Tree:
+                TableScan
+                  alias: test_hive_1864
+                  filterExpr: (ds_ts is not null and test_hive_446 is not null) (type: boolean)
+                  probeDecodeDetails: cacheKey:HASH_MAP_MAPJOIN_3978_container, bigKeyColName:ds_ts, smallTablePos:1, keyRatio:1.0
+                  Statistics: Num rows: 1 Data size: 376 Basic stats: COMPLETE Column stats: NONE
+                  Filter Operator
+                    predicate: (ds_ts is not null and test_hive_446 is not null) (type: boolean)
+                    Statistics: Num rows: 1 Data size: 376 Basic stats: COMPLETE Column stats: NONE
+                    Select Operator
+                      expressions: test_hive_446 (type: string), test_hive_1859 (type: string), ds_ts (type: bigint)
+                      outputColumnNames: _col3, _col5, _col9
+                      Statistics: Num rows: 1 Data size: 376 Basic stats: COMPLETE Column stats: NONE
+                      Map Join Operator
+                        condition map:
+                             Inner Join 0 to 1
+                        keys:
+                          0 _col9 (type: bigint)
+                          1 max_partition (type: bigint)
+                        outputColumnNames: _col3, _col5
+                        input vertices:
+                          1 Map 75
+                        Statistics: Num rows: 1 Data size: 413 Basic stats: COMPLETE Column stats: NONE
+                        Reduce Output Operator
+                          key expressions: _col3 (type: string)
+                          null sort order: z
+                          sort order: +
+                          Map-reduce partition columns: _col3 (type: string)
+                          Statistics: Num rows: 1 Data size: 413 Basic stats: COMPLETE Column stats: NONE
+                          value expressions: _col5 (type: string)
+            Execution mode: vectorized, llap
+            LLAP IO: unknown
+        Map 75 
+            Map Operator Tree:
+                TableScan
+                  alias: t2
+                  filterExpr: max_partition is not null (type: boolean)
+                  Statistics: Num rows: 1 Data size: 8 Basic stats: COMPLETE Column stats: NONE
+                  Filter Operator
+                    predicate: max_partition is not null (type: boolean)
+                    Statistics: Num rows: 1 Data size: 8 Basic stats: COMPLETE Column stats: NONE
+                    Reduce Output Operator
+                      key expressions: max_partition (type: bigint)
+                      null sort order: z
+                      sort order: +
+                      Map-reduce partition columns: max_partition (type: bigint)
+                      Statistics: Num rows: 1 Data size: 8 Basic stats: COMPLETE Column stats: NONE
+            Execution mode: vectorized, llap
+            LLAP IO: all inputs
+        Map 76 
+            Map Operator Tree:
+                TableScan
+                  alias: test_hive_1876
+                  filterExpr: (ds_ts is not null and test_hive_447 is not null) (type: boolean)
+                  probeDecodeDetails: cacheKey:HASH_MAP_MAPJOIN_3979_container, bigKeyColName:ds_ts, smallTablePos:1, keyRatio:1.0
+                  Statistics: Num rows: 1 Data size: 376 Basic stats: COMPLETE Column stats: NONE
+                  Filter Operator
+                    predicate: (ds_ts is not null and test_hive_447 is not null) (type: boolean)
+                    Statistics: Num rows: 1 Data size: 376 Basic stats: COMPLETE Column stats: NONE
+                    Select Operator
+                      expressions: test_hive_447 (type: string), test_hive_1871 (type: string), ds_ts (type: bigint)
+                      outputColumnNames: _col3, _col5, _col9
+                      Statistics: Num rows: 1 Data size: 376 Basic stats: COMPLETE Column stats: NONE
+                      Map Join Operator
+                        condition map:
+                             Inner Join 0 to 1
+                        keys:
+                          0 _col9 (type: bigint)
+                          1 max_partition (type: bigint)
+                        outputColumnNames: _col3, _col5
+                        input vertices:
+                          1 Map 77
+                        Statistics: Num rows: 1 Data size: 413 Basic stats: COMPLETE Column stats: NONE
+                        Reduce Output Operator
+                          key expressions: _col3 (type: string)
+                          null sort order: z
+                          sort order: +
+                          Map-reduce partition columns: _col3 (type: string)
+                          Statistics: Num rows: 1 Data size: 413 Basic stats: COMPLETE Column stats: NONE
+                          value expressions: _col5 (type: string)
+            Execution mode: vectorized, llap
+            LLAP IO: unknown
+        Map 77 
+            Map Operator Tree:
+                TableScan
+                  alias: t2
+                  filterExpr: max_partition is not null (type: boolean)
+                  Statistics: Num rows: 1 Data size: 8 Basic stats: COMPLETE Column stats: NONE
+                  Filter Operator
+                    predicate: max_partition is not null (type: boolean)
+                    Statistics: Num rows: 1 Data size: 8 Basic stats: COMPLETE Column stats: NONE
+                    Reduce Output Operator
+                      key expressions: max_partition (type: bigint)
+                      null sort order: z
+                      sort order: +
+                      Map-reduce partition columns: max_partition (type: bigint)
+                      Statistics: Num rows: 1 Data size: 8 Basic stats: COMPLETE Column stats: NONE
+            Execution mode: vectorized, llap
+            LLAP IO: all inputs
+        Map 78 
+            Map Operator Tree:
+                TableScan
+                  alias: test_hive_1900
+                  filterExpr: (ds_ts is not null and test_hive_449 is not null) (type: boolean)
+                  probeDecodeDetails: cacheKey:HASH_MAP_MAPJOIN_3982_container, bigKeyColName:ds_ts, smallTablePos:1, keyRatio:1.0
+                  Statistics: Num rows: 1 Data size: 376 Basic stats: COMPLETE Column stats: NONE
+                  Filter Operator
+                    predicate: (ds_ts is not null and test_hive_449 is not null) (type: boolean)
+                    Statistics: Num rows: 1 Data size: 376 Basic stats: COMPLETE Column stats: NONE
+                    Select Operator
+                      expressions: test_hive_449 (type: string), test_hive_1895 (type: string), ds_ts (type: bigint)
+                      outputColumnNames: _col3, _col5, _col9
+                      Statistics: Num rows: 1 Data size: 376 Basic stats: COMPLETE Column stats: NONE
+                      Map Join Operator
+                        condition map:
+                             Inner Join 0 to 1
+                        keys:
+                          0 _col9 (type: bigint)
+                          1 max_partition (type: bigint)
+                        outputColumnNames: _col3, _col5
+                        input vertices:
+                          1 Map 79
+                        Statistics: Num rows: 1 Data size: 413 Basic stats: COMPLETE Column stats: NONE
+                        Reduce Output Operator
+                          key expressions: _col3 (type: string)
+                          null sort order: z
+                          sort order: +
+                          Map-reduce partition columns: _col3 (type: string)
+                          Statistics: Num rows: 1 Data size: 413 Basic stats: COMPLETE Column stats: NONE
+                          value expressions: _col5 (type: string)
+            Execution mode: vectorized, llap
+            LLAP IO: unknown
+        Map 79 
+            Map Operator Tree:
+                TableScan
+                  alias: t2
+                  filterExpr: max_partition is not null (type: boolean)
+                  Statistics: Num rows: 1 Data size: 8 Basic stats: COMPLETE Column stats: NONE
+                  Filter Operator
+                    predicate: max_partition is not null (type: boolean)
+                    Statistics: Num rows: 1 Data size: 8 Basic stats: COMPLETE Column stats: NONE
+                    Reduce Output Operator
+                      key expressions: max_partition (type: bigint)
+                      null sort order: z
+                      sort order: +
+                      Map-reduce partition columns: max_partition (type: bigint)
+                      Statistics: Num rows: 1 Data size: 8 Basic stats: COMPLETE Column stats: NONE
+            Execution mode: vectorized, llap
+            LLAP IO: all inputs
+        Map 8 
+            Map Operator Tree:
+                TableScan
+                  alias: t2
+                  filterExpr: max_partition is not null (type: boolean)
+                  Statistics: Num rows: 1 Data size: 8 Basic stats: COMPLETE Column stats: NONE
+                  Filter Operator
+                    predicate: max_partition is not null (type: boolean)
+                    Statistics: Num rows: 1 Data size: 8 Basic stats: COMPLETE Column stats: NONE
+                    Reduce Output Operator
+                      key expressions: max_partition (type: bigint)
+                      null sort order: z
+                      sort order: +
+                      Map-reduce partition columns: max_partition (type: bigint)
+                      Statistics: Num rows: 1 Data size: 8 Basic stats: COMPLETE Column stats: NONE
+            Execution mode: vectorized, llap
+            LLAP IO: all inputs
+        Map 80 
+            Map Operator Tree:
+                TableScan
+                  alias: test_hive_1913
+                  filterExpr: (ds_ts is not null and test_hive_450 is not null) (type: boolean)
+                  probeDecodeDetails: cacheKey:HASH_MAP_MAPJOIN_3983_container, bigKeyColName:ds_ts, smallTablePos:1, keyRatio:1.0
+                  Statistics: Num rows: 1 Data size: 376 Basic stats: COMPLETE Column stats: NONE
+                  Filter Operator
+                    predicate: (ds_ts is not null and test_hive_450 is not null) (type: boolean)
+                    Statistics: Num rows: 1 Data size: 376 Basic stats: COMPLETE Column stats: NONE
+                    Select Operator
+                      expressions: test_hive_450 (type: string), test_hive_1907 (type: string), ds_ts (type: bigint)
+                      outputColumnNames: _col3, _col6, _col10
+                      Statistics: Num rows: 1 Data size: 376 Basic stats: COMPLETE Column stats: NONE
+                      Map Join Operator
+                        condition map:
+                             Inner Join 0 to 1
+                        keys:
+                          0 _col10 (type: bigint)
+                          1 max_partition (type: bigint)
+                        outputColumnNames: _col3, _col6
+                        input vertices:
+                          1 Map 81
+                        Statistics: Num rows: 1 Data size: 413 Basic stats: COMPLETE Column stats: NONE
+                        Reduce Output Operator
+                          key expressions: _col3 (type: string)
+                          null sort order: z
+                          sort order: +
+                          Map-reduce partition columns: _col3 (type: string)
+                          Statistics: Num rows: 1 Data size: 413 Basic stats: COMPLETE Column stats: NONE
+                          value expressions: _col6 (type: string)
+            Execution mode: vectorized, llap
+            LLAP IO: unknown
+        Map 81 
+            Map Operator Tree:
+                TableScan
+                  alias: t2
+                  filterExpr: max_partition is not null (type: boolean)
+                  Statistics: Num rows: 1 Data size: 8 Basic stats: COMPLETE Column stats: NONE
+                  Filter Operator
+                    predicate: max_partition is not null (type: boolean)
+                    Statistics: Num rows: 1 Data size: 8 Basic stats: COMPLETE Column stats: NONE
+                    Reduce Output Operator
+                      key expressions: max_partition (type: bigint)
+                      null sort order: z
+                      sort order: +
+                      Map-reduce partition columns: max_partition (type: bigint)
+                      Statistics: Num rows: 1 Data size: 8 Basic stats: COMPLETE Column stats: NONE
+            Execution mode: vectorized, llap
+            LLAP IO: all inputs
+        Map 82 
+            Map Operator Tree:
+                TableScan
+                  alias: test_hive_1941
+                  filterExpr: (ds_ts is not null and test_hive_451 is not null) (type: boolean)
+                  probeDecodeDetails: cacheKey:HASH_MAP_MAPJOIN_3984_container, bigKeyColName:ds_ts, smallTablePos:1, keyRatio:1.0
+                  Statistics: Num rows: 1 Data size: 376 Basic stats: COMPLETE Column stats: NONE
+                  Filter Operator
+                    predicate: (ds_ts is not null and test_hive_451 is not null) (type: boolean)
+                    Statistics: Num rows: 1 Data size: 376 Basic stats: COMPLETE Column stats: NONE
+                    Select Operator
+                      expressions: test_hive_451 (type: string), test_hive_1935 (type: string), ds_ts (type: bigint)
+                      outputColumnNames: _col3, _col6, _col10
+                      Statistics: Num rows: 1 Data size: 376 Basic stats: COMPLETE Column stats: NONE
+                      Map Join Operator
+                        condition map:
+                             Inner Join 0 to 1
+                        keys:
+                          0 _col10 (type: bigint)
+                          1 max_partition (type: bigint)
+                        outputColumnNames: _col3, _col6
+                        input vertices:
+                          1 Map 83
+                        Statistics: Num rows: 1 Data size: 413 Basic stats: COMPLETE Column stats: NONE
+                        Reduce Output Operator
+                          key expressions: _col3 (type: string)
+                          null sort order: z
+                          sort order: +
+                          Map-reduce partition columns: _col3 (type: string)
+                          Statistics: Num rows: 1 Data size: 413 Basic stats: COMPLETE Column stats: NONE
+                          value expressions: _col6 (type: string)
+            Execution mode: vectorized, llap
+            LLAP IO: unknown
+        Map 83 
+            Map Operator Tree:
+                TableScan
+                  alias: t2
+                  filterExpr: max_partition is not null (type: boolean)
+                  Statistics: Num rows: 1 Data size: 8 Basic stats: COMPLETE Column stats: NONE
+                  Filter Operator
+                    predicate: max_partition is not null (type: boolean)
+                    Statistics: Num rows: 1 Data size: 8 Basic stats: COMPLETE Column stats: NONE
+                    Reduce Output Operator
+                      key expressions: max_partition (type: bigint)
+                      null sort order: z
+                      sort order: +
+                      Map-reduce partition columns: max_partition (type: bigint)
+                      Statistics: Num rows: 1 Data size: 8 Basic stats: COMPLETE Column stats: NONE
+            Execution mode: vectorized, llap
+            LLAP IO: all inputs
+        Map 84 
+            Map Operator Tree:
+                TableScan
+                  alias: test_hive_2016
+                  filterExpr: (ds_ts is not null and test_hive_457 is not null) (type: boolean)
+                  probeDecodeDetails: cacheKey:HASH_MAP_MAPJOIN_3985_container, bigKeyColName:ds_ts, smallTablePos:1, keyRatio:1.0
+                  Statistics: Num rows: 1 Data size: 376 Basic stats: COMPLETE Column stats: NONE
+                  Filter Operator
+                    predicate: (ds_ts is not null and test_hive_457 is not null) (type: boolean)
+                    Statistics: Num rows: 1 Data size: 376 Basic stats: COMPLETE Column stats: NONE
+                    Select Operator
+                      expressions: test_hive_457 (type: string), test_hive_2010 (type: string), ds_ts (type: bigint)
+                      outputColumnNames: _col3, _col6, _col10
+                      Statistics: Num rows: 1 Data size: 376 Basic stats: COMPLETE Column stats: NONE
+                      Map Join Operator
+                        condition map:
+                             Inner Join 0 to 1
+                        keys:
+                          0 _col10 (type: bigint)
+                          1 max_partition (type: bigint)
+                        outputColumnNames: _col3, _col6
+                        input vertices:
+                          1 Map 85
+                        Statistics: Num rows: 1 Data size: 413 Basic stats: COMPLETE Column stats: NONE
+                        Reduce Output Operator
+                          key expressions: _col3 (type: string)
+                          null sort order: z
+                          sort order: +
+                          Map-reduce partition columns: _col3 (type: string)
+                          Statistics: Num rows: 1 Data size: 413 Basic stats: COMPLETE Column stats: NONE
+                          value expressions: _col6 (type: string)
+            Execution mode: vectorized, llap
+            LLAP IO: unknown
+        Map 85 
+            Map Operator Tree:
+                TableScan
+                  alias: t2
+                  filterExpr: max_partition is not null (type: boolean)
+                  Statistics: Num rows: 1 Data size: 8 Basic stats: COMPLETE Column stats: NONE
+                  Filter Operator
+                    predicate: max_partition is not null (type: boolean)
+                    Statistics: Num rows: 1 Data size: 8 Basic stats: COMPLETE Column stats: NONE
+                    Reduce Output Operator
+                      key expressions: max_partition (type: bigint)
+                      null sort order: z
+                      sort order: +
+                      Map-reduce partition columns: max_partition (type: bigint)
+                      Statistics: Num rows: 1 Data size: 8 Basic stats: COMPLETE Column stats: NONE
+            Execution mode: vectorized, llap
+            LLAP IO: all inputs
+        Map 86 
+            Map Operator Tree:
+                TableScan
+                  alias: test_hive_2030
+                  filterExpr: (ds_ts is not null and test_hive_458 is not null) (type: boolean)
+                  probeDecodeDetails: cacheKey:HASH_MAP_MAPJOIN_3986_container, bigKeyColName:ds_ts, smallTablePos:1, keyRatio:1.0
+                  Statistics: Num rows: 1 Data size: 376 Basic stats: COMPLETE Column stats: NONE
+                  Filter Operator
+                    predicate: (ds_ts is not null and test_hive_458 is not null) (type: boolean)
+                    Statistics: Num rows: 1 Data size: 376 Basic stats: COMPLETE Column stats: NONE
+                    Select Operator
+                      expressions: test_hive_458 (type: string), test_hive_2023 (type: string), ds_ts (type: bigint)
+                      outputColumnNames: _col3, _col7, _col11
+                      Statistics: Num rows: 1 Data size: 376 Basic stats: COMPLETE Column stats: NONE
+                      Map Join Operator
+                        condition map:
+                             Inner Join 0 to 1
+                        keys:
+                          0 _col11 (type: bigint)
+                          1 max_partition (type: bigint)
+                        outputColumnNames: _col3, _col7
+                        input vertices:
+                          1 Map 87
+                        Statistics: Num rows: 1 Data size: 413 Basic stats: COMPLETE Column stats: NONE
+                        Reduce Output Operator
+                          key expressions: _col3 (type: string)
+                          null sort order: z
+                          sort order: +
+                          Map-reduce partition columns: _col3 (type: string)
+                          Statistics: Num rows: 1 Data size: 413 Basic stats: COMPLETE Column stats: NONE
+                          value expressions: _col7 (type: string)
+            Execution mode: vectorized, llap
+            LLAP IO: unknown
+        Map 87 
+            Map Operator Tree:
+                TableScan
+                  alias: t2
+                  filterExpr: max_partition is not null (type: boolean)
+                  Statistics: Num rows: 1 Data size: 8 Basic stats: COMPLETE Column stats: NONE
+                  Filter Operator
+                    predicate: max_partition is not null (type: boolean)
+                    Statistics: Num rows: 1 Data size: 8 Basic stats: COMPLETE Column stats: NONE
+                    Reduce Output Operator
+                      key expressions: max_partition (type: bigint)
+                      null sort order: z
+                      sort order: +
+                      Map-reduce partition columns: max_partition (type: bigint)
+                      Statistics: Num rows: 1 Data size: 8 Basic stats: COMPLETE Column stats: NONE
+            Execution mode: vectorized, llap
+            LLAP IO: all inputs
+        Map 9 
+            Map Operator Tree:
+                TableScan
+                  alias: test_hive_1965
+                  filterExpr: (ds_ts is not null and test_hive_453 is not null) (type: boolean)
+                  probeDecodeDetails: cacheKey:HASH_MAP_MAPJOIN_3945_container, bigKeyColName:ds_ts, smallTablePos:1, keyRatio:1.0
+                  Statistics: Num rows: 1 Data size: 376 Basic stats: COMPLETE Column stats: NONE
+                  Filter Operator
+                    predicate: (ds_ts is not null and test_hive_453 is not null) (type: boolean)
+                    Statistics: Num rows: 1 Data size: 376 Basic stats: COMPLETE Column stats: NONE
+                    Select Operator
+                      expressions: test_hive_453 (type: string), test_hive_1960 (type: string), ds_ts (type: bigint)
+                      outputColumnNames: _col3, _col5, _col9
+                      Statistics: Num rows: 1 Data size: 376 Basic stats: COMPLETE Column stats: NONE
+                      Map Join Operator
+                        condition map:
+                             Inner Join 0 to 1
+                        keys:
+                          0 _col9 (type: bigint)
+                          1 max_partition (type: bigint)
+                        outputColumnNames: _col3, _col5
+                        input vertices:
+                          1 Map 10
+                        Statistics: Num rows: 1 Data size: 413 Basic stats: COMPLETE Column stats: NONE
+                        Reduce Output Operator
+                          key expressions: _col3 (type: string)
+                          null sort order: z
+                          sort order: +
+                          Map-reduce partition columns: _col3 (type: string)
+                          Statistics: Num rows: 1 Data size: 413 Basic stats: COMPLETE Column stats: NONE
+                          value expressions: _col5 (type: string)
+            Execution mode: vectorized, llap
+            LLAP IO: unknown
+        Reducer 36 
+            Execution mode: vectorized, llap
+            Reduce Operator Tree:
               Select Operator
-                expressions: test_hive_280 (type: string), test_hive_1224 (type: string), ds_ts (type: bigint)
-                outputColumnNames: _col3, _col5, _col9
-                Statistics: Num rows: 1 Data size: 376 Basic stats: COMPLETE Column stats: NONE
-                Map Join Operator
-                  condition map:
-                       Inner Join 0 to 1
-                  keys:
-                    0 _col9 (type: bigint)
-                    1 max_partition (type: bigint)
-                  outputColumnNames: _col3, _col5
+                expressions: KEY.reducesinkkey0 (type: string), VALUE._col6 (type: string)
+                outputColumnNames: _col3, _col7
+                Reduce Output Operator
+                  key expressions: _col3 (type: string)
+                  null sort order: z
+                  sort order: +
+                  Map-reduce partition columns: _col3 (type: string)
                   Statistics: Num rows: 1 Data size: 413 Basic stats: COMPLETE Column stats: NONE
-                  File Output Operator
-                    compressed: false
-                    table:
-                        input format: org.apache.hadoop.mapred.SequenceFileInputFormat
-                        output format: org.apache.hadoop.hive.ql.io.HiveSequenceFileOutputFormat
-                        serde: org.apache.hadoop.hive.serde2.lazybinary.LazyBinarySerDe
-      Execution mode: vectorized
-      Local Work:
-        Map Reduce Local Work
-
-  Stage: Stage-88
-    Map Reduce
-      Map Operator Tree:
-          TableScan
-            alias: test_hive_1900
-            filterExpr: (ds_ts is not null and test_hive_449 is not null) (type: boolean)
-            Statistics: Num rows: 1 Data size: 376 Basic stats: COMPLETE Column stats: NONE
-            Filter Operator
-              predicate: (ds_ts is not null and test_hive_449 is not null) (type: boolean)
-              Statistics: Num rows: 1 Data size: 376 Basic stats: COMPLETE Column stats: NONE
+                  value expressions: _col7 (type: string)
+        Reducer 37 
+            Execution mode: vectorized, llap
+            Reduce Operator Tree:
               Select Operator
-                expressions: test_hive_449 (type: string), test_hive_1895 (type: string), ds_ts (type: bigint)
-                outputColumnNames: _col3, _col5, _col9
-                Statistics: Num rows: 1 Data size: 376 Basic stats: COMPLETE Column stats: NONE
-                Map Join Operator
-                  condition map:
-                       Inner Join 0 to 1
-                  keys:
-                    0 _col9 (type: bigint)
-                    1 max_partition (type: bigint)
-                  outputColumnNames: _col3, _col5
+                expressions: KEY.reducesinkkey0 (type: string), VALUE._col6 (type: string)
+                outputColumnNames: _col3, _col7
+                Reduce Output Operator
+                  key expressions: _col3 (type: string)
+                  null sort order: z
+                  sort order: +
+                  Map-reduce partition columns: _col3 (type: string)
                   Statistics: Num rows: 1 Data size: 413 Basic stats: COMPLETE Column stats: NONE
-                  File Output Operator
-                    compressed: false
-                    table:
-                        input format: org.apache.hadoop.mapred.SequenceFileInputFormat
-                        output format: org.apache.hadoop.hive.ql.io.HiveSequenceFileOutputFormat
-                        serde: org.apache.hadoop.hive.serde2.lazybinary.LazyBinarySerDe
-      Execution mode: vectorized
-      Local Work:
-        Map Reduce Local Work
-
-  Stage: Stage-89
-    Map Reduce
-      Map Operator Tree:
-          TableScan
-            alias: test_hive_1913
-            filterExpr: (ds_ts is not null and test_hive_450 is not null) (type: boolean)
-            Statistics: Num rows: 1 Data size: 376 Basic stats: COMPLETE Column stats: NONE
-            Filter Operator
-              predicate: (ds_ts is not null and test_hive_450 is not null) (type: boolean)
-              Statistics: Num rows: 1 Data size: 376 Basic stats: COMPLETE Column stats: NONE
+                  value expressions: _col7 (type: string)
+        Reducer 58 
+            Execution mode: vectorized, llap
+            Reduce Operator Tree:
               Select Operator
-                expressions: test_hive_450 (type: string), test_hive_1907 (type: string), ds_ts (type: bigint)
-                outputColumnNames: _col3, _col6, _col10
-                Statistics: Num rows: 1 Data size: 376 Basic stats: COMPLETE Column stats: NONE
-                Map Join Operator
-                  condition map:
-                       Inner Join 0 to 1
-                  keys:
-                    0 _col10 (type: bigint)
-                    1 max_partition (type: bigint)
-                  outputColumnNames: _col3, _col6
+                expressions: KEY.reducesinkkey0 (type: string), VALUE._col4 (type: string)
+                outputColumnNames: _col3, _col5
+                Reduce Output Operator
+                  key expressions: _col3 (type: string)
+                  null sort order: z
+                  sort order: +
+                  Map-reduce partition columns: _col3 (type: string)
                   Statistics: Num rows: 1 Data size: 413 Basic stats: COMPLETE Column stats: NONE
-                  File Output Operator
-                    compressed: false
-                    table:
-                        input format: org.apache.hadoop.mapred.SequenceFileInputFormat
-                        output format: org.apache.hadoop.hive.ql.io.HiveSequenceFileOutputFormat
-                        serde: org.apache.hadoop.hive.serde2.lazybinary.LazyBinarySerDe
-      Execution mode: vectorized
-      Local Work:
-        Map Reduce Local Work
-
-  Stage: Stage-90
-    Map Reduce
-      Map Operator Tree:
-          TableScan
-            alias: test_hive_1941
-            filterExpr: (ds_ts is not null and test_hive_451 is not null) (type: boolean)
-            Statistics: Num rows: 1 Data size: 376 Basic stats: COMPLETE Column stats: NONE
-            Filter Operator
-              predicate: (ds_ts is not null and test_hive_451 is not null) (type: boolean)
-              Statistics: Num rows: 1 Data size: 376 Basic stats: COMPLETE Column stats: NONE
+                  value expressions: _col5 (type: string)
+        Reducer 59 
+            Execution mode: vectorized, llap
+            Reduce Operator Tree:
               Select Operator
-                expressions: test_hive_451 (type: string), test_hive_1935 (type: string), ds_ts (type: bigint)
-                outputColumnNames: _col3, _col6, _col10
-                Statistics: Num rows: 1 Data size: 376 Basic stats: COMPLETE Column stats: NONE
-                Map Join Operator
-                  condition map:
-                       Inner Join 0 to 1
-                  keys:
-                    0 _col10 (type: bigint)
-                    1 max_partition (type: bigint)
-                  outputColumnNames: _col3, _col6
+                expressions: KEY.reducesinkkey0 (type: string), VALUE._col4 (type: string)
+                outputColumnNames: _col3, _col5
+                Reduce Output Operator
+                  key expressions: _col3 (type: string)
+                  null sort order: z
+                  sort order: +
+                  Map-reduce partition columns: _col3 (type: string)
                   Statistics: Num rows: 1 Data size: 413 Basic stats: COMPLETE Column stats: NONE
-                  File Output Operator
-                    compressed: false
-                    table:
-                        input format: org.apache.hadoop.mapred.SequenceFileInputFormat
-                        output format: org.apache.hadoop.hive.ql.io.HiveSequenceFileOutputFormat
-                        serde: org.apache.hadoop.hive.serde2.lazybinary.LazyBinarySerDe
-      Execution mode: vectorized
-      Local Work:
-        Map Reduce Local Work
-
-  Stage: Stage-91
-    Map Reduce
-      Map Operator Tree:
-          TableScan
-            alias: test_hive_2016
-            filterExpr: (ds_ts is not null and test_hive_457 is not null) (type: boolean)
-            Statistics: Num rows: 1 Data size: 376 Basic stats: COMPLETE Column stats: NONE
-            Filter Operator
-              predicate: (ds_ts is not null and test_hive_457 is not null) (type: boolean)
-              Statistics: Num rows: 1 Data size: 376 Basic stats: COMPLETE Column stats: NONE
+                  value expressions: _col5 (type: string)
+        Reducer 60 
+            Execution mode: vectorized, llap
+            Reduce Operator Tree:
               Select Operator
-                expressions: test_hive_457 (type: string), test_hive_2010 (type: string), ds_ts (type: bigint)
-                outputColumnNames: _col3, _col6, _col10
-                Statistics: Num rows: 1 Data size: 376 Basic stats: COMPLETE Column stats: NONE
-                Map Join Operator
-                  condition map:
-                       Inner Join 0 to 1
-                  keys:
-                    0 _col10 (type: bigint)
-                    1 max_partition (type: bigint)
-                  outputColumnNames: _col3, _col6
+                expressions: KEY.reducesinkkey0 (type: string), VALUE._col4 (type: string)
+                outputColumnNames: _col3, _col5
+                Reduce Output Operator
+                  key expressions: _col3 (type: string)
+                  null sort order: z
+                  sort order: +
+                  Map-reduce partition columns: _col3 (type: string)
                   Statistics: Num rows: 1 Data size: 413 Basic stats: COMPLETE Column stats: NONE
-                  File Output Operator
-                    compressed: false
-                    table:
-                        input format: org.apache.hadoop.mapred.SequenceFileInputFormat
-                        output format: org.apache.hadoop.hive.ql.io.HiveSequenceFileOutputFormat
-                        serde: org.apache.hadoop.hive.serde2.lazybinary.LazyBinarySerDe
-      Execution mode: vectorized
-      Local Work:
-        Map Reduce Local Work
+                  value expressions: _col5 (type: string)
 
-  Stage: Stage-92
-    Map Reduce
-      Map Operator Tree:
-          TableScan
-            alias: test_hive_2030
-            filterExpr: (ds_ts is not null and test_hive_458 is not null) (type: boolean)
-            Statistics: Num rows: 1 Data size: 376 Basic stats: COMPLETE Column stats: NONE
-            Filter Operator
-              predicate: (ds_ts is not null and test_hive_458 is not null) (type: boolean)
-              Statistics: Num rows: 1 Data size: 376 Basic stats: COMPLETE Column stats: NONE
-              Select Operator
-                expressions: test_hive_458 (type: string), test_hive_2023 (type: string), ds_ts (type: bigint)
-                outputColumnNames: _col3, _col7, _col11
-                Statistics: Num rows: 1 Data size: 376 Basic stats: COMPLETE Column stats: NONE
-                Map Join Operator
-                  condition map:
-                       Inner Join 0 to 1
-                  keys:
-                    0 _col11 (type: bigint)
-                    1 max_partition (type: bigint)
-                  outputColumnNames: _col3, _col7
-                  Statistics: Num rows: 1 Data size: 413 Basic stats: COMPLETE Column stats: NONE
-                  File Output Operator
-                    compressed: false
-                    table:
-                        input format: org.apache.hadoop.mapred.SequenceFileInputFormat
-                        output format: org.apache.hadoop.hive.ql.io.HiveSequenceFileOutputFormat
-                        serde: org.apache.hadoop.hive.serde2.lazybinary.LazyBinarySerDe
-      Execution mode: vectorized
-      Local Work:
-        Map Reduce Local Work
-
-  Stage: Stage-93
-    Conditional Operator
-
-  Stage: Stage-94
+  Stage: Stage-2
     Fetch Operator
       limit: -1
       Processor Tree:
