diff --git a/ql/src/test/results/clientpositive/llap/query_history.q.out b/ql/src/test/results/clientpositive/llap/query_history.q.out
index 613918e0a1..448aa0e27c 100644
--- a/ql/src/test/results/clientpositive/llap/query_history.q.out
+++ b/ql/src/test/results/clientpositive/llap/query_history.q.out
@@ -144,7 +144,7 @@ STAGE PLANS:
                         Statistics: Num rows: 1 Data size: 8 Basic stats: COMPLETE Column stats: COMPLETE
                         Reduce Output Operator
                           key expressions: _col1 (type: string)
-                          null sort order: a
+                          null sort order: z
                           sort order: +
                           Map-reduce partition columns: _col1 (type: string)
                           Statistics: Num rows: 1 Data size: 8 Basic stats: COMPLETE Column stats: COMPLETE
