diff --git a/iceberg/iceberg-handler/src/test/results/positive/delete_iceberg_copy_on_write_partitioned.q.out b/iceberg/iceberg-handler/src/test/results/positive/delete_iceberg_copy_on_write_partitioned.q.out
index f7b4d905ba..6e6d2da48e 100644
--- a/iceberg/iceberg-handler/src/test/results/positive/delete_iceberg_copy_on_write_partitioned.q.out
+++ b/iceberg/iceberg-handler/src/test/results/positive/delete_iceberg_copy_on_write_partitioned.q.out
@@ -202,9 +202,9 @@ STAGE PLANS:
                   Statistics: Num rows: 3 Data size: 12 Basic stats: COMPLETE Column stats: NONE
                   Filter Operator
                     predicate: (a <= 5) (type: boolean)
-                    Statistics: Num rows: 3 Data size: 12 Basic stats: COMPLETE Column stats: NONE
+                    Statistics: Num rows: 2 Data size: 8 Basic stats: COMPLETE Column stats: NONE
                     Select Operator
-                      Statistics: Num rows: 3 Data size: 12 Basic stats: COMPLETE Column stats: NONE
+                      Statistics: Num rows: 2 Data size: 8 Basic stats: COMPLETE Column stats: NONE
                       Group By Operator
                         aggregations: count()
                         minReductionHashAggr: 0.99
@@ -219,19 +219,19 @@ STAGE PLANS:
                     Select Operator
                       expressions: a (type: int)
                       outputColumnNames: a
-                      Statistics: Num rows: 3 Data size: 12 Basic stats: COMPLETE Column stats: NONE
+                      Statistics: Num rows: 2 Data size: 8 Basic stats: COMPLETE Column stats: NONE
                       Group By Operator
                         keys: a (type: int)
                         minReductionHashAggr: 0.99
                         mode: hash
                         outputColumnNames: _col0
-                        Statistics: Num rows: 3 Data size: 12 Basic stats: COMPLETE Column stats: NONE
+                        Statistics: Num rows: 2 Data size: 8 Basic stats: COMPLETE Column stats: NONE
                         Reduce Output Operator
                           key expressions: _col0 (type: int)
                           null sort order: z
                           sort order: +
                           Map-reduce partition columns: _col0 (type: int)
-                          Statistics: Num rows: 3 Data size: 12 Basic stats: COMPLETE Column stats: NONE
+                          Statistics: Num rows: 2 Data size: 8 Basic stats: COMPLETE Column stats: NONE
                       Group By Operator
                         aggregations: count(), count(a)
                         minReductionHashAggr: 0.99
@@ -244,7 +244,7 @@ STAGE PLANS:
                           Statistics: Num rows: 1 Data size: 20 Basic stats: COMPLETE Column stats: NONE
                           value expressions: _col0 (type: bigint), _col1 (type: bigint)
                     Select Operator
-                      Statistics: Num rows: 3 Data size: 12 Basic stats: COMPLETE Column stats: NONE
+                      Statistics: Num rows: 2 Data size: 8 Basic stats: COMPLETE Column stats: NONE
                       Group By Operator
                         aggregations: count()
                         minReductionHashAggr: 0.99
diff --git a/iceberg/iceberg-handler/src/test/results/positive/iceberg_explain_formatted.q.out b/iceberg/iceberg-handler/src/test/results/positive/iceberg_explain_formatted.q.out
index ee00aa71a4..de466d6502 100644
--- a/iceberg/iceberg-handler/src/test/results/positive/iceberg_explain_formatted.q.out
+++ b/iceberg/iceberg-handler/src/test/results/positive/iceberg_explain_formatted.q.out
@@ -14,4 +14,4 @@ POSTHOOK: query: explain formatted select * from test
 POSTHOOK: type: QUERY
 POSTHOOK: Input: default@test
 POSTHOOK: Output: hdfs://### HDFS PATH ###
-{"CBOPlan":"{\n  \"rels\": [\n    {\n      \"id\": \"0\",\n      \"relOp\": \"org.apache.hadoop.hive.ql.optimizer.calcite.reloperators.HiveTableScan\",\n      \"table\": [\n        \"default\",\n        \"test\"\n      ],\n      \"table:alias\": \"test\",\n      \"inputs\": [],\n      \"rowCount\": 1.0,\n      \"avgRowSize\": 8.0,\n      \"rowType\": {\n        \"fields\": [\n          {\n            \"type\": \"INTEGER\",\n            \"nullable\": true,\n            \"name\": \"a\"\n          },\n          {\n            \"type\": \"INTEGER\",\n            \"nullable\": true,\n            \"name\": \"b\"\n          },\n          {\n            \"type\": \"INTEGER\",\n            \"nullable\": true,\n            \"name\": \"PARTITION__SPEC__ID\"\n          },\n          {\n            \"type\": \"BIGINT\",\n            \"nullable\": true,\n            \"name\": \"PARTITION__HASH\"\n          },\n          {\n            \"type\": \"VARCHAR\",\n            \"nullable\": true,\n            \"precision\": 2147483647,\n            \"name\": \"FILE__PATH\"\n          },\n          {\n            \"type\": \"BIGINT\",\n            \"nullable\": true,\n            \"name\": \"ROW__POSITION\"\n          },\n          {\n            \"type\": \"VARCHAR\",\n            \"nullable\": true,\n            \"precision\": 2147483647,\n            \"name\": \"PARTITION__PROJECTION\"\n          },\n          {\n            \"type\": \"BIGINT\",\n            \"nullable\": true,\n            \"name\": \"SNAPSHOT__ID\"\n          }\n        ],\n        \"nullable\": false\n      },\n      \"colStats\": [\n        {\n          \"name\": \"a\",\n          \"ndv\": 1,\n          \"minValue\": -9223372036854775808,\n          \"maxValue\": 9223372036854775807\n        },\n        {\n          \"name\": \"b\",\n          \"ndv\": 1,\n          \"minValue\": -9223372036854775808,\n          \"maxValue\": 9223372036854775807\n        }\n      ]\n    },\n    {\n      \"id\": \"1\",\n      \"relOp\": \"org.apache.hadoop.hive.ql.optimizer.calcite.reloperators.HiveProject\",\n      \"fields\": [\n        \"a\",\n        \"b\"\n      ],\n      \"exprs\": [\n        {\n          \"input\": 0,\n          \"name\": \"$0\"\n        },\n        {\n          \"input\": 1,\n          \"name\": \"$1\"\n        }\n      ],\n      \"rowCount\": 1.0\n    }\n  ]\n}","optimizedSQL":"SELECT `a`, `b`\nFROM `default`.`test`","cboInfo":"Plan optimized by CBO.","STAGE DEPENDENCIES":{"Stage-0":{"ROOT STAGE":"TRUE"}},"STAGE PLANS":{"Stage-0":{"Fetch Operator":{"limit:":"-1","Processor Tree:":{"TableScan":{"alias:":"test","columns:":["a","b"],"database:":"default","table:":"test","isTempTable:":"false","OperatorId:":"TS_0","children":{"Select Operator":{"expressions:":"a (type: int), b (type: int)","columnExprMap:":{"_col0":"a","_col1":"b"},"outputColumnNames:":["_col0","_col1"],"OperatorId:":"SEL_1","children":{"ListSink":{"OperatorId:":"LIST_SINK_3"}}}}}}}}}}
+{"CBOPlan":"{\n  \"rels\": [\n    {\n      \"id\": \"0\",\n      \"relOp\": \"org.apache.hadoop.hive.ql.optimizer.calcite.reloperators.HiveTableScan\",\n      \"table\": [\n        \"default\",\n        \"test\"\n      ],\n      \"table:alias\": \"test\",\n      \"inputs\": [],\n      \"rowCount\": 1.0,\n      \"avgRowSize\": 8.0,\n      \"rowType\": {\n        \"fields\": [\n          {\n            \"type\": \"INTEGER\",\n            \"nullable\": true,\n            \"name\": \"a\"\n          },\n          {\n            \"type\": \"INTEGER\",\n            \"nullable\": true,\n            \"name\": \"b\"\n          },\n          {\n            \"type\": \"INTEGER\",\n            \"nullable\": true,\n            \"name\": \"PARTITION__SPEC__ID\"\n          },\n          {\n            \"type\": \"BIGINT\",\n            \"nullable\": true,\n            \"name\": \"PARTITION__HASH\"\n          },\n          {\n            \"type\": \"VARCHAR\",\n            \"nullable\": true,\n            \"precision\": 2147483647,\n            \"name\": \"FILE__PATH\"\n          },\n          {\n            \"type\": \"BIGINT\",\n            \"nullable\": true,\n            \"name\": \"ROW__POSITION\"\n          },\n          {\n            \"type\": \"VARCHAR\",\n            \"nullable\": true,\n            \"precision\": 2147483647,\n            \"name\": \"PARTITION__PROJECTION\"\n          },\n          {\n            \"type\": \"BIGINT\",\n            \"nullable\": true,\n            \"name\": \"SNAPSHOT__ID\"\n          }\n        ],\n        \"nullable\": false\n      },\n      \"colStats\": [\n        {\n          \"name\": \"a\",\n          \"ndv\": 1,\n          \"minValue\": -2147483648,\n          \"maxValue\": 2147483647\n        },\n        {\n          \"name\": \"b\",\n          \"ndv\": 1,\n          \"minValue\": -2147483648,\n          \"maxValue\": 2147483647\n        }\n      ]\n    },\n    {\n      \"id\": \"1\",\n      \"relOp\": \"org.apache.hadoop.hive.ql.optimizer.calcite.reloperators.HiveProject\",\n      \"fields\": [\n        \"a\",\n        \"b\"\n      ],\n      \"exprs\": [\n        {\n          \"input\": 0,\n          \"name\": \"$0\"\n        },\n        {\n          \"input\": 1,\n          \"name\": \"$1\"\n        }\n      ],\n      \"rowCount\": 1.0\n    }\n  ]\n}","optimizedSQL":"SELECT `a`, `b`\nFROM `default`.`test`","cboInfo":"Plan optimized by CBO.","STAGE DEPENDENCIES":{"Stage-0":{"ROOT STAGE":"TRUE"}},"STAGE PLANS":{"Stage-0":{"Fetch Operator":{"limit:":"-1","Processor Tree:":{"TableScan":{"alias:":"test","columns:":["a","b"],"database:":"default","table:":"test","isTempTable:":"false","OperatorId:":"TS_0","children":{"Select Operator":{"expressions:":"a (type: int), b (type: int)","columnExprMap:":{"_col0":"a","_col1":"b"},"outputColumnNames:":["_col0","_col1"],"OperatorId:":"SEL_1","children":{"ListSink":{"OperatorId:":"LIST_SINK_3"}}}}}}}}}}
diff --git a/iceberg/iceberg-handler/src/test/results/positive/update_iceberg_copy_on_write_partitioned.q.out b/iceberg/iceberg-handler/src/test/results/positive/update_iceberg_copy_on_write_partitioned.q.out
index 46ad44e193..5d4e328faf 100644
--- a/iceberg/iceberg-handler/src/test/results/positive/update_iceberg_copy_on_write_partitioned.q.out
+++ b/iceberg/iceberg-handler/src/test/results/positive/update_iceberg_copy_on_write_partitioned.q.out
@@ -350,23 +350,23 @@ STAGE PLANS:
                   Statistics: Num rows: 5 Data size: 20 Basic stats: COMPLETE Column stats: NONE
                   Filter Operator
                     predicate: (a <= 5) (type: boolean)
-                    Statistics: Num rows: 5 Data size: 20 Basic stats: COMPLETE Column stats: NONE
+                    Statistics: Num rows: 3 Data size: 12 Basic stats: COMPLETE Column stats: NONE
                     Select Operator
                       expressions: a (type: int)
                       outputColumnNames: a
-                      Statistics: Num rows: 5 Data size: 20 Basic stats: COMPLETE Column stats: NONE
+                      Statistics: Num rows: 3 Data size: 12 Basic stats: COMPLETE Column stats: NONE
                       Group By Operator
                         keys: a (type: int)
                         minReductionHashAggr: 0.99
                         mode: hash
                         outputColumnNames: _col0
-                        Statistics: Num rows: 5 Data size: 20 Basic stats: COMPLETE Column stats: NONE
+                        Statistics: Num rows: 3 Data size: 12 Basic stats: COMPLETE Column stats: NONE
                         Reduce Output Operator
                           key expressions: _col0 (type: int)
                           null sort order: z
                           sort order: +
                           Map-reduce partition columns: _col0 (type: int)
-                          Statistics: Num rows: 5 Data size: 20 Basic stats: COMPLETE Column stats: NONE
+                          Statistics: Num rows: 3 Data size: 12 Basic stats: COMPLETE Column stats: NONE
                       Group By Operator
                         aggregations: count(), count(a)
                         minReductionHashAggr: 0.99
@@ -379,7 +379,7 @@ STAGE PLANS:
                           Statistics: Num rows: 1 Data size: 20 Basic stats: COMPLETE Column stats: NONE
                           value expressions: _col0 (type: bigint), _col1 (type: bigint)
                     Select Operator
-                      Statistics: Num rows: 5 Data size: 20 Basic stats: COMPLETE Column stats: NONE
+                      Statistics: Num rows: 3 Data size: 12 Basic stats: COMPLETE Column stats: NONE
                       Group By Operator
                         aggregations: count()
                         minReductionHashAggr: 0.99
@@ -672,38 +672,38 @@ STAGE PLANS:
                 keys: KEY._col0 (type: int)
                 mode: mergepartial
                 outputColumnNames: _col0
-                Statistics: Num rows: 2 Data size: 8 Basic stats: COMPLETE Column stats: NONE
+                Statistics: Num rows: 1 Data size: 4 Basic stats: COMPLETE Column stats: NONE
                 Select Operator
                   expressions: _col0 (type: int), true (type: boolean)
                   outputColumnNames: _col0, _col1
-                  Statistics: Num rows: 2 Data size: 8 Basic stats: COMPLETE Column stats: NONE
+                  Statistics: Num rows: 1 Data size: 4 Basic stats: COMPLETE Column stats: NONE
                   Reduce Output Operator
                     key expressions: _col0 (type: int)
                     null sort order: z
                     sort order: +
                     Map-reduce partition columns: _col0 (type: int)
-                    Statistics: Num rows: 2 Data size: 8 Basic stats: COMPLETE Column stats: NONE
+                    Statistics: Num rows: 1 Data size: 4 Basic stats: COMPLETE Column stats: NONE
                     value expressions: _col1 (type: boolean)
                   Reduce Output Operator
                     key expressions: _col0 (type: int)
                     null sort order: z
                     sort order: +
                     Map-reduce partition columns: _col0 (type: int)
-                    Statistics: Num rows: 2 Data size: 8 Basic stats: COMPLETE Column stats: NONE
+                    Statistics: Num rows: 1 Data size: 4 Basic stats: COMPLETE Column stats: NONE
                     value expressions: _col1 (type: boolean)
                   Reduce Output Operator
                     key expressions: _col0 (type: int)
                     null sort order: z
                     sort order: +
                     Map-reduce partition columns: _col0 (type: int)
-                    Statistics: Num rows: 2 Data size: 8 Basic stats: COMPLETE Column stats: NONE
+                    Statistics: Num rows: 1 Data size: 4 Basic stats: COMPLETE Column stats: NONE
                     value expressions: _col1 (type: boolean)
                   Reduce Output Operator
                     key expressions: _col0 (type: int)
                     null sort order: z
                     sort order: +
                     Map-reduce partition columns: _col0 (type: int)
-                    Statistics: Num rows: 2 Data size: 8 Basic stats: COMPLETE Column stats: NONE
+                    Statistics: Num rows: 1 Data size: 4 Basic stats: COMPLETE Column stats: NONE
                     value expressions: _col1 (type: boolean)
         Reducer 20 
             Execution mode: vectorized
diff --git a/itests/src/test/resources/testconfiguration.properties b/itests/src/test/resources/testconfiguration.properties
index c2a46d01f7..fe6fbe9bdc 100644
--- a/itests/src/test/resources/testconfiguration.properties
+++ b/itests/src/test/resources/testconfiguration.properties
@@ -24,6 +24,7 @@ minitez.query.files=\
   explainanalyze_3.q,\
   explainanalyze_4.q,\
   explainanalyze_5.q,\
+  explainanalyze_6.q,\
   explainuser_3.q,\
   flatten_union_subdir.q,\
   limit_bailout.q,\
diff --git a/ql/src/java/org/apache/hadoop/hive/ql/optimizer/stats/annotation/StatsRulesProcFactory.java b/ql/src/java/org/apache/hadoop/hive/ql/optimizer/stats/annotation/StatsRulesProcFactory.java
index 10a974ebe4..a91228fd60 100644
--- a/ql/src/java/org/apache/hadoop/hive/ql/optimizer/stats/annotation/StatsRulesProcFactory.java
+++ b/ql/src/java/org/apache/hadoop/hive/ql/optimizer/stats/annotation/StatsRulesProcFactory.java
@@ -1130,17 +1130,20 @@ private long evaluateComparator(Statistics stats, AnnotateStatsProcCtx aspCtx, E
               }
             }
           } else if (colTypeLowerCase.equals(serdeConstants.INT_TYPE_NAME) ||
-              colTypeLowerCase.equals(serdeConstants.DATE_TYPE_NAME)) {
-            int value;
+              colTypeLowerCase.equals(serdeConstants.DATE_TYPE_NAME) ||
+              colTypeLowerCase.equals(serdeConstants.TIMESTAMP_TYPE_NAME)) {
+            long value;
             if (colTypeLowerCase.equals(serdeConstants.DATE_TYPE_NAME)) {
               DateWritable writableVal = new DateWritable(java.sql.Date.valueOf(boundValue));
               value = writableVal.getDays();
+            } else if (colTypeLowerCase.equals(serdeConstants.TIMESTAMP_TYPE_NAME)) {
+              TimestampWritableV2 timestampWritable = new TimestampWritableV2(Timestamp.valueOf(boundValue));
+              value = timestampWritable.getTimestamp().toEpochSecond();
             } else {
               value = Integer.parseInt(boundValue);
             }
-            // Date is an integer internally
-            int maxValue = cs.getRange().maxValue.intValue();
-            int minValue = cs.getRange().minValue.intValue();
+            long maxValue = cs.getRange().maxValue.longValue();
+            long minValue = cs.getRange().minValue.longValue();
             if (upperBound) {
               if (maxValue < value || maxValue == value && closedBound) {
                 return currNumRows;
@@ -1166,40 +1169,42 @@ private long evaluateComparator(Statistics stats, AnnotateStatsProcCtx aspCtx, E
                 return Math.round(((double) (maxValue - value) / (maxValue - minValue)) * currNumRows);
               }
             }
-          } else if (colTypeLowerCase.equals(serdeConstants.BIGINT_TYPE_NAME) ||
-              colTypeLowerCase.equals(serdeConstants.TIMESTAMP_TYPE_NAME)) {
-            long value;
-            if (colTypeLowerCase.equals(serdeConstants.TIMESTAMP_TYPE_NAME)) {
-              TimestampWritableV2 timestampWritable = new TimestampWritableV2(Timestamp.valueOf(boundValue));
-              value = timestampWritable.getTimestamp().toEpochSecond();
-            } else {
-              value = Long.parseLong(boundValue);
-            }
-            long maxValue = cs.getRange().maxValue.longValue();
-            long minValue = cs.getRange().minValue.longValue();
+          } else if (colTypeLowerCase.startsWith(serdeConstants.DECIMAL_TYPE_NAME) ||
+              colTypeLowerCase.equals(serdeConstants.BIGINT_TYPE_NAME)) {
+            BigDecimal value = new BigDecimal(boundValue);
+            BigDecimal maxValue = new BigDecimal(cs.getRange().maxValue.toString());
+            BigDecimal minValue = new BigDecimal(cs.getRange().minValue.toString());
+            int minComparison = value.compareTo(minValue);
+            int maxComparison = value.compareTo(maxValue);
             if (upperBound) {
-              if (maxValue < value || maxValue == value && closedBound) {
+              if (maxComparison > 0 || maxComparison == 0 && closedBound) {
                 return currNumRows;
               }
-              if (minValue > value || minValue == value && !closedBound) {
+              if (minComparison < 0 || minComparison == 0 && !closedBound) {
                 return 0;
               }
               if (aspCtx.isUniformWithinRange()) {
                 // Assuming uniform distribution, we can use the range to calculate
                 // new estimate for the number of rows
-                return Math.round(((double) (value - minValue) / (maxValue - minValue)) * currNumRows);
+                return Math.round(
+                    ((value.subtract(minValue)).divide(maxValue.subtract(minValue), 10, RoundingMode.UP))
+                        .multiply(BigDecimal.valueOf(currNumRows))
+                        .doubleValue());
               }
             } else {
-              if (minValue > value || minValue == value && closedBound) {
+              if (minComparison < 0 || minComparison == 0 && closedBound) {
                 return currNumRows;
               }
-              if (maxValue < value || maxValue == value && !closedBound) {
+              if (maxComparison > 0 || maxComparison == 0 && !closedBound) {
                 return 0;
               }
               if (aspCtx.isUniformWithinRange()) {
                 // Assuming uniform distribution, we can use the range to calculate
                 // new estimate for the number of rows
-                return Math.round(((double) (maxValue - value) / (maxValue - minValue)) * currNumRows);
+                return Math.round(
+                    ((maxValue.subtract(value)).divide(maxValue.subtract(minValue), 10, RoundingMode.UP))
+                        .multiply(BigDecimal.valueOf(currNumRows))
+                        .doubleValue());
               }
             }
           } else if (colTypeLowerCase.equals(serdeConstants.FLOAT_TYPE_NAME)) {
@@ -1260,43 +1265,6 @@ private long evaluateComparator(Statistics stats, AnnotateStatsProcCtx aspCtx, E
                 return Math.round(((maxValue - value) / (maxValue - minValue)) * currNumRows);
               }
             }
-          } else if (colTypeLowerCase.startsWith(serdeConstants.DECIMAL_TYPE_NAME)) {
-            BigDecimal value = new BigDecimal(boundValue);
-            BigDecimal maxValue = new BigDecimal(cs.getRange().maxValue.toString());
-            BigDecimal minValue = new BigDecimal(cs.getRange().minValue.toString());
-            int minComparison = value.compareTo(minValue);
-            int maxComparison = value.compareTo(maxValue);
-            if (upperBound) {
-              if (maxComparison > 0 || maxComparison == 0 && closedBound) {
-                return currNumRows;
-              }
-              if (minComparison < 0 || minComparison == 0 && !closedBound) {
-                return 0;
-              }
-              if (aspCtx.isUniformWithinRange()) {
-                // Assuming uniform distribution, we can use the range to calculate
-                // new estimate for the number of rows
-                return Math.round(
-                    ((value.subtract(minValue)).divide(maxValue.subtract(minValue), RoundingMode.UP))
-                        .multiply(BigDecimal.valueOf(currNumRows))
-                        .doubleValue());
-              }
-            } else {
-              if (minComparison < 0 || minComparison == 0 && closedBound) {
-                return currNumRows;
-              }
-              if (maxComparison > 0 || maxComparison == 0 && !closedBound) {
-                return 0;
-              }
-              if (aspCtx.isUniformWithinRange()) {
-                // Assuming uniform distribution, we can use the range to calculate
-                // new estimate for the number of rows
-                return Math.round(
-                    ((maxValue.subtract(value)).divide(maxValue.subtract(minValue), RoundingMode.UP))
-                        .multiply(BigDecimal.valueOf(currNumRows))
-                        .doubleValue());
-              }
-            }
           }
         } catch (NumberFormatException nfe) {
           return currNumRows / 3;
diff --git a/ql/src/java/org/apache/hadoop/hive/ql/stats/StatsUtils.java b/ql/src/java/org/apache/hadoop/hive/ql/stats/StatsUtils.java
index c3bb1a64de..497e3962c3 100644
--- a/ql/src/java/org/apache/hadoop/hive/ql/stats/StatsUtils.java
+++ b/ql/src/java/org/apache/hadoop/hive/ql/stats/StatsUtils.java
@@ -139,12 +139,12 @@ public class StatsUtils {
 
   // Range lower limit for date type when not defined (days, heuristic): '1999-01-01'
   private static final int DATE_RANGE_LOWER_LIMIT = 10593;
-  // Range upper limit for date type when not defined (days, heuristic): '2024-12-31'
-  private static final int DATE_RANGE_UPPER_LIMIT = 20089;
+  // Range upper limit for date type when not defined (days, heuristic): '2030-12-31'
+  private static final int DATE_RANGE_UPPER_LIMIT = 22279;
   // Range lower limit for timestamp type when not defined (seconds, heuristic): '1999-01-01 00:00:00'
   private static final long TIMESTAMP_RANGE_LOWER_LIMIT = 915148800L;
-  // Range upper limit for timestamp type when not defined (seconds, heuristic): '2024-12-31 23:59:59'
-  private static final long TIMESTAMP_RANGE_UPPER_LIMIT = 1735689599L;
+  // Range upper limit for timestamp type when not defined (seconds, heuristic): '2030-12-31 23:59:59'
+  private static final long TIMESTAMP_RANGE_UPPER_LIMIT = 1924991999L;
 
   private static final ForkJoinPool statsForkJoinPool = new ForkJoinPool(
           Runtime.getRuntime().availableProcessors(),
@@ -923,15 +923,15 @@ private static ColStatistics estimateColStats(long numRows, String colName, Hive
       cs.setAvgColLen(JavaDataModel.get().primitive1());
       cs.setRange(-128,127);
     }
-    else if(colTypeLowerCase.equals(serdeConstants.SMALLINT_TYPE_NAME)){
+    else if (colTypeLowerCase.equals(serdeConstants.SMALLINT_TYPE_NAME)){
       cs.setAvgColLen(JavaDataModel.get().primitive1());
       cs.setRange(-32768, 32767);
-    } else if(colTypeLowerCase.equals(serdeConstants.INT_TYPE_NAME)) {
+    } else if (colTypeLowerCase.equals(serdeConstants.INT_TYPE_NAME)) {
       cs.setAvgColLen(JavaDataModel.get().primitive1());
-      cs.setRange(Long.MIN_VALUE, Long.MAX_VALUE);
+      cs.setRange(Integer.MIN_VALUE, Integer.MAX_VALUE);
     } else if (colTypeLowerCase.equals(serdeConstants.BIGINT_TYPE_NAME)) {
       cs.setAvgColLen(JavaDataModel.get().primitive2());
-      cs.setRange(Integer.MIN_VALUE, Integer.MAX_VALUE);
+      cs.setRange(Long.MIN_VALUE, Long.MAX_VALUE);
     } else if (colTypeLowerCase.equals(serdeConstants.FLOAT_TYPE_NAME)) {
       cs.setAvgColLen(JavaDataModel.get().primitive1());
       cs.setRange(Float.MIN_VALUE, Float.MAX_VALUE);
diff --git a/ql/src/test/queries/clientpositive/explainanalyze_6.q b/ql/src/test/queries/clientpositive/explainanalyze_6.q
new file mode 100644
index 0000000000..57d20f7df1
--- /dev/null
+++ b/ql/src/test/queries/clientpositive/explainanalyze_6.q
@@ -0,0 +1,39 @@
+set hive.stats.column.autogather=false;
+set hive.stats.estimate=true;
+set hive.stats.fetch.column.stats=true;
+
+set hive.support.concurrency=true;
+set hive.txn.manager=org.apache.hadoop.hive.ql.lockmgr.DbTxnManager;
+
+create table t1 (cint INT, cbigint BIGINT, cts timestamp) stored as orc TBLPROPERTIES ('transactional'='true');
+
+insert into table t1 values
+    (1, 1, null),
+    (2, 2, null),
+    (3, 3, null),
+    (4, 4, null),
+    (5, 5, null),
+    (-1070551680, 1704034800000, '2025-06-25 10:00:00.000'),
+    (-1070551680, 1704034800000, '2025-06-25 20:00:00.000'),
+    (-1070551680, 1704034800000, '2025-06-25 10:30:00.000'),
+    (-1070551680, 1704034800000, '2025-06-25 16:30:00.000');
+
+set hive.fetch.task.conversion=none;
+
+explain analyze
+select * from t1 where cint < -1070551679;
+explain analyze
+select * from t1 where cbigint >= 1704034800000;
+explain analyze
+select * from t1 where cts > '2025-06-25 10:00:00.000';
+
+analyze table t1 compute statistics for columns;
+
+explain
+select * from t1 where cint < -1070551679;
+explain
+select * from t1 where cbigint >= 1704034800000;
+explain
+select * from t1 where cbigint >= 10;
+explain
+select * from t1 where cts > '2025-06-25 10:00:00.000';
diff --git a/ql/src/test/results/clientpositive/llap/annotate_stats_join_pkfk.q.out b/ql/src/test/results/clientpositive/llap/annotate_stats_join_pkfk.q.out
index 057687d686..8b3bebdbbc 100644
--- a/ql/src/test/results/clientpositive/llap/annotate_stats_join_pkfk.q.out
+++ b/ql/src/test/results/clientpositive/llap/annotate_stats_join_pkfk.q.out
@@ -661,17 +661,17 @@ STAGE PLANS:
                   Statistics: Num rows: 12 Data size: 96 Basic stats: COMPLETE Column stats: PARTIAL
                   Filter Operator
                     predicate: ((s_company_id > 0) and s_store_sk is not null) (type: boolean)
-                    Statistics: Num rows: 1 Data size: 8 Basic stats: COMPLETE Column stats: PARTIAL
+                    Statistics: Num rows: 6 Data size: 48 Basic stats: COMPLETE Column stats: PARTIAL
                     Select Operator
                       expressions: s_store_sk (type: int)
                       outputColumnNames: _col0
-                      Statistics: Num rows: 1 Data size: 4 Basic stats: COMPLETE Column stats: PARTIAL
+                      Statistics: Num rows: 6 Data size: 24 Basic stats: COMPLETE Column stats: PARTIAL
                       Reduce Output Operator
                         key expressions: _col0 (type: int)
                         null sort order: z
                         sort order: +
                         Map-reduce partition columns: _col0 (type: int)
-                        Statistics: Num rows: 1 Data size: 4 Basic stats: COMPLETE Column stats: PARTIAL
+                        Statistics: Num rows: 6 Data size: 24 Basic stats: COMPLETE Column stats: PARTIAL
             Execution mode: vectorized, llap
             LLAP IO: all inputs
         Map 3 
@@ -705,10 +705,10 @@ STAGE PLANS:
                   0 _col0 (type: int)
                   1 _col0 (type: int)
                 outputColumnNames: _col0
-                Statistics: Num rows: 90 Data size: 360 Basic stats: COMPLETE Column stats: PARTIAL
+                Statistics: Num rows: 536 Data size: 2144 Basic stats: COMPLETE Column stats: PARTIAL
                 File Output Operator
                   compressed: false
-                  Statistics: Num rows: 90 Data size: 360 Basic stats: COMPLETE Column stats: PARTIAL
+                  Statistics: Num rows: 536 Data size: 2144 Basic stats: COMPLETE Column stats: PARTIAL
                   table:
                       input format: org.apache.hadoop.mapred.SequenceFileInputFormat
                       output format: org.apache.hadoop.hive.ql.io.HiveSequenceFileOutputFormat
diff --git a/ql/src/test/results/clientpositive/llap/cte_cbo_plan_json.q.out b/ql/src/test/results/clientpositive/llap/cte_cbo_plan_json.q.out
index ff95206458..6e0b35fa90 100644
--- a/ql/src/test/results/clientpositive/llap/cte_cbo_plan_json.q.out
+++ b/ql/src/test/results/clientpositive/llap/cte_cbo_plan_json.q.out
@@ -34,4 +34,4 @@ POSTHOOK: type: QUERY
 POSTHOOK: Input: default@cte_suggestion_0
 POSTHOOK: Input: default@emps
 #### A masked pattern was here ####
-{"CBOPlan":"{\n  \"rels\": [\n    {\n      \"id\": \"0\",\n      \"relOp\": \"org.apache.hadoop.hive.ql.optimizer.calcite.reloperators.HiveTableScan\",\n      \"table\": [\n        \"default\",\n        \"emps\"\n      ],\n      \"table:alias\": \"e\",\n      \"inputs\": [],\n      \"rowCount\": 1.0,\n      \"avgRowSize\": 161.0,\n      \"rowType\": {\n        \"fields\": [\n          {\n            \"type\": \"INTEGER\",\n            \"nullable\": true,\n            \"name\": \"empid\"\n          },\n          {\n            \"type\": \"INTEGER\",\n            \"nullable\": true,\n            \"name\": \"deptno\"\n          },\n          {\n            \"type\": \"VARCHAR\",\n            \"nullable\": true,\n            \"precision\": 10,\n            \"name\": \"name\"\n          },\n          {\n            \"type\": \"DECIMAL\",\n            \"nullable\": true,\n            \"precision\": 8,\n            \"scale\": 2,\n            \"name\": \"salary\"\n          },\n          {\n            \"type\": \"BIGINT\",\n            \"nullable\": true,\n            \"name\": \"BLOCK__OFFSET__INSIDE__FILE\"\n          },\n          {\n            \"type\": \"VARCHAR\",\n            \"nullable\": true,\n            \"precision\": 2147483647,\n            \"name\": \"INPUT__FILE__NAME\"\n          },\n          {\n            \"fields\": [\n              {\n                \"type\": \"BIGINT\",\n                \"nullable\": true,\n                \"name\": \"writeid\"\n              },\n              {\n                \"type\": \"INTEGER\",\n                \"nullable\": true,\n                \"name\": \"bucketid\"\n              },\n              {\n                \"type\": \"BIGINT\",\n                \"nullable\": true,\n                \"name\": \"rowid\"\n              }\n            ],\n            \"nullable\": true,\n            \"name\": \"ROW__ID\"\n          },\n          {\n            \"type\": \"BOOLEAN\",\n            \"nullable\": true,\n            \"name\": \"ROW__IS__DELETED\"\n          }\n        ],\n        \"nullable\": false\n      },\n      \"colStats\": [\n        {\n          \"name\": \"name\",\n          \"ndv\": 1\n        },\n        {\n          \"name\": \"salary\",\n          \"ndv\": 1,\n          \"minValue\": 1.4E-45,\n          \"maxValue\": 3.4028235E38\n        },\n        {\n          \"name\": \"empid\",\n          \"ndv\": 1,\n          \"minValue\": -9223372036854775808,\n          \"maxValue\": 9223372036854775807\n        },\n        {\n          \"name\": \"deptno\",\n          \"ndv\": 1,\n          \"minValue\": -9223372036854775808,\n          \"maxValue\": 9223372036854775807\n        }\n      ]\n    },\n    {\n      \"id\": \"1\",\n      \"relOp\": \"org.apache.hadoop.hive.ql.optimizer.calcite.reloperators.HiveFilter\",\n      \"condition\": {\n        \"op\": {\n          \"name\": \">\",\n          \"kind\": \"GREATER_THAN\",\n          \"syntax\": \"BINARY\"\n        },\n        \"operands\": [\n          {\n            \"input\": 3,\n            \"name\": \"$3\"\n          },\n          {\n            \"literal\": 50000,\n            \"type\": {\n              \"type\": \"DECIMAL\",\n              \"nullable\": false,\n              \"precision\": 5,\n              \"scale\": 0\n            }\n          }\n        ]\n      },\n      \"rowCount\": 1.0\n    },\n    {\n      \"id\": \"2\",\n      \"relOp\": \"org.apache.hadoop.hive.ql.optimizer.calcite.reloperators.HiveProject\",\n      \"fields\": [\n        \"name\"\n      ],\n      \"exprs\": [\n        {\n          \"input\": 2,\n          \"name\": \"$2\"\n        }\n      ],\n      \"rowCount\": 1.0\n    },\n    {\n      \"id\": \"3\",\n      \"relOp\": \"org.apache.hadoop.hive.ql.optimizer.calcite.reloperators.HiveTableSpool\",\n      \"table\": [\n        \"cte\",\n        \"cte_suggestion_0\"\n      ],\n      \"rowCount\": 1.0\n    },\n    {\n      \"id\": \"4\",\n      \"relOp\": \"org.apache.hadoop.hive.ql.optimizer.calcite.reloperators.HiveProject\",\n      \"fields\": [\n        \"name\"\n      ],\n      \"exprs\": [\n        {\n          \"input\": 0,\n          \"name\": \"$0\"\n        }\n      ],\n      \"rowCount\": 1.0\n    },\n    {\n      \"id\": \"5\",\n      \"relOp\": \"org.apache.hadoop.hive.ql.optimizer.calcite.reloperators.HiveTableScan\",\n      \"table\": [\n        \"cte\",\n        \"cte_suggestion_0\"\n      ],\n      \"table:alias\": \"cte_suggestion_0\",\n      \"inputs\": [],\n      \"rowCount\": 1.0,\n      \"avgRowSize\": 20.0,\n      \"rowType\": {\n        \"fields\": [\n          {\n            \"type\": \"VARCHAR\",\n            \"nullable\": true,\n            \"precision\": 10,\n            \"name\": \"name\"\n          }\n        ],\n        \"nullable\": false\n      },\n      \"colStats\": [\n        {\n          \"name\": \"name\",\n          \"ndv\": 1\n        }\n      ]\n    },\n    {\n      \"id\": \"6\",\n      \"relOp\": \"org.apache.hadoop.hive.ql.optimizer.calcite.reloperators.HiveProject\",\n      \"fields\": [\n        \"name\"\n      ],\n      \"exprs\": [\n        {\n          \"input\": 0,\n          \"name\": \"$0\"\n        }\n      ],\n      \"rowCount\": 1.0\n    },\n    {\n      \"id\": \"7\",\n      \"relOp\": \"org.apache.hadoop.hive.ql.optimizer.calcite.reloperators.HiveUnion\",\n      \"all\": true,\n      \"inputs\": [\n        \"4\",\n        \"6\"\n      ],\n      \"rowCount\": 2.0\n    },\n    {\n      \"id\": \"8\",\n      \"relOp\": \"org.apache.hadoop.hive.ql.optimizer.calcite.reloperators.HiveProject\",\n      \"fields\": [\n        \"name\"\n      ],\n      \"exprs\": [\n        {\n          \"input\": 0,\n          \"name\": \"$0\"\n        }\n      ],\n      \"rowCount\": 2.0\n    },\n    {\n      \"id\": \"9\",\n      \"relOp\": \"org.apache.hadoop.hive.ql.optimizer.calcite.reloperators.HiveAggregate\",\n      \"group\": [\n        0\n      ],\n      \"aggs\": [],\n      \"rowCount\": 1.0\n    }\n  ]\n}"}
+{"CBOPlan":"{\n  \"rels\": [\n    {\n      \"id\": \"0\",\n      \"relOp\": \"org.apache.hadoop.hive.ql.optimizer.calcite.reloperators.HiveTableScan\",\n      \"table\": [\n        \"default\",\n        \"emps\"\n      ],\n      \"table:alias\": \"e\",\n      \"inputs\": [],\n      \"rowCount\": 1.0,\n      \"avgRowSize\": 161.0,\n      \"rowType\": {\n        \"fields\": [\n          {\n            \"type\": \"INTEGER\",\n            \"nullable\": true,\n            \"name\": \"empid\"\n          },\n          {\n            \"type\": \"INTEGER\",\n            \"nullable\": true,\n            \"name\": \"deptno\"\n          },\n          {\n            \"type\": \"VARCHAR\",\n            \"nullable\": true,\n            \"precision\": 10,\n            \"name\": \"name\"\n          },\n          {\n            \"type\": \"DECIMAL\",\n            \"nullable\": true,\n            \"precision\": 8,\n            \"scale\": 2,\n            \"name\": \"salary\"\n          },\n          {\n            \"type\": \"BIGINT\",\n            \"nullable\": true,\n            \"name\": \"BLOCK__OFFSET__INSIDE__FILE\"\n          },\n          {\n            \"type\": \"VARCHAR\",\n            \"nullable\": true,\n            \"precision\": 2147483647,\n            \"name\": \"INPUT__FILE__NAME\"\n          },\n          {\n            \"fields\": [\n              {\n                \"type\": \"BIGINT\",\n                \"nullable\": true,\n                \"name\": \"writeid\"\n              },\n              {\n                \"type\": \"INTEGER\",\n                \"nullable\": true,\n                \"name\": \"bucketid\"\n              },\n              {\n                \"type\": \"BIGINT\",\n                \"nullable\": true,\n                \"name\": \"rowid\"\n              }\n            ],\n            \"nullable\": true,\n            \"name\": \"ROW__ID\"\n          },\n          {\n            \"type\": \"BOOLEAN\",\n            \"nullable\": true,\n            \"name\": \"ROW__IS__DELETED\"\n          }\n        ],\n        \"nullable\": false\n      },\n      \"colStats\": [\n        {\n          \"name\": \"name\",\n          \"ndv\": 1\n        },\n        {\n          \"name\": \"salary\",\n          \"ndv\": 1,\n          \"minValue\": 1.4E-45,\n          \"maxValue\": 3.4028235E38\n        },\n        {\n          \"name\": \"empid\",\n          \"ndv\": 1,\n          \"minValue\": -2147483648,\n          \"maxValue\": 2147483647\n        },\n        {\n          \"name\": \"deptno\",\n          \"ndv\": 1,\n          \"minValue\": -2147483648,\n          \"maxValue\": 2147483647\n        }\n      ]\n    },\n    {\n      \"id\": \"1\",\n      \"relOp\": \"org.apache.hadoop.hive.ql.optimizer.calcite.reloperators.HiveFilter\",\n      \"condition\": {\n        \"op\": {\n          \"name\": \">\",\n          \"kind\": \"GREATER_THAN\",\n          \"syntax\": \"BINARY\"\n        },\n        \"operands\": [\n          {\n            \"input\": 3,\n            \"name\": \"$3\"\n          },\n          {\n            \"literal\": 50000,\n            \"type\": {\n              \"type\": \"DECIMAL\",\n              \"nullable\": false,\n              \"precision\": 5,\n              \"scale\": 0\n            }\n          }\n        ]\n      },\n      \"rowCount\": 1.0\n    },\n    {\n      \"id\": \"2\",\n      \"relOp\": \"org.apache.hadoop.hive.ql.optimizer.calcite.reloperators.HiveProject\",\n      \"fields\": [\n        \"name\"\n      ],\n      \"exprs\": [\n        {\n          \"input\": 2,\n          \"name\": \"$2\"\n        }\n      ],\n      \"rowCount\": 1.0\n    },\n    {\n      \"id\": \"3\",\n      \"relOp\": \"org.apache.hadoop.hive.ql.optimizer.calcite.reloperators.HiveTableSpool\",\n      \"table\": [\n        \"cte\",\n        \"cte_suggestion_0\"\n      ],\n      \"rowCount\": 1.0\n    },\n    {\n      \"id\": \"4\",\n      \"relOp\": \"org.apache.hadoop.hive.ql.optimizer.calcite.reloperators.HiveProject\",\n      \"fields\": [\n        \"name\"\n      ],\n      \"exprs\": [\n        {\n          \"input\": 0,\n          \"name\": \"$0\"\n        }\n      ],\n      \"rowCount\": 1.0\n    },\n    {\n      \"id\": \"5\",\n      \"relOp\": \"org.apache.hadoop.hive.ql.optimizer.calcite.reloperators.HiveTableScan\",\n      \"table\": [\n        \"cte\",\n        \"cte_suggestion_0\"\n      ],\n      \"table:alias\": \"cte_suggestion_0\",\n      \"inputs\": [],\n      \"rowCount\": 1.0,\n      \"avgRowSize\": 20.0,\n      \"rowType\": {\n        \"fields\": [\n          {\n            \"type\": \"VARCHAR\",\n            \"nullable\": true,\n            \"precision\": 10,\n            \"name\": \"name\"\n          }\n        ],\n        \"nullable\": false\n      },\n      \"colStats\": [\n        {\n          \"name\": \"name\",\n          \"ndv\": 1\n        }\n      ]\n    },\n    {\n      \"id\": \"6\",\n      \"relOp\": \"org.apache.hadoop.hive.ql.optimizer.calcite.reloperators.HiveProject\",\n      \"fields\": [\n        \"name\"\n      ],\n      \"exprs\": [\n        {\n          \"input\": 0,\n          \"name\": \"$0\"\n        }\n      ],\n      \"rowCount\": 1.0\n    },\n    {\n      \"id\": \"7\",\n      \"relOp\": \"org.apache.hadoop.hive.ql.optimizer.calcite.reloperators.HiveUnion\",\n      \"all\": true,\n      \"inputs\": [\n        \"4\",\n        \"6\"\n      ],\n      \"rowCount\": 2.0\n    },\n    {\n      \"id\": \"8\",\n      \"relOp\": \"org.apache.hadoop.hive.ql.optimizer.calcite.reloperators.HiveProject\",\n      \"fields\": [\n        \"name\"\n      ],\n      \"exprs\": [\n        {\n          \"input\": 0,\n          \"name\": \"$0\"\n        }\n      ],\n      \"rowCount\": 2.0\n    },\n    {\n      \"id\": \"9\",\n      \"relOp\": \"org.apache.hadoop.hive.ql.optimizer.calcite.reloperators.HiveAggregate\",\n      \"group\": [\n        0\n      ],\n      \"aggs\": [],\n      \"rowCount\": 1.0\n    }\n  ]\n}"}
diff --git a/ql/src/test/results/clientpositive/llap/masking_10.q.out b/ql/src/test/results/clientpositive/llap/masking_10.q.out
index 420f207813..a083bac74d 100644
--- a/ql/src/test/results/clientpositive/llap/masking_10.q.out
+++ b/ql/src/test/results/clientpositive/llap/masking_10.q.out
@@ -44,23 +44,23 @@ STAGE PLANS:
                   Statistics: Num rows: 500 Data size: 89488 Basic stats: COMPLETE Column stats: NONE
                   Filter Operator
                     predicate: ((key < 10) and ((key % 2) = 0)) (type: boolean)
-                    Statistics: Num rows: 250 Data size: 44744 Basic stats: COMPLETE Column stats: NONE
+                    Statistics: Num rows: 125 Data size: 22372 Basic stats: COMPLETE Column stats: NONE
                     Select Operator
                       expressions: reverse(value) (type: string)
                       outputColumnNames: _col0
-                      Statistics: Num rows: 250 Data size: 44744 Basic stats: COMPLETE Column stats: NONE
+                      Statistics: Num rows: 125 Data size: 22372 Basic stats: COMPLETE Column stats: NONE
                       Group By Operator
                         keys: _col0 (type: string)
                         minReductionHashAggr: 0.99
                         mode: hash
                         outputColumnNames: _col0
-                        Statistics: Num rows: 250 Data size: 44744 Basic stats: COMPLETE Column stats: NONE
+                        Statistics: Num rows: 125 Data size: 22372 Basic stats: COMPLETE Column stats: NONE
                         Reduce Output Operator
                           key expressions: _col0 (type: string)
                           null sort order: z
                           sort order: +
                           Map-reduce partition columns: _col0 (type: string)
-                          Statistics: Num rows: 250 Data size: 44744 Basic stats: COMPLETE Column stats: NONE
+                          Statistics: Num rows: 125 Data size: 22372 Basic stats: COMPLETE Column stats: NONE
             Execution mode: vectorized, llap
             LLAP IO: all inputs
         Reducer 2 
@@ -70,14 +70,14 @@ STAGE PLANS:
                 keys: KEY._col0 (type: string)
                 mode: mergepartial
                 outputColumnNames: _col0
-                Statistics: Num rows: 125 Data size: 22372 Basic stats: COMPLETE Column stats: NONE
+                Statistics: Num rows: 62 Data size: 11096 Basic stats: COMPLETE Column stats: NONE
                 Select Operator
                   expressions: 2017 (type: int), _col0 (type: string)
                   outputColumnNames: _col0, _col1
-                  Statistics: Num rows: 125 Data size: 22372 Basic stats: COMPLETE Column stats: NONE
+                  Statistics: Num rows: 62 Data size: 11096 Basic stats: COMPLETE Column stats: NONE
                   File Output Operator
                     compressed: false
-                    Statistics: Num rows: 125 Data size: 22372 Basic stats: COMPLETE Column stats: NONE
+                    Statistics: Num rows: 62 Data size: 11096 Basic stats: COMPLETE Column stats: NONE
                     table:
                         input format: org.apache.hadoop.mapred.SequenceFileInputFormat
                         output format: org.apache.hadoop.hive.ql.io.HiveSequenceFileOutputFormat
@@ -149,17 +149,17 @@ STAGE PLANS:
                   Statistics: Num rows: 500 Data size: 89488 Basic stats: COMPLETE Column stats: NONE
                   Filter Operator
                     predicate: ((key < 10) and ((key % 2) = 0)) (type: boolean)
-                    Statistics: Num rows: 250 Data size: 44744 Basic stats: COMPLETE Column stats: NONE
+                    Statistics: Num rows: 125 Data size: 22372 Basic stats: COMPLETE Column stats: NONE
                     Select Operator
                       expressions: key (type: int), reverse(value) (type: string), null (type: int), null (type: string)
                       outputColumnNames: _col0, _col1, _col2, _col3
-                      Statistics: Num rows: 250 Data size: 44744 Basic stats: COMPLETE Column stats: NONE
+                      Statistics: Num rows: 125 Data size: 22372 Basic stats: COMPLETE Column stats: NONE
                       Reduce Output Operator
                         key expressions: _col0 (type: int)
                         null sort order: z
                         sort order: +
                         Map-reduce partition columns: _col0 (type: int)
-                        Statistics: Num rows: 250 Data size: 44744 Basic stats: COMPLETE Column stats: NONE
+                        Statistics: Num rows: 125 Data size: 22372 Basic stats: COMPLETE Column stats: NONE
                         value expressions: _col1 (type: string), _col2 (type: int), _col3 (type: string)
             Execution mode: vectorized, llap
             LLAP IO: all inputs
@@ -171,17 +171,17 @@ STAGE PLANS:
                   Statistics: Num rows: 500 Data size: 89488 Basic stats: COMPLETE Column stats: NONE
                   Filter Operator
                     predicate: ((key < 10) and ((key % 2) = 0)) (type: boolean)
-                    Statistics: Num rows: 250 Data size: 44744 Basic stats: COMPLETE Column stats: NONE
+                    Statistics: Num rows: 125 Data size: 22372 Basic stats: COMPLETE Column stats: NONE
                     Select Operator
                       expressions: key (type: int), reverse(value) (type: string)
                       outputColumnNames: _col0, _col1
-                      Statistics: Num rows: 250 Data size: 44744 Basic stats: COMPLETE Column stats: NONE
+                      Statistics: Num rows: 125 Data size: 22372 Basic stats: COMPLETE Column stats: NONE
                       Reduce Output Operator
                         key expressions: _col0 (type: int)
                         null sort order: z
                         sort order: +
                         Map-reduce partition columns: _col0 (type: int)
-                        Statistics: Num rows: 250 Data size: 44744 Basic stats: COMPLETE Column stats: NONE
+                        Statistics: Num rows: 125 Data size: 22372 Basic stats: COMPLETE Column stats: NONE
                         value expressions: _col1 (type: string)
             Execution mode: vectorized, llap
             LLAP IO: all inputs
@@ -195,10 +195,10 @@ STAGE PLANS:
                   0 _col0 (type: int)
                   1 _col0 (type: int)
                 outputColumnNames: _col0, _col1, _col2, _col3, _col4, _col5
-                Statistics: Num rows: 275 Data size: 49218 Basic stats: COMPLETE Column stats: NONE
+                Statistics: Num rows: 137 Data size: 24609 Basic stats: COMPLETE Column stats: NONE
                 File Output Operator
                   compressed: false
-                  Statistics: Num rows: 275 Data size: 49218 Basic stats: COMPLETE Column stats: NONE
+                  Statistics: Num rows: 137 Data size: 24609 Basic stats: COMPLETE Column stats: NONE
                   table:
                       input format: org.apache.hadoop.mapred.SequenceFileInputFormat
                       output format: org.apache.hadoop.hive.ql.io.HiveSequenceFileOutputFormat
diff --git a/ql/src/test/results/clientpositive/llap/vector_auto_smb_mapjoin_14.q.out b/ql/src/test/results/clientpositive/llap/vector_auto_smb_mapjoin_14.q.out
index 5eaea80543..1037590506 100644
--- a/ql/src/test/results/clientpositive/llap/vector_auto_smb_mapjoin_14.q.out
+++ b/ql/src/test/results/clientpositive/llap/vector_auto_smb_mapjoin_14.q.out
@@ -726,11 +726,11 @@ STAGE PLANS:
                   Statistics: Num rows: 10 Data size: 40 Basic stats: COMPLETE Column stats: NONE
                   Filter Operator
                     predicate: (key < 6) (type: boolean)
-                    Statistics: Num rows: 10 Data size: 40 Basic stats: COMPLETE Column stats: NONE
+                    Statistics: Num rows: 5 Data size: 20 Basic stats: COMPLETE Column stats: NONE
                     Select Operator
                       expressions: key (type: int)
                       outputColumnNames: _col0
-                      Statistics: Num rows: 10 Data size: 40 Basic stats: COMPLETE Column stats: NONE
+                      Statistics: Num rows: 5 Data size: 20 Basic stats: COMPLETE Column stats: NONE
                       Dummy Store
             Map Operator Tree:
                 TableScan
@@ -739,18 +739,18 @@ STAGE PLANS:
                   Statistics: Num rows: 10 Data size: 40 Basic stats: COMPLETE Column stats: NONE
                   Filter Operator
                     predicate: (key < 6) (type: boolean)
-                    Statistics: Num rows: 10 Data size: 40 Basic stats: COMPLETE Column stats: NONE
+                    Statistics: Num rows: 5 Data size: 20 Basic stats: COMPLETE Column stats: NONE
                     Select Operator
                       expressions: key (type: int)
                       outputColumnNames: _col0
-                      Statistics: Num rows: 10 Data size: 40 Basic stats: COMPLETE Column stats: NONE
+                      Statistics: Num rows: 5 Data size: 20 Basic stats: COMPLETE Column stats: NONE
                       Merge Join Operator
                         condition map:
                              Inner Join 0 to 1
                         keys:
                           0 _col0 (type: int)
                           1 _col0 (type: int)
-                        Statistics: Num rows: 11 Data size: 44 Basic stats: COMPLETE Column stats: NONE
+                        Statistics: Num rows: 5 Data size: 22 Basic stats: COMPLETE Column stats: NONE
                         Group By Operator
                           aggregations: count()
                           minReductionHashAggr: 0.99
@@ -877,11 +877,11 @@ STAGE PLANS:
                   Statistics: Num rows: 10 Data size: 40 Basic stats: COMPLETE Column stats: NONE
                   Filter Operator
                     predicate: (key < 6) (type: boolean)
-                    Statistics: Num rows: 10 Data size: 40 Basic stats: COMPLETE Column stats: NONE
+                    Statistics: Num rows: 5 Data size: 20 Basic stats: COMPLETE Column stats: NONE
                     Select Operator
                       expressions: key (type: int)
                       outputColumnNames: _col0
-                      Statistics: Num rows: 10 Data size: 40 Basic stats: COMPLETE Column stats: NONE
+                      Statistics: Num rows: 5 Data size: 20 Basic stats: COMPLETE Column stats: NONE
                       Dummy Store
             Map Operator Tree:
                 TableScan
@@ -890,18 +890,18 @@ STAGE PLANS:
                   Statistics: Num rows: 10 Data size: 40 Basic stats: COMPLETE Column stats: NONE
                   Filter Operator
                     predicate: (key < 6) (type: boolean)
-                    Statistics: Num rows: 10 Data size: 40 Basic stats: COMPLETE Column stats: NONE
+                    Statistics: Num rows: 5 Data size: 20 Basic stats: COMPLETE Column stats: NONE
                     Select Operator
                       expressions: key (type: int)
                       outputColumnNames: _col0
-                      Statistics: Num rows: 10 Data size: 40 Basic stats: COMPLETE Column stats: NONE
+                      Statistics: Num rows: 5 Data size: 20 Basic stats: COMPLETE Column stats: NONE
                       Merge Join Operator
                         condition map:
                              Inner Join 0 to 1
                         keys:
                           0 _col0 (type: int)
                           1 _col0 (type: int)
-                        Statistics: Num rows: 11 Data size: 44 Basic stats: COMPLETE Column stats: NONE
+                        Statistics: Num rows: 5 Data size: 22 Basic stats: COMPLETE Column stats: NONE
                         Group By Operator
                           aggregations: count()
                           minReductionHashAggr: 0.99
@@ -1050,11 +1050,11 @@ STAGE PLANS:
                   Statistics: Num rows: 10 Data size: 40 Basic stats: COMPLETE Column stats: NONE
                   Filter Operator
                     predicate: (key < 6) (type: boolean)
-                    Statistics: Num rows: 10 Data size: 40 Basic stats: COMPLETE Column stats: NONE
+                    Statistics: Num rows: 5 Data size: 20 Basic stats: COMPLETE Column stats: NONE
                     Select Operator
                       expressions: key (type: int)
                       outputColumnNames: _col0
-                      Statistics: Num rows: 10 Data size: 40 Basic stats: COMPLETE Column stats: NONE
+                      Statistics: Num rows: 5 Data size: 20 Basic stats: COMPLETE Column stats: NONE
                       Dummy Store
             Map Operator Tree:
                 TableScan
@@ -1063,18 +1063,18 @@ STAGE PLANS:
                   Statistics: Num rows: 10 Data size: 40 Basic stats: COMPLETE Column stats: NONE
                   Filter Operator
                     predicate: (key < 6) (type: boolean)
-                    Statistics: Num rows: 10 Data size: 40 Basic stats: COMPLETE Column stats: NONE
+                    Statistics: Num rows: 5 Data size: 20 Basic stats: COMPLETE Column stats: NONE
                     Select Operator
                       expressions: key (type: int)
                       outputColumnNames: _col0
-                      Statistics: Num rows: 10 Data size: 40 Basic stats: COMPLETE Column stats: NONE
+                      Statistics: Num rows: 5 Data size: 20 Basic stats: COMPLETE Column stats: NONE
                       Merge Join Operator
                         condition map:
                              Inner Join 0 to 1
                         keys:
                           0 _col0 (type: int)
                           1 _col0 (type: int)
-                        Statistics: Num rows: 11 Data size: 44 Basic stats: COMPLETE Column stats: NONE
+                        Statistics: Num rows: 5 Data size: 22 Basic stats: COMPLETE Column stats: NONE
                         Group By Operator
                           aggregations: count()
                           minReductionHashAggr: 0.99
@@ -1213,11 +1213,11 @@ STAGE PLANS:
                   Statistics: Num rows: 10 Data size: 40 Basic stats: COMPLETE Column stats: NONE
                   Filter Operator
                     predicate: (key < 8) (type: boolean)
-                    Statistics: Num rows: 10 Data size: 40 Basic stats: COMPLETE Column stats: NONE
+                    Statistics: Num rows: 5 Data size: 20 Basic stats: COMPLETE Column stats: NONE
                     Select Operator
                       expressions: key (type: int)
                       outputColumnNames: _col0
-                      Statistics: Num rows: 10 Data size: 40 Basic stats: COMPLETE Column stats: NONE
+                      Statistics: Num rows: 5 Data size: 20 Basic stats: COMPLETE Column stats: NONE
                       Dummy Store
             Map Operator Tree:
                 TableScan
@@ -1226,18 +1226,18 @@ STAGE PLANS:
                   Statistics: Num rows: 10 Data size: 40 Basic stats: COMPLETE Column stats: NONE
                   Filter Operator
                     predicate: (key < 8) (type: boolean)
-                    Statistics: Num rows: 10 Data size: 40 Basic stats: COMPLETE Column stats: NONE
+                    Statistics: Num rows: 5 Data size: 20 Basic stats: COMPLETE Column stats: NONE
                     Select Operator
                       expressions: key (type: int)
                       outputColumnNames: _col0
-                      Statistics: Num rows: 10 Data size: 40 Basic stats: COMPLETE Column stats: NONE
+                      Statistics: Num rows: 5 Data size: 20 Basic stats: COMPLETE Column stats: NONE
                       Merge Join Operator
                         condition map:
                              Inner Join 0 to 1
                         keys:
                           0 _col0 (type: int)
                           1 _col0 (type: int)
-                        Statistics: Num rows: 11 Data size: 44 Basic stats: COMPLETE Column stats: NONE
+                        Statistics: Num rows: 5 Data size: 22 Basic stats: COMPLETE Column stats: NONE
                         Group By Operator
                           aggregations: count()
                           minReductionHashAggr: 0.99
@@ -1558,11 +1558,11 @@ STAGE PLANS:
                   Statistics: Num rows: 10 Data size: 40 Basic stats: COMPLETE Column stats: NONE
                   Filter Operator
                     predicate: (key < 6) (type: boolean)
-                    Statistics: Num rows: 10 Data size: 40 Basic stats: COMPLETE Column stats: NONE
+                    Statistics: Num rows: 5 Data size: 20 Basic stats: COMPLETE Column stats: NONE
                     Select Operator
                       expressions: key (type: int)
                       outputColumnNames: _col0
-                      Statistics: Num rows: 10 Data size: 40 Basic stats: COMPLETE Column stats: NONE
+                      Statistics: Num rows: 5 Data size: 20 Basic stats: COMPLETE Column stats: NONE
                       Dummy Store
             Map Operator Tree:
                 TableScan
@@ -1571,18 +1571,18 @@ STAGE PLANS:
                   Statistics: Num rows: 10 Data size: 40 Basic stats: COMPLETE Column stats: NONE
                   Filter Operator
                     predicate: (key < 6) (type: boolean)
-                    Statistics: Num rows: 10 Data size: 40 Basic stats: COMPLETE Column stats: NONE
+                    Statistics: Num rows: 5 Data size: 20 Basic stats: COMPLETE Column stats: NONE
                     Select Operator
                       expressions: key (type: int)
                       outputColumnNames: _col0
-                      Statistics: Num rows: 10 Data size: 40 Basic stats: COMPLETE Column stats: NONE
+                      Statistics: Num rows: 5 Data size: 20 Basic stats: COMPLETE Column stats: NONE
                       Merge Join Operator
                         condition map:
                              Inner Join 0 to 1
                         keys:
                           0 _col0 (type: int)
                           1 _col0 (type: int)
-                        Statistics: Num rows: 11 Data size: 44 Basic stats: COMPLETE Column stats: NONE
+                        Statistics: Num rows: 5 Data size: 22 Basic stats: COMPLETE Column stats: NONE
                         Group By Operator
                           aggregations: count()
                           minReductionHashAggr: 0.99
@@ -1702,11 +1702,11 @@ STAGE PLANS:
                   Statistics: Num rows: 10 Data size: 40 Basic stats: COMPLETE Column stats: NONE
                   Filter Operator
                     predicate: (key < 6) (type: boolean)
-                    Statistics: Num rows: 10 Data size: 40 Basic stats: COMPLETE Column stats: NONE
+                    Statistics: Num rows: 5 Data size: 20 Basic stats: COMPLETE Column stats: NONE
                     Select Operator
                       expressions: key (type: int)
                       outputColumnNames: _col0
-                      Statistics: Num rows: 10 Data size: 40 Basic stats: COMPLETE Column stats: NONE
+                      Statistics: Num rows: 5 Data size: 20 Basic stats: COMPLETE Column stats: NONE
                       Dummy Store
             Map Operator Tree:
                 TableScan
@@ -1715,11 +1715,11 @@ STAGE PLANS:
                   Statistics: Num rows: 10 Data size: 40 Basic stats: COMPLETE Column stats: NONE
                   Filter Operator
                     predicate: (key < 6) (type: boolean)
-                    Statistics: Num rows: 10 Data size: 40 Basic stats: COMPLETE Column stats: NONE
+                    Statistics: Num rows: 5 Data size: 20 Basic stats: COMPLETE Column stats: NONE
                     Select Operator
                       expressions: key (type: int)
                       outputColumnNames: _col0
-                      Statistics: Num rows: 10 Data size: 40 Basic stats: COMPLETE Column stats: NONE
+                      Statistics: Num rows: 5 Data size: 20 Basic stats: COMPLETE Column stats: NONE
                       Merge Join Operator
                         condition map:
                              Inner Join 0 to 1
@@ -1727,13 +1727,13 @@ STAGE PLANS:
                           0 _col0 (type: int)
                           1 _col0 (type: int)
                         outputColumnNames: _col0
-                        Statistics: Num rows: 11 Data size: 44 Basic stats: COMPLETE Column stats: NONE
+                        Statistics: Num rows: 5 Data size: 22 Basic stats: COMPLETE Column stats: NONE
                         Reduce Output Operator
                           key expressions: _col0 (type: int)
                           null sort order: z
                           sort order: +
                           Map-reduce partition columns: _col0 (type: int)
-                          Statistics: Num rows: 11 Data size: 44 Basic stats: COMPLETE Column stats: NONE
+                          Statistics: Num rows: 5 Data size: 22 Basic stats: COMPLETE Column stats: NONE
             Execution mode: llap
             MergeJoin Vectorization:
                 enabled: false
@@ -1752,7 +1752,7 @@ STAGE PLANS:
                         native: true
                         predicateExpression: FilterLongColLessLongScalar(col 0:int, val 6)
                     predicate: (key < 6) (type: boolean)
-                    Statistics: Num rows: 10 Data size: 40 Basic stats: COMPLETE Column stats: NONE
+                    Statistics: Num rows: 5 Data size: 20 Basic stats: COMPLETE Column stats: NONE
                     Select Operator
                       expressions: key (type: int)
                       outputColumnNames: _col0
@@ -1760,7 +1760,7 @@ STAGE PLANS:
                           className: VectorSelectOperator
                           native: true
                           projectedOutputColumnNums: [0]
-                      Statistics: Num rows: 10 Data size: 40 Basic stats: COMPLETE Column stats: NONE
+                      Statistics: Num rows: 5 Data size: 20 Basic stats: COMPLETE Column stats: NONE
                       Reduce Output Operator
                         key expressions: _col0 (type: int)
                         null sort order: z
@@ -1770,7 +1770,7 @@ STAGE PLANS:
                             className: VectorReduceSinkLongOperator
                             native: true
                             nativeConditionsMet: hive.vectorized.execution.reducesink.new.enabled IS true, hive.execution.engine tez IN [tez] IS true, No PTF TopN IS true, No DISTINCT columns IS true, BinarySortableSerDe for keys IS true, LazyBinarySerDe for values IS true
-                        Statistics: Num rows: 10 Data size: 40 Basic stats: COMPLETE Column stats: NONE
+                        Statistics: Num rows: 5 Data size: 20 Basic stats: COMPLETE Column stats: NONE
             Execution mode: vectorized, llap
             LLAP IO: all inputs
             Map Vectorization:
@@ -1791,7 +1791,7 @@ STAGE PLANS:
                 keys:
                   0 _col0 (type: int)
                   1 _col0 (type: int)
-                Statistics: Num rows: 12 Data size: 48 Basic stats: COMPLETE Column stats: NONE
+                Statistics: Num rows: 5 Data size: 24 Basic stats: COMPLETE Column stats: NONE
                 Group By Operator
                   aggregations: count()
                   minReductionHashAggr: 0.99
@@ -1925,11 +1925,11 @@ STAGE PLANS:
                   Statistics: Num rows: 10 Data size: 40 Basic stats: COMPLETE Column stats: NONE
                   Filter Operator
                     predicate: (key < 6) (type: boolean)
-                    Statistics: Num rows: 10 Data size: 40 Basic stats: COMPLETE Column stats: NONE
+                    Statistics: Num rows: 5 Data size: 20 Basic stats: COMPLETE Column stats: NONE
                     Select Operator
                       expressions: key (type: int)
                       outputColumnNames: _col0
-                      Statistics: Num rows: 10 Data size: 40 Basic stats: COMPLETE Column stats: NONE
+                      Statistics: Num rows: 5 Data size: 20 Basic stats: COMPLETE Column stats: NONE
                       Dummy Store
             Map Operator Tree:
                 TableScan
@@ -1938,18 +1938,18 @@ STAGE PLANS:
                   Statistics: Num rows: 10 Data size: 40 Basic stats: COMPLETE Column stats: NONE
                   Filter Operator
                     predicate: (key < 6) (type: boolean)
-                    Statistics: Num rows: 10 Data size: 40 Basic stats: COMPLETE Column stats: NONE
+                    Statistics: Num rows: 5 Data size: 20 Basic stats: COMPLETE Column stats: NONE
                     Select Operator
                       expressions: key (type: int)
                       outputColumnNames: _col0
-                      Statistics: Num rows: 10 Data size: 40 Basic stats: COMPLETE Column stats: NONE
+                      Statistics: Num rows: 5 Data size: 20 Basic stats: COMPLETE Column stats: NONE
                       Merge Join Operator
                         condition map:
                              Inner Join 0 to 1
                         keys:
                           0 _col0 (type: int)
                           1 _col0 (type: int)
-                        Statistics: Num rows: 11 Data size: 44 Basic stats: COMPLETE Column stats: NONE
+                        Statistics: Num rows: 5 Data size: 22 Basic stats: COMPLETE Column stats: NONE
                         Group By Operator
                           aggregations: count()
                           minReductionHashAggr: 0.99
diff --git a/ql/src/test/results/clientpositive/llap/vector_multi_insert.q.out b/ql/src/test/results/clientpositive/llap/vector_multi_insert.q.out
index e75f580cbc..dcc8a41712 100644
--- a/ql/src/test/results/clientpositive/llap/vector_multi_insert.q.out
+++ b/ql/src/test/results/clientpositive/llap/vector_multi_insert.q.out
@@ -109,14 +109,14 @@ STAGE PLANS:
                   Statistics: Num rows: 3 Data size: 12 Basic stats: COMPLETE Column stats: NONE
                   Filter Operator
                     predicate: (rn < 100) (type: boolean)
-                    Statistics: Num rows: 3 Data size: 12 Basic stats: COMPLETE Column stats: NONE
+                    Statistics: Num rows: 2 Data size: 8 Basic stats: COMPLETE Column stats: NONE
                     Select Operator
                       expressions: rn (type: int)
                       outputColumnNames: _col0
-                      Statistics: Num rows: 3 Data size: 12 Basic stats: COMPLETE Column stats: NONE
+                      Statistics: Num rows: 2 Data size: 8 Basic stats: COMPLETE Column stats: NONE
                       File Output Operator
                         compressed: false
-                        Statistics: Num rows: 3 Data size: 12 Basic stats: COMPLETE Column stats: NONE
+                        Statistics: Num rows: 2 Data size: 8 Basic stats: COMPLETE Column stats: NONE
                         table:
                             input format: org.apache.hadoop.mapred.TextInputFormat
                             output format: org.apache.hadoop.hive.ql.io.HiveIgnoreKeyTextOutputFormat
diff --git a/ql/src/test/results/clientpositive/perf/tpcds30tb/tez/cbo_query28.q.out b/ql/src/test/results/clientpositive/perf/tpcds30tb/tez/cbo_query28.q.out
index 94d4f2539c..a906bb9d05 100644
--- a/ql/src/test/results/clientpositive/perf/tpcds30tb/tez/cbo_query28.q.out
+++ b/ql/src/test/results/clientpositive/perf/tpcds30tb/tez/cbo_query28.q.out
@@ -1,8 +1,8 @@
-Warning: Map Join MAPJOIN[105][bigTable=?] in task 'Reducer 3' is a cross product
-Warning: Map Join MAPJOIN[104][bigTable=?] in task 'Reducer 3' is a cross product
-Warning: Map Join MAPJOIN[103][bigTable=?] in task 'Reducer 3' is a cross product
-Warning: Map Join MAPJOIN[102][bigTable=?] in task 'Reducer 3' is a cross product
-Warning: Map Join MAPJOIN[101][bigTable=?] in task 'Reducer 3' is a cross product
+Warning: Map Join MAPJOIN[101][bigTable=?] in task 'Reducer 9' is a cross product
+Warning: Map Join MAPJOIN[105][bigTable=?] in task 'Reducer 7' is a cross product
+Warning: Map Join MAPJOIN[104][bigTable=?] in task 'Reducer 7' is a cross product
+Warning: Map Join MAPJOIN[103][bigTable=?] in task 'Reducer 7' is a cross product
+Warning: Map Join MAPJOIN[102][bigTable=?] in task 'Reducer 7' is a cross product
 CBO PLAN:
 HiveProject(b1_lp=[$0], b1_cnt=[$1], b1_cntd=[$2], b2_lp=[$15], b2_cnt=[$16], b2_cntd=[$17], b3_lp=[$12], b3_cnt=[$13], b3_cntd=[$14], b4_lp=[$9], b4_cnt=[$10], b4_cntd=[$11], b5_lp=[$6], b5_cnt=[$7], b5_cntd=[$8], b6_lp=[$3], b6_cnt=[$4], b6_cntd=[$5])
   HiveJoin(condition=[true], joinType=[inner], algorithm=[none], cost=[not available])
diff --git a/ql/src/test/results/clientpositive/perf/tpcds30tb/tez/query21.q.out b/ql/src/test/results/clientpositive/perf/tpcds30tb/tez/query21.q.out
index c9596599fd..b8ecf93fa1 100644
--- a/ql/src/test/results/clientpositive/perf/tpcds30tb/tez/query21.q.out
+++ b/ql/src/test/results/clientpositive/perf/tpcds30tb/tez/query21.q.out
@@ -16,7 +16,7 @@ STAGE PLANS:
             Map Operator Tree:
                 TableScan
                   alias: inventory
-                  probeDecodeDetails: cacheKey:HASH_MAP_MAPJOIN_74_container, bigKeyColName:inv_item_sk, smallTablePos:1, keyRatio:3.685827440616713E-9
+                  probeDecodeDetails: cacheKey:HASH_MAP_MAPJOIN_74_container, bigKeyColName:inv_item_sk, smallTablePos:1, keyRatio:2.457218293744475E-9
                   Statistics: Num rows: 1627857000 Data size: 45254407088 Basic stats: COMPLETE Column stats: COMPLETE
                   Select Operator
                     expressions: inv_date_sk (type: bigint), inv_item_sk (type: bigint), inv_warehouse_sk (type: bigint), inv_quantity_on_hand (type: int)
@@ -31,7 +31,7 @@ STAGE PLANS:
                       outputColumnNames: _col0, _col2, _col3, _col5
                       input vertices:
                         1 Map 4
-                      Statistics: Num rows: 32557140 Data size: 3776628244 Basic stats: COMPLETE Column stats: COMPLETE
+                      Statistics: Num rows: 22606776 Data size: 2622386020 Basic stats: COMPLETE Column stats: COMPLETE
                       Map Join Operator
                         condition map:
                              Inner Join 0 to 1
@@ -41,7 +41,7 @@ STAGE PLANS:
                         outputColumnNames: _col2, _col3, _col5, _col7, _col8
                         input vertices:
                           1 Map 5
-                        Statistics: Num rows: 3617213 Data size: 419596712 Basic stats: COMPLETE Column stats: COMPLETE
+                        Statistics: Num rows: 2511693 Data size: 291356392 Basic stats: COMPLETE Column stats: COMPLETE
                         Map Join Operator
                           condition map:
                                Inner Join 0 to 1
@@ -51,24 +51,24 @@ STAGE PLANS:
                           outputColumnNames: _col3, _col5, _col7, _col8, _col10
                           input vertices:
                             1 Map 6
-                          Statistics: Num rows: 3617213 Data size: 752380308 Basic stats: COMPLETE Column stats: COMPLETE
+                          Statistics: Num rows: 2511693 Data size: 522432148 Basic stats: COMPLETE Column stats: COMPLETE
                           Select Operator
                             expressions: _col10 (type: varchar(20)), _col5 (type: string), if(_col7, _col3, 0) (type: int), if(_col8, _col3, 0) (type: int)
                             outputColumnNames: _col0, _col1, _col2, _col3
-                            Statistics: Num rows: 3617213 Data size: 752380308 Basic stats: COMPLETE Column stats: COMPLETE
+                            Statistics: Num rows: 2511693 Data size: 522432148 Basic stats: COMPLETE Column stats: COMPLETE
                             Group By Operator
                               aggregations: sum(_col2), sum(_col3)
                               keys: _col0 (type: varchar(20)), _col1 (type: string)
                               minReductionHashAggr: 0.99
                               mode: hash
                               outputColumnNames: _col0, _col1, _col2, _col3
-                              Statistics: Num rows: 83187 Data size: 17968392 Basic stats: COMPLETE Column stats: COMPLETE
+                              Statistics: Num rows: 57753 Data size: 12474648 Basic stats: COMPLETE Column stats: COMPLETE
                               Reduce Output Operator
                                 key expressions: _col0 (type: varchar(20)), _col1 (type: string)
                                 null sort order: zz
                                 sort order: ++
                                 Map-reduce partition columns: _col0 (type: varchar(20)), _col1 (type: string)
-                                Statistics: Num rows: 83187 Data size: 17968392 Basic stats: COMPLETE Column stats: COMPLETE
+                                Statistics: Num rows: 57753 Data size: 12474648 Basic stats: COMPLETE Column stats: COMPLETE
                                 value expressions: _col2 (type: bigint), _col3 (type: bigint)
             Execution mode: vectorized, llap
             LLAP IO: may be used (ACID table)
@@ -80,17 +80,17 @@ STAGE PLANS:
                   Statistics: Num rows: 462000 Data size: 101509408 Basic stats: COMPLETE Column stats: COMPLETE
                   Filter Operator
                     predicate: i_current_price BETWEEN 0.99 AND 1.49 (type: boolean)
-                    Statistics: Num rows: 9240 Data size: 2030336 Basic stats: COMPLETE Column stats: COMPLETE
+                    Statistics: Num rows: 6416 Data size: 1409840 Basic stats: COMPLETE Column stats: COMPLETE
                     Select Operator
                       expressions: i_item_sk (type: bigint), i_item_id (type: string)
                       outputColumnNames: _col0, _col1
-                      Statistics: Num rows: 9240 Data size: 997920 Basic stats: COMPLETE Column stats: COMPLETE
+                      Statistics: Num rows: 6416 Data size: 692928 Basic stats: COMPLETE Column stats: COMPLETE
                       Reduce Output Operator
                         key expressions: _col0 (type: bigint)
                         null sort order: z
                         sort order: +
                         Map-reduce partition columns: _col0 (type: bigint)
-                        Statistics: Num rows: 9240 Data size: 997920 Basic stats: COMPLETE Column stats: COMPLETE
+                        Statistics: Num rows: 6416 Data size: 692928 Basic stats: COMPLETE Column stats: COMPLETE
                         value expressions: _col1 (type: string)
             Execution mode: vectorized, llap
             LLAP IO: may be used (ACID table)
@@ -142,21 +142,21 @@ STAGE PLANS:
                 keys: KEY._col0 (type: varchar(20)), KEY._col1 (type: string)
                 mode: mergepartial
                 outputColumnNames: _col0, _col1, _col2, _col3
-                Statistics: Num rows: 27729 Data size: 5989464 Basic stats: COMPLETE Column stats: COMPLETE
+                Statistics: Num rows: 19251 Data size: 4158216 Basic stats: COMPLETE Column stats: COMPLETE
                 Filter Operator
                   predicate: (if((_col2 > 0L), (0.666667D <= (UDFToDouble(_col3) / UDFToDouble(_col2))), false) and if((_col2 > 0L), ((UDFToDouble(_col3) / UDFToDouble(_col2)) <= 1.5D), false)) (type: boolean)
-                  Statistics: Num rows: 6932 Data size: 1497312 Basic stats: COMPLETE Column stats: COMPLETE
+                  Statistics: Num rows: 4812 Data size: 1039392 Basic stats: COMPLETE Column stats: COMPLETE
                   Top N Key Operator
                     sort order: ++
                     keys: _col0 (type: varchar(20)), _col1 (type: string)
                     null sort order: zz
-                    Statistics: Num rows: 6932 Data size: 1497312 Basic stats: COMPLETE Column stats: COMPLETE
+                    Statistics: Num rows: 4812 Data size: 1039392 Basic stats: COMPLETE Column stats: COMPLETE
                     top n: 100
                     Reduce Output Operator
                       key expressions: _col0 (type: varchar(20)), _col1 (type: string)
                       null sort order: zz
                       sort order: ++
-                      Statistics: Num rows: 6932 Data size: 1497312 Basic stats: COMPLETE Column stats: COMPLETE
+                      Statistics: Num rows: 4812 Data size: 1039392 Basic stats: COMPLETE Column stats: COMPLETE
                       value expressions: _col2 (type: bigint), _col3 (type: bigint)
         Reducer 3 
             Execution mode: vectorized, llap
@@ -164,7 +164,7 @@ STAGE PLANS:
               Select Operator
                 expressions: KEY.reducesinkkey0 (type: varchar(20)), KEY.reducesinkkey1 (type: string), VALUE._col0 (type: bigint), VALUE._col1 (type: bigint)
                 outputColumnNames: _col0, _col1, _col2, _col3
-                Statistics: Num rows: 6932 Data size: 1497312 Basic stats: COMPLETE Column stats: COMPLETE
+                Statistics: Num rows: 4812 Data size: 1039392 Basic stats: COMPLETE Column stats: COMPLETE
                 Limit
                   Number of rows: 100
                   Statistics: Num rows: 100 Data size: 21600 Basic stats: COMPLETE Column stats: COMPLETE
diff --git a/ql/src/test/results/clientpositive/perf/tpcds30tb/tez/query28.q.out b/ql/src/test/results/clientpositive/perf/tpcds30tb/tez/query28.q.out
index 6ee652bc7f..d0e8628d18 100644
--- a/ql/src/test/results/clientpositive/perf/tpcds30tb/tez/query28.q.out
+++ b/ql/src/test/results/clientpositive/perf/tpcds30tb/tez/query28.q.out
@@ -1,8 +1,8 @@
-Warning: Map Join MAPJOIN[105][bigTable=?] in task 'Reducer 3' is a cross product
-Warning: Map Join MAPJOIN[104][bigTable=?] in task 'Reducer 3' is a cross product
-Warning: Map Join MAPJOIN[103][bigTable=?] in task 'Reducer 3' is a cross product
-Warning: Map Join MAPJOIN[102][bigTable=?] in task 'Reducer 3' is a cross product
-Warning: Map Join MAPJOIN[101][bigTable=?] in task 'Reducer 3' is a cross product
+Warning: Map Join MAPJOIN[101][bigTable=?] in task 'Reducer 9' is a cross product
+Warning: Map Join MAPJOIN[105][bigTable=?] in task 'Reducer 7' is a cross product
+Warning: Map Join MAPJOIN[104][bigTable=?] in task 'Reducer 7' is a cross product
+Warning: Map Join MAPJOIN[103][bigTable=?] in task 'Reducer 7' is a cross product
+Warning: Map Join MAPJOIN[102][bigTable=?] in task 'Reducer 7' is a cross product
 STAGE DEPENDENCIES:
   Stage-1 is a root stage
   Stage-0 depends on stages: Stage-1
@@ -17,13 +17,13 @@ STAGE PLANS:
         Reducer 12 <- Map 1 (SIMPLE_EDGE)
         Reducer 13 <- Reducer 12 (CUSTOM_SIMPLE_EDGE)
         Reducer 2 <- Map 1 (SIMPLE_EDGE)
-        Reducer 3 <- Reducer 11 (BROADCAST_EDGE), Reducer 13 (BROADCAST_EDGE), Reducer 2 (CUSTOM_SIMPLE_EDGE), Reducer 5 (BROADCAST_EDGE), Reducer 7 (BROADCAST_EDGE), Reducer 9 (BROADCAST_EDGE)
+        Reducer 3 <- Reducer 2 (CUSTOM_SIMPLE_EDGE)
         Reducer 4 <- Map 1 (SIMPLE_EDGE)
         Reducer 5 <- Reducer 4 (CUSTOM_SIMPLE_EDGE)
         Reducer 6 <- Map 1 (SIMPLE_EDGE)
-        Reducer 7 <- Reducer 6 (CUSTOM_SIMPLE_EDGE)
+        Reducer 7 <- Reducer 11 (BROADCAST_EDGE), Reducer 13 (BROADCAST_EDGE), Reducer 5 (BROADCAST_EDGE), Reducer 6 (CUSTOM_SIMPLE_EDGE), Reducer 9 (BROADCAST_EDGE)
         Reducer 8 <- Map 1 (SIMPLE_EDGE)
-        Reducer 9 <- Reducer 8 (CUSTOM_SIMPLE_EDGE)
+        Reducer 9 <- Reducer 3 (BROADCAST_EDGE), Reducer 8 (CUSTOM_SIMPLE_EDGE)
 #### A masked pattern was here ####
       Vertices:
         Map 1 
@@ -34,129 +34,129 @@ STAGE PLANS:
                   Statistics: Num rows: 86404891377 Data size: 28054250053192 Basic stats: COMPLETE Column stats: COMPLETE
                   Filter Operator
                     predicate: (ss_quantity BETWEEN 0 AND 5 and (ss_list_price BETWEEN 11 AND 21 or ss_coupon_amt BETWEEN 460 AND 1460 or ss_wholesale_cost BETWEEN 14 AND 34)) (type: boolean)
-                    Statistics: Num rows: 4277469870 Data size: 1388824260284 Basic stats: COMPLETE Column stats: COMPLETE
+                    Statistics: Num rows: 1965380184 Data size: 638126687968 Basic stats: COMPLETE Column stats: COMPLETE
                     Select Operator
                       expressions: ss_list_price (type: decimal(7,2))
                       outputColumnNames: ss_list_price
-                      Statistics: Num rows: 4277469870 Data size: 1388824260284 Basic stats: COMPLETE Column stats: COMPLETE
+                      Statistics: Num rows: 1965380184 Data size: 638126687968 Basic stats: COMPLETE Column stats: COMPLETE
                       Group By Operator
                         aggregations: sum(ss_list_price), count(ss_list_price)
                         keys: ss_list_price (type: decimal(7,2))
                         minReductionHashAggr: 0.99
                         mode: hash
                         outputColumnNames: _col0, _col1, _col2
-                        Statistics: Num rows: 2138734935 Data size: 485394155352 Basic stats: COMPLETE Column stats: COMPLETE
+                        Statistics: Num rows: 982690092 Data size: 223025312544 Basic stats: COMPLETE Column stats: COMPLETE
                         Reduce Output Operator
                           key expressions: _col0 (type: decimal(7,2))
                           null sort order: z
                           sort order: +
                           Map-reduce partition columns: _col0 (type: decimal(7,2))
-                          Statistics: Num rows: 2138734935 Data size: 485394155352 Basic stats: COMPLETE Column stats: COMPLETE
+                          Statistics: Num rows: 982690092 Data size: 223025312544 Basic stats: COMPLETE Column stats: COMPLETE
                           value expressions: _col1 (type: decimal(17,2)), _col2 (type: bigint)
                   Filter Operator
                     predicate: (ss_quantity BETWEEN 16 AND 20 and (ss_list_price BETWEEN 142 AND 152 or ss_coupon_amt BETWEEN 3054 AND 4054 or ss_wholesale_cost BETWEEN 80 AND 100)) (type: boolean)
-                    Statistics: Num rows: 4277469870 Data size: 1388824260284 Basic stats: COMPLETE Column stats: COMPLETE
+                    Statistics: Num rows: 2571445780 Data size: 834906239572 Basic stats: COMPLETE Column stats: COMPLETE
                     Select Operator
                       expressions: ss_list_price (type: decimal(7,2))
                       outputColumnNames: ss_list_price
-                      Statistics: Num rows: 4277469870 Data size: 1388824260284 Basic stats: COMPLETE Column stats: COMPLETE
+                      Statistics: Num rows: 2571445780 Data size: 834906239572 Basic stats: COMPLETE Column stats: COMPLETE
                       Group By Operator
                         aggregations: sum(ss_list_price), count(ss_list_price)
                         keys: ss_list_price (type: decimal(7,2))
                         minReductionHashAggr: 0.99
                         mode: hash
                         outputColumnNames: _col0, _col1, _col2
-                        Statistics: Num rows: 2138734935 Data size: 485394155352 Basic stats: COMPLETE Column stats: COMPLETE
+                        Statistics: Num rows: 1285722890 Data size: 291799776608 Basic stats: COMPLETE Column stats: COMPLETE
                         Reduce Output Operator
                           key expressions: _col0 (type: decimal(7,2))
                           null sort order: z
                           sort order: +
                           Map-reduce partition columns: _col0 (type: decimal(7,2))
-                          Statistics: Num rows: 2138734935 Data size: 485394155352 Basic stats: COMPLETE Column stats: COMPLETE
+                          Statistics: Num rows: 1285722890 Data size: 291799776608 Basic stats: COMPLETE Column stats: COMPLETE
                           value expressions: _col1 (type: decimal(17,2)), _col2 (type: bigint)
                   Filter Operator
                     predicate: (ss_quantity BETWEEN 21 AND 25 and (ss_list_price BETWEEN 135 AND 145 or ss_coupon_amt BETWEEN 14180 AND 15180 or ss_wholesale_cost BETWEEN 38 AND 58)) (type: boolean)
-                    Statistics: Num rows: 4277469870 Data size: 1388824260284 Basic stats: COMPLETE Column stats: COMPLETE
+                    Statistics: Num rows: 3432340414 Data size: 1114424597248 Basic stats: COMPLETE Column stats: COMPLETE
                     Select Operator
                       expressions: ss_list_price (type: decimal(7,2))
                       outputColumnNames: ss_list_price
-                      Statistics: Num rows: 4277469870 Data size: 1388824260284 Basic stats: COMPLETE Column stats: COMPLETE
+                      Statistics: Num rows: 3432340414 Data size: 1114424597248 Basic stats: COMPLETE Column stats: COMPLETE
                       Group By Operator
                         aggregations: sum(ss_list_price), count(ss_list_price)
                         keys: ss_list_price (type: decimal(7,2))
                         minReductionHashAggr: 0.99
                         mode: hash
                         outputColumnNames: _col0, _col1, _col2
-                        Statistics: Num rows: 2138734935 Data size: 485394155352 Basic stats: COMPLETE Column stats: COMPLETE
+                        Statistics: Num rows: 1716170207 Data size: 389491457960 Basic stats: COMPLETE Column stats: COMPLETE
                         Reduce Output Operator
                           key expressions: _col0 (type: decimal(7,2))
                           null sort order: z
                           sort order: +
                           Map-reduce partition columns: _col0 (type: decimal(7,2))
-                          Statistics: Num rows: 2138734935 Data size: 485394155352 Basic stats: COMPLETE Column stats: COMPLETE
+                          Statistics: Num rows: 1716170207 Data size: 389491457960 Basic stats: COMPLETE Column stats: COMPLETE
                           value expressions: _col1 (type: decimal(17,2)), _col2 (type: bigint)
                   Filter Operator
                     predicate: (ss_quantity BETWEEN 26 AND 30 and (ss_list_price BETWEEN 28 AND 38 or ss_coupon_amt BETWEEN 2513 AND 3513 or ss_wholesale_cost BETWEEN 42 AND 62)) (type: boolean)
-                    Statistics: Num rows: 4277469870 Data size: 1388824260284 Basic stats: COMPLETE Column stats: COMPLETE
+                    Statistics: Num rows: 2913592254 Data size: 945995583960 Basic stats: COMPLETE Column stats: COMPLETE
                     Select Operator
                       expressions: ss_list_price (type: decimal(7,2))
                       outputColumnNames: ss_list_price
-                      Statistics: Num rows: 4277469870 Data size: 1388824260284 Basic stats: COMPLETE Column stats: COMPLETE
+                      Statistics: Num rows: 2913592254 Data size: 945995583960 Basic stats: COMPLETE Column stats: COMPLETE
                       Group By Operator
                         aggregations: sum(ss_list_price), count(ss_list_price)
                         keys: ss_list_price (type: decimal(7,2))
                         minReductionHashAggr: 0.99
                         mode: hash
                         outputColumnNames: _col0, _col1, _col2
-                        Statistics: Num rows: 2138734935 Data size: 485394155352 Basic stats: COMPLETE Column stats: COMPLETE
+                        Statistics: Num rows: 1456796127 Data size: 330625508552 Basic stats: COMPLETE Column stats: COMPLETE
                         Reduce Output Operator
                           key expressions: _col0 (type: decimal(7,2))
                           null sort order: z
                           sort order: +
                           Map-reduce partition columns: _col0 (type: decimal(7,2))
-                          Statistics: Num rows: 2138734935 Data size: 485394155352 Basic stats: COMPLETE Column stats: COMPLETE
+                          Statistics: Num rows: 1456796127 Data size: 330625508552 Basic stats: COMPLETE Column stats: COMPLETE
                           value expressions: _col1 (type: decimal(17,2)), _col2 (type: bigint)
                   Filter Operator
                     predicate: (ss_quantity BETWEEN 11 AND 15 and (ss_list_price BETWEEN 66 AND 76 or ss_coupon_amt BETWEEN 920 AND 1920 or ss_wholesale_cost BETWEEN 4 AND 24)) (type: boolean)
-                    Statistics: Num rows: 4277469870 Data size: 1388824260284 Basic stats: COMPLETE Column stats: COMPLETE
+                    Statistics: Num rows: 2457715925 Data size: 797980022328 Basic stats: COMPLETE Column stats: COMPLETE
                     Select Operator
                       expressions: ss_list_price (type: decimal(7,2))
                       outputColumnNames: ss_list_price
-                      Statistics: Num rows: 4277469870 Data size: 1388824260284 Basic stats: COMPLETE Column stats: COMPLETE
+                      Statistics: Num rows: 2457715925 Data size: 797980022328 Basic stats: COMPLETE Column stats: COMPLETE
                       Group By Operator
                         aggregations: sum(ss_list_price), count(ss_list_price)
                         keys: ss_list_price (type: decimal(7,2))
                         minReductionHashAggr: 0.99
                         mode: hash
                         outputColumnNames: _col0, _col1, _col2
-                        Statistics: Num rows: 2138734935 Data size: 485394155352 Basic stats: COMPLETE Column stats: COMPLETE
+                        Statistics: Num rows: 1228857962 Data size: 278894061568 Basic stats: COMPLETE Column stats: COMPLETE
                         Reduce Output Operator
                           key expressions: _col0 (type: decimal(7,2))
                           null sort order: z
                           sort order: +
                           Map-reduce partition columns: _col0 (type: decimal(7,2))
-                          Statistics: Num rows: 2138734935 Data size: 485394155352 Basic stats: COMPLETE Column stats: COMPLETE
+                          Statistics: Num rows: 1228857962 Data size: 278894061568 Basic stats: COMPLETE Column stats: COMPLETE
                           value expressions: _col1 (type: decimal(17,2)), _col2 (type: bigint)
                   Filter Operator
                     predicate: (ss_quantity BETWEEN 6 AND 10 and (ss_list_price BETWEEN 91 AND 101 or ss_coupon_amt BETWEEN 1430 AND 2430 or ss_wholesale_cost BETWEEN 32 AND 52)) (type: boolean)
-                    Statistics: Num rows: 4277469870 Data size: 1388824260284 Basic stats: COMPLETE Column stats: COMPLETE
+                    Statistics: Num rows: 3193426694 Data size: 1036853233656 Basic stats: COMPLETE Column stats: COMPLETE
                     Select Operator
                       expressions: ss_list_price (type: decimal(7,2))
                       outputColumnNames: ss_list_price
-                      Statistics: Num rows: 4277469870 Data size: 1388824260284 Basic stats: COMPLETE Column stats: COMPLETE
+                      Statistics: Num rows: 3193426694 Data size: 1036853233656 Basic stats: COMPLETE Column stats: COMPLETE
                       Group By Operator
                         aggregations: sum(ss_list_price), count(ss_list_price)
                         keys: ss_list_price (type: decimal(7,2))
                         minReductionHashAggr: 0.99
                         mode: hash
                         outputColumnNames: _col0, _col1, _col2
-                        Statistics: Num rows: 2138734935 Data size: 485394155352 Basic stats: COMPLETE Column stats: COMPLETE
+                        Statistics: Num rows: 1596713347 Data size: 362380262200 Basic stats: COMPLETE Column stats: COMPLETE
                         Reduce Output Operator
                           key expressions: _col0 (type: decimal(7,2))
                           null sort order: z
                           sort order: +
                           Map-reduce partition columns: _col0 (type: decimal(7,2))
-                          Statistics: Num rows: 2138734935 Data size: 485394155352 Basic stats: COMPLETE Column stats: COMPLETE
+                          Statistics: Num rows: 1596713347 Data size: 362380262200 Basic stats: COMPLETE Column stats: COMPLETE
                           value expressions: _col1 (type: decimal(17,2)), _col2 (type: bigint)
             Execution mode: vectorized, llap
             LLAP IO: may be used (ACID table)
@@ -168,7 +168,7 @@ STAGE PLANS:
                 keys: KEY._col0 (type: decimal(7,2))
                 mode: partial2
                 outputColumnNames: _col0, _col1, _col2
-                Statistics: Num rows: 2138734935 Data size: 485394155352 Basic stats: COMPLETE Column stats: COMPLETE
+                Statistics: Num rows: 1228857962 Data size: 278894061568 Basic stats: COMPLETE Column stats: COMPLETE
                 Group By Operator
                   aggregations: sum(_col1), count(_col2), count(_col0)
                   mode: partial2
@@ -204,7 +204,7 @@ STAGE PLANS:
                 keys: KEY._col0 (type: decimal(7,2))
                 mode: partial2
                 outputColumnNames: _col0, _col1, _col2
-                Statistics: Num rows: 2138734935 Data size: 485394155352 Basic stats: COMPLETE Column stats: COMPLETE
+                Statistics: Num rows: 1596713347 Data size: 362380262200 Basic stats: COMPLETE Column stats: COMPLETE
                 Group By Operator
                   aggregations: sum(_col1), count(_col2), count(_col0)
                   mode: partial2
@@ -240,7 +240,7 @@ STAGE PLANS:
                 keys: KEY._col0 (type: decimal(7,2))
                 mode: partial2
                 outputColumnNames: _col0, _col1, _col2
-                Statistics: Num rows: 2138734935 Data size: 485394155352 Basic stats: COMPLETE Column stats: COMPLETE
+                Statistics: Num rows: 982690092 Data size: 223025312544 Basic stats: COMPLETE Column stats: COMPLETE
                 Group By Operator
                   aggregations: sum(_col1), count(_col2), count(_col0)
                   mode: partial2
@@ -263,67 +263,11 @@ STAGE PLANS:
                   expressions: CAST( (_col0 / _col1) AS decimal(11,6)) (type: decimal(11,6)), _col1 (type: bigint), _col2 (type: bigint)
                   outputColumnNames: _col0, _col1, _col2
                   Statistics: Num rows: 1 Data size: 128 Basic stats: COMPLETE Column stats: COMPLETE
-                  Map Join Operator
-                    condition map:
-                         Inner Join 0 to 1
-                    keys:
-                      0 
-                      1 
-                    outputColumnNames: _col0, _col1, _col2, _col3, _col4, _col5
-                    input vertices:
-                      1 Reducer 9
-                    Statistics: Num rows: 1 Data size: 256 Basic stats: COMPLETE Column stats: COMPLETE
-                    Map Join Operator
-                      condition map:
-                           Inner Join 0 to 1
-                      keys:
-                        0 
-                        1 
-                      outputColumnNames: _col0, _col1, _col2, _col3, _col4, _col5, _col6, _col7, _col8
-                      input vertices:
-                        1 Reducer 7
-                      Statistics: Num rows: 1 Data size: 384 Basic stats: COMPLETE Column stats: COMPLETE
-                      Map Join Operator
-                        condition map:
-                             Inner Join 0 to 1
-                        keys:
-                          0 
-                          1 
-                        outputColumnNames: _col0, _col1, _col2, _col3, _col4, _col5, _col6, _col7, _col8, _col9, _col10, _col11
-                        input vertices:
-                          1 Reducer 5
-                        Statistics: Num rows: 1 Data size: 512 Basic stats: COMPLETE Column stats: COMPLETE
-                        Map Join Operator
-                          condition map:
-                               Inner Join 0 to 1
-                          keys:
-                            0 
-                            1 
-                          outputColumnNames: _col0, _col1, _col2, _col3, _col4, _col5, _col6, _col7, _col8, _col9, _col10, _col11, _col12, _col13, _col14
-                          input vertices:
-                            1 Reducer 11
-                          Statistics: Num rows: 1 Data size: 640 Basic stats: COMPLETE Column stats: COMPLETE
-                          Map Join Operator
-                            condition map:
-                                 Inner Join 0 to 1
-                            keys:
-                              0 
-                              1 
-                            outputColumnNames: _col0, _col1, _col2, _col3, _col4, _col5, _col6, _col7, _col8, _col9, _col10, _col11, _col12, _col13, _col14, _col15, _col16, _col17
-                            input vertices:
-                              1 Reducer 13
-                            Statistics: Num rows: 1 Data size: 768 Basic stats: COMPLETE Column stats: COMPLETE
-                            Select Operator
-                              expressions: _col0 (type: decimal(11,6)), _col1 (type: bigint), _col2 (type: bigint), _col15 (type: decimal(11,6)), _col16 (type: bigint), _col17 (type: bigint), _col12 (type: decimal(11,6)), _col13 (type: bigint), _col14 (type: bigint), _col9 (type: decimal(11,6)), _col10 (type: bigint), _col11 (type: bigint), _col6 (type: decimal(11,6)), _col7 (type: bigint), _col8 (type: bigint), _col3 (type: decimal(11,6)), _col4 (type: bigint), _col5 (type: bigint)
-                              outputColumnNames: _col0, _col1, _col2, _col3, _col4, _col5, _col6, _col7, _col8, _col9, _col10, _col11, _col12, _col13, _col14, _col15, _col16, _col17
-                              Statistics: Num rows: 1 Data size: 768 Basic stats: COMPLETE Column stats: COMPLETE
-                              File Output Operator
-                                compressed: false
-                                Statistics: Num rows: 1 Data size: 768 Basic stats: COMPLETE Column stats: COMPLETE
-                                table:
-                                    input format: org.apache.hadoop.mapred.SequenceFileInputFormat
-                                    output format: org.apache.hadoop.hive.ql.io.HiveSequenceFileOutputFormat
-                                    serde: org.apache.hadoop.hive.serde2.lazy.LazySimpleSerDe
+                  Reduce Output Operator
+                    null sort order: 
+                    sort order: 
+                    Statistics: Num rows: 1 Data size: 128 Basic stats: COMPLETE Column stats: COMPLETE
+                    value expressions: _col0 (type: decimal(11,6)), _col1 (type: bigint), _col2 (type: bigint)
         Reducer 4 
             Execution mode: vectorized, llap
             Reduce Operator Tree:
@@ -332,7 +276,7 @@ STAGE PLANS:
                 keys: KEY._col0 (type: decimal(7,2))
                 mode: partial2
                 outputColumnNames: _col0, _col1, _col2
-                Statistics: Num rows: 2138734935 Data size: 485394155352 Basic stats: COMPLETE Column stats: COMPLETE
+                Statistics: Num rows: 1285722890 Data size: 291799776608 Basic stats: COMPLETE Column stats: COMPLETE
                 Group By Operator
                   aggregations: sum(_col1), count(_col2), count(_col0)
                   mode: partial2
@@ -368,7 +312,7 @@ STAGE PLANS:
                 keys: KEY._col0 (type: decimal(7,2))
                 mode: partial2
                 outputColumnNames: _col0, _col1, _col2
-                Statistics: Num rows: 2138734935 Data size: 485394155352 Basic stats: COMPLETE Column stats: COMPLETE
+                Statistics: Num rows: 1716170207 Data size: 389491457960 Basic stats: COMPLETE Column stats: COMPLETE
                 Group By Operator
                   aggregations: sum(_col1), count(_col2), count(_col0)
                   mode: partial2
@@ -391,11 +335,57 @@ STAGE PLANS:
                   expressions: CAST( (_col0 / _col1) AS decimal(11,6)) (type: decimal(11,6)), _col1 (type: bigint), _col2 (type: bigint)
                   outputColumnNames: _col0, _col1, _col2
                   Statistics: Num rows: 1 Data size: 128 Basic stats: COMPLETE Column stats: COMPLETE
-                  Reduce Output Operator
-                    null sort order: 
-                    sort order: 
-                    Statistics: Num rows: 1 Data size: 128 Basic stats: COMPLETE Column stats: COMPLETE
-                    value expressions: _col0 (type: decimal(11,6)), _col1 (type: bigint), _col2 (type: bigint)
+                  Map Join Operator
+                    condition map:
+                         Inner Join 0 to 1
+                    keys:
+                      0 
+                      1 
+                    outputColumnNames: _col0, _col1, _col2, _col3, _col4, _col5, _col6, _col7, _col8
+                    input vertices:
+                      0 Reducer 9
+                    Statistics: Num rows: 1 Data size: 384 Basic stats: COMPLETE Column stats: COMPLETE
+                    Map Join Operator
+                      condition map:
+                           Inner Join 0 to 1
+                      keys:
+                        0 
+                        1 
+                      outputColumnNames: _col0, _col1, _col2, _col3, _col4, _col5, _col6, _col7, _col8, _col9, _col10, _col11
+                      input vertices:
+                        1 Reducer 5
+                      Statistics: Num rows: 1 Data size: 512 Basic stats: COMPLETE Column stats: COMPLETE
+                      Map Join Operator
+                        condition map:
+                             Inner Join 0 to 1
+                        keys:
+                          0 
+                          1 
+                        outputColumnNames: _col0, _col1, _col2, _col3, _col4, _col5, _col6, _col7, _col8, _col9, _col10, _col11, _col12, _col13, _col14
+                        input vertices:
+                          1 Reducer 11
+                        Statistics: Num rows: 1 Data size: 640 Basic stats: COMPLETE Column stats: COMPLETE
+                        Map Join Operator
+                          condition map:
+                               Inner Join 0 to 1
+                          keys:
+                            0 
+                            1 
+                          outputColumnNames: _col0, _col1, _col2, _col3, _col4, _col5, _col6, _col7, _col8, _col9, _col10, _col11, _col12, _col13, _col14, _col15, _col16, _col17
+                          input vertices:
+                            1 Reducer 13
+                          Statistics: Num rows: 1 Data size: 768 Basic stats: COMPLETE Column stats: COMPLETE
+                          Select Operator
+                            expressions: _col0 (type: decimal(11,6)), _col1 (type: bigint), _col2 (type: bigint), _col15 (type: decimal(11,6)), _col16 (type: bigint), _col17 (type: bigint), _col12 (type: decimal(11,6)), _col13 (type: bigint), _col14 (type: bigint), _col9 (type: decimal(11,6)), _col10 (type: bigint), _col11 (type: bigint), _col6 (type: decimal(11,6)), _col7 (type: bigint), _col8 (type: bigint), _col3 (type: decimal(11,6)), _col4 (type: bigint), _col5 (type: bigint)
+                            outputColumnNames: _col0, _col1, _col2, _col3, _col4, _col5, _col6, _col7, _col8, _col9, _col10, _col11, _col12, _col13, _col14, _col15, _col16, _col17
+                            Statistics: Num rows: 1 Data size: 768 Basic stats: COMPLETE Column stats: COMPLETE
+                            File Output Operator
+                              compressed: false
+                              Statistics: Num rows: 1 Data size: 768 Basic stats: COMPLETE Column stats: COMPLETE
+                              table:
+                                  input format: org.apache.hadoop.mapred.SequenceFileInputFormat
+                                  output format: org.apache.hadoop.hive.ql.io.HiveSequenceFileOutputFormat
+                                  serde: org.apache.hadoop.hive.serde2.lazy.LazySimpleSerDe
         Reducer 8 
             Execution mode: vectorized, llap
             Reduce Operator Tree:
@@ -404,7 +394,7 @@ STAGE PLANS:
                 keys: KEY._col0 (type: decimal(7,2))
                 mode: partial2
                 outputColumnNames: _col0, _col1, _col2
-                Statistics: Num rows: 2138734935 Data size: 485394155352 Basic stats: COMPLETE Column stats: COMPLETE
+                Statistics: Num rows: 1456796127 Data size: 330625508552 Basic stats: COMPLETE Column stats: COMPLETE
                 Group By Operator
                   aggregations: sum(_col1), count(_col2), count(_col0)
                   mode: partial2
@@ -427,11 +417,21 @@ STAGE PLANS:
                   expressions: CAST( (_col0 / _col1) AS decimal(11,6)) (type: decimal(11,6)), _col1 (type: bigint), _col2 (type: bigint)
                   outputColumnNames: _col0, _col1, _col2
                   Statistics: Num rows: 1 Data size: 128 Basic stats: COMPLETE Column stats: COMPLETE
-                  Reduce Output Operator
-                    null sort order: 
-                    sort order: 
-                    Statistics: Num rows: 1 Data size: 128 Basic stats: COMPLETE Column stats: COMPLETE
-                    value expressions: _col0 (type: decimal(11,6)), _col1 (type: bigint), _col2 (type: bigint)
+                  Map Join Operator
+                    condition map:
+                         Inner Join 0 to 1
+                    keys:
+                      0 
+                      1 
+                    outputColumnNames: _col0, _col1, _col2, _col3, _col4, _col5
+                    input vertices:
+                      0 Reducer 3
+                    Statistics: Num rows: 1 Data size: 256 Basic stats: COMPLETE Column stats: COMPLETE
+                    Reduce Output Operator
+                      null sort order: 
+                      sort order: 
+                      Statistics: Num rows: 1 Data size: 256 Basic stats: COMPLETE Column stats: COMPLETE
+                      value expressions: _col0 (type: decimal(11,6)), _col1 (type: bigint), _col2 (type: bigint), _col3 (type: decimal(11,6)), _col4 (type: bigint), _col5 (type: bigint)
 
   Stage: Stage-0
     Fetch Operator
diff --git a/ql/src/test/results/clientpositive/perf/tpcds30tb/tez/query37.q.out b/ql/src/test/results/clientpositive/perf/tpcds30tb/tez/query37.q.out
index d7c91a4e25..b37ba64955 100644
--- a/ql/src/test/results/clientpositive/perf/tpcds30tb/tez/query37.q.out
+++ b/ql/src/test/results/clientpositive/perf/tpcds30tb/tez/query37.q.out
@@ -37,7 +37,7 @@ STAGE PLANS:
                         outputColumnNames: _col0, _col2, _col3, _col4, _col5
                         input vertices:
                           1 Map 2
-                        Statistics: Num rows: 1219308 Data size: 502354784 Basic stats: COMPLETE Column stats: COMPLETE
+                        Statistics: Num rows: 1203452 Data size: 495822112 Basic stats: COMPLETE Column stats: COMPLETE
                         Map Join Operator
                           condition map:
                                Inner Join 0 to 1
@@ -47,13 +47,13 @@ STAGE PLANS:
                           outputColumnNames: _col2, _col3, _col4, _col5
                           input vertices:
                             1 Map 4
-                          Statistics: Num rows: 135470 Data size: 54729768 Basic stats: COMPLETE Column stats: COMPLETE
+                          Statistics: Num rows: 133708 Data size: 54017920 Basic stats: COMPLETE Column stats: COMPLETE
                           Reduce Output Operator
                             key expressions: _col2 (type: bigint)
                             null sort order: z
                             sort order: +
                             Map-reduce partition columns: _col2 (type: bigint)
-                            Statistics: Num rows: 135470 Data size: 54729768 Basic stats: COMPLETE Column stats: COMPLETE
+                            Statistics: Num rows: 133708 Data size: 54017920 Basic stats: COMPLETE Column stats: COMPLETE
                             value expressions: _col3 (type: string), _col4 (type: varchar(200)), _col5 (type: decimal(7,2))
             Execution mode: vectorized, llap
             LLAP IO: may be used (ACID table)
@@ -65,22 +65,22 @@ STAGE PLANS:
                   Statistics: Num rows: 462000 Data size: 188360804 Basic stats: COMPLETE Column stats: COMPLETE
                   Filter Operator
                     predicate: ((i_manufact_id) IN (678, 849, 918, 964) and i_current_price BETWEEN 22 AND 52) (type: boolean)
-                    Statistics: Num rows: 769 Data size: 313636 Basic stats: COMPLETE Column stats: COMPLETE
+                    Statistics: Num rows: 759 Data size: 309556 Basic stats: COMPLETE Column stats: COMPLETE
                     Select Operator
                       expressions: i_item_sk (type: bigint), i_item_id (type: string), i_item_desc (type: varchar(200)), i_current_price (type: decimal(7,2))
                       outputColumnNames: _col0, _col1, _col2, _col3
-                      Statistics: Num rows: 769 Data size: 310564 Basic stats: COMPLETE Column stats: COMPLETE
+                      Statistics: Num rows: 759 Data size: 306524 Basic stats: COMPLETE Column stats: COMPLETE
                       Reduce Output Operator
                         key expressions: _col0 (type: bigint)
                         null sort order: z
                         sort order: +
                         Map-reduce partition columns: _col0 (type: bigint)
-                        Statistics: Num rows: 769 Data size: 310564 Basic stats: COMPLETE Column stats: COMPLETE
+                        Statistics: Num rows: 759 Data size: 306524 Basic stats: COMPLETE Column stats: COMPLETE
                         value expressions: _col1 (type: string), _col2 (type: varchar(200)), _col3 (type: decimal(7,2))
                       Select Operator
                         expressions: _col0 (type: bigint)
                         outputColumnNames: _col0
-                        Statistics: Num rows: 769 Data size: 6152 Basic stats: COMPLETE Column stats: COMPLETE
+                        Statistics: Num rows: 759 Data size: 6072 Basic stats: COMPLETE Column stats: COMPLETE
                         Group By Operator
                           aggregations: min(_col0), max(_col0), bloom_filter(_col0, expectedEntries=1000000)
                           minReductionHashAggr: 0.99
@@ -120,7 +120,7 @@ STAGE PLANS:
                 TableScan
                   alias: catalog_sales
                   filterExpr: (cs_item_sk BETWEEN DynamicValue(RS_12_item_i_item_sk_min) AND DynamicValue(RS_12_item_i_item_sk_max) and in_bloom_filter(cs_item_sk, DynamicValue(RS_12_item_i_item_sk_bloom_filter))) (type: boolean)
-                  probeDecodeDetails: cacheKey:HASH_MAP_MAPJOIN_83_container, bigKeyColName:cs_item_sk, smallTablePos:0, keyRatio:0.0016645022071651908
+                  probeDecodeDetails: cacheKey:HASH_MAP_MAPJOIN_83_container, bigKeyColName:cs_item_sk, smallTablePos:0, keyRatio:0.001642857105836333
                   Statistics: Num rows: 43220864887 Data size: 345766919096 Basic stats: COMPLETE Column stats: COMPLETE
                   Filter Operator
                     predicate: (cs_item_sk BETWEEN DynamicValue(RS_12_item_i_item_sk_min) AND DynamicValue(RS_12_item_i_item_sk_max) and in_bloom_filter(cs_item_sk, DynamicValue(RS_12_item_i_item_sk_bloom_filter))) (type: boolean)
@@ -138,25 +138,25 @@ STAGE PLANS:
                         outputColumnNames: _col3, _col4, _col5
                         input vertices:
                           0 Map 1
-                        Statistics: Num rows: 71941225 Data size: 28488724988 Basic stats: COMPLETE Column stats: COMPLETE
+                        Statistics: Num rows: 71005705 Data size: 28118259068 Basic stats: COMPLETE Column stats: COMPLETE
                         Top N Key Operator
                           sort order: +++
                           keys: _col3 (type: string), _col4 (type: varchar(200)), _col5 (type: decimal(7,2))
                           null sort order: zzz
-                          Statistics: Num rows: 71941225 Data size: 28488724988 Basic stats: COMPLETE Column stats: COMPLETE
+                          Statistics: Num rows: 71005705 Data size: 28118259068 Basic stats: COMPLETE Column stats: COMPLETE
                           top n: 100
                           Group By Operator
                             keys: _col3 (type: string), _col4 (type: varchar(200)), _col5 (type: decimal(7,2))
                             minReductionHashAggr: 0.99
                             mode: hash
                             outputColumnNames: _col0, _col1, _col2
-                            Statistics: Num rows: 86128 Data size: 34106688 Basic stats: COMPLETE Column stats: COMPLETE
+                            Statistics: Num rows: 83490 Data size: 33062040 Basic stats: COMPLETE Column stats: COMPLETE
                             Reduce Output Operator
                               key expressions: _col0 (type: string), _col1 (type: varchar(200)), _col2 (type: decimal(7,2))
                               null sort order: zzz
                               sort order: +++
                               Map-reduce partition columns: _col0 (type: string), _col1 (type: varchar(200)), _col2 (type: decimal(7,2))
-                              Statistics: Num rows: 86128 Data size: 34106688 Basic stats: COMPLETE Column stats: COMPLETE
+                              Statistics: Num rows: 83490 Data size: 33062040 Basic stats: COMPLETE Column stats: COMPLETE
             Execution mode: vectorized, llap
             LLAP IO: may be used (ACID table)
         Reducer 3 
@@ -179,12 +179,12 @@ STAGE PLANS:
                 keys: KEY._col0 (type: string), KEY._col1 (type: varchar(200)), KEY._col2 (type: decimal(7,2))
                 mode: mergepartial
                 outputColumnNames: _col0, _col1, _col2
-                Statistics: Num rows: 769 Data size: 304524 Basic stats: COMPLETE Column stats: COMPLETE
+                Statistics: Num rows: 759 Data size: 300564 Basic stats: COMPLETE Column stats: COMPLETE
                 Reduce Output Operator
                   key expressions: _col0 (type: string)
                   null sort order: z
                   sort order: +
-                  Statistics: Num rows: 769 Data size: 304524 Basic stats: COMPLETE Column stats: COMPLETE
+                  Statistics: Num rows: 759 Data size: 300564 Basic stats: COMPLETE Column stats: COMPLETE
                   value expressions: _col1 (type: varchar(200)), _col2 (type: decimal(7,2))
         Reducer 7 
             Execution mode: vectorized, llap
@@ -192,7 +192,7 @@ STAGE PLANS:
               Select Operator
                 expressions: KEY.reducesinkkey0 (type: string), VALUE._col0 (type: varchar(200)), VALUE._col1 (type: decimal(7,2))
                 outputColumnNames: _col0, _col1, _col2
-                Statistics: Num rows: 769 Data size: 304524 Basic stats: COMPLETE Column stats: COMPLETE
+                Statistics: Num rows: 759 Data size: 300564 Basic stats: COMPLETE Column stats: COMPLETE
                 Limit
                   Number of rows: 100
                   Statistics: Num rows: 100 Data size: 39600 Basic stats: COMPLETE Column stats: COMPLETE
diff --git a/ql/src/test/results/clientpositive/perf/tpcds30tb/tez/query40.q.out b/ql/src/test/results/clientpositive/perf/tpcds30tb/tez/query40.q.out
index 4c105dc643..005a3f992f 100644
--- a/ql/src/test/results/clientpositive/perf/tpcds30tb/tez/query40.q.out
+++ b/ql/src/test/results/clientpositive/perf/tpcds30tb/tez/query40.q.out
@@ -67,22 +67,22 @@ STAGE PLANS:
                   Statistics: Num rows: 462000 Data size: 101509408 Basic stats: COMPLETE Column stats: COMPLETE
                   Filter Operator
                     predicate: i_current_price BETWEEN 0.99 AND 1.49 (type: boolean)
-                    Statistics: Num rows: 9240 Data size: 2030336 Basic stats: COMPLETE Column stats: COMPLETE
+                    Statistics: Num rows: 6416 Data size: 1409840 Basic stats: COMPLETE Column stats: COMPLETE
                     Select Operator
                       expressions: i_item_sk (type: bigint), i_item_id (type: string)
                       outputColumnNames: _col0, _col1
-                      Statistics: Num rows: 9240 Data size: 997920 Basic stats: COMPLETE Column stats: COMPLETE
+                      Statistics: Num rows: 6416 Data size: 692928 Basic stats: COMPLETE Column stats: COMPLETE
                       Reduce Output Operator
                         key expressions: _col0 (type: bigint)
                         null sort order: z
                         sort order: +
                         Map-reduce partition columns: _col0 (type: bigint)
-                        Statistics: Num rows: 9240 Data size: 997920 Basic stats: COMPLETE Column stats: COMPLETE
+                        Statistics: Num rows: 6416 Data size: 692928 Basic stats: COMPLETE Column stats: COMPLETE
                         value expressions: _col1 (type: string)
                       Select Operator
                         expressions: _col0 (type: bigint)
                         outputColumnNames: _col0
-                        Statistics: Num rows: 9240 Data size: 73920 Basic stats: COMPLETE Column stats: COMPLETE
+                        Statistics: Num rows: 6416 Data size: 51328 Basic stats: COMPLETE Column stats: COMPLETE
                         Group By Operator
                           aggregations: min(_col0), max(_col0), bloom_filter(_col0, expectedEntries=1000000)
                           minReductionHashAggr: 0.99
@@ -175,7 +175,7 @@ STAGE PLANS:
                   outputColumnNames: _col0, _col3, _col4, _col7, _col9
                   input vertices:
                     1 Map 6
-                  Statistics: Num rows: 1364669437 Data size: 298398524732 Basic stats: COMPLETE Column stats: COMPLETE
+                  Statistics: Num rows: 947588639 Data size: 203304102788 Basic stats: COMPLETE Column stats: COMPLETE
                   Map Join Operator
                     condition map:
                          Inner Join 0 to 1
@@ -185,7 +185,7 @@ STAGE PLANS:
                     outputColumnNames: _col0, _col3, _col7, _col9, _col11, _col12
                     input vertices:
                       1 Map 8
-                    Statistics: Num rows: 151619558 Data size: 21823152320 Basic stats: COMPLETE Column stats: COMPLETE
+                    Statistics: Num rows: 105280419 Data size: 11370285484 Basic stats: COMPLETE Column stats: COMPLETE
                     Map Join Operator
                       condition map:
                            Inner Join 0 to 1
@@ -195,30 +195,30 @@ STAGE PLANS:
                       outputColumnNames: _col3, _col7, _col9, _col11, _col12, _col14
                       input vertices:
                         1 Map 9
-                      Statistics: Num rows: 151619558 Data size: 34508842076 Basic stats: COMPLETE Column stats: COMPLETE
+                      Statistics: Num rows: 105280419 Data size: 20424401510 Basic stats: COMPLETE Column stats: COMPLETE
                       Top N Key Operator
                         sort order: ++
                         keys: _col14 (type: char(2)), _col9 (type: string)
                         null sort order: zz
-                        Statistics: Num rows: 151619558 Data size: 34508842076 Basic stats: COMPLETE Column stats: COMPLETE
+                        Statistics: Num rows: 105280419 Data size: 20424401510 Basic stats: COMPLETE Column stats: COMPLETE
                         top n: 100
                         Select Operator
                           expressions: _col14 (type: char(2)), _col9 (type: string), if(_col11, (_col3 - if(_col7 is not null, _col7, 0)), 0) (type: decimal(8,2)), if(_col12, (_col3 - if(_col7 is not null, _col7, 0)), 0) (type: decimal(8,2))
                           outputColumnNames: _col0, _col1, _col2, _col3
-                          Statistics: Num rows: 151619558 Data size: 34508842076 Basic stats: COMPLETE Column stats: COMPLETE
+                          Statistics: Num rows: 105280419 Data size: 20424401510 Basic stats: COMPLETE Column stats: COMPLETE
                           Group By Operator
                             aggregations: sum(_col2), sum(_col3)
                             keys: _col0 (type: char(2)), _col1 (type: string)
                             minReductionHashAggr: 0.99
                             mode: hash
                             outputColumnNames: _col0, _col1, _col2, _col3
-                            Statistics: Num rows: 1663740 Data size: 682133400 Basic stats: COMPLETE Column stats: COMPLETE
+                            Statistics: Num rows: 684480 Data size: 280636800 Basic stats: COMPLETE Column stats: COMPLETE
                             Reduce Output Operator
                               key expressions: _col0 (type: char(2)), _col1 (type: string)
                               null sort order: zz
                               sort order: ++
                               Map-reduce partition columns: _col0 (type: char(2)), _col1 (type: string)
-                              Statistics: Num rows: 1663740 Data size: 682133400 Basic stats: COMPLETE Column stats: COMPLETE
+                              Statistics: Num rows: 684480 Data size: 280636800 Basic stats: COMPLETE Column stats: COMPLETE
                               value expressions: _col2 (type: decimal(18,2)), _col3 (type: decimal(18,2))
         Reducer 3 
             Execution mode: vectorized, llap
@@ -228,12 +228,12 @@ STAGE PLANS:
                 keys: KEY._col0 (type: char(2)), KEY._col1 (type: string)
                 mode: mergepartial
                 outputColumnNames: _col0, _col1, _col2, _col3
-                Statistics: Num rows: 12324 Data size: 5052840 Basic stats: COMPLETE Column stats: COMPLETE
+                Statistics: Num rows: 8556 Data size: 3507960 Basic stats: COMPLETE Column stats: COMPLETE
                 Reduce Output Operator
                   key expressions: _col0 (type: char(2)), _col1 (type: string)
                   null sort order: zz
                   sort order: ++
-                  Statistics: Num rows: 12324 Data size: 5052840 Basic stats: COMPLETE Column stats: COMPLETE
+                  Statistics: Num rows: 8556 Data size: 3507960 Basic stats: COMPLETE Column stats: COMPLETE
                   value expressions: _col2 (type: decimal(18,2)), _col3 (type: decimal(18,2))
         Reducer 4 
             Execution mode: vectorized, llap
@@ -241,7 +241,7 @@ STAGE PLANS:
               Select Operator
                 expressions: KEY.reducesinkkey0 (type: char(2)), KEY.reducesinkkey1 (type: string), VALUE._col0 (type: decimal(18,2)), VALUE._col1 (type: decimal(18,2))
                 outputColumnNames: _col0, _col1, _col2, _col3
-                Statistics: Num rows: 12324 Data size: 5052840 Basic stats: COMPLETE Column stats: COMPLETE
+                Statistics: Num rows: 8556 Data size: 3507960 Basic stats: COMPLETE Column stats: COMPLETE
                 Limit
                   Number of rows: 100
                   Statistics: Num rows: 100 Data size: 41000 Basic stats: COMPLETE Column stats: COMPLETE
diff --git a/ql/src/test/results/clientpositive/perf/tpcds30tb/tez/query48.q.out b/ql/src/test/results/clientpositive/perf/tpcds30tb/tez/query48.q.out
index 0c43055a9d..7d4f42012d 100644
--- a/ql/src/test/results/clientpositive/perf/tpcds30tb/tez/query48.q.out
+++ b/ql/src/test/results/clientpositive/perf/tpcds30tb/tez/query48.q.out
@@ -16,15 +16,15 @@ STAGE PLANS:
                 TableScan
                   alias: store_sales
                   filterExpr: (ss_sales_price BETWEEN 50 AND 200 and ss_net_profit is not null and ss_sales_price is not null and ss_cdemo_sk is not null and ss_addr_sk is not null and ss_store_sk is not null) (type: boolean)
-                  probeDecodeDetails: cacheKey:HASH_MAP_MAPJOIN_66_container, bigKeyColName:ss_addr_sk, smallTablePos:1, keyRatio:3.245580464030688E-4
+                  probeDecodeDetails: cacheKey:HASH_MAP_MAPJOIN_66_container, bigKeyColName:ss_addr_sk, smallTablePos:1, keyRatio:3.245472235879363E-4
                   Statistics: Num rows: 82510879939 Data size: 20962809999708 Basic stats: COMPLETE Column stats: COMPLETE
                   Filter Operator
                     predicate: (ss_sales_price BETWEEN 50 AND 200 and ss_net_profit is not null and ss_sales_price is not null and ss_cdemo_sk is not null and ss_addr_sk is not null and ss_store_sk is not null) (type: boolean)
-                    Statistics: Num rows: 54925699257 Data size: 13954486953516 Basic stats: COMPLETE Column stats: COMPLETE
+                    Statistics: Num rows: 54923868216 Data size: 13954021757116 Basic stats: COMPLETE Column stats: COMPLETE
                     Select Operator
                       expressions: ss_cdemo_sk (type: bigint), ss_addr_sk (type: bigint), ss_quantity (type: int), ss_sold_date_sk (type: bigint), ss_net_profit BETWEEN 0 AND 2000 (type: boolean), ss_net_profit BETWEEN 150 AND 3000 (type: boolean), ss_net_profit BETWEEN 50 AND 25000 (type: boolean)
                       outputColumnNames: _col0, _col1, _col2, _col3, _col4, _col5, _col6
-                      Statistics: Num rows: 54925699257 Data size: 2171111781128 Basic stats: COMPLETE Column stats: COMPLETE
+                      Statistics: Num rows: 54923868216 Data size: 2171039403444 Basic stats: COMPLETE Column stats: COMPLETE
                       Map Join Operator
                         condition map:
                              Inner Join 0 to 1
@@ -34,7 +34,7 @@ STAGE PLANS:
                         outputColumnNames: _col0, _col1, _col2, _col4, _col5, _col6
                         input vertices:
                           1 Map 3
-                        Statistics: Num rows: 11039131354 Data size: 327336014176 Basic stats: COMPLETE Column stats: COMPLETE
+                        Statistics: Num rows: 11038763346 Data size: 327325101876 Basic stats: COMPLETE Column stats: COMPLETE
                         Map Join Operator
                           condition map:
                                Inner Join 0 to 1
@@ -44,7 +44,7 @@ STAGE PLANS:
                           outputColumnNames: _col1, _col2, _col4, _col5, _col6
                           input vertices:
                             1 Map 4
-                          Statistics: Num rows: 315403755 Data size: 3784845072 Basic stats: COMPLETE Column stats: COMPLETE
+                          Statistics: Num rows: 315393241 Data size: 3784718904 Basic stats: COMPLETE Column stats: COMPLETE
                           Map Join Operator
                             condition map:
                                  Inner Join 0 to 1
@@ -54,14 +54,14 @@ STAGE PLANS:
                             outputColumnNames: _col2, _col4, _col5, _col6, _col10, _col11, _col12
                             input vertices:
                               1 Map 5
-                            Statistics: Num rows: 26779570 Data size: 642709684 Basic stats: COMPLETE Column stats: COMPLETE
+                            Statistics: Num rows: 26778677 Data size: 642688252 Basic stats: COMPLETE Column stats: COMPLETE
                             Filter Operator
                               predicate: ((_col10 and _col4) or (_col11 and _col5) or (_col12 and _col6)) (type: boolean)
-                              Statistics: Num rows: 20084676 Data size: 482032228 Basic stats: COMPLETE Column stats: COMPLETE
+                              Statistics: Num rows: 20084007 Data size: 482016172 Basic stats: COMPLETE Column stats: COMPLETE
                               Select Operator
                                 expressions: _col2 (type: int)
                                 outputColumnNames: _col2
-                                Statistics: Num rows: 20084676 Data size: 482032228 Basic stats: COMPLETE Column stats: COMPLETE
+                                Statistics: Num rows: 20084007 Data size: 482016172 Basic stats: COMPLETE Column stats: COMPLETE
                                 Group By Operator
                                   aggregations: sum(_col2)
                                   minReductionHashAggr: 0.99
diff --git a/ql/src/test/results/clientpositive/perf/tpcds30tb/tez/query49.q.out b/ql/src/test/results/clientpositive/perf/tpcds30tb/tez/query49.q.out
index 9245c21e4b..98ae718248 100644
--- a/ql/src/test/results/clientpositive/perf/tpcds30tb/tez/query49.q.out
+++ b/ql/src/test/results/clientpositive/perf/tpcds30tb/tez/query49.q.out
@@ -41,11 +41,11 @@ STAGE PLANS:
                   Statistics: Num rows: 21594638446 Data size: 5441536184068 Basic stats: COMPLETE Column stats: COMPLETE
                   Filter Operator
                     predicate: ((ws_quantity > 0) and (ws_net_profit > 1) and (ws_net_paid > 0)) (type: boolean)
-                    Statistics: Num rows: 14468407759 Data size: 3645829243464 Basic stats: COMPLETE Column stats: COMPLETE
+                    Statistics: Num rows: 14321294654 Data size: 3608758871252 Basic stats: COMPLETE Column stats: COMPLETE
                     Select Operator
                       expressions: ws_item_sk (type: bigint), ws_order_number (type: bigint), ws_quantity (type: int), ws_net_paid (type: decimal(7,2)), ws_sold_date_sk (type: bigint)
                       outputColumnNames: _col0, _col1, _col2, _col3, _col5
-                      Statistics: Num rows: 14468407759 Data size: 2025367574456 Basic stats: COMPLETE Column stats: COMPLETE
+                      Statistics: Num rows: 14321294654 Data size: 2004773870004 Basic stats: COMPLETE Column stats: COMPLETE
                       Map Join Operator
                         condition map:
                              Inner Join 0 to 1
@@ -55,18 +55,18 @@ STAGE PLANS:
                         outputColumnNames: _col0, _col1, _col2, _col3
                         input vertices:
                           1 Map 19
-                        Statistics: Num rows: 245626764 Data size: 32213221044 Basic stats: COMPLETE Column stats: COMPLETE
+                        Statistics: Num rows: 243129259 Data size: 31885680632 Basic stats: COMPLETE Column stats: COMPLETE
                         Reduce Output Operator
                           key expressions: _col0 (type: bigint), _col1 (type: bigint)
                           null sort order: zz
                           sort order: ++
                           Map-reduce partition columns: _col0 (type: bigint), _col1 (type: bigint)
-                          Statistics: Num rows: 245626764 Data size: 32213221044 Basic stats: COMPLETE Column stats: COMPLETE
+                          Statistics: Num rows: 243129259 Data size: 31885680632 Basic stats: COMPLETE Column stats: COMPLETE
                           value expressions: _col2 (type: int), _col3 (type: decimal(7,2))
                         Select Operator
                           expressions: _col0 (type: bigint), _col1 (type: bigint), hash(_col0,_col1) (type: int)
                           outputColumnNames: _col0, _col1, _col3
-                          Statistics: Num rows: 245626764 Data size: 4912535280 Basic stats: COMPLETE Column stats: COMPLETE
+                          Statistics: Num rows: 243129259 Data size: 4862585180 Basic stats: COMPLETE Column stats: COMPLETE
                           Group By Operator
                             aggregations: min(_col0), max(_col0), min(_col1), max(_col1), bloom_filter(_col3, expectedEntries=1000000)
                             minReductionHashAggr: 0.99
@@ -88,17 +88,17 @@ STAGE PLANS:
                   Statistics: Num rows: 2160007345 Data size: 273845125140 Basic stats: COMPLETE Column stats: COMPLETE
                   Filter Operator
                     predicate: ((wr_return_amt > 10000) and wr_item_sk BETWEEN DynamicValue(RS[225]_col0) AND DynamicValue(RS[225]_col1) and wr_order_number BETWEEN DynamicValue(RS[225]_col2) AND DynamicValue(RS[225]_col3) and in_bloom_filter(hash(wr_item_sk,wr_order_number), DynamicValue(RS[225]_col4))) (type: boolean)
-                    Statistics: Num rows: 1425604848 Data size: 180737782644 Basic stats: COMPLETE Column stats: COMPLETE
+                    Statistics: Num rows: 1418116903 Data size: 179788463076 Basic stats: COMPLETE Column stats: COMPLETE
                     Select Operator
                       expressions: wr_item_sk (type: bigint), wr_order_number (type: bigint), wr_return_quantity (type: int), wr_return_amt (type: decimal(7,2))
                       outputColumnNames: _col0, _col1, _col2, _col3
-                      Statistics: Num rows: 1425604848 Data size: 180737782644 Basic stats: COMPLETE Column stats: COMPLETE
+                      Statistics: Num rows: 1418116903 Data size: 179788463076 Basic stats: COMPLETE Column stats: COMPLETE
                       Reduce Output Operator
                         key expressions: _col0 (type: bigint), _col1 (type: bigint)
                         null sort order: zz
                         sort order: ++
                         Map-reduce partition columns: _col0 (type: bigint), _col1 (type: bigint)
-                        Statistics: Num rows: 1425604848 Data size: 180737782644 Basic stats: COMPLETE Column stats: COMPLETE
+                        Statistics: Num rows: 1418116903 Data size: 179788463076 Basic stats: COMPLETE Column stats: COMPLETE
                         value expressions: _col2 (type: int), _col3 (type: decimal(7,2))
             Execution mode: vectorized, llap
             LLAP IO: may be used (ACID table)
@@ -110,11 +110,11 @@ STAGE PLANS:
                   Statistics: Num rows: 43005109025 Data size: 10824794628716 Basic stats: COMPLETE Column stats: COMPLETE
                   Filter Operator
                     predicate: ((cs_quantity > 0) and (cs_net_profit > 1) and (cs_net_paid > 0)) (type: boolean)
-                    Statistics: Num rows: 28813423047 Data size: 7252612401332 Basic stats: COMPLETE Column stats: COMPLETE
+                    Statistics: Num rows: 28554178173 Data size: 7187358002848 Basic stats: COMPLETE Column stats: COMPLETE
                     Select Operator
                       expressions: cs_item_sk (type: bigint), cs_order_number (type: bigint), cs_quantity (type: int), cs_net_paid (type: decimal(7,2)), cs_sold_date_sk (type: bigint)
                       outputColumnNames: _col0, _col1, _col2, _col3, _col5
-                      Statistics: Num rows: 28813423047 Data size: 4025509020068 Basic stats: COMPLETE Column stats: COMPLETE
+                      Statistics: Num rows: 28554178173 Data size: 3989290047472 Basic stats: COMPLETE Column stats: COMPLETE
                       Map Join Operator
                         condition map:
                              Inner Join 0 to 1
@@ -124,18 +124,18 @@ STAGE PLANS:
                         outputColumnNames: _col0, _col1, _col2, _col3
                         input vertices:
                           1 Map 19
-                        Statistics: Num rows: 485700857 Data size: 55742306612 Basic stats: COMPLETE Column stats: COMPLETE
+                        Statistics: Num rows: 481330829 Data size: 55240772680 Basic stats: COMPLETE Column stats: COMPLETE
                         Reduce Output Operator
                           key expressions: _col0 (type: bigint), _col1 (type: bigint)
                           null sort order: zz
                           sort order: ++
                           Map-reduce partition columns: _col0 (type: bigint), _col1 (type: bigint)
-                          Statistics: Num rows: 485700857 Data size: 55742306612 Basic stats: COMPLETE Column stats: COMPLETE
+                          Statistics: Num rows: 481330829 Data size: 55240772680 Basic stats: COMPLETE Column stats: COMPLETE
                           value expressions: _col2 (type: int), _col3 (type: decimal(7,2))
                         Select Operator
                           expressions: _col0 (type: bigint), _col1 (type: bigint), hash(_col0,_col1) (type: int)
                           outputColumnNames: _col0, _col1, _col3
-                          Statistics: Num rows: 485700857 Data size: 9714017140 Basic stats: COMPLETE Column stats: COMPLETE
+                          Statistics: Num rows: 481330829 Data size: 9626616580 Basic stats: COMPLETE Column stats: COMPLETE
                           Group By Operator
                             aggregations: min(_col0), max(_col0), min(_col1), max(_col1), bloom_filter(_col3, expectedEntries=1000000)
                             minReductionHashAggr: 0.99
@@ -238,17 +238,17 @@ STAGE PLANS:
                   Statistics: Num rows: 4320980099 Data size: 560353946136 Basic stats: COMPLETE Column stats: COMPLETE
                   Filter Operator
                     predicate: ((cr_return_amount > 10000) and cr_item_sk BETWEEN DynamicValue(RS[235]_col0) AND DynamicValue(RS[235]_col1) and cr_order_number BETWEEN DynamicValue(RS[235]_col2) AND DynamicValue(RS[235]_col3) and in_bloom_filter(hash(cr_item_sk,cr_order_number), DynamicValue(RS[235]_col4))) (type: boolean)
-                    Statistics: Num rows: 2851846865 Data size: 369833604424 Basic stats: COMPLETE Column stats: COMPLETE
+                    Statistics: Num rows: 2820902301 Data size: 365820647148 Basic stats: COMPLETE Column stats: COMPLETE
                     Select Operator
                       expressions: cr_item_sk (type: bigint), cr_order_number (type: bigint), cr_return_quantity (type: int), cr_return_amount (type: decimal(7,2))
                       outputColumnNames: _col0, _col1, _col2, _col3
-                      Statistics: Num rows: 2851846865 Data size: 369833604424 Basic stats: COMPLETE Column stats: COMPLETE
+                      Statistics: Num rows: 2820902301 Data size: 365820647148 Basic stats: COMPLETE Column stats: COMPLETE
                       Reduce Output Operator
                         key expressions: _col0 (type: bigint), _col1 (type: bigint)
                         null sort order: zz
                         sort order: ++
                         Map-reduce partition columns: _col0 (type: bigint), _col1 (type: bigint)
-                        Statistics: Num rows: 2851846865 Data size: 369833604424 Basic stats: COMPLETE Column stats: COMPLETE
+                        Statistics: Num rows: 2820902301 Data size: 365820647148 Basic stats: COMPLETE Column stats: COMPLETE
                         value expressions: _col2 (type: int), _col3 (type: decimal(7,2))
             Execution mode: vectorized, llap
             LLAP IO: may be used (ACID table)
@@ -260,11 +260,11 @@ STAGE PLANS:
                   Statistics: Num rows: 82510879939 Data size: 20349734757316 Basic stats: COMPLETE Column stats: COMPLETE
                   Filter Operator
                     predicate: ((ss_quantity > 0) and (ss_net_profit > 1) and (ss_net_paid > 0)) (type: boolean)
-                    Statistics: Num rows: 41255439970 Data size: 10174867378840 Basic stats: COMPLETE Column stats: COMPLETE
+                    Statistics: Num rows: 40994410513 Data size: 10110489442160 Basic stats: COMPLETE Column stats: COMPLETE
                     Select Operator
                       expressions: ss_item_sk (type: bigint), ss_ticket_number (type: bigint), ss_quantity (type: int), ss_net_paid (type: decimal(7,2)), ss_sold_date_sk (type: bigint)
                       outputColumnNames: _col0, _col1, _col2, _col3, _col5
-                      Statistics: Num rows: 41255439970 Data size: 5663237837624 Basic stats: COMPLETE Column stats: COMPLETE
+                      Statistics: Num rows: 40994410513 Data size: 5627405668656 Basic stats: COMPLETE Column stats: COMPLETE
                       Map Join Operator
                         condition map:
                              Inner Join 0 to 1
@@ -274,18 +274,18 @@ STAGE PLANS:
                         outputColumnNames: _col0, _col1, _col2, _col3
                         input vertices:
                           1 Map 19
-                        Statistics: Num rows: 700383924 Data size: 11206142900 Basic stats: COMPLETE Column stats: COMPLETE
+                        Statistics: Num rows: 695952488 Data size: 11135239924 Basic stats: COMPLETE Column stats: COMPLETE
                         Reduce Output Operator
                           key expressions: _col0 (type: bigint), _col1 (type: bigint)
                           null sort order: zz
                           sort order: ++
                           Map-reduce partition columns: _col0 (type: bigint), _col1 (type: bigint)
-                          Statistics: Num rows: 700383924 Data size: 11206142900 Basic stats: COMPLETE Column stats: COMPLETE
+                          Statistics: Num rows: 695952488 Data size: 11135239924 Basic stats: COMPLETE Column stats: COMPLETE
                           value expressions: _col2 (type: int), _col3 (type: decimal(7,2))
                         Select Operator
                           expressions: _col0 (type: bigint), _col1 (type: bigint), hash(_col0,_col1) (type: int)
                           outputColumnNames: _col0, _col1, _col3
-                          Statistics: Num rows: 700383924 Data size: 14007678480 Basic stats: COMPLETE Column stats: COMPLETE
+                          Statistics: Num rows: 695952488 Data size: 13919049760 Basic stats: COMPLETE Column stats: COMPLETE
                           Group By Operator
                             aggregations: min(_col0), max(_col0), min(_col1), max(_col1), bloom_filter(_col3, expectedEntries=1000000)
                             minReductionHashAggr: 0.99
@@ -307,17 +307,17 @@ STAGE PLANS:
                   Statistics: Num rows: 8634166995 Data size: 1104703724476 Basic stats: COMPLETE Column stats: COMPLETE
                   Filter Operator
                     predicate: ((sr_return_amt > 10000) and sr_item_sk BETWEEN DynamicValue(RS[245]_col0) AND DynamicValue(RS[245]_col1) and sr_ticket_number BETWEEN DynamicValue(RS[245]_col2) AND DynamicValue(RS[245]_col3) and in_bloom_filter(hash(sr_item_sk,sr_ticket_number), DynamicValue(RS[245]_col4))) (type: boolean)
-                    Statistics: Num rows: 4230741828 Data size: 541304825128 Basic stats: COMPLETE Column stats: COMPLETE
+                    Statistics: Num rows: 4166475379 Data size: 533082215324 Basic stats: COMPLETE Column stats: COMPLETE
                     Select Operator
                       expressions: sr_item_sk (type: bigint), sr_ticket_number (type: bigint), sr_return_quantity (type: int), sr_return_amt (type: decimal(7,2))
                       outputColumnNames: _col0, _col1, _col2, _col3
-                      Statistics: Num rows: 4230741828 Data size: 541304825128 Basic stats: COMPLETE Column stats: COMPLETE
+                      Statistics: Num rows: 4166475379 Data size: 533082215324 Basic stats: COMPLETE Column stats: COMPLETE
                       Reduce Output Operator
                         key expressions: _col0 (type: bigint), _col1 (type: bigint)
                         null sort order: zz
                         sort order: ++
                         Map-reduce partition columns: _col0 (type: bigint), _col1 (type: bigint)
-                        Statistics: Num rows: 4230741828 Data size: 541304825128 Basic stats: COMPLETE Column stats: COMPLETE
+                        Statistics: Num rows: 4166475379 Data size: 533082215324 Basic stats: COMPLETE Column stats: COMPLETE
                         value expressions: _col2 (type: int), _col3 (type: decimal(7,2))
             Execution mode: vectorized, llap
             LLAP IO: may be used (ACID table)
@@ -363,25 +363,25 @@ STAGE PLANS:
                 outputColumnNames: _col0, _col2, _col3, _col9, _col10
                 input vertices:
                   1 Map 20
-                Statistics: Num rows: 516526087 Data size: 108985872612 Basic stats: COMPLETE Column stats: COMPLETE
+                Statistics: Num rows: 506324466 Data size: 106684518508 Basic stats: COMPLETE Column stats: COMPLETE
                 DynamicPartitionHashJoin: true
                 Select Operator
                   expressions: _col0 (type: bigint), if(_col9 is not null, _col9, 0) (type: int), if(_col2 is not null, _col2, 0) (type: int), if(_col10 is not null, _col10, 0) (type: decimal(7,2)), if(_col3 is not null, _col3, 0) (type: decimal(7,2))
                   outputColumnNames: _col0, _col1, _col2, _col3, _col4
-                  Statistics: Num rows: 516526087 Data size: 108985872612 Basic stats: COMPLETE Column stats: COMPLETE
+                  Statistics: Num rows: 506324466 Data size: 106684518508 Basic stats: COMPLETE Column stats: COMPLETE
                   Group By Operator
                     aggregations: sum(_col1), sum(_col2), sum(_col3), sum(_col4)
                     keys: _col0 (type: bigint)
                     minReductionHashAggr: 0.99
                     mode: hash
                     outputColumnNames: _col0, _col1, _col2, _col3, _col4
-                    Statistics: Num rows: 3317688 Data size: 822786624 Basic stats: COMPLETE Column stats: COMPLETE
+                    Statistics: Num rows: 3247596 Data size: 805403808 Basic stats: COMPLETE Column stats: COMPLETE
                     Reduce Output Operator
                       key expressions: _col0 (type: bigint)
                       null sort order: z
                       sort order: +
                       Map-reduce partition columns: _col0 (type: bigint)
-                      Statistics: Num rows: 3317688 Data size: 822786624 Basic stats: COMPLETE Column stats: COMPLETE
+                      Statistics: Num rows: 3247596 Data size: 805403808 Basic stats: COMPLETE Column stats: COMPLETE
                       value expressions: _col1 (type: bigint), _col2 (type: bigint), _col3 (type: decimal(17,2)), _col4 (type: decimal(17,2))
         Reducer 15 
             Execution mode: vectorized, llap
@@ -509,25 +509,25 @@ STAGE PLANS:
                 outputColumnNames: _col0, _col2, _col3, _col9, _col10
                 input vertices:
                   1 Map 12
-                Statistics: Num rows: 265858586 Data size: 56154491544 Basic stats: COMPLETE Column stats: COMPLETE
+                Statistics: Num rows: 261773150 Data size: 55215206324 Basic stats: COMPLETE Column stats: COMPLETE
                 DynamicPartitionHashJoin: true
                 Select Operator
                   expressions: _col0 (type: bigint), if(_col9 is not null, _col9, 0) (type: int), if(_col2 is not null, _col2, 0) (type: int), if(_col10 is not null, _col10, 0) (type: decimal(7,2)), if(_col3 is not null, _col3, 0) (type: decimal(7,2))
                   outputColumnNames: _col0, _col1, _col2, _col3, _col4
-                  Statistics: Num rows: 265858586 Data size: 56154491544 Basic stats: COMPLETE Column stats: COMPLETE
+                  Statistics: Num rows: 261773150 Data size: 55215206324 Basic stats: COMPLETE Column stats: COMPLETE
                   Group By Operator
                     aggregations: sum(_col1), sum(_col2), sum(_col3), sum(_col4)
                     keys: _col0 (type: bigint)
                     minReductionHashAggr: 0.99
                     mode: hash
                     outputColumnNames: _col0, _col1, _col2, _col3, _col4
-                    Statistics: Num rows: 1725680 Data size: 427968640 Basic stats: COMPLETE Column stats: COMPLETE
+                    Statistics: Num rows: 1694304 Data size: 420187392 Basic stats: COMPLETE Column stats: COMPLETE
                     Reduce Output Operator
                       key expressions: _col0 (type: bigint)
                       null sort order: z
                       sort order: +
                       Map-reduce partition columns: _col0 (type: bigint)
-                      Statistics: Num rows: 1725680 Data size: 427968640 Basic stats: COMPLETE Column stats: COMPLETE
+                      Statistics: Num rows: 1694304 Data size: 420187392 Basic stats: COMPLETE Column stats: COMPLETE
                       value expressions: _col1 (type: bigint), _col2 (type: bigint), _col3 (type: decimal(17,2)), _col4 (type: decimal(17,2))
         Reducer 22 
             Execution mode: vectorized, llap
@@ -541,25 +541,25 @@ STAGE PLANS:
                 outputColumnNames: _col0, _col2, _col3, _col9, _col10
                 input vertices:
                   1 Map 27
-                Statistics: Num rows: 700383924 Data size: 69694510524 Basic stats: COMPLETE Column stats: COMPLETE
+                Statistics: Num rows: 695952488 Data size: 69405573924 Basic stats: COMPLETE Column stats: COMPLETE
                 DynamicPartitionHashJoin: true
                 Select Operator
                   expressions: _col0 (type: bigint), if(_col9 is not null, _col9, 0) (type: int), if(_col2 is not null, _col2, 0) (type: int), if(_col10 is not null, _col10, 0) (type: decimal(7,2)), if(_col3 is not null, _col3, 0) (type: decimal(7,2))
                   outputColumnNames: _col0, _col1, _col2, _col3, _col4
-                  Statistics: Num rows: 700383924 Data size: 69694510524 Basic stats: COMPLETE Column stats: COMPLETE
+                  Statistics: Num rows: 695952488 Data size: 69405573924 Basic stats: COMPLETE Column stats: COMPLETE
                   Group By Operator
                     aggregations: sum(_col1), sum(_col2), sum(_col3), sum(_col4)
                     keys: _col0 (type: bigint)
                     minReductionHashAggr: 0.99
                     mode: hash
                     outputColumnNames: _col0, _col1, _col2, _col3, _col4
-                    Statistics: Num rows: 2141412 Data size: 531070176 Basic stats: COMPLETE Column stats: COMPLETE
+                    Statistics: Num rows: 2133568 Data size: 529124864 Basic stats: COMPLETE Column stats: COMPLETE
                     Reduce Output Operator
                       key expressions: _col0 (type: bigint)
                       null sort order: z
                       sort order: +
                       Map-reduce partition columns: _col0 (type: bigint)
-                      Statistics: Num rows: 2141412 Data size: 531070176 Basic stats: COMPLETE Column stats: COMPLETE
+                      Statistics: Num rows: 2133568 Data size: 529124864 Basic stats: COMPLETE Column stats: COMPLETE
                       value expressions: _col1 (type: bigint), _col2 (type: bigint), _col3 (type: decimal(17,2)), _col4 (type: decimal(17,2))
         Reducer 23 
             Execution mode: vectorized, llap
diff --git a/ql/src/test/results/clientpositive/perf/tpcds30tb/tez/query64.q.out b/ql/src/test/results/clientpositive/perf/tpcds30tb/tez/query64.q.out
index 245da1fbb5..aca46ad2c1 100644
--- a/ql/src/test/results/clientpositive/perf/tpcds30tb/tez/query64.q.out
+++ b/ql/src/test/results/clientpositive/perf/tpcds30tb/tez/query64.q.out
@@ -40,7 +40,7 @@ STAGE PLANS:
                 TableScan
                   alias: store_sales
                   filterExpr: (ss_cdemo_sk is not null and ss_addr_sk is not null and ss_hdemo_sk is not null and ss_customer_sk is not null and ss_store_sk is not null and ss_promo_sk is not null) (type: boolean)
-                  probeDecodeDetails: cacheKey:HASH_MAP_MAPJOIN_993_container, bigKeyColName:ss_item_sk, smallTablePos:1, keyRatio:1.914898982010722E-9
+                  probeDecodeDetails: cacheKey:HASH_MAP_MAPJOIN_993_container, bigKeyColName:ss_item_sk, smallTablePos:1, keyRatio:1.8543009129597497E-9
                   Statistics: Num rows: 82510879939 Data size: 32917667058984 Basic stats: COMPLETE Column stats: COMPLETE
                   Filter Operator
                     predicate: (ss_cdemo_sk is not null and ss_addr_sk is not null and ss_hdemo_sk is not null and ss_customer_sk is not null and ss_store_sk is not null and ss_promo_sk is not null) (type: boolean)
@@ -58,7 +58,7 @@ STAGE PLANS:
                         outputColumnNames: _col0, _col1, _col2, _col3, _col4, _col5, _col6, _col7, _col8, _col9, _col10, _col11
                         input vertices:
                           1 Map 29
-                        Statistics: Num rows: 1321097780 Data size: 42275129336 Basic stats: COMPLETE Column stats: COMPLETE
+                        Statistics: Num rows: 1300511220 Data size: 41616359416 Basic stats: COMPLETE Column stats: COMPLETE
                         Map Join Operator
                           condition map:
                                Inner Join 0 to 1
@@ -68,13 +68,13 @@ STAGE PLANS:
                           outputColumnNames: _col0, _col1, _col2, _col3, _col4, _col5, _col6, _col7, _col8, _col9, _col11
                           input vertices:
                             1 Map 17
-                          Statistics: Num rows: 265518185 Data size: 6372436816 Basic stats: COMPLETE Column stats: COMPLETE
+                          Statistics: Num rows: 261380636 Data size: 6273135640 Basic stats: COMPLETE Column stats: COMPLETE
                           Reduce Output Operator
                             key expressions: _col1 (type: bigint)
                             null sort order: z
                             sort order: +
                             Map-reduce partition columns: _col1 (type: bigint)
-                            Statistics: Num rows: 265518185 Data size: 6372436816 Basic stats: COMPLETE Column stats: COMPLETE
+                            Statistics: Num rows: 261380636 Data size: 6273135640 Basic stats: COMPLETE Column stats: COMPLETE
                             value expressions: _col0 (type: bigint), _col2 (type: bigint), _col3 (type: bigint), _col4 (type: bigint), _col5 (type: bigint), _col6 (type: bigint), _col7 (type: decimal(7,2)), _col8 (type: decimal(7,2)), _col9 (type: decimal(7,2)), _col11 (type: bigint)
             Execution mode: vectorized, llap
             LLAP IO: may be used (ACID table)
@@ -362,7 +362,7 @@ STAGE PLANS:
                 TableScan
                   alias: store_sales
                   filterExpr: (ss_cdemo_sk is not null and ss_addr_sk is not null and ss_hdemo_sk is not null and ss_customer_sk is not null and ss_store_sk is not null and ss_promo_sk is not null and ss_item_sk BETWEEN DynamicValue(RS_196_item_i_item_sk_min) AND DynamicValue(RS_196_item_i_item_sk_max) and in_bloom_filter(ss_item_sk, DynamicValue(RS_196_item_i_item_sk_bloom_filter))) (type: boolean)
-                  probeDecodeDetails: cacheKey:HASH_MAP_MAPJOIN_1008_container, bigKeyColName:ss_item_sk, smallTablePos:1, keyRatio:1.914898982010722E-9
+                  probeDecodeDetails: cacheKey:HASH_MAP_MAPJOIN_1008_container, bigKeyColName:ss_item_sk, smallTablePos:1, keyRatio:1.8543009129597497E-9
                   Statistics: Num rows: 82510879939 Data size: 32917667058984 Basic stats: COMPLETE Column stats: COMPLETE
                   Filter Operator
                     predicate: (ss_cdemo_sk is not null and ss_addr_sk is not null and ss_hdemo_sk is not null and ss_customer_sk is not null and ss_store_sk is not null and ss_promo_sk is not null and ss_item_sk BETWEEN DynamicValue(RS_196_item_i_item_sk_min) AND DynamicValue(RS_196_item_i_item_sk_max) and in_bloom_filter(ss_item_sk, DynamicValue(RS_196_item_i_item_sk_bloom_filter))) (type: boolean)
@@ -380,7 +380,7 @@ STAGE PLANS:
                         outputColumnNames: _col0, _col1, _col2, _col3, _col4, _col5, _col6, _col7, _col8, _col9, _col10, _col11, _col12
                         input vertices:
                           1 Map 29
-                        Statistics: Num rows: 1321097780 Data size: 183632591796 Basic stats: COMPLETE Column stats: COMPLETE
+                        Statistics: Num rows: 1300511220 Data size: 180771059956 Basic stats: COMPLETE Column stats: COMPLETE
                         Map Join Operator
                           condition map:
                                Inner Join 0 to 1
@@ -390,13 +390,13 @@ STAGE PLANS:
                           outputColumnNames: _col0, _col1, _col2, _col3, _col4, _col5, _col6, _col7, _col8, _col9, _col11, _col12
                           input vertices:
                             1 Map 17
-                          Statistics: Num rows: 265518185 Data size: 34782882611 Basic stats: COMPLETE Column stats: COMPLETE
+                          Statistics: Num rows: 261380636 Data size: 34240863692 Basic stats: COMPLETE Column stats: COMPLETE
                           Reduce Output Operator
                             key expressions: _col1 (type: bigint)
                             null sort order: z
                             sort order: +
                             Map-reduce partition columns: _col1 (type: bigint)
-                            Statistics: Num rows: 265518185 Data size: 34782882611 Basic stats: COMPLETE Column stats: COMPLETE
+                            Statistics: Num rows: 261380636 Data size: 34240863692 Basic stats: COMPLETE Column stats: COMPLETE
                             value expressions: _col0 (type: bigint), _col2 (type: bigint), _col3 (type: bigint), _col4 (type: bigint), _col5 (type: bigint), _col6 (type: bigint), _col7 (type: decimal(7,2)), _col8 (type: decimal(7,2)), _col9 (type: decimal(7,2)), _col11 (type: bigint), _col12 (type: char(50))
             Execution mode: vectorized, llap
             LLAP IO: may be used (ACID table)
@@ -408,22 +408,22 @@ STAGE PLANS:
                   Statistics: Num rows: 462000 Data size: 145861408 Basic stats: COMPLETE Column stats: COMPLETE
                   Filter Operator
                     predicate: (i_current_price BETWEEN 36 AND 45 and (i_color) IN ('burnished           ', 'chocolate           ', 'dim                 ', 'maroon              ', 'navajo              ', 'steel               ')) (type: boolean)
-                    Statistics: Num rows: 8535 Data size: 2694708 Basic stats: COMPLETE Column stats: COMPLETE
+                    Statistics: Num rows: 8402 Data size: 2652792 Basic stats: COMPLETE Column stats: COMPLETE
                     Select Operator
                       expressions: i_item_sk (type: bigint), i_product_name (type: char(50))
                       outputColumnNames: _col0, _col1
-                      Statistics: Num rows: 8535 Data size: 981525 Basic stats: COMPLETE Column stats: COMPLETE
+                      Statistics: Num rows: 8402 Data size: 966230 Basic stats: COMPLETE Column stats: COMPLETE
                       Reduce Output Operator
                         key expressions: _col0 (type: bigint)
                         null sort order: z
                         sort order: +
                         Map-reduce partition columns: _col0 (type: bigint)
-                        Statistics: Num rows: 8535 Data size: 981525 Basic stats: COMPLETE Column stats: COMPLETE
+                        Statistics: Num rows: 8402 Data size: 966230 Basic stats: COMPLETE Column stats: COMPLETE
                         value expressions: _col1 (type: char(50))
                       Select Operator
                         expressions: _col0 (type: bigint)
                         outputColumnNames: _col0
-                        Statistics: Num rows: 8535 Data size: 68280 Basic stats: COMPLETE Column stats: COMPLETE
+                        Statistics: Num rows: 8402 Data size: 67216 Basic stats: COMPLETE Column stats: COMPLETE
                         Group By Operator
                           aggregations: min(_col0), max(_col0), bloom_filter(_col0, expectedEntries=1000000)
                           minReductionHashAggr: 0.99
@@ -438,17 +438,17 @@ STAGE PLANS:
                     Select Operator
                       expressions: i_item_sk (type: bigint)
                       outputColumnNames: _col0
-                      Statistics: Num rows: 8535 Data size: 68280 Basic stats: COMPLETE Column stats: COMPLETE
+                      Statistics: Num rows: 8402 Data size: 67216 Basic stats: COMPLETE Column stats: COMPLETE
                       Reduce Output Operator
                         key expressions: _col0 (type: bigint)
                         null sort order: z
                         sort order: +
                         Map-reduce partition columns: _col0 (type: bigint)
-                        Statistics: Num rows: 8535 Data size: 68280 Basic stats: COMPLETE Column stats: COMPLETE
+                        Statistics: Num rows: 8402 Data size: 67216 Basic stats: COMPLETE Column stats: COMPLETE
                       Select Operator
                         expressions: _col0 (type: bigint)
                         outputColumnNames: _col0
-                        Statistics: Num rows: 8535 Data size: 68280 Basic stats: COMPLETE Column stats: COMPLETE
+                        Statistics: Num rows: 8402 Data size: 67216 Basic stats: COMPLETE Column stats: COMPLETE
                         Group By Operator
                           aggregations: min(_col0), max(_col0), bloom_filter(_col0, expectedEntries=1000000)
                           minReductionHashAggr: 0.99
@@ -645,7 +645,7 @@ STAGE PLANS:
                 outputColumnNames: _col0, _col2, _col3, _col4, _col5, _col6, _col7, _col8, _col9, _col11, _col15, _col16, _col17, _col18, _col19
                 input vertices:
                   1 Map 32
-                Statistics: Num rows: 230258467 Data size: 14658855696 Basic stats: COMPLETE Column stats: COMPLETE
+                Statistics: Num rows: 226670367 Data size: 14429217296 Basic stats: COMPLETE Column stats: COMPLETE
                 DynamicPartitionHashJoin: true
                 Map Join Operator
                   condition map:
@@ -656,7 +656,7 @@ STAGE PLANS:
                   outputColumnNames: _col0, _col2, _col3, _col4, _col5, _col6, _col7, _col8, _col9, _col11, _col15, _col16, _col17, _col18, _col19
                   input vertices:
                     1 Reducer 8
-                  Statistics: Num rows: 230258467 Data size: 14658855696 Basic stats: COMPLETE Column stats: COMPLETE
+                  Statistics: Num rows: 226670367 Data size: 14429217296 Basic stats: COMPLETE Column stats: COMPLETE
                   Map Join Operator
                     condition map:
                          Inner Join 0 to 1
@@ -666,13 +666,13 @@ STAGE PLANS:
                     outputColumnNames: _col0, _col2, _col3, _col5, _col6, _col7, _col8, _col9, _col11, _col15, _col16, _col17, _col18, _col19, _col22, _col23, _col24, _col25
                     input vertices:
                       1 Map 12
-                    Statistics: Num rows: 230258467 Data size: 97782162275 Basic stats: COMPLETE Column stats: COMPLETE
+                    Statistics: Num rows: 226670367 Data size: 96257219775 Basic stats: COMPLETE Column stats: COMPLETE
                     Reduce Output Operator
                       key expressions: _col0 (type: bigint), _col6 (type: bigint)
                       null sort order: zz
                       sort order: ++
                       Map-reduce partition columns: _col0 (type: bigint), _col6 (type: bigint)
-                      Statistics: Num rows: 230258467 Data size: 97782162275 Basic stats: COMPLETE Column stats: COMPLETE
+                      Statistics: Num rows: 226670367 Data size: 96257219775 Basic stats: COMPLETE Column stats: COMPLETE
                       value expressions: _col2 (type: bigint), _col3 (type: bigint), _col5 (type: bigint), _col7 (type: decimal(7,2)), _col8 (type: decimal(7,2)), _col9 (type: decimal(7,2)), _col11 (type: bigint), _col15 (type: bigint), _col16 (type: bigint), _col17 (type: bigint), _col18 (type: bigint), _col19 (type: bigint), _col22 (type: char(10)), _col23 (type: varchar(60)), _col24 (type: varchar(60)), _col25 (type: char(10))
         Reducer 21 
             Execution mode: vectorized, llap
@@ -712,7 +712,7 @@ STAGE PLANS:
                 outputColumnNames: _col0, _col2, _col3, _col4, _col5, _col6, _col7, _col8, _col9, _col11, _col12, _col15, _col16, _col17, _col18, _col19
                 input vertices:
                   1 Map 32
-                Statistics: Num rows: 230258467 Data size: 39296511665 Basic stats: COMPLETE Column stats: COMPLETE
+                Statistics: Num rows: 226670367 Data size: 38682946565 Basic stats: COMPLETE Column stats: COMPLETE
                 DynamicPartitionHashJoin: true
                 Map Join Operator
                   condition map:
@@ -723,7 +723,7 @@ STAGE PLANS:
                   outputColumnNames: _col0, _col2, _col3, _col4, _col5, _col6, _col7, _col8, _col9, _col11, _col12, _col15, _col16, _col17, _col18, _col19
                   input vertices:
                     1 Reducer 10
-                  Statistics: Num rows: 230258467 Data size: 39296511665 Basic stats: COMPLETE Column stats: COMPLETE
+                  Statistics: Num rows: 226670367 Data size: 38682946565 Basic stats: COMPLETE Column stats: COMPLETE
                   Map Join Operator
                     condition map:
                          Inner Join 0 to 1
@@ -733,13 +733,13 @@ STAGE PLANS:
                     outputColumnNames: _col0, _col2, _col3, _col5, _col6, _col7, _col8, _col9, _col11, _col12, _col15, _col16, _col17, _col18, _col19, _col22, _col23, _col24, _col25
                     input vertices:
                       1 Map 12
-                    Statistics: Num rows: 230258467 Data size: 122419818244 Basic stats: COMPLETE Column stats: COMPLETE
+                    Statistics: Num rows: 226670367 Data size: 120510949044 Basic stats: COMPLETE Column stats: COMPLETE
                     Reduce Output Operator
                       key expressions: _col0 (type: bigint), _col6 (type: bigint)
                       null sort order: zz
                       sort order: ++
                       Map-reduce partition columns: _col0 (type: bigint), _col6 (type: bigint)
-                      Statistics: Num rows: 230258467 Data size: 122419818244 Basic stats: COMPLETE Column stats: COMPLETE
+                      Statistics: Num rows: 226670367 Data size: 120510949044 Basic stats: COMPLETE Column stats: COMPLETE
                       value expressions: _col2 (type: bigint), _col3 (type: bigint), _col5 (type: bigint), _col7 (type: decimal(7,2)), _col8 (type: decimal(7,2)), _col9 (type: decimal(7,2)), _col11 (type: bigint), _col12 (type: char(50)), _col15 (type: bigint), _col16 (type: bigint), _col17 (type: bigint), _col18 (type: bigint), _col19 (type: bigint), _col22 (type: char(10)), _col23 (type: varchar(60)), _col24 (type: varchar(60)), _col25 (type: char(10))
         Reducer 25 
             Execution mode: vectorized, llap
@@ -753,7 +753,7 @@ STAGE PLANS:
                 outputColumnNames: _col2, _col3, _col5, _col7, _col8, _col9, _col11, _col12, _col15, _col16, _col17, _col18, _col19, _col22, _col23, _col24, _col25
                 input vertices:
                   1 Map 33
-                Statistics: Num rows: 388710326 Data size: 257539511256 Basic stats: COMPLETE Column stats: COMPLETE
+                Statistics: Num rows: 382653083 Data size: 253525082388 Basic stats: COMPLETE Column stats: COMPLETE
                 DynamicPartitionHashJoin: true
                 Map Join Operator
                   condition map:
@@ -764,7 +764,7 @@ STAGE PLANS:
                   outputColumnNames: _col2, _col3, _col7, _col8, _col9, _col11, _col12, _col15, _col16, _col17, _col18, _col19, _col22, _col23, _col24, _col25, _col29, _col30
                   input vertices:
                     1 Map 13
-                  Statistics: Num rows: 388710326 Data size: 325073624078 Basic stats: COMPLETE Column stats: COMPLETE
+                  Statistics: Num rows: 382653083 Data size: 320006816343 Basic stats: COMPLETE Column stats: COMPLETE
                   Map Join Operator
                     condition map:
                          Inner Join 0 to 1
@@ -774,7 +774,7 @@ STAGE PLANS:
                     outputColumnNames: _col2, _col7, _col8, _col9, _col11, _col12, _col15, _col16, _col17, _col18, _col19, _col22, _col23, _col24, _col25, _col29, _col30
                     input vertices:
                       1 Reducer 16
-                    Statistics: Num rows: 388710326 Data size: 323806009198 Basic stats: COMPLETE Column stats: COMPLETE
+                    Statistics: Num rows: 382653083 Data size: 318758954607 Basic stats: COMPLETE Column stats: COMPLETE
                     Map Join Operator
                       condition map:
                            Inner Join 0 to 1
@@ -784,7 +784,7 @@ STAGE PLANS:
                       outputColumnNames: _col2, _col7, _col8, _col9, _col11, _col12, _col15, _col17, _col18, _col19, _col22, _col23, _col24, _col25, _col29, _col30
                       input vertices:
                         1 Map 14
-                      Statistics: Num rows: 388710326 Data size: 320715745062 Basic stats: COMPLETE Column stats: COMPLETE
+                      Statistics: Num rows: 382653083 Data size: 315717148415 Basic stats: COMPLETE Column stats: COMPLETE
                       Map Join Operator
                         condition map:
                              Inner Join 0 to 1
@@ -794,7 +794,7 @@ STAGE PLANS:
                         outputColumnNames: _col2, _col7, _col8, _col9, _col11, _col12, _col15, _col17, _col18, _col22, _col23, _col24, _col25, _col29, _col30, _col34
                         input vertices:
                           1 Reducer 19
-                        Statistics: Num rows: 388710326 Data size: 319180325750 Basic stats: COMPLETE Column stats: COMPLETE
+                        Statistics: Num rows: 382653083 Data size: 314205958075 Basic stats: COMPLETE Column stats: COMPLETE
                         Map Join Operator
                           condition map:
                                Inner Join 0 to 1
@@ -804,7 +804,7 @@ STAGE PLANS:
                           outputColumnNames: _col2, _col7, _col8, _col9, _col11, _col12, _col15, _col17, _col22, _col23, _col24, _col25, _col29, _col30, _col34, _col36
                           input vertices:
                             1 Map 17
-                          Statistics: Num rows: 388710326 Data size: 317644914782 Basic stats: COMPLETE Column stats: COMPLETE
+                          Statistics: Num rows: 382653083 Data size: 312694776079 Basic stats: COMPLETE Column stats: COMPLETE
                           Map Join Operator
                             condition map:
                                  Inner Join 0 to 1
@@ -814,7 +814,7 @@ STAGE PLANS:
                             outputColumnNames: _col7, _col8, _col9, _col11, _col12, _col15, _col17, _col22, _col23, _col24, _col25, _col29, _col30, _col34, _col36, _col38
                             input vertices:
                               1 Reducer 22
-                            Statistics: Num rows: 388710326 Data size: 349417677612 Basic stats: COMPLETE Column stats: COMPLETE
+                            Statistics: Num rows: 382653083 Data size: 343972426398 Basic stats: COMPLETE Column stats: COMPLETE
                             Map Join Operator
                               condition map:
                                    Inner Join 0 to 1
@@ -824,10 +824,10 @@ STAGE PLANS:
                               outputColumnNames: _col7, _col8, _col9, _col11, _col12, _col17, _col22, _col23, _col24, _col25, _col29, _col30, _col34, _col36, _col38, _col40
                               input vertices:
                                 1 Map 20
-                              Statistics: Num rows: 388710326 Data size: 379367788474 Basic stats: COMPLETE Column stats: COMPLETE
+                              Statistics: Num rows: 382653083 Data size: 373456129549 Basic stats: COMPLETE Column stats: COMPLETE
                               Filter Operator
                                 predicate: (_col38 <> _col40) (type: boolean)
-                                Statistics: Num rows: 388710326 Data size: 379367788474 Basic stats: COMPLETE Column stats: COMPLETE
+                                Statistics: Num rows: 382653083 Data size: 373456129549 Basic stats: COMPLETE Column stats: COMPLETE
                                 Map Join Operator
                                   condition map:
                                        Inner Join 0 to 1
@@ -837,20 +837,20 @@ STAGE PLANS:
                                   outputColumnNames: _col7, _col8, _col9, _col11, _col12, _col22, _col23, _col24, _col25, _col29, _col30, _col34, _col36, _col42, _col43, _col44, _col45
                                   input vertices:
                                     1 Map 12
-                                  Statistics: Num rows: 388710326 Data size: 450501778132 Basic stats: COMPLETE Column stats: COMPLETE
+                                  Statistics: Num rows: 382653083 Data size: 443481643738 Basic stats: COMPLETE Column stats: COMPLETE
                                   Group By Operator
                                     aggregations: count(), sum(_col7), sum(_col8), sum(_col9)
                                     keys: _col29 (type: varchar(50)), _col11 (type: bigint), _col30 (type: char(10)), _col22 (type: char(10)), _col23 (type: varchar(60)), _col24 (type: varchar(60)), _col25 (type: char(10)), _col12 (type: char(50)), _col34 (type: int), _col36 (type: int), _col42 (type: char(10)), _col43 (type: varchar(60)), _col44 (type: varchar(60)), _col45 (type: char(10))
-                                    minReductionHashAggr: 0.82600623
+                                    minReductionHashAggr: 0.823521
                                     mode: hash
                                     outputColumnNames: _col0, _col1, _col2, _col3, _col4, _col5, _col6, _col7, _col8, _col9, _col10, _col11, _col12, _col13, _col14, _col15, _col16, _col17
-                                    Statistics: Num rows: 388710326 Data size: 530978305316 Basic stats: COMPLETE Column stats: COMPLETE
+                                    Statistics: Num rows: 382653083 Data size: 522704111378 Basic stats: COMPLETE Column stats: COMPLETE
                                     Reduce Output Operator
                                       key expressions: _col0 (type: varchar(50)), _col1 (type: bigint), _col2 (type: char(10)), _col3 (type: char(10)), _col4 (type: varchar(60)), _col5 (type: varchar(60)), _col6 (type: char(10)), _col7 (type: char(50)), _col8 (type: int), _col9 (type: int), _col10 (type: char(10)), _col11 (type: varchar(60)), _col12 (type: varchar(60)), _col13 (type: char(10))
                                       null sort order: zzzzzzzzzzzzzz
                                       sort order: ++++++++++++++
                                       Map-reduce partition columns: _col0 (type: varchar(50)), _col1 (type: bigint), _col2 (type: char(10)), _col3 (type: char(10)), _col4 (type: varchar(60)), _col5 (type: varchar(60)), _col6 (type: char(10)), _col7 (type: char(50)), _col8 (type: int), _col9 (type: int), _col10 (type: char(10)), _col11 (type: varchar(60)), _col12 (type: varchar(60)), _col13 (type: char(10))
-                                      Statistics: Num rows: 388710326 Data size: 530978305316 Basic stats: COMPLETE Column stats: COMPLETE
+                                      Statistics: Num rows: 382653083 Data size: 522704111378 Basic stats: COMPLETE Column stats: COMPLETE
                                       value expressions: _col14 (type: bigint), _col15 (type: decimal(17,2)), _col16 (type: decimal(17,2)), _col17 (type: decimal(17,2))
         Reducer 26 
             Execution mode: vectorized, llap
@@ -860,24 +860,24 @@ STAGE PLANS:
                 keys: KEY._col0 (type: varchar(50)), KEY._col1 (type: bigint), KEY._col2 (type: char(10)), KEY._col3 (type: char(10)), KEY._col4 (type: varchar(60)), KEY._col5 (type: varchar(60)), KEY._col6 (type: char(10)), KEY._col7 (type: char(50)), KEY._col8 (type: int), KEY._col9 (type: int), KEY._col10 (type: char(10)), KEY._col11 (type: varchar(60)), KEY._col12 (type: varchar(60)), KEY._col13 (type: char(10))
                 mode: mergepartial
                 outputColumnNames: _col0, _col1, _col2, _col3, _col4, _col5, _col6, _col7, _col8, _col9, _col10, _col11, _col12, _col13, _col14, _col15, _col16, _col17
-                Statistics: Num rows: 388710326 Data size: 530978305316 Basic stats: COMPLETE Column stats: COMPLETE
+                Statistics: Num rows: 382653083 Data size: 522704111378 Basic stats: COMPLETE Column stats: COMPLETE
                 Select Operator
                   expressions: _col7 (type: char(50)), _col1 (type: bigint), _col0 (type: varchar(50)), _col2 (type: char(10)), _col3 (type: char(10)), _col4 (type: varchar(60)), _col5 (type: varchar(60)), _col6 (type: char(10)), _col10 (type: char(10)), _col11 (type: varchar(60)), _col12 (type: varchar(60)), _col13 (type: char(10)), _col14 (type: bigint), _col15 (type: decimal(17,2)), _col16 (type: decimal(17,2)), _col17 (type: decimal(17,2))
                   outputColumnNames: _col0, _col1, _col2, _col3, _col4, _col5, _col6, _col7, _col8, _col9, _col10, _col11, _col14, _col15, _col16, _col17
-                  Statistics: Num rows: 388710326 Data size: 527868622708 Basic stats: COMPLETE Column stats: COMPLETE
+                  Statistics: Num rows: 382653083 Data size: 519642886714 Basic stats: COMPLETE Column stats: COMPLETE
                   Filter Operator
                     predicate: _col14 is not null (type: boolean)
-                    Statistics: Num rows: 388710326 Data size: 527868622708 Basic stats: COMPLETE Column stats: COMPLETE
+                    Statistics: Num rows: 382653083 Data size: 519642886714 Basic stats: COMPLETE Column stats: COMPLETE
                     Select Operator
                       expressions: _col0 (type: char(50)), _col1 (type: bigint), _col2 (type: varchar(50)), _col3 (type: char(10)), _col4 (type: char(10)), _col5 (type: varchar(60)), _col6 (type: varchar(60)), _col7 (type: char(10)), _col8 (type: char(10)), _col9 (type: varchar(60)), _col10 (type: varchar(60)), _col11 (type: char(10)), _col14 (type: bigint), _col15 (type: decimal(17,2)), _col16 (type: decimal(17,2)), _col17 (type: decimal(17,2))
                       outputColumnNames: _col0, _col1, _col2, _col3, _col4, _col5, _col6, _col7, _col8, _col9, _col10, _col11, _col12, _col13, _col14, _col15
-                      Statistics: Num rows: 388710326 Data size: 527868622708 Basic stats: COMPLETE Column stats: COMPLETE
+                      Statistics: Num rows: 382653083 Data size: 519642886714 Basic stats: COMPLETE Column stats: COMPLETE
                       Reduce Output Operator
                         key expressions: _col2 (type: varchar(50)), _col1 (type: bigint), _col3 (type: char(10))
                         null sort order: zzz
                         sort order: +++
                         Map-reduce partition columns: _col2 (type: varchar(50)), _col1 (type: bigint), _col3 (type: char(10))
-                        Statistics: Num rows: 388710326 Data size: 527868622708 Basic stats: COMPLETE Column stats: COMPLETE
+                        Statistics: Num rows: 382653083 Data size: 519642886714 Basic stats: COMPLETE Column stats: COMPLETE
                         value expressions: _col0 (type: char(50)), _col4 (type: char(10)), _col5 (type: varchar(60)), _col6 (type: varchar(60)), _col7 (type: char(10)), _col8 (type: char(10)), _col9 (type: varchar(60)), _col10 (type: varchar(60)), _col11 (type: char(10)), _col12 (type: bigint), _col13 (type: decimal(17,2)), _col14 (type: decimal(17,2)), _col15 (type: decimal(17,2))
         Reducer 27 
             Execution mode: vectorized, llap
@@ -891,20 +891,20 @@ STAGE PLANS:
                 outputColumnNames: _col3, _col4, _col5, _col6, _col7, _col9, _col10, _col11, _col12, _col13, _col14, _col15, _col16, _col17, _col18, _col19, _col20, _col21, _col22
                 input vertices:
                   0 Reducer 4
-                Statistics: Num rows: 101474625613852 Data size: 171898015789865288 Basic stats: COMPLETE Column stats: COMPLETE
+                Statistics: Num rows: 99947700975703 Data size: 169311405452840883 Basic stats: COMPLETE Column stats: COMPLETE
                 DynamicPartitionHashJoin: true
                 Filter Operator
                   predicate: (_col3 <= _col19) (type: boolean)
-                  Statistics: Num rows: 33824875204617 Data size: 57299338596621198 Basic stats: COMPLETE Column stats: COMPLETE
+                  Statistics: Num rows: 33315900325234 Data size: 56437135150946396 Basic stats: COMPLETE Column stats: COMPLETE
                   Select Operator
                     expressions: _col7 (type: char(50)), _col9 (type: varchar(50)), _col10 (type: char(10)), _col11 (type: char(10)), _col12 (type: varchar(60)), _col13 (type: varchar(60)), _col14 (type: char(10)), _col15 (type: char(10)), _col16 (type: varchar(60)), _col17 (type: varchar(60)), _col18 (type: char(10)), _col19 (type: bigint), _col20 (type: decimal(17,2)), _col21 (type: decimal(17,2)), _col22 (type: decimal(17,2)), _col4 (type: decimal(17,2)), _col5 (type: decimal(17,2)), _col6 (type: decimal(17,2)), _col3 (type: bigint)
                     outputColumnNames: _col0, _col1, _col2, _col3, _col4, _col5, _col6, _col7, _col8, _col9, _col10, _col11, _col12, _col13, _col14, _col15, _col16, _col17, _col18
-                    Statistics: Num rows: 33824875204617 Data size: 57299338596621198 Basic stats: COMPLETE Column stats: COMPLETE
+                    Statistics: Num rows: 33315900325234 Data size: 56437135150946396 Basic stats: COMPLETE Column stats: COMPLETE
                     Reduce Output Operator
                       key expressions: _col0 (type: char(50)), _col1 (type: varchar(50)), _col18 (type: bigint)
                       null sort order: zzz
                       sort order: +++
-                      Statistics: Num rows: 33824875204617 Data size: 57299338596621198 Basic stats: COMPLETE Column stats: COMPLETE
+                      Statistics: Num rows: 33315900325234 Data size: 56437135150946396 Basic stats: COMPLETE Column stats: COMPLETE
                       value expressions: _col2 (type: char(10)), _col3 (type: char(10)), _col4 (type: varchar(60)), _col5 (type: varchar(60)), _col6 (type: char(10)), _col7 (type: char(10)), _col8 (type: varchar(60)), _col9 (type: varchar(60)), _col10 (type: char(10)), _col11 (type: bigint), _col12 (type: decimal(17,2)), _col13 (type: decimal(17,2)), _col14 (type: decimal(17,2)), _col15 (type: decimal(17,2)), _col16 (type: decimal(17,2)), _col17 (type: decimal(17,2))
         Reducer 28 
             Execution mode: vectorized, llap
@@ -912,10 +912,10 @@ STAGE PLANS:
               Select Operator
                 expressions: KEY.reducesinkkey0 (type: char(50)), KEY.reducesinkkey1 (type: varchar(50)), VALUE._col0 (type: char(10)), VALUE._col1 (type: char(10)), VALUE._col2 (type: varchar(60)), VALUE._col3 (type: varchar(60)), VALUE._col4 (type: char(10)), VALUE._col5 (type: char(10)), VALUE._col6 (type: varchar(60)), VALUE._col7 (type: varchar(60)), VALUE._col8 (type: char(10)), 2000 (type: int), VALUE._col9 (type: bigint), VALUE._col10 (type: decimal(17,2)), VALUE._col11 (type: decimal(17,2)), VALUE._col12 (type: decimal(17,2)), VALUE._col13 (type: decimal(17,2)), VALUE._col14 (type: decimal(17,2)), VALUE._col15 (type: decimal(17,2)), 2001 (type: int), KEY.reducesinkkey2 (type: bigint)
                 outputColumnNames: _col0, _col1, _col2, _col3, _col4, _col5, _col6, _col7, _col8, _col9, _col10, _col11, _col12, _col13, _col14, _col15, _col16, _col17, _col18, _col19, _col20
-                Statistics: Num rows: 33824875204617 Data size: 57569937598258134 Basic stats: COMPLETE Column stats: COMPLETE
+                Statistics: Num rows: 33315900325234 Data size: 56703662353548268 Basic stats: COMPLETE Column stats: COMPLETE
                 File Output Operator
                   compressed: false
-                  Statistics: Num rows: 33824875204617 Data size: 57569937598258134 Basic stats: COMPLETE Column stats: COMPLETE
+                  Statistics: Num rows: 33315900325234 Data size: 56703662353548268 Basic stats: COMPLETE Column stats: COMPLETE
                   table:
                       input format: org.apache.hadoop.mapred.SequenceFileInputFormat
                       output format: org.apache.hadoop.hive.ql.io.HiveSequenceFileOutputFormat
@@ -932,7 +932,7 @@ STAGE PLANS:
                 outputColumnNames: _col2, _col3, _col5, _col7, _col8, _col9, _col11, _col15, _col16, _col17, _col18, _col19, _col22, _col23, _col24, _col25
                 input vertices:
                   1 Map 33
-                Statistics: Num rows: 388710326 Data size: 215947506374 Basic stats: COMPLETE Column stats: COMPLETE
+                Statistics: Num rows: 382653083 Data size: 212581202507 Basic stats: COMPLETE Column stats: COMPLETE
                 DynamicPartitionHashJoin: true
                 Map Join Operator
                   condition map:
@@ -943,7 +943,7 @@ STAGE PLANS:
                   outputColumnNames: _col2, _col3, _col7, _col8, _col9, _col11, _col15, _col16, _col17, _col18, _col19, _col22, _col23, _col24, _col25, _col29, _col30
                   input vertices:
                     1 Map 13
-                  Statistics: Num rows: 388710326 Data size: 283481619196 Basic stats: COMPLETE Column stats: COMPLETE
+                  Statistics: Num rows: 382653083 Data size: 279062936462 Basic stats: COMPLETE Column stats: COMPLETE
                   Map Join Operator
                     condition map:
                          Inner Join 0 to 1
@@ -953,7 +953,7 @@ STAGE PLANS:
                     outputColumnNames: _col2, _col7, _col8, _col9, _col11, _col15, _col16, _col17, _col18, _col19, _col22, _col23, _col24, _col25, _col29, _col30
                     input vertices:
                       1 Reducer 15
-                    Statistics: Num rows: 388710326 Data size: 282214004316 Basic stats: COMPLETE Column stats: COMPLETE
+                    Statistics: Num rows: 382653083 Data size: 277815074726 Basic stats: COMPLETE Column stats: COMPLETE
                     Map Join Operator
                       condition map:
                            Inner Join 0 to 1
@@ -963,7 +963,7 @@ STAGE PLANS:
                       outputColumnNames: _col2, _col7, _col8, _col9, _col11, _col15, _col17, _col18, _col19, _col22, _col23, _col24, _col25, _col29, _col30
                       input vertices:
                         1 Map 14
-                      Statistics: Num rows: 388710326 Data size: 279123740180 Basic stats: COMPLETE Column stats: COMPLETE
+                      Statistics: Num rows: 382653083 Data size: 274773268534 Basic stats: COMPLETE Column stats: COMPLETE
                       Map Join Operator
                         condition map:
                              Inner Join 0 to 1
@@ -973,7 +973,7 @@ STAGE PLANS:
                         outputColumnNames: _col2, _col7, _col8, _col9, _col11, _col15, _col17, _col18, _col22, _col23, _col24, _col25, _col29, _col30, _col34
                         input vertices:
                           1 Reducer 18
-                        Statistics: Num rows: 388710326 Data size: 277588320868 Basic stats: COMPLETE Column stats: COMPLETE
+                        Statistics: Num rows: 382653083 Data size: 273262078194 Basic stats: COMPLETE Column stats: COMPLETE
                         Map Join Operator
                           condition map:
                                Inner Join 0 to 1
@@ -983,7 +983,7 @@ STAGE PLANS:
                           outputColumnNames: _col2, _col7, _col8, _col9, _col11, _col15, _col17, _col22, _col23, _col24, _col25, _col29, _col30, _col34, _col36
                           input vertices:
                             1 Map 17
-                          Statistics: Num rows: 388710326 Data size: 276052909900 Basic stats: COMPLETE Column stats: COMPLETE
+                          Statistics: Num rows: 382653083 Data size: 271750896198 Basic stats: COMPLETE Column stats: COMPLETE
                           Map Join Operator
                             condition map:
                                  Inner Join 0 to 1
@@ -993,7 +993,7 @@ STAGE PLANS:
                             outputColumnNames: _col7, _col8, _col9, _col11, _col15, _col17, _col22, _col23, _col24, _col25, _col29, _col30, _col34, _col36, _col38
                             input vertices:
                               1 Reducer 21
-                            Statistics: Num rows: 388710326 Data size: 307825672730 Basic stats: COMPLETE Column stats: COMPLETE
+                            Statistics: Num rows: 382653083 Data size: 303028546517 Basic stats: COMPLETE Column stats: COMPLETE
                             Map Join Operator
                               condition map:
                                    Inner Join 0 to 1
@@ -1003,10 +1003,10 @@ STAGE PLANS:
                               outputColumnNames: _col7, _col8, _col9, _col11, _col17, _col22, _col23, _col24, _col25, _col29, _col30, _col34, _col36, _col38, _col40
                               input vertices:
                                 1 Map 20
-                              Statistics: Num rows: 388710326 Data size: 337775783592 Basic stats: COMPLETE Column stats: COMPLETE
+                              Statistics: Num rows: 382653083 Data size: 332512249668 Basic stats: COMPLETE Column stats: COMPLETE
                               Filter Operator
                                 predicate: (_col38 <> _col40) (type: boolean)
-                                Statistics: Num rows: 388710326 Data size: 337775783592 Basic stats: COMPLETE Column stats: COMPLETE
+                                Statistics: Num rows: 382653083 Data size: 332512249668 Basic stats: COMPLETE Column stats: COMPLETE
                                 Map Join Operator
                                   condition map:
                                        Inner Join 0 to 1
@@ -1016,20 +1016,20 @@ STAGE PLANS:
                                   outputColumnNames: _col7, _col8, _col9, _col11, _col22, _col23, _col24, _col25, _col29, _col30, _col34, _col36, _col42, _col43, _col44, _col45
                                   input vertices:
                                     1 Map 12
-                                  Statistics: Num rows: 388710326 Data size: 408909773250 Basic stats: COMPLETE Column stats: COMPLETE
+                                  Statistics: Num rows: 382653083 Data size: 402537763857 Basic stats: COMPLETE Column stats: COMPLETE
                                   Group By Operator
                                     aggregations: count(), sum(_col7), sum(_col8), sum(_col9)
                                     keys: _col29 (type: varchar(50)), _col11 (type: bigint), _col30 (type: char(10)), _col22 (type: char(10)), _col23 (type: varchar(60)), _col24 (type: varchar(60)), _col25 (type: char(10)), _col34 (type: int), _col36 (type: int), _col42 (type: char(10)), _col43 (type: varchar(60)), _col44 (type: varchar(60)), _col45 (type: char(10))
-                                    minReductionHashAggr: 0.8285618
+                                    minReductionHashAggr: 0.8260248
                                     mode: hash
                                     outputColumnNames: _col0, _col1, _col2, _col3, _col4, _col5, _col6, _col7, _col8, _col9, _col10, _col11, _col12, _col13, _col14, _col15, _col16
-                                    Statistics: Num rows: 388710326 Data size: 489386300434 Basic stats: COMPLETE Column stats: COMPLETE
+                                    Statistics: Num rows: 382653083 Data size: 481760231497 Basic stats: COMPLETE Column stats: COMPLETE
                                     Reduce Output Operator
                                       key expressions: _col0 (type: varchar(50)), _col1 (type: bigint), _col2 (type: char(10)), _col3 (type: char(10)), _col4 (type: varchar(60)), _col5 (type: varchar(60)), _col6 (type: char(10)), _col7 (type: int), _col8 (type: int), _col9 (type: char(10)), _col10 (type: varchar(60)), _col11 (type: varchar(60)), _col12 (type: char(10))
                                       null sort order: zzzzzzzzzzzzz
                                       sort order: +++++++++++++
                                       Map-reduce partition columns: _col0 (type: varchar(50)), _col1 (type: bigint), _col2 (type: char(10)), _col3 (type: char(10)), _col4 (type: varchar(60)), _col5 (type: varchar(60)), _col6 (type: char(10)), _col7 (type: int), _col8 (type: int), _col9 (type: char(10)), _col10 (type: varchar(60)), _col11 (type: varchar(60)), _col12 (type: char(10))
-                                      Statistics: Num rows: 388710326 Data size: 489386300434 Basic stats: COMPLETE Column stats: COMPLETE
+                                      Statistics: Num rows: 382653083 Data size: 481760231497 Basic stats: COMPLETE Column stats: COMPLETE
                                       value expressions: _col13 (type: bigint), _col14 (type: decimal(17,2)), _col15 (type: decimal(17,2)), _col16 (type: decimal(17,2))
         Reducer 30 
             Execution mode: vectorized, llap
@@ -1085,29 +1085,29 @@ STAGE PLANS:
                 keys: KEY._col0 (type: varchar(50)), KEY._col1 (type: bigint), KEY._col2 (type: char(10)), KEY._col3 (type: char(10)), KEY._col4 (type: varchar(60)), KEY._col5 (type: varchar(60)), KEY._col6 (type: char(10)), KEY._col7 (type: int), KEY._col8 (type: int), KEY._col9 (type: char(10)), KEY._col10 (type: varchar(60)), KEY._col11 (type: varchar(60)), KEY._col12 (type: char(10))
                 mode: mergepartial
                 outputColumnNames: _col0, _col1, _col2, _col3, _col4, _col5, _col6, _col7, _col8, _col9, _col10, _col11, _col12, _col13, _col14, _col15, _col16
-                Statistics: Num rows: 388710326 Data size: 489386300434 Basic stats: COMPLETE Column stats: COMPLETE
+                Statistics: Num rows: 382653083 Data size: 481760231497 Basic stats: COMPLETE Column stats: COMPLETE
                 Select Operator
                   expressions: _col1 (type: bigint), _col0 (type: varchar(50)), _col2 (type: char(10)), _col13 (type: bigint), _col14 (type: decimal(17,2)), _col15 (type: decimal(17,2)), _col16 (type: decimal(17,2))
                   outputColumnNames: _col0, _col1, _col2, _col13, _col14, _col15, _col16
-                  Statistics: Num rows: 388710326 Data size: 205627762454 Basic stats: COMPLETE Column stats: COMPLETE
+                  Statistics: Num rows: 382653083 Data size: 202423480907 Basic stats: COMPLETE Column stats: COMPLETE
                   Filter Operator
                     predicate: _col13 is not null (type: boolean)
-                    Statistics: Num rows: 388710326 Data size: 205627762454 Basic stats: COMPLETE Column stats: COMPLETE
+                    Statistics: Num rows: 382653083 Data size: 202423480907 Basic stats: COMPLETE Column stats: COMPLETE
                     Select Operator
                       expressions: _col0 (type: bigint), _col1 (type: varchar(50)), _col2 (type: char(10)), _col13 (type: bigint), _col14 (type: decimal(17,2)), _col15 (type: decimal(17,2)), _col16 (type: decimal(17,2))
                       outputColumnNames: _col0, _col1, _col2, _col3, _col4, _col5, _col6
-                      Statistics: Num rows: 388710326 Data size: 205627762454 Basic stats: COMPLETE Column stats: COMPLETE
+                      Statistics: Num rows: 382653083 Data size: 202423480907 Basic stats: COMPLETE Column stats: COMPLETE
                       Reduce Output Operator
                         key expressions: _col1 (type: varchar(50)), _col0 (type: bigint), _col2 (type: char(10))
                         null sort order: zzz
                         sort order: +++
                         Map-reduce partition columns: _col1 (type: varchar(50)), _col0 (type: bigint), _col2 (type: char(10))
-                        Statistics: Num rows: 388710326 Data size: 205627762454 Basic stats: COMPLETE Column stats: COMPLETE
+                        Statistics: Num rows: 382653083 Data size: 202423480907 Basic stats: COMPLETE Column stats: COMPLETE
                         value expressions: _col3 (type: bigint), _col4 (type: decimal(17,2)), _col5 (type: decimal(17,2)), _col6 (type: decimal(17,2))
                       Select Operator
                         expressions: _col0 (type: bigint)
                         outputColumnNames: _col0
-                        Statistics: Num rows: 388710326 Data size: 3109682608 Basic stats: COMPLETE Column stats: COMPLETE
+                        Statistics: Num rows: 382653083 Data size: 3061224664 Basic stats: COMPLETE Column stats: COMPLETE
                         Group By Operator
                           aggregations: min(_col0), max(_col0), bloom_filter(_col0, expectedEntries=1000000)
                           minReductionHashAggr: 0.99
diff --git a/ql/src/test/results/clientpositive/perf/tpcds30tb/tez/query80.q.out b/ql/src/test/results/clientpositive/perf/tpcds30tb/tez/query80.q.out
index d890a53f69..180d3d7fa0 100644
--- a/ql/src/test/results/clientpositive/perf/tpcds30tb/tez/query80.q.out
+++ b/ql/src/test/results/clientpositive/perf/tpcds30tb/tez/query80.q.out
@@ -7,17 +7,23 @@ STAGE PLANS:
     Tez
 #### A masked pattern was here ####
       Edges:
-        Map 1 <- Reducer 17 (BROADCAST_EDGE)
-        Map 10 <- Reducer 16 (BROADCAST_EDGE)
-        Map 20 <- Reducer 18 (BROADCAST_EDGE)
-        Reducer 11 <- Map 10 (CUSTOM_SIMPLE_EDGE), Map 13 (CUSTOM_SIMPLE_EDGE), Map 14 (BROADCAST_EDGE), Map 15 (BROADCAST_EDGE), Map 19 (BROADCAST_EDGE), Map 8 (BROADCAST_EDGE)
+        Map 1 <- Reducer 20 (BROADCAST_EDGE)
+        Map 10 <- Reducer 19 (BROADCAST_EDGE)
+        Map 13 <- Reducer 15 (BROADCAST_EDGE)
+        Map 23 <- Reducer 21 (BROADCAST_EDGE)
+        Map 26 <- Reducer 17 (BROADCAST_EDGE)
+        Map 7 <- Reducer 16 (BROADCAST_EDGE)
+        Reducer 11 <- Map 10 (CUSTOM_SIMPLE_EDGE), Map 13 (CUSTOM_SIMPLE_EDGE), Map 14 (BROADCAST_EDGE), Map 18 (BROADCAST_EDGE), Map 22 (BROADCAST_EDGE), Map 8 (BROADCAST_EDGE)
         Reducer 12 <- Reducer 11 (SIMPLE_EDGE), Union 4 (CONTAINS)
-        Reducer 16 <- Map 15 (CUSTOM_SIMPLE_EDGE)
-        Reducer 17 <- Map 15 (CUSTOM_SIMPLE_EDGE)
-        Reducer 18 <- Map 15 (CUSTOM_SIMPLE_EDGE)
-        Reducer 2 <- Map 1 (CUSTOM_SIMPLE_EDGE), Map 14 (BROADCAST_EDGE), Map 15 (BROADCAST_EDGE), Map 7 (CUSTOM_SIMPLE_EDGE), Map 8 (BROADCAST_EDGE), Map 9 (BROADCAST_EDGE)
-        Reducer 21 <- Map 14 (BROADCAST_EDGE), Map 15 (BROADCAST_EDGE), Map 20 (CUSTOM_SIMPLE_EDGE), Map 23 (CUSTOM_SIMPLE_EDGE), Map 24 (BROADCAST_EDGE), Map 8 (BROADCAST_EDGE)
-        Reducer 22 <- Reducer 21 (SIMPLE_EDGE), Union 4 (CONTAINS)
+        Reducer 15 <- Map 14 (CUSTOM_SIMPLE_EDGE)
+        Reducer 16 <- Map 14 (CUSTOM_SIMPLE_EDGE)
+        Reducer 17 <- Map 14 (CUSTOM_SIMPLE_EDGE)
+        Reducer 19 <- Map 18 (CUSTOM_SIMPLE_EDGE)
+        Reducer 2 <- Map 1 (CUSTOM_SIMPLE_EDGE), Map 14 (BROADCAST_EDGE), Map 18 (BROADCAST_EDGE), Map 7 (CUSTOM_SIMPLE_EDGE), Map 8 (BROADCAST_EDGE), Map 9 (BROADCAST_EDGE)
+        Reducer 20 <- Map 18 (CUSTOM_SIMPLE_EDGE)
+        Reducer 21 <- Map 18 (CUSTOM_SIMPLE_EDGE)
+        Reducer 24 <- Map 14 (BROADCAST_EDGE), Map 18 (BROADCAST_EDGE), Map 23 (CUSTOM_SIMPLE_EDGE), Map 26 (CUSTOM_SIMPLE_EDGE), Map 27 (BROADCAST_EDGE), Map 8 (BROADCAST_EDGE)
+        Reducer 25 <- Reducer 24 (SIMPLE_EDGE), Union 4 (CONTAINS)
         Reducer 3 <- Reducer 2 (SIMPLE_EDGE), Union 4 (CONTAINS)
         Reducer 5 <- Union 4 (SIMPLE_EDGE)
         Reducer 6 <- Reducer 5 (SIMPLE_EDGE)
@@ -71,18 +77,22 @@ STAGE PLANS:
             Map Operator Tree:
                 TableScan
                   alias: catalog_returns
+                  filterExpr: (cr_item_sk BETWEEN DynamicValue(RS_57_item_i_item_sk_min) AND DynamicValue(RS_57_item_i_item_sk_max) and in_bloom_filter(cr_item_sk, DynamicValue(RS_57_item_i_item_sk_bloom_filter))) (type: boolean)
                   Statistics: Num rows: 4320980099 Data size: 1017653227728 Basic stats: COMPLETE Column stats: COMPLETE
-                  Select Operator
-                    expressions: cr_item_sk (type: bigint), cr_order_number (type: bigint), cr_return_amount (type: decimal(7,2)), cr_net_loss (type: decimal(7,2))
-                    outputColumnNames: _col0, _col1, _col2, _col3
+                  Filter Operator
+                    predicate: (cr_item_sk BETWEEN DynamicValue(RS_57_item_i_item_sk_min) AND DynamicValue(RS_57_item_i_item_sk_max) and in_bloom_filter(cr_item_sk, DynamicValue(RS_57_item_i_item_sk_bloom_filter))) (type: boolean)
                     Statistics: Num rows: 4320980099 Data size: 1017653227728 Basic stats: COMPLETE Column stats: COMPLETE
-                    Reduce Output Operator
-                      key expressions: _col0 (type: bigint), _col1 (type: bigint)
-                      null sort order: zz
-                      sort order: ++
-                      Map-reduce partition columns: _col0 (type: bigint), _col1 (type: bigint)
+                    Select Operator
+                      expressions: cr_item_sk (type: bigint), cr_order_number (type: bigint), cr_return_amount (type: decimal(7,2)), cr_net_loss (type: decimal(7,2))
+                      outputColumnNames: _col0, _col1, _col2, _col3
                       Statistics: Num rows: 4320980099 Data size: 1017653227728 Basic stats: COMPLETE Column stats: COMPLETE
-                      value expressions: _col2 (type: decimal(7,2)), _col3 (type: decimal(7,2))
+                      Reduce Output Operator
+                        key expressions: _col0 (type: bigint), _col1 (type: bigint)
+                        null sort order: zz
+                        sort order: ++
+                        Map-reduce partition columns: _col0 (type: bigint), _col1 (type: bigint)
+                        Statistics: Num rows: 4320980099 Data size: 1017653227728 Basic stats: COMPLETE Column stats: COMPLETE
+                        value expressions: _col2 (type: decimal(7,2)), _col3 (type: decimal(7,2))
             Execution mode: vectorized, llap
             LLAP IO: may be used (ACID table)
         Map 14 
@@ -93,32 +103,77 @@ STAGE PLANS:
                   Statistics: Num rows: 462000 Data size: 55309408 Basic stats: COMPLETE Column stats: COMPLETE
                   Filter Operator
                     predicate: (i_current_price > 50) (type: boolean)
-                    Statistics: Num rows: 235620 Data size: 28207872 Basic stats: COMPLETE Column stats: COMPLETE
+                    Statistics: Num rows: 231185 Data size: 27676904 Basic stats: COMPLETE Column stats: COMPLETE
                     Select Operator
                       expressions: i_item_sk (type: bigint)
                       outputColumnNames: _col0
-                      Statistics: Num rows: 235620 Data size: 1884960 Basic stats: COMPLETE Column stats: COMPLETE
+                      Statistics: Num rows: 231185 Data size: 1849480 Basic stats: COMPLETE Column stats: COMPLETE
                       Reduce Output Operator
                         key expressions: _col0 (type: bigint)
                         null sort order: z
                         sort order: +
                         Map-reduce partition columns: _col0 (type: bigint)
-                        Statistics: Num rows: 235620 Data size: 1884960 Basic stats: COMPLETE Column stats: COMPLETE
+                        Statistics: Num rows: 231185 Data size: 1849480 Basic stats: COMPLETE Column stats: COMPLETE
+                      Select Operator
+                        expressions: _col0 (type: bigint)
+                        outputColumnNames: _col0
+                        Statistics: Num rows: 231185 Data size: 1849480 Basic stats: COMPLETE Column stats: COMPLETE
+                        Group By Operator
+                          aggregations: min(_col0), max(_col0), bloom_filter(_col0, expectedEntries=1000000)
+                          minReductionHashAggr: 0.99
+                          mode: hash
+                          outputColumnNames: _col0, _col1, _col2
+                          Statistics: Num rows: 1 Data size: 160 Basic stats: COMPLETE Column stats: COMPLETE
+                          Reduce Output Operator
+                            null sort order: 
+                            sort order: 
+                            Statistics: Num rows: 1 Data size: 160 Basic stats: COMPLETE Column stats: COMPLETE
+                            value expressions: _col0 (type: bigint), _col1 (type: bigint), _col2 (type: binary)
                       Reduce Output Operator
                         key expressions: _col0 (type: bigint)
                         null sort order: z
                         sort order: +
                         Map-reduce partition columns: _col0 (type: bigint)
-                        Statistics: Num rows: 235620 Data size: 1884960 Basic stats: COMPLETE Column stats: COMPLETE
+                        Statistics: Num rows: 231185 Data size: 1849480 Basic stats: COMPLETE Column stats: COMPLETE
+                      Select Operator
+                        expressions: _col0 (type: bigint)
+                        outputColumnNames: _col0
+                        Statistics: Num rows: 231185 Data size: 1849480 Basic stats: COMPLETE Column stats: COMPLETE
+                        Group By Operator
+                          aggregations: min(_col0), max(_col0), bloom_filter(_col0, expectedEntries=1000000)
+                          minReductionHashAggr: 0.99
+                          mode: hash
+                          outputColumnNames: _col0, _col1, _col2
+                          Statistics: Num rows: 1 Data size: 160 Basic stats: COMPLETE Column stats: COMPLETE
+                          Reduce Output Operator
+                            null sort order: 
+                            sort order: 
+                            Statistics: Num rows: 1 Data size: 160 Basic stats: COMPLETE Column stats: COMPLETE
+                            value expressions: _col0 (type: bigint), _col1 (type: bigint), _col2 (type: binary)
                       Reduce Output Operator
                         key expressions: _col0 (type: bigint)
                         null sort order: z
                         sort order: +
                         Map-reduce partition columns: _col0 (type: bigint)
-                        Statistics: Num rows: 235620 Data size: 1884960 Basic stats: COMPLETE Column stats: COMPLETE
+                        Statistics: Num rows: 231185 Data size: 1849480 Basic stats: COMPLETE Column stats: COMPLETE
+                      Select Operator
+                        expressions: _col0 (type: bigint)
+                        outputColumnNames: _col0
+                        Statistics: Num rows: 231185 Data size: 1849480 Basic stats: COMPLETE Column stats: COMPLETE
+                        Group By Operator
+                          aggregations: min(_col0), max(_col0), bloom_filter(_col0, expectedEntries=1000000)
+                          minReductionHashAggr: 0.99
+                          mode: hash
+                          outputColumnNames: _col0, _col1, _col2
+                          Statistics: Num rows: 1 Data size: 160 Basic stats: COMPLETE Column stats: COMPLETE
+                          Reduce Output Operator
+                            null sort order: 
+                            sort order: 
+                            Statistics: Num rows: 1 Data size: 160 Basic stats: COMPLETE Column stats: COMPLETE
+                            value expressions: _col0 (type: bigint), _col1 (type: bigint), _col2 (type: binary)
             Execution mode: vectorized, llap
             LLAP IO: may be used (ACID table)
-        Map 15 
+        Map 18 
             Map Operator Tree:
                 TableScan
                   alias: promotion
@@ -196,7 +251,7 @@ STAGE PLANS:
                             value expressions: _col0 (type: bigint), _col1 (type: bigint), _col2 (type: binary)
             Execution mode: vectorized, llap
             LLAP IO: may be used (ACID table)
-        Map 19 
+        Map 22 
             Map Operator Tree:
                 TableScan
                   alias: catalog_page
@@ -214,7 +269,7 @@ STAGE PLANS:
                       value expressions: _col1 (type: string)
             Execution mode: vectorized, llap
             LLAP IO: may be used (ACID table)
-        Map 20 
+        Map 23 
             Map Operator Tree:
                 TableScan
                   alias: web_sales
@@ -236,25 +291,29 @@ STAGE PLANS:
                         value expressions: _col1 (type: bigint), _col2 (type: bigint), _col4 (type: decimal(7,2)), _col5 (type: decimal(7,2)), _col6 (type: bigint)
             Execution mode: vectorized, llap
             LLAP IO: may be used (ACID table)
-        Map 23 
+        Map 26 
             Map Operator Tree:
                 TableScan
                   alias: web_returns
+                  filterExpr: (wr_item_sk BETWEEN DynamicValue(RS_95_item_i_item_sk_min) AND DynamicValue(RS_95_item_i_item_sk_max) and in_bloom_filter(wr_item_sk, DynamicValue(RS_95_item_i_item_sk_bloom_filter))) (type: boolean)
                   Statistics: Num rows: 2160007345 Data size: 496628694560 Basic stats: COMPLETE Column stats: COMPLETE
-                  Select Operator
-                    expressions: wr_item_sk (type: bigint), wr_order_number (type: bigint), wr_return_amt (type: decimal(7,2)), wr_net_loss (type: decimal(7,2))
-                    outputColumnNames: _col0, _col1, _col2, _col3
+                  Filter Operator
+                    predicate: (wr_item_sk BETWEEN DynamicValue(RS_95_item_i_item_sk_min) AND DynamicValue(RS_95_item_i_item_sk_max) and in_bloom_filter(wr_item_sk, DynamicValue(RS_95_item_i_item_sk_bloom_filter))) (type: boolean)
                     Statistics: Num rows: 2160007345 Data size: 496628694560 Basic stats: COMPLETE Column stats: COMPLETE
-                    Reduce Output Operator
-                      key expressions: _col0 (type: bigint), _col1 (type: bigint)
-                      null sort order: zz
-                      sort order: ++
-                      Map-reduce partition columns: _col0 (type: bigint), _col1 (type: bigint)
+                    Select Operator
+                      expressions: wr_item_sk (type: bigint), wr_order_number (type: bigint), wr_return_amt (type: decimal(7,2)), wr_net_loss (type: decimal(7,2))
+                      outputColumnNames: _col0, _col1, _col2, _col3
                       Statistics: Num rows: 2160007345 Data size: 496628694560 Basic stats: COMPLETE Column stats: COMPLETE
-                      value expressions: _col2 (type: decimal(7,2)), _col3 (type: decimal(7,2))
+                      Reduce Output Operator
+                        key expressions: _col0 (type: bigint), _col1 (type: bigint)
+                        null sort order: zz
+                        sort order: ++
+                        Map-reduce partition columns: _col0 (type: bigint), _col1 (type: bigint)
+                        Statistics: Num rows: 2160007345 Data size: 496628694560 Basic stats: COMPLETE Column stats: COMPLETE
+                        value expressions: _col2 (type: decimal(7,2)), _col3 (type: decimal(7,2))
             Execution mode: vectorized, llap
             LLAP IO: may be used (ACID table)
-        Map 24 
+        Map 27 
             Map Operator Tree:
                 TableScan
                   alias: web_site
@@ -276,18 +335,22 @@ STAGE PLANS:
             Map Operator Tree:
                 TableScan
                   alias: store_returns
+                  filterExpr: (sr_item_sk BETWEEN DynamicValue(RS_20_item_i_item_sk_min) AND DynamicValue(RS_20_item_i_item_sk_max) and in_bloom_filter(sr_item_sk, DynamicValue(RS_20_item_i_item_sk_bloom_filter))) (type: boolean)
                   Statistics: Num rows: 8634166995 Data size: 2004678961248 Basic stats: COMPLETE Column stats: COMPLETE
-                  Select Operator
-                    expressions: sr_item_sk (type: bigint), sr_ticket_number (type: bigint), sr_return_amt (type: decimal(7,2)), sr_net_loss (type: decimal(7,2))
-                    outputColumnNames: _col0, _col1, _col2, _col3
+                  Filter Operator
+                    predicate: (sr_item_sk BETWEEN DynamicValue(RS_20_item_i_item_sk_min) AND DynamicValue(RS_20_item_i_item_sk_max) and in_bloom_filter(sr_item_sk, DynamicValue(RS_20_item_i_item_sk_bloom_filter))) (type: boolean)
                     Statistics: Num rows: 8634166995 Data size: 2004678961248 Basic stats: COMPLETE Column stats: COMPLETE
-                    Reduce Output Operator
-                      key expressions: _col0 (type: bigint), _col1 (type: bigint)
-                      null sort order: zz
-                      sort order: ++
-                      Map-reduce partition columns: _col0 (type: bigint), _col1 (type: bigint)
+                    Select Operator
+                      expressions: sr_item_sk (type: bigint), sr_ticket_number (type: bigint), sr_return_amt (type: decimal(7,2)), sr_net_loss (type: decimal(7,2))
+                      outputColumnNames: _col0, _col1, _col2, _col3
                       Statistics: Num rows: 8634166995 Data size: 2004678961248 Basic stats: COMPLETE Column stats: COMPLETE
-                      value expressions: _col2 (type: decimal(7,2)), _col3 (type: decimal(7,2))
+                      Reduce Output Operator
+                        key expressions: _col0 (type: bigint), _col1 (type: bigint)
+                        null sort order: zz
+                        sort order: ++
+                        Map-reduce partition columns: _col0 (type: bigint), _col1 (type: bigint)
+                        Statistics: Num rows: 8634166995 Data size: 2004678961248 Basic stats: COMPLETE Column stats: COMPLETE
+                        value expressions: _col2 (type: decimal(7,2)), _col3 (type: decimal(7,2))
             Execution mode: vectorized, llap
             LLAP IO: may be used (ACID table)
         Map 8 
@@ -346,7 +409,7 @@ STAGE PLANS:
                             Target Input: web_sales
                             Partition key expr: ws_sold_date_sk
                             Statistics: Num rows: 8116 Data size: 64928 Basic stats: COMPLETE Column stats: COMPLETE
-                            Target Vertex: Map 20
+                            Target Vertex: Map 23
                       Reduce Output Operator
                         key expressions: _col0 (type: bigint)
                         null sort order: z
@@ -412,7 +475,7 @@ STAGE PLANS:
                   outputColumnNames: _col0, _col2, _col4, _col5, _col6, _col9, _col10
                   input vertices:
                     1 Map 14
-                  Statistics: Num rows: 34745769051 Data size: 10392858615344 Basic stats: COMPLETE Column stats: COMPLETE
+                  Statistics: Num rows: 34091760570 Data size: 10084166612312 Basic stats: COMPLETE Column stats: COMPLETE
                   Map Join Operator
                     condition map:
                          Inner Join 0 to 1
@@ -421,8 +484,8 @@ STAGE PLANS:
                       1 _col0 (type: bigint)
                     outputColumnNames: _col0, _col4, _col5, _col6, _col9, _col10
                     input vertices:
-                      1 Map 15
-                    Statistics: Num rows: 17372884526 Data size: 4156645910128 Basic stats: COMPLETE Column stats: COMPLETE
+                      1 Map 18
+                    Statistics: Num rows: 17045880285 Data size: 4078164892288 Basic stats: COMPLETE Column stats: COMPLETE
                     Map Join Operator
                       condition map:
                            Inner Join 0 to 1
@@ -432,7 +495,7 @@ STAGE PLANS:
                       outputColumnNames: _col0, _col4, _col5, _col9, _col10
                       input vertices:
                         1 Map 8
-                      Statistics: Num rows: 1930188361 Data size: 434957323640 Basic stats: COMPLETE Column stats: COMPLETE
+                      Statistics: Num rows: 1893857044 Data size: 426528458096 Basic stats: COMPLETE Column stats: COMPLETE
                       Map Join Operator
                         condition map:
                              Inner Join 0 to 1
@@ -441,25 +504,25 @@ STAGE PLANS:
                           1 _col0 (type: bigint)
                         outputColumnNames: _col4, _col5, _col9, _col10, _col15
                         input vertices:
-                          1 Map 19
-                        Statistics: Num rows: 1930188361 Data size: 613394664868 Basic stats: COMPLETE Column stats: COMPLETE
+                          1 Map 22
+                        Statistics: Num rows: 1893857044 Data size: 601623318160 Basic stats: COMPLETE Column stats: COMPLETE
                         Select Operator
                           expressions: _col15 (type: string), _col4 (type: decimal(7,2)), if(_col9 is not null, _col9, 0) (type: decimal(7,2)), (_col5 - if(_col10 is not null, _col10, 0)) (type: decimal(8,2))
                           outputColumnNames: _col0, _col1, _col2, _col3
-                          Statistics: Num rows: 1930188361 Data size: 613394664868 Basic stats: COMPLETE Column stats: COMPLETE
+                          Statistics: Num rows: 1893857044 Data size: 601623318160 Basic stats: COMPLETE Column stats: COMPLETE
                           Group By Operator
                             aggregations: sum(_col1), sum(_col2), sum(_col3)
                             keys: _col0 (type: string)
                             minReductionHashAggr: 0.99
                             mode: hash
                             outputColumnNames: _col0, _col1, _col2, _col3
-                            Statistics: Num rows: 110000727 Data size: 47960316972 Basic stats: COMPLETE Column stats: COMPLETE
+                            Statistics: Num rows: 107889741 Data size: 47039927076 Basic stats: COMPLETE Column stats: COMPLETE
                             Reduce Output Operator
                               key expressions: _col0 (type: string)
                               null sort order: z
                               sort order: +
                               Map-reduce partition columns: _col0 (type: string)
-                              Statistics: Num rows: 110000727 Data size: 47960316972 Basic stats: COMPLETE Column stats: COMPLETE
+                              Statistics: Num rows: 107889741 Data size: 47039927076 Basic stats: COMPLETE Column stats: COMPLETE
                               value expressions: _col1 (type: decimal(17,2)), _col2 (type: decimal(17,2)), _col3 (type: decimal(18,2))
         Reducer 12 
             Execution mode: vectorized, llap
@@ -495,6 +558,19 @@ STAGE PLANS:
                         Map-reduce partition columns: _col0 (type: string), _col1 (type: string), _col2 (type: bigint)
                         Statistics: Num rows: 70218 Data size: 44026686 Basic stats: COMPLETE Column stats: COMPLETE
                         value expressions: _col3 (type: decimal(27,2)), _col4 (type: decimal(27,2)), _col5 (type: decimal(28,2))
+        Reducer 15 
+            Execution mode: vectorized, llap
+            Reduce Operator Tree:
+              Group By Operator
+                aggregations: min(VALUE._col0), max(VALUE._col1), bloom_filter(VALUE._col2, 1, expectedEntries=1000000)
+                mode: final
+                outputColumnNames: _col0, _col1, _col2
+                Statistics: Num rows: 1 Data size: 160 Basic stats: COMPLETE Column stats: COMPLETE
+                Reduce Output Operator
+                  null sort order: 
+                  sort order: 
+                  Statistics: Num rows: 1 Data size: 160 Basic stats: COMPLETE Column stats: COMPLETE
+                  value expressions: _col0 (type: bigint), _col1 (type: bigint), _col2 (type: binary)
         Reducer 16 
             Execution mode: vectorized, llap
             Reduce Operator Tree:
@@ -521,7 +597,7 @@ STAGE PLANS:
                   sort order: 
                   Statistics: Num rows: 1 Data size: 160 Basic stats: COMPLETE Column stats: COMPLETE
                   value expressions: _col0 (type: bigint), _col1 (type: bigint), _col2 (type: binary)
-        Reducer 18 
+        Reducer 19 
             Execution mode: vectorized, llap
             Reduce Operator Tree:
               Group By Operator
@@ -557,7 +633,7 @@ STAGE PLANS:
                   outputColumnNames: _col1, _col2, _col4, _col5, _col6, _col9, _col10
                   input vertices:
                     1 Map 14
-                  Statistics: Num rows: 64070363180 Data size: 22721383429904 Basic stats: COMPLETE Column stats: COMPLETE
+                  Statistics: Num rows: 62864387256 Data size: 22152162793776 Basic stats: COMPLETE Column stats: COMPLETE
                   Map Join Operator
                     condition map:
                          Inner Join 0 to 1
@@ -566,8 +642,8 @@ STAGE PLANS:
                       1 _col0 (type: bigint)
                     outputColumnNames: _col1, _col4, _col5, _col6, _col9, _col10
                     input vertices:
-                      1 Map 15
-                    Statistics: Num rows: 32035181590 Data size: 7359290078528 Basic stats: COMPLETE Column stats: COMPLETE
+                      1 Map 18
+                    Statistics: Num rows: 31432193628 Data size: 7113224649584 Basic stats: COMPLETE Column stats: COMPLETE
                     Map Join Operator
                       condition map:
                            Inner Join 0 to 1
@@ -577,7 +653,7 @@ STAGE PLANS:
                       outputColumnNames: _col1, _col4, _col5, _col9, _col10
                       input vertices:
                         1 Map 8
-                      Statistics: Num rows: 3559220955 Data size: 395237440424 Basic stats: COMPLETE Column stats: COMPLETE
+                      Statistics: Num rows: 3492226879 Data size: 379694814792 Basic stats: COMPLETE Column stats: COMPLETE
                       Map Join Operator
                         condition map:
                              Inner Join 0 to 1
@@ -587,26 +663,52 @@ STAGE PLANS:
                         outputColumnNames: _col4, _col5, _col9, _col10, _col15
                         input vertices:
                           1 Map 9
-                        Statistics: Num rows: 3559220955 Data size: 737496852476 Basic stats: COMPLETE Column stats: COMPLETE
+                        Statistics: Num rows: 3492226879 Data size: 715790771852 Basic stats: COMPLETE Column stats: COMPLETE
                         Select Operator
                           expressions: _col15 (type: string), _col4 (type: decimal(7,2)), if(_col9 is not null, _col9, 0) (type: decimal(7,2)), (_col5 - if(_col10 is not null, _col10, 0)) (type: decimal(8,2))
                           outputColumnNames: _col0, _col1, _col2, _col3
-                          Statistics: Num rows: 3559220955 Data size: 737496852476 Basic stats: COMPLETE Column stats: COMPLETE
+                          Statistics: Num rows: 3492226879 Data size: 715790771852 Basic stats: COMPLETE Column stats: COMPLETE
                           Group By Operator
                             aggregations: sum(_col1), sum(_col2), sum(_col3)
                             keys: _col0 (type: string)
                             minReductionHashAggr: 0.99
                             mode: hash
                             outputColumnNames: _col0, _col1, _col2, _col3
-                            Statistics: Num rows: 2532399 Data size: 1104125964 Basic stats: COMPLETE Column stats: COMPLETE
+                            Statistics: Num rows: 2458563 Data size: 1071933468 Basic stats: COMPLETE Column stats: COMPLETE
                             Reduce Output Operator
                               key expressions: _col0 (type: string)
                               null sort order: z
                               sort order: +
                               Map-reduce partition columns: _col0 (type: string)
-                              Statistics: Num rows: 2532399 Data size: 1104125964 Basic stats: COMPLETE Column stats: COMPLETE
+                              Statistics: Num rows: 2458563 Data size: 1071933468 Basic stats: COMPLETE Column stats: COMPLETE
                               value expressions: _col1 (type: decimal(17,2)), _col2 (type: decimal(17,2)), _col3 (type: decimal(18,2))
+        Reducer 20 
+            Execution mode: vectorized, llap
+            Reduce Operator Tree:
+              Group By Operator
+                aggregations: min(VALUE._col0), max(VALUE._col1), bloom_filter(VALUE._col2, 1, expectedEntries=1000000)
+                mode: final
+                outputColumnNames: _col0, _col1, _col2
+                Statistics: Num rows: 1 Data size: 160 Basic stats: COMPLETE Column stats: COMPLETE
+                Reduce Output Operator
+                  null sort order: 
+                  sort order: 
+                  Statistics: Num rows: 1 Data size: 160 Basic stats: COMPLETE Column stats: COMPLETE
+                  value expressions: _col0 (type: bigint), _col1 (type: bigint), _col2 (type: binary)
         Reducer 21 
+            Execution mode: vectorized, llap
+            Reduce Operator Tree:
+              Group By Operator
+                aggregations: min(VALUE._col0), max(VALUE._col1), bloom_filter(VALUE._col2, 1, expectedEntries=1000000)
+                mode: final
+                outputColumnNames: _col0, _col1, _col2
+                Statistics: Num rows: 1 Data size: 160 Basic stats: COMPLETE Column stats: COMPLETE
+                Reduce Output Operator
+                  null sort order: 
+                  sort order: 
+                  Statistics: Num rows: 1 Data size: 160 Basic stats: COMPLETE Column stats: COMPLETE
+                  value expressions: _col0 (type: bigint), _col1 (type: bigint), _col2 (type: binary)
+        Reducer 24 
             Execution mode: vectorized, llap
             Reduce Operator Tree:
               Map Join Operator
@@ -617,7 +719,7 @@ STAGE PLANS:
                   1 KEY.reducesinkkey0 (type: bigint), KEY.reducesinkkey1 (type: bigint)
                 outputColumnNames: _col0, _col1, _col2, _col4, _col5, _col6, _col9, _col10
                 input vertices:
-                  1 Map 23
+                  1 Map 26
                 Statistics: Num rows: 33633305448 Data size: 14391212980304 Basic stats: COMPLETE Column stats: COMPLETE
                 DynamicPartitionHashJoin: true
                 Map Join Operator
@@ -629,7 +731,7 @@ STAGE PLANS:
                   outputColumnNames: _col1, _col2, _col4, _col5, _col6, _col9, _col10
                   input vertices:
                     1 Map 14
-                  Statistics: Num rows: 17152985458 Data size: 6343435501440 Basic stats: COMPLETE Column stats: COMPLETE
+                  Statistics: Num rows: 16830120307 Data size: 6191043150168 Basic stats: COMPLETE Column stats: COMPLETE
                   Map Join Operator
                     condition map:
                          Inner Join 0 to 1
@@ -638,8 +740,8 @@ STAGE PLANS:
                       1 _col0 (type: bigint)
                     outputColumnNames: _col1, _col4, _col5, _col6, _col9, _col10
                     input vertices:
-                      1 Map 15
-                    Statistics: Num rows: 8576492729 Data size: 2226740600088 Basic stats: COMPLETE Column stats: COMPLETE
+                      1 Map 18
+                    Statistics: Num rows: 8415060154 Data size: 2151835885288 Basic stats: COMPLETE Column stats: COMPLETE
                     Map Join Operator
                       condition map:
                            Inner Join 0 to 1
@@ -649,7 +751,7 @@ STAGE PLANS:
                       outputColumnNames: _col1, _col4, _col5, _col9, _col10
                       input vertices:
                         1 Map 8
-                      Statistics: Num rows: 952878402 Data size: 220743632456 Basic stats: COMPLETE Column stats: COMPLETE
+                      Statistics: Num rows: 934942678 Data size: 216582544488 Basic stats: COMPLETE Column stats: COMPLETE
                       Map Join Operator
                         condition map:
                              Inner Join 0 to 1
@@ -658,27 +760,27 @@ STAGE PLANS:
                           1 _col0 (type: bigint)
                         outputColumnNames: _col4, _col5, _col9, _col10, _col15
                         input vertices:
-                          1 Map 24
-                        Statistics: Num rows: 952878402 Data size: 308430070648 Basic stats: COMPLETE Column stats: COMPLETE
+                          1 Map 27
+                        Statistics: Num rows: 934942678 Data size: 302618896072 Basic stats: COMPLETE Column stats: COMPLETE
                         Select Operator
                           expressions: _col15 (type: string), _col4 (type: decimal(7,2)), if(_col9 is not null, _col9, 0) (type: decimal(7,2)), (_col5 - if(_col10 is not null, _col10, 0)) (type: decimal(8,2))
                           outputColumnNames: _col0, _col1, _col2, _col3
-                          Statistics: Num rows: 952878402 Data size: 308430070648 Basic stats: COMPLETE Column stats: COMPLETE
+                          Statistics: Num rows: 934942678 Data size: 302618896072 Basic stats: COMPLETE Column stats: COMPLETE
                           Group By Operator
                             aggregations: sum(_col1), sum(_col2), sum(_col3)
                             keys: _col0 (type: string)
                             minReductionHashAggr: 0.99
                             mode: hash
                             outputColumnNames: _col0, _col1, _col2, _col3
-                            Statistics: Num rows: 50610 Data size: 22065960 Basic stats: COMPLETE Column stats: COMPLETE
+                            Statistics: Num rows: 49686 Data size: 21663096 Basic stats: COMPLETE Column stats: COMPLETE
                             Reduce Output Operator
                               key expressions: _col0 (type: string)
                               null sort order: z
                               sort order: +
                               Map-reduce partition columns: _col0 (type: string)
-                              Statistics: Num rows: 50610 Data size: 22065960 Basic stats: COMPLETE Column stats: COMPLETE
+                              Statistics: Num rows: 49686 Data size: 21663096 Basic stats: COMPLETE Column stats: COMPLETE
                               value expressions: _col1 (type: decimal(17,2)), _col2 (type: decimal(17,2)), _col3 (type: decimal(18,2))
-        Reducer 22 
+        Reducer 25 
             Execution mode: vectorized, llap
             Reduce Operator Tree:
               Group By Operator
diff --git a/ql/src/test/results/clientpositive/perf/tpcds30tb/tez/query82.q.out b/ql/src/test/results/clientpositive/perf/tpcds30tb/tez/query82.q.out
index ceca02e758..cbbe0e4417 100644
--- a/ql/src/test/results/clientpositive/perf/tpcds30tb/tez/query82.q.out
+++ b/ql/src/test/results/clientpositive/perf/tpcds30tb/tez/query82.q.out
@@ -37,7 +37,7 @@ STAGE PLANS:
                         outputColumnNames: _col0, _col2, _col3, _col4, _col5
                         input vertices:
                           1 Map 2
-                        Statistics: Num rows: 1263704 Data size: 520645936 Basic stats: COMPLETE Column stats: COMPLETE
+                        Statistics: Num rows: 1247848 Data size: 514113264 Basic stats: COMPLETE Column stats: COMPLETE
                         Map Join Operator
                           condition map:
                                Inner Join 0 to 1
@@ -47,13 +47,13 @@ STAGE PLANS:
                           outputColumnNames: _col2, _col3, _col4, _col5
                           input vertices:
                             1 Map 4
-                          Statistics: Num rows: 140402 Data size: 56722296 Basic stats: COMPLETE Column stats: COMPLETE
+                          Statistics: Num rows: 138641 Data size: 56010852 Basic stats: COMPLETE Column stats: COMPLETE
                           Reduce Output Operator
                             key expressions: _col2 (type: bigint)
                             null sort order: z
                             sort order: +
                             Map-reduce partition columns: _col2 (type: bigint)
-                            Statistics: Num rows: 140402 Data size: 56722296 Basic stats: COMPLETE Column stats: COMPLETE
+                            Statistics: Num rows: 138641 Data size: 56010852 Basic stats: COMPLETE Column stats: COMPLETE
                             value expressions: _col3 (type: string), _col4 (type: varchar(200)), _col5 (type: decimal(7,2))
             Execution mode: vectorized, llap
             LLAP IO: may be used (ACID table)
@@ -65,22 +65,22 @@ STAGE PLANS:
                   Statistics: Num rows: 462000 Data size: 188360804 Basic stats: COMPLETE Column stats: COMPLETE
                   Filter Operator
                     predicate: ((i_manufact_id) IN (129, 437, 663, 727) and i_current_price BETWEEN 30 AND 60) (type: boolean)
-                    Statistics: Num rows: 797 Data size: 325060 Basic stats: COMPLETE Column stats: COMPLETE
+                    Statistics: Num rows: 787 Data size: 320980 Basic stats: COMPLETE Column stats: COMPLETE
                     Select Operator
                       expressions: i_item_sk (type: bigint), i_item_id (type: string), i_item_desc (type: varchar(200)), i_current_price (type: decimal(7,2))
                       outputColumnNames: _col0, _col1, _col2, _col3
-                      Statistics: Num rows: 797 Data size: 321876 Basic stats: COMPLETE Column stats: COMPLETE
+                      Statistics: Num rows: 787 Data size: 317836 Basic stats: COMPLETE Column stats: COMPLETE
                       Reduce Output Operator
                         key expressions: _col0 (type: bigint)
                         null sort order: z
                         sort order: +
                         Map-reduce partition columns: _col0 (type: bigint)
-                        Statistics: Num rows: 797 Data size: 321876 Basic stats: COMPLETE Column stats: COMPLETE
+                        Statistics: Num rows: 787 Data size: 317836 Basic stats: COMPLETE Column stats: COMPLETE
                         value expressions: _col1 (type: string), _col2 (type: varchar(200)), _col3 (type: decimal(7,2))
                       Select Operator
                         expressions: _col0 (type: bigint)
                         outputColumnNames: _col0
-                        Statistics: Num rows: 797 Data size: 6376 Basic stats: COMPLETE Column stats: COMPLETE
+                        Statistics: Num rows: 787 Data size: 6296 Basic stats: COMPLETE Column stats: COMPLETE
                         Group By Operator
                           aggregations: min(_col0), max(_col0), bloom_filter(_col0, expectedEntries=1000000)
                           minReductionHashAggr: 0.99
@@ -120,7 +120,7 @@ STAGE PLANS:
                 TableScan
                   alias: store_sales
                   filterExpr: (ss_item_sk BETWEEN DynamicValue(RS_12_item_i_item_sk_min) AND DynamicValue(RS_12_item_i_item_sk_max) and in_bloom_filter(ss_item_sk, DynamicValue(RS_12_item_i_item_sk_bloom_filter))) (type: boolean)
-                  probeDecodeDetails: cacheKey:HASH_MAP_MAPJOIN_83_container, bigKeyColName:ss_item_sk, smallTablePos:0, keyRatio:0.0017251082505229268
+                  probeDecodeDetails: cacheKey:HASH_MAP_MAPJOIN_83_container, bigKeyColName:ss_item_sk, smallTablePos:0, keyRatio:0.001703463156475649
                   Statistics: Num rows: 86404891377 Data size: 691239131016 Basic stats: COMPLETE Column stats: COMPLETE
                   Filter Operator
                     predicate: (ss_item_sk BETWEEN DynamicValue(RS_12_item_i_item_sk_min) AND DynamicValue(RS_12_item_i_item_sk_max) and in_bloom_filter(ss_item_sk, DynamicValue(RS_12_item_i_item_sk_bloom_filter))) (type: boolean)
@@ -138,25 +138,25 @@ STAGE PLANS:
                         outputColumnNames: _col3, _col4, _col5
                         input vertices:
                           0 Map 1
-                        Statistics: Num rows: 149057791 Data size: 59026885124 Basic stats: COMPLETE Column stats: COMPLETE
+                        Statistics: Num rows: 147187549 Data size: 58286269292 Basic stats: COMPLETE Column stats: COMPLETE
                         Top N Key Operator
                           sort order: +++
                           keys: _col3 (type: string), _col4 (type: varchar(200)), _col5 (type: decimal(7,2))
                           null sort order: zzz
-                          Statistics: Num rows: 149057791 Data size: 59026885124 Basic stats: COMPLETE Column stats: COMPLETE
+                          Statistics: Num rows: 147187549 Data size: 58286269292 Basic stats: COMPLETE Column stats: COMPLETE
                           top n: 100
                           Group By Operator
                             keys: _col3 (type: string), _col4 (type: varchar(200)), _col5 (type: decimal(7,2))
                             minReductionHashAggr: 0.99
                             mode: hash
                             outputColumnNames: _col0, _col1, _col2
-                            Statistics: Num rows: 184107 Data size: 72906372 Basic stats: COMPLETE Column stats: COMPLETE
+                            Statistics: Num rows: 179436 Data size: 71056656 Basic stats: COMPLETE Column stats: COMPLETE
                             Reduce Output Operator
                               key expressions: _col0 (type: string), _col1 (type: varchar(200)), _col2 (type: decimal(7,2))
                               null sort order: zzz
                               sort order: +++
                               Map-reduce partition columns: _col0 (type: string), _col1 (type: varchar(200)), _col2 (type: decimal(7,2))
-                              Statistics: Num rows: 184107 Data size: 72906372 Basic stats: COMPLETE Column stats: COMPLETE
+                              Statistics: Num rows: 179436 Data size: 71056656 Basic stats: COMPLETE Column stats: COMPLETE
             Execution mode: vectorized, llap
             LLAP IO: may be used (ACID table)
         Reducer 3 
@@ -179,12 +179,12 @@ STAGE PLANS:
                 keys: KEY._col0 (type: string), KEY._col1 (type: varchar(200)), KEY._col2 (type: decimal(7,2))
                 mode: mergepartial
                 outputColumnNames: _col0, _col1, _col2
-                Statistics: Num rows: 797 Data size: 315612 Basic stats: COMPLETE Column stats: COMPLETE
+                Statistics: Num rows: 787 Data size: 311652 Basic stats: COMPLETE Column stats: COMPLETE
                 Reduce Output Operator
                   key expressions: _col0 (type: string)
                   null sort order: z
                   sort order: +
-                  Statistics: Num rows: 797 Data size: 315612 Basic stats: COMPLETE Column stats: COMPLETE
+                  Statistics: Num rows: 787 Data size: 311652 Basic stats: COMPLETE Column stats: COMPLETE
                   value expressions: _col1 (type: varchar(200)), _col2 (type: decimal(7,2))
         Reducer 7 
             Execution mode: vectorized, llap
@@ -192,7 +192,7 @@ STAGE PLANS:
               Select Operator
                 expressions: KEY.reducesinkkey0 (type: string), VALUE._col0 (type: varchar(200)), VALUE._col1 (type: decimal(7,2))
                 outputColumnNames: _col0, _col1, _col2
-                Statistics: Num rows: 797 Data size: 315612 Basic stats: COMPLETE Column stats: COMPLETE
+                Statistics: Num rows: 787 Data size: 311652 Basic stats: COMPLETE Column stats: COMPLETE
                 Limit
                   Number of rows: 100
                   Statistics: Num rows: 100 Data size: 39600 Basic stats: COMPLETE Column stats: COMPLETE
diff --git a/ql/src/test/results/clientpositive/tez/explainanalyze_5.q.out b/ql/src/test/results/clientpositive/tez/explainanalyze_5.q.out
index 58c08ebb11..fbefa29535 100644
--- a/ql/src/test/results/clientpositive/tez/explainanalyze_5.q.out
+++ b/ql/src/test/results/clientpositive/tez/explainanalyze_5.q.out
@@ -469,14 +469,14 @@ Stage-3
               Reducer 2
               File Output Operator [FS_7]
                 table:{"name:":"default.acid_dot_n0"}
-                Select Operator [SEL_6] (rows=1/8 width=3)
+                Select Operator [SEL_6] (rows=1459/8 width=3)
                   Output:["_col0"]
                 <-Map 1 [SIMPLE_EDGE]
                   SHUFFLE [RS_5]
                     PartitionCols:UDFToInteger(_col0)
-                    Select Operator [SEL_2] (rows=1/8 width=3)
+                    Select Operator [SEL_2] (rows=1459/8 width=3)
                       Output:["_col0"]
-                      Filter Operator [FIL_8] (rows=1/8 width=3)
+                      Filter Operator [FIL_8] (rows=1459/8 width=3)
                         predicate:(cint < -1070551679)
                         TableScan [TS_0] (rows=5819/12288 width=3)
                           default@acid_dot_n0,acid_dot_n0, ACID table,Tbl:COMPLETE,Col:NONE,Output:["cint"]
diff --git a/ql/src/test/results/clientpositive/tez/explainanalyze_6.q.out b/ql/src/test/results/clientpositive/tez/explainanalyze_6.q.out
new file mode 100644
index 0000000000..a47b024932
--- /dev/null
+++ b/ql/src/test/results/clientpositive/tez/explainanalyze_6.q.out
@@ -0,0 +1,246 @@
+PREHOOK: query: create table t1 (cint INT, cbigint BIGINT, cts timestamp) stored as orc TBLPROPERTIES ('transactional'='true')
+PREHOOK: type: CREATETABLE
+PREHOOK: Output: database:default
+PREHOOK: Output: default@t1
+POSTHOOK: query: create table t1 (cint INT, cbigint BIGINT, cts timestamp) stored as orc TBLPROPERTIES ('transactional'='true')
+POSTHOOK: type: CREATETABLE
+POSTHOOK: Output: database:default
+POSTHOOK: Output: default@t1
+PREHOOK: query: insert into table t1 values
+    (1, 1, null),
+    (2, 2, null),
+    (3, 3, null),
+    (4, 4, null),
+    (5, 5, null),
+    (-1070551680, 1704034800000, '2025-06-25 10:00:00.000'),
+    (-1070551680, 1704034800000, '2025-06-25 20:00:00.000'),
+    (-1070551680, 1704034800000, '2025-06-25 10:30:00.000'),
+    (-1070551680, 1704034800000, '2025-06-25 16:30:00.000')
+PREHOOK: type: QUERY
+PREHOOK: Input: _dummy_database@_dummy_table
+PREHOOK: Output: default@t1
+POSTHOOK: query: insert into table t1 values
+    (1, 1, null),
+    (2, 2, null),
+    (3, 3, null),
+    (4, 4, null),
+    (5, 5, null),
+    (-1070551680, 1704034800000, '2025-06-25 10:00:00.000'),
+    (-1070551680, 1704034800000, '2025-06-25 20:00:00.000'),
+    (-1070551680, 1704034800000, '2025-06-25 10:30:00.000'),
+    (-1070551680, 1704034800000, '2025-06-25 16:30:00.000')
+POSTHOOK: type: QUERY
+POSTHOOK: Input: _dummy_database@_dummy_table
+POSTHOOK: Output: default@t1
+POSTHOOK: Lineage: t1.cbigint SCRIPT []
+POSTHOOK: Lineage: t1.cint SCRIPT []
+POSTHOOK: Lineage: t1.cts SCRIPT []
+PREHOOK: query: select * from t1 where cint < -1070551679
+PREHOOK: type: QUERY
+PREHOOK: Input: default@t1
+PREHOOK: Output: hdfs://### HDFS PATH ###
+POSTHOOK: query: select * from t1 where cint < -1070551679
+POSTHOOK: type: QUERY
+POSTHOOK: Input: default@t1
+POSTHOOK: Output: hdfs://### HDFS PATH ###
+PREHOOK: query: explain analyze
+select * from t1 where cint < -1070551679
+PREHOOK: type: QUERY
+PREHOOK: Input: default@t1
+PREHOOK: Output: hdfs://### HDFS PATH ###
+POSTHOOK: query: explain analyze
+select * from t1 where cint < -1070551679
+POSTHOOK: type: QUERY
+POSTHOOK: Input: default@t1
+POSTHOOK: Output: hdfs://### HDFS PATH ###
+Plan optimized by CBO.
+
+Stage-0
+  Fetch Operator
+    limit:-1
+    Stage-1
+      Map 1 vectorized
+      File Output Operator [FS_7]
+        Select Operator [SEL_6] (rows=2/4 width=52)
+          Output:["_col0","_col1","_col2"]
+          Filter Operator [FIL_5] (rows=2/4 width=52)
+            predicate:(cint < -1070551679)
+            TableScan [TS_0] (rows=9/9 width=52)
+              default@t1,t1, ACID table,Tbl:COMPLETE,Col:NONE,Output:["cint","cbigint","cts"]
+
+PREHOOK: query: select * from t1 where cbigint >= 1704034800000
+PREHOOK: type: QUERY
+PREHOOK: Input: default@t1
+PREHOOK: Output: hdfs://### HDFS PATH ###
+POSTHOOK: query: select * from t1 where cbigint >= 1704034800000
+POSTHOOK: type: QUERY
+POSTHOOK: Input: default@t1
+POSTHOOK: Output: hdfs://### HDFS PATH ###
+PREHOOK: query: explain analyze
+select * from t1 where cbigint >= 1704034800000
+PREHOOK: type: QUERY
+PREHOOK: Input: default@t1
+PREHOOK: Output: hdfs://### HDFS PATH ###
+POSTHOOK: query: explain analyze
+select * from t1 where cbigint >= 1704034800000
+POSTHOOK: type: QUERY
+POSTHOOK: Input: default@t1
+POSTHOOK: Output: hdfs://### HDFS PATH ###
+Plan optimized by CBO.
+
+Stage-0
+  Fetch Operator
+    limit:-1
+    Stage-1
+      Map 1 vectorized
+      File Output Operator [FS_7]
+        Select Operator [SEL_6] (rows=4/4 width=52)
+          Output:["_col0","_col1","_col2"]
+          Filter Operator [FIL_5] (rows=4/4 width=52)
+            predicate:(cbigint >= 1704034800000L)
+            TableScan [TS_0] (rows=9/9 width=52)
+              default@t1,t1, ACID table,Tbl:COMPLETE,Col:NONE,Output:["cint","cbigint","cts"]
+
+PREHOOK: query: select * from t1 where cts > '2025-06-25 10:00:00.000'
+PREHOOK: type: QUERY
+PREHOOK: Input: default@t1
+PREHOOK: Output: hdfs://### HDFS PATH ###
+POSTHOOK: query: select * from t1 where cts > '2025-06-25 10:00:00.000'
+POSTHOOK: type: QUERY
+POSTHOOK: Input: default@t1
+POSTHOOK: Output: hdfs://### HDFS PATH ###
+PREHOOK: query: explain analyze
+select * from t1 where cts > '2025-06-25 10:00:00.000'
+PREHOOK: type: QUERY
+PREHOOK: Input: default@t1
+PREHOOK: Output: hdfs://### HDFS PATH ###
+POSTHOOK: query: explain analyze
+select * from t1 where cts > '2025-06-25 10:00:00.000'
+POSTHOOK: type: QUERY
+POSTHOOK: Input: default@t1
+POSTHOOK: Output: hdfs://### HDFS PATH ###
+Plan optimized by CBO.
+
+Stage-0
+  Fetch Operator
+    limit:-1
+    Stage-1
+      Map 1 vectorized
+      File Output Operator [FS_7]
+        Select Operator [SEL_6] (rows=2/3 width=52)
+          Output:["_col0","_col1","_col2"]
+          Filter Operator [FIL_5] (rows=2/3 width=52)
+            predicate:(cts > TIMESTAMP'2025-06-25 10:00:00')
+            TableScan [TS_0] (rows=9/9 width=52)
+              default@t1,t1, ACID table,Tbl:COMPLETE,Col:NONE,Output:["cint","cbigint","cts"]
+
+PREHOOK: query: analyze table t1 compute statistics for columns
+PREHOOK: type: ANALYZE_TABLE
+PREHOOK: Input: default@t1
+PREHOOK: Output: default@t1
+PREHOOK: Output: hdfs://### HDFS PATH ###
+POSTHOOK: query: analyze table t1 compute statistics for columns
+POSTHOOK: type: ANALYZE_TABLE
+POSTHOOK: Input: default@t1
+POSTHOOK: Output: default@t1
+POSTHOOK: Output: hdfs://### HDFS PATH ###
+PREHOOK: query: explain
+select * from t1 where cint < -1070551679
+PREHOOK: type: QUERY
+PREHOOK: Input: default@t1
+PREHOOK: Output: hdfs://### HDFS PATH ###
+POSTHOOK: query: explain
+select * from t1 where cint < -1070551679
+POSTHOOK: type: QUERY
+POSTHOOK: Input: default@t1
+POSTHOOK: Output: hdfs://### HDFS PATH ###
+Plan optimized by CBO.
+
+Stage-0
+  Fetch Operator
+    limit:-1
+    Stage-1
+      Map 1 vectorized
+      File Output Operator [FS_7]
+        Select Operator [SEL_6] (rows=1 width=52)
+          Output:["_col0","_col1","_col2"]
+          Filter Operator [FIL_5] (rows=1 width=52)
+            predicate:(cint < -1070551679)
+            TableScan [TS_0] (rows=9 width=34)
+              default@t1,t1, ACID table,Tbl:COMPLETE,Col:COMPLETE,Output:["cint","cbigint","cts"]
+
+PREHOOK: query: explain
+select * from t1 where cbigint >= 1704034800000
+PREHOOK: type: QUERY
+PREHOOK: Input: default@t1
+PREHOOK: Output: hdfs://### HDFS PATH ###
+POSTHOOK: query: explain
+select * from t1 where cbigint >= 1704034800000
+POSTHOOK: type: QUERY
+POSTHOOK: Input: default@t1
+POSTHOOK: Output: hdfs://### HDFS PATH ###
+Plan optimized by CBO.
+
+Stage-0
+  Fetch Operator
+    limit:-1
+    Stage-1
+      Map 1 vectorized
+      File Output Operator [FS_7]
+        Select Operator [SEL_6] (rows=1 width=52)
+          Output:["_col0","_col1","_col2"]
+          Filter Operator [FIL_5] (rows=1 width=52)
+            predicate:(cbigint >= 1704034800000L)
+            TableScan [TS_0] (rows=9 width=34)
+              default@t1,t1, ACID table,Tbl:COMPLETE,Col:COMPLETE,Output:["cint","cbigint","cts"]
+
+PREHOOK: query: explain
+select * from t1 where cbigint >= 10
+PREHOOK: type: QUERY
+PREHOOK: Input: default@t1
+PREHOOK: Output: hdfs://### HDFS PATH ###
+POSTHOOK: query: explain
+select * from t1 where cbigint >= 10
+POSTHOOK: type: QUERY
+POSTHOOK: Input: default@t1
+POSTHOOK: Output: hdfs://### HDFS PATH ###
+Plan optimized by CBO.
+
+Stage-0
+  Fetch Operator
+    limit:-1
+    Stage-1
+      Map 1 vectorized
+      File Output Operator [FS_7]
+        Select Operator [SEL_6] (rows=9 width=34)
+          Output:["_col0","_col1","_col2"]
+          Filter Operator [FIL_5] (rows=9 width=34)
+            predicate:(cbigint >= 10L)
+            TableScan [TS_0] (rows=9 width=34)
+              default@t1,t1, ACID table,Tbl:COMPLETE,Col:COMPLETE,Output:["cint","cbigint","cts"]
+
+PREHOOK: query: explain
+select * from t1 where cts > '2025-06-25 10:00:00.000'
+PREHOOK: type: QUERY
+PREHOOK: Input: default@t1
+PREHOOK: Output: hdfs://### HDFS PATH ###
+POSTHOOK: query: explain
+select * from t1 where cts > '2025-06-25 10:00:00.000'
+POSTHOOK: type: QUERY
+POSTHOOK: Input: default@t1
+POSTHOOK: Output: hdfs://### HDFS PATH ###
+Plan optimized by CBO.
+
+Stage-0
+  Fetch Operator
+    limit:-1
+    Stage-1
+      Map 1 vectorized
+      File Output Operator [FS_7]
+        Select Operator [SEL_6] (rows=9 width=34)
+          Output:["_col0","_col1","_col2"]
+          Filter Operator [FIL_5] (rows=9 width=34)
+            predicate:(cts > TIMESTAMP'2025-06-25 10:00:00')
+            TableScan [TS_0] (rows=9 width=34)
+              default@t1,t1, ACID table,Tbl:COMPLETE,Col:COMPLETE,Output:["cint","cbigint","cts"]
+
